[2025-07-31T09:13:30.205+0000] {local_task_job_runner.py:120} INFO - ::group::Pre task execution logs
[2025-07-31T09:13:30.253+0000] {taskinstance.py:2073} INFO - Dependencies all met for dep_context=non-requeueable deps ti=<TaskInstance: drift_monitoring.check_drift_and_report scheduled__2025-07-31T08:00:00+00:00 [queued]>
[2025-07-31T09:13:30.266+0000] {taskinstance.py:2073} INFO - Dependencies all met for dep_context=requeueable deps ti=<TaskInstance: drift_monitoring.check_drift_and_report scheduled__2025-07-31T08:00:00+00:00 [queued]>
[2025-07-31T09:13:30.267+0000] {taskinstance.py:2303} INFO - Starting attempt 1 of 1
[2025-07-31T09:13:30.283+0000] {taskinstance.py:2327} INFO - Executing <Task(PythonOperator): check_drift_and_report> on 2025-07-31 08:00:00+00:00
[2025-07-31T09:13:30.303+0000] {standard_task_runner.py:90} INFO - Running: ['***', 'tasks', 'run', 'drift_monitoring', 'check_drift_and_report', 'scheduled__2025-07-31T08:00:00+00:00', '--job-id', '139', '--raw', '--subdir', 'DAGS_FOLDER/drift_monitoring.py', '--cfg-path', '/tmp/tmpmwrnm27_']
[2025-07-31T09:13:30.306+0000] {standard_task_runner.py:91} INFO - Job 139: Subtask check_drift_and_report
[2025-07-31T09:13:30.309+0000] {logging_mixin.py:188} WARNING - /home/***/.local/lib/python3.12/site-packages/***/task/task_runner/standard_task_runner.py:61 DeprecationWarning: This process (pid=4828) is multi-threaded, use of fork() may lead to deadlocks in the child.
[2025-07-31T09:13:30.310+0000] {standard_task_runner.py:63} INFO - Started process 4921 to run task
[2025-07-31T09:13:30.330+0000] {logging_mixin.py:188} WARNING - /home/***/.local/lib/python3.12/site-packages/***/settings.py:195 DeprecationWarning: The sql_alchemy_conn option in [core] has been moved to the sql_alchemy_conn option in [database] - the old setting has been used, but please update your config.
[2025-07-31T09:13:30.397+0000] {task_command.py:426} INFO - Running <TaskInstance: drift_monitoring.check_drift_and_report scheduled__2025-07-31T08:00:00+00:00 [running]> on host 44c57df83f33
[2025-07-31T09:13:30.588+0000] {taskinstance.py:2644} INFO - Exporting env vars: AIRFLOW_CTX_DAG_OWNER='mlops' AIRFLOW_CTX_DAG_ID='drift_monitoring' AIRFLOW_CTX_TASK_ID='check_drift_and_report' AIRFLOW_CTX_EXECUTION_DATE='2025-07-31T08:00:00+00:00' AIRFLOW_CTX_TRY_NUMBER='1' AIRFLOW_CTX_DAG_RUN_ID='scheduled__2025-07-31T08:00:00+00:00'
[2025-07-31T09:13:30.592+0000] {taskinstance.py:430} INFO - ::endgroup::
[2025-07-31T09:13:30.636+0000] {drift_monitoring.py:239} INFO - Checking drift from 2025-07-24 08:13:30.636572+00:00 to 2025-07-31 08:13:30.636572+00:00
[2025-07-31T09:13:30.637+0000] {drift_monitoring.py:253} INFO - 📥 Downloading predictions/date=2025-07-24/hour=08/prediction.parquet and targets/date=2025-07-24/hour=08/target.parquet
[2025-07-31T09:13:30.753+0000] {drift_monitoring.py:291} WARNING - ⚠️ Missing file: predictions/date=2025-07-24/hour=08/prediction.parquet or targets/date=2025-07-24/hour=08/target.parquet → skipping
[2025-07-31T09:13:30.754+0000] {drift_monitoring.py:253} INFO - 📥 Downloading predictions/date=2025-07-24/hour=09/prediction.parquet and targets/date=2025-07-24/hour=09/target.parquet
[2025-07-31T09:13:30.766+0000] {drift_monitoring.py:291} WARNING - ⚠️ Missing file: predictions/date=2025-07-24/hour=09/prediction.parquet or targets/date=2025-07-24/hour=09/target.parquet → skipping
[2025-07-31T09:13:30.767+0000] {drift_monitoring.py:253} INFO - 📥 Downloading predictions/date=2025-07-24/hour=10/prediction.parquet and targets/date=2025-07-24/hour=10/target.parquet
[2025-07-31T09:13:30.780+0000] {drift_monitoring.py:291} WARNING - ⚠️ Missing file: predictions/date=2025-07-24/hour=10/prediction.parquet or targets/date=2025-07-24/hour=10/target.parquet → skipping
[2025-07-31T09:13:30.781+0000] {drift_monitoring.py:253} INFO - 📥 Downloading predictions/date=2025-07-24/hour=11/prediction.parquet and targets/date=2025-07-24/hour=11/target.parquet
[2025-07-31T09:13:30.797+0000] {drift_monitoring.py:291} WARNING - ⚠️ Missing file: predictions/date=2025-07-24/hour=11/prediction.parquet or targets/date=2025-07-24/hour=11/target.parquet → skipping
[2025-07-31T09:13:30.797+0000] {drift_monitoring.py:253} INFO - 📥 Downloading predictions/date=2025-07-24/hour=12/prediction.parquet and targets/date=2025-07-24/hour=12/target.parquet
[2025-07-31T09:13:30.806+0000] {drift_monitoring.py:291} WARNING - ⚠️ Missing file: predictions/date=2025-07-24/hour=12/prediction.parquet or targets/date=2025-07-24/hour=12/target.parquet → skipping
[2025-07-31T09:13:30.807+0000] {drift_monitoring.py:253} INFO - 📥 Downloading predictions/date=2025-07-24/hour=13/prediction.parquet and targets/date=2025-07-24/hour=13/target.parquet
[2025-07-31T09:13:30.817+0000] {drift_monitoring.py:291} WARNING - ⚠️ Missing file: predictions/date=2025-07-24/hour=13/prediction.parquet or targets/date=2025-07-24/hour=13/target.parquet → skipping
[2025-07-31T09:13:30.817+0000] {drift_monitoring.py:253} INFO - 📥 Downloading predictions/date=2025-07-24/hour=14/prediction.parquet and targets/date=2025-07-24/hour=14/target.parquet
[2025-07-31T09:13:30.826+0000] {drift_monitoring.py:291} WARNING - ⚠️ Missing file: predictions/date=2025-07-24/hour=14/prediction.parquet or targets/date=2025-07-24/hour=14/target.parquet → skipping
[2025-07-31T09:13:30.826+0000] {drift_monitoring.py:253} INFO - 📥 Downloading predictions/date=2025-07-24/hour=15/prediction.parquet and targets/date=2025-07-24/hour=15/target.parquet
[2025-07-31T09:13:30.835+0000] {drift_monitoring.py:291} WARNING - ⚠️ Missing file: predictions/date=2025-07-24/hour=15/prediction.parquet or targets/date=2025-07-24/hour=15/target.parquet → skipping
[2025-07-31T09:13:30.835+0000] {drift_monitoring.py:253} INFO - 📥 Downloading predictions/date=2025-07-24/hour=16/prediction.parquet and targets/date=2025-07-24/hour=16/target.parquet
[2025-07-31T09:13:30.844+0000] {drift_monitoring.py:291} WARNING - ⚠️ Missing file: predictions/date=2025-07-24/hour=16/prediction.parquet or targets/date=2025-07-24/hour=16/target.parquet → skipping
[2025-07-31T09:13:30.845+0000] {drift_monitoring.py:253} INFO - 📥 Downloading predictions/date=2025-07-24/hour=17/prediction.parquet and targets/date=2025-07-24/hour=17/target.parquet
[2025-07-31T09:13:30.855+0000] {drift_monitoring.py:291} WARNING - ⚠️ Missing file: predictions/date=2025-07-24/hour=17/prediction.parquet or targets/date=2025-07-24/hour=17/target.parquet → skipping
[2025-07-31T09:13:30.856+0000] {drift_monitoring.py:253} INFO - 📥 Downloading predictions/date=2025-07-24/hour=18/prediction.parquet and targets/date=2025-07-24/hour=18/target.parquet
[2025-07-31T09:13:30.866+0000] {drift_monitoring.py:291} WARNING - ⚠️ Missing file: predictions/date=2025-07-24/hour=18/prediction.parquet or targets/date=2025-07-24/hour=18/target.parquet → skipping
[2025-07-31T09:13:30.866+0000] {drift_monitoring.py:253} INFO - 📥 Downloading predictions/date=2025-07-24/hour=19/prediction.parquet and targets/date=2025-07-24/hour=19/target.parquet
[2025-07-31T09:13:30.875+0000] {drift_monitoring.py:291} WARNING - ⚠️ Missing file: predictions/date=2025-07-24/hour=19/prediction.parquet or targets/date=2025-07-24/hour=19/target.parquet → skipping
[2025-07-31T09:13:30.876+0000] {drift_monitoring.py:253} INFO - 📥 Downloading predictions/date=2025-07-24/hour=20/prediction.parquet and targets/date=2025-07-24/hour=20/target.parquet
[2025-07-31T09:13:30.884+0000] {drift_monitoring.py:291} WARNING - ⚠️ Missing file: predictions/date=2025-07-24/hour=20/prediction.parquet or targets/date=2025-07-24/hour=20/target.parquet → skipping
[2025-07-31T09:13:30.884+0000] {drift_monitoring.py:253} INFO - 📥 Downloading predictions/date=2025-07-24/hour=21/prediction.parquet and targets/date=2025-07-24/hour=21/target.parquet
[2025-07-31T09:13:30.899+0000] {drift_monitoring.py:291} WARNING - ⚠️ Missing file: predictions/date=2025-07-24/hour=21/prediction.parquet or targets/date=2025-07-24/hour=21/target.parquet → skipping
[2025-07-31T09:13:30.900+0000] {drift_monitoring.py:253} INFO - 📥 Downloading predictions/date=2025-07-24/hour=22/prediction.parquet and targets/date=2025-07-24/hour=22/target.parquet
[2025-07-31T09:13:30.908+0000] {drift_monitoring.py:291} WARNING - ⚠️ Missing file: predictions/date=2025-07-24/hour=22/prediction.parquet or targets/date=2025-07-24/hour=22/target.parquet → skipping
[2025-07-31T09:13:30.908+0000] {drift_monitoring.py:253} INFO - 📥 Downloading predictions/date=2025-07-24/hour=23/prediction.parquet and targets/date=2025-07-24/hour=23/target.parquet
[2025-07-31T09:13:30.917+0000] {drift_monitoring.py:291} WARNING - ⚠️ Missing file: predictions/date=2025-07-24/hour=23/prediction.parquet or targets/date=2025-07-24/hour=23/target.parquet → skipping
[2025-07-31T09:13:30.918+0000] {drift_monitoring.py:253} INFO - 📥 Downloading predictions/date=2025-07-25/hour=00/prediction.parquet and targets/date=2025-07-25/hour=00/target.parquet
[2025-07-31T09:13:30.926+0000] {drift_monitoring.py:291} WARNING - ⚠️ Missing file: predictions/date=2025-07-25/hour=00/prediction.parquet or targets/date=2025-07-25/hour=00/target.parquet → skipping
[2025-07-31T09:13:30.928+0000] {drift_monitoring.py:253} INFO - 📥 Downloading predictions/date=2025-07-25/hour=01/prediction.parquet and targets/date=2025-07-25/hour=01/target.parquet
[2025-07-31T09:13:30.937+0000] {drift_monitoring.py:291} WARNING - ⚠️ Missing file: predictions/date=2025-07-25/hour=01/prediction.parquet or targets/date=2025-07-25/hour=01/target.parquet → skipping
[2025-07-31T09:13:30.939+0000] {drift_monitoring.py:253} INFO - 📥 Downloading predictions/date=2025-07-25/hour=02/prediction.parquet and targets/date=2025-07-25/hour=02/target.parquet
[2025-07-31T09:13:30.949+0000] {drift_monitoring.py:291} WARNING - ⚠️ Missing file: predictions/date=2025-07-25/hour=02/prediction.parquet or targets/date=2025-07-25/hour=02/target.parquet → skipping
[2025-07-31T09:13:30.950+0000] {drift_monitoring.py:253} INFO - 📥 Downloading predictions/date=2025-07-25/hour=03/prediction.parquet and targets/date=2025-07-25/hour=03/target.parquet
[2025-07-31T09:13:30.961+0000] {drift_monitoring.py:291} WARNING - ⚠️ Missing file: predictions/date=2025-07-25/hour=03/prediction.parquet or targets/date=2025-07-25/hour=03/target.parquet → skipping
[2025-07-31T09:13:30.964+0000] {drift_monitoring.py:253} INFO - 📥 Downloading predictions/date=2025-07-25/hour=04/prediction.parquet and targets/date=2025-07-25/hour=04/target.parquet
[2025-07-31T09:13:30.976+0000] {drift_monitoring.py:291} WARNING - ⚠️ Missing file: predictions/date=2025-07-25/hour=04/prediction.parquet or targets/date=2025-07-25/hour=04/target.parquet → skipping
[2025-07-31T09:13:30.977+0000] {drift_monitoring.py:253} INFO - 📥 Downloading predictions/date=2025-07-25/hour=05/prediction.parquet and targets/date=2025-07-25/hour=05/target.parquet
[2025-07-31T09:13:30.986+0000] {drift_monitoring.py:291} WARNING - ⚠️ Missing file: predictions/date=2025-07-25/hour=05/prediction.parquet or targets/date=2025-07-25/hour=05/target.parquet → skipping
[2025-07-31T09:13:30.987+0000] {drift_monitoring.py:253} INFO - 📥 Downloading predictions/date=2025-07-25/hour=06/prediction.parquet and targets/date=2025-07-25/hour=06/target.parquet
[2025-07-31T09:13:30.998+0000] {drift_monitoring.py:291} WARNING - ⚠️ Missing file: predictions/date=2025-07-25/hour=06/prediction.parquet or targets/date=2025-07-25/hour=06/target.parquet → skipping
[2025-07-31T09:13:30.999+0000] {drift_monitoring.py:253} INFO - 📥 Downloading predictions/date=2025-07-25/hour=07/prediction.parquet and targets/date=2025-07-25/hour=07/target.parquet
[2025-07-31T09:13:31.011+0000] {drift_monitoring.py:291} WARNING - ⚠️ Missing file: predictions/date=2025-07-25/hour=07/prediction.parquet or targets/date=2025-07-25/hour=07/target.parquet → skipping
[2025-07-31T09:13:31.012+0000] {drift_monitoring.py:253} INFO - 📥 Downloading predictions/date=2025-07-25/hour=08/prediction.parquet and targets/date=2025-07-25/hour=08/target.parquet
[2025-07-31T09:13:31.023+0000] {drift_monitoring.py:291} WARNING - ⚠️ Missing file: predictions/date=2025-07-25/hour=08/prediction.parquet or targets/date=2025-07-25/hour=08/target.parquet → skipping
[2025-07-31T09:13:31.024+0000] {drift_monitoring.py:253} INFO - 📥 Downloading predictions/date=2025-07-25/hour=09/prediction.parquet and targets/date=2025-07-25/hour=09/target.parquet
[2025-07-31T09:13:31.033+0000] {drift_monitoring.py:291} WARNING - ⚠️ Missing file: predictions/date=2025-07-25/hour=09/prediction.parquet or targets/date=2025-07-25/hour=09/target.parquet → skipping
[2025-07-31T09:13:31.033+0000] {drift_monitoring.py:253} INFO - 📥 Downloading predictions/date=2025-07-25/hour=10/prediction.parquet and targets/date=2025-07-25/hour=10/target.parquet
[2025-07-31T09:13:31.043+0000] {drift_monitoring.py:291} WARNING - ⚠️ Missing file: predictions/date=2025-07-25/hour=10/prediction.parquet or targets/date=2025-07-25/hour=10/target.parquet → skipping
[2025-07-31T09:13:31.044+0000] {drift_monitoring.py:253} INFO - 📥 Downloading predictions/date=2025-07-25/hour=11/prediction.parquet and targets/date=2025-07-25/hour=11/target.parquet
[2025-07-31T09:13:31.053+0000] {drift_monitoring.py:291} WARNING - ⚠️ Missing file: predictions/date=2025-07-25/hour=11/prediction.parquet or targets/date=2025-07-25/hour=11/target.parquet → skipping
[2025-07-31T09:13:31.053+0000] {drift_monitoring.py:253} INFO - 📥 Downloading predictions/date=2025-07-25/hour=12/prediction.parquet and targets/date=2025-07-25/hour=12/target.parquet
[2025-07-31T09:13:31.063+0000] {drift_monitoring.py:291} WARNING - ⚠️ Missing file: predictions/date=2025-07-25/hour=12/prediction.parquet or targets/date=2025-07-25/hour=12/target.parquet → skipping
[2025-07-31T09:13:31.064+0000] {drift_monitoring.py:253} INFO - 📥 Downloading predictions/date=2025-07-25/hour=13/prediction.parquet and targets/date=2025-07-25/hour=13/target.parquet
[2025-07-31T09:13:31.074+0000] {drift_monitoring.py:291} WARNING - ⚠️ Missing file: predictions/date=2025-07-25/hour=13/prediction.parquet or targets/date=2025-07-25/hour=13/target.parquet → skipping
[2025-07-31T09:13:31.075+0000] {drift_monitoring.py:253} INFO - 📥 Downloading predictions/date=2025-07-25/hour=14/prediction.parquet and targets/date=2025-07-25/hour=14/target.parquet
[2025-07-31T09:13:31.083+0000] {drift_monitoring.py:291} WARNING - ⚠️ Missing file: predictions/date=2025-07-25/hour=14/prediction.parquet or targets/date=2025-07-25/hour=14/target.parquet → skipping
[2025-07-31T09:13:31.084+0000] {drift_monitoring.py:253} INFO - 📥 Downloading predictions/date=2025-07-25/hour=15/prediction.parquet and targets/date=2025-07-25/hour=15/target.parquet
[2025-07-31T09:13:31.094+0000] {drift_monitoring.py:291} WARNING - ⚠️ Missing file: predictions/date=2025-07-25/hour=15/prediction.parquet or targets/date=2025-07-25/hour=15/target.parquet → skipping
[2025-07-31T09:13:31.095+0000] {drift_monitoring.py:253} INFO - 📥 Downloading predictions/date=2025-07-25/hour=16/prediction.parquet and targets/date=2025-07-25/hour=16/target.parquet
[2025-07-31T09:13:31.104+0000] {drift_monitoring.py:291} WARNING - ⚠️ Missing file: predictions/date=2025-07-25/hour=16/prediction.parquet or targets/date=2025-07-25/hour=16/target.parquet → skipping
[2025-07-31T09:13:31.105+0000] {drift_monitoring.py:253} INFO - 📥 Downloading predictions/date=2025-07-25/hour=17/prediction.parquet and targets/date=2025-07-25/hour=17/target.parquet
[2025-07-31T09:13:31.114+0000] {drift_monitoring.py:291} WARNING - ⚠️ Missing file: predictions/date=2025-07-25/hour=17/prediction.parquet or targets/date=2025-07-25/hour=17/target.parquet → skipping
[2025-07-31T09:13:31.115+0000] {drift_monitoring.py:253} INFO - 📥 Downloading predictions/date=2025-07-25/hour=18/prediction.parquet and targets/date=2025-07-25/hour=18/target.parquet
[2025-07-31T09:13:31.124+0000] {drift_monitoring.py:291} WARNING - ⚠️ Missing file: predictions/date=2025-07-25/hour=18/prediction.parquet or targets/date=2025-07-25/hour=18/target.parquet → skipping
[2025-07-31T09:13:31.125+0000] {drift_monitoring.py:253} INFO - 📥 Downloading predictions/date=2025-07-25/hour=19/prediction.parquet and targets/date=2025-07-25/hour=19/target.parquet
[2025-07-31T09:13:31.135+0000] {drift_monitoring.py:291} WARNING - ⚠️ Missing file: predictions/date=2025-07-25/hour=19/prediction.parquet or targets/date=2025-07-25/hour=19/target.parquet → skipping
[2025-07-31T09:13:31.136+0000] {drift_monitoring.py:253} INFO - 📥 Downloading predictions/date=2025-07-25/hour=20/prediction.parquet and targets/date=2025-07-25/hour=20/target.parquet
[2025-07-31T09:13:31.145+0000] {drift_monitoring.py:291} WARNING - ⚠️ Missing file: predictions/date=2025-07-25/hour=20/prediction.parquet or targets/date=2025-07-25/hour=20/target.parquet → skipping
[2025-07-31T09:13:31.146+0000] {drift_monitoring.py:253} INFO - 📥 Downloading predictions/date=2025-07-25/hour=21/prediction.parquet and targets/date=2025-07-25/hour=21/target.parquet
[2025-07-31T09:13:31.155+0000] {drift_monitoring.py:291} WARNING - ⚠️ Missing file: predictions/date=2025-07-25/hour=21/prediction.parquet or targets/date=2025-07-25/hour=21/target.parquet → skipping
[2025-07-31T09:13:31.156+0000] {drift_monitoring.py:253} INFO - 📥 Downloading predictions/date=2025-07-25/hour=22/prediction.parquet and targets/date=2025-07-25/hour=22/target.parquet
[2025-07-31T09:13:31.164+0000] {drift_monitoring.py:291} WARNING - ⚠️ Missing file: predictions/date=2025-07-25/hour=22/prediction.parquet or targets/date=2025-07-25/hour=22/target.parquet → skipping
[2025-07-31T09:13:31.164+0000] {drift_monitoring.py:253} INFO - 📥 Downloading predictions/date=2025-07-25/hour=23/prediction.parquet and targets/date=2025-07-25/hour=23/target.parquet
[2025-07-31T09:13:31.174+0000] {drift_monitoring.py:291} WARNING - ⚠️ Missing file: predictions/date=2025-07-25/hour=23/prediction.parquet or targets/date=2025-07-25/hour=23/target.parquet → skipping
[2025-07-31T09:13:31.175+0000] {drift_monitoring.py:253} INFO - 📥 Downloading predictions/date=2025-07-26/hour=00/prediction.parquet and targets/date=2025-07-26/hour=00/target.parquet
[2025-07-31T09:13:31.183+0000] {drift_monitoring.py:291} WARNING - ⚠️ Missing file: predictions/date=2025-07-26/hour=00/prediction.parquet or targets/date=2025-07-26/hour=00/target.parquet → skipping
[2025-07-31T09:13:31.184+0000] {drift_monitoring.py:253} INFO - 📥 Downloading predictions/date=2025-07-26/hour=01/prediction.parquet and targets/date=2025-07-26/hour=01/target.parquet
[2025-07-31T09:13:31.193+0000] {drift_monitoring.py:291} WARNING - ⚠️ Missing file: predictions/date=2025-07-26/hour=01/prediction.parquet or targets/date=2025-07-26/hour=01/target.parquet → skipping
[2025-07-31T09:13:31.194+0000] {drift_monitoring.py:253} INFO - 📥 Downloading predictions/date=2025-07-26/hour=02/prediction.parquet and targets/date=2025-07-26/hour=02/target.parquet
[2025-07-31T09:13:31.203+0000] {drift_monitoring.py:291} WARNING - ⚠️ Missing file: predictions/date=2025-07-26/hour=02/prediction.parquet or targets/date=2025-07-26/hour=02/target.parquet → skipping
[2025-07-31T09:13:31.204+0000] {drift_monitoring.py:253} INFO - 📥 Downloading predictions/date=2025-07-26/hour=03/prediction.parquet and targets/date=2025-07-26/hour=03/target.parquet
[2025-07-31T09:13:31.212+0000] {drift_monitoring.py:291} WARNING - ⚠️ Missing file: predictions/date=2025-07-26/hour=03/prediction.parquet or targets/date=2025-07-26/hour=03/target.parquet → skipping
[2025-07-31T09:13:31.213+0000] {drift_monitoring.py:253} INFO - 📥 Downloading predictions/date=2025-07-26/hour=04/prediction.parquet and targets/date=2025-07-26/hour=04/target.parquet
[2025-07-31T09:13:31.222+0000] {drift_monitoring.py:291} WARNING - ⚠️ Missing file: predictions/date=2025-07-26/hour=04/prediction.parquet or targets/date=2025-07-26/hour=04/target.parquet → skipping
[2025-07-31T09:13:31.223+0000] {drift_monitoring.py:253} INFO - 📥 Downloading predictions/date=2025-07-26/hour=05/prediction.parquet and targets/date=2025-07-26/hour=05/target.parquet
[2025-07-31T09:13:31.232+0000] {drift_monitoring.py:291} WARNING - ⚠️ Missing file: predictions/date=2025-07-26/hour=05/prediction.parquet or targets/date=2025-07-26/hour=05/target.parquet → skipping
[2025-07-31T09:13:31.233+0000] {drift_monitoring.py:253} INFO - 📥 Downloading predictions/date=2025-07-26/hour=06/prediction.parquet and targets/date=2025-07-26/hour=06/target.parquet
[2025-07-31T09:13:31.242+0000] {drift_monitoring.py:291} WARNING - ⚠️ Missing file: predictions/date=2025-07-26/hour=06/prediction.parquet or targets/date=2025-07-26/hour=06/target.parquet → skipping
[2025-07-31T09:13:31.243+0000] {drift_monitoring.py:253} INFO - 📥 Downloading predictions/date=2025-07-26/hour=07/prediction.parquet and targets/date=2025-07-26/hour=07/target.parquet
[2025-07-31T09:13:31.250+0000] {drift_monitoring.py:291} WARNING - ⚠️ Missing file: predictions/date=2025-07-26/hour=07/prediction.parquet or targets/date=2025-07-26/hour=07/target.parquet → skipping
[2025-07-31T09:13:31.251+0000] {drift_monitoring.py:253} INFO - 📥 Downloading predictions/date=2025-07-26/hour=08/prediction.parquet and targets/date=2025-07-26/hour=08/target.parquet
[2025-07-31T09:13:31.259+0000] {drift_monitoring.py:291} WARNING - ⚠️ Missing file: predictions/date=2025-07-26/hour=08/prediction.parquet or targets/date=2025-07-26/hour=08/target.parquet → skipping
[2025-07-31T09:13:31.260+0000] {drift_monitoring.py:253} INFO - 📥 Downloading predictions/date=2025-07-26/hour=09/prediction.parquet and targets/date=2025-07-26/hour=09/target.parquet
[2025-07-31T09:13:31.269+0000] {drift_monitoring.py:291} WARNING - ⚠️ Missing file: predictions/date=2025-07-26/hour=09/prediction.parquet or targets/date=2025-07-26/hour=09/target.parquet → skipping
[2025-07-31T09:13:31.270+0000] {drift_monitoring.py:253} INFO - 📥 Downloading predictions/date=2025-07-26/hour=10/prediction.parquet and targets/date=2025-07-26/hour=10/target.parquet
[2025-07-31T09:13:31.279+0000] {drift_monitoring.py:291} WARNING - ⚠️ Missing file: predictions/date=2025-07-26/hour=10/prediction.parquet or targets/date=2025-07-26/hour=10/target.parquet → skipping
[2025-07-31T09:13:31.280+0000] {drift_monitoring.py:253} INFO - 📥 Downloading predictions/date=2025-07-26/hour=11/prediction.parquet and targets/date=2025-07-26/hour=11/target.parquet
[2025-07-31T09:13:31.288+0000] {drift_monitoring.py:291} WARNING - ⚠️ Missing file: predictions/date=2025-07-26/hour=11/prediction.parquet or targets/date=2025-07-26/hour=11/target.parquet → skipping
[2025-07-31T09:13:31.289+0000] {drift_monitoring.py:253} INFO - 📥 Downloading predictions/date=2025-07-26/hour=12/prediction.parquet and targets/date=2025-07-26/hour=12/target.parquet
[2025-07-31T09:13:31.298+0000] {drift_monitoring.py:291} WARNING - ⚠️ Missing file: predictions/date=2025-07-26/hour=12/prediction.parquet or targets/date=2025-07-26/hour=12/target.parquet → skipping
[2025-07-31T09:13:31.298+0000] {drift_monitoring.py:253} INFO - 📥 Downloading predictions/date=2025-07-26/hour=13/prediction.parquet and targets/date=2025-07-26/hour=13/target.parquet
[2025-07-31T09:13:31.306+0000] {drift_monitoring.py:291} WARNING - ⚠️ Missing file: predictions/date=2025-07-26/hour=13/prediction.parquet or targets/date=2025-07-26/hour=13/target.parquet → skipping
[2025-07-31T09:13:31.307+0000] {drift_monitoring.py:253} INFO - 📥 Downloading predictions/date=2025-07-26/hour=14/prediction.parquet and targets/date=2025-07-26/hour=14/target.parquet
[2025-07-31T09:13:31.316+0000] {drift_monitoring.py:291} WARNING - ⚠️ Missing file: predictions/date=2025-07-26/hour=14/prediction.parquet or targets/date=2025-07-26/hour=14/target.parquet → skipping
[2025-07-31T09:13:31.316+0000] {drift_monitoring.py:253} INFO - 📥 Downloading predictions/date=2025-07-26/hour=15/prediction.parquet and targets/date=2025-07-26/hour=15/target.parquet
[2025-07-31T09:13:31.326+0000] {drift_monitoring.py:291} WARNING - ⚠️ Missing file: predictions/date=2025-07-26/hour=15/prediction.parquet or targets/date=2025-07-26/hour=15/target.parquet → skipping
[2025-07-31T09:13:31.326+0000] {drift_monitoring.py:253} INFO - 📥 Downloading predictions/date=2025-07-26/hour=16/prediction.parquet and targets/date=2025-07-26/hour=16/target.parquet
[2025-07-31T09:13:31.334+0000] {drift_monitoring.py:291} WARNING - ⚠️ Missing file: predictions/date=2025-07-26/hour=16/prediction.parquet or targets/date=2025-07-26/hour=16/target.parquet → skipping
[2025-07-31T09:13:31.334+0000] {drift_monitoring.py:253} INFO - 📥 Downloading predictions/date=2025-07-26/hour=17/prediction.parquet and targets/date=2025-07-26/hour=17/target.parquet
[2025-07-31T09:13:31.343+0000] {drift_monitoring.py:291} WARNING - ⚠️ Missing file: predictions/date=2025-07-26/hour=17/prediction.parquet or targets/date=2025-07-26/hour=17/target.parquet → skipping
[2025-07-31T09:13:31.344+0000] {drift_monitoring.py:253} INFO - 📥 Downloading predictions/date=2025-07-26/hour=18/prediction.parquet and targets/date=2025-07-26/hour=18/target.parquet
[2025-07-31T09:13:31.353+0000] {drift_monitoring.py:291} WARNING - ⚠️ Missing file: predictions/date=2025-07-26/hour=18/prediction.parquet or targets/date=2025-07-26/hour=18/target.parquet → skipping
[2025-07-31T09:13:31.354+0000] {drift_monitoring.py:253} INFO - 📥 Downloading predictions/date=2025-07-26/hour=19/prediction.parquet and targets/date=2025-07-26/hour=19/target.parquet
[2025-07-31T09:13:31.363+0000] {drift_monitoring.py:291} WARNING - ⚠️ Missing file: predictions/date=2025-07-26/hour=19/prediction.parquet or targets/date=2025-07-26/hour=19/target.parquet → skipping
[2025-07-31T09:13:31.363+0000] {drift_monitoring.py:253} INFO - 📥 Downloading predictions/date=2025-07-26/hour=20/prediction.parquet and targets/date=2025-07-26/hour=20/target.parquet
[2025-07-31T09:13:31.373+0000] {drift_monitoring.py:291} WARNING - ⚠️ Missing file: predictions/date=2025-07-26/hour=20/prediction.parquet or targets/date=2025-07-26/hour=20/target.parquet → skipping
[2025-07-31T09:13:31.373+0000] {drift_monitoring.py:253} INFO - 📥 Downloading predictions/date=2025-07-26/hour=21/prediction.parquet and targets/date=2025-07-26/hour=21/target.parquet
[2025-07-31T09:13:31.381+0000] {drift_monitoring.py:291} WARNING - ⚠️ Missing file: predictions/date=2025-07-26/hour=21/prediction.parquet or targets/date=2025-07-26/hour=21/target.parquet → skipping
[2025-07-31T09:13:31.382+0000] {drift_monitoring.py:253} INFO - 📥 Downloading predictions/date=2025-07-26/hour=22/prediction.parquet and targets/date=2025-07-26/hour=22/target.parquet
[2025-07-31T09:13:31.391+0000] {drift_monitoring.py:291} WARNING - ⚠️ Missing file: predictions/date=2025-07-26/hour=22/prediction.parquet or targets/date=2025-07-26/hour=22/target.parquet → skipping
[2025-07-31T09:13:31.392+0000] {drift_monitoring.py:253} INFO - 📥 Downloading predictions/date=2025-07-26/hour=23/prediction.parquet and targets/date=2025-07-26/hour=23/target.parquet
[2025-07-31T09:13:31.401+0000] {drift_monitoring.py:291} WARNING - ⚠️ Missing file: predictions/date=2025-07-26/hour=23/prediction.parquet or targets/date=2025-07-26/hour=23/target.parquet → skipping
[2025-07-31T09:13:31.402+0000] {drift_monitoring.py:253} INFO - 📥 Downloading predictions/date=2025-07-27/hour=00/prediction.parquet and targets/date=2025-07-27/hour=00/target.parquet
[2025-07-31T09:13:31.411+0000] {drift_monitoring.py:291} WARNING - ⚠️ Missing file: predictions/date=2025-07-27/hour=00/prediction.parquet or targets/date=2025-07-27/hour=00/target.parquet → skipping
[2025-07-31T09:13:31.412+0000] {drift_monitoring.py:253} INFO - 📥 Downloading predictions/date=2025-07-27/hour=01/prediction.parquet and targets/date=2025-07-27/hour=01/target.parquet
[2025-07-31T09:13:31.420+0000] {drift_monitoring.py:291} WARNING - ⚠️ Missing file: predictions/date=2025-07-27/hour=01/prediction.parquet or targets/date=2025-07-27/hour=01/target.parquet → skipping
[2025-07-31T09:13:31.421+0000] {drift_monitoring.py:253} INFO - 📥 Downloading predictions/date=2025-07-27/hour=02/prediction.parquet and targets/date=2025-07-27/hour=02/target.parquet
[2025-07-31T09:13:31.429+0000] {drift_monitoring.py:291} WARNING - ⚠️ Missing file: predictions/date=2025-07-27/hour=02/prediction.parquet or targets/date=2025-07-27/hour=02/target.parquet → skipping
[2025-07-31T09:13:31.430+0000] {drift_monitoring.py:253} INFO - 📥 Downloading predictions/date=2025-07-27/hour=03/prediction.parquet and targets/date=2025-07-27/hour=03/target.parquet
[2025-07-31T09:13:31.439+0000] {drift_monitoring.py:291} WARNING - ⚠️ Missing file: predictions/date=2025-07-27/hour=03/prediction.parquet or targets/date=2025-07-27/hour=03/target.parquet → skipping
[2025-07-31T09:13:31.440+0000] {drift_monitoring.py:253} INFO - 📥 Downloading predictions/date=2025-07-27/hour=04/prediction.parquet and targets/date=2025-07-27/hour=04/target.parquet
[2025-07-31T09:13:31.449+0000] {drift_monitoring.py:291} WARNING - ⚠️ Missing file: predictions/date=2025-07-27/hour=04/prediction.parquet or targets/date=2025-07-27/hour=04/target.parquet → skipping
[2025-07-31T09:13:31.450+0000] {drift_monitoring.py:253} INFO - 📥 Downloading predictions/date=2025-07-27/hour=05/prediction.parquet and targets/date=2025-07-27/hour=05/target.parquet
[2025-07-31T09:13:31.459+0000] {drift_monitoring.py:291} WARNING - ⚠️ Missing file: predictions/date=2025-07-27/hour=05/prediction.parquet or targets/date=2025-07-27/hour=05/target.parquet → skipping
[2025-07-31T09:13:31.459+0000] {drift_monitoring.py:253} INFO - 📥 Downloading predictions/date=2025-07-27/hour=06/prediction.parquet and targets/date=2025-07-27/hour=06/target.parquet
[2025-07-31T09:13:31.467+0000] {drift_monitoring.py:291} WARNING - ⚠️ Missing file: predictions/date=2025-07-27/hour=06/prediction.parquet or targets/date=2025-07-27/hour=06/target.parquet → skipping
[2025-07-31T09:13:31.468+0000] {drift_monitoring.py:253} INFO - 📥 Downloading predictions/date=2025-07-27/hour=07/prediction.parquet and targets/date=2025-07-27/hour=07/target.parquet
[2025-07-31T09:13:31.477+0000] {drift_monitoring.py:291} WARNING - ⚠️ Missing file: predictions/date=2025-07-27/hour=07/prediction.parquet or targets/date=2025-07-27/hour=07/target.parquet → skipping
[2025-07-31T09:13:31.478+0000] {drift_monitoring.py:253} INFO - 📥 Downloading predictions/date=2025-07-27/hour=08/prediction.parquet and targets/date=2025-07-27/hour=08/target.parquet
[2025-07-31T09:13:31.487+0000] {drift_monitoring.py:291} WARNING - ⚠️ Missing file: predictions/date=2025-07-27/hour=08/prediction.parquet or targets/date=2025-07-27/hour=08/target.parquet → skipping
[2025-07-31T09:13:31.488+0000] {drift_monitoring.py:253} INFO - 📥 Downloading predictions/date=2025-07-27/hour=09/prediction.parquet and targets/date=2025-07-27/hour=09/target.parquet
[2025-07-31T09:13:31.498+0000] {drift_monitoring.py:291} WARNING - ⚠️ Missing file: predictions/date=2025-07-27/hour=09/prediction.parquet or targets/date=2025-07-27/hour=09/target.parquet → skipping
[2025-07-31T09:13:31.498+0000] {drift_monitoring.py:253} INFO - 📥 Downloading predictions/date=2025-07-27/hour=10/prediction.parquet and targets/date=2025-07-27/hour=10/target.parquet
[2025-07-31T09:13:31.507+0000] {drift_monitoring.py:291} WARNING - ⚠️ Missing file: predictions/date=2025-07-27/hour=10/prediction.parquet or targets/date=2025-07-27/hour=10/target.parquet → skipping
[2025-07-31T09:13:31.507+0000] {drift_monitoring.py:253} INFO - 📥 Downloading predictions/date=2025-07-27/hour=11/prediction.parquet and targets/date=2025-07-27/hour=11/target.parquet
[2025-07-31T09:13:31.516+0000] {drift_monitoring.py:291} WARNING - ⚠️ Missing file: predictions/date=2025-07-27/hour=11/prediction.parquet or targets/date=2025-07-27/hour=11/target.parquet → skipping
[2025-07-31T09:13:31.516+0000] {drift_monitoring.py:253} INFO - 📥 Downloading predictions/date=2025-07-27/hour=12/prediction.parquet and targets/date=2025-07-27/hour=12/target.parquet
[2025-07-31T09:13:31.526+0000] {drift_monitoring.py:291} WARNING - ⚠️ Missing file: predictions/date=2025-07-27/hour=12/prediction.parquet or targets/date=2025-07-27/hour=12/target.parquet → skipping
[2025-07-31T09:13:31.526+0000] {drift_monitoring.py:253} INFO - 📥 Downloading predictions/date=2025-07-27/hour=13/prediction.parquet and targets/date=2025-07-27/hour=13/target.parquet
[2025-07-31T09:13:31.536+0000] {drift_monitoring.py:291} WARNING - ⚠️ Missing file: predictions/date=2025-07-27/hour=13/prediction.parquet or targets/date=2025-07-27/hour=13/target.parquet → skipping
[2025-07-31T09:13:31.537+0000] {drift_monitoring.py:253} INFO - 📥 Downloading predictions/date=2025-07-27/hour=14/prediction.parquet and targets/date=2025-07-27/hour=14/target.parquet
[2025-07-31T09:13:31.545+0000] {drift_monitoring.py:291} WARNING - ⚠️ Missing file: predictions/date=2025-07-27/hour=14/prediction.parquet or targets/date=2025-07-27/hour=14/target.parquet → skipping
[2025-07-31T09:13:31.546+0000] {drift_monitoring.py:253} INFO - 📥 Downloading predictions/date=2025-07-27/hour=15/prediction.parquet and targets/date=2025-07-27/hour=15/target.parquet
[2025-07-31T09:13:31.556+0000] {drift_monitoring.py:291} WARNING - ⚠️ Missing file: predictions/date=2025-07-27/hour=15/prediction.parquet or targets/date=2025-07-27/hour=15/target.parquet → skipping
[2025-07-31T09:13:31.556+0000] {drift_monitoring.py:253} INFO - 📥 Downloading predictions/date=2025-07-27/hour=16/prediction.parquet and targets/date=2025-07-27/hour=16/target.parquet
[2025-07-31T09:13:31.565+0000] {drift_monitoring.py:291} WARNING - ⚠️ Missing file: predictions/date=2025-07-27/hour=16/prediction.parquet or targets/date=2025-07-27/hour=16/target.parquet → skipping
[2025-07-31T09:13:31.566+0000] {drift_monitoring.py:253} INFO - 📥 Downloading predictions/date=2025-07-27/hour=17/prediction.parquet and targets/date=2025-07-27/hour=17/target.parquet
[2025-07-31T09:13:31.575+0000] {drift_monitoring.py:291} WARNING - ⚠️ Missing file: predictions/date=2025-07-27/hour=17/prediction.parquet or targets/date=2025-07-27/hour=17/target.parquet → skipping
[2025-07-31T09:13:31.576+0000] {drift_monitoring.py:253} INFO - 📥 Downloading predictions/date=2025-07-27/hour=18/prediction.parquet and targets/date=2025-07-27/hour=18/target.parquet
[2025-07-31T09:13:31.587+0000] {drift_monitoring.py:291} WARNING - ⚠️ Missing file: predictions/date=2025-07-27/hour=18/prediction.parquet or targets/date=2025-07-27/hour=18/target.parquet → skipping
[2025-07-31T09:13:31.588+0000] {drift_monitoring.py:253} INFO - 📥 Downloading predictions/date=2025-07-27/hour=19/prediction.parquet and targets/date=2025-07-27/hour=19/target.parquet
[2025-07-31T09:13:31.597+0000] {drift_monitoring.py:291} WARNING - ⚠️ Missing file: predictions/date=2025-07-27/hour=19/prediction.parquet or targets/date=2025-07-27/hour=19/target.parquet → skipping
[2025-07-31T09:13:31.599+0000] {drift_monitoring.py:253} INFO - 📥 Downloading predictions/date=2025-07-27/hour=20/prediction.parquet and targets/date=2025-07-27/hour=20/target.parquet
[2025-07-31T09:13:31.608+0000] {drift_monitoring.py:291} WARNING - ⚠️ Missing file: predictions/date=2025-07-27/hour=20/prediction.parquet or targets/date=2025-07-27/hour=20/target.parquet → skipping
[2025-07-31T09:13:31.609+0000] {drift_monitoring.py:253} INFO - 📥 Downloading predictions/date=2025-07-27/hour=21/prediction.parquet and targets/date=2025-07-27/hour=21/target.parquet
[2025-07-31T09:13:31.619+0000] {drift_monitoring.py:291} WARNING - ⚠️ Missing file: predictions/date=2025-07-27/hour=21/prediction.parquet or targets/date=2025-07-27/hour=21/target.parquet → skipping
[2025-07-31T09:13:31.620+0000] {drift_monitoring.py:253} INFO - 📥 Downloading predictions/date=2025-07-27/hour=22/prediction.parquet and targets/date=2025-07-27/hour=22/target.parquet
[2025-07-31T09:13:31.630+0000] {drift_monitoring.py:291} WARNING - ⚠️ Missing file: predictions/date=2025-07-27/hour=22/prediction.parquet or targets/date=2025-07-27/hour=22/target.parquet → skipping
[2025-07-31T09:13:31.631+0000] {drift_monitoring.py:253} INFO - 📥 Downloading predictions/date=2025-07-27/hour=23/prediction.parquet and targets/date=2025-07-27/hour=23/target.parquet
[2025-07-31T09:13:31.640+0000] {drift_monitoring.py:291} WARNING - ⚠️ Missing file: predictions/date=2025-07-27/hour=23/prediction.parquet or targets/date=2025-07-27/hour=23/target.parquet → skipping
[2025-07-31T09:13:31.640+0000] {drift_monitoring.py:253} INFO - 📥 Downloading predictions/date=2025-07-28/hour=00/prediction.parquet and targets/date=2025-07-28/hour=00/target.parquet
[2025-07-31T09:13:31.649+0000] {drift_monitoring.py:291} WARNING - ⚠️ Missing file: predictions/date=2025-07-28/hour=00/prediction.parquet or targets/date=2025-07-28/hour=00/target.parquet → skipping
[2025-07-31T09:13:31.649+0000] {drift_monitoring.py:253} INFO - 📥 Downloading predictions/date=2025-07-28/hour=01/prediction.parquet and targets/date=2025-07-28/hour=01/target.parquet
[2025-07-31T09:13:31.658+0000] {drift_monitoring.py:291} WARNING - ⚠️ Missing file: predictions/date=2025-07-28/hour=01/prediction.parquet or targets/date=2025-07-28/hour=01/target.parquet → skipping
[2025-07-31T09:13:31.659+0000] {drift_monitoring.py:253} INFO - 📥 Downloading predictions/date=2025-07-28/hour=02/prediction.parquet and targets/date=2025-07-28/hour=02/target.parquet
[2025-07-31T09:13:31.667+0000] {drift_monitoring.py:291} WARNING - ⚠️ Missing file: predictions/date=2025-07-28/hour=02/prediction.parquet or targets/date=2025-07-28/hour=02/target.parquet → skipping
[2025-07-31T09:13:31.668+0000] {drift_monitoring.py:253} INFO - 📥 Downloading predictions/date=2025-07-28/hour=03/prediction.parquet and targets/date=2025-07-28/hour=03/target.parquet
[2025-07-31T09:13:31.676+0000] {drift_monitoring.py:291} WARNING - ⚠️ Missing file: predictions/date=2025-07-28/hour=03/prediction.parquet or targets/date=2025-07-28/hour=03/target.parquet → skipping
[2025-07-31T09:13:31.677+0000] {drift_monitoring.py:253} INFO - 📥 Downloading predictions/date=2025-07-28/hour=04/prediction.parquet and targets/date=2025-07-28/hour=04/target.parquet
[2025-07-31T09:13:31.686+0000] {drift_monitoring.py:291} WARNING - ⚠️ Missing file: predictions/date=2025-07-28/hour=04/prediction.parquet or targets/date=2025-07-28/hour=04/target.parquet → skipping
[2025-07-31T09:13:31.686+0000] {drift_monitoring.py:253} INFO - 📥 Downloading predictions/date=2025-07-28/hour=05/prediction.parquet and targets/date=2025-07-28/hour=05/target.parquet
[2025-07-31T09:13:31.694+0000] {drift_monitoring.py:291} WARNING - ⚠️ Missing file: predictions/date=2025-07-28/hour=05/prediction.parquet or targets/date=2025-07-28/hour=05/target.parquet → skipping
[2025-07-31T09:13:31.694+0000] {drift_monitoring.py:253} INFO - 📥 Downloading predictions/date=2025-07-28/hour=06/prediction.parquet and targets/date=2025-07-28/hour=06/target.parquet
[2025-07-31T09:13:31.703+0000] {drift_monitoring.py:291} WARNING - ⚠️ Missing file: predictions/date=2025-07-28/hour=06/prediction.parquet or targets/date=2025-07-28/hour=06/target.parquet → skipping
[2025-07-31T09:13:31.704+0000] {drift_monitoring.py:253} INFO - 📥 Downloading predictions/date=2025-07-28/hour=07/prediction.parquet and targets/date=2025-07-28/hour=07/target.parquet
[2025-07-31T09:13:31.713+0000] {drift_monitoring.py:291} WARNING - ⚠️ Missing file: predictions/date=2025-07-28/hour=07/prediction.parquet or targets/date=2025-07-28/hour=07/target.parquet → skipping
[2025-07-31T09:13:31.714+0000] {drift_monitoring.py:253} INFO - 📥 Downloading predictions/date=2025-07-28/hour=08/prediction.parquet and targets/date=2025-07-28/hour=08/target.parquet
[2025-07-31T09:13:31.723+0000] {drift_monitoring.py:291} WARNING - ⚠️ Missing file: predictions/date=2025-07-28/hour=08/prediction.parquet or targets/date=2025-07-28/hour=08/target.parquet → skipping
[2025-07-31T09:13:31.723+0000] {drift_monitoring.py:253} INFO - 📥 Downloading predictions/date=2025-07-28/hour=09/prediction.parquet and targets/date=2025-07-28/hour=09/target.parquet
[2025-07-31T09:13:31.731+0000] {drift_monitoring.py:291} WARNING - ⚠️ Missing file: predictions/date=2025-07-28/hour=09/prediction.parquet or targets/date=2025-07-28/hour=09/target.parquet → skipping
[2025-07-31T09:13:31.732+0000] {drift_monitoring.py:253} INFO - 📥 Downloading predictions/date=2025-07-28/hour=10/prediction.parquet and targets/date=2025-07-28/hour=10/target.parquet
[2025-07-31T09:13:31.741+0000] {drift_monitoring.py:291} WARNING - ⚠️ Missing file: predictions/date=2025-07-28/hour=10/prediction.parquet or targets/date=2025-07-28/hour=10/target.parquet → skipping
[2025-07-31T09:13:31.742+0000] {drift_monitoring.py:253} INFO - 📥 Downloading predictions/date=2025-07-28/hour=11/prediction.parquet and targets/date=2025-07-28/hour=11/target.parquet
[2025-07-31T09:13:31.750+0000] {drift_monitoring.py:291} WARNING - ⚠️ Missing file: predictions/date=2025-07-28/hour=11/prediction.parquet or targets/date=2025-07-28/hour=11/target.parquet → skipping
[2025-07-31T09:13:31.750+0000] {drift_monitoring.py:253} INFO - 📥 Downloading predictions/date=2025-07-28/hour=12/prediction.parquet and targets/date=2025-07-28/hour=12/target.parquet
[2025-07-31T09:13:31.758+0000] {drift_monitoring.py:291} WARNING - ⚠️ Missing file: predictions/date=2025-07-28/hour=12/prediction.parquet or targets/date=2025-07-28/hour=12/target.parquet → skipping
[2025-07-31T09:13:31.759+0000] {drift_monitoring.py:253} INFO - 📥 Downloading predictions/date=2025-07-28/hour=13/prediction.parquet and targets/date=2025-07-28/hour=13/target.parquet
[2025-07-31T09:13:31.768+0000] {drift_monitoring.py:291} WARNING - ⚠️ Missing file: predictions/date=2025-07-28/hour=13/prediction.parquet or targets/date=2025-07-28/hour=13/target.parquet → skipping
[2025-07-31T09:13:31.769+0000] {drift_monitoring.py:253} INFO - 📥 Downloading predictions/date=2025-07-28/hour=14/prediction.parquet and targets/date=2025-07-28/hour=14/target.parquet
[2025-07-31T09:13:31.777+0000] {drift_monitoring.py:291} WARNING - ⚠️ Missing file: predictions/date=2025-07-28/hour=14/prediction.parquet or targets/date=2025-07-28/hour=14/target.parquet → skipping
[2025-07-31T09:13:31.778+0000] {drift_monitoring.py:253} INFO - 📥 Downloading predictions/date=2025-07-28/hour=15/prediction.parquet and targets/date=2025-07-28/hour=15/target.parquet
[2025-07-31T09:13:31.787+0000] {drift_monitoring.py:291} WARNING - ⚠️ Missing file: predictions/date=2025-07-28/hour=15/prediction.parquet or targets/date=2025-07-28/hour=15/target.parquet → skipping
[2025-07-31T09:13:31.788+0000] {drift_monitoring.py:253} INFO - 📥 Downloading predictions/date=2025-07-28/hour=16/prediction.parquet and targets/date=2025-07-28/hour=16/target.parquet
[2025-07-31T09:13:31.797+0000] {drift_monitoring.py:291} WARNING - ⚠️ Missing file: predictions/date=2025-07-28/hour=16/prediction.parquet or targets/date=2025-07-28/hour=16/target.parquet → skipping
[2025-07-31T09:13:31.797+0000] {drift_monitoring.py:253} INFO - 📥 Downloading predictions/date=2025-07-28/hour=17/prediction.parquet and targets/date=2025-07-28/hour=17/target.parquet
[2025-07-31T09:13:31.806+0000] {drift_monitoring.py:291} WARNING - ⚠️ Missing file: predictions/date=2025-07-28/hour=17/prediction.parquet or targets/date=2025-07-28/hour=17/target.parquet → skipping
[2025-07-31T09:13:31.807+0000] {drift_monitoring.py:253} INFO - 📥 Downloading predictions/date=2025-07-28/hour=18/prediction.parquet and targets/date=2025-07-28/hour=18/target.parquet
[2025-07-31T09:13:31.815+0000] {drift_monitoring.py:291} WARNING - ⚠️ Missing file: predictions/date=2025-07-28/hour=18/prediction.parquet or targets/date=2025-07-28/hour=18/target.parquet → skipping
[2025-07-31T09:13:31.817+0000] {drift_monitoring.py:253} INFO - 📥 Downloading predictions/date=2025-07-28/hour=19/prediction.parquet and targets/date=2025-07-28/hour=19/target.parquet
[2025-07-31T09:13:31.825+0000] {drift_monitoring.py:291} WARNING - ⚠️ Missing file: predictions/date=2025-07-28/hour=19/prediction.parquet or targets/date=2025-07-28/hour=19/target.parquet → skipping
[2025-07-31T09:13:31.826+0000] {drift_monitoring.py:253} INFO - 📥 Downloading predictions/date=2025-07-28/hour=20/prediction.parquet and targets/date=2025-07-28/hour=20/target.parquet
[2025-07-31T09:13:31.834+0000] {drift_monitoring.py:291} WARNING - ⚠️ Missing file: predictions/date=2025-07-28/hour=20/prediction.parquet or targets/date=2025-07-28/hour=20/target.parquet → skipping
[2025-07-31T09:13:31.835+0000] {drift_monitoring.py:253} INFO - 📥 Downloading predictions/date=2025-07-28/hour=21/prediction.parquet and targets/date=2025-07-28/hour=21/target.parquet
[2025-07-31T09:13:31.843+0000] {drift_monitoring.py:291} WARNING - ⚠️ Missing file: predictions/date=2025-07-28/hour=21/prediction.parquet or targets/date=2025-07-28/hour=21/target.parquet → skipping
[2025-07-31T09:13:31.843+0000] {drift_monitoring.py:253} INFO - 📥 Downloading predictions/date=2025-07-28/hour=22/prediction.parquet and targets/date=2025-07-28/hour=22/target.parquet
[2025-07-31T09:13:31.852+0000] {drift_monitoring.py:291} WARNING - ⚠️ Missing file: predictions/date=2025-07-28/hour=22/prediction.parquet or targets/date=2025-07-28/hour=22/target.parquet → skipping
[2025-07-31T09:13:31.853+0000] {drift_monitoring.py:253} INFO - 📥 Downloading predictions/date=2025-07-28/hour=23/prediction.parquet and targets/date=2025-07-28/hour=23/target.parquet
[2025-07-31T09:13:31.861+0000] {drift_monitoring.py:291} WARNING - ⚠️ Missing file: predictions/date=2025-07-28/hour=23/prediction.parquet or targets/date=2025-07-28/hour=23/target.parquet → skipping
[2025-07-31T09:13:31.861+0000] {drift_monitoring.py:253} INFO - 📥 Downloading predictions/date=2025-07-29/hour=00/prediction.parquet and targets/date=2025-07-29/hour=00/target.parquet
[2025-07-31T09:13:31.871+0000] {drift_monitoring.py:291} WARNING - ⚠️ Missing file: predictions/date=2025-07-29/hour=00/prediction.parquet or targets/date=2025-07-29/hour=00/target.parquet → skipping
[2025-07-31T09:13:31.872+0000] {drift_monitoring.py:253} INFO - 📥 Downloading predictions/date=2025-07-29/hour=01/prediction.parquet and targets/date=2025-07-29/hour=01/target.parquet
[2025-07-31T09:13:31.881+0000] {drift_monitoring.py:291} WARNING - ⚠️ Missing file: predictions/date=2025-07-29/hour=01/prediction.parquet or targets/date=2025-07-29/hour=01/target.parquet → skipping
[2025-07-31T09:13:31.882+0000] {drift_monitoring.py:253} INFO - 📥 Downloading predictions/date=2025-07-29/hour=02/prediction.parquet and targets/date=2025-07-29/hour=02/target.parquet
[2025-07-31T09:13:31.890+0000] {drift_monitoring.py:291} WARNING - ⚠️ Missing file: predictions/date=2025-07-29/hour=02/prediction.parquet or targets/date=2025-07-29/hour=02/target.parquet → skipping
[2025-07-31T09:13:31.891+0000] {drift_monitoring.py:253} INFO - 📥 Downloading predictions/date=2025-07-29/hour=03/prediction.parquet and targets/date=2025-07-29/hour=03/target.parquet
[2025-07-31T09:13:31.899+0000] {drift_monitoring.py:291} WARNING - ⚠️ Missing file: predictions/date=2025-07-29/hour=03/prediction.parquet or targets/date=2025-07-29/hour=03/target.parquet → skipping
[2025-07-31T09:13:31.900+0000] {drift_monitoring.py:253} INFO - 📥 Downloading predictions/date=2025-07-29/hour=04/prediction.parquet and targets/date=2025-07-29/hour=04/target.parquet
[2025-07-31T09:13:31.908+0000] {drift_monitoring.py:291} WARNING - ⚠️ Missing file: predictions/date=2025-07-29/hour=04/prediction.parquet or targets/date=2025-07-29/hour=04/target.parquet → skipping
[2025-07-31T09:13:31.908+0000] {drift_monitoring.py:253} INFO - 📥 Downloading predictions/date=2025-07-29/hour=05/prediction.parquet and targets/date=2025-07-29/hour=05/target.parquet
[2025-07-31T09:13:31.917+0000] {drift_monitoring.py:291} WARNING - ⚠️ Missing file: predictions/date=2025-07-29/hour=05/prediction.parquet or targets/date=2025-07-29/hour=05/target.parquet → skipping
[2025-07-31T09:13:31.918+0000] {drift_monitoring.py:253} INFO - 📥 Downloading predictions/date=2025-07-29/hour=06/prediction.parquet and targets/date=2025-07-29/hour=06/target.parquet
[2025-07-31T09:13:31.927+0000] {drift_monitoring.py:291} WARNING - ⚠️ Missing file: predictions/date=2025-07-29/hour=06/prediction.parquet or targets/date=2025-07-29/hour=06/target.parquet → skipping
[2025-07-31T09:13:31.928+0000] {drift_monitoring.py:253} INFO - 📥 Downloading predictions/date=2025-07-29/hour=07/prediction.parquet and targets/date=2025-07-29/hour=07/target.parquet
[2025-07-31T09:13:31.937+0000] {drift_monitoring.py:291} WARNING - ⚠️ Missing file: predictions/date=2025-07-29/hour=07/prediction.parquet or targets/date=2025-07-29/hour=07/target.parquet → skipping
[2025-07-31T09:13:31.937+0000] {drift_monitoring.py:253} INFO - 📥 Downloading predictions/date=2025-07-29/hour=08/prediction.parquet and targets/date=2025-07-29/hour=08/target.parquet
[2025-07-31T09:13:31.945+0000] {drift_monitoring.py:291} WARNING - ⚠️ Missing file: predictions/date=2025-07-29/hour=08/prediction.parquet or targets/date=2025-07-29/hour=08/target.parquet → skipping
[2025-07-31T09:13:31.946+0000] {drift_monitoring.py:253} INFO - 📥 Downloading predictions/date=2025-07-29/hour=09/prediction.parquet and targets/date=2025-07-29/hour=09/target.parquet
[2025-07-31T09:13:31.955+0000] {drift_monitoring.py:291} WARNING - ⚠️ Missing file: predictions/date=2025-07-29/hour=09/prediction.parquet or targets/date=2025-07-29/hour=09/target.parquet → skipping
[2025-07-31T09:13:31.956+0000] {drift_monitoring.py:253} INFO - 📥 Downloading predictions/date=2025-07-29/hour=10/prediction.parquet and targets/date=2025-07-29/hour=10/target.parquet
[2025-07-31T09:13:31.966+0000] {drift_monitoring.py:291} WARNING - ⚠️ Missing file: predictions/date=2025-07-29/hour=10/prediction.parquet or targets/date=2025-07-29/hour=10/target.parquet → skipping
[2025-07-31T09:13:31.967+0000] {drift_monitoring.py:253} INFO - 📥 Downloading predictions/date=2025-07-29/hour=11/prediction.parquet and targets/date=2025-07-29/hour=11/target.parquet
[2025-07-31T09:13:31.974+0000] {drift_monitoring.py:291} WARNING - ⚠️ Missing file: predictions/date=2025-07-29/hour=11/prediction.parquet or targets/date=2025-07-29/hour=11/target.parquet → skipping
[2025-07-31T09:13:31.975+0000] {drift_monitoring.py:253} INFO - 📥 Downloading predictions/date=2025-07-29/hour=12/prediction.parquet and targets/date=2025-07-29/hour=12/target.parquet
[2025-07-31T09:13:31.985+0000] {drift_monitoring.py:291} WARNING - ⚠️ Missing file: predictions/date=2025-07-29/hour=12/prediction.parquet or targets/date=2025-07-29/hour=12/target.parquet → skipping
[2025-07-31T09:13:31.986+0000] {drift_monitoring.py:253} INFO - 📥 Downloading predictions/date=2025-07-29/hour=13/prediction.parquet and targets/date=2025-07-29/hour=13/target.parquet
[2025-07-31T09:13:31.995+0000] {drift_monitoring.py:291} WARNING - ⚠️ Missing file: predictions/date=2025-07-29/hour=13/prediction.parquet or targets/date=2025-07-29/hour=13/target.parquet → skipping
[2025-07-31T09:13:31.996+0000] {drift_monitoring.py:253} INFO - 📥 Downloading predictions/date=2025-07-29/hour=14/prediction.parquet and targets/date=2025-07-29/hour=14/target.parquet
[2025-07-31T09:13:32.004+0000] {drift_monitoring.py:291} WARNING - ⚠️ Missing file: predictions/date=2025-07-29/hour=14/prediction.parquet or targets/date=2025-07-29/hour=14/target.parquet → skipping
[2025-07-31T09:13:32.005+0000] {drift_monitoring.py:253} INFO - 📥 Downloading predictions/date=2025-07-29/hour=15/prediction.parquet and targets/date=2025-07-29/hour=15/target.parquet
[2025-07-31T09:13:32.014+0000] {drift_monitoring.py:291} WARNING - ⚠️ Missing file: predictions/date=2025-07-29/hour=15/prediction.parquet or targets/date=2025-07-29/hour=15/target.parquet → skipping
[2025-07-31T09:13:32.015+0000] {drift_monitoring.py:253} INFO - 📥 Downloading predictions/date=2025-07-29/hour=16/prediction.parquet and targets/date=2025-07-29/hour=16/target.parquet
[2025-07-31T09:13:32.024+0000] {drift_monitoring.py:291} WARNING - ⚠️ Missing file: predictions/date=2025-07-29/hour=16/prediction.parquet or targets/date=2025-07-29/hour=16/target.parquet → skipping
[2025-07-31T09:13:32.025+0000] {drift_monitoring.py:253} INFO - 📥 Downloading predictions/date=2025-07-29/hour=17/prediction.parquet and targets/date=2025-07-29/hour=17/target.parquet
[2025-07-31T09:13:32.034+0000] {drift_monitoring.py:291} WARNING - ⚠️ Missing file: predictions/date=2025-07-29/hour=17/prediction.parquet or targets/date=2025-07-29/hour=17/target.parquet → skipping
[2025-07-31T09:13:32.034+0000] {drift_monitoring.py:253} INFO - 📥 Downloading predictions/date=2025-07-29/hour=18/prediction.parquet and targets/date=2025-07-29/hour=18/target.parquet
[2025-07-31T09:13:32.042+0000] {drift_monitoring.py:291} WARNING - ⚠️ Missing file: predictions/date=2025-07-29/hour=18/prediction.parquet or targets/date=2025-07-29/hour=18/target.parquet → skipping
[2025-07-31T09:13:32.043+0000] {drift_monitoring.py:253} INFO - 📥 Downloading predictions/date=2025-07-29/hour=19/prediction.parquet and targets/date=2025-07-29/hour=19/target.parquet
[2025-07-31T09:13:32.054+0000] {drift_monitoring.py:291} WARNING - ⚠️ Missing file: predictions/date=2025-07-29/hour=19/prediction.parquet or targets/date=2025-07-29/hour=19/target.parquet → skipping
[2025-07-31T09:13:32.055+0000] {drift_monitoring.py:253} INFO - 📥 Downloading predictions/date=2025-07-29/hour=20/prediction.parquet and targets/date=2025-07-29/hour=20/target.parquet
[2025-07-31T09:13:32.063+0000] {drift_monitoring.py:291} WARNING - ⚠️ Missing file: predictions/date=2025-07-29/hour=20/prediction.parquet or targets/date=2025-07-29/hour=20/target.parquet → skipping
[2025-07-31T09:13:32.064+0000] {drift_monitoring.py:253} INFO - 📥 Downloading predictions/date=2025-07-29/hour=21/prediction.parquet and targets/date=2025-07-29/hour=21/target.parquet
[2025-07-31T09:13:32.072+0000] {drift_monitoring.py:291} WARNING - ⚠️ Missing file: predictions/date=2025-07-29/hour=21/prediction.parquet or targets/date=2025-07-29/hour=21/target.parquet → skipping
[2025-07-31T09:13:32.073+0000] {drift_monitoring.py:253} INFO - 📥 Downloading predictions/date=2025-07-29/hour=22/prediction.parquet and targets/date=2025-07-29/hour=22/target.parquet
[2025-07-31T09:13:32.082+0000] {drift_monitoring.py:291} WARNING - ⚠️ Missing file: predictions/date=2025-07-29/hour=22/prediction.parquet or targets/date=2025-07-29/hour=22/target.parquet → skipping
[2025-07-31T09:13:32.082+0000] {drift_monitoring.py:253} INFO - 📥 Downloading predictions/date=2025-07-29/hour=23/prediction.parquet and targets/date=2025-07-29/hour=23/target.parquet
[2025-07-31T09:13:32.091+0000] {drift_monitoring.py:291} WARNING - ⚠️ Missing file: predictions/date=2025-07-29/hour=23/prediction.parquet or targets/date=2025-07-29/hour=23/target.parquet → skipping
[2025-07-31T09:13:32.091+0000] {drift_monitoring.py:253} INFO - 📥 Downloading predictions/date=2025-07-30/hour=00/prediction.parquet and targets/date=2025-07-30/hour=00/target.parquet
[2025-07-31T09:13:32.099+0000] {drift_monitoring.py:291} WARNING - ⚠️ Missing file: predictions/date=2025-07-30/hour=00/prediction.parquet or targets/date=2025-07-30/hour=00/target.parquet → skipping
[2025-07-31T09:13:32.100+0000] {drift_monitoring.py:253} INFO - 📥 Downloading predictions/date=2025-07-30/hour=01/prediction.parquet and targets/date=2025-07-30/hour=01/target.parquet
[2025-07-31T09:13:32.107+0000] {drift_monitoring.py:291} WARNING - ⚠️ Missing file: predictions/date=2025-07-30/hour=01/prediction.parquet or targets/date=2025-07-30/hour=01/target.parquet → skipping
[2025-07-31T09:13:32.108+0000] {drift_monitoring.py:253} INFO - 📥 Downloading predictions/date=2025-07-30/hour=02/prediction.parquet and targets/date=2025-07-30/hour=02/target.parquet
[2025-07-31T09:13:32.116+0000] {drift_monitoring.py:291} WARNING - ⚠️ Missing file: predictions/date=2025-07-30/hour=02/prediction.parquet or targets/date=2025-07-30/hour=02/target.parquet → skipping
[2025-07-31T09:13:32.116+0000] {drift_monitoring.py:253} INFO - 📥 Downloading predictions/date=2025-07-30/hour=03/prediction.parquet and targets/date=2025-07-30/hour=03/target.parquet
[2025-07-31T09:13:32.124+0000] {drift_monitoring.py:291} WARNING - ⚠️ Missing file: predictions/date=2025-07-30/hour=03/prediction.parquet or targets/date=2025-07-30/hour=03/target.parquet → skipping
[2025-07-31T09:13:32.125+0000] {drift_monitoring.py:253} INFO - 📥 Downloading predictions/date=2025-07-30/hour=04/prediction.parquet and targets/date=2025-07-30/hour=04/target.parquet
[2025-07-31T09:13:32.133+0000] {drift_monitoring.py:291} WARNING - ⚠️ Missing file: predictions/date=2025-07-30/hour=04/prediction.parquet or targets/date=2025-07-30/hour=04/target.parquet → skipping
[2025-07-31T09:13:32.133+0000] {drift_monitoring.py:253} INFO - 📥 Downloading predictions/date=2025-07-30/hour=05/prediction.parquet and targets/date=2025-07-30/hour=05/target.parquet
[2025-07-31T09:13:32.141+0000] {drift_monitoring.py:291} WARNING - ⚠️ Missing file: predictions/date=2025-07-30/hour=05/prediction.parquet or targets/date=2025-07-30/hour=05/target.parquet → skipping
[2025-07-31T09:13:32.142+0000] {drift_monitoring.py:253} INFO - 📥 Downloading predictions/date=2025-07-30/hour=06/prediction.parquet and targets/date=2025-07-30/hour=06/target.parquet
[2025-07-31T09:13:32.150+0000] {drift_monitoring.py:291} WARNING - ⚠️ Missing file: predictions/date=2025-07-30/hour=06/prediction.parquet or targets/date=2025-07-30/hour=06/target.parquet → skipping
[2025-07-31T09:13:32.151+0000] {drift_monitoring.py:253} INFO - 📥 Downloading predictions/date=2025-07-30/hour=07/prediction.parquet and targets/date=2025-07-30/hour=07/target.parquet
[2025-07-31T09:13:32.159+0000] {drift_monitoring.py:291} WARNING - ⚠️ Missing file: predictions/date=2025-07-30/hour=07/prediction.parquet or targets/date=2025-07-30/hour=07/target.parquet → skipping
[2025-07-31T09:13:32.160+0000] {drift_monitoring.py:253} INFO - 📥 Downloading predictions/date=2025-07-30/hour=08/prediction.parquet and targets/date=2025-07-30/hour=08/target.parquet
[2025-07-31T09:13:32.169+0000] {drift_monitoring.py:291} WARNING - ⚠️ Missing file: predictions/date=2025-07-30/hour=08/prediction.parquet or targets/date=2025-07-30/hour=08/target.parquet → skipping
[2025-07-31T09:13:32.170+0000] {drift_monitoring.py:253} INFO - 📥 Downloading predictions/date=2025-07-30/hour=09/prediction.parquet and targets/date=2025-07-30/hour=09/target.parquet
[2025-07-31T09:13:32.179+0000] {drift_monitoring.py:291} WARNING - ⚠️ Missing file: predictions/date=2025-07-30/hour=09/prediction.parquet or targets/date=2025-07-30/hour=09/target.parquet → skipping
[2025-07-31T09:13:32.180+0000] {drift_monitoring.py:253} INFO - 📥 Downloading predictions/date=2025-07-30/hour=10/prediction.parquet and targets/date=2025-07-30/hour=10/target.parquet
[2025-07-31T09:13:32.188+0000] {drift_monitoring.py:291} WARNING - ⚠️ Missing file: predictions/date=2025-07-30/hour=10/prediction.parquet or targets/date=2025-07-30/hour=10/target.parquet → skipping
[2025-07-31T09:13:32.188+0000] {drift_monitoring.py:253} INFO - 📥 Downloading predictions/date=2025-07-30/hour=11/prediction.parquet and targets/date=2025-07-30/hour=11/target.parquet
[2025-07-31T09:13:32.196+0000] {drift_monitoring.py:291} WARNING - ⚠️ Missing file: predictions/date=2025-07-30/hour=11/prediction.parquet or targets/date=2025-07-30/hour=11/target.parquet → skipping
[2025-07-31T09:13:32.197+0000] {drift_monitoring.py:253} INFO - 📥 Downloading predictions/date=2025-07-30/hour=12/prediction.parquet and targets/date=2025-07-30/hour=12/target.parquet
[2025-07-31T09:13:32.206+0000] {drift_monitoring.py:291} WARNING - ⚠️ Missing file: predictions/date=2025-07-30/hour=12/prediction.parquet or targets/date=2025-07-30/hour=12/target.parquet → skipping
[2025-07-31T09:13:32.206+0000] {drift_monitoring.py:253} INFO - 📥 Downloading predictions/date=2025-07-30/hour=13/prediction.parquet and targets/date=2025-07-30/hour=13/target.parquet
[2025-07-31T09:13:32.216+0000] {drift_monitoring.py:291} WARNING - ⚠️ Missing file: predictions/date=2025-07-30/hour=13/prediction.parquet or targets/date=2025-07-30/hour=13/target.parquet → skipping
[2025-07-31T09:13:32.217+0000] {drift_monitoring.py:253} INFO - 📥 Downloading predictions/date=2025-07-30/hour=14/prediction.parquet and targets/date=2025-07-30/hour=14/target.parquet
[2025-07-31T09:13:32.226+0000] {drift_monitoring.py:291} WARNING - ⚠️ Missing file: predictions/date=2025-07-30/hour=14/prediction.parquet or targets/date=2025-07-30/hour=14/target.parquet → skipping
[2025-07-31T09:13:32.227+0000] {drift_monitoring.py:253} INFO - 📥 Downloading predictions/date=2025-07-30/hour=15/prediction.parquet and targets/date=2025-07-30/hour=15/target.parquet
[2025-07-31T09:13:32.235+0000] {drift_monitoring.py:291} WARNING - ⚠️ Missing file: predictions/date=2025-07-30/hour=15/prediction.parquet or targets/date=2025-07-30/hour=15/target.parquet → skipping
[2025-07-31T09:13:32.236+0000] {drift_monitoring.py:253} INFO - 📥 Downloading predictions/date=2025-07-30/hour=16/prediction.parquet and targets/date=2025-07-30/hour=16/target.parquet
[2025-07-31T09:13:32.244+0000] {drift_monitoring.py:291} WARNING - ⚠️ Missing file: predictions/date=2025-07-30/hour=16/prediction.parquet or targets/date=2025-07-30/hour=16/target.parquet → skipping
[2025-07-31T09:13:32.245+0000] {drift_monitoring.py:253} INFO - 📥 Downloading predictions/date=2025-07-30/hour=17/prediction.parquet and targets/date=2025-07-30/hour=17/target.parquet
[2025-07-31T09:13:32.253+0000] {drift_monitoring.py:291} WARNING - ⚠️ Missing file: predictions/date=2025-07-30/hour=17/prediction.parquet or targets/date=2025-07-30/hour=17/target.parquet → skipping
[2025-07-31T09:13:32.254+0000] {drift_monitoring.py:253} INFO - 📥 Downloading predictions/date=2025-07-30/hour=18/prediction.parquet and targets/date=2025-07-30/hour=18/target.parquet
[2025-07-31T09:13:32.263+0000] {drift_monitoring.py:291} WARNING - ⚠️ Missing file: predictions/date=2025-07-30/hour=18/prediction.parquet or targets/date=2025-07-30/hour=18/target.parquet → skipping
[2025-07-31T09:13:32.263+0000] {drift_monitoring.py:253} INFO - 📥 Downloading predictions/date=2025-07-30/hour=19/prediction.parquet and targets/date=2025-07-30/hour=19/target.parquet
[2025-07-31T09:13:32.271+0000] {drift_monitoring.py:291} WARNING - ⚠️ Missing file: predictions/date=2025-07-30/hour=19/prediction.parquet or targets/date=2025-07-30/hour=19/target.parquet → skipping
[2025-07-31T09:13:32.271+0000] {drift_monitoring.py:253} INFO - 📥 Downloading predictions/date=2025-07-30/hour=20/prediction.parquet and targets/date=2025-07-30/hour=20/target.parquet
[2025-07-31T09:13:32.280+0000] {drift_monitoring.py:291} WARNING - ⚠️ Missing file: predictions/date=2025-07-30/hour=20/prediction.parquet or targets/date=2025-07-30/hour=20/target.parquet → skipping
[2025-07-31T09:13:32.281+0000] {drift_monitoring.py:253} INFO - 📥 Downloading predictions/date=2025-07-30/hour=21/prediction.parquet and targets/date=2025-07-30/hour=21/target.parquet
[2025-07-31T09:13:32.290+0000] {drift_monitoring.py:291} WARNING - ⚠️ Missing file: predictions/date=2025-07-30/hour=21/prediction.parquet or targets/date=2025-07-30/hour=21/target.parquet → skipping
[2025-07-31T09:13:32.291+0000] {drift_monitoring.py:253} INFO - 📥 Downloading predictions/date=2025-07-30/hour=22/prediction.parquet and targets/date=2025-07-30/hour=22/target.parquet
[2025-07-31T09:13:32.299+0000] {drift_monitoring.py:291} WARNING - ⚠️ Missing file: predictions/date=2025-07-30/hour=22/prediction.parquet or targets/date=2025-07-30/hour=22/target.parquet → skipping
[2025-07-31T09:13:32.299+0000] {drift_monitoring.py:253} INFO - 📥 Downloading predictions/date=2025-07-30/hour=23/prediction.parquet and targets/date=2025-07-30/hour=23/target.parquet
[2025-07-31T09:13:32.307+0000] {drift_monitoring.py:291} WARNING - ⚠️ Missing file: predictions/date=2025-07-30/hour=23/prediction.parquet or targets/date=2025-07-30/hour=23/target.parquet → skipping
[2025-07-31T09:13:32.308+0000] {drift_monitoring.py:253} INFO - 📥 Downloading predictions/date=2025-07-31/hour=00/prediction.parquet and targets/date=2025-07-31/hour=00/target.parquet
[2025-07-31T09:13:32.316+0000] {drift_monitoring.py:291} WARNING - ⚠️ Missing file: predictions/date=2025-07-31/hour=00/prediction.parquet or targets/date=2025-07-31/hour=00/target.parquet → skipping
[2025-07-31T09:13:32.317+0000] {drift_monitoring.py:253} INFO - 📥 Downloading predictions/date=2025-07-31/hour=01/prediction.parquet and targets/date=2025-07-31/hour=01/target.parquet
[2025-07-31T09:13:32.325+0000] {drift_monitoring.py:291} WARNING - ⚠️ Missing file: predictions/date=2025-07-31/hour=01/prediction.parquet or targets/date=2025-07-31/hour=01/target.parquet → skipping
[2025-07-31T09:13:32.326+0000] {drift_monitoring.py:253} INFO - 📥 Downloading predictions/date=2025-07-31/hour=02/prediction.parquet and targets/date=2025-07-31/hour=02/target.parquet
[2025-07-31T09:13:32.335+0000] {drift_monitoring.py:291} WARNING - ⚠️ Missing file: predictions/date=2025-07-31/hour=02/prediction.parquet or targets/date=2025-07-31/hour=02/target.parquet → skipping
[2025-07-31T09:13:32.336+0000] {drift_monitoring.py:253} INFO - 📥 Downloading predictions/date=2025-07-31/hour=03/prediction.parquet and targets/date=2025-07-31/hour=03/target.parquet
[2025-07-31T09:13:32.345+0000] {drift_monitoring.py:291} WARNING - ⚠️ Missing file: predictions/date=2025-07-31/hour=03/prediction.parquet or targets/date=2025-07-31/hour=03/target.parquet → skipping
[2025-07-31T09:13:32.346+0000] {drift_monitoring.py:253} INFO - 📥 Downloading predictions/date=2025-07-31/hour=04/prediction.parquet and targets/date=2025-07-31/hour=04/target.parquet
[2025-07-31T09:13:32.355+0000] {drift_monitoring.py:291} WARNING - ⚠️ Missing file: predictions/date=2025-07-31/hour=04/prediction.parquet or targets/date=2025-07-31/hour=04/target.parquet → skipping
[2025-07-31T09:13:32.355+0000] {drift_monitoring.py:253} INFO - 📥 Downloading predictions/date=2025-07-31/hour=05/prediction.parquet and targets/date=2025-07-31/hour=05/target.parquet
[2025-07-31T09:13:32.366+0000] {drift_monitoring.py:291} WARNING - ⚠️ Missing file: predictions/date=2025-07-31/hour=05/prediction.parquet or targets/date=2025-07-31/hour=05/target.parquet → skipping
[2025-07-31T09:13:32.366+0000] {drift_monitoring.py:253} INFO - 📥 Downloading predictions/date=2025-07-31/hour=06/prediction.parquet and targets/date=2025-07-31/hour=06/target.parquet
[2025-07-31T09:13:32.376+0000] {drift_monitoring.py:291} WARNING - ⚠️ Missing file: predictions/date=2025-07-31/hour=06/prediction.parquet or targets/date=2025-07-31/hour=06/target.parquet → skipping
[2025-07-31T09:13:32.377+0000] {drift_monitoring.py:253} INFO - 📥 Downloading predictions/date=2025-07-31/hour=07/prediction.parquet and targets/date=2025-07-31/hour=07/target.parquet
[2025-07-31T09:13:32.386+0000] {drift_monitoring.py:291} WARNING - ⚠️ Missing file: predictions/date=2025-07-31/hour=07/prediction.parquet or targets/date=2025-07-31/hour=07/target.parquet → skipping
[2025-07-31T09:13:32.386+0000] {drift_monitoring.py:253} INFO - 📥 Downloading predictions/date=2025-07-31/hour=08/prediction.parquet and targets/date=2025-07-31/hour=08/target.parquet
[2025-07-31T09:13:32.585+0000] {drift_monitoring.py:280} INFO - ✅ MAE for 2025-07-31 08 = 0.0336
[2025-07-31T09:13:32.605+0000] {drift_monitoring.py:305} INFO - 📊 Average MAE over 1 hours: 0.0336 | Threshold: 0.0500
[2025-07-31T09:13:32.616+0000] {drift_monitoring.py:90} WARNING - ⚠️ Not enough data to split for Evidently report, using entire dataset for both
[2025-07-31T09:13:32.659+0000] {logging_mixin.py:188} WARNING - /home/***/.local/lib/python3.12/site-packages/scipy/stats/_stats_py.py:10729 RuntimeWarning: invalid value encountered in scalar divide
[2025-07-31T09:13:32.660+0000] {logging_mixin.py:188} WARNING - /home/***/.local/lib/python3.12/site-packages/scipy/stats/_stats_py.py:10743 RuntimeWarning: invalid value encountered in sqrt
[2025-07-31T09:13:32.662+0000] {logging_mixin.py:188} WARNING - /home/***/.local/lib/python3.12/site-packages/scipy/stats/_stats_py.py:10749 RuntimeWarning: invalid value encountered in scalar divide
[2025-07-31T09:13:32.669+0000] {logging_mixin.py:188} WARNING - /home/***/.local/lib/python3.12/site-packages/scipy/stats/_stats_py.py:10729 RuntimeWarning: invalid value encountered in scalar divide
[2025-07-31T09:13:32.671+0000] {logging_mixin.py:188} WARNING - /home/***/.local/lib/python3.12/site-packages/scipy/stats/_stats_py.py:10743 RuntimeWarning: invalid value encountered in sqrt
[2025-07-31T09:13:32.672+0000] {logging_mixin.py:188} WARNING - /home/***/.local/lib/python3.12/site-packages/scipy/stats/_stats_py.py:10749 RuntimeWarning: invalid value encountered in scalar divide
[2025-07-31T09:13:32.676+0000] {logging_mixin.py:188} WARNING - /home/***/.local/lib/python3.12/site-packages/sklearn/metrics/_regression.py:1211 UndefinedMetricWarning: R^2 score is not well-defined with less than two samples.
[2025-07-31T09:13:32.677+0000] {logging_mixin.py:188} WARNING - /home/***/.local/lib/python3.12/site-packages/sklearn/metrics/_regression.py:492 FutureWarning: 'squared' is deprecated in version 1.4 and will be removed in 1.6. To calculate the root mean squared error, use the function'root_mean_squared_error'.
[2025-07-31T09:13:32.679+0000] {logging_mixin.py:188} WARNING - /home/***/.local/lib/python3.12/site-packages/sklearn/metrics/_regression.py:492 FutureWarning: 'squared' is deprecated in version 1.4 and will be removed in 1.6. To calculate the root mean squared error, use the function'root_mean_squared_error'.
[2025-07-31T09:13:32.682+0000] {logging_mixin.py:188} WARNING - /home/***/.local/lib/python3.12/site-packages/sklearn/metrics/_regression.py:492 FutureWarning: 'squared' is deprecated in version 1.4 and will be removed in 1.6. To calculate the root mean squared error, use the function'root_mean_squared_error'.
[2025-07-31T09:13:32.685+0000] {logging_mixin.py:188} WARNING - /home/***/.local/lib/python3.12/site-packages/sklearn/metrics/_regression.py:1211 UndefinedMetricWarning: R^2 score is not well-defined with less than two samples.
[2025-07-31T09:13:32.717+0000] {logging_mixin.py:188} WARNING - /home/***/.local/lib/python3.12/site-packages/sklearn/metrics/_regression.py:1211 UndefinedMetricWarning: R^2 score is not well-defined with less than two samples.
[2025-07-31T09:13:32.721+0000] {logging_mixin.py:188} WARNING - /home/***/.local/lib/python3.12/site-packages/sklearn/metrics/_regression.py:1211 UndefinedMetricWarning: R^2 score is not well-defined with less than two samples.
[2025-07-31T09:13:32.725+0000] {logging_mixin.py:188} WARNING - /home/***/.local/lib/python3.12/site-packages/sklearn/metrics/_regression.py:492 FutureWarning: 'squared' is deprecated in version 1.4 and will be removed in 1.6. To calculate the root mean squared error, use the function'root_mean_squared_error'.
[2025-07-31T09:13:32.731+0000] {logging_mixin.py:188} WARNING - /home/***/.local/lib/python3.12/site-packages/sklearn/metrics/_regression.py:492 FutureWarning: 'squared' is deprecated in version 1.4 and will be removed in 1.6. To calculate the root mean squared error, use the function'root_mean_squared_error'.
[2025-07-31T09:13:32.793+0000] {logging_mixin.py:188} WARNING - /home/***/.local/lib/python3.12/site-packages/scipy/stats/_stats_py.py:10729 RuntimeWarning: invalid value encountered in scalar divide
[2025-07-31T09:13:32.795+0000] {logging_mixin.py:188} WARNING - /home/***/.local/lib/python3.12/site-packages/scipy/stats/_stats_py.py:10743 RuntimeWarning: invalid value encountered in sqrt
[2025-07-31T09:13:32.796+0000] {logging_mixin.py:188} WARNING - /home/***/.local/lib/python3.12/site-packages/scipy/stats/_stats_py.py:10749 RuntimeWarning: invalid value encountered in scalar divide
[2025-07-31T09:13:32.805+0000] {logging_mixin.py:188} WARNING - /home/***/.local/lib/python3.12/site-packages/scipy/stats/_stats_py.py:10729 RuntimeWarning: invalid value encountered in scalar divide
[2025-07-31T09:13:32.806+0000] {logging_mixin.py:188} WARNING - /home/***/.local/lib/python3.12/site-packages/scipy/stats/_stats_py.py:10743 RuntimeWarning: invalid value encountered in sqrt
[2025-07-31T09:13:32.807+0000] {logging_mixin.py:188} WARNING - /home/***/.local/lib/python3.12/site-packages/scipy/stats/_stats_py.py:10749 RuntimeWarning: invalid value encountered in scalar divide
[2025-07-31T09:13:32.827+0000] {logging_mixin.py:188} WARNING - /home/***/.local/lib/python3.12/site-packages/numpy/lib/_function_base_impl.py:557 RuntimeWarning: Mean of empty slice.
[2025-07-31T09:13:32.829+0000] {logging_mixin.py:188} WARNING - /home/***/.local/lib/python3.12/site-packages/numpy/_core/_methods.py:130 RuntimeWarning: invalid value encountered in divide
[2025-07-31T09:13:32.830+0000] {logging_mixin.py:188} WARNING - /home/***/.local/lib/python3.12/site-packages/numpy/lib/_function_base_impl.py:2914 RuntimeWarning: Degrees of freedom <= 0 for slice
[2025-07-31T09:13:32.831+0000] {logging_mixin.py:188} WARNING - /home/***/.local/lib/python3.12/site-packages/numpy/lib/_function_base_impl.py:2773 RuntimeWarning: divide by zero encountered in divide
[2025-07-31T09:13:32.832+0000] {logging_mixin.py:188} WARNING - /home/***/.local/lib/python3.12/site-packages/numpy/lib/_function_base_impl.py:2773 RuntimeWarning: invalid value encountered in multiply
[2025-07-31T09:13:32.834+0000] {logging_mixin.py:188} WARNING - /home/***/.local/lib/python3.12/site-packages/numpy/lib/_function_base_impl.py:557 RuntimeWarning: Mean of empty slice.
[2025-07-31T09:13:32.835+0000] {logging_mixin.py:188} WARNING - /home/***/.local/lib/python3.12/site-packages/numpy/_core/_methods.py:130 RuntimeWarning: invalid value encountered in divide
[2025-07-31T09:13:32.836+0000] {logging_mixin.py:188} WARNING - /home/***/.local/lib/python3.12/site-packages/numpy/lib/_function_base_impl.py:2914 RuntimeWarning: Degrees of freedom <= 0 for slice
[2025-07-31T09:13:32.837+0000] {logging_mixin.py:188} WARNING - /home/***/.local/lib/python3.12/site-packages/numpy/lib/_function_base_impl.py:2773 RuntimeWarning: divide by zero encountered in divide
[2025-07-31T09:13:32.838+0000] {logging_mixin.py:188} WARNING - /home/***/.local/lib/python3.12/site-packages/numpy/lib/_function_base_impl.py:2773 RuntimeWarning: invalid value encountered in multiply
[2025-07-31T09:13:32.845+0000] {logging_mixin.py:188} WARNING - /home/***/.local/lib/python3.12/site-packages/numpy/lib/_function_base_impl.py:557 RuntimeWarning: Mean of empty slice.
[2025-07-31T09:13:32.847+0000] {logging_mixin.py:188} WARNING - /home/***/.local/lib/python3.12/site-packages/numpy/_core/_methods.py:130 RuntimeWarning: invalid value encountered in divide
[2025-07-31T09:13:32.848+0000] {logging_mixin.py:188} WARNING - /home/***/.local/lib/python3.12/site-packages/numpy/lib/_function_base_impl.py:2914 RuntimeWarning: Degrees of freedom <= 0 for slice
[2025-07-31T09:13:32.849+0000] {logging_mixin.py:188} WARNING - /home/***/.local/lib/python3.12/site-packages/numpy/lib/_function_base_impl.py:2773 RuntimeWarning: divide by zero encountered in divide
[2025-07-31T09:13:32.850+0000] {logging_mixin.py:188} WARNING - /home/***/.local/lib/python3.12/site-packages/numpy/lib/_function_base_impl.py:2773 RuntimeWarning: invalid value encountered in multiply
[2025-07-31T09:13:32.852+0000] {logging_mixin.py:188} WARNING - /home/***/.local/lib/python3.12/site-packages/numpy/lib/_function_base_impl.py:557 RuntimeWarning: Mean of empty slice.
[2025-07-31T09:13:32.853+0000] {logging_mixin.py:188} WARNING - /home/***/.local/lib/python3.12/site-packages/numpy/_core/_methods.py:130 RuntimeWarning: invalid value encountered in divide
[2025-07-31T09:13:32.854+0000] {logging_mixin.py:188} WARNING - /home/***/.local/lib/python3.12/site-packages/numpy/lib/_function_base_impl.py:2914 RuntimeWarning: Degrees of freedom <= 0 for slice
[2025-07-31T09:13:32.855+0000] {logging_mixin.py:188} WARNING - /home/***/.local/lib/python3.12/site-packages/numpy/lib/_function_base_impl.py:2773 RuntimeWarning: divide by zero encountered in divide
[2025-07-31T09:13:32.856+0000] {logging_mixin.py:188} WARNING - /home/***/.local/lib/python3.12/site-packages/numpy/lib/_function_base_impl.py:2773 RuntimeWarning: invalid value encountered in multiply
[2025-07-31T09:13:33.356+0000] {drift_monitoring.py:96} INFO - ✅ Evidently report generated at: /opt/***/dags/reports/report_20250731_091332.html
[2025-07-31T09:13:33.357+0000] {drift_monitoring.py:331} INFO - ✅ No drift detected. Training will not be triggered.
[2025-07-31T09:13:33.358+0000] {python.py:237} INFO - Done. Returned value was: None
[2025-07-31T09:13:33.359+0000] {taskinstance.py:441} INFO - ::group::Post task execution logs
[2025-07-31T09:13:33.370+0000] {taskinstance.py:1205} INFO - Marking task as SUCCESS. dag_id=drift_monitoring, task_id=check_drift_and_report, execution_date=20250731T080000, start_date=20250731T091330, end_date=20250731T091333
[2025-07-31T09:13:33.415+0000] {local_task_job_runner.py:240} INFO - Task exited with return code 0
[2025-07-31T09:13:33.435+0000] {taskinstance.py:3482} INFO - 0 downstream tasks scheduled from follow-on schedule check
[2025-07-31T09:13:33.438+0000] {local_task_job_runner.py:222} INFO - ::endgroup::
