[2025-07-31T21:17:49.354+0000] {local_task_job_runner.py:120} INFO - ::group::Pre task execution logs
[2025-07-31T21:17:49.385+0000] {taskinstance.py:2073} INFO - Dependencies all met for dep_context=non-requeueable deps ti=<TaskInstance: drift_monitoring_dag.check_drift_and_trigger manual__2025-07-31T21:17:44.200491+00:00 [queued]>
[2025-07-31T21:17:49.397+0000] {taskinstance.py:2073} INFO - Dependencies all met for dep_context=requeueable deps ti=<TaskInstance: drift_monitoring_dag.check_drift_and_trigger manual__2025-07-31T21:17:44.200491+00:00 [queued]>
[2025-07-31T21:17:49.398+0000] {taskinstance.py:2303} INFO - Starting attempt 1 of 2
[2025-07-31T21:17:49.413+0000] {taskinstance.py:2327} INFO - Executing <Task(PythonOperator): check_drift_and_trigger> on 2025-07-31 21:17:44.200491+00:00
[2025-07-31T21:17:49.437+0000] {logging_mixin.py:188} WARNING - /home/***/.local/lib/python3.12/site-packages/***/task/task_runner/standard_task_runner.py:61 DeprecationWarning: This process (pid=19983) is multi-threaded, use of fork() may lead to deadlocks in the child.
[2025-07-31T21:17:49.440+0000] {standard_task_runner.py:63} INFO - Started process 20001 to run task
[2025-07-31T21:17:49.437+0000] {standard_task_runner.py:90} INFO - Running: ['***', 'tasks', 'run', 'drift_monitoring_dag', 'check_drift_and_trigger', 'manual__2025-07-31T21:17:44.200491+00:00', '--job-id', '262', '--raw', '--subdir', 'DAGS_FOLDER/drift_monitoring.py', '--cfg-path', '/tmp/tmptbluk8lo']
[2025-07-31T21:17:49.441+0000] {standard_task_runner.py:91} INFO - Job 262: Subtask check_drift_and_trigger
[2025-07-31T21:17:49.461+0000] {logging_mixin.py:188} WARNING - /home/***/.local/lib/python3.12/site-packages/***/settings.py:195 DeprecationWarning: The sql_alchemy_conn option in [core] has been moved to the sql_alchemy_conn option in [database] - the old setting has been used, but please update your config.
[2025-07-31T21:17:49.508+0000] {task_command.py:426} INFO - Running <TaskInstance: drift_monitoring_dag.check_drift_and_trigger manual__2025-07-31T21:17:44.200491+00:00 [running]> on host 44c57df83f33
[2025-07-31T21:17:49.619+0000] {taskinstance.py:2644} INFO - Exporting env vars: AIRFLOW_CTX_DAG_OWNER='***' AIRFLOW_CTX_DAG_ID='drift_monitoring_dag' AIRFLOW_CTX_TASK_ID='check_drift_and_trigger' AIRFLOW_CTX_EXECUTION_DATE='2025-07-31T21:17:44.200491+00:00' AIRFLOW_CTX_TRY_NUMBER='1' AIRFLOW_CTX_DAG_RUN_ID='manual__2025-07-31T21:17:44.200491+00:00'
[2025-07-31T21:17:49.620+0000] {taskinstance.py:430} INFO - ::endgroup::
[2025-07-31T21:17:49.708+0000] {drift_monitoring.py:59} WARNING - File not found: s3://crypto-mlops-bucket/targets/date=2025-07-31/hour=21/target.parquet
[2025-07-31T21:17:49.769+0000] {drift_monitoring.py:59} WARNING - File not found: s3://crypto-mlops-bucket/predictions/date=2025-07-31/hour=18/prediction.parquet
[2025-07-31T21:17:49.791+0000] {drift_monitoring.py:59} WARNING - File not found: s3://crypto-mlops-bucket/predictions/date=2025-07-31/hour=17/prediction.parquet
[2025-07-31T21:17:49.800+0000] {drift_monitoring.py:59} WARNING - File not found: s3://crypto-mlops-bucket/targets/date=2025-07-31/hour=17/target.parquet
[2025-07-31T21:17:49.821+0000] {drift_monitoring.py:59} WARNING - File not found: s3://crypto-mlops-bucket/targets/date=2025-07-31/hour=16/target.parquet
[2025-07-31T21:17:49.901+0000] {drift_monitoring.py:59} WARNING - File not found: s3://crypto-mlops-bucket/predictions/date=2025-07-31/hour=12/prediction.parquet
[2025-07-31T21:17:49.940+0000] {drift_monitoring.py:59} WARNING - File not found: s3://crypto-mlops-bucket/predictions/date=2025-07-31/hour=11/prediction.parquet
[2025-07-31T21:17:49.948+0000] {drift_monitoring.py:59} WARNING - File not found: s3://crypto-mlops-bucket/targets/date=2025-07-31/hour=11/target.parquet
[2025-07-31T21:17:49.956+0000] {drift_monitoring.py:59} WARNING - File not found: s3://crypto-mlops-bucket/predictions/date=2025-07-31/hour=10/prediction.parquet
[2025-07-31T21:17:49.964+0000] {drift_monitoring.py:59} WARNING - File not found: s3://crypto-mlops-bucket/targets/date=2025-07-31/hour=10/target.parquet
[2025-07-31T21:17:49.973+0000] {drift_monitoring.py:59} WARNING - File not found: s3://crypto-mlops-bucket/predictions/date=2025-07-31/hour=09/prediction.parquet
[2025-07-31T21:17:49.981+0000] {drift_monitoring.py:59} WARNING - File not found: s3://crypto-mlops-bucket/targets/date=2025-07-31/hour=09/target.parquet
[2025-07-31T21:17:49.989+0000] {drift_monitoring.py:59} WARNING - File not found: s3://crypto-mlops-bucket/predictions/date=2025-07-31/hour=08/prediction.parquet
[2025-07-31T21:17:49.997+0000] {drift_monitoring.py:59} WARNING - File not found: s3://crypto-mlops-bucket/targets/date=2025-07-31/hour=08/target.parquet
[2025-07-31T21:17:50.006+0000] {drift_monitoring.py:59} WARNING - File not found: s3://crypto-mlops-bucket/predictions/date=2025-07-31/hour=07/prediction.parquet
[2025-07-31T21:17:50.018+0000] {drift_monitoring.py:59} WARNING - File not found: s3://crypto-mlops-bucket/targets/date=2025-07-31/hour=07/target.parquet
[2025-07-31T21:17:50.028+0000] {drift_monitoring.py:59} WARNING - File not found: s3://crypto-mlops-bucket/predictions/date=2025-07-31/hour=06/prediction.parquet
[2025-07-31T21:17:50.038+0000] {drift_monitoring.py:59} WARNING - File not found: s3://crypto-mlops-bucket/targets/date=2025-07-31/hour=06/target.parquet
[2025-07-31T21:17:50.046+0000] {drift_monitoring.py:59} WARNING - File not found: s3://crypto-mlops-bucket/predictions/date=2025-07-31/hour=05/prediction.parquet
[2025-07-31T21:17:50.056+0000] {drift_monitoring.py:59} WARNING - File not found: s3://crypto-mlops-bucket/targets/date=2025-07-31/hour=05/target.parquet
[2025-07-31T21:17:50.066+0000] {drift_monitoring.py:59} WARNING - File not found: s3://crypto-mlops-bucket/predictions/date=2025-07-31/hour=04/prediction.parquet
[2025-07-31T21:17:50.075+0000] {drift_monitoring.py:59} WARNING - File not found: s3://crypto-mlops-bucket/targets/date=2025-07-31/hour=04/target.parquet
[2025-07-31T21:17:50.085+0000] {drift_monitoring.py:59} WARNING - File not found: s3://crypto-mlops-bucket/predictions/date=2025-07-31/hour=03/prediction.parquet
[2025-07-31T21:17:50.095+0000] {drift_monitoring.py:59} WARNING - File not found: s3://crypto-mlops-bucket/targets/date=2025-07-31/hour=03/target.parquet
[2025-07-31T21:17:50.105+0000] {drift_monitoring.py:59} WARNING - File not found: s3://crypto-mlops-bucket/predictions/date=2025-07-31/hour=02/prediction.parquet
[2025-07-31T21:17:50.114+0000] {drift_monitoring.py:59} WARNING - File not found: s3://crypto-mlops-bucket/targets/date=2025-07-31/hour=02/target.parquet
[2025-07-31T21:17:50.123+0000] {drift_monitoring.py:59} WARNING - File not found: s3://crypto-mlops-bucket/predictions/date=2025-07-31/hour=01/prediction.parquet
[2025-07-31T21:17:50.132+0000] {drift_monitoring.py:59} WARNING - File not found: s3://crypto-mlops-bucket/targets/date=2025-07-31/hour=01/target.parquet
[2025-07-31T21:17:50.141+0000] {drift_monitoring.py:59} WARNING - File not found: s3://crypto-mlops-bucket/predictions/date=2025-07-31/hour=00/prediction.parquet
[2025-07-31T21:17:50.149+0000] {drift_monitoring.py:59} WARNING - File not found: s3://crypto-mlops-bucket/targets/date=2025-07-31/hour=00/target.parquet
[2025-07-31T21:17:50.157+0000] {drift_monitoring.py:59} WARNING - File not found: s3://crypto-mlops-bucket/predictions/date=2025-07-30/hour=23/prediction.parquet
[2025-07-31T21:17:50.166+0000] {drift_monitoring.py:59} WARNING - File not found: s3://crypto-mlops-bucket/targets/date=2025-07-30/hour=23/target.parquet
[2025-07-31T21:17:50.175+0000] {drift_monitoring.py:59} WARNING - File not found: s3://crypto-mlops-bucket/predictions/date=2025-07-30/hour=22/prediction.parquet
[2025-07-31T21:17:50.185+0000] {drift_monitoring.py:59} WARNING - File not found: s3://crypto-mlops-bucket/targets/date=2025-07-30/hour=22/target.parquet
[2025-07-31T21:17:50.194+0000] {drift_monitoring.py:59} WARNING - File not found: s3://crypto-mlops-bucket/predictions/date=2025-07-30/hour=21/prediction.parquet
[2025-07-31T21:17:50.202+0000] {drift_monitoring.py:59} WARNING - File not found: s3://crypto-mlops-bucket/targets/date=2025-07-30/hour=21/target.parquet
[2025-07-31T21:17:50.211+0000] {drift_monitoring.py:59} WARNING - File not found: s3://crypto-mlops-bucket/predictions/date=2025-07-30/hour=20/prediction.parquet
[2025-07-31T21:17:50.220+0000] {drift_monitoring.py:59} WARNING - File not found: s3://crypto-mlops-bucket/targets/date=2025-07-30/hour=20/target.parquet
[2025-07-31T21:17:50.229+0000] {drift_monitoring.py:59} WARNING - File not found: s3://crypto-mlops-bucket/predictions/date=2025-07-30/hour=19/prediction.parquet
[2025-07-31T21:17:50.237+0000] {drift_monitoring.py:59} WARNING - File not found: s3://crypto-mlops-bucket/targets/date=2025-07-30/hour=19/target.parquet
[2025-07-31T21:17:50.246+0000] {drift_monitoring.py:59} WARNING - File not found: s3://crypto-mlops-bucket/predictions/date=2025-07-30/hour=18/prediction.parquet
[2025-07-31T21:17:50.255+0000] {drift_monitoring.py:59} WARNING - File not found: s3://crypto-mlops-bucket/targets/date=2025-07-30/hour=18/target.parquet
[2025-07-31T21:17:50.264+0000] {drift_monitoring.py:59} WARNING - File not found: s3://crypto-mlops-bucket/predictions/date=2025-07-30/hour=17/prediction.parquet
[2025-07-31T21:17:50.272+0000] {drift_monitoring.py:59} WARNING - File not found: s3://crypto-mlops-bucket/targets/date=2025-07-30/hour=17/target.parquet
[2025-07-31T21:17:50.280+0000] {drift_monitoring.py:59} WARNING - File not found: s3://crypto-mlops-bucket/predictions/date=2025-07-30/hour=16/prediction.parquet
[2025-07-31T21:17:50.288+0000] {drift_monitoring.py:59} WARNING - File not found: s3://crypto-mlops-bucket/targets/date=2025-07-30/hour=16/target.parquet
[2025-07-31T21:17:50.297+0000] {drift_monitoring.py:59} WARNING - File not found: s3://crypto-mlops-bucket/predictions/date=2025-07-30/hour=15/prediction.parquet
[2025-07-31T21:17:50.306+0000] {drift_monitoring.py:59} WARNING - File not found: s3://crypto-mlops-bucket/targets/date=2025-07-30/hour=15/target.parquet
[2025-07-31T21:17:50.314+0000] {drift_monitoring.py:59} WARNING - File not found: s3://crypto-mlops-bucket/predictions/date=2025-07-30/hour=14/prediction.parquet
[2025-07-31T21:17:50.322+0000] {drift_monitoring.py:59} WARNING - File not found: s3://crypto-mlops-bucket/targets/date=2025-07-30/hour=14/target.parquet
[2025-07-31T21:17:50.330+0000] {drift_monitoring.py:59} WARNING - File not found: s3://crypto-mlops-bucket/predictions/date=2025-07-30/hour=13/prediction.parquet
[2025-07-31T21:17:50.338+0000] {drift_monitoring.py:59} WARNING - File not found: s3://crypto-mlops-bucket/targets/date=2025-07-30/hour=13/target.parquet
[2025-07-31T21:17:50.347+0000] {drift_monitoring.py:59} WARNING - File not found: s3://crypto-mlops-bucket/predictions/date=2025-07-30/hour=12/prediction.parquet
[2025-07-31T21:17:50.355+0000] {drift_monitoring.py:59} WARNING - File not found: s3://crypto-mlops-bucket/targets/date=2025-07-30/hour=12/target.parquet
[2025-07-31T21:17:50.363+0000] {drift_monitoring.py:59} WARNING - File not found: s3://crypto-mlops-bucket/predictions/date=2025-07-30/hour=11/prediction.parquet
[2025-07-31T21:17:50.371+0000] {drift_monitoring.py:59} WARNING - File not found: s3://crypto-mlops-bucket/targets/date=2025-07-30/hour=11/target.parquet
[2025-07-31T21:17:50.380+0000] {drift_monitoring.py:59} WARNING - File not found: s3://crypto-mlops-bucket/predictions/date=2025-07-30/hour=10/prediction.parquet
[2025-07-31T21:17:50.388+0000] {drift_monitoring.py:59} WARNING - File not found: s3://crypto-mlops-bucket/targets/date=2025-07-30/hour=10/target.parquet
[2025-07-31T21:17:50.396+0000] {drift_monitoring.py:59} WARNING - File not found: s3://crypto-mlops-bucket/predictions/date=2025-07-30/hour=09/prediction.parquet
[2025-07-31T21:17:50.406+0000] {drift_monitoring.py:59} WARNING - File not found: s3://crypto-mlops-bucket/targets/date=2025-07-30/hour=09/target.parquet
[2025-07-31T21:17:50.416+0000] {drift_monitoring.py:59} WARNING - File not found: s3://crypto-mlops-bucket/predictions/date=2025-07-30/hour=08/prediction.parquet
[2025-07-31T21:17:50.425+0000] {drift_monitoring.py:59} WARNING - File not found: s3://crypto-mlops-bucket/targets/date=2025-07-30/hour=08/target.parquet
[2025-07-31T21:17:50.433+0000] {drift_monitoring.py:59} WARNING - File not found: s3://crypto-mlops-bucket/predictions/date=2025-07-30/hour=07/prediction.parquet
[2025-07-31T21:17:50.441+0000] {drift_monitoring.py:59} WARNING - File not found: s3://crypto-mlops-bucket/targets/date=2025-07-30/hour=07/target.parquet
[2025-07-31T21:17:50.451+0000] {drift_monitoring.py:59} WARNING - File not found: s3://crypto-mlops-bucket/predictions/date=2025-07-30/hour=06/prediction.parquet
[2025-07-31T21:17:50.459+0000] {drift_monitoring.py:59} WARNING - File not found: s3://crypto-mlops-bucket/targets/date=2025-07-30/hour=06/target.parquet
[2025-07-31T21:17:50.467+0000] {drift_monitoring.py:59} WARNING - File not found: s3://crypto-mlops-bucket/predictions/date=2025-07-30/hour=05/prediction.parquet
[2025-07-31T21:17:50.475+0000] {drift_monitoring.py:59} WARNING - File not found: s3://crypto-mlops-bucket/targets/date=2025-07-30/hour=05/target.parquet
[2025-07-31T21:17:50.484+0000] {drift_monitoring.py:59} WARNING - File not found: s3://crypto-mlops-bucket/predictions/date=2025-07-30/hour=04/prediction.parquet
[2025-07-31T21:17:50.492+0000] {drift_monitoring.py:59} WARNING - File not found: s3://crypto-mlops-bucket/targets/date=2025-07-30/hour=04/target.parquet
[2025-07-31T21:17:50.500+0000] {drift_monitoring.py:59} WARNING - File not found: s3://crypto-mlops-bucket/predictions/date=2025-07-30/hour=03/prediction.parquet
[2025-07-31T21:17:50.508+0000] {drift_monitoring.py:59} WARNING - File not found: s3://crypto-mlops-bucket/targets/date=2025-07-30/hour=03/target.parquet
[2025-07-31T21:17:50.517+0000] {drift_monitoring.py:59} WARNING - File not found: s3://crypto-mlops-bucket/predictions/date=2025-07-30/hour=02/prediction.parquet
[2025-07-31T21:17:50.525+0000] {drift_monitoring.py:59} WARNING - File not found: s3://crypto-mlops-bucket/targets/date=2025-07-30/hour=02/target.parquet
[2025-07-31T21:17:50.534+0000] {drift_monitoring.py:59} WARNING - File not found: s3://crypto-mlops-bucket/predictions/date=2025-07-30/hour=01/prediction.parquet
[2025-07-31T21:17:50.543+0000] {drift_monitoring.py:59} WARNING - File not found: s3://crypto-mlops-bucket/targets/date=2025-07-30/hour=01/target.parquet
[2025-07-31T21:17:50.553+0000] {drift_monitoring.py:59} WARNING - File not found: s3://crypto-mlops-bucket/predictions/date=2025-07-30/hour=00/prediction.parquet
[2025-07-31T21:17:50.563+0000] {drift_monitoring.py:59} WARNING - File not found: s3://crypto-mlops-bucket/targets/date=2025-07-30/hour=00/target.parquet
[2025-07-31T21:17:50.573+0000] {drift_monitoring.py:59} WARNING - File not found: s3://crypto-mlops-bucket/predictions/date=2025-07-29/hour=23/prediction.parquet
[2025-07-31T21:17:50.583+0000] {drift_monitoring.py:59} WARNING - File not found: s3://crypto-mlops-bucket/targets/date=2025-07-29/hour=23/target.parquet
[2025-07-31T21:17:50.593+0000] {drift_monitoring.py:59} WARNING - File not found: s3://crypto-mlops-bucket/predictions/date=2025-07-29/hour=22/prediction.parquet
[2025-07-31T21:17:50.602+0000] {drift_monitoring.py:59} WARNING - File not found: s3://crypto-mlops-bucket/targets/date=2025-07-29/hour=22/target.parquet
[2025-07-31T21:17:50.612+0000] {drift_monitoring.py:59} WARNING - File not found: s3://crypto-mlops-bucket/predictions/date=2025-07-29/hour=21/prediction.parquet
[2025-07-31T21:17:50.622+0000] {drift_monitoring.py:59} WARNING - File not found: s3://crypto-mlops-bucket/targets/date=2025-07-29/hour=21/target.parquet
[2025-07-31T21:17:50.633+0000] {drift_monitoring.py:59} WARNING - File not found: s3://crypto-mlops-bucket/predictions/date=2025-07-29/hour=20/prediction.parquet
[2025-07-31T21:17:50.643+0000] {drift_monitoring.py:59} WARNING - File not found: s3://crypto-mlops-bucket/targets/date=2025-07-29/hour=20/target.parquet
[2025-07-31T21:17:50.652+0000] {drift_monitoring.py:59} WARNING - File not found: s3://crypto-mlops-bucket/predictions/date=2025-07-29/hour=19/prediction.parquet
[2025-07-31T21:17:50.662+0000] {drift_monitoring.py:59} WARNING - File not found: s3://crypto-mlops-bucket/targets/date=2025-07-29/hour=19/target.parquet
[2025-07-31T21:17:50.670+0000] {drift_monitoring.py:59} WARNING - File not found: s3://crypto-mlops-bucket/predictions/date=2025-07-29/hour=18/prediction.parquet
[2025-07-31T21:17:50.679+0000] {drift_monitoring.py:59} WARNING - File not found: s3://crypto-mlops-bucket/targets/date=2025-07-29/hour=18/target.parquet
[2025-07-31T21:17:50.688+0000] {drift_monitoring.py:59} WARNING - File not found: s3://crypto-mlops-bucket/predictions/date=2025-07-29/hour=17/prediction.parquet
[2025-07-31T21:17:50.696+0000] {drift_monitoring.py:59} WARNING - File not found: s3://crypto-mlops-bucket/targets/date=2025-07-29/hour=17/target.parquet
[2025-07-31T21:17:50.705+0000] {drift_monitoring.py:59} WARNING - File not found: s3://crypto-mlops-bucket/predictions/date=2025-07-29/hour=16/prediction.parquet
[2025-07-31T21:17:50.713+0000] {drift_monitoring.py:59} WARNING - File not found: s3://crypto-mlops-bucket/targets/date=2025-07-29/hour=16/target.parquet
[2025-07-31T21:17:50.721+0000] {drift_monitoring.py:59} WARNING - File not found: s3://crypto-mlops-bucket/predictions/date=2025-07-29/hour=15/prediction.parquet
[2025-07-31T21:17:50.728+0000] {drift_monitoring.py:59} WARNING - File not found: s3://crypto-mlops-bucket/targets/date=2025-07-29/hour=15/target.parquet
[2025-07-31T21:17:50.737+0000] {drift_monitoring.py:59} WARNING - File not found: s3://crypto-mlops-bucket/predictions/date=2025-07-29/hour=14/prediction.parquet
[2025-07-31T21:17:50.745+0000] {drift_monitoring.py:59} WARNING - File not found: s3://crypto-mlops-bucket/targets/date=2025-07-29/hour=14/target.parquet
[2025-07-31T21:17:50.753+0000] {drift_monitoring.py:59} WARNING - File not found: s3://crypto-mlops-bucket/predictions/date=2025-07-29/hour=13/prediction.parquet
[2025-07-31T21:17:50.760+0000] {drift_monitoring.py:59} WARNING - File not found: s3://crypto-mlops-bucket/targets/date=2025-07-29/hour=13/target.parquet
[2025-07-31T21:17:50.769+0000] {drift_monitoring.py:59} WARNING - File not found: s3://crypto-mlops-bucket/predictions/date=2025-07-29/hour=12/prediction.parquet
[2025-07-31T21:17:50.777+0000] {drift_monitoring.py:59} WARNING - File not found: s3://crypto-mlops-bucket/targets/date=2025-07-29/hour=12/target.parquet
[2025-07-31T21:17:50.785+0000] {drift_monitoring.py:59} WARNING - File not found: s3://crypto-mlops-bucket/predictions/date=2025-07-29/hour=11/prediction.parquet
[2025-07-31T21:17:50.793+0000] {drift_monitoring.py:59} WARNING - File not found: s3://crypto-mlops-bucket/targets/date=2025-07-29/hour=11/target.parquet
[2025-07-31T21:17:50.802+0000] {drift_monitoring.py:59} WARNING - File not found: s3://crypto-mlops-bucket/predictions/date=2025-07-29/hour=10/prediction.parquet
[2025-07-31T21:17:50.810+0000] {drift_monitoring.py:59} WARNING - File not found: s3://crypto-mlops-bucket/targets/date=2025-07-29/hour=10/target.parquet
[2025-07-31T21:17:50.818+0000] {drift_monitoring.py:59} WARNING - File not found: s3://crypto-mlops-bucket/predictions/date=2025-07-29/hour=09/prediction.parquet
[2025-07-31T21:17:50.826+0000] {drift_monitoring.py:59} WARNING - File not found: s3://crypto-mlops-bucket/targets/date=2025-07-29/hour=09/target.parquet
[2025-07-31T21:17:50.834+0000] {drift_monitoring.py:59} WARNING - File not found: s3://crypto-mlops-bucket/predictions/date=2025-07-29/hour=08/prediction.parquet
[2025-07-31T21:17:50.842+0000] {drift_monitoring.py:59} WARNING - File not found: s3://crypto-mlops-bucket/targets/date=2025-07-29/hour=08/target.parquet
[2025-07-31T21:17:50.850+0000] {drift_monitoring.py:59} WARNING - File not found: s3://crypto-mlops-bucket/predictions/date=2025-07-29/hour=07/prediction.parquet
[2025-07-31T21:17:50.858+0000] {drift_monitoring.py:59} WARNING - File not found: s3://crypto-mlops-bucket/targets/date=2025-07-29/hour=07/target.parquet
[2025-07-31T21:17:50.865+0000] {drift_monitoring.py:59} WARNING - File not found: s3://crypto-mlops-bucket/predictions/date=2025-07-29/hour=06/prediction.parquet
[2025-07-31T21:17:50.879+0000] {drift_monitoring.py:59} WARNING - File not found: s3://crypto-mlops-bucket/targets/date=2025-07-29/hour=06/target.parquet
[2025-07-31T21:17:50.889+0000] {drift_monitoring.py:59} WARNING - File not found: s3://crypto-mlops-bucket/predictions/date=2025-07-29/hour=05/prediction.parquet
[2025-07-31T21:17:50.898+0000] {drift_monitoring.py:59} WARNING - File not found: s3://crypto-mlops-bucket/targets/date=2025-07-29/hour=05/target.parquet
[2025-07-31T21:17:50.906+0000] {drift_monitoring.py:59} WARNING - File not found: s3://crypto-mlops-bucket/predictions/date=2025-07-29/hour=04/prediction.parquet
[2025-07-31T21:17:50.915+0000] {drift_monitoring.py:59} WARNING - File not found: s3://crypto-mlops-bucket/targets/date=2025-07-29/hour=04/target.parquet
[2025-07-31T21:17:50.924+0000] {drift_monitoring.py:59} WARNING - File not found: s3://crypto-mlops-bucket/predictions/date=2025-07-29/hour=03/prediction.parquet
[2025-07-31T21:17:50.933+0000] {drift_monitoring.py:59} WARNING - File not found: s3://crypto-mlops-bucket/targets/date=2025-07-29/hour=03/target.parquet
[2025-07-31T21:17:50.941+0000] {drift_monitoring.py:59} WARNING - File not found: s3://crypto-mlops-bucket/predictions/date=2025-07-29/hour=02/prediction.parquet
[2025-07-31T21:17:50.949+0000] {drift_monitoring.py:59} WARNING - File not found: s3://crypto-mlops-bucket/targets/date=2025-07-29/hour=02/target.parquet
[2025-07-31T21:17:50.957+0000] {drift_monitoring.py:59} WARNING - File not found: s3://crypto-mlops-bucket/predictions/date=2025-07-29/hour=01/prediction.parquet
[2025-07-31T21:17:50.966+0000] {drift_monitoring.py:59} WARNING - File not found: s3://crypto-mlops-bucket/targets/date=2025-07-29/hour=01/target.parquet
[2025-07-31T21:17:50.974+0000] {drift_monitoring.py:59} WARNING - File not found: s3://crypto-mlops-bucket/predictions/date=2025-07-29/hour=00/prediction.parquet
[2025-07-31T21:17:50.983+0000] {drift_monitoring.py:59} WARNING - File not found: s3://crypto-mlops-bucket/targets/date=2025-07-29/hour=00/target.parquet
[2025-07-31T21:17:50.991+0000] {drift_monitoring.py:59} WARNING - File not found: s3://crypto-mlops-bucket/predictions/date=2025-07-28/hour=23/prediction.parquet
[2025-07-31T21:17:51.001+0000] {drift_monitoring.py:59} WARNING - File not found: s3://crypto-mlops-bucket/targets/date=2025-07-28/hour=23/target.parquet
[2025-07-31T21:17:51.009+0000] {drift_monitoring.py:59} WARNING - File not found: s3://crypto-mlops-bucket/predictions/date=2025-07-28/hour=22/prediction.parquet
[2025-07-31T21:17:51.018+0000] {drift_monitoring.py:59} WARNING - File not found: s3://crypto-mlops-bucket/targets/date=2025-07-28/hour=22/target.parquet
[2025-07-31T21:17:51.027+0000] {drift_monitoring.py:59} WARNING - File not found: s3://crypto-mlops-bucket/predictions/date=2025-07-28/hour=21/prediction.parquet
[2025-07-31T21:17:51.037+0000] {drift_monitoring.py:59} WARNING - File not found: s3://crypto-mlops-bucket/targets/date=2025-07-28/hour=21/target.parquet
[2025-07-31T21:17:51.049+0000] {drift_monitoring.py:59} WARNING - File not found: s3://crypto-mlops-bucket/predictions/date=2025-07-28/hour=20/prediction.parquet
[2025-07-31T21:17:51.061+0000] {drift_monitoring.py:59} WARNING - File not found: s3://crypto-mlops-bucket/targets/date=2025-07-28/hour=20/target.parquet
[2025-07-31T21:17:51.075+0000] {drift_monitoring.py:59} WARNING - File not found: s3://crypto-mlops-bucket/predictions/date=2025-07-28/hour=19/prediction.parquet
[2025-07-31T21:17:51.085+0000] {drift_monitoring.py:59} WARNING - File not found: s3://crypto-mlops-bucket/targets/date=2025-07-28/hour=19/target.parquet
[2025-07-31T21:17:51.095+0000] {drift_monitoring.py:59} WARNING - File not found: s3://crypto-mlops-bucket/predictions/date=2025-07-28/hour=18/prediction.parquet
[2025-07-31T21:17:51.104+0000] {drift_monitoring.py:59} WARNING - File not found: s3://crypto-mlops-bucket/targets/date=2025-07-28/hour=18/target.parquet
[2025-07-31T21:17:51.114+0000] {drift_monitoring.py:59} WARNING - File not found: s3://crypto-mlops-bucket/predictions/date=2025-07-28/hour=17/prediction.parquet
[2025-07-31T21:17:51.123+0000] {drift_monitoring.py:59} WARNING - File not found: s3://crypto-mlops-bucket/targets/date=2025-07-28/hour=17/target.parquet
[2025-07-31T21:17:51.133+0000] {drift_monitoring.py:59} WARNING - File not found: s3://crypto-mlops-bucket/predictions/date=2025-07-28/hour=16/prediction.parquet
[2025-07-31T21:17:51.143+0000] {drift_monitoring.py:59} WARNING - File not found: s3://crypto-mlops-bucket/targets/date=2025-07-28/hour=16/target.parquet
[2025-07-31T21:17:51.153+0000] {drift_monitoring.py:59} WARNING - File not found: s3://crypto-mlops-bucket/predictions/date=2025-07-28/hour=15/prediction.parquet
[2025-07-31T21:17:51.163+0000] {drift_monitoring.py:59} WARNING - File not found: s3://crypto-mlops-bucket/targets/date=2025-07-28/hour=15/target.parquet
[2025-07-31T21:17:51.172+0000] {drift_monitoring.py:59} WARNING - File not found: s3://crypto-mlops-bucket/predictions/date=2025-07-28/hour=14/prediction.parquet
[2025-07-31T21:17:51.181+0000] {drift_monitoring.py:59} WARNING - File not found: s3://crypto-mlops-bucket/targets/date=2025-07-28/hour=14/target.parquet
[2025-07-31T21:17:51.190+0000] {drift_monitoring.py:59} WARNING - File not found: s3://crypto-mlops-bucket/predictions/date=2025-07-28/hour=13/prediction.parquet
[2025-07-31T21:17:51.199+0000] {drift_monitoring.py:59} WARNING - File not found: s3://crypto-mlops-bucket/targets/date=2025-07-28/hour=13/target.parquet
[2025-07-31T21:17:51.208+0000] {drift_monitoring.py:59} WARNING - File not found: s3://crypto-mlops-bucket/predictions/date=2025-07-28/hour=12/prediction.parquet
[2025-07-31T21:17:51.217+0000] {drift_monitoring.py:59} WARNING - File not found: s3://crypto-mlops-bucket/targets/date=2025-07-28/hour=12/target.parquet
[2025-07-31T21:17:51.227+0000] {drift_monitoring.py:59} WARNING - File not found: s3://crypto-mlops-bucket/predictions/date=2025-07-28/hour=11/prediction.parquet
[2025-07-31T21:17:51.236+0000] {drift_monitoring.py:59} WARNING - File not found: s3://crypto-mlops-bucket/targets/date=2025-07-28/hour=11/target.parquet
[2025-07-31T21:17:51.245+0000] {drift_monitoring.py:59} WARNING - File not found: s3://crypto-mlops-bucket/predictions/date=2025-07-28/hour=10/prediction.parquet
[2025-07-31T21:17:51.254+0000] {drift_monitoring.py:59} WARNING - File not found: s3://crypto-mlops-bucket/targets/date=2025-07-28/hour=10/target.parquet
[2025-07-31T21:17:51.263+0000] {drift_monitoring.py:59} WARNING - File not found: s3://crypto-mlops-bucket/predictions/date=2025-07-28/hour=09/prediction.parquet
[2025-07-31T21:17:51.271+0000] {drift_monitoring.py:59} WARNING - File not found: s3://crypto-mlops-bucket/targets/date=2025-07-28/hour=09/target.parquet
[2025-07-31T21:17:51.280+0000] {drift_monitoring.py:59} WARNING - File not found: s3://crypto-mlops-bucket/predictions/date=2025-07-28/hour=08/prediction.parquet
[2025-07-31T21:17:51.289+0000] {drift_monitoring.py:59} WARNING - File not found: s3://crypto-mlops-bucket/targets/date=2025-07-28/hour=08/target.parquet
[2025-07-31T21:17:51.298+0000] {drift_monitoring.py:59} WARNING - File not found: s3://crypto-mlops-bucket/predictions/date=2025-07-28/hour=07/prediction.parquet
[2025-07-31T21:17:51.308+0000] {drift_monitoring.py:59} WARNING - File not found: s3://crypto-mlops-bucket/targets/date=2025-07-28/hour=07/target.parquet
[2025-07-31T21:17:51.317+0000] {drift_monitoring.py:59} WARNING - File not found: s3://crypto-mlops-bucket/predictions/date=2025-07-28/hour=06/prediction.parquet
[2025-07-31T21:17:51.326+0000] {drift_monitoring.py:59} WARNING - File not found: s3://crypto-mlops-bucket/targets/date=2025-07-28/hour=06/target.parquet
[2025-07-31T21:17:51.335+0000] {drift_monitoring.py:59} WARNING - File not found: s3://crypto-mlops-bucket/predictions/date=2025-07-28/hour=05/prediction.parquet
[2025-07-31T21:17:51.345+0000] {drift_monitoring.py:59} WARNING - File not found: s3://crypto-mlops-bucket/targets/date=2025-07-28/hour=05/target.parquet
[2025-07-31T21:17:51.354+0000] {drift_monitoring.py:59} WARNING - File not found: s3://crypto-mlops-bucket/predictions/date=2025-07-28/hour=04/prediction.parquet
[2025-07-31T21:17:51.362+0000] {drift_monitoring.py:59} WARNING - File not found: s3://crypto-mlops-bucket/targets/date=2025-07-28/hour=04/target.parquet
[2025-07-31T21:17:51.371+0000] {drift_monitoring.py:59} WARNING - File not found: s3://crypto-mlops-bucket/predictions/date=2025-07-28/hour=03/prediction.parquet
[2025-07-31T21:17:51.379+0000] {drift_monitoring.py:59} WARNING - File not found: s3://crypto-mlops-bucket/targets/date=2025-07-28/hour=03/target.parquet
[2025-07-31T21:17:51.388+0000] {drift_monitoring.py:59} WARNING - File not found: s3://crypto-mlops-bucket/predictions/date=2025-07-28/hour=02/prediction.parquet
[2025-07-31T21:17:51.397+0000] {drift_monitoring.py:59} WARNING - File not found: s3://crypto-mlops-bucket/targets/date=2025-07-28/hour=02/target.parquet
[2025-07-31T21:17:51.407+0000] {drift_monitoring.py:59} WARNING - File not found: s3://crypto-mlops-bucket/predictions/date=2025-07-28/hour=01/prediction.parquet
[2025-07-31T21:17:51.416+0000] {drift_monitoring.py:59} WARNING - File not found: s3://crypto-mlops-bucket/targets/date=2025-07-28/hour=01/target.parquet
[2025-07-31T21:17:51.435+0000] {drift_monitoring.py:59} WARNING - File not found: s3://crypto-mlops-bucket/predictions/date=2025-07-28/hour=00/prediction.parquet
[2025-07-31T21:17:51.443+0000] {drift_monitoring.py:59} WARNING - File not found: s3://crypto-mlops-bucket/targets/date=2025-07-28/hour=00/target.parquet
[2025-07-31T21:17:51.452+0000] {drift_monitoring.py:59} WARNING - File not found: s3://crypto-mlops-bucket/predictions/date=2025-07-27/hour=23/prediction.parquet
[2025-07-31T21:17:51.460+0000] {drift_monitoring.py:59} WARNING - File not found: s3://crypto-mlops-bucket/targets/date=2025-07-27/hour=23/target.parquet
[2025-07-31T21:17:51.470+0000] {drift_monitoring.py:59} WARNING - File not found: s3://crypto-mlops-bucket/predictions/date=2025-07-27/hour=22/prediction.parquet
[2025-07-31T21:17:51.479+0000] {drift_monitoring.py:59} WARNING - File not found: s3://crypto-mlops-bucket/targets/date=2025-07-27/hour=22/target.parquet
[2025-07-31T21:17:51.488+0000] {drift_monitoring.py:59} WARNING - File not found: s3://crypto-mlops-bucket/predictions/date=2025-07-27/hour=21/prediction.parquet
[2025-07-31T21:17:51.496+0000] {drift_monitoring.py:59} WARNING - File not found: s3://crypto-mlops-bucket/targets/date=2025-07-27/hour=21/target.parquet
[2025-07-31T21:17:51.505+0000] {drift_monitoring.py:59} WARNING - File not found: s3://crypto-mlops-bucket/predictions/date=2025-07-27/hour=20/prediction.parquet
[2025-07-31T21:17:51.515+0000] {drift_monitoring.py:59} WARNING - File not found: s3://crypto-mlops-bucket/targets/date=2025-07-27/hour=20/target.parquet
[2025-07-31T21:17:51.523+0000] {drift_monitoring.py:59} WARNING - File not found: s3://crypto-mlops-bucket/predictions/date=2025-07-27/hour=19/prediction.parquet
[2025-07-31T21:17:51.532+0000] {drift_monitoring.py:59} WARNING - File not found: s3://crypto-mlops-bucket/targets/date=2025-07-27/hour=19/target.parquet
[2025-07-31T21:17:51.540+0000] {drift_monitoring.py:59} WARNING - File not found: s3://crypto-mlops-bucket/predictions/date=2025-07-27/hour=18/prediction.parquet
[2025-07-31T21:17:51.549+0000] {drift_monitoring.py:59} WARNING - File not found: s3://crypto-mlops-bucket/targets/date=2025-07-27/hour=18/target.parquet
[2025-07-31T21:17:51.558+0000] {drift_monitoring.py:59} WARNING - File not found: s3://crypto-mlops-bucket/predictions/date=2025-07-27/hour=17/prediction.parquet
[2025-07-31T21:17:51.567+0000] {drift_monitoring.py:59} WARNING - File not found: s3://crypto-mlops-bucket/targets/date=2025-07-27/hour=17/target.parquet
[2025-07-31T21:17:51.575+0000] {drift_monitoring.py:59} WARNING - File not found: s3://crypto-mlops-bucket/predictions/date=2025-07-27/hour=16/prediction.parquet
[2025-07-31T21:17:51.584+0000] {drift_monitoring.py:59} WARNING - File not found: s3://crypto-mlops-bucket/targets/date=2025-07-27/hour=16/target.parquet
[2025-07-31T21:17:51.593+0000] {drift_monitoring.py:59} WARNING - File not found: s3://crypto-mlops-bucket/predictions/date=2025-07-27/hour=15/prediction.parquet
[2025-07-31T21:17:51.602+0000] {drift_monitoring.py:59} WARNING - File not found: s3://crypto-mlops-bucket/targets/date=2025-07-27/hour=15/target.parquet
[2025-07-31T21:17:51.611+0000] {drift_monitoring.py:59} WARNING - File not found: s3://crypto-mlops-bucket/predictions/date=2025-07-27/hour=14/prediction.parquet
[2025-07-31T21:17:51.620+0000] {drift_monitoring.py:59} WARNING - File not found: s3://crypto-mlops-bucket/targets/date=2025-07-27/hour=14/target.parquet
[2025-07-31T21:17:51.628+0000] {drift_monitoring.py:59} WARNING - File not found: s3://crypto-mlops-bucket/predictions/date=2025-07-27/hour=13/prediction.parquet
[2025-07-31T21:17:51.638+0000] {drift_monitoring.py:59} WARNING - File not found: s3://crypto-mlops-bucket/targets/date=2025-07-27/hour=13/target.parquet
[2025-07-31T21:17:51.647+0000] {drift_monitoring.py:59} WARNING - File not found: s3://crypto-mlops-bucket/predictions/date=2025-07-27/hour=12/prediction.parquet
[2025-07-31T21:17:51.658+0000] {drift_monitoring.py:59} WARNING - File not found: s3://crypto-mlops-bucket/targets/date=2025-07-27/hour=12/target.parquet
[2025-07-31T21:17:51.669+0000] {drift_monitoring.py:59} WARNING - File not found: s3://crypto-mlops-bucket/predictions/date=2025-07-27/hour=11/prediction.parquet
[2025-07-31T21:17:51.678+0000] {drift_monitoring.py:59} WARNING - File not found: s3://crypto-mlops-bucket/targets/date=2025-07-27/hour=11/target.parquet
[2025-07-31T21:17:51.687+0000] {drift_monitoring.py:59} WARNING - File not found: s3://crypto-mlops-bucket/predictions/date=2025-07-27/hour=10/prediction.parquet
[2025-07-31T21:17:51.696+0000] {drift_monitoring.py:59} WARNING - File not found: s3://crypto-mlops-bucket/targets/date=2025-07-27/hour=10/target.parquet
[2025-07-31T21:17:51.706+0000] {drift_monitoring.py:59} WARNING - File not found: s3://crypto-mlops-bucket/predictions/date=2025-07-27/hour=09/prediction.parquet
[2025-07-31T21:17:51.715+0000] {drift_monitoring.py:59} WARNING - File not found: s3://crypto-mlops-bucket/targets/date=2025-07-27/hour=09/target.parquet
[2025-07-31T21:17:51.724+0000] {drift_monitoring.py:59} WARNING - File not found: s3://crypto-mlops-bucket/predictions/date=2025-07-27/hour=08/prediction.parquet
[2025-07-31T21:17:51.733+0000] {drift_monitoring.py:59} WARNING - File not found: s3://crypto-mlops-bucket/targets/date=2025-07-27/hour=08/target.parquet
[2025-07-31T21:17:51.741+0000] {drift_monitoring.py:59} WARNING - File not found: s3://crypto-mlops-bucket/predictions/date=2025-07-27/hour=07/prediction.parquet
[2025-07-31T21:17:51.751+0000] {drift_monitoring.py:59} WARNING - File not found: s3://crypto-mlops-bucket/targets/date=2025-07-27/hour=07/target.parquet
[2025-07-31T21:17:51.759+0000] {drift_monitoring.py:59} WARNING - File not found: s3://crypto-mlops-bucket/predictions/date=2025-07-27/hour=06/prediction.parquet
[2025-07-31T21:17:51.768+0000] {drift_monitoring.py:59} WARNING - File not found: s3://crypto-mlops-bucket/targets/date=2025-07-27/hour=06/target.parquet
[2025-07-31T21:17:51.775+0000] {drift_monitoring.py:59} WARNING - File not found: s3://crypto-mlops-bucket/predictions/date=2025-07-27/hour=05/prediction.parquet
[2025-07-31T21:17:51.785+0000] {drift_monitoring.py:59} WARNING - File not found: s3://crypto-mlops-bucket/targets/date=2025-07-27/hour=05/target.parquet
[2025-07-31T21:17:51.793+0000] {drift_monitoring.py:59} WARNING - File not found: s3://crypto-mlops-bucket/predictions/date=2025-07-27/hour=04/prediction.parquet
[2025-07-31T21:17:51.803+0000] {drift_monitoring.py:59} WARNING - File not found: s3://crypto-mlops-bucket/targets/date=2025-07-27/hour=04/target.parquet
[2025-07-31T21:17:51.812+0000] {drift_monitoring.py:59} WARNING - File not found: s3://crypto-mlops-bucket/predictions/date=2025-07-27/hour=03/prediction.parquet
[2025-07-31T21:17:51.832+0000] {drift_monitoring.py:59} WARNING - File not found: s3://crypto-mlops-bucket/targets/date=2025-07-27/hour=03/target.parquet
[2025-07-31T21:17:51.842+0000] {drift_monitoring.py:59} WARNING - File not found: s3://crypto-mlops-bucket/predictions/date=2025-07-27/hour=02/prediction.parquet
[2025-07-31T21:17:51.853+0000] {drift_monitoring.py:59} WARNING - File not found: s3://crypto-mlops-bucket/targets/date=2025-07-27/hour=02/target.parquet
[2025-07-31T21:17:51.863+0000] {drift_monitoring.py:59} WARNING - File not found: s3://crypto-mlops-bucket/predictions/date=2025-07-27/hour=01/prediction.parquet
[2025-07-31T21:17:51.874+0000] {drift_monitoring.py:59} WARNING - File not found: s3://crypto-mlops-bucket/targets/date=2025-07-27/hour=01/target.parquet
[2025-07-31T21:17:51.886+0000] {drift_monitoring.py:59} WARNING - File not found: s3://crypto-mlops-bucket/predictions/date=2025-07-27/hour=00/prediction.parquet
[2025-07-31T21:17:51.898+0000] {drift_monitoring.py:59} WARNING - File not found: s3://crypto-mlops-bucket/targets/date=2025-07-27/hour=00/target.parquet
[2025-07-31T21:17:51.918+0000] {drift_monitoring.py:59} WARNING - File not found: s3://crypto-mlops-bucket/predictions/date=2025-07-26/hour=23/prediction.parquet
[2025-07-31T21:17:51.929+0000] {drift_monitoring.py:59} WARNING - File not found: s3://crypto-mlops-bucket/targets/date=2025-07-26/hour=23/target.parquet
[2025-07-31T21:17:51.940+0000] {drift_monitoring.py:59} WARNING - File not found: s3://crypto-mlops-bucket/predictions/date=2025-07-26/hour=22/prediction.parquet
[2025-07-31T21:17:51.951+0000] {drift_monitoring.py:59} WARNING - File not found: s3://crypto-mlops-bucket/targets/date=2025-07-26/hour=22/target.parquet
[2025-07-31T21:17:51.965+0000] {drift_monitoring.py:59} WARNING - File not found: s3://crypto-mlops-bucket/predictions/date=2025-07-26/hour=21/prediction.parquet
[2025-07-31T21:17:51.974+0000] {drift_monitoring.py:59} WARNING - File not found: s3://crypto-mlops-bucket/targets/date=2025-07-26/hour=21/target.parquet
[2025-07-31T21:17:51.984+0000] {drift_monitoring.py:59} WARNING - File not found: s3://crypto-mlops-bucket/predictions/date=2025-07-26/hour=20/prediction.parquet
[2025-07-31T21:17:51.993+0000] {drift_monitoring.py:59} WARNING - File not found: s3://crypto-mlops-bucket/targets/date=2025-07-26/hour=20/target.parquet
[2025-07-31T21:17:52.003+0000] {drift_monitoring.py:59} WARNING - File not found: s3://crypto-mlops-bucket/predictions/date=2025-07-26/hour=19/prediction.parquet
[2025-07-31T21:17:52.013+0000] {drift_monitoring.py:59} WARNING - File not found: s3://crypto-mlops-bucket/targets/date=2025-07-26/hour=19/target.parquet
[2025-07-31T21:17:52.022+0000] {drift_monitoring.py:59} WARNING - File not found: s3://crypto-mlops-bucket/predictions/date=2025-07-26/hour=18/prediction.parquet
[2025-07-31T21:17:52.031+0000] {drift_monitoring.py:59} WARNING - File not found: s3://crypto-mlops-bucket/targets/date=2025-07-26/hour=18/target.parquet
[2025-07-31T21:17:52.040+0000] {drift_monitoring.py:59} WARNING - File not found: s3://crypto-mlops-bucket/predictions/date=2025-07-26/hour=17/prediction.parquet
[2025-07-31T21:17:52.050+0000] {drift_monitoring.py:59} WARNING - File not found: s3://crypto-mlops-bucket/targets/date=2025-07-26/hour=17/target.parquet
[2025-07-31T21:17:52.058+0000] {drift_monitoring.py:59} WARNING - File not found: s3://crypto-mlops-bucket/predictions/date=2025-07-26/hour=16/prediction.parquet
[2025-07-31T21:17:52.067+0000] {drift_monitoring.py:59} WARNING - File not found: s3://crypto-mlops-bucket/targets/date=2025-07-26/hour=16/target.parquet
[2025-07-31T21:17:52.075+0000] {drift_monitoring.py:59} WARNING - File not found: s3://crypto-mlops-bucket/predictions/date=2025-07-26/hour=15/prediction.parquet
[2025-07-31T21:17:52.083+0000] {drift_monitoring.py:59} WARNING - File not found: s3://crypto-mlops-bucket/targets/date=2025-07-26/hour=15/target.parquet
[2025-07-31T21:17:52.105+0000] {drift_monitoring.py:59} WARNING - File not found: s3://crypto-mlops-bucket/predictions/date=2025-07-26/hour=14/prediction.parquet
[2025-07-31T21:17:52.112+0000] {drift_monitoring.py:59} WARNING - File not found: s3://crypto-mlops-bucket/targets/date=2025-07-26/hour=14/target.parquet
[2025-07-31T21:17:52.121+0000] {drift_monitoring.py:59} WARNING - File not found: s3://crypto-mlops-bucket/predictions/date=2025-07-26/hour=13/prediction.parquet
[2025-07-31T21:17:52.129+0000] {drift_monitoring.py:59} WARNING - File not found: s3://crypto-mlops-bucket/targets/date=2025-07-26/hour=13/target.parquet
[2025-07-31T21:17:52.139+0000] {drift_monitoring.py:59} WARNING - File not found: s3://crypto-mlops-bucket/predictions/date=2025-07-26/hour=12/prediction.parquet
[2025-07-31T21:17:52.147+0000] {drift_monitoring.py:59} WARNING - File not found: s3://crypto-mlops-bucket/targets/date=2025-07-26/hour=12/target.parquet
[2025-07-31T21:17:52.155+0000] {drift_monitoring.py:59} WARNING - File not found: s3://crypto-mlops-bucket/predictions/date=2025-07-26/hour=11/prediction.parquet
[2025-07-31T21:17:52.164+0000] {drift_monitoring.py:59} WARNING - File not found: s3://crypto-mlops-bucket/targets/date=2025-07-26/hour=11/target.parquet
[2025-07-31T21:17:52.172+0000] {drift_monitoring.py:59} WARNING - File not found: s3://crypto-mlops-bucket/predictions/date=2025-07-26/hour=10/prediction.parquet
[2025-07-31T21:17:52.181+0000] {drift_monitoring.py:59} WARNING - File not found: s3://crypto-mlops-bucket/targets/date=2025-07-26/hour=10/target.parquet
[2025-07-31T21:17:52.189+0000] {drift_monitoring.py:59} WARNING - File not found: s3://crypto-mlops-bucket/predictions/date=2025-07-26/hour=09/prediction.parquet
[2025-07-31T21:17:52.198+0000] {drift_monitoring.py:59} WARNING - File not found: s3://crypto-mlops-bucket/targets/date=2025-07-26/hour=09/target.parquet
[2025-07-31T21:17:52.206+0000] {drift_monitoring.py:59} WARNING - File not found: s3://crypto-mlops-bucket/predictions/date=2025-07-26/hour=08/prediction.parquet
[2025-07-31T21:17:52.216+0000] {drift_monitoring.py:59} WARNING - File not found: s3://crypto-mlops-bucket/targets/date=2025-07-26/hour=08/target.parquet
[2025-07-31T21:17:52.224+0000] {drift_monitoring.py:59} WARNING - File not found: s3://crypto-mlops-bucket/predictions/date=2025-07-26/hour=07/prediction.parquet
[2025-07-31T21:17:52.233+0000] {drift_monitoring.py:59} WARNING - File not found: s3://crypto-mlops-bucket/targets/date=2025-07-26/hour=07/target.parquet
[2025-07-31T21:17:52.242+0000] {drift_monitoring.py:59} WARNING - File not found: s3://crypto-mlops-bucket/predictions/date=2025-07-26/hour=06/prediction.parquet
[2025-07-31T21:17:52.252+0000] {drift_monitoring.py:59} WARNING - File not found: s3://crypto-mlops-bucket/targets/date=2025-07-26/hour=06/target.parquet
[2025-07-31T21:17:52.261+0000] {drift_monitoring.py:59} WARNING - File not found: s3://crypto-mlops-bucket/predictions/date=2025-07-26/hour=05/prediction.parquet
[2025-07-31T21:17:52.272+0000] {drift_monitoring.py:59} WARNING - File not found: s3://crypto-mlops-bucket/targets/date=2025-07-26/hour=05/target.parquet
[2025-07-31T21:17:52.281+0000] {drift_monitoring.py:59} WARNING - File not found: s3://crypto-mlops-bucket/predictions/date=2025-07-26/hour=04/prediction.parquet
[2025-07-31T21:17:52.291+0000] {drift_monitoring.py:59} WARNING - File not found: s3://crypto-mlops-bucket/targets/date=2025-07-26/hour=04/target.parquet
[2025-07-31T21:17:52.301+0000] {drift_monitoring.py:59} WARNING - File not found: s3://crypto-mlops-bucket/predictions/date=2025-07-26/hour=03/prediction.parquet
[2025-07-31T21:17:52.310+0000] {drift_monitoring.py:59} WARNING - File not found: s3://crypto-mlops-bucket/targets/date=2025-07-26/hour=03/target.parquet
[2025-07-31T21:17:52.320+0000] {drift_monitoring.py:59} WARNING - File not found: s3://crypto-mlops-bucket/predictions/date=2025-07-26/hour=02/prediction.parquet
[2025-07-31T21:17:52.329+0000] {drift_monitoring.py:59} WARNING - File not found: s3://crypto-mlops-bucket/targets/date=2025-07-26/hour=02/target.parquet
[2025-07-31T21:17:52.340+0000] {drift_monitoring.py:59} WARNING - File not found: s3://crypto-mlops-bucket/predictions/date=2025-07-26/hour=01/prediction.parquet
[2025-07-31T21:17:52.350+0000] {drift_monitoring.py:59} WARNING - File not found: s3://crypto-mlops-bucket/targets/date=2025-07-26/hour=01/target.parquet
[2025-07-31T21:17:52.360+0000] {drift_monitoring.py:59} WARNING - File not found: s3://crypto-mlops-bucket/predictions/date=2025-07-26/hour=00/prediction.parquet
[2025-07-31T21:17:52.370+0000] {drift_monitoring.py:59} WARNING - File not found: s3://crypto-mlops-bucket/targets/date=2025-07-26/hour=00/target.parquet
[2025-07-31T21:17:52.380+0000] {drift_monitoring.py:59} WARNING - File not found: s3://crypto-mlops-bucket/predictions/date=2025-07-25/hour=23/prediction.parquet
[2025-07-31T21:17:52.390+0000] {drift_monitoring.py:59} WARNING - File not found: s3://crypto-mlops-bucket/targets/date=2025-07-25/hour=23/target.parquet
[2025-07-31T21:17:52.400+0000] {drift_monitoring.py:59} WARNING - File not found: s3://crypto-mlops-bucket/predictions/date=2025-07-25/hour=22/prediction.parquet
[2025-07-31T21:17:52.409+0000] {drift_monitoring.py:59} WARNING - File not found: s3://crypto-mlops-bucket/targets/date=2025-07-25/hour=22/target.parquet
[2025-07-31T21:17:52.418+0000] {drift_monitoring.py:59} WARNING - File not found: s3://crypto-mlops-bucket/predictions/date=2025-07-25/hour=21/prediction.parquet
[2025-07-31T21:17:52.429+0000] {drift_monitoring.py:59} WARNING - File not found: s3://crypto-mlops-bucket/targets/date=2025-07-25/hour=21/target.parquet
[2025-07-31T21:17:52.438+0000] {drift_monitoring.py:59} WARNING - File not found: s3://crypto-mlops-bucket/predictions/date=2025-07-25/hour=20/prediction.parquet
[2025-07-31T21:17:52.448+0000] {drift_monitoring.py:59} WARNING - File not found: s3://crypto-mlops-bucket/targets/date=2025-07-25/hour=20/target.parquet
[2025-07-31T21:17:52.457+0000] {drift_monitoring.py:59} WARNING - File not found: s3://crypto-mlops-bucket/predictions/date=2025-07-25/hour=19/prediction.parquet
[2025-07-31T21:17:52.466+0000] {drift_monitoring.py:59} WARNING - File not found: s3://crypto-mlops-bucket/targets/date=2025-07-25/hour=19/target.parquet
[2025-07-31T21:17:52.477+0000] {drift_monitoring.py:59} WARNING - File not found: s3://crypto-mlops-bucket/predictions/date=2025-07-25/hour=18/prediction.parquet
[2025-07-31T21:17:52.487+0000] {drift_monitoring.py:59} WARNING - File not found: s3://crypto-mlops-bucket/targets/date=2025-07-25/hour=18/target.parquet
[2025-07-31T21:17:52.496+0000] {drift_monitoring.py:59} WARNING - File not found: s3://crypto-mlops-bucket/predictions/date=2025-07-25/hour=17/prediction.parquet
[2025-07-31T21:17:52.506+0000] {drift_monitoring.py:59} WARNING - File not found: s3://crypto-mlops-bucket/targets/date=2025-07-25/hour=17/target.parquet
[2025-07-31T21:17:52.515+0000] {drift_monitoring.py:59} WARNING - File not found: s3://crypto-mlops-bucket/predictions/date=2025-07-25/hour=16/prediction.parquet
[2025-07-31T21:17:52.525+0000] {drift_monitoring.py:59} WARNING - File not found: s3://crypto-mlops-bucket/targets/date=2025-07-25/hour=16/target.parquet
[2025-07-31T21:17:52.534+0000] {drift_monitoring.py:59} WARNING - File not found: s3://crypto-mlops-bucket/predictions/date=2025-07-25/hour=15/prediction.parquet
[2025-07-31T21:17:52.543+0000] {drift_monitoring.py:59} WARNING - File not found: s3://crypto-mlops-bucket/targets/date=2025-07-25/hour=15/target.parquet
[2025-07-31T21:17:52.551+0000] {drift_monitoring.py:59} WARNING - File not found: s3://crypto-mlops-bucket/predictions/date=2025-07-25/hour=14/prediction.parquet
[2025-07-31T21:17:52.560+0000] {drift_monitoring.py:59} WARNING - File not found: s3://crypto-mlops-bucket/targets/date=2025-07-25/hour=14/target.parquet
[2025-07-31T21:17:52.569+0000] {drift_monitoring.py:59} WARNING - File not found: s3://crypto-mlops-bucket/predictions/date=2025-07-25/hour=13/prediction.parquet
[2025-07-31T21:17:52.579+0000] {drift_monitoring.py:59} WARNING - File not found: s3://crypto-mlops-bucket/targets/date=2025-07-25/hour=13/target.parquet
[2025-07-31T21:17:52.587+0000] {drift_monitoring.py:59} WARNING - File not found: s3://crypto-mlops-bucket/predictions/date=2025-07-25/hour=12/prediction.parquet
[2025-07-31T21:17:52.612+0000] {drift_monitoring.py:59} WARNING - File not found: s3://crypto-mlops-bucket/targets/date=2025-07-25/hour=12/target.parquet
[2025-07-31T21:17:52.621+0000] {drift_monitoring.py:59} WARNING - File not found: s3://crypto-mlops-bucket/predictions/date=2025-07-25/hour=11/prediction.parquet
[2025-07-31T21:17:52.631+0000] {drift_monitoring.py:59} WARNING - File not found: s3://crypto-mlops-bucket/targets/date=2025-07-25/hour=11/target.parquet
[2025-07-31T21:17:52.640+0000] {drift_monitoring.py:59} WARNING - File not found: s3://crypto-mlops-bucket/predictions/date=2025-07-25/hour=10/prediction.parquet
[2025-07-31T21:17:52.650+0000] {drift_monitoring.py:59} WARNING - File not found: s3://crypto-mlops-bucket/targets/date=2025-07-25/hour=10/target.parquet
[2025-07-31T21:17:52.660+0000] {drift_monitoring.py:59} WARNING - File not found: s3://crypto-mlops-bucket/predictions/date=2025-07-25/hour=09/prediction.parquet
[2025-07-31T21:17:52.669+0000] {drift_monitoring.py:59} WARNING - File not found: s3://crypto-mlops-bucket/targets/date=2025-07-25/hour=09/target.parquet
[2025-07-31T21:17:52.683+0000] {drift_monitoring.py:59} WARNING - File not found: s3://crypto-mlops-bucket/predictions/date=2025-07-25/hour=08/prediction.parquet
[2025-07-31T21:17:52.695+0000] {drift_monitoring.py:59} WARNING - File not found: s3://crypto-mlops-bucket/targets/date=2025-07-25/hour=08/target.parquet
[2025-07-31T21:17:52.705+0000] {drift_monitoring.py:59} WARNING - File not found: s3://crypto-mlops-bucket/predictions/date=2025-07-25/hour=07/prediction.parquet
[2025-07-31T21:17:52.714+0000] {drift_monitoring.py:59} WARNING - File not found: s3://crypto-mlops-bucket/targets/date=2025-07-25/hour=07/target.parquet
[2025-07-31T21:17:52.724+0000] {drift_monitoring.py:59} WARNING - File not found: s3://crypto-mlops-bucket/predictions/date=2025-07-25/hour=06/prediction.parquet
[2025-07-31T21:17:52.733+0000] {drift_monitoring.py:59} WARNING - File not found: s3://crypto-mlops-bucket/targets/date=2025-07-25/hour=06/target.parquet
[2025-07-31T21:17:52.743+0000] {drift_monitoring.py:59} WARNING - File not found: s3://crypto-mlops-bucket/predictions/date=2025-07-25/hour=05/prediction.parquet
[2025-07-31T21:17:52.755+0000] {drift_monitoring.py:59} WARNING - File not found: s3://crypto-mlops-bucket/targets/date=2025-07-25/hour=05/target.parquet
[2025-07-31T21:17:52.766+0000] {drift_monitoring.py:59} WARNING - File not found: s3://crypto-mlops-bucket/predictions/date=2025-07-25/hour=04/prediction.parquet
[2025-07-31T21:17:52.777+0000] {drift_monitoring.py:59} WARNING - File not found: s3://crypto-mlops-bucket/targets/date=2025-07-25/hour=04/target.parquet
[2025-07-31T21:17:52.787+0000] {drift_monitoring.py:59} WARNING - File not found: s3://crypto-mlops-bucket/predictions/date=2025-07-25/hour=03/prediction.parquet
[2025-07-31T21:17:52.797+0000] {drift_monitoring.py:59} WARNING - File not found: s3://crypto-mlops-bucket/targets/date=2025-07-25/hour=03/target.parquet
[2025-07-31T21:17:52.808+0000] {drift_monitoring.py:59} WARNING - File not found: s3://crypto-mlops-bucket/predictions/date=2025-07-25/hour=02/prediction.parquet
[2025-07-31T21:17:52.818+0000] {drift_monitoring.py:59} WARNING - File not found: s3://crypto-mlops-bucket/targets/date=2025-07-25/hour=02/target.parquet
[2025-07-31T21:17:52.827+0000] {drift_monitoring.py:59} WARNING - File not found: s3://crypto-mlops-bucket/predictions/date=2025-07-25/hour=01/prediction.parquet
[2025-07-31T21:17:52.837+0000] {drift_monitoring.py:59} WARNING - File not found: s3://crypto-mlops-bucket/targets/date=2025-07-25/hour=01/target.parquet
[2025-07-31T21:17:52.846+0000] {drift_monitoring.py:59} WARNING - File not found: s3://crypto-mlops-bucket/predictions/date=2025-07-25/hour=00/prediction.parquet
[2025-07-31T21:17:52.855+0000] {drift_monitoring.py:59} WARNING - File not found: s3://crypto-mlops-bucket/targets/date=2025-07-25/hour=00/target.parquet
[2025-07-31T21:17:52.865+0000] {drift_monitoring.py:59} WARNING - File not found: s3://crypto-mlops-bucket/predictions/date=2025-07-24/hour=23/prediction.parquet
[2025-07-31T21:17:52.874+0000] {drift_monitoring.py:59} WARNING - File not found: s3://crypto-mlops-bucket/targets/date=2025-07-24/hour=23/target.parquet
[2025-07-31T21:17:52.883+0000] {drift_monitoring.py:59} WARNING - File not found: s3://crypto-mlops-bucket/predictions/date=2025-07-24/hour=22/prediction.parquet
[2025-07-31T21:17:52.893+0000] {drift_monitoring.py:59} WARNING - File not found: s3://crypto-mlops-bucket/targets/date=2025-07-24/hour=22/target.parquet
[2025-07-31T21:17:53.000+0000] {drift_monitoring.py:169} INFO - Mean MAE over last 7 days: 0.0781 (threshold: 0.15)
[2025-07-31T21:17:53.001+0000] {drift_monitoring.py:184} INFO - No significant drift detected.
[2025-07-31T21:17:53.001+0000] {drift_monitoring.py:68} INFO - Trying to load metrics from s3://crypto-mlops-bucket/models//metrics/metrics.json
[2025-07-31T21:17:53.029+0000] {taskinstance.py:441} INFO - ::group::Post task execution logs
[2025-07-31T21:17:53.030+0000] {taskinstance.py:2890} ERROR - Task failed with exception
Traceback (most recent call last):
  File "/home/airflow/.local/lib/python3.12/site-packages/airflow/models/taskinstance.py", line 465, in _execute_task
    result = _execute_callable(context=context, **execute_callable_kwargs)
             ^^^^^^^^^^^^^^^^^^^^^^^^^^^^^^^^^^^^^^^^^^^^^^^^^^^^^^^^^^^^^
  File "/home/airflow/.local/lib/python3.12/site-packages/airflow/models/taskinstance.py", line 432, in _execute_callable
    return execute_callable(context=context, **execute_callable_kwargs)
           ^^^^^^^^^^^^^^^^^^^^^^^^^^^^^^^^^^^^^^^^^^^^^^^^^^^^^^^^^^^^
  File "/home/airflow/.local/lib/python3.12/site-packages/airflow/models/baseoperator.py", line 400, in wrapper
    return func(self, *args, **kwargs)
           ^^^^^^^^^^^^^^^^^^^^^^^^^^^
  File "/home/airflow/.local/lib/python3.12/site-packages/airflow/operators/python.py", line 235, in execute
    return_value = self.execute_callable()
                   ^^^^^^^^^^^^^^^^^^^^^^^
  File "/home/airflow/.local/lib/python3.12/site-packages/airflow/operators/python.py", line 252, in execute_callable
    return self.python_callable(*self.op_args, **self.op_kwargs)
           ^^^^^^^^^^^^^^^^^^^^^^^^^^^^^^^^^^^^^^^^^^^^^^^^^^^^^
  File "/opt/airflow/dags/drift_monitoring.py", line 185, in check_drift_and_trigger
    generate_evidently_report(full_df, report_file)
  File "/opt/airflow/dags/drift_monitoring.py", line 107, in generate_evidently_report
    report.run(reference_data=ref_df, current_data=curr_df)
  File "/home/airflow/.local/lib/python3.12/site-packages/evidently/report/report.py", line 112, in run
    data_definition = self._inner_suite.context.get_data_definition(
                      ^^^^^^^^^^^^^^^^^^^^^^^^^^^^^^^^^^^^^^^^^^^^^^
  File "/home/airflow/.local/lib/python3.12/site-packages/evidently/suite/base_suite.py", line 133, in get_data_definition
    self.data_definition = self.engine.get_data_definition(
                           ^^^^^^^^^^^^^^^^^^^^^^^^^^^^^^^^
  File "/home/airflow/.local/lib/python3.12/site-packages/evidently/calculation_engine/python_engine.py", line 54, in get_data_definition
    return create_data_definition(reference_data, current_data, column_mapping, categorical_features_cardinality)
           ^^^^^^^^^^^^^^^^^^^^^^^^^^^^^^^^^^^^^^^^^^^^^^^^^^^^^^^^^^^^^^^^^^^^^^^^^^^^^^^^^^^^^^^^^^^^^^^^^^^^^^
  File "/home/airflow/.local/lib/python3.12/site-packages/evidently/utils/data_preprocessing.py", line 304, in create_data_definition
    target_column = _process_column(
                    ^^^^^^^^^^^^^^^^
  File "/home/airflow/.local/lib/python3.12/site-packages/evidently/utils/data_preprocessing.py", line 167, in _process_column
    raise ValueError(f"Column ({column_name}) is partially present in data")
ValueError: Column (target) is partially present in data
[2025-07-31T21:17:53.048+0000] {taskinstance.py:1205} INFO - Marking task as UP_FOR_RETRY. dag_id=drift_monitoring_dag, task_id=check_drift_and_trigger, execution_date=20250731T211744, start_date=20250731T211749, end_date=20250731T211753
[2025-07-31T21:17:53.064+0000] {standard_task_runner.py:110} ERROR - Failed to execute job 262 for task check_drift_and_trigger (Column (target) is partially present in data; 20001)
[2025-07-31T21:17:53.113+0000] {local_task_job_runner.py:240} INFO - Task exited with return code 1
[2025-07-31T21:17:53.132+0000] {taskinstance.py:3482} INFO - 0 downstream tasks scheduled from follow-on schedule check
[2025-07-31T21:17:53.135+0000] {local_task_job_runner.py:222} INFO - ::endgroup::
