[2025-07-31T21:09:32.930+0000] {local_task_job_runner.py:120} INFO - ::group::Pre task execution logs
[2025-07-31T21:09:32.972+0000] {taskinstance.py:2073} INFO - Dependencies all met for dep_context=non-requeueable deps ti=<TaskInstance: preprocessing_hourly.preprocess_and_predict manual__2025-07-31T21:09:27.644289+00:00 [queued]>
[2025-07-31T21:09:32.982+0000] {taskinstance.py:2073} INFO - Dependencies all met for dep_context=requeueable deps ti=<TaskInstance: preprocessing_hourly.preprocess_and_predict manual__2025-07-31T21:09:27.644289+00:00 [queued]>
[2025-07-31T21:09:32.983+0000] {taskinstance.py:2303} INFO - Starting attempt 1 of 2
[2025-07-31T21:09:32.999+0000] {taskinstance.py:2327} INFO - Executing <Task(PythonOperator): preprocess_and_predict> on 2025-07-31 21:09:27.644289+00:00
[2025-07-31T21:09:33.023+0000] {logging_mixin.py:188} WARNING - /home/***/.local/lib/python3.12/site-packages/***/task/task_runner/standard_task_runner.py:61 DeprecationWarning: This process (pid=18895) is multi-threaded, use of fork() may lead to deadlocks in the child.
[2025-07-31T21:09:33.022+0000] {standard_task_runner.py:90} INFO - Running: ['***', 'tasks', 'run', 'preprocessing_hourly', 'preprocess_and_predict', 'manual__2025-07-31T21:09:27.644289+00:00', '--job-id', '259', '--raw', '--subdir', 'DAGS_FOLDER/hourly_inference.py', '--cfg-path', '/tmp/tmptb4_v54y']
[2025-07-31T21:09:33.025+0000] {standard_task_runner.py:63} INFO - Started process 18915 to run task
[2025-07-31T21:09:33.025+0000] {standard_task_runner.py:91} INFO - Job 259: Subtask preprocess_and_predict
[2025-07-31T21:09:33.045+0000] {logging_mixin.py:188} WARNING - /home/***/.local/lib/python3.12/site-packages/***/settings.py:195 DeprecationWarning: The sql_alchemy_conn option in [core] has been moved to the sql_alchemy_conn option in [database] - the old setting has been used, but please update your config.
[2025-07-31T21:09:33.088+0000] {task_command.py:426} INFO - Running <TaskInstance: preprocessing_hourly.preprocess_and_predict manual__2025-07-31T21:09:27.644289+00:00 [running]> on host 44c57df83f33
[2025-07-31T21:09:33.221+0000] {taskinstance.py:2644} INFO - Exporting env vars: AIRFLOW_CTX_DAG_OWNER='mlops' AIRFLOW_CTX_DAG_ID='preprocessing_hourly' AIRFLOW_CTX_TASK_ID='preprocess_and_predict' AIRFLOW_CTX_EXECUTION_DATE='2025-07-31T21:09:27.644289+00:00' AIRFLOW_CTX_TRY_NUMBER='1' AIRFLOW_CTX_DAG_RUN_ID='manual__2025-07-31T21:09:27.644289+00:00'
[2025-07-31T21:09:33.223+0000] {taskinstance.py:430} INFO - ::endgroup::
[2025-07-31T21:09:33.243+0000] {logging_mixin.py:188} WARNING - /home/***/.local/lib/python3.12/site-packages/***/utils/context.py:320 AirflowContextDeprecationWarning: Accessing 'execution_date' from the template is deprecated and will be removed in a future version. Please use 'data_interval_start' or 'logical_date' instead.
[2025-07-31T21:09:33.244+0000] {hourly_inference.py:70} INFO - [DEBUG] Execution date: 2025-07-31 21:09:27.644289+00:00 (type=<class 'Proxy'>)
[2025-07-31T21:09:33.265+0000] {hourly_inference.py:58} INFO - Bucket crypto-mlops-bucket exists
[2025-07-31T21:09:33.286+0000] {data_ingestion.py:42} INFO - current_start: 2025-07-01 21:09:27.644289+00:00, current_end: 2025-07-02 22:09:27.644289+00:00
[2025-07-31T21:09:33.740+0000] {data_ingestion.py:62} INFO - Fetched 300 candles for BTC-USD from 2025-07-01 21:09:27.644289+00:00 to 2025-07-02 22:09:27.644289+00:00
[2025-07-31T21:09:33.742+0000] {data_ingestion.py:42} INFO - current_start: 2025-07-02 22:09:27.644289+00:00, current_end: 2025-07-03 23:09:27.644289+00:00
[2025-07-31T21:09:34.166+0000] {data_ingestion.py:62} INFO - Fetched 300 candles for BTC-USD from 2025-07-02 22:09:27.644289+00:00 to 2025-07-03 23:09:27.644289+00:00
[2025-07-31T21:09:34.168+0000] {data_ingestion.py:42} INFO - current_start: 2025-07-03 23:09:27.644289+00:00, current_end: 2025-07-05 00:09:27.644289+00:00
[2025-07-31T21:09:34.675+0000] {data_ingestion.py:62} INFO - Fetched 300 candles for BTC-USD from 2025-07-03 23:09:27.644289+00:00 to 2025-07-05 00:09:27.644289+00:00
[2025-07-31T21:09:34.677+0000] {data_ingestion.py:42} INFO - current_start: 2025-07-05 00:09:27.644289+00:00, current_end: 2025-07-06 01:09:27.644289+00:00
[2025-07-31T21:09:34.875+0000] {data_ingestion.py:62} INFO - Fetched 300 candles for BTC-USD from 2025-07-05 00:09:27.644289+00:00 to 2025-07-06 01:09:27.644289+00:00
[2025-07-31T21:09:34.878+0000] {data_ingestion.py:42} INFO - current_start: 2025-07-06 01:09:27.644289+00:00, current_end: 2025-07-07 02:09:27.644289+00:00
[2025-07-31T21:09:35.090+0000] {data_ingestion.py:62} INFO - Fetched 300 candles for BTC-USD from 2025-07-06 01:09:27.644289+00:00 to 2025-07-07 02:09:27.644289+00:00
[2025-07-31T21:09:35.092+0000] {data_ingestion.py:42} INFO - current_start: 2025-07-07 02:09:27.644289+00:00, current_end: 2025-07-08 03:09:27.644289+00:00
[2025-07-31T21:09:35.598+0000] {data_ingestion.py:62} INFO - Fetched 300 candles for BTC-USD from 2025-07-07 02:09:27.644289+00:00 to 2025-07-08 03:09:27.644289+00:00
[2025-07-31T21:09:35.600+0000] {data_ingestion.py:42} INFO - current_start: 2025-07-08 03:09:27.644289+00:00, current_end: 2025-07-09 04:09:27.644289+00:00
[2025-07-31T21:09:35.781+0000] {data_ingestion.py:62} INFO - Fetched 300 candles for BTC-USD from 2025-07-08 03:09:27.644289+00:00 to 2025-07-09 04:09:27.644289+00:00
[2025-07-31T21:09:35.783+0000] {data_ingestion.py:42} INFO - current_start: 2025-07-09 04:09:27.644289+00:00, current_end: 2025-07-10 05:09:27.644289+00:00
[2025-07-31T21:09:36.237+0000] {data_ingestion.py:62} INFO - Fetched 300 candles for BTC-USD from 2025-07-09 04:09:27.644289+00:00 to 2025-07-10 05:09:27.644289+00:00
[2025-07-31T21:09:36.239+0000] {data_ingestion.py:42} INFO - current_start: 2025-07-10 05:09:27.644289+00:00, current_end: 2025-07-11 06:09:27.644289+00:00
[2025-07-31T21:09:36.442+0000] {data_ingestion.py:62} INFO - Fetched 300 candles for BTC-USD from 2025-07-10 05:09:27.644289+00:00 to 2025-07-11 06:09:27.644289+00:00
[2025-07-31T21:09:36.444+0000] {data_ingestion.py:42} INFO - current_start: 2025-07-11 06:09:27.644289+00:00, current_end: 2025-07-12 07:09:27.644289+00:00
[2025-07-31T21:09:36.874+0000] {data_ingestion.py:62} INFO - Fetched 300 candles for BTC-USD from 2025-07-11 06:09:27.644289+00:00 to 2025-07-12 07:09:27.644289+00:00
[2025-07-31T21:09:36.877+0000] {data_ingestion.py:42} INFO - current_start: 2025-07-12 07:09:27.644289+00:00, current_end: 2025-07-13 08:09:27.644289+00:00
[2025-07-31T21:09:37.091+0000] {data_ingestion.py:62} INFO - Fetched 300 candles for BTC-USD from 2025-07-12 07:09:27.644289+00:00 to 2025-07-13 08:09:27.644289+00:00
[2025-07-31T21:09:37.093+0000] {data_ingestion.py:42} INFO - current_start: 2025-07-13 08:09:27.644289+00:00, current_end: 2025-07-14 09:09:27.644289+00:00
[2025-07-31T21:09:37.305+0000] {data_ingestion.py:62} INFO - Fetched 300 candles for BTC-USD from 2025-07-13 08:09:27.644289+00:00 to 2025-07-14 09:09:27.644289+00:00
[2025-07-31T21:09:37.307+0000] {data_ingestion.py:42} INFO - current_start: 2025-07-14 09:09:27.644289+00:00, current_end: 2025-07-15 10:09:27.644289+00:00
[2025-07-31T21:09:37.527+0000] {data_ingestion.py:62} INFO - Fetched 300 candles for BTC-USD from 2025-07-14 09:09:27.644289+00:00 to 2025-07-15 10:09:27.644289+00:00
[2025-07-31T21:09:37.529+0000] {data_ingestion.py:42} INFO - current_start: 2025-07-15 10:09:27.644289+00:00, current_end: 2025-07-16 11:09:27.644289+00:00
[2025-07-31T21:09:37.963+0000] {data_ingestion.py:62} INFO - Fetched 300 candles for BTC-USD from 2025-07-15 10:09:27.644289+00:00 to 2025-07-16 11:09:27.644289+00:00
[2025-07-31T21:09:37.965+0000] {data_ingestion.py:42} INFO - current_start: 2025-07-16 11:09:27.644289+00:00, current_end: 2025-07-17 12:09:27.644289+00:00
[2025-07-31T21:09:38.481+0000] {data_ingestion.py:62} INFO - Fetched 300 candles for BTC-USD from 2025-07-16 11:09:27.644289+00:00 to 2025-07-17 12:09:27.644289+00:00
[2025-07-31T21:09:38.483+0000] {data_ingestion.py:42} INFO - current_start: 2025-07-17 12:09:27.644289+00:00, current_end: 2025-07-18 13:09:27.644289+00:00
[2025-07-31T21:09:38.709+0000] {data_ingestion.py:62} INFO - Fetched 300 candles for BTC-USD from 2025-07-17 12:09:27.644289+00:00 to 2025-07-18 13:09:27.644289+00:00
[2025-07-31T21:09:38.711+0000] {data_ingestion.py:42} INFO - current_start: 2025-07-18 13:09:27.644289+00:00, current_end: 2025-07-19 14:09:27.644289+00:00
[2025-07-31T21:09:39.209+0000] {data_ingestion.py:62} INFO - Fetched 300 candles for BTC-USD from 2025-07-18 13:09:27.644289+00:00 to 2025-07-19 14:09:27.644289+00:00
[2025-07-31T21:09:39.211+0000] {data_ingestion.py:42} INFO - current_start: 2025-07-19 14:09:27.644289+00:00, current_end: 2025-07-20 15:09:27.644289+00:00
[2025-07-31T21:09:39.442+0000] {data_ingestion.py:62} INFO - Fetched 300 candles for BTC-USD from 2025-07-19 14:09:27.644289+00:00 to 2025-07-20 15:09:27.644289+00:00
[2025-07-31T21:09:39.444+0000] {data_ingestion.py:42} INFO - current_start: 2025-07-20 15:09:27.644289+00:00, current_end: 2025-07-21 16:09:27.644289+00:00
[2025-07-31T21:09:39.956+0000] {data_ingestion.py:62} INFO - Fetched 300 candles for BTC-USD from 2025-07-20 15:09:27.644289+00:00 to 2025-07-21 16:09:27.644289+00:00
[2025-07-31T21:09:39.958+0000] {data_ingestion.py:42} INFO - current_start: 2025-07-21 16:09:27.644289+00:00, current_end: 2025-07-22 17:09:27.644289+00:00
[2025-07-31T21:09:40.194+0000] {data_ingestion.py:62} INFO - Fetched 300 candles for BTC-USD from 2025-07-21 16:09:27.644289+00:00 to 2025-07-22 17:09:27.644289+00:00
[2025-07-31T21:09:40.196+0000] {data_ingestion.py:42} INFO - current_start: 2025-07-22 17:09:27.644289+00:00, current_end: 2025-07-23 18:09:27.644289+00:00
[2025-07-31T21:09:40.391+0000] {data_ingestion.py:62} INFO - Fetched 300 candles for BTC-USD from 2025-07-22 17:09:27.644289+00:00 to 2025-07-23 18:09:27.644289+00:00
[2025-07-31T21:09:40.393+0000] {data_ingestion.py:42} INFO - current_start: 2025-07-23 18:09:27.644289+00:00, current_end: 2025-07-24 19:09:27.644289+00:00
[2025-07-31T21:09:40.583+0000] {data_ingestion.py:62} INFO - Fetched 300 candles for BTC-USD from 2025-07-23 18:09:27.644289+00:00 to 2025-07-24 19:09:27.644289+00:00
[2025-07-31T21:09:40.585+0000] {data_ingestion.py:42} INFO - current_start: 2025-07-24 19:09:27.644289+00:00, current_end: 2025-07-25 20:09:27.644289+00:00
[2025-07-31T21:09:40.764+0000] {data_ingestion.py:62} INFO - Fetched 300 candles for BTC-USD from 2025-07-24 19:09:27.644289+00:00 to 2025-07-25 20:09:27.644289+00:00
[2025-07-31T21:09:40.766+0000] {data_ingestion.py:42} INFO - current_start: 2025-07-25 20:09:27.644289+00:00, current_end: 2025-07-26 21:09:27.644289+00:00
[2025-07-31T21:09:40.932+0000] {data_ingestion.py:62} INFO - Fetched 300 candles for BTC-USD from 2025-07-25 20:09:27.644289+00:00 to 2025-07-26 21:09:27.644289+00:00
[2025-07-31T21:09:40.934+0000] {data_ingestion.py:42} INFO - current_start: 2025-07-26 21:09:27.644289+00:00, current_end: 2025-07-27 22:09:27.644289+00:00
[2025-07-31T21:09:41.149+0000] {data_ingestion.py:62} INFO - Fetched 300 candles for BTC-USD from 2025-07-26 21:09:27.644289+00:00 to 2025-07-27 22:09:27.644289+00:00
[2025-07-31T21:09:41.151+0000] {data_ingestion.py:42} INFO - current_start: 2025-07-27 22:09:27.644289+00:00, current_end: 2025-07-28 23:09:27.644289+00:00
[2025-07-31T21:09:41.376+0000] {data_ingestion.py:62} INFO - Fetched 300 candles for BTC-USD from 2025-07-27 22:09:27.644289+00:00 to 2025-07-28 23:09:27.644289+00:00
[2025-07-31T21:09:41.378+0000] {data_ingestion.py:42} INFO - current_start: 2025-07-28 23:09:27.644289+00:00, current_end: 2025-07-30 00:09:27.644289+00:00
[2025-07-31T21:09:41.546+0000] {data_ingestion.py:62} INFO - Fetched 300 candles for BTC-USD from 2025-07-28 23:09:27.644289+00:00 to 2025-07-30 00:09:27.644289+00:00
[2025-07-31T21:09:41.548+0000] {data_ingestion.py:42} INFO - current_start: 2025-07-30 00:09:27.644289+00:00, current_end: 2025-07-31 01:09:27.644289+00:00
[2025-07-31T21:09:41.754+0000] {data_ingestion.py:62} INFO - Fetched 300 candles for BTC-USD from 2025-07-30 00:09:27.644289+00:00 to 2025-07-31 01:09:27.644289+00:00
[2025-07-31T21:09:41.757+0000] {data_ingestion.py:42} INFO - current_start: 2025-07-31 01:09:27.644289+00:00, current_end: 2025-07-31 21:09:27.644289+00:00
[2025-07-31T21:09:41.971+0000] {data_ingestion.py:62} INFO - Fetched 240 candles for BTC-USD from 2025-07-31 01:09:27.644289+00:00 to 2025-07-31 21:09:27.644289+00:00
[2025-07-31T21:09:42.107+0000] {data_ingestion.py:104} INFO - Saved data to S3: s3://crypto-mlops-bucket/data/historical_BTC_USD_20250731210927.csv
[2025-07-31T21:09:42.108+0000] {hourly_inference.py:84} INFO - Données brutes récupérées : shape=(8640, 7)
[2025-07-31T21:09:42.176+0000] {data_processing.py:41} INFO - Loaded 8669 records from S3: data/historical_BTC_USD_20250731120000.csv
[2025-07-31T21:09:42.215+0000] {data_processing.py:41} INFO - Loaded 8669 records from S3: data/historical_BTC_USD_20250731130000.csv
[2025-07-31T21:09:42.235+0000] {data_processing.py:41} INFO - Loaded 288 records from S3: data/historical_BTC_USD_20250731130525.csv
[2025-07-31T21:09:42.276+0000] {data_processing.py:41} INFO - Loaded 8640 records from S3: data/historical_BTC_USD_20250731131241.csv
[2025-07-31T21:09:42.315+0000] {data_processing.py:41} INFO - Loaded 8640 records from S3: data/historical_BTC_USD_20250731133338.csv
[2025-07-31T21:09:42.364+0000] {data_processing.py:41} INFO - Loaded 8669 records from S3: data/historical_BTC_USD_20250731140000.csv
[2025-07-31T21:09:42.411+0000] {data_processing.py:41} INFO - Loaded 8640 records from S3: data/historical_BTC_USD_20250731142123.csv
[2025-07-31T21:09:42.450+0000] {data_processing.py:41} INFO - Loaded 8669 records from S3: data/historical_BTC_USD_20250731150000.csv
[2025-07-31T21:09:42.492+0000] {data_processing.py:41} INFO - Loaded 8640 records from S3: data/historical_BTC_USD_20250731152644.csv
[2025-07-31T21:09:42.514+0000] {data_processing.py:41} INFO - Loaded 288 records from S3: data/historical_BTC_USD_20250731154536.csv
[2025-07-31T21:09:42.553+0000] {data_processing.py:41} INFO - Loaded 8669 records from S3: data/historical_BTC_USD_20250731160000.csv
[2025-07-31T21:09:42.575+0000] {data_processing.py:41} INFO - Loaded 288 records from S3: data/historical_BTC_USD_20250731160221.csv
[2025-07-31T21:09:42.596+0000] {data_processing.py:41} INFO - Loaded 288 records from S3: data/historical_BTC_USD_20250731160852.csv
[2025-07-31T21:09:42.644+0000] {data_processing.py:41} INFO - Loaded 8669 records from S3: data/historical_BTC_USD_20250731190000.csv
[2025-07-31T21:09:42.688+0000] {data_processing.py:41} INFO - Loaded 8669 records from S3: data/historical_BTC_USD_20250731200000.csv
[2025-07-31T21:09:42.706+0000] {data_processing.py:41} INFO - Loaded 288 records from S3: data/historical_BTC_USD_20250731200329.csv
[2025-07-31T21:09:42.739+0000] {data_processing.py:41} INFO - Loaded 8640 records from S3: data/historical_BTC_USD_20250731201208.csv
[2025-07-31T21:09:42.755+0000] {data_processing.py:41} INFO - Loaded 288 records from S3: data/historical_BTC_USD_20250731210452.csv
[2025-07-31T21:09:42.782+0000] {data_processing.py:41} INFO - Loaded 8640 records from S3: data/historical_BTC_USD_20250731210927.csv
[2025-07-31T21:09:42.800+0000] {data_processing.py:84} INFO - Combined 8750 records for BTC-USD
[2025-07-31T21:09:42.804+0000] {hourly_inference.py:88} INFO - Données combinées : shape=(8750, 7)
[2025-07-31T21:09:42.914+0000] {data_processing.py:168} INFO - Removed 50 rows with NaN values. Final shape: (8700, 84)
[2025-07-31T21:09:42.916+0000] {hourly_inference.py:91} INFO - Features : shape=(8700, 84)
[2025-07-31T21:09:42.937+0000] {logging_mixin.py:188} WARNING - /opt/***/src/data_processing.py:187 FutureWarning: DataFrame.fillna with 'method' is deprecated and will raise in a future version. Use obj.ffill() or obj.bfill() instead.
[2025-07-31T21:09:42.945+0000] {data_processing.py:189} INFO - Prepared features: (8700, 80), Target: (8700,)
[2025-07-31T21:09:42.946+0000] {data_processing.py:190} INFO - Feature columns: 80
[2025-07-31T21:09:42.969+0000] {hourly_inference.py:106} INFO - Last row : shape=(1, 80)
[2025-07-31T21:09:42.998+0000] {hourly_inference.py:116} INFO - ✅ Features uploaded → s3://crypto-mlops-bucket/features/date=2025-07-31/hour=21/features.parquet
[2025-07-31T21:09:43.012+0000] {hourly_inference.py:131} INFO - ✅ Target uploaded → s3://crypto-mlops-bucket/targets/date=2025-07-31/hour=20/target.parquet
[2025-07-31T21:09:43.180+0000] {credentials.py:1147} INFO - Found credentials in environment variables.
[2025-07-31T21:09:43.266+0000] {logging_mixin.py:188} WARNING - Downloading artifacts:   0%|          | 0/5 [00:00<?, ?it/s]
[2025-07-31T21:09:43.295+0000] {logging_mixin.py:188} WARNING - Downloading artifacts:  20%|##        | 1/5 [00:00<00:00, 36.37it/s]
[2025-07-31T21:09:43.296+0000] {logging_mixin.py:188} WARNING - Downloading artifacts:  40%|####      | 2/5 [00:00<00:00, 69.59it/s]
[2025-07-31T21:09:43.315+0000] {logging_mixin.py:188} WARNING - Downloading artifacts:  60%|######    | 3/5 [00:00<00:00, 62.91it/s]
[2025-07-31T21:09:43.316+0000] {logging_mixin.py:188} WARNING - Downloading artifacts:  80%|########  | 4/5 [00:00<00:00, 81.38it/s]
[2025-07-31T21:09:43.317+0000] {logging_mixin.py:188} WARNING - Downloading artifacts: 100%|##########| 5/5 [00:00<00:00, 100.41it/s]
[2025-07-31T21:09:43.318+0000] {logging_mixin.py:188} WARNING - Downloading artifacts: 100%|##########| 5/5 [00:00<00:00, 98.74it/s] 
[2025-07-31T21:09:43.543+0000] {hourly_inference.py:144} INFO - ✅ Model loaded: crypto_lightgbm_model_BTC_USD, version 21
[2025-07-31T21:09:43.565+0000] {hourly_inference.py:164} INFO - ✅ Prediction uploaded → s3://crypto-mlops-bucket/predictions/date=2025-07-31/hour=21/prediction.parquet
[2025-07-31T21:09:43.567+0000] {python.py:237} INFO - Done. Returned value was: None
[2025-07-31T21:09:43.568+0000] {taskinstance.py:441} INFO - ::group::Post task execution logs
[2025-07-31T21:09:43.582+0000] {taskinstance.py:1205} INFO - Marking task as SUCCESS. dag_id=preprocessing_hourly, task_id=preprocess_and_predict, execution_date=20250731T210927, start_date=20250731T210932, end_date=20250731T210943
[2025-07-31T21:09:43.631+0000] {local_task_job_runner.py:240} INFO - Task exited with return code 0
[2025-07-31T21:09:43.660+0000] {taskinstance.py:3482} INFO - 0 downstream tasks scheduled from follow-on schedule check
[2025-07-31T21:09:43.662+0000] {local_task_job_runner.py:222} INFO - ::endgroup::
