[2025-07-27T21:03:05.542+0000] {local_task_job_runner.py:120} INFO - ::group::Pre task execution logs
[2025-07-27T21:03:05.583+0000] {taskinstance.py:2073} INFO - Dependencies all met for dep_context=non-requeueable deps ti=<TaskInstance: preprocessing_hourly.preprocess_and_upload manual__2025-07-27T21:02:44.701897+00:00 [queued]>
[2025-07-27T21:03:05.596+0000] {taskinstance.py:2073} INFO - Dependencies all met for dep_context=requeueable deps ti=<TaskInstance: preprocessing_hourly.preprocess_and_upload manual__2025-07-27T21:02:44.701897+00:00 [queued]>
[2025-07-27T21:03:05.618+0000] {taskinstance.py:2303} INFO - Starting attempt 1 of 2
[2025-07-27T21:03:05.869+0000] {taskinstance.py:2327} INFO - Executing <Task(PythonOperator): preprocess_and_upload> on 2025-07-27 21:02:44.701897+00:00
[2025-07-27T21:03:05.885+0000] {standard_task_runner.py:90} INFO - Running: ['***', 'tasks', 'run', 'preprocessing_hourly', 'preprocess_and_upload', 'manual__2025-07-27T21:02:44.701897+00:00', '--job-id', '8', '--raw', '--subdir', 'DAGS_FOLDER/ingestion_inference.py', '--cfg-path', '/tmp/tmpa4_rb3bt']
[2025-07-27T21:03:05.887+0000] {logging_mixin.py:188} WARNING - /home/***/.local/lib/python3.12/site-packages/***/task/task_runner/standard_task_runner.py:61 DeprecationWarning: This process (pid=838) is multi-threaded, use of fork() may lead to deadlocks in the child.
[2025-07-27T21:03:05.889+0000] {standard_task_runner.py:91} INFO - Job 8: Subtask preprocess_and_upload
[2025-07-27T21:03:05.889+0000] {standard_task_runner.py:63} INFO - Started process 855 to run task
[2025-07-27T21:03:05.907+0000] {logging_mixin.py:188} WARNING - /home/***/.local/lib/python3.12/site-packages/***/settings.py:195 DeprecationWarning: The sql_alchemy_conn option in [core] has been moved to the sql_alchemy_conn option in [database] - the old setting has been used, but please update your config.
[2025-07-27T21:03:05.950+0000] {task_command.py:426} INFO - Running <TaskInstance: preprocessing_hourly.preprocess_and_upload manual__2025-07-27T21:02:44.701897+00:00 [running]> on host e2495d252407
[2025-07-27T21:03:06.094+0000] {taskinstance.py:2644} INFO - Exporting env vars: AIRFLOW_CTX_DAG_OWNER='mlops' AIRFLOW_CTX_DAG_ID='preprocessing_hourly' AIRFLOW_CTX_TASK_ID='preprocess_and_upload' AIRFLOW_CTX_EXECUTION_DATE='2025-07-27T21:02:44.701897+00:00' AIRFLOW_CTX_TRY_NUMBER='1' AIRFLOW_CTX_DAG_RUN_ID='manual__2025-07-27T21:02:44.701897+00:00'
[2025-07-27T21:03:06.096+0000] {taskinstance.py:430} INFO - ::endgroup::
[2025-07-27T21:03:06.113+0000] {logging_mixin.py:188} WARNING - /home/***/.local/lib/python3.12/site-packages/***/utils/context.py:320 AirflowContextDeprecationWarning: Accessing 'execution_date' from the template is deprecated and will be removed in a future version. Please use 'data_interval_start' or 'logical_date' instead.
[2025-07-27T21:03:06.114+0000] {ingestion_inference.py:65} INFO - [DEBUG] Execution date: 2025-07-27 21:02:44.701897+00:00 (type=<class 'Proxy'>)
[2025-07-27T21:03:06.132+0000] {ingestion_inference.py:53} INFO - Bucket crypto-mlops-bucket exists
[2025-07-27T21:03:06.133+0000] {ingestion_inference.py:73} INFO - === Début du préprocessing ===
[2025-07-27T21:03:06.618+0000] {data_ingestion.py:62} INFO - Fetched 300 candles for BTC-USD from 2025-06-27 21:03:06.144281 to 2025-06-28 22:03:06.144281
[2025-07-27T21:03:06.788+0000] {data_ingestion.py:62} INFO - Fetched 300 candles for BTC-USD from 2025-06-28 22:03:06.144281 to 2025-06-29 23:03:06.144281
[2025-07-27T21:03:07.283+0000] {data_ingestion.py:62} INFO - Fetched 300 candles for BTC-USD from 2025-06-29 23:03:06.144281 to 2025-07-01 00:03:06.144281
[2025-07-27T21:03:07.486+0000] {data_ingestion.py:62} INFO - Fetched 300 candles for BTC-USD from 2025-07-01 00:03:06.144281 to 2025-07-02 01:03:06.144281
[2025-07-27T21:03:07.681+0000] {data_ingestion.py:62} INFO - Fetched 300 candles for BTC-USD from 2025-07-02 01:03:06.144281 to 2025-07-03 02:03:06.144281
[2025-07-27T21:03:07.872+0000] {data_ingestion.py:62} INFO - Fetched 300 candles for BTC-USD from 2025-07-03 02:03:06.144281 to 2025-07-04 03:03:06.144281
[2025-07-27T21:03:08.096+0000] {data_ingestion.py:62} INFO - Fetched 300 candles for BTC-USD from 2025-07-04 03:03:06.144281 to 2025-07-05 04:03:06.144281
[2025-07-27T21:03:08.313+0000] {data_ingestion.py:62} INFO - Fetched 300 candles for BTC-USD from 2025-07-05 04:03:06.144281 to 2025-07-06 05:03:06.144281
[2025-07-27T21:03:08.571+0000] {data_ingestion.py:62} INFO - Fetched 300 candles for BTC-USD from 2025-07-06 05:03:06.144281 to 2025-07-07 06:03:06.144281
[2025-07-27T21:03:08.736+0000] {data_ingestion.py:62} INFO - Fetched 300 candles for BTC-USD from 2025-07-07 06:03:06.144281 to 2025-07-08 07:03:06.144281
[2025-07-27T21:03:09.132+0000] {data_ingestion.py:62} INFO - Fetched 300 candles for BTC-USD from 2025-07-08 07:03:06.144281 to 2025-07-09 08:03:06.144281
[2025-07-27T21:03:09.300+0000] {data_ingestion.py:62} INFO - Fetched 300 candles for BTC-USD from 2025-07-09 08:03:06.144281 to 2025-07-10 09:03:06.144281
[2025-07-27T21:03:09.529+0000] {data_ingestion.py:62} INFO - Fetched 300 candles for BTC-USD from 2025-07-10 09:03:06.144281 to 2025-07-11 10:03:06.144281
[2025-07-27T21:03:09.703+0000] {data_ingestion.py:62} INFO - Fetched 300 candles for BTC-USD from 2025-07-11 10:03:06.144281 to 2025-07-12 11:03:06.144281
[2025-07-27T21:03:09.904+0000] {data_ingestion.py:62} INFO - Fetched 300 candles for BTC-USD from 2025-07-12 11:03:06.144281 to 2025-07-13 12:03:06.144281
[2025-07-27T21:03:10.068+0000] {data_ingestion.py:62} INFO - Fetched 300 candles for BTC-USD from 2025-07-13 12:03:06.144281 to 2025-07-14 13:03:06.144281
[2025-07-27T21:03:10.434+0000] {data_ingestion.py:62} INFO - Fetched 300 candles for BTC-USD from 2025-07-14 13:03:06.144281 to 2025-07-15 14:03:06.144281
[2025-07-27T21:03:10.604+0000] {data_ingestion.py:62} INFO - Fetched 300 candles for BTC-USD from 2025-07-15 14:03:06.144281 to 2025-07-16 15:03:06.144281
[2025-07-27T21:03:11.236+0000] {data_ingestion.py:62} INFO - Fetched 300 candles for BTC-USD from 2025-07-16 15:03:06.144281 to 2025-07-17 16:03:06.144281
[2025-07-27T21:03:11.447+0000] {data_ingestion.py:62} INFO - Fetched 300 candles for BTC-USD from 2025-07-17 16:03:06.144281 to 2025-07-18 17:03:06.144281
[2025-07-27T21:03:11.665+0000] {data_ingestion.py:62} INFO - Fetched 300 candles for BTC-USD from 2025-07-18 17:03:06.144281 to 2025-07-19 18:03:06.144281
[2025-07-27T21:03:11.845+0000] {data_ingestion.py:62} INFO - Fetched 300 candles for BTC-USD from 2025-07-19 18:03:06.144281 to 2025-07-20 19:03:06.144281
[2025-07-27T21:03:12.057+0000] {data_ingestion.py:62} INFO - Fetched 300 candles for BTC-USD from 2025-07-20 19:03:06.144281 to 2025-07-21 20:03:06.144281
[2025-07-27T21:03:12.224+0000] {data_ingestion.py:62} INFO - Fetched 300 candles for BTC-USD from 2025-07-21 20:03:06.144281 to 2025-07-22 21:03:06.144281
[2025-07-27T21:03:12.701+0000] {data_ingestion.py:62} INFO - Fetched 300 candles for BTC-USD from 2025-07-22 21:03:06.144281 to 2025-07-23 22:03:06.144281
[2025-07-27T21:03:12.897+0000] {data_ingestion.py:62} INFO - Fetched 300 candles for BTC-USD from 2025-07-23 22:03:06.144281 to 2025-07-24 23:03:06.144281
[2025-07-27T21:03:13.133+0000] {data_ingestion.py:62} INFO - Fetched 300 candles for BTC-USD from 2025-07-24 23:03:06.144281 to 2025-07-26 00:03:06.144281
[2025-07-27T21:03:13.601+0000] {data_ingestion.py:62} INFO - Fetched 300 candles for BTC-USD from 2025-07-26 00:03:06.144281 to 2025-07-27 01:03:06.144281
[2025-07-27T21:03:13.795+0000] {data_ingestion.py:62} INFO - Fetched 240 candles for BTC-USD from 2025-07-27 01:03:06.144281 to 2025-07-27 21:03:06.144281
[2025-07-27T21:03:13.967+0000] {data_ingestion.py:103} INFO - Saved data to S3: s3://crypto-mlops-bucket/data/historical_BTC_USD_20250727210313.csv
[2025-07-27T21:03:14.166+0000] {data_ingestion.py:62} INFO - Fetched 300 candles for ETH-USD from 2025-06-27 21:03:06.144281 to 2025-06-28 22:03:06.144281
[2025-07-27T21:03:14.361+0000] {data_ingestion.py:62} INFO - Fetched 300 candles for ETH-USD from 2025-06-28 22:03:06.144281 to 2025-06-29 23:03:06.144281
[2025-07-27T21:03:14.547+0000] {data_ingestion.py:62} INFO - Fetched 300 candles for ETH-USD from 2025-06-29 23:03:06.144281 to 2025-07-01 00:03:06.144281
[2025-07-27T21:03:14.710+0000] {data_ingestion.py:62} INFO - Fetched 300 candles for ETH-USD from 2025-07-01 00:03:06.144281 to 2025-07-02 01:03:06.144281
[2025-07-27T21:03:14.899+0000] {data_ingestion.py:62} INFO - Fetched 300 candles for ETH-USD from 2025-07-02 01:03:06.144281 to 2025-07-03 02:03:06.144281
[2025-07-27T21:03:15.103+0000] {data_ingestion.py:62} INFO - Fetched 300 candles for ETH-USD from 2025-07-03 02:03:06.144281 to 2025-07-04 03:03:06.144281
[2025-07-27T21:03:15.275+0000] {data_ingestion.py:62} INFO - Fetched 300 candles for ETH-USD from 2025-07-04 03:03:06.144281 to 2025-07-05 04:03:06.144281
[2025-07-27T21:03:15.475+0000] {data_ingestion.py:62} INFO - Fetched 300 candles for ETH-USD from 2025-07-05 04:03:06.144281 to 2025-07-06 05:03:06.144281
[2025-07-27T21:03:15.711+0000] {data_ingestion.py:62} INFO - Fetched 300 candles for ETH-USD from 2025-07-06 05:03:06.144281 to 2025-07-07 06:03:06.144281
[2025-07-27T21:03:15.909+0000] {data_ingestion.py:62} INFO - Fetched 300 candles for ETH-USD from 2025-07-07 06:03:06.144281 to 2025-07-08 07:03:06.144281
[2025-07-27T21:03:16.102+0000] {data_ingestion.py:62} INFO - Fetched 300 candles for ETH-USD from 2025-07-08 07:03:06.144281 to 2025-07-09 08:03:06.144281
[2025-07-27T21:03:16.323+0000] {data_ingestion.py:62} INFO - Fetched 300 candles for ETH-USD from 2025-07-09 08:03:06.144281 to 2025-07-10 09:03:06.144281
[2025-07-27T21:03:16.525+0000] {data_ingestion.py:62} INFO - Fetched 300 candles for ETH-USD from 2025-07-10 09:03:06.144281 to 2025-07-11 10:03:06.144281
[2025-07-27T21:03:16.712+0000] {data_ingestion.py:62} INFO - Fetched 300 candles for ETH-USD from 2025-07-11 10:03:06.144281 to 2025-07-12 11:03:06.144281
[2025-07-27T21:03:16.959+0000] {data_ingestion.py:62} INFO - Fetched 300 candles for ETH-USD from 2025-07-12 11:03:06.144281 to 2025-07-13 12:03:06.144281
[2025-07-27T21:03:17.169+0000] {data_ingestion.py:62} INFO - Fetched 300 candles for ETH-USD from 2025-07-13 12:03:06.144281 to 2025-07-14 13:03:06.144281
[2025-07-27T21:03:17.630+0000] {data_ingestion.py:62} INFO - Fetched 300 candles for ETH-USD from 2025-07-14 13:03:06.144281 to 2025-07-15 14:03:06.144281
[2025-07-27T21:03:17.818+0000] {data_ingestion.py:62} INFO - Fetched 300 candles for ETH-USD from 2025-07-15 14:03:06.144281 to 2025-07-16 15:03:06.144281
[2025-07-27T21:03:18.013+0000] {data_ingestion.py:62} INFO - Fetched 300 candles for ETH-USD from 2025-07-16 15:03:06.144281 to 2025-07-17 16:03:06.144281
[2025-07-27T21:03:18.213+0000] {data_ingestion.py:62} INFO - Fetched 300 candles for ETH-USD from 2025-07-17 16:03:06.144281 to 2025-07-18 17:03:06.144281
[2025-07-27T21:03:18.378+0000] {data_ingestion.py:62} INFO - Fetched 300 candles for ETH-USD from 2025-07-18 17:03:06.144281 to 2025-07-19 18:03:06.144281
[2025-07-27T21:03:18.583+0000] {data_ingestion.py:62} INFO - Fetched 300 candles for ETH-USD from 2025-07-19 18:03:06.144281 to 2025-07-20 19:03:06.144281
[2025-07-27T21:03:18.786+0000] {data_ingestion.py:62} INFO - Fetched 300 candles for ETH-USD from 2025-07-20 19:03:06.144281 to 2025-07-21 20:03:06.144281
[2025-07-27T21:03:18.990+0000] {data_ingestion.py:62} INFO - Fetched 300 candles for ETH-USD from 2025-07-21 20:03:06.144281 to 2025-07-22 21:03:06.144281
[2025-07-27T21:03:19.223+0000] {data_ingestion.py:62} INFO - Fetched 300 candles for ETH-USD from 2025-07-22 21:03:06.144281 to 2025-07-23 22:03:06.144281
[2025-07-27T21:03:19.447+0000] {data_ingestion.py:62} INFO - Fetched 300 candles for ETH-USD from 2025-07-23 22:03:06.144281 to 2025-07-24 23:03:06.144281
[2025-07-27T21:03:19.917+0000] {data_ingestion.py:62} INFO - Fetched 300 candles for ETH-USD from 2025-07-24 23:03:06.144281 to 2025-07-26 00:03:06.144281
[2025-07-27T21:03:20.110+0000] {data_ingestion.py:62} INFO - Fetched 300 candles for ETH-USD from 2025-07-26 00:03:06.144281 to 2025-07-27 01:03:06.144281
[2025-07-27T21:03:20.265+0000] {data_ingestion.py:62} INFO - Fetched 240 candles for ETH-USD from 2025-07-27 01:03:06.144281 to 2025-07-27 21:03:06.144281
[2025-07-27T21:03:20.400+0000] {data_ingestion.py:103} INFO - Saved data to S3: s3://crypto-mlops-bucket/data/historical_ETH_USD_20250727210320.csv
[2025-07-27T21:03:20.401+0000] {ingestion_inference.py:78} INFO - Données brutes récupérées : shape=(8640, 7)
[2025-07-27T21:03:20.402+0000] {ingestion_inference.py:79} INFO - Colonnes brutes : ['timestamp', 'low', 'high', 'open', 'close', 'volume', 'symbol']
[2025-07-27T21:03:20.453+0000] {data_processing.py:40} INFO - Loaded 288 records from S3: data/historical_BTC_USD_20250727205929.csv
[2025-07-27T21:03:20.491+0000] {data_processing.py:40} INFO - Loaded 8640 records from S3: data/historical_BTC_USD_20250727210254.csv
[2025-07-27T21:03:20.524+0000] {data_processing.py:40} INFO - Loaded 8640 records from S3: data/historical_BTC_USD_20250727210313.csv
[2025-07-27T21:03:20.533+0000] {data_processing.py:84} INFO - Combined 8640 records for BTC-USD
[2025-07-27T21:03:20.535+0000] {ingestion_inference.py:83} INFO - Données combinées après combine_datasets : shape=(8640, 7)
[2025-07-27T21:03:20.704+0000] {data_processing.py:162} INFO - Removed 50 rows with NaN values. Final shape: (8590, 84)
[2025-07-27T21:03:20.705+0000] {ingestion_inference.py:86} INFO - Données après feature engineering : shape=(8590, 84)
[2025-07-27T21:03:20.720+0000] {ingestion_inference.py:90} INFO - Scaler chargé : StandardScaler()
[2025-07-27T21:03:20.736+0000] {logging_mixin.py:188} WARNING - /opt/***/src/data_processing.py:177 FutureWarning: DataFrame.fillna with 'method' is deprecated and will raise in a future version. Use obj.ffill() or obj.bfill() instead.
[2025-07-27T21:03:20.750+0000] {data_processing.py:179} INFO - Prepared features: (8590, 80), Target: (8590,)
[2025-07-27T21:03:20.752+0000] {data_processing.py:180} INFO - Feature columns: 80
[2025-07-27T21:03:20.770+0000] {ingestion_inference.py:102} INFO - Extraction dernière ligne : shape=(1, 81)
[2025-07-27T21:03:20.842+0000] {ingestion_inference.py:113} INFO - ✅ Uploaded to s3://crypto-mlops-bucket/features/date=2025-07-27/hour=21/features.parquet
[2025-07-27T21:03:20.843+0000] {ingestion_inference.py:115} INFO - === Fin du préprocessing ===
[2025-07-27T21:03:20.847+0000] {python.py:237} INFO - Done. Returned value was: None
[2025-07-27T21:03:20.849+0000] {taskinstance.py:441} INFO - ::group::Post task execution logs
[2025-07-27T21:03:20.864+0000] {taskinstance.py:1205} INFO - Marking task as SUCCESS. dag_id=preprocessing_hourly, task_id=preprocess_and_upload, execution_date=20250727T210244, start_date=20250727T210305, end_date=20250727T210320
[2025-07-27T21:03:20.912+0000] {local_task_job_runner.py:240} INFO - Task exited with return code 0
[2025-07-27T21:03:20.936+0000] {taskinstance.py:3482} INFO - 0 downstream tasks scheduled from follow-on schedule check
[2025-07-27T21:03:20.940+0000] {local_task_job_runner.py:222} INFO - ::endgroup::
