[2025-07-31T22:10:48.186+0000] {local_task_job_runner.py:120} INFO - ::group::Pre task execution logs
[2025-07-31T22:10:48.241+0000] {taskinstance.py:2073} INFO - Dependencies all met for dep_context=non-requeueable deps ti=<TaskInstance: drift_monitoring_dag.check_drift_and_trigger manual__2025-07-31T22:10:44.374845+00:00 [queued]>
[2025-07-31T22:10:48.258+0000] {taskinstance.py:2073} INFO - Dependencies all met for dep_context=requeueable deps ti=<TaskInstance: drift_monitoring_dag.check_drift_and_trigger manual__2025-07-31T22:10:44.374845+00:00 [queued]>
[2025-07-31T22:10:48.259+0000] {taskinstance.py:2303} INFO - Starting attempt 1 of 2
[2025-07-31T22:10:48.284+0000] {taskinstance.py:2327} INFO - Executing <Task(PythonOperator): check_drift_and_trigger> on 2025-07-31 22:10:44.374845+00:00
[2025-07-31T22:10:48.309+0000] {logging_mixin.py:188} WARNING - /home/***/.local/lib/python3.12/site-packages/***/task/task_runner/standard_task_runner.py:61 DeprecationWarning: This process (pid=26419) is multi-threaded, use of fork() may lead to deadlocks in the child.
[2025-07-31T22:10:48.307+0000] {standard_task_runner.py:90} INFO - Running: ['***', 'tasks', 'run', 'drift_monitoring_dag', 'check_drift_and_trigger', 'manual__2025-07-31T22:10:44.374845+00:00', '--job-id', '285', '--raw', '--subdir', 'DAGS_FOLDER/drift_monitoring.py', '--cfg-path', '/tmp/tmpdwamrf4n']
[2025-07-31T22:10:48.311+0000] {standard_task_runner.py:63} INFO - Started process 26439 to run task
[2025-07-31T22:10:48.311+0000] {standard_task_runner.py:91} INFO - Job 285: Subtask check_drift_and_trigger
[2025-07-31T22:10:48.339+0000] {logging_mixin.py:188} WARNING - /home/***/.local/lib/python3.12/site-packages/***/settings.py:195 DeprecationWarning: The sql_alchemy_conn option in [core] has been moved to the sql_alchemy_conn option in [database] - the old setting has been used, but please update your config.
[2025-07-31T22:10:48.410+0000] {task_command.py:426} INFO - Running <TaskInstance: drift_monitoring_dag.check_drift_and_trigger manual__2025-07-31T22:10:44.374845+00:00 [running]> on host 44c57df83f33
[2025-07-31T22:10:48.599+0000] {taskinstance.py:2644} INFO - Exporting env vars: AIRFLOW_CTX_DAG_OWNER='***' AIRFLOW_CTX_DAG_ID='drift_monitoring_dag' AIRFLOW_CTX_TASK_ID='check_drift_and_trigger' AIRFLOW_CTX_EXECUTION_DATE='2025-07-31T22:10:44.374845+00:00' AIRFLOW_CTX_TRY_NUMBER='1' AIRFLOW_CTX_DAG_RUN_ID='manual__2025-07-31T22:10:44.374845+00:00'
[2025-07-31T22:10:48.601+0000] {taskinstance.py:430} INFO - ::endgroup::
[2025-07-31T22:10:48.646+0000] {drift_monitoring.py:58} WARNING - File not found: s3://crypto-mlops-bucket/predictions/date=2025-07-31/hour=22/prediction.parquet
[2025-07-31T22:10:48.659+0000] {drift_monitoring.py:58} WARNING - File not found: s3://crypto-mlops-bucket/targets/date=2025-07-31/hour=22/target.parquet
[2025-07-31T22:10:48.714+0000] {drift_monitoring.py:58} WARNING - File not found: s3://crypto-mlops-bucket/targets/date=2025-07-31/hour=21/target.parquet
[2025-07-31T22:10:48.799+0000] {drift_monitoring.py:58} WARNING - File not found: s3://crypto-mlops-bucket/predictions/date=2025-07-31/hour=18/prediction.parquet
[2025-07-31T22:10:48.827+0000] {drift_monitoring.py:58} WARNING - File not found: s3://crypto-mlops-bucket/predictions/date=2025-07-31/hour=17/prediction.parquet
[2025-07-31T22:10:48.838+0000] {drift_monitoring.py:58} WARNING - File not found: s3://crypto-mlops-bucket/targets/date=2025-07-31/hour=17/target.parquet
[2025-07-31T22:10:48.867+0000] {drift_monitoring.py:58} WARNING - File not found: s3://crypto-mlops-bucket/targets/date=2025-07-31/hour=16/target.parquet
[2025-07-31T22:10:48.976+0000] {drift_monitoring.py:58} WARNING - File not found: s3://crypto-mlops-bucket/predictions/date=2025-07-31/hour=12/prediction.parquet
[2025-07-31T22:10:49.003+0000] {drift_monitoring.py:58} WARNING - File not found: s3://crypto-mlops-bucket/predictions/date=2025-07-31/hour=11/prediction.parquet
[2025-07-31T22:10:49.017+0000] {drift_monitoring.py:58} WARNING - File not found: s3://crypto-mlops-bucket/targets/date=2025-07-31/hour=11/target.parquet
[2025-07-31T22:10:49.034+0000] {drift_monitoring.py:58} WARNING - File not found: s3://crypto-mlops-bucket/predictions/date=2025-07-31/hour=10/prediction.parquet
[2025-07-31T22:10:49.052+0000] {drift_monitoring.py:58} WARNING - File not found: s3://crypto-mlops-bucket/targets/date=2025-07-31/hour=10/target.parquet
[2025-07-31T22:10:49.072+0000] {drift_monitoring.py:58} WARNING - File not found: s3://crypto-mlops-bucket/predictions/date=2025-07-31/hour=09/prediction.parquet
[2025-07-31T22:10:49.092+0000] {drift_monitoring.py:58} WARNING - File not found: s3://crypto-mlops-bucket/targets/date=2025-07-31/hour=09/target.parquet
[2025-07-31T22:10:49.111+0000] {drift_monitoring.py:58} WARNING - File not found: s3://crypto-mlops-bucket/predictions/date=2025-07-31/hour=08/prediction.parquet
[2025-07-31T22:10:49.134+0000] {drift_monitoring.py:58} WARNING - File not found: s3://crypto-mlops-bucket/targets/date=2025-07-31/hour=08/target.parquet
[2025-07-31T22:10:49.150+0000] {drift_monitoring.py:58} WARNING - File not found: s3://crypto-mlops-bucket/predictions/date=2025-07-31/hour=07/prediction.parquet
[2025-07-31T22:10:49.169+0000] {drift_monitoring.py:58} WARNING - File not found: s3://crypto-mlops-bucket/targets/date=2025-07-31/hour=07/target.parquet
[2025-07-31T22:10:49.185+0000] {drift_monitoring.py:58} WARNING - File not found: s3://crypto-mlops-bucket/predictions/date=2025-07-31/hour=06/prediction.parquet
[2025-07-31T22:10:49.199+0000] {drift_monitoring.py:58} WARNING - File not found: s3://crypto-mlops-bucket/targets/date=2025-07-31/hour=06/target.parquet
[2025-07-31T22:10:49.211+0000] {drift_monitoring.py:58} WARNING - File not found: s3://crypto-mlops-bucket/predictions/date=2025-07-31/hour=05/prediction.parquet
[2025-07-31T22:10:49.222+0000] {drift_monitoring.py:58} WARNING - File not found: s3://crypto-mlops-bucket/targets/date=2025-07-31/hour=05/target.parquet
[2025-07-31T22:10:49.234+0000] {drift_monitoring.py:58} WARNING - File not found: s3://crypto-mlops-bucket/predictions/date=2025-07-31/hour=04/prediction.parquet
[2025-07-31T22:10:49.246+0000] {drift_monitoring.py:58} WARNING - File not found: s3://crypto-mlops-bucket/targets/date=2025-07-31/hour=04/target.parquet
[2025-07-31T22:10:49.259+0000] {drift_monitoring.py:58} WARNING - File not found: s3://crypto-mlops-bucket/predictions/date=2025-07-31/hour=03/prediction.parquet
[2025-07-31T22:10:49.271+0000] {drift_monitoring.py:58} WARNING - File not found: s3://crypto-mlops-bucket/targets/date=2025-07-31/hour=03/target.parquet
[2025-07-31T22:10:49.282+0000] {drift_monitoring.py:58} WARNING - File not found: s3://crypto-mlops-bucket/predictions/date=2025-07-31/hour=02/prediction.parquet
[2025-07-31T22:10:49.297+0000] {drift_monitoring.py:58} WARNING - File not found: s3://crypto-mlops-bucket/targets/date=2025-07-31/hour=02/target.parquet
[2025-07-31T22:10:49.313+0000] {drift_monitoring.py:58} WARNING - File not found: s3://crypto-mlops-bucket/predictions/date=2025-07-31/hour=01/prediction.parquet
[2025-07-31T22:10:49.330+0000] {drift_monitoring.py:58} WARNING - File not found: s3://crypto-mlops-bucket/targets/date=2025-07-31/hour=01/target.parquet
[2025-07-31T22:10:49.349+0000] {drift_monitoring.py:58} WARNING - File not found: s3://crypto-mlops-bucket/predictions/date=2025-07-31/hour=00/prediction.parquet
[2025-07-31T22:10:49.368+0000] {drift_monitoring.py:58} WARNING - File not found: s3://crypto-mlops-bucket/targets/date=2025-07-31/hour=00/target.parquet
[2025-07-31T22:10:49.382+0000] {drift_monitoring.py:58} WARNING - File not found: s3://crypto-mlops-bucket/predictions/date=2025-07-30/hour=23/prediction.parquet
[2025-07-31T22:10:49.395+0000] {drift_monitoring.py:58} WARNING - File not found: s3://crypto-mlops-bucket/targets/date=2025-07-30/hour=23/target.parquet
[2025-07-31T22:10:49.407+0000] {drift_monitoring.py:58} WARNING - File not found: s3://crypto-mlops-bucket/predictions/date=2025-07-30/hour=22/prediction.parquet
[2025-07-31T22:10:49.419+0000] {drift_monitoring.py:58} WARNING - File not found: s3://crypto-mlops-bucket/targets/date=2025-07-30/hour=22/target.parquet
[2025-07-31T22:10:49.431+0000] {drift_monitoring.py:58} WARNING - File not found: s3://crypto-mlops-bucket/predictions/date=2025-07-30/hour=21/prediction.parquet
[2025-07-31T22:10:49.445+0000] {drift_monitoring.py:58} WARNING - File not found: s3://crypto-mlops-bucket/targets/date=2025-07-30/hour=21/target.parquet
[2025-07-31T22:10:49.456+0000] {drift_monitoring.py:58} WARNING - File not found: s3://crypto-mlops-bucket/predictions/date=2025-07-30/hour=20/prediction.parquet
[2025-07-31T22:10:49.468+0000] {drift_monitoring.py:58} WARNING - File not found: s3://crypto-mlops-bucket/targets/date=2025-07-30/hour=20/target.parquet
[2025-07-31T22:10:49.479+0000] {drift_monitoring.py:58} WARNING - File not found: s3://crypto-mlops-bucket/predictions/date=2025-07-30/hour=19/prediction.parquet
[2025-07-31T22:10:49.491+0000] {drift_monitoring.py:58} WARNING - File not found: s3://crypto-mlops-bucket/targets/date=2025-07-30/hour=19/target.parquet
[2025-07-31T22:10:49.504+0000] {drift_monitoring.py:58} WARNING - File not found: s3://crypto-mlops-bucket/predictions/date=2025-07-30/hour=18/prediction.parquet
[2025-07-31T22:10:49.516+0000] {drift_monitoring.py:58} WARNING - File not found: s3://crypto-mlops-bucket/targets/date=2025-07-30/hour=18/target.parquet
[2025-07-31T22:10:49.528+0000] {drift_monitoring.py:58} WARNING - File not found: s3://crypto-mlops-bucket/predictions/date=2025-07-30/hour=17/prediction.parquet
[2025-07-31T22:10:49.539+0000] {drift_monitoring.py:58} WARNING - File not found: s3://crypto-mlops-bucket/targets/date=2025-07-30/hour=17/target.parquet
[2025-07-31T22:10:49.550+0000] {drift_monitoring.py:58} WARNING - File not found: s3://crypto-mlops-bucket/predictions/date=2025-07-30/hour=16/prediction.parquet
[2025-07-31T22:10:49.563+0000] {drift_monitoring.py:58} WARNING - File not found: s3://crypto-mlops-bucket/targets/date=2025-07-30/hour=16/target.parquet
[2025-07-31T22:10:49.575+0000] {drift_monitoring.py:58} WARNING - File not found: s3://crypto-mlops-bucket/predictions/date=2025-07-30/hour=15/prediction.parquet
[2025-07-31T22:10:49.586+0000] {drift_monitoring.py:58} WARNING - File not found: s3://crypto-mlops-bucket/targets/date=2025-07-30/hour=15/target.parquet
[2025-07-31T22:10:49.600+0000] {drift_monitoring.py:58} WARNING - File not found: s3://crypto-mlops-bucket/predictions/date=2025-07-30/hour=14/prediction.parquet
[2025-07-31T22:10:49.612+0000] {drift_monitoring.py:58} WARNING - File not found: s3://crypto-mlops-bucket/targets/date=2025-07-30/hour=14/target.parquet
[2025-07-31T22:10:49.624+0000] {drift_monitoring.py:58} WARNING - File not found: s3://crypto-mlops-bucket/predictions/date=2025-07-30/hour=13/prediction.parquet
[2025-07-31T22:10:49.636+0000] {drift_monitoring.py:58} WARNING - File not found: s3://crypto-mlops-bucket/targets/date=2025-07-30/hour=13/target.parquet
[2025-07-31T22:10:49.649+0000] {drift_monitoring.py:58} WARNING - File not found: s3://crypto-mlops-bucket/predictions/date=2025-07-30/hour=12/prediction.parquet
[2025-07-31T22:10:49.661+0000] {drift_monitoring.py:58} WARNING - File not found: s3://crypto-mlops-bucket/targets/date=2025-07-30/hour=12/target.parquet
[2025-07-31T22:10:49.673+0000] {drift_monitoring.py:58} WARNING - File not found: s3://crypto-mlops-bucket/predictions/date=2025-07-30/hour=11/prediction.parquet
[2025-07-31T22:10:49.685+0000] {drift_monitoring.py:58} WARNING - File not found: s3://crypto-mlops-bucket/targets/date=2025-07-30/hour=11/target.parquet
[2025-07-31T22:10:49.697+0000] {drift_monitoring.py:58} WARNING - File not found: s3://crypto-mlops-bucket/predictions/date=2025-07-30/hour=10/prediction.parquet
[2025-07-31T22:10:49.708+0000] {drift_monitoring.py:58} WARNING - File not found: s3://crypto-mlops-bucket/targets/date=2025-07-30/hour=10/target.parquet
[2025-07-31T22:10:49.719+0000] {drift_monitoring.py:58} WARNING - File not found: s3://crypto-mlops-bucket/predictions/date=2025-07-30/hour=09/prediction.parquet
[2025-07-31T22:10:49.729+0000] {drift_monitoring.py:58} WARNING - File not found: s3://crypto-mlops-bucket/targets/date=2025-07-30/hour=09/target.parquet
[2025-07-31T22:10:49.740+0000] {drift_monitoring.py:58} WARNING - File not found: s3://crypto-mlops-bucket/predictions/date=2025-07-30/hour=08/prediction.parquet
[2025-07-31T22:10:49.751+0000] {drift_monitoring.py:58} WARNING - File not found: s3://crypto-mlops-bucket/targets/date=2025-07-30/hour=08/target.parquet
[2025-07-31T22:10:49.762+0000] {drift_monitoring.py:58} WARNING - File not found: s3://crypto-mlops-bucket/predictions/date=2025-07-30/hour=07/prediction.parquet
[2025-07-31T22:10:49.773+0000] {drift_monitoring.py:58} WARNING - File not found: s3://crypto-mlops-bucket/targets/date=2025-07-30/hour=07/target.parquet
[2025-07-31T22:10:49.784+0000] {drift_monitoring.py:58} WARNING - File not found: s3://crypto-mlops-bucket/predictions/date=2025-07-30/hour=06/prediction.parquet
[2025-07-31T22:10:49.797+0000] {drift_monitoring.py:58} WARNING - File not found: s3://crypto-mlops-bucket/targets/date=2025-07-30/hour=06/target.parquet
[2025-07-31T22:10:49.810+0000] {drift_monitoring.py:58} WARNING - File not found: s3://crypto-mlops-bucket/predictions/date=2025-07-30/hour=05/prediction.parquet
[2025-07-31T22:10:49.820+0000] {drift_monitoring.py:58} WARNING - File not found: s3://crypto-mlops-bucket/targets/date=2025-07-30/hour=05/target.parquet
[2025-07-31T22:10:49.832+0000] {drift_monitoring.py:58} WARNING - File not found: s3://crypto-mlops-bucket/predictions/date=2025-07-30/hour=04/prediction.parquet
[2025-07-31T22:10:49.842+0000] {drift_monitoring.py:58} WARNING - File not found: s3://crypto-mlops-bucket/targets/date=2025-07-30/hour=04/target.parquet
[2025-07-31T22:10:49.853+0000] {drift_monitoring.py:58} WARNING - File not found: s3://crypto-mlops-bucket/predictions/date=2025-07-30/hour=03/prediction.parquet
[2025-07-31T22:10:49.864+0000] {drift_monitoring.py:58} WARNING - File not found: s3://crypto-mlops-bucket/targets/date=2025-07-30/hour=03/target.parquet
[2025-07-31T22:10:49.875+0000] {drift_monitoring.py:58} WARNING - File not found: s3://crypto-mlops-bucket/predictions/date=2025-07-30/hour=02/prediction.parquet
[2025-07-31T22:10:49.886+0000] {drift_monitoring.py:58} WARNING - File not found: s3://crypto-mlops-bucket/targets/date=2025-07-30/hour=02/target.parquet
[2025-07-31T22:10:49.897+0000] {drift_monitoring.py:58} WARNING - File not found: s3://crypto-mlops-bucket/predictions/date=2025-07-30/hour=01/prediction.parquet
[2025-07-31T22:10:49.909+0000] {drift_monitoring.py:58} WARNING - File not found: s3://crypto-mlops-bucket/targets/date=2025-07-30/hour=01/target.parquet
[2025-07-31T22:10:49.920+0000] {drift_monitoring.py:58} WARNING - File not found: s3://crypto-mlops-bucket/predictions/date=2025-07-30/hour=00/prediction.parquet
[2025-07-31T22:10:49.931+0000] {drift_monitoring.py:58} WARNING - File not found: s3://crypto-mlops-bucket/targets/date=2025-07-30/hour=00/target.parquet
[2025-07-31T22:10:49.942+0000] {drift_monitoring.py:58} WARNING - File not found: s3://crypto-mlops-bucket/predictions/date=2025-07-29/hour=23/prediction.parquet
[2025-07-31T22:10:49.954+0000] {drift_monitoring.py:58} WARNING - File not found: s3://crypto-mlops-bucket/targets/date=2025-07-29/hour=23/target.parquet
[2025-07-31T22:10:49.965+0000] {drift_monitoring.py:58} WARNING - File not found: s3://crypto-mlops-bucket/predictions/date=2025-07-29/hour=22/prediction.parquet
[2025-07-31T22:10:49.976+0000] {drift_monitoring.py:58} WARNING - File not found: s3://crypto-mlops-bucket/targets/date=2025-07-29/hour=22/target.parquet
[2025-07-31T22:10:49.986+0000] {drift_monitoring.py:58} WARNING - File not found: s3://crypto-mlops-bucket/predictions/date=2025-07-29/hour=21/prediction.parquet
[2025-07-31T22:10:49.997+0000] {drift_monitoring.py:58} WARNING - File not found: s3://crypto-mlops-bucket/targets/date=2025-07-29/hour=21/target.parquet
[2025-07-31T22:10:50.008+0000] {drift_monitoring.py:58} WARNING - File not found: s3://crypto-mlops-bucket/predictions/date=2025-07-29/hour=20/prediction.parquet
[2025-07-31T22:10:50.018+0000] {drift_monitoring.py:58} WARNING - File not found: s3://crypto-mlops-bucket/targets/date=2025-07-29/hour=20/target.parquet
[2025-07-31T22:10:50.030+0000] {drift_monitoring.py:58} WARNING - File not found: s3://crypto-mlops-bucket/predictions/date=2025-07-29/hour=19/prediction.parquet
[2025-07-31T22:10:50.040+0000] {drift_monitoring.py:58} WARNING - File not found: s3://crypto-mlops-bucket/targets/date=2025-07-29/hour=19/target.parquet
[2025-07-31T22:10:50.052+0000] {drift_monitoring.py:58} WARNING - File not found: s3://crypto-mlops-bucket/predictions/date=2025-07-29/hour=18/prediction.parquet
[2025-07-31T22:10:50.064+0000] {drift_monitoring.py:58} WARNING - File not found: s3://crypto-mlops-bucket/targets/date=2025-07-29/hour=18/target.parquet
[2025-07-31T22:10:50.074+0000] {drift_monitoring.py:58} WARNING - File not found: s3://crypto-mlops-bucket/predictions/date=2025-07-29/hour=17/prediction.parquet
[2025-07-31T22:10:50.085+0000] {drift_monitoring.py:58} WARNING - File not found: s3://crypto-mlops-bucket/targets/date=2025-07-29/hour=17/target.parquet
[2025-07-31T22:10:50.097+0000] {drift_monitoring.py:58} WARNING - File not found: s3://crypto-mlops-bucket/predictions/date=2025-07-29/hour=16/prediction.parquet
[2025-07-31T22:10:50.109+0000] {drift_monitoring.py:58} WARNING - File not found: s3://crypto-mlops-bucket/targets/date=2025-07-29/hour=16/target.parquet
[2025-07-31T22:10:50.120+0000] {drift_monitoring.py:58} WARNING - File not found: s3://crypto-mlops-bucket/predictions/date=2025-07-29/hour=15/prediction.parquet
[2025-07-31T22:10:50.132+0000] {drift_monitoring.py:58} WARNING - File not found: s3://crypto-mlops-bucket/targets/date=2025-07-29/hour=15/target.parquet
[2025-07-31T22:10:50.144+0000] {drift_monitoring.py:58} WARNING - File not found: s3://crypto-mlops-bucket/predictions/date=2025-07-29/hour=14/prediction.parquet
[2025-07-31T22:10:50.157+0000] {drift_monitoring.py:58} WARNING - File not found: s3://crypto-mlops-bucket/targets/date=2025-07-29/hour=14/target.parquet
[2025-07-31T22:10:50.170+0000] {drift_monitoring.py:58} WARNING - File not found: s3://crypto-mlops-bucket/predictions/date=2025-07-29/hour=13/prediction.parquet
[2025-07-31T22:10:50.182+0000] {drift_monitoring.py:58} WARNING - File not found: s3://crypto-mlops-bucket/targets/date=2025-07-29/hour=13/target.parquet
[2025-07-31T22:10:50.196+0000] {drift_monitoring.py:58} WARNING - File not found: s3://crypto-mlops-bucket/predictions/date=2025-07-29/hour=12/prediction.parquet
[2025-07-31T22:10:50.209+0000] {drift_monitoring.py:58} WARNING - File not found: s3://crypto-mlops-bucket/targets/date=2025-07-29/hour=12/target.parquet
[2025-07-31T22:10:50.224+0000] {drift_monitoring.py:58} WARNING - File not found: s3://crypto-mlops-bucket/predictions/date=2025-07-29/hour=11/prediction.parquet
[2025-07-31T22:10:50.237+0000] {drift_monitoring.py:58} WARNING - File not found: s3://crypto-mlops-bucket/targets/date=2025-07-29/hour=11/target.parquet
[2025-07-31T22:10:50.253+0000] {drift_monitoring.py:58} WARNING - File not found: s3://crypto-mlops-bucket/predictions/date=2025-07-29/hour=10/prediction.parquet
[2025-07-31T22:10:50.267+0000] {drift_monitoring.py:58} WARNING - File not found: s3://crypto-mlops-bucket/targets/date=2025-07-29/hour=10/target.parquet
[2025-07-31T22:10:50.280+0000] {drift_monitoring.py:58} WARNING - File not found: s3://crypto-mlops-bucket/predictions/date=2025-07-29/hour=09/prediction.parquet
[2025-07-31T22:10:50.295+0000] {drift_monitoring.py:58} WARNING - File not found: s3://crypto-mlops-bucket/targets/date=2025-07-29/hour=09/target.parquet
[2025-07-31T22:10:50.311+0000] {drift_monitoring.py:58} WARNING - File not found: s3://crypto-mlops-bucket/predictions/date=2025-07-29/hour=08/prediction.parquet
[2025-07-31T22:10:50.325+0000] {drift_monitoring.py:58} WARNING - File not found: s3://crypto-mlops-bucket/targets/date=2025-07-29/hour=08/target.parquet
[2025-07-31T22:10:50.339+0000] {drift_monitoring.py:58} WARNING - File not found: s3://crypto-mlops-bucket/predictions/date=2025-07-29/hour=07/prediction.parquet
[2025-07-31T22:10:50.354+0000] {drift_monitoring.py:58} WARNING - File not found: s3://crypto-mlops-bucket/targets/date=2025-07-29/hour=07/target.parquet
[2025-07-31T22:10:50.375+0000] {drift_monitoring.py:58} WARNING - File not found: s3://crypto-mlops-bucket/predictions/date=2025-07-29/hour=06/prediction.parquet
[2025-07-31T22:10:50.391+0000] {drift_monitoring.py:58} WARNING - File not found: s3://crypto-mlops-bucket/targets/date=2025-07-29/hour=06/target.parquet
[2025-07-31T22:10:50.404+0000] {drift_monitoring.py:58} WARNING - File not found: s3://crypto-mlops-bucket/predictions/date=2025-07-29/hour=05/prediction.parquet
[2025-07-31T22:10:50.422+0000] {drift_monitoring.py:58} WARNING - File not found: s3://crypto-mlops-bucket/targets/date=2025-07-29/hour=05/target.parquet
[2025-07-31T22:10:50.438+0000] {drift_monitoring.py:58} WARNING - File not found: s3://crypto-mlops-bucket/predictions/date=2025-07-29/hour=04/prediction.parquet
[2025-07-31T22:10:50.452+0000] {drift_monitoring.py:58} WARNING - File not found: s3://crypto-mlops-bucket/targets/date=2025-07-29/hour=04/target.parquet
[2025-07-31T22:10:50.467+0000] {drift_monitoring.py:58} WARNING - File not found: s3://crypto-mlops-bucket/predictions/date=2025-07-29/hour=03/prediction.parquet
[2025-07-31T22:10:50.481+0000] {drift_monitoring.py:58} WARNING - File not found: s3://crypto-mlops-bucket/targets/date=2025-07-29/hour=03/target.parquet
[2025-07-31T22:10:50.495+0000] {drift_monitoring.py:58} WARNING - File not found: s3://crypto-mlops-bucket/predictions/date=2025-07-29/hour=02/prediction.parquet
[2025-07-31T22:10:50.507+0000] {drift_monitoring.py:58} WARNING - File not found: s3://crypto-mlops-bucket/targets/date=2025-07-29/hour=02/target.parquet
[2025-07-31T22:10:50.519+0000] {drift_monitoring.py:58} WARNING - File not found: s3://crypto-mlops-bucket/predictions/date=2025-07-29/hour=01/prediction.parquet
[2025-07-31T22:10:50.533+0000] {drift_monitoring.py:58} WARNING - File not found: s3://crypto-mlops-bucket/targets/date=2025-07-29/hour=01/target.parquet
[2025-07-31T22:10:50.546+0000] {drift_monitoring.py:58} WARNING - File not found: s3://crypto-mlops-bucket/predictions/date=2025-07-29/hour=00/prediction.parquet
[2025-07-31T22:10:50.558+0000] {drift_monitoring.py:58} WARNING - File not found: s3://crypto-mlops-bucket/targets/date=2025-07-29/hour=00/target.parquet
[2025-07-31T22:10:50.571+0000] {drift_monitoring.py:58} WARNING - File not found: s3://crypto-mlops-bucket/predictions/date=2025-07-28/hour=23/prediction.parquet
[2025-07-31T22:10:50.583+0000] {drift_monitoring.py:58} WARNING - File not found: s3://crypto-mlops-bucket/targets/date=2025-07-28/hour=23/target.parquet
[2025-07-31T22:10:50.594+0000] {drift_monitoring.py:58} WARNING - File not found: s3://crypto-mlops-bucket/predictions/date=2025-07-28/hour=22/prediction.parquet
[2025-07-31T22:10:50.606+0000] {drift_monitoring.py:58} WARNING - File not found: s3://crypto-mlops-bucket/targets/date=2025-07-28/hour=22/target.parquet
[2025-07-31T22:10:50.618+0000] {drift_monitoring.py:58} WARNING - File not found: s3://crypto-mlops-bucket/predictions/date=2025-07-28/hour=21/prediction.parquet
[2025-07-31T22:10:50.629+0000] {drift_monitoring.py:58} WARNING - File not found: s3://crypto-mlops-bucket/targets/date=2025-07-28/hour=21/target.parquet
[2025-07-31T22:10:50.641+0000] {drift_monitoring.py:58} WARNING - File not found: s3://crypto-mlops-bucket/predictions/date=2025-07-28/hour=20/prediction.parquet
[2025-07-31T22:10:50.654+0000] {drift_monitoring.py:58} WARNING - File not found: s3://crypto-mlops-bucket/targets/date=2025-07-28/hour=20/target.parquet
[2025-07-31T22:10:50.666+0000] {drift_monitoring.py:58} WARNING - File not found: s3://crypto-mlops-bucket/predictions/date=2025-07-28/hour=19/prediction.parquet
[2025-07-31T22:10:50.676+0000] {drift_monitoring.py:58} WARNING - File not found: s3://crypto-mlops-bucket/targets/date=2025-07-28/hour=19/target.parquet
[2025-07-31T22:10:50.687+0000] {drift_monitoring.py:58} WARNING - File not found: s3://crypto-mlops-bucket/predictions/date=2025-07-28/hour=18/prediction.parquet
[2025-07-31T22:10:50.699+0000] {drift_monitoring.py:58} WARNING - File not found: s3://crypto-mlops-bucket/targets/date=2025-07-28/hour=18/target.parquet
[2025-07-31T22:10:50.712+0000] {drift_monitoring.py:58} WARNING - File not found: s3://crypto-mlops-bucket/predictions/date=2025-07-28/hour=17/prediction.parquet
[2025-07-31T22:10:50.723+0000] {drift_monitoring.py:58} WARNING - File not found: s3://crypto-mlops-bucket/targets/date=2025-07-28/hour=17/target.parquet
[2025-07-31T22:10:50.735+0000] {drift_monitoring.py:58} WARNING - File not found: s3://crypto-mlops-bucket/predictions/date=2025-07-28/hour=16/prediction.parquet
[2025-07-31T22:10:50.746+0000] {drift_monitoring.py:58} WARNING - File not found: s3://crypto-mlops-bucket/targets/date=2025-07-28/hour=16/target.parquet
[2025-07-31T22:10:50.759+0000] {drift_monitoring.py:58} WARNING - File not found: s3://crypto-mlops-bucket/predictions/date=2025-07-28/hour=15/prediction.parquet
[2025-07-31T22:10:50.770+0000] {drift_monitoring.py:58} WARNING - File not found: s3://crypto-mlops-bucket/targets/date=2025-07-28/hour=15/target.parquet
[2025-07-31T22:10:50.781+0000] {drift_monitoring.py:58} WARNING - File not found: s3://crypto-mlops-bucket/predictions/date=2025-07-28/hour=14/prediction.parquet
[2025-07-31T22:10:50.793+0000] {drift_monitoring.py:58} WARNING - File not found: s3://crypto-mlops-bucket/targets/date=2025-07-28/hour=14/target.parquet
[2025-07-31T22:10:50.803+0000] {drift_monitoring.py:58} WARNING - File not found: s3://crypto-mlops-bucket/predictions/date=2025-07-28/hour=13/prediction.parquet
[2025-07-31T22:10:50.815+0000] {drift_monitoring.py:58} WARNING - File not found: s3://crypto-mlops-bucket/targets/date=2025-07-28/hour=13/target.parquet
[2025-07-31T22:10:50.827+0000] {drift_monitoring.py:58} WARNING - File not found: s3://crypto-mlops-bucket/predictions/date=2025-07-28/hour=12/prediction.parquet
[2025-07-31T22:10:50.838+0000] {drift_monitoring.py:58} WARNING - File not found: s3://crypto-mlops-bucket/targets/date=2025-07-28/hour=12/target.parquet
[2025-07-31T22:10:50.848+0000] {drift_monitoring.py:58} WARNING - File not found: s3://crypto-mlops-bucket/predictions/date=2025-07-28/hour=11/prediction.parquet
[2025-07-31T22:10:50.861+0000] {drift_monitoring.py:58} WARNING - File not found: s3://crypto-mlops-bucket/targets/date=2025-07-28/hour=11/target.parquet
[2025-07-31T22:10:50.873+0000] {drift_monitoring.py:58} WARNING - File not found: s3://crypto-mlops-bucket/predictions/date=2025-07-28/hour=10/prediction.parquet
[2025-07-31T22:10:50.887+0000] {drift_monitoring.py:58} WARNING - File not found: s3://crypto-mlops-bucket/targets/date=2025-07-28/hour=10/target.parquet
[2025-07-31T22:10:50.902+0000] {drift_monitoring.py:58} WARNING - File not found: s3://crypto-mlops-bucket/predictions/date=2025-07-28/hour=09/prediction.parquet
[2025-07-31T22:10:50.919+0000] {drift_monitoring.py:58} WARNING - File not found: s3://crypto-mlops-bucket/targets/date=2025-07-28/hour=09/target.parquet
[2025-07-31T22:10:50.938+0000] {drift_monitoring.py:58} WARNING - File not found: s3://crypto-mlops-bucket/predictions/date=2025-07-28/hour=08/prediction.parquet
[2025-07-31T22:10:50.957+0000] {drift_monitoring.py:58} WARNING - File not found: s3://crypto-mlops-bucket/targets/date=2025-07-28/hour=08/target.parquet
[2025-07-31T22:10:50.970+0000] {drift_monitoring.py:58} WARNING - File not found: s3://crypto-mlops-bucket/predictions/date=2025-07-28/hour=07/prediction.parquet
[2025-07-31T22:10:50.984+0000] {drift_monitoring.py:58} WARNING - File not found: s3://crypto-mlops-bucket/targets/date=2025-07-28/hour=07/target.parquet
[2025-07-31T22:10:50.997+0000] {drift_monitoring.py:58} WARNING - File not found: s3://crypto-mlops-bucket/predictions/date=2025-07-28/hour=06/prediction.parquet
[2025-07-31T22:10:51.010+0000] {drift_monitoring.py:58} WARNING - File not found: s3://crypto-mlops-bucket/targets/date=2025-07-28/hour=06/target.parquet
[2025-07-31T22:10:51.024+0000] {drift_monitoring.py:58} WARNING - File not found: s3://crypto-mlops-bucket/predictions/date=2025-07-28/hour=05/prediction.parquet
[2025-07-31T22:10:51.041+0000] {drift_monitoring.py:58} WARNING - File not found: s3://crypto-mlops-bucket/targets/date=2025-07-28/hour=05/target.parquet
[2025-07-31T22:10:51.056+0000] {drift_monitoring.py:58} WARNING - File not found: s3://crypto-mlops-bucket/predictions/date=2025-07-28/hour=04/prediction.parquet
[2025-07-31T22:10:51.069+0000] {drift_monitoring.py:58} WARNING - File not found: s3://crypto-mlops-bucket/targets/date=2025-07-28/hour=04/target.parquet
[2025-07-31T22:10:51.081+0000] {drift_monitoring.py:58} WARNING - File not found: s3://crypto-mlops-bucket/predictions/date=2025-07-28/hour=03/prediction.parquet
[2025-07-31T22:10:51.093+0000] {drift_monitoring.py:58} WARNING - File not found: s3://crypto-mlops-bucket/targets/date=2025-07-28/hour=03/target.parquet
[2025-07-31T22:10:51.104+0000] {drift_monitoring.py:58} WARNING - File not found: s3://crypto-mlops-bucket/predictions/date=2025-07-28/hour=02/prediction.parquet
[2025-07-31T22:10:51.117+0000] {drift_monitoring.py:58} WARNING - File not found: s3://crypto-mlops-bucket/targets/date=2025-07-28/hour=02/target.parquet
[2025-07-31T22:10:51.128+0000] {drift_monitoring.py:58} WARNING - File not found: s3://crypto-mlops-bucket/predictions/date=2025-07-28/hour=01/prediction.parquet
[2025-07-31T22:10:51.139+0000] {drift_monitoring.py:58} WARNING - File not found: s3://crypto-mlops-bucket/targets/date=2025-07-28/hour=01/target.parquet
[2025-07-31T22:10:51.151+0000] {drift_monitoring.py:58} WARNING - File not found: s3://crypto-mlops-bucket/predictions/date=2025-07-28/hour=00/prediction.parquet
[2025-07-31T22:10:51.162+0000] {drift_monitoring.py:58} WARNING - File not found: s3://crypto-mlops-bucket/targets/date=2025-07-28/hour=00/target.parquet
[2025-07-31T22:10:51.174+0000] {drift_monitoring.py:58} WARNING - File not found: s3://crypto-mlops-bucket/predictions/date=2025-07-27/hour=23/prediction.parquet
[2025-07-31T22:10:51.187+0000] {drift_monitoring.py:58} WARNING - File not found: s3://crypto-mlops-bucket/targets/date=2025-07-27/hour=23/target.parquet
[2025-07-31T22:10:51.200+0000] {drift_monitoring.py:58} WARNING - File not found: s3://crypto-mlops-bucket/predictions/date=2025-07-27/hour=22/prediction.parquet
[2025-07-31T22:10:51.211+0000] {drift_monitoring.py:58} WARNING - File not found: s3://crypto-mlops-bucket/targets/date=2025-07-27/hour=22/target.parquet
[2025-07-31T22:10:51.223+0000] {drift_monitoring.py:58} WARNING - File not found: s3://crypto-mlops-bucket/predictions/date=2025-07-27/hour=21/prediction.parquet
[2025-07-31T22:10:51.235+0000] {drift_monitoring.py:58} WARNING - File not found: s3://crypto-mlops-bucket/targets/date=2025-07-27/hour=21/target.parquet
[2025-07-31T22:10:51.246+0000] {drift_monitoring.py:58} WARNING - File not found: s3://crypto-mlops-bucket/predictions/date=2025-07-27/hour=20/prediction.parquet
[2025-07-31T22:10:51.256+0000] {drift_monitoring.py:58} WARNING - File not found: s3://crypto-mlops-bucket/targets/date=2025-07-27/hour=20/target.parquet
[2025-07-31T22:10:51.268+0000] {drift_monitoring.py:58} WARNING - File not found: s3://crypto-mlops-bucket/predictions/date=2025-07-27/hour=19/prediction.parquet
[2025-07-31T22:10:51.281+0000] {drift_monitoring.py:58} WARNING - File not found: s3://crypto-mlops-bucket/targets/date=2025-07-27/hour=19/target.parquet
[2025-07-31T22:10:51.294+0000] {drift_monitoring.py:58} WARNING - File not found: s3://crypto-mlops-bucket/predictions/date=2025-07-27/hour=18/prediction.parquet
[2025-07-31T22:10:51.305+0000] {drift_monitoring.py:58} WARNING - File not found: s3://crypto-mlops-bucket/targets/date=2025-07-27/hour=18/target.parquet
[2025-07-31T22:10:51.317+0000] {drift_monitoring.py:58} WARNING - File not found: s3://crypto-mlops-bucket/predictions/date=2025-07-27/hour=17/prediction.parquet
[2025-07-31T22:10:51.330+0000] {drift_monitoring.py:58} WARNING - File not found: s3://crypto-mlops-bucket/targets/date=2025-07-27/hour=17/target.parquet
[2025-07-31T22:10:51.342+0000] {drift_monitoring.py:58} WARNING - File not found: s3://crypto-mlops-bucket/predictions/date=2025-07-27/hour=16/prediction.parquet
[2025-07-31T22:10:51.354+0000] {drift_monitoring.py:58} WARNING - File not found: s3://crypto-mlops-bucket/targets/date=2025-07-27/hour=16/target.parquet
[2025-07-31T22:10:51.367+0000] {drift_monitoring.py:58} WARNING - File not found: s3://crypto-mlops-bucket/predictions/date=2025-07-27/hour=15/prediction.parquet
[2025-07-31T22:10:51.379+0000] {drift_monitoring.py:58} WARNING - File not found: s3://crypto-mlops-bucket/targets/date=2025-07-27/hour=15/target.parquet
[2025-07-31T22:10:51.391+0000] {drift_monitoring.py:58} WARNING - File not found: s3://crypto-mlops-bucket/predictions/date=2025-07-27/hour=14/prediction.parquet
[2025-07-31T22:10:51.403+0000] {drift_monitoring.py:58} WARNING - File not found: s3://crypto-mlops-bucket/targets/date=2025-07-27/hour=14/target.parquet
[2025-07-31T22:10:51.414+0000] {drift_monitoring.py:58} WARNING - File not found: s3://crypto-mlops-bucket/predictions/date=2025-07-27/hour=13/prediction.parquet
[2025-07-31T22:10:51.425+0000] {drift_monitoring.py:58} WARNING - File not found: s3://crypto-mlops-bucket/targets/date=2025-07-27/hour=13/target.parquet
[2025-07-31T22:10:51.436+0000] {drift_monitoring.py:58} WARNING - File not found: s3://crypto-mlops-bucket/predictions/date=2025-07-27/hour=12/prediction.parquet
[2025-07-31T22:10:51.447+0000] {drift_monitoring.py:58} WARNING - File not found: s3://crypto-mlops-bucket/targets/date=2025-07-27/hour=12/target.parquet
[2025-07-31T22:10:51.459+0000] {drift_monitoring.py:58} WARNING - File not found: s3://crypto-mlops-bucket/predictions/date=2025-07-27/hour=11/prediction.parquet
[2025-07-31T22:10:51.470+0000] {drift_monitoring.py:58} WARNING - File not found: s3://crypto-mlops-bucket/targets/date=2025-07-27/hour=11/target.parquet
[2025-07-31T22:10:51.480+0000] {drift_monitoring.py:58} WARNING - File not found: s3://crypto-mlops-bucket/predictions/date=2025-07-27/hour=10/prediction.parquet
[2025-07-31T22:10:51.491+0000] {drift_monitoring.py:58} WARNING - File not found: s3://crypto-mlops-bucket/targets/date=2025-07-27/hour=10/target.parquet
[2025-07-31T22:10:51.501+0000] {drift_monitoring.py:58} WARNING - File not found: s3://crypto-mlops-bucket/predictions/date=2025-07-27/hour=09/prediction.parquet
[2025-07-31T22:10:51.513+0000] {drift_monitoring.py:58} WARNING - File not found: s3://crypto-mlops-bucket/targets/date=2025-07-27/hour=09/target.parquet
[2025-07-31T22:10:51.523+0000] {drift_monitoring.py:58} WARNING - File not found: s3://crypto-mlops-bucket/predictions/date=2025-07-27/hour=08/prediction.parquet
[2025-07-31T22:10:51.534+0000] {drift_monitoring.py:58} WARNING - File not found: s3://crypto-mlops-bucket/targets/date=2025-07-27/hour=08/target.parquet
[2025-07-31T22:10:51.545+0000] {drift_monitoring.py:58} WARNING - File not found: s3://crypto-mlops-bucket/predictions/date=2025-07-27/hour=07/prediction.parquet
[2025-07-31T22:10:51.555+0000] {drift_monitoring.py:58} WARNING - File not found: s3://crypto-mlops-bucket/targets/date=2025-07-27/hour=07/target.parquet
[2025-07-31T22:10:51.565+0000] {drift_monitoring.py:58} WARNING - File not found: s3://crypto-mlops-bucket/predictions/date=2025-07-27/hour=06/prediction.parquet
[2025-07-31T22:10:51.575+0000] {drift_monitoring.py:58} WARNING - File not found: s3://crypto-mlops-bucket/targets/date=2025-07-27/hour=06/target.parquet
[2025-07-31T22:10:51.587+0000] {drift_monitoring.py:58} WARNING - File not found: s3://crypto-mlops-bucket/predictions/date=2025-07-27/hour=05/prediction.parquet
[2025-07-31T22:10:51.597+0000] {drift_monitoring.py:58} WARNING - File not found: s3://crypto-mlops-bucket/targets/date=2025-07-27/hour=05/target.parquet
[2025-07-31T22:10:51.608+0000] {drift_monitoring.py:58} WARNING - File not found: s3://crypto-mlops-bucket/predictions/date=2025-07-27/hour=04/prediction.parquet
[2025-07-31T22:10:51.618+0000] {drift_monitoring.py:58} WARNING - File not found: s3://crypto-mlops-bucket/targets/date=2025-07-27/hour=04/target.parquet
[2025-07-31T22:10:51.631+0000] {drift_monitoring.py:58} WARNING - File not found: s3://crypto-mlops-bucket/predictions/date=2025-07-27/hour=03/prediction.parquet
[2025-07-31T22:10:51.644+0000] {drift_monitoring.py:58} WARNING - File not found: s3://crypto-mlops-bucket/targets/date=2025-07-27/hour=03/target.parquet
[2025-07-31T22:10:51.657+0000] {drift_monitoring.py:58} WARNING - File not found: s3://crypto-mlops-bucket/predictions/date=2025-07-27/hour=02/prediction.parquet
[2025-07-31T22:10:51.669+0000] {drift_monitoring.py:58} WARNING - File not found: s3://crypto-mlops-bucket/targets/date=2025-07-27/hour=02/target.parquet
[2025-07-31T22:10:51.681+0000] {drift_monitoring.py:58} WARNING - File not found: s3://crypto-mlops-bucket/predictions/date=2025-07-27/hour=01/prediction.parquet
[2025-07-31T22:10:51.692+0000] {drift_monitoring.py:58} WARNING - File not found: s3://crypto-mlops-bucket/targets/date=2025-07-27/hour=01/target.parquet
[2025-07-31T22:10:51.703+0000] {drift_monitoring.py:58} WARNING - File not found: s3://crypto-mlops-bucket/predictions/date=2025-07-27/hour=00/prediction.parquet
[2025-07-31T22:10:51.713+0000] {drift_monitoring.py:58} WARNING - File not found: s3://crypto-mlops-bucket/targets/date=2025-07-27/hour=00/target.parquet
[2025-07-31T22:10:51.723+0000] {drift_monitoring.py:58} WARNING - File not found: s3://crypto-mlops-bucket/predictions/date=2025-07-26/hour=23/prediction.parquet
[2025-07-31T22:10:51.734+0000] {drift_monitoring.py:58} WARNING - File not found: s3://crypto-mlops-bucket/targets/date=2025-07-26/hour=23/target.parquet
[2025-07-31T22:10:51.745+0000] {drift_monitoring.py:58} WARNING - File not found: s3://crypto-mlops-bucket/predictions/date=2025-07-26/hour=22/prediction.parquet
[2025-07-31T22:10:51.756+0000] {drift_monitoring.py:58} WARNING - File not found: s3://crypto-mlops-bucket/targets/date=2025-07-26/hour=22/target.parquet
[2025-07-31T22:10:51.767+0000] {drift_monitoring.py:58} WARNING - File not found: s3://crypto-mlops-bucket/predictions/date=2025-07-26/hour=21/prediction.parquet
[2025-07-31T22:10:51.780+0000] {drift_monitoring.py:58} WARNING - File not found: s3://crypto-mlops-bucket/targets/date=2025-07-26/hour=21/target.parquet
[2025-07-31T22:10:51.794+0000] {drift_monitoring.py:58} WARNING - File not found: s3://crypto-mlops-bucket/predictions/date=2025-07-26/hour=20/prediction.parquet
[2025-07-31T22:10:51.805+0000] {drift_monitoring.py:58} WARNING - File not found: s3://crypto-mlops-bucket/targets/date=2025-07-26/hour=20/target.parquet
[2025-07-31T22:10:51.815+0000] {drift_monitoring.py:58} WARNING - File not found: s3://crypto-mlops-bucket/predictions/date=2025-07-26/hour=19/prediction.parquet
[2025-07-31T22:10:51.826+0000] {drift_monitoring.py:58} WARNING - File not found: s3://crypto-mlops-bucket/targets/date=2025-07-26/hour=19/target.parquet
[2025-07-31T22:10:51.838+0000] {drift_monitoring.py:58} WARNING - File not found: s3://crypto-mlops-bucket/predictions/date=2025-07-26/hour=18/prediction.parquet
[2025-07-31T22:10:51.848+0000] {drift_monitoring.py:58} WARNING - File not found: s3://crypto-mlops-bucket/targets/date=2025-07-26/hour=18/target.parquet
[2025-07-31T22:10:51.858+0000] {drift_monitoring.py:58} WARNING - File not found: s3://crypto-mlops-bucket/predictions/date=2025-07-26/hour=17/prediction.parquet
[2025-07-31T22:10:51.870+0000] {drift_monitoring.py:58} WARNING - File not found: s3://crypto-mlops-bucket/targets/date=2025-07-26/hour=17/target.parquet
[2025-07-31T22:10:51.881+0000] {drift_monitoring.py:58} WARNING - File not found: s3://crypto-mlops-bucket/predictions/date=2025-07-26/hour=16/prediction.parquet
[2025-07-31T22:10:51.892+0000] {drift_monitoring.py:58} WARNING - File not found: s3://crypto-mlops-bucket/targets/date=2025-07-26/hour=16/target.parquet
[2025-07-31T22:10:51.904+0000] {drift_monitoring.py:58} WARNING - File not found: s3://crypto-mlops-bucket/predictions/date=2025-07-26/hour=15/prediction.parquet
[2025-07-31T22:10:51.916+0000] {drift_monitoring.py:58} WARNING - File not found: s3://crypto-mlops-bucket/targets/date=2025-07-26/hour=15/target.parquet
[2025-07-31T22:10:51.928+0000] {drift_monitoring.py:58} WARNING - File not found: s3://crypto-mlops-bucket/predictions/date=2025-07-26/hour=14/prediction.parquet
[2025-07-31T22:10:51.940+0000] {drift_monitoring.py:58} WARNING - File not found: s3://crypto-mlops-bucket/targets/date=2025-07-26/hour=14/target.parquet
[2025-07-31T22:10:51.951+0000] {drift_monitoring.py:58} WARNING - File not found: s3://crypto-mlops-bucket/predictions/date=2025-07-26/hour=13/prediction.parquet
[2025-07-31T22:10:51.962+0000] {drift_monitoring.py:58} WARNING - File not found: s3://crypto-mlops-bucket/targets/date=2025-07-26/hour=13/target.parquet
[2025-07-31T22:10:51.977+0000] {drift_monitoring.py:58} WARNING - File not found: s3://crypto-mlops-bucket/predictions/date=2025-07-26/hour=12/prediction.parquet
[2025-07-31T22:10:51.989+0000] {drift_monitoring.py:58} WARNING - File not found: s3://crypto-mlops-bucket/targets/date=2025-07-26/hour=12/target.parquet
[2025-07-31T22:10:52.002+0000] {drift_monitoring.py:58} WARNING - File not found: s3://crypto-mlops-bucket/predictions/date=2025-07-26/hour=11/prediction.parquet
[2025-07-31T22:10:52.013+0000] {drift_monitoring.py:58} WARNING - File not found: s3://crypto-mlops-bucket/targets/date=2025-07-26/hour=11/target.parquet
[2025-07-31T22:10:52.026+0000] {drift_monitoring.py:58} WARNING - File not found: s3://crypto-mlops-bucket/predictions/date=2025-07-26/hour=10/prediction.parquet
[2025-07-31T22:10:52.039+0000] {drift_monitoring.py:58} WARNING - File not found: s3://crypto-mlops-bucket/targets/date=2025-07-26/hour=10/target.parquet
[2025-07-31T22:10:52.051+0000] {drift_monitoring.py:58} WARNING - File not found: s3://crypto-mlops-bucket/predictions/date=2025-07-26/hour=09/prediction.parquet
[2025-07-31T22:10:52.065+0000] {drift_monitoring.py:58} WARNING - File not found: s3://crypto-mlops-bucket/targets/date=2025-07-26/hour=09/target.parquet
[2025-07-31T22:10:52.080+0000] {drift_monitoring.py:58} WARNING - File not found: s3://crypto-mlops-bucket/predictions/date=2025-07-26/hour=08/prediction.parquet
[2025-07-31T22:10:52.097+0000] {drift_monitoring.py:58} WARNING - File not found: s3://crypto-mlops-bucket/targets/date=2025-07-26/hour=08/target.parquet
[2025-07-31T22:10:52.111+0000] {drift_monitoring.py:58} WARNING - File not found: s3://crypto-mlops-bucket/predictions/date=2025-07-26/hour=07/prediction.parquet
[2025-07-31T22:10:52.125+0000] {drift_monitoring.py:58} WARNING - File not found: s3://crypto-mlops-bucket/targets/date=2025-07-26/hour=07/target.parquet
[2025-07-31T22:10:52.138+0000] {drift_monitoring.py:58} WARNING - File not found: s3://crypto-mlops-bucket/predictions/date=2025-07-26/hour=06/prediction.parquet
[2025-07-31T22:10:52.150+0000] {drift_monitoring.py:58} WARNING - File not found: s3://crypto-mlops-bucket/targets/date=2025-07-26/hour=06/target.parquet
[2025-07-31T22:10:52.163+0000] {drift_monitoring.py:58} WARNING - File not found: s3://crypto-mlops-bucket/predictions/date=2025-07-26/hour=05/prediction.parquet
[2025-07-31T22:10:52.175+0000] {drift_monitoring.py:58} WARNING - File not found: s3://crypto-mlops-bucket/targets/date=2025-07-26/hour=05/target.parquet
[2025-07-31T22:10:52.186+0000] {drift_monitoring.py:58} WARNING - File not found: s3://crypto-mlops-bucket/predictions/date=2025-07-26/hour=04/prediction.parquet
[2025-07-31T22:10:52.197+0000] {drift_monitoring.py:58} WARNING - File not found: s3://crypto-mlops-bucket/targets/date=2025-07-26/hour=04/target.parquet
[2025-07-31T22:10:52.208+0000] {drift_monitoring.py:58} WARNING - File not found: s3://crypto-mlops-bucket/predictions/date=2025-07-26/hour=03/prediction.parquet
[2025-07-31T22:10:52.219+0000] {drift_monitoring.py:58} WARNING - File not found: s3://crypto-mlops-bucket/targets/date=2025-07-26/hour=03/target.parquet
[2025-07-31T22:10:52.234+0000] {drift_monitoring.py:58} WARNING - File not found: s3://crypto-mlops-bucket/predictions/date=2025-07-26/hour=02/prediction.parquet
[2025-07-31T22:10:52.244+0000] {drift_monitoring.py:58} WARNING - File not found: s3://crypto-mlops-bucket/targets/date=2025-07-26/hour=02/target.parquet
[2025-07-31T22:10:52.256+0000] {drift_monitoring.py:58} WARNING - File not found: s3://crypto-mlops-bucket/predictions/date=2025-07-26/hour=01/prediction.parquet
[2025-07-31T22:10:52.267+0000] {drift_monitoring.py:58} WARNING - File not found: s3://crypto-mlops-bucket/targets/date=2025-07-26/hour=01/target.parquet
[2025-07-31T22:10:52.278+0000] {drift_monitoring.py:58} WARNING - File not found: s3://crypto-mlops-bucket/predictions/date=2025-07-26/hour=00/prediction.parquet
[2025-07-31T22:10:52.289+0000] {drift_monitoring.py:58} WARNING - File not found: s3://crypto-mlops-bucket/targets/date=2025-07-26/hour=00/target.parquet
[2025-07-31T22:10:52.299+0000] {drift_monitoring.py:58} WARNING - File not found: s3://crypto-mlops-bucket/predictions/date=2025-07-25/hour=23/prediction.parquet
[2025-07-31T22:10:52.309+0000] {drift_monitoring.py:58} WARNING - File not found: s3://crypto-mlops-bucket/targets/date=2025-07-25/hour=23/target.parquet
[2025-07-31T22:10:52.318+0000] {drift_monitoring.py:58} WARNING - File not found: s3://crypto-mlops-bucket/predictions/date=2025-07-25/hour=22/prediction.parquet
[2025-07-31T22:10:52.329+0000] {drift_monitoring.py:58} WARNING - File not found: s3://crypto-mlops-bucket/targets/date=2025-07-25/hour=22/target.parquet
[2025-07-31T22:10:52.340+0000] {drift_monitoring.py:58} WARNING - File not found: s3://crypto-mlops-bucket/predictions/date=2025-07-25/hour=21/prediction.parquet
[2025-07-31T22:10:52.350+0000] {drift_monitoring.py:58} WARNING - File not found: s3://crypto-mlops-bucket/targets/date=2025-07-25/hour=21/target.parquet
[2025-07-31T22:10:52.361+0000] {drift_monitoring.py:58} WARNING - File not found: s3://crypto-mlops-bucket/predictions/date=2025-07-25/hour=20/prediction.parquet
[2025-07-31T22:10:52.373+0000] {drift_monitoring.py:58} WARNING - File not found: s3://crypto-mlops-bucket/targets/date=2025-07-25/hour=20/target.parquet
[2025-07-31T22:10:52.385+0000] {drift_monitoring.py:58} WARNING - File not found: s3://crypto-mlops-bucket/predictions/date=2025-07-25/hour=19/prediction.parquet
[2025-07-31T22:10:52.397+0000] {drift_monitoring.py:58} WARNING - File not found: s3://crypto-mlops-bucket/targets/date=2025-07-25/hour=19/target.parquet
[2025-07-31T22:10:52.408+0000] {drift_monitoring.py:58} WARNING - File not found: s3://crypto-mlops-bucket/predictions/date=2025-07-25/hour=18/prediction.parquet
[2025-07-31T22:10:52.418+0000] {drift_monitoring.py:58} WARNING - File not found: s3://crypto-mlops-bucket/targets/date=2025-07-25/hour=18/target.parquet
[2025-07-31T22:10:52.429+0000] {drift_monitoring.py:58} WARNING - File not found: s3://crypto-mlops-bucket/predictions/date=2025-07-25/hour=17/prediction.parquet
[2025-07-31T22:10:52.440+0000] {drift_monitoring.py:58} WARNING - File not found: s3://crypto-mlops-bucket/targets/date=2025-07-25/hour=17/target.parquet
[2025-07-31T22:10:52.452+0000] {drift_monitoring.py:58} WARNING - File not found: s3://crypto-mlops-bucket/predictions/date=2025-07-25/hour=16/prediction.parquet
[2025-07-31T22:10:52.464+0000] {drift_monitoring.py:58} WARNING - File not found: s3://crypto-mlops-bucket/targets/date=2025-07-25/hour=16/target.parquet
[2025-07-31T22:10:52.477+0000] {drift_monitoring.py:58} WARNING - File not found: s3://crypto-mlops-bucket/predictions/date=2025-07-25/hour=15/prediction.parquet
[2025-07-31T22:10:52.489+0000] {drift_monitoring.py:58} WARNING - File not found: s3://crypto-mlops-bucket/targets/date=2025-07-25/hour=15/target.parquet
[2025-07-31T22:10:52.501+0000] {drift_monitoring.py:58} WARNING - File not found: s3://crypto-mlops-bucket/predictions/date=2025-07-25/hour=14/prediction.parquet
[2025-07-31T22:10:52.512+0000] {drift_monitoring.py:58} WARNING - File not found: s3://crypto-mlops-bucket/targets/date=2025-07-25/hour=14/target.parquet
[2025-07-31T22:10:52.526+0000] {drift_monitoring.py:58} WARNING - File not found: s3://crypto-mlops-bucket/predictions/date=2025-07-25/hour=13/prediction.parquet
[2025-07-31T22:10:52.540+0000] {drift_monitoring.py:58} WARNING - File not found: s3://crypto-mlops-bucket/targets/date=2025-07-25/hour=13/target.parquet
[2025-07-31T22:10:52.552+0000] {drift_monitoring.py:58} WARNING - File not found: s3://crypto-mlops-bucket/predictions/date=2025-07-25/hour=12/prediction.parquet
[2025-07-31T22:10:52.564+0000] {drift_monitoring.py:58} WARNING - File not found: s3://crypto-mlops-bucket/targets/date=2025-07-25/hour=12/target.parquet
[2025-07-31T22:10:52.576+0000] {drift_monitoring.py:58} WARNING - File not found: s3://crypto-mlops-bucket/predictions/date=2025-07-25/hour=11/prediction.parquet
[2025-07-31T22:10:52.587+0000] {drift_monitoring.py:58} WARNING - File not found: s3://crypto-mlops-bucket/targets/date=2025-07-25/hour=11/target.parquet
[2025-07-31T22:10:52.598+0000] {drift_monitoring.py:58} WARNING - File not found: s3://crypto-mlops-bucket/predictions/date=2025-07-25/hour=10/prediction.parquet
[2025-07-31T22:10:52.609+0000] {drift_monitoring.py:58} WARNING - File not found: s3://crypto-mlops-bucket/targets/date=2025-07-25/hour=10/target.parquet
[2025-07-31T22:10:52.620+0000] {drift_monitoring.py:58} WARNING - File not found: s3://crypto-mlops-bucket/predictions/date=2025-07-25/hour=09/prediction.parquet
[2025-07-31T22:10:52.631+0000] {drift_monitoring.py:58} WARNING - File not found: s3://crypto-mlops-bucket/targets/date=2025-07-25/hour=09/target.parquet
[2025-07-31T22:10:52.643+0000] {drift_monitoring.py:58} WARNING - File not found: s3://crypto-mlops-bucket/predictions/date=2025-07-25/hour=08/prediction.parquet
[2025-07-31T22:10:52.653+0000] {drift_monitoring.py:58} WARNING - File not found: s3://crypto-mlops-bucket/targets/date=2025-07-25/hour=08/target.parquet
[2025-07-31T22:10:52.664+0000] {drift_monitoring.py:58} WARNING - File not found: s3://crypto-mlops-bucket/predictions/date=2025-07-25/hour=07/prediction.parquet
[2025-07-31T22:10:52.674+0000] {drift_monitoring.py:58} WARNING - File not found: s3://crypto-mlops-bucket/targets/date=2025-07-25/hour=07/target.parquet
[2025-07-31T22:10:52.686+0000] {drift_monitoring.py:58} WARNING - File not found: s3://crypto-mlops-bucket/predictions/date=2025-07-25/hour=06/prediction.parquet
[2025-07-31T22:10:52.695+0000] {drift_monitoring.py:58} WARNING - File not found: s3://crypto-mlops-bucket/targets/date=2025-07-25/hour=06/target.parquet
[2025-07-31T22:10:52.707+0000] {drift_monitoring.py:58} WARNING - File not found: s3://crypto-mlops-bucket/predictions/date=2025-07-25/hour=05/prediction.parquet
[2025-07-31T22:10:52.717+0000] {drift_monitoring.py:58} WARNING - File not found: s3://crypto-mlops-bucket/targets/date=2025-07-25/hour=05/target.parquet
[2025-07-31T22:10:52.727+0000] {drift_monitoring.py:58} WARNING - File not found: s3://crypto-mlops-bucket/predictions/date=2025-07-25/hour=04/prediction.parquet
[2025-07-31T22:10:52.739+0000] {drift_monitoring.py:58} WARNING - File not found: s3://crypto-mlops-bucket/targets/date=2025-07-25/hour=04/target.parquet
[2025-07-31T22:10:52.750+0000] {drift_monitoring.py:58} WARNING - File not found: s3://crypto-mlops-bucket/predictions/date=2025-07-25/hour=03/prediction.parquet
[2025-07-31T22:10:52.762+0000] {drift_monitoring.py:58} WARNING - File not found: s3://crypto-mlops-bucket/targets/date=2025-07-25/hour=03/target.parquet
[2025-07-31T22:10:52.774+0000] {drift_monitoring.py:58} WARNING - File not found: s3://crypto-mlops-bucket/predictions/date=2025-07-25/hour=02/prediction.parquet
[2025-07-31T22:10:52.786+0000] {drift_monitoring.py:58} WARNING - File not found: s3://crypto-mlops-bucket/targets/date=2025-07-25/hour=02/target.parquet
[2025-07-31T22:10:52.797+0000] {drift_monitoring.py:58} WARNING - File not found: s3://crypto-mlops-bucket/predictions/date=2025-07-25/hour=01/prediction.parquet
[2025-07-31T22:10:52.809+0000] {drift_monitoring.py:58} WARNING - File not found: s3://crypto-mlops-bucket/targets/date=2025-07-25/hour=01/target.parquet
[2025-07-31T22:10:52.819+0000] {drift_monitoring.py:58} WARNING - File not found: s3://crypto-mlops-bucket/predictions/date=2025-07-25/hour=00/prediction.parquet
[2025-07-31T22:10:52.831+0000] {drift_monitoring.py:58} WARNING - File not found: s3://crypto-mlops-bucket/targets/date=2025-07-25/hour=00/target.parquet
[2025-07-31T22:10:52.844+0000] {drift_monitoring.py:58} WARNING - File not found: s3://crypto-mlops-bucket/predictions/date=2025-07-24/hour=23/prediction.parquet
[2025-07-31T22:10:52.856+0000] {drift_monitoring.py:58} WARNING - File not found: s3://crypto-mlops-bucket/targets/date=2025-07-24/hour=23/target.parquet
[2025-07-31T22:10:52.866+0000] {drift_monitoring.py:321} INFO - Loaded 5 data points for drift analysis
[2025-07-31T22:10:52.867+0000] {drift_monitoring.py:329} INFO - Minimum points required per window: 2
[2025-07-31T22:10:52.873+0000] {drift_monitoring.py:343} INFO - Window 0: MAE = 0.0545 with 5 points
[2025-07-31T22:10:52.875+0000] {drift_monitoring.py:343} INFO - Window 1: MAE = 0.0545 with 5 points
[2025-07-31T22:10:52.877+0000] {drift_monitoring.py:343} INFO - Window 2: MAE = 0.0545 with 5 points
[2025-07-31T22:10:52.880+0000] {drift_monitoring.py:343} INFO - Window 3: MAE = 0.0588 with 4 points
[2025-07-31T22:10:52.883+0000] {drift_monitoring.py:343} INFO - Window 4: MAE = 0.0762 with 3 points
[2025-07-31T22:10:52.885+0000] {drift_monitoring.py:343} INFO - Window 5: MAE = 0.0762 with 3 points
[2025-07-31T22:10:52.887+0000] {drift_monitoring.py:343} INFO - Window 6: MAE = 0.0762 with 3 points
[2025-07-31T22:10:52.889+0000] {drift_monitoring.py:343} INFO - Window 7: MAE = 0.0762 with 3 points
[2025-07-31T22:10:52.891+0000] {drift_monitoring.py:343} INFO - Window 8: MAE = 0.0796 with 2 points
[2025-07-31T22:10:52.900+0000] {drift_monitoring.py:360} INFO - Current MAE: 0.0545
[2025-07-31T22:10:52.901+0000] {drift_monitoring.py:361} INFO - Mean MAE over analysis period: 0.0674
[2025-07-31T22:10:52.901+0000] {drift_monitoring.py:362} INFO - Drift threshold: 0.15
[2025-07-31T22:10:52.902+0000] {drift_monitoring.py:208} INFO - Loading reference metrics from s3://crypto-mlops-bucket/models//metrics/metrics.json
[2025-07-31T22:10:52.913+0000] {drift_monitoring.py:214} INFO - Loaded reference metrics: {'train_rmse': 0.10132790942815612, 'val_rmse': 0.08004477997499375, 'train_mae': 0.06905127232818739, 'val_mae': 0.05703907570127514, 'train_r2': 0.018434416395335385, 'val_r2': 0.0086746685610547, 'best_iteration': 4}
[2025-07-31T22:10:52.914+0000] {drift_monitoring.py:369} INFO - Reference MAE: 0.0570
[2025-07-31T22:10:52.915+0000] {drift_monitoring.py:372} INFO - MAE degradation vs reference: -4.41%
[2025-07-31T22:10:52.915+0000] {drift_monitoring.py:82} INFO - Searching for reference files with prefix: models//reference/
[2025-07-31T22:10:52.930+0000] {drift_monitoring.py:107} INFO - Found 2 files in reference directory
[2025-07-31T22:10:52.931+0000] {drift_monitoring.py:120} INFO - Found run_id: c22d2fb8a0c54cd9be9be996e63addeb (modified: 2025-07-31 21:37:52+00:00)
[2025-07-31T22:10:52.931+0000] {drift_monitoring.py:131} INFO - Latest run_id selected: c22d2fb8a0c54cd9be9be996e63addeb
[2025-07-31T22:10:52.932+0000] {drift_monitoring.py:149} INFO - Loading reference data for run_id: c22d2fb8a0c54cd9be9be996e63addeb
[2025-07-31T22:10:52.932+0000] {drift_monitoring.py:155} INFO - Trying to load train data from: s3://crypto-mlops-bucket/models//reference/train_c22d2fb8a0c54cd9be9be996e63addeb.csv
[2025-07-31T22:10:52.933+0000] {drift_monitoring.py:156} INFO - Trying to load val data from: s3://crypto-mlops-bucket/models//reference/val_c22d2fb8a0c54cd9be9be996e63addeb.csv
[2025-07-31T22:10:53.346+0000] {drift_monitoring.py:182} INFO - Loaded training reference data: 6964 rows, columns: ['low', 'high', 'open', 'close', 'volume', 'price_change', 'volume_change', 'high_low_ratio', 'close_open_ratio', 'price_range', 'sma_5', 'ema_5', 'volume_sma_5', 'price_vs_sma_5', 'price_vs_ema_5', 'sma_10', 'ema_10', 'volume_sma_10', 'price_vs_sma_10', 'price_vs_ema_10', 'sma_20', 'ema_20', 'volume_sma_20', 'price_vs_sma_20', 'price_vs_ema_20', 'sma_50', 'ema_50', 'volume_sma_50', 'price_vs_sma_50', 'price_vs_ema_50', 'macd', 'macd_signal', 'rsi', 'bbands_upper', 'bbands_lower', 'bbands_position', 'atr', 'volume_sma_ratio', 'close_lag_1', 'volume_lag_1', 'rsi_lag_1', 'price_change_lag_1', 'close_lag_2', 'volume_lag_2', 'rsi_lag_2', 'price_change_lag_2', 'close_lag_3', 'volume_lag_3', 'rsi_lag_3', 'price_change_lag_3', 'close_lag_5', 'volume_lag_5', 'rsi_lag_5', 'price_change_lag_5', 'close_lag_10', 'volume_lag_10', 'rsi_lag_10', 'price_change_lag_10', 'close_std_5', 'volume_std_5', 'price_change_std_5', 'close_min_5', 'close_max_5', 'close_position_5', 'close_std_10', 'volume_std_10', 'price_change_std_10', 'close_min_10', 'close_max_10', 'close_position_10', 'close_std_20', 'volume_std_20', 'price_change_std_20', 'close_min_20', 'close_max_20', 'close_position_20', 'hour', 'day_of_week', 'day_of_month', 'month', 'target']
[2025-07-31T22:10:53.413+0000] {drift_monitoring.py:183} INFO - Train data sample:
        low      high      open  ...  day_of_month  month    target
0 -1.841472 -1.805576 -1.842404  ...     -1.754518    0.0  0.175052
1 -1.790232 -1.760827 -1.795628  ...     -1.754518    0.0 -0.128173
2 -1.787269 -1.762919 -1.756692  ...     -1.754518    0.0  0.034480
3 -1.788614 -1.787585 -1.785251  ...     -1.754518    0.0  0.058501
4 -1.772529 -1.766365 -1.777579  ...     -1.754518    0.0 -0.015417

[5 rows x 81 columns]
[2025-07-31T22:10:53.414+0000] {drift_monitoring.py:187} INFO - Loaded validation reference data: 1741 rows, columns: ['low', 'high', 'open', 'close', 'volume', 'price_change', 'volume_change', 'high_low_ratio', 'close_open_ratio', 'price_range', 'sma_5', 'ema_5', 'volume_sma_5', 'price_vs_sma_5', 'price_vs_ema_5', 'sma_10', 'ema_10', 'volume_sma_10', 'price_vs_sma_10', 'price_vs_ema_10', 'sma_20', 'ema_20', 'volume_sma_20', 'price_vs_sma_20', 'price_vs_ema_20', 'sma_50', 'ema_50', 'volume_sma_50', 'price_vs_sma_50', 'price_vs_ema_50', 'macd', 'macd_signal', 'rsi', 'bbands_upper', 'bbands_lower', 'bbands_position', 'atr', 'volume_sma_ratio', 'close_lag_1', 'volume_lag_1', 'rsi_lag_1', 'price_change_lag_1', 'close_lag_2', 'volume_lag_2', 'rsi_lag_2', 'price_change_lag_2', 'close_lag_3', 'volume_lag_3', 'rsi_lag_3', 'price_change_lag_3', 'close_lag_5', 'volume_lag_5', 'rsi_lag_5', 'price_change_lag_5', 'close_lag_10', 'volume_lag_10', 'rsi_lag_10', 'price_change_lag_10', 'close_std_5', 'volume_std_5', 'price_change_std_5', 'close_min_5', 'close_max_5', 'close_position_5', 'close_std_10', 'volume_std_10', 'price_change_std_10', 'close_min_10', 'close_max_10', 'close_position_10', 'close_std_20', 'volume_std_20', 'price_change_std_20', 'close_min_20', 'close_max_20', 'close_position_20', 'hour', 'day_of_week', 'day_of_month', 'month', 'target']
[2025-07-31T22:10:53.473+0000] {drift_monitoring.py:188} INFO - Val data sample:
        low      high      open  ...  day_of_month  month    target
0  0.449971  0.437625  0.438066  ...      1.680529    0.0  0.171906
1  0.455119  0.481476  0.440506  ...      1.680529    0.0  0.095171
2  0.491786  0.496878  0.480838  ...      1.680529    0.0  0.173062
3  0.522652  0.534575  0.505913  ...      1.680529    0.0  0.004945
4  0.561805  0.547110  0.548390  ...      1.680529    0.0 -0.151022

[5 rows x 81 columns]
[2025-07-31T22:10:53.476+0000] {drift_monitoring.py:193} INFO - Combined reference data: 8705 rows, columns: ['low', 'high', 'open', 'close', 'volume', 'price_change', 'volume_change', 'high_low_ratio', 'close_open_ratio', 'price_range', 'sma_5', 'ema_5', 'volume_sma_5', 'price_vs_sma_5', 'price_vs_ema_5', 'sma_10', 'ema_10', 'volume_sma_10', 'price_vs_sma_10', 'price_vs_ema_10', 'sma_20', 'ema_20', 'volume_sma_20', 'price_vs_sma_20', 'price_vs_ema_20', 'sma_50', 'ema_50', 'volume_sma_50', 'price_vs_sma_50', 'price_vs_ema_50', 'macd', 'macd_signal', 'rsi', 'bbands_upper', 'bbands_lower', 'bbands_position', 'atr', 'volume_sma_ratio', 'close_lag_1', 'volume_lag_1', 'rsi_lag_1', 'price_change_lag_1', 'close_lag_2', 'volume_lag_2', 'rsi_lag_2', 'price_change_lag_2', 'close_lag_3', 'volume_lag_3', 'rsi_lag_3', 'price_change_lag_3', 'close_lag_5', 'volume_lag_5', 'rsi_lag_5', 'price_change_lag_5', 'close_lag_10', 'volume_lag_10', 'rsi_lag_10', 'price_change_lag_10', 'close_std_5', 'volume_std_5', 'price_change_std_5', 'close_min_5', 'close_max_5', 'close_position_5', 'close_std_10', 'volume_std_10', 'price_change_std_10', 'close_min_10', 'close_max_10', 'close_position_10', 'close_std_20', 'volume_std_20', 'price_change_std_20', 'close_min_20', 'close_max_20', 'close_position_20', 'hour', 'day_of_week', 'day_of_month', 'month', 'target']
[2025-07-31T22:10:53.534+0000] {drift_monitoring.py:194} INFO - Combined data sample:
        low      high      open  ...  day_of_month  month    target
0 -1.841472 -1.805576 -1.842404  ...     -1.754518    0.0  0.175052
1 -1.790232 -1.760827 -1.795628  ...     -1.754518    0.0 -0.128173
2 -1.787269 -1.762919 -1.756692  ...     -1.754518    0.0  0.034480
3 -1.788614 -1.787585 -1.785251  ...     -1.754518    0.0  0.058501
4 -1.772529 -1.766365 -1.777579  ...     -1.754518    0.0 -0.015417

[5 rows x 81 columns]
[2025-07-31T22:10:53.535+0000] {drift_monitoring.py:385} INFO - Current data for Evidently: ['prediction', 'target', 'timestamp']
[2025-07-31T22:10:53.536+0000] {drift_monitoring.py:386} INFO - Reference data columns: ['low', 'high', 'open', 'close', 'volume', 'price_change', 'volume_change', 'high_low_ratio', 'close_open_ratio', 'price_range', 'sma_5', 'ema_5', 'volume_sma_5', 'price_vs_sma_5', 'price_vs_ema_5', 'sma_10', 'ema_10', 'volume_sma_10', 'price_vs_sma_10', 'price_vs_ema_10', 'sma_20', 'ema_20', 'volume_sma_20', 'price_vs_sma_20', 'price_vs_ema_20', 'sma_50', 'ema_50', 'volume_sma_50', 'price_vs_sma_50', 'price_vs_ema_50', 'macd', 'macd_signal', 'rsi', 'bbands_upper', 'bbands_lower', 'bbands_position', 'atr', 'volume_sma_ratio', 'close_lag_1', 'volume_lag_1', 'rsi_lag_1', 'price_change_lag_1', 'close_lag_2', 'volume_lag_2', 'rsi_lag_2', 'price_change_lag_2', 'close_lag_3', 'volume_lag_3', 'rsi_lag_3', 'price_change_lag_3', 'close_lag_5', 'volume_lag_5', 'rsi_lag_5', 'price_change_lag_5', 'close_lag_10', 'volume_lag_10', 'rsi_lag_10', 'price_change_lag_10', 'close_std_5', 'volume_std_5', 'price_change_std_5', 'close_min_5', 'close_max_5', 'close_position_5', 'close_std_10', 'volume_std_10', 'price_change_std_10', 'close_min_10', 'close_max_10', 'close_position_10', 'close_std_20', 'volume_std_20', 'price_change_std_20', 'close_min_20', 'close_max_20', 'close_position_20', 'hour', 'day_of_week', 'day_of_month', 'month', 'target']
[2025-07-31T22:10:53.541+0000] {drift_monitoring.py:245} INFO - Current data columns: ['prediction', 'target']
[2025-07-31T22:10:53.542+0000] {drift_monitoring.py:246} INFO - Reference data columns: ['low', 'high', 'open', 'close', 'volume', 'price_change', 'volume_change', 'high_low_ratio', 'close_open_ratio', 'price_range', 'sma_5', 'ema_5', 'volume_sma_5', 'price_vs_sma_5', 'price_vs_ema_5', 'sma_10', 'ema_10', 'volume_sma_10', 'price_vs_sma_10', 'price_vs_ema_10', 'sma_20', 'ema_20', 'volume_sma_20', 'price_vs_sma_20', 'price_vs_ema_20', 'sma_50', 'ema_50', 'volume_sma_50', 'price_vs_sma_50', 'price_vs_ema_50', 'macd', 'macd_signal', 'rsi', 'bbands_upper', 'bbands_lower', 'bbands_position', 'atr', 'volume_sma_ratio', 'close_lag_1', 'volume_lag_1', 'rsi_lag_1', 'price_change_lag_1', 'close_lag_2', 'volume_lag_2', 'rsi_lag_2', 'price_change_lag_2', 'close_lag_3', 'volume_lag_3', 'rsi_lag_3', 'price_change_lag_3', 'close_lag_5', 'volume_lag_5', 'rsi_lag_5', 'price_change_lag_5', 'close_lag_10', 'volume_lag_10', 'rsi_lag_10', 'price_change_lag_10', 'close_std_5', 'volume_std_5', 'price_change_std_5', 'close_min_5', 'close_max_5', 'close_position_5', 'close_std_10', 'volume_std_10', 'price_change_std_10', 'close_min_10', 'close_max_10', 'close_position_10', 'close_std_20', 'volume_std_20', 'price_change_std_20', 'close_min_20', 'close_max_20', 'close_position_20', 'hour', 'day_of_week', 'day_of_month', 'month', 'target']
[2025-07-31T22:10:53.544+0000] {drift_monitoring.py:267} INFO - Generating Evidently report with 8705 reference rows and 5 current rows
[2025-07-31T22:10:53.548+0000] {drift_monitoring.py:268} INFO - Reference data sample:
     target  prediction
0  0.175052    0.175052
1 -0.128173   -0.128173
2  0.034480    0.034480
3  0.058501    0.058501
4 -0.015417   -0.015417
[2025-07-31T22:10:53.553+0000] {drift_monitoring.py:269} INFO - Current data sample:
     target  prediction
0 -0.145986   -0.012425
0  0.025355   -0.000363
0  0.065420   -0.003891
0  0.002788   -0.003801
0  0.083989    0.046543
[2025-07-31T22:10:53.608+0000] {logging_mixin.py:188} WARNING - /home/***/.local/lib/python3.12/site-packages/sklearn/metrics/_regression.py:492 FutureWarning: 'squared' is deprecated in version 1.4 and will be removed in 1.6. To calculate the root mean squared error, use the function'root_mean_squared_error'.
[2025-07-31T22:10:53.612+0000] {logging_mixin.py:188} WARNING - /home/***/.local/lib/python3.12/site-packages/sklearn/metrics/_regression.py:492 FutureWarning: 'squared' is deprecated in version 1.4 and will be removed in 1.6. To calculate the root mean squared error, use the function'root_mean_squared_error'.
[2025-07-31T22:10:53.614+0000] {logging_mixin.py:188} WARNING - /home/***/.local/lib/python3.12/site-packages/sklearn/metrics/_regression.py:492 FutureWarning: 'squared' is deprecated in version 1.4 and will be removed in 1.6. To calculate the root mean squared error, use the function'root_mean_squared_error'.
[2025-07-31T22:10:53.639+0000] {logging_mixin.py:188} WARNING - /home/***/.local/lib/python3.12/site-packages/sklearn/metrics/_regression.py:1211 UndefinedMetricWarning: R^2 score is not well-defined with less than two samples.
[2025-07-31T22:10:53.645+0000] {logging_mixin.py:188} WARNING - /home/***/.local/lib/python3.12/site-packages/sklearn/metrics/_regression.py:1211 UndefinedMetricWarning: R^2 score is not well-defined with less than two samples.
[2025-07-31T22:10:53.651+0000] {logging_mixin.py:188} WARNING - /home/***/.local/lib/python3.12/site-packages/sklearn/metrics/_regression.py:492 FutureWarning: 'squared' is deprecated in version 1.4 and will be removed in 1.6. To calculate the root mean squared error, use the function'root_mean_squared_error'.
[2025-07-31T22:10:53.653+0000] {logging_mixin.py:188} WARNING - /home/***/.local/lib/python3.12/site-packages/sklearn/metrics/_regression.py:492 FutureWarning: 'squared' is deprecated in version 1.4 and will be removed in 1.6. To calculate the root mean squared error, use the function'root_mean_squared_error'.
[2025-07-31T22:10:53.655+0000] {logging_mixin.py:188} WARNING - /home/***/.local/lib/python3.12/site-packages/sklearn/metrics/_regression.py:492 FutureWarning: 'squared' is deprecated in version 1.4 and will be removed in 1.6. To calculate the root mean squared error, use the function'root_mean_squared_error'.
[2025-07-31T22:10:53.658+0000] {logging_mixin.py:188} WARNING - /home/***/.local/lib/python3.12/site-packages/sklearn/metrics/_regression.py:492 FutureWarning: 'squared' is deprecated in version 1.4 and will be removed in 1.6. To calculate the root mean squared error, use the function'root_mean_squared_error'.
[2025-07-31T22:10:53.661+0000] {logging_mixin.py:188} WARNING - /home/***/.local/lib/python3.12/site-packages/sklearn/metrics/_regression.py:492 FutureWarning: 'squared' is deprecated in version 1.4 and will be removed in 1.6. To calculate the root mean squared error, use the function'root_mean_squared_error'.
[2025-07-31T22:10:53.663+0000] {logging_mixin.py:188} WARNING - /home/***/.local/lib/python3.12/site-packages/sklearn/metrics/_regression.py:492 FutureWarning: 'squared' is deprecated in version 1.4 and will be removed in 1.6. To calculate the root mean squared error, use the function'root_mean_squared_error'.
[2025-07-31T22:10:53.666+0000] {logging_mixin.py:188} WARNING - /home/***/.local/lib/python3.12/site-packages/sklearn/metrics/_regression.py:492 FutureWarning: 'squared' is deprecated in version 1.4 and will be removed in 1.6. To calculate the root mean squared error, use the function'root_mean_squared_error'.
[2025-07-31T22:10:53.673+0000] {logging_mixin.py:188} WARNING - /home/***/.local/lib/python3.12/site-packages/sklearn/metrics/_regression.py:492 FutureWarning: 'squared' is deprecated in version 1.4 and will be removed in 1.6. To calculate the root mean squared error, use the function'root_mean_squared_error'.
[2025-07-31T22:10:53.676+0000] {logging_mixin.py:188} WARNING - /home/***/.local/lib/python3.12/site-packages/sklearn/metrics/_regression.py:492 FutureWarning: 'squared' is deprecated in version 1.4 and will be removed in 1.6. To calculate the root mean squared error, use the function'root_mean_squared_error'.
[2025-07-31T22:10:54.192+0000] {drift_monitoring.py:274} INFO - Evidently performance report saved at /opt/***/dags/reports/drift_report_202507312200.html
[2025-07-31T22:10:54.194+0000] {drift_monitoring.py:410} INFO - No significant drift detected.
[2025-07-31T22:10:54.195+0000] {python.py:237} INFO - Done. Returned value was: None
[2025-07-31T22:10:54.196+0000] {taskinstance.py:441} INFO - ::group::Post task execution logs
[2025-07-31T22:10:54.209+0000] {taskinstance.py:1205} INFO - Marking task as SUCCESS. dag_id=drift_monitoring_dag, task_id=check_drift_and_trigger, execution_date=20250731T221044, start_date=20250731T221048, end_date=20250731T221054
[2025-07-31T22:10:54.267+0000] {local_task_job_runner.py:240} INFO - Task exited with return code 0
[2025-07-31T22:10:54.287+0000] {taskinstance.py:3482} INFO - 0 downstream tasks scheduled from follow-on schedule check
[2025-07-31T22:10:54.290+0000] {local_task_job_runner.py:222} INFO - ::endgroup::
