[2025-07-30T01:00:06.550+0000] {local_task_job_runner.py:120} INFO - ::group::Pre task execution logs
[2025-07-30T01:00:06.601+0000] {taskinstance.py:2073} INFO - Dependencies all met for dep_context=non-requeueable deps ti=<TaskInstance: drift_monitoring.check_drift_and_report scheduled__2025-07-30T00:00:00+00:00 [queued]>
[2025-07-30T01:00:06.611+0000] {taskinstance.py:2073} INFO - Dependencies all met for dep_context=requeueable deps ti=<TaskInstance: drift_monitoring.check_drift_and_report scheduled__2025-07-30T00:00:00+00:00 [queued]>
[2025-07-30T01:00:06.613+0000] {taskinstance.py:2303} INFO - Starting attempt 1 of 1
[2025-07-30T01:00:06.629+0000] {taskinstance.py:2327} INFO - Executing <Task(PythonOperator): check_drift_and_report> on 2025-07-30 00:00:00+00:00
[2025-07-30T01:00:06.664+0000] {logging_mixin.py:188} WARNING - /home/***/.local/lib/python3.12/site-packages/***/task/task_runner/standard_task_runner.py:61 DeprecationWarning: This process (pid=4311) is multi-threaded, use of fork() may lead to deadlocks in the child.
[2025-07-30T01:00:06.650+0000] {standard_task_runner.py:90} INFO - Running: ['***', 'tasks', 'run', 'drift_monitoring', 'check_drift_and_report', 'scheduled__2025-07-30T00:00:00+00:00', '--job-id', '122', '--raw', '--subdir', 'DAGS_FOLDER/drift_monitoring.py', '--cfg-path', '/tmp/tmpn154ep72']
[2025-07-30T01:00:06.666+0000] {standard_task_runner.py:63} INFO - Started process 4349 to run task
[2025-07-30T01:00:06.666+0000] {standard_task_runner.py:91} INFO - Job 122: Subtask check_drift_and_report
[2025-07-30T01:00:06.698+0000] {logging_mixin.py:188} WARNING - /home/***/.local/lib/python3.12/site-packages/***/settings.py:195 DeprecationWarning: The sql_alchemy_conn option in [core] has been moved to the sql_alchemy_conn option in [database] - the old setting has been used, but please update your config.
[2025-07-30T01:00:06.788+0000] {task_command.py:426} INFO - Running <TaskInstance: drift_monitoring.check_drift_and_report scheduled__2025-07-30T00:00:00+00:00 [running]> on host 44c57df83f33
[2025-07-30T01:00:07.020+0000] {taskinstance.py:2644} INFO - Exporting env vars: AIRFLOW_CTX_DAG_OWNER='mlops' AIRFLOW_CTX_DAG_ID='drift_monitoring' AIRFLOW_CTX_TASK_ID='check_drift_and_report' AIRFLOW_CTX_EXECUTION_DATE='2025-07-30T00:00:00+00:00' AIRFLOW_CTX_TRY_NUMBER='1' AIRFLOW_CTX_DAG_RUN_ID='scheduled__2025-07-30T00:00:00+00:00'
[2025-07-30T01:00:07.024+0000] {taskinstance.py:430} INFO - ::endgroup::
[2025-07-30T01:00:07.061+0000] {drift_monitoring.py:239} INFO - Checking drift from 2025-07-23 00:00:07.061346+00:00 to 2025-07-30 00:00:07.061346+00:00
[2025-07-30T01:00:07.062+0000] {drift_monitoring.py:253} INFO - 📥 Downloading predictions/date=2025-07-23/hour=00/prediction.parquet and targets/date=2025-07-23/hour=00/target.parquet
[2025-07-30T01:00:07.111+0000] {drift_monitoring.py:291} WARNING - ⚠️ Missing file: predictions/date=2025-07-23/hour=00/prediction.parquet or targets/date=2025-07-23/hour=00/target.parquet → skipping
[2025-07-30T01:00:07.112+0000] {drift_monitoring.py:253} INFO - 📥 Downloading predictions/date=2025-07-23/hour=01/prediction.parquet and targets/date=2025-07-23/hour=01/target.parquet
[2025-07-30T01:00:07.122+0000] {drift_monitoring.py:291} WARNING - ⚠️ Missing file: predictions/date=2025-07-23/hour=01/prediction.parquet or targets/date=2025-07-23/hour=01/target.parquet → skipping
[2025-07-30T01:00:07.123+0000] {drift_monitoring.py:253} INFO - 📥 Downloading predictions/date=2025-07-23/hour=02/prediction.parquet and targets/date=2025-07-23/hour=02/target.parquet
[2025-07-30T01:00:07.131+0000] {drift_monitoring.py:291} WARNING - ⚠️ Missing file: predictions/date=2025-07-23/hour=02/prediction.parquet or targets/date=2025-07-23/hour=02/target.parquet → skipping
[2025-07-30T01:00:07.132+0000] {drift_monitoring.py:253} INFO - 📥 Downloading predictions/date=2025-07-23/hour=03/prediction.parquet and targets/date=2025-07-23/hour=03/target.parquet
[2025-07-30T01:00:07.144+0000] {drift_monitoring.py:291} WARNING - ⚠️ Missing file: predictions/date=2025-07-23/hour=03/prediction.parquet or targets/date=2025-07-23/hour=03/target.parquet → skipping
[2025-07-30T01:00:07.144+0000] {drift_monitoring.py:253} INFO - 📥 Downloading predictions/date=2025-07-23/hour=04/prediction.parquet and targets/date=2025-07-23/hour=04/target.parquet
[2025-07-30T01:00:07.153+0000] {drift_monitoring.py:291} WARNING - ⚠️ Missing file: predictions/date=2025-07-23/hour=04/prediction.parquet or targets/date=2025-07-23/hour=04/target.parquet → skipping
[2025-07-30T01:00:07.154+0000] {drift_monitoring.py:253} INFO - 📥 Downloading predictions/date=2025-07-23/hour=05/prediction.parquet and targets/date=2025-07-23/hour=05/target.parquet
[2025-07-30T01:00:07.163+0000] {drift_monitoring.py:291} WARNING - ⚠️ Missing file: predictions/date=2025-07-23/hour=05/prediction.parquet or targets/date=2025-07-23/hour=05/target.parquet → skipping
[2025-07-30T01:00:07.164+0000] {drift_monitoring.py:253} INFO - 📥 Downloading predictions/date=2025-07-23/hour=06/prediction.parquet and targets/date=2025-07-23/hour=06/target.parquet
[2025-07-30T01:00:07.172+0000] {drift_monitoring.py:291} WARNING - ⚠️ Missing file: predictions/date=2025-07-23/hour=06/prediction.parquet or targets/date=2025-07-23/hour=06/target.parquet → skipping
[2025-07-30T01:00:07.173+0000] {drift_monitoring.py:253} INFO - 📥 Downloading predictions/date=2025-07-23/hour=07/prediction.parquet and targets/date=2025-07-23/hour=07/target.parquet
[2025-07-30T01:00:07.181+0000] {drift_monitoring.py:291} WARNING - ⚠️ Missing file: predictions/date=2025-07-23/hour=07/prediction.parquet or targets/date=2025-07-23/hour=07/target.parquet → skipping
[2025-07-30T01:00:07.182+0000] {drift_monitoring.py:253} INFO - 📥 Downloading predictions/date=2025-07-23/hour=08/prediction.parquet and targets/date=2025-07-23/hour=08/target.parquet
[2025-07-30T01:00:07.190+0000] {drift_monitoring.py:291} WARNING - ⚠️ Missing file: predictions/date=2025-07-23/hour=08/prediction.parquet or targets/date=2025-07-23/hour=08/target.parquet → skipping
[2025-07-30T01:00:07.191+0000] {drift_monitoring.py:253} INFO - 📥 Downloading predictions/date=2025-07-23/hour=09/prediction.parquet and targets/date=2025-07-23/hour=09/target.parquet
[2025-07-30T01:00:07.198+0000] {drift_monitoring.py:291} WARNING - ⚠️ Missing file: predictions/date=2025-07-23/hour=09/prediction.parquet or targets/date=2025-07-23/hour=09/target.parquet → skipping
[2025-07-30T01:00:07.199+0000] {drift_monitoring.py:253} INFO - 📥 Downloading predictions/date=2025-07-23/hour=10/prediction.parquet and targets/date=2025-07-23/hour=10/target.parquet
[2025-07-30T01:00:07.210+0000] {drift_monitoring.py:291} WARNING - ⚠️ Missing file: predictions/date=2025-07-23/hour=10/prediction.parquet or targets/date=2025-07-23/hour=10/target.parquet → skipping
[2025-07-30T01:00:07.211+0000] {drift_monitoring.py:253} INFO - 📥 Downloading predictions/date=2025-07-23/hour=11/prediction.parquet and targets/date=2025-07-23/hour=11/target.parquet
[2025-07-30T01:00:07.222+0000] {drift_monitoring.py:291} WARNING - ⚠️ Missing file: predictions/date=2025-07-23/hour=11/prediction.parquet or targets/date=2025-07-23/hour=11/target.parquet → skipping
[2025-07-30T01:00:07.222+0000] {drift_monitoring.py:253} INFO - 📥 Downloading predictions/date=2025-07-23/hour=12/prediction.parquet and targets/date=2025-07-23/hour=12/target.parquet
[2025-07-30T01:00:07.231+0000] {drift_monitoring.py:291} WARNING - ⚠️ Missing file: predictions/date=2025-07-23/hour=12/prediction.parquet or targets/date=2025-07-23/hour=12/target.parquet → skipping
[2025-07-30T01:00:07.231+0000] {drift_monitoring.py:253} INFO - 📥 Downloading predictions/date=2025-07-23/hour=13/prediction.parquet and targets/date=2025-07-23/hour=13/target.parquet
[2025-07-30T01:00:07.239+0000] {drift_monitoring.py:291} WARNING - ⚠️ Missing file: predictions/date=2025-07-23/hour=13/prediction.parquet or targets/date=2025-07-23/hour=13/target.parquet → skipping
[2025-07-30T01:00:07.240+0000] {drift_monitoring.py:253} INFO - 📥 Downloading predictions/date=2025-07-23/hour=14/prediction.parquet and targets/date=2025-07-23/hour=14/target.parquet
[2025-07-30T01:00:07.249+0000] {drift_monitoring.py:291} WARNING - ⚠️ Missing file: predictions/date=2025-07-23/hour=14/prediction.parquet or targets/date=2025-07-23/hour=14/target.parquet → skipping
[2025-07-30T01:00:07.250+0000] {drift_monitoring.py:253} INFO - 📥 Downloading predictions/date=2025-07-23/hour=15/prediction.parquet and targets/date=2025-07-23/hour=15/target.parquet
[2025-07-30T01:00:07.259+0000] {drift_monitoring.py:291} WARNING - ⚠️ Missing file: predictions/date=2025-07-23/hour=15/prediction.parquet or targets/date=2025-07-23/hour=15/target.parquet → skipping
[2025-07-30T01:00:07.259+0000] {drift_monitoring.py:253} INFO - 📥 Downloading predictions/date=2025-07-23/hour=16/prediction.parquet and targets/date=2025-07-23/hour=16/target.parquet
[2025-07-30T01:00:07.267+0000] {drift_monitoring.py:291} WARNING - ⚠️ Missing file: predictions/date=2025-07-23/hour=16/prediction.parquet or targets/date=2025-07-23/hour=16/target.parquet → skipping
[2025-07-30T01:00:07.268+0000] {drift_monitoring.py:253} INFO - 📥 Downloading predictions/date=2025-07-23/hour=17/prediction.parquet and targets/date=2025-07-23/hour=17/target.parquet
[2025-07-30T01:00:07.277+0000] {drift_monitoring.py:291} WARNING - ⚠️ Missing file: predictions/date=2025-07-23/hour=17/prediction.parquet or targets/date=2025-07-23/hour=17/target.parquet → skipping
[2025-07-30T01:00:07.278+0000] {drift_monitoring.py:253} INFO - 📥 Downloading predictions/date=2025-07-23/hour=18/prediction.parquet and targets/date=2025-07-23/hour=18/target.parquet
[2025-07-30T01:00:07.287+0000] {drift_monitoring.py:291} WARNING - ⚠️ Missing file: predictions/date=2025-07-23/hour=18/prediction.parquet or targets/date=2025-07-23/hour=18/target.parquet → skipping
[2025-07-30T01:00:07.288+0000] {drift_monitoring.py:253} INFO - 📥 Downloading predictions/date=2025-07-23/hour=19/prediction.parquet and targets/date=2025-07-23/hour=19/target.parquet
[2025-07-30T01:00:07.297+0000] {drift_monitoring.py:291} WARNING - ⚠️ Missing file: predictions/date=2025-07-23/hour=19/prediction.parquet or targets/date=2025-07-23/hour=19/target.parquet → skipping
[2025-07-30T01:00:07.298+0000] {drift_monitoring.py:253} INFO - 📥 Downloading predictions/date=2025-07-23/hour=20/prediction.parquet and targets/date=2025-07-23/hour=20/target.parquet
[2025-07-30T01:00:07.306+0000] {drift_monitoring.py:291} WARNING - ⚠️ Missing file: predictions/date=2025-07-23/hour=20/prediction.parquet or targets/date=2025-07-23/hour=20/target.parquet → skipping
[2025-07-30T01:00:07.306+0000] {drift_monitoring.py:253} INFO - 📥 Downloading predictions/date=2025-07-23/hour=21/prediction.parquet and targets/date=2025-07-23/hour=21/target.parquet
[2025-07-30T01:00:07.315+0000] {drift_monitoring.py:291} WARNING - ⚠️ Missing file: predictions/date=2025-07-23/hour=21/prediction.parquet or targets/date=2025-07-23/hour=21/target.parquet → skipping
[2025-07-30T01:00:07.315+0000] {drift_monitoring.py:253} INFO - 📥 Downloading predictions/date=2025-07-23/hour=22/prediction.parquet and targets/date=2025-07-23/hour=22/target.parquet
[2025-07-30T01:00:07.325+0000] {drift_monitoring.py:291} WARNING - ⚠️ Missing file: predictions/date=2025-07-23/hour=22/prediction.parquet or targets/date=2025-07-23/hour=22/target.parquet → skipping
[2025-07-30T01:00:07.326+0000] {drift_monitoring.py:253} INFO - 📥 Downloading predictions/date=2025-07-23/hour=23/prediction.parquet and targets/date=2025-07-23/hour=23/target.parquet
[2025-07-30T01:00:07.335+0000] {drift_monitoring.py:291} WARNING - ⚠️ Missing file: predictions/date=2025-07-23/hour=23/prediction.parquet or targets/date=2025-07-23/hour=23/target.parquet → skipping
[2025-07-30T01:00:07.336+0000] {drift_monitoring.py:253} INFO - 📥 Downloading predictions/date=2025-07-24/hour=00/prediction.parquet and targets/date=2025-07-24/hour=00/target.parquet
[2025-07-30T01:00:07.344+0000] {drift_monitoring.py:291} WARNING - ⚠️ Missing file: predictions/date=2025-07-24/hour=00/prediction.parquet or targets/date=2025-07-24/hour=00/target.parquet → skipping
[2025-07-30T01:00:07.344+0000] {drift_monitoring.py:253} INFO - 📥 Downloading predictions/date=2025-07-24/hour=01/prediction.parquet and targets/date=2025-07-24/hour=01/target.parquet
[2025-07-30T01:00:07.352+0000] {drift_monitoring.py:291} WARNING - ⚠️ Missing file: predictions/date=2025-07-24/hour=01/prediction.parquet or targets/date=2025-07-24/hour=01/target.parquet → skipping
[2025-07-30T01:00:07.354+0000] {drift_monitoring.py:253} INFO - 📥 Downloading predictions/date=2025-07-24/hour=02/prediction.parquet and targets/date=2025-07-24/hour=02/target.parquet
[2025-07-30T01:00:07.361+0000] {drift_monitoring.py:291} WARNING - ⚠️ Missing file: predictions/date=2025-07-24/hour=02/prediction.parquet or targets/date=2025-07-24/hour=02/target.parquet → skipping
[2025-07-30T01:00:07.362+0000] {drift_monitoring.py:253} INFO - 📥 Downloading predictions/date=2025-07-24/hour=03/prediction.parquet and targets/date=2025-07-24/hour=03/target.parquet
[2025-07-30T01:00:07.371+0000] {drift_monitoring.py:291} WARNING - ⚠️ Missing file: predictions/date=2025-07-24/hour=03/prediction.parquet or targets/date=2025-07-24/hour=03/target.parquet → skipping
[2025-07-30T01:00:07.371+0000] {drift_monitoring.py:253} INFO - 📥 Downloading predictions/date=2025-07-24/hour=04/prediction.parquet and targets/date=2025-07-24/hour=04/target.parquet
[2025-07-30T01:00:07.380+0000] {drift_monitoring.py:291} WARNING - ⚠️ Missing file: predictions/date=2025-07-24/hour=04/prediction.parquet or targets/date=2025-07-24/hour=04/target.parquet → skipping
[2025-07-30T01:00:07.380+0000] {drift_monitoring.py:253} INFO - 📥 Downloading predictions/date=2025-07-24/hour=05/prediction.parquet and targets/date=2025-07-24/hour=05/target.parquet
[2025-07-30T01:00:07.388+0000] {drift_monitoring.py:291} WARNING - ⚠️ Missing file: predictions/date=2025-07-24/hour=05/prediction.parquet or targets/date=2025-07-24/hour=05/target.parquet → skipping
[2025-07-30T01:00:07.389+0000] {drift_monitoring.py:253} INFO - 📥 Downloading predictions/date=2025-07-24/hour=06/prediction.parquet and targets/date=2025-07-24/hour=06/target.parquet
[2025-07-30T01:00:07.397+0000] {drift_monitoring.py:291} WARNING - ⚠️ Missing file: predictions/date=2025-07-24/hour=06/prediction.parquet or targets/date=2025-07-24/hour=06/target.parquet → skipping
[2025-07-30T01:00:07.398+0000] {drift_monitoring.py:253} INFO - 📥 Downloading predictions/date=2025-07-24/hour=07/prediction.parquet and targets/date=2025-07-24/hour=07/target.parquet
[2025-07-30T01:00:07.406+0000] {drift_monitoring.py:291} WARNING - ⚠️ Missing file: predictions/date=2025-07-24/hour=07/prediction.parquet or targets/date=2025-07-24/hour=07/target.parquet → skipping
[2025-07-30T01:00:07.406+0000] {drift_monitoring.py:253} INFO - 📥 Downloading predictions/date=2025-07-24/hour=08/prediction.parquet and targets/date=2025-07-24/hour=08/target.parquet
[2025-07-30T01:00:07.416+0000] {drift_monitoring.py:291} WARNING - ⚠️ Missing file: predictions/date=2025-07-24/hour=08/prediction.parquet or targets/date=2025-07-24/hour=08/target.parquet → skipping
[2025-07-30T01:00:07.416+0000] {drift_monitoring.py:253} INFO - 📥 Downloading predictions/date=2025-07-24/hour=09/prediction.parquet and targets/date=2025-07-24/hour=09/target.parquet
[2025-07-30T01:00:07.425+0000] {drift_monitoring.py:291} WARNING - ⚠️ Missing file: predictions/date=2025-07-24/hour=09/prediction.parquet or targets/date=2025-07-24/hour=09/target.parquet → skipping
[2025-07-30T01:00:07.426+0000] {drift_monitoring.py:253} INFO - 📥 Downloading predictions/date=2025-07-24/hour=10/prediction.parquet and targets/date=2025-07-24/hour=10/target.parquet
[2025-07-30T01:00:07.433+0000] {drift_monitoring.py:291} WARNING - ⚠️ Missing file: predictions/date=2025-07-24/hour=10/prediction.parquet or targets/date=2025-07-24/hour=10/target.parquet → skipping
[2025-07-30T01:00:07.434+0000] {drift_monitoring.py:253} INFO - 📥 Downloading predictions/date=2025-07-24/hour=11/prediction.parquet and targets/date=2025-07-24/hour=11/target.parquet
[2025-07-30T01:00:07.442+0000] {drift_monitoring.py:291} WARNING - ⚠️ Missing file: predictions/date=2025-07-24/hour=11/prediction.parquet or targets/date=2025-07-24/hour=11/target.parquet → skipping
[2025-07-30T01:00:07.443+0000] {drift_monitoring.py:253} INFO - 📥 Downloading predictions/date=2025-07-24/hour=12/prediction.parquet and targets/date=2025-07-24/hour=12/target.parquet
[2025-07-30T01:00:07.451+0000] {drift_monitoring.py:291} WARNING - ⚠️ Missing file: predictions/date=2025-07-24/hour=12/prediction.parquet or targets/date=2025-07-24/hour=12/target.parquet → skipping
[2025-07-30T01:00:07.451+0000] {drift_monitoring.py:253} INFO - 📥 Downloading predictions/date=2025-07-24/hour=13/prediction.parquet and targets/date=2025-07-24/hour=13/target.parquet
[2025-07-30T01:00:07.460+0000] {drift_monitoring.py:291} WARNING - ⚠️ Missing file: predictions/date=2025-07-24/hour=13/prediction.parquet or targets/date=2025-07-24/hour=13/target.parquet → skipping
[2025-07-30T01:00:07.460+0000] {drift_monitoring.py:253} INFO - 📥 Downloading predictions/date=2025-07-24/hour=14/prediction.parquet and targets/date=2025-07-24/hour=14/target.parquet
[2025-07-30T01:00:07.469+0000] {drift_monitoring.py:291} WARNING - ⚠️ Missing file: predictions/date=2025-07-24/hour=14/prediction.parquet or targets/date=2025-07-24/hour=14/target.parquet → skipping
[2025-07-30T01:00:07.471+0000] {drift_monitoring.py:253} INFO - 📥 Downloading predictions/date=2025-07-24/hour=15/prediction.parquet and targets/date=2025-07-24/hour=15/target.parquet
[2025-07-30T01:00:07.479+0000] {drift_monitoring.py:291} WARNING - ⚠️ Missing file: predictions/date=2025-07-24/hour=15/prediction.parquet or targets/date=2025-07-24/hour=15/target.parquet → skipping
[2025-07-30T01:00:07.480+0000] {drift_monitoring.py:253} INFO - 📥 Downloading predictions/date=2025-07-24/hour=16/prediction.parquet and targets/date=2025-07-24/hour=16/target.parquet
[2025-07-30T01:00:07.489+0000] {drift_monitoring.py:291} WARNING - ⚠️ Missing file: predictions/date=2025-07-24/hour=16/prediction.parquet or targets/date=2025-07-24/hour=16/target.parquet → skipping
[2025-07-30T01:00:07.490+0000] {drift_monitoring.py:253} INFO - 📥 Downloading predictions/date=2025-07-24/hour=17/prediction.parquet and targets/date=2025-07-24/hour=17/target.parquet
[2025-07-30T01:00:07.498+0000] {drift_monitoring.py:291} WARNING - ⚠️ Missing file: predictions/date=2025-07-24/hour=17/prediction.parquet or targets/date=2025-07-24/hour=17/target.parquet → skipping
[2025-07-30T01:00:07.498+0000] {drift_monitoring.py:253} INFO - 📥 Downloading predictions/date=2025-07-24/hour=18/prediction.parquet and targets/date=2025-07-24/hour=18/target.parquet
[2025-07-30T01:00:07.507+0000] {drift_monitoring.py:291} WARNING - ⚠️ Missing file: predictions/date=2025-07-24/hour=18/prediction.parquet or targets/date=2025-07-24/hour=18/target.parquet → skipping
[2025-07-30T01:00:07.507+0000] {drift_monitoring.py:253} INFO - 📥 Downloading predictions/date=2025-07-24/hour=19/prediction.parquet and targets/date=2025-07-24/hour=19/target.parquet
[2025-07-30T01:00:07.516+0000] {drift_monitoring.py:291} WARNING - ⚠️ Missing file: predictions/date=2025-07-24/hour=19/prediction.parquet or targets/date=2025-07-24/hour=19/target.parquet → skipping
[2025-07-30T01:00:07.516+0000] {drift_monitoring.py:253} INFO - 📥 Downloading predictions/date=2025-07-24/hour=20/prediction.parquet and targets/date=2025-07-24/hour=20/target.parquet
[2025-07-30T01:00:07.524+0000] {drift_monitoring.py:291} WARNING - ⚠️ Missing file: predictions/date=2025-07-24/hour=20/prediction.parquet or targets/date=2025-07-24/hour=20/target.parquet → skipping
[2025-07-30T01:00:07.525+0000] {drift_monitoring.py:253} INFO - 📥 Downloading predictions/date=2025-07-24/hour=21/prediction.parquet and targets/date=2025-07-24/hour=21/target.parquet
[2025-07-30T01:00:07.533+0000] {drift_monitoring.py:291} WARNING - ⚠️ Missing file: predictions/date=2025-07-24/hour=21/prediction.parquet or targets/date=2025-07-24/hour=21/target.parquet → skipping
[2025-07-30T01:00:07.534+0000] {drift_monitoring.py:253} INFO - 📥 Downloading predictions/date=2025-07-24/hour=22/prediction.parquet and targets/date=2025-07-24/hour=22/target.parquet
[2025-07-30T01:00:07.542+0000] {drift_monitoring.py:291} WARNING - ⚠️ Missing file: predictions/date=2025-07-24/hour=22/prediction.parquet or targets/date=2025-07-24/hour=22/target.parquet → skipping
[2025-07-30T01:00:07.542+0000] {drift_monitoring.py:253} INFO - 📥 Downloading predictions/date=2025-07-24/hour=23/prediction.parquet and targets/date=2025-07-24/hour=23/target.parquet
[2025-07-30T01:00:07.550+0000] {drift_monitoring.py:291} WARNING - ⚠️ Missing file: predictions/date=2025-07-24/hour=23/prediction.parquet or targets/date=2025-07-24/hour=23/target.parquet → skipping
[2025-07-30T01:00:07.551+0000] {drift_monitoring.py:253} INFO - 📥 Downloading predictions/date=2025-07-25/hour=00/prediction.parquet and targets/date=2025-07-25/hour=00/target.parquet
[2025-07-30T01:00:07.561+0000] {drift_monitoring.py:291} WARNING - ⚠️ Missing file: predictions/date=2025-07-25/hour=00/prediction.parquet or targets/date=2025-07-25/hour=00/target.parquet → skipping
[2025-07-30T01:00:07.562+0000] {drift_monitoring.py:253} INFO - 📥 Downloading predictions/date=2025-07-25/hour=01/prediction.parquet and targets/date=2025-07-25/hour=01/target.parquet
[2025-07-30T01:00:07.572+0000] {drift_monitoring.py:291} WARNING - ⚠️ Missing file: predictions/date=2025-07-25/hour=01/prediction.parquet or targets/date=2025-07-25/hour=01/target.parquet → skipping
[2025-07-30T01:00:07.573+0000] {drift_monitoring.py:253} INFO - 📥 Downloading predictions/date=2025-07-25/hour=02/prediction.parquet and targets/date=2025-07-25/hour=02/target.parquet
[2025-07-30T01:00:07.584+0000] {drift_monitoring.py:291} WARNING - ⚠️ Missing file: predictions/date=2025-07-25/hour=02/prediction.parquet or targets/date=2025-07-25/hour=02/target.parquet → skipping
[2025-07-30T01:00:07.585+0000] {drift_monitoring.py:253} INFO - 📥 Downloading predictions/date=2025-07-25/hour=03/prediction.parquet and targets/date=2025-07-25/hour=03/target.parquet
[2025-07-30T01:00:07.596+0000] {drift_monitoring.py:291} WARNING - ⚠️ Missing file: predictions/date=2025-07-25/hour=03/prediction.parquet or targets/date=2025-07-25/hour=03/target.parquet → skipping
[2025-07-30T01:00:07.597+0000] {drift_monitoring.py:253} INFO - 📥 Downloading predictions/date=2025-07-25/hour=04/prediction.parquet and targets/date=2025-07-25/hour=04/target.parquet
[2025-07-30T01:00:07.605+0000] {drift_monitoring.py:291} WARNING - ⚠️ Missing file: predictions/date=2025-07-25/hour=04/prediction.parquet or targets/date=2025-07-25/hour=04/target.parquet → skipping
[2025-07-30T01:00:07.606+0000] {drift_monitoring.py:253} INFO - 📥 Downloading predictions/date=2025-07-25/hour=05/prediction.parquet and targets/date=2025-07-25/hour=05/target.parquet
[2025-07-30T01:00:07.614+0000] {drift_monitoring.py:291} WARNING - ⚠️ Missing file: predictions/date=2025-07-25/hour=05/prediction.parquet or targets/date=2025-07-25/hour=05/target.parquet → skipping
[2025-07-30T01:00:07.615+0000] {drift_monitoring.py:253} INFO - 📥 Downloading predictions/date=2025-07-25/hour=06/prediction.parquet and targets/date=2025-07-25/hour=06/target.parquet
[2025-07-30T01:00:07.625+0000] {drift_monitoring.py:291} WARNING - ⚠️ Missing file: predictions/date=2025-07-25/hour=06/prediction.parquet or targets/date=2025-07-25/hour=06/target.parquet → skipping
[2025-07-30T01:00:07.627+0000] {drift_monitoring.py:253} INFO - 📥 Downloading predictions/date=2025-07-25/hour=07/prediction.parquet and targets/date=2025-07-25/hour=07/target.parquet
[2025-07-30T01:00:07.637+0000] {drift_monitoring.py:291} WARNING - ⚠️ Missing file: predictions/date=2025-07-25/hour=07/prediction.parquet or targets/date=2025-07-25/hour=07/target.parquet → skipping
[2025-07-30T01:00:07.638+0000] {drift_monitoring.py:253} INFO - 📥 Downloading predictions/date=2025-07-25/hour=08/prediction.parquet and targets/date=2025-07-25/hour=08/target.parquet
[2025-07-30T01:00:07.646+0000] {drift_monitoring.py:291} WARNING - ⚠️ Missing file: predictions/date=2025-07-25/hour=08/prediction.parquet or targets/date=2025-07-25/hour=08/target.parquet → skipping
[2025-07-30T01:00:07.647+0000] {drift_monitoring.py:253} INFO - 📥 Downloading predictions/date=2025-07-25/hour=09/prediction.parquet and targets/date=2025-07-25/hour=09/target.parquet
[2025-07-30T01:00:07.655+0000] {drift_monitoring.py:291} WARNING - ⚠️ Missing file: predictions/date=2025-07-25/hour=09/prediction.parquet or targets/date=2025-07-25/hour=09/target.parquet → skipping
[2025-07-30T01:00:07.655+0000] {drift_monitoring.py:253} INFO - 📥 Downloading predictions/date=2025-07-25/hour=10/prediction.parquet and targets/date=2025-07-25/hour=10/target.parquet
[2025-07-30T01:00:07.663+0000] {drift_monitoring.py:291} WARNING - ⚠️ Missing file: predictions/date=2025-07-25/hour=10/prediction.parquet or targets/date=2025-07-25/hour=10/target.parquet → skipping
[2025-07-30T01:00:07.664+0000] {drift_monitoring.py:253} INFO - 📥 Downloading predictions/date=2025-07-25/hour=11/prediction.parquet and targets/date=2025-07-25/hour=11/target.parquet
[2025-07-30T01:00:07.672+0000] {drift_monitoring.py:291} WARNING - ⚠️ Missing file: predictions/date=2025-07-25/hour=11/prediction.parquet or targets/date=2025-07-25/hour=11/target.parquet → skipping
[2025-07-30T01:00:07.673+0000] {drift_monitoring.py:253} INFO - 📥 Downloading predictions/date=2025-07-25/hour=12/prediction.parquet and targets/date=2025-07-25/hour=12/target.parquet
[2025-07-30T01:00:07.682+0000] {drift_monitoring.py:291} WARNING - ⚠️ Missing file: predictions/date=2025-07-25/hour=12/prediction.parquet or targets/date=2025-07-25/hour=12/target.parquet → skipping
[2025-07-30T01:00:07.683+0000] {drift_monitoring.py:253} INFO - 📥 Downloading predictions/date=2025-07-25/hour=13/prediction.parquet and targets/date=2025-07-25/hour=13/target.parquet
[2025-07-30T01:00:07.692+0000] {drift_monitoring.py:291} WARNING - ⚠️ Missing file: predictions/date=2025-07-25/hour=13/prediction.parquet or targets/date=2025-07-25/hour=13/target.parquet → skipping
[2025-07-30T01:00:07.692+0000] {drift_monitoring.py:253} INFO - 📥 Downloading predictions/date=2025-07-25/hour=14/prediction.parquet and targets/date=2025-07-25/hour=14/target.parquet
[2025-07-30T01:00:07.701+0000] {drift_monitoring.py:291} WARNING - ⚠️ Missing file: predictions/date=2025-07-25/hour=14/prediction.parquet or targets/date=2025-07-25/hour=14/target.parquet → skipping
[2025-07-30T01:00:07.702+0000] {drift_monitoring.py:253} INFO - 📥 Downloading predictions/date=2025-07-25/hour=15/prediction.parquet and targets/date=2025-07-25/hour=15/target.parquet
[2025-07-30T01:00:07.710+0000] {drift_monitoring.py:291} WARNING - ⚠️ Missing file: predictions/date=2025-07-25/hour=15/prediction.parquet or targets/date=2025-07-25/hour=15/target.parquet → skipping
[2025-07-30T01:00:07.711+0000] {drift_monitoring.py:253} INFO - 📥 Downloading predictions/date=2025-07-25/hour=16/prediction.parquet and targets/date=2025-07-25/hour=16/target.parquet
[2025-07-30T01:00:07.719+0000] {drift_monitoring.py:291} WARNING - ⚠️ Missing file: predictions/date=2025-07-25/hour=16/prediction.parquet or targets/date=2025-07-25/hour=16/target.parquet → skipping
[2025-07-30T01:00:07.720+0000] {drift_monitoring.py:253} INFO - 📥 Downloading predictions/date=2025-07-25/hour=17/prediction.parquet and targets/date=2025-07-25/hour=17/target.parquet
[2025-07-30T01:00:07.728+0000] {drift_monitoring.py:291} WARNING - ⚠️ Missing file: predictions/date=2025-07-25/hour=17/prediction.parquet or targets/date=2025-07-25/hour=17/target.parquet → skipping
[2025-07-30T01:00:07.729+0000] {drift_monitoring.py:253} INFO - 📥 Downloading predictions/date=2025-07-25/hour=18/prediction.parquet and targets/date=2025-07-25/hour=18/target.parquet
[2025-07-30T01:00:07.737+0000] {drift_monitoring.py:291} WARNING - ⚠️ Missing file: predictions/date=2025-07-25/hour=18/prediction.parquet or targets/date=2025-07-25/hour=18/target.parquet → skipping
[2025-07-30T01:00:07.738+0000] {drift_monitoring.py:253} INFO - 📥 Downloading predictions/date=2025-07-25/hour=19/prediction.parquet and targets/date=2025-07-25/hour=19/target.parquet
[2025-07-30T01:00:07.746+0000] {drift_monitoring.py:291} WARNING - ⚠️ Missing file: predictions/date=2025-07-25/hour=19/prediction.parquet or targets/date=2025-07-25/hour=19/target.parquet → skipping
[2025-07-30T01:00:07.746+0000] {drift_monitoring.py:253} INFO - 📥 Downloading predictions/date=2025-07-25/hour=20/prediction.parquet and targets/date=2025-07-25/hour=20/target.parquet
[2025-07-30T01:00:07.755+0000] {drift_monitoring.py:291} WARNING - ⚠️ Missing file: predictions/date=2025-07-25/hour=20/prediction.parquet or targets/date=2025-07-25/hour=20/target.parquet → skipping
[2025-07-30T01:00:07.755+0000] {drift_monitoring.py:253} INFO - 📥 Downloading predictions/date=2025-07-25/hour=21/prediction.parquet and targets/date=2025-07-25/hour=21/target.parquet
[2025-07-30T01:00:07.764+0000] {drift_monitoring.py:291} WARNING - ⚠️ Missing file: predictions/date=2025-07-25/hour=21/prediction.parquet or targets/date=2025-07-25/hour=21/target.parquet → skipping
[2025-07-30T01:00:07.764+0000] {drift_monitoring.py:253} INFO - 📥 Downloading predictions/date=2025-07-25/hour=22/prediction.parquet and targets/date=2025-07-25/hour=22/target.parquet
[2025-07-30T01:00:07.773+0000] {drift_monitoring.py:291} WARNING - ⚠️ Missing file: predictions/date=2025-07-25/hour=22/prediction.parquet or targets/date=2025-07-25/hour=22/target.parquet → skipping
[2025-07-30T01:00:07.774+0000] {drift_monitoring.py:253} INFO - 📥 Downloading predictions/date=2025-07-25/hour=23/prediction.parquet and targets/date=2025-07-25/hour=23/target.parquet
[2025-07-30T01:00:07.783+0000] {drift_monitoring.py:291} WARNING - ⚠️ Missing file: predictions/date=2025-07-25/hour=23/prediction.parquet or targets/date=2025-07-25/hour=23/target.parquet → skipping
[2025-07-30T01:00:07.784+0000] {drift_monitoring.py:253} INFO - 📥 Downloading predictions/date=2025-07-26/hour=00/prediction.parquet and targets/date=2025-07-26/hour=00/target.parquet
[2025-07-30T01:00:07.792+0000] {drift_monitoring.py:291} WARNING - ⚠️ Missing file: predictions/date=2025-07-26/hour=00/prediction.parquet or targets/date=2025-07-26/hour=00/target.parquet → skipping
[2025-07-30T01:00:07.793+0000] {drift_monitoring.py:253} INFO - 📥 Downloading predictions/date=2025-07-26/hour=01/prediction.parquet and targets/date=2025-07-26/hour=01/target.parquet
[2025-07-30T01:00:07.802+0000] {drift_monitoring.py:291} WARNING - ⚠️ Missing file: predictions/date=2025-07-26/hour=01/prediction.parquet or targets/date=2025-07-26/hour=01/target.parquet → skipping
[2025-07-30T01:00:07.802+0000] {drift_monitoring.py:253} INFO - 📥 Downloading predictions/date=2025-07-26/hour=02/prediction.parquet and targets/date=2025-07-26/hour=02/target.parquet
[2025-07-30T01:00:07.810+0000] {drift_monitoring.py:291} WARNING - ⚠️ Missing file: predictions/date=2025-07-26/hour=02/prediction.parquet or targets/date=2025-07-26/hour=02/target.parquet → skipping
[2025-07-30T01:00:07.811+0000] {drift_monitoring.py:253} INFO - 📥 Downloading predictions/date=2025-07-26/hour=03/prediction.parquet and targets/date=2025-07-26/hour=03/target.parquet
[2025-07-30T01:00:07.819+0000] {drift_monitoring.py:291} WARNING - ⚠️ Missing file: predictions/date=2025-07-26/hour=03/prediction.parquet or targets/date=2025-07-26/hour=03/target.parquet → skipping
[2025-07-30T01:00:07.820+0000] {drift_monitoring.py:253} INFO - 📥 Downloading predictions/date=2025-07-26/hour=04/prediction.parquet and targets/date=2025-07-26/hour=04/target.parquet
[2025-07-30T01:00:07.828+0000] {drift_monitoring.py:291} WARNING - ⚠️ Missing file: predictions/date=2025-07-26/hour=04/prediction.parquet or targets/date=2025-07-26/hour=04/target.parquet → skipping
[2025-07-30T01:00:07.829+0000] {drift_monitoring.py:253} INFO - 📥 Downloading predictions/date=2025-07-26/hour=05/prediction.parquet and targets/date=2025-07-26/hour=05/target.parquet
[2025-07-30T01:00:07.838+0000] {drift_monitoring.py:291} WARNING - ⚠️ Missing file: predictions/date=2025-07-26/hour=05/prediction.parquet or targets/date=2025-07-26/hour=05/target.parquet → skipping
[2025-07-30T01:00:07.838+0000] {drift_monitoring.py:253} INFO - 📥 Downloading predictions/date=2025-07-26/hour=06/prediction.parquet and targets/date=2025-07-26/hour=06/target.parquet
[2025-07-30T01:00:07.846+0000] {drift_monitoring.py:291} WARNING - ⚠️ Missing file: predictions/date=2025-07-26/hour=06/prediction.parquet or targets/date=2025-07-26/hour=06/target.parquet → skipping
[2025-07-30T01:00:07.847+0000] {drift_monitoring.py:253} INFO - 📥 Downloading predictions/date=2025-07-26/hour=07/prediction.parquet and targets/date=2025-07-26/hour=07/target.parquet
[2025-07-30T01:00:07.856+0000] {drift_monitoring.py:291} WARNING - ⚠️ Missing file: predictions/date=2025-07-26/hour=07/prediction.parquet or targets/date=2025-07-26/hour=07/target.parquet → skipping
[2025-07-30T01:00:07.856+0000] {drift_monitoring.py:253} INFO - 📥 Downloading predictions/date=2025-07-26/hour=08/prediction.parquet and targets/date=2025-07-26/hour=08/target.parquet
[2025-07-30T01:00:07.864+0000] {drift_monitoring.py:291} WARNING - ⚠️ Missing file: predictions/date=2025-07-26/hour=08/prediction.parquet or targets/date=2025-07-26/hour=08/target.parquet → skipping
[2025-07-30T01:00:07.865+0000] {drift_monitoring.py:253} INFO - 📥 Downloading predictions/date=2025-07-26/hour=09/prediction.parquet and targets/date=2025-07-26/hour=09/target.parquet
[2025-07-30T01:00:07.873+0000] {drift_monitoring.py:291} WARNING - ⚠️ Missing file: predictions/date=2025-07-26/hour=09/prediction.parquet or targets/date=2025-07-26/hour=09/target.parquet → skipping
[2025-07-30T01:00:07.874+0000] {drift_monitoring.py:253} INFO - 📥 Downloading predictions/date=2025-07-26/hour=10/prediction.parquet and targets/date=2025-07-26/hour=10/target.parquet
[2025-07-30T01:00:07.883+0000] {drift_monitoring.py:291} WARNING - ⚠️ Missing file: predictions/date=2025-07-26/hour=10/prediction.parquet or targets/date=2025-07-26/hour=10/target.parquet → skipping
[2025-07-30T01:00:07.884+0000] {drift_monitoring.py:253} INFO - 📥 Downloading predictions/date=2025-07-26/hour=11/prediction.parquet and targets/date=2025-07-26/hour=11/target.parquet
[2025-07-30T01:00:07.892+0000] {drift_monitoring.py:291} WARNING - ⚠️ Missing file: predictions/date=2025-07-26/hour=11/prediction.parquet or targets/date=2025-07-26/hour=11/target.parquet → skipping
[2025-07-30T01:00:07.893+0000] {drift_monitoring.py:253} INFO - 📥 Downloading predictions/date=2025-07-26/hour=12/prediction.parquet and targets/date=2025-07-26/hour=12/target.parquet
[2025-07-30T01:00:07.901+0000] {drift_monitoring.py:291} WARNING - ⚠️ Missing file: predictions/date=2025-07-26/hour=12/prediction.parquet or targets/date=2025-07-26/hour=12/target.parquet → skipping
[2025-07-30T01:00:07.901+0000] {drift_monitoring.py:253} INFO - 📥 Downloading predictions/date=2025-07-26/hour=13/prediction.parquet and targets/date=2025-07-26/hour=13/target.parquet
[2025-07-30T01:00:07.910+0000] {drift_monitoring.py:291} WARNING - ⚠️ Missing file: predictions/date=2025-07-26/hour=13/prediction.parquet or targets/date=2025-07-26/hour=13/target.parquet → skipping
[2025-07-30T01:00:07.910+0000] {drift_monitoring.py:253} INFO - 📥 Downloading predictions/date=2025-07-26/hour=14/prediction.parquet and targets/date=2025-07-26/hour=14/target.parquet
[2025-07-30T01:00:07.918+0000] {drift_monitoring.py:291} WARNING - ⚠️ Missing file: predictions/date=2025-07-26/hour=14/prediction.parquet or targets/date=2025-07-26/hour=14/target.parquet → skipping
[2025-07-30T01:00:07.919+0000] {drift_monitoring.py:253} INFO - 📥 Downloading predictions/date=2025-07-26/hour=15/prediction.parquet and targets/date=2025-07-26/hour=15/target.parquet
[2025-07-30T01:00:07.927+0000] {drift_monitoring.py:291} WARNING - ⚠️ Missing file: predictions/date=2025-07-26/hour=15/prediction.parquet or targets/date=2025-07-26/hour=15/target.parquet → skipping
[2025-07-30T01:00:07.928+0000] {drift_monitoring.py:253} INFO - 📥 Downloading predictions/date=2025-07-26/hour=16/prediction.parquet and targets/date=2025-07-26/hour=16/target.parquet
[2025-07-30T01:00:07.936+0000] {drift_monitoring.py:291} WARNING - ⚠️ Missing file: predictions/date=2025-07-26/hour=16/prediction.parquet or targets/date=2025-07-26/hour=16/target.parquet → skipping
[2025-07-30T01:00:07.937+0000] {drift_monitoring.py:253} INFO - 📥 Downloading predictions/date=2025-07-26/hour=17/prediction.parquet and targets/date=2025-07-26/hour=17/target.parquet
[2025-07-30T01:00:07.945+0000] {drift_monitoring.py:291} WARNING - ⚠️ Missing file: predictions/date=2025-07-26/hour=17/prediction.parquet or targets/date=2025-07-26/hour=17/target.parquet → skipping
[2025-07-30T01:00:07.946+0000] {drift_monitoring.py:253} INFO - 📥 Downloading predictions/date=2025-07-26/hour=18/prediction.parquet and targets/date=2025-07-26/hour=18/target.parquet
[2025-07-30T01:00:07.956+0000] {drift_monitoring.py:291} WARNING - ⚠️ Missing file: predictions/date=2025-07-26/hour=18/prediction.parquet or targets/date=2025-07-26/hour=18/target.parquet → skipping
[2025-07-30T01:00:07.957+0000] {drift_monitoring.py:253} INFO - 📥 Downloading predictions/date=2025-07-26/hour=19/prediction.parquet and targets/date=2025-07-26/hour=19/target.parquet
[2025-07-30T01:00:07.966+0000] {drift_monitoring.py:291} WARNING - ⚠️ Missing file: predictions/date=2025-07-26/hour=19/prediction.parquet or targets/date=2025-07-26/hour=19/target.parquet → skipping
[2025-07-30T01:00:07.966+0000] {drift_monitoring.py:253} INFO - 📥 Downloading predictions/date=2025-07-26/hour=20/prediction.parquet and targets/date=2025-07-26/hour=20/target.parquet
[2025-07-30T01:00:07.976+0000] {drift_monitoring.py:291} WARNING - ⚠️ Missing file: predictions/date=2025-07-26/hour=20/prediction.parquet or targets/date=2025-07-26/hour=20/target.parquet → skipping
[2025-07-30T01:00:07.976+0000] {drift_monitoring.py:253} INFO - 📥 Downloading predictions/date=2025-07-26/hour=21/prediction.parquet and targets/date=2025-07-26/hour=21/target.parquet
[2025-07-30T01:00:07.985+0000] {drift_monitoring.py:291} WARNING - ⚠️ Missing file: predictions/date=2025-07-26/hour=21/prediction.parquet or targets/date=2025-07-26/hour=21/target.parquet → skipping
[2025-07-30T01:00:07.985+0000] {drift_monitoring.py:253} INFO - 📥 Downloading predictions/date=2025-07-26/hour=22/prediction.parquet and targets/date=2025-07-26/hour=22/target.parquet
[2025-07-30T01:00:07.995+0000] {drift_monitoring.py:291} WARNING - ⚠️ Missing file: predictions/date=2025-07-26/hour=22/prediction.parquet or targets/date=2025-07-26/hour=22/target.parquet → skipping
[2025-07-30T01:00:07.995+0000] {drift_monitoring.py:253} INFO - 📥 Downloading predictions/date=2025-07-26/hour=23/prediction.parquet and targets/date=2025-07-26/hour=23/target.parquet
[2025-07-30T01:00:08.004+0000] {drift_monitoring.py:291} WARNING - ⚠️ Missing file: predictions/date=2025-07-26/hour=23/prediction.parquet or targets/date=2025-07-26/hour=23/target.parquet → skipping
[2025-07-30T01:00:08.004+0000] {drift_monitoring.py:253} INFO - 📥 Downloading predictions/date=2025-07-27/hour=00/prediction.parquet and targets/date=2025-07-27/hour=00/target.parquet
[2025-07-30T01:00:08.013+0000] {drift_monitoring.py:291} WARNING - ⚠️ Missing file: predictions/date=2025-07-27/hour=00/prediction.parquet or targets/date=2025-07-27/hour=00/target.parquet → skipping
[2025-07-30T01:00:08.013+0000] {drift_monitoring.py:253} INFO - 📥 Downloading predictions/date=2025-07-27/hour=01/prediction.parquet and targets/date=2025-07-27/hour=01/target.parquet
[2025-07-30T01:00:08.022+0000] {drift_monitoring.py:291} WARNING - ⚠️ Missing file: predictions/date=2025-07-27/hour=01/prediction.parquet or targets/date=2025-07-27/hour=01/target.parquet → skipping
[2025-07-30T01:00:08.023+0000] {drift_monitoring.py:253} INFO - 📥 Downloading predictions/date=2025-07-27/hour=02/prediction.parquet and targets/date=2025-07-27/hour=02/target.parquet
[2025-07-30T01:00:08.032+0000] {drift_monitoring.py:291} WARNING - ⚠️ Missing file: predictions/date=2025-07-27/hour=02/prediction.parquet or targets/date=2025-07-27/hour=02/target.parquet → skipping
[2025-07-30T01:00:08.032+0000] {drift_monitoring.py:253} INFO - 📥 Downloading predictions/date=2025-07-27/hour=03/prediction.parquet and targets/date=2025-07-27/hour=03/target.parquet
[2025-07-30T01:00:08.041+0000] {drift_monitoring.py:291} WARNING - ⚠️ Missing file: predictions/date=2025-07-27/hour=03/prediction.parquet or targets/date=2025-07-27/hour=03/target.parquet → skipping
[2025-07-30T01:00:08.042+0000] {drift_monitoring.py:253} INFO - 📥 Downloading predictions/date=2025-07-27/hour=04/prediction.parquet and targets/date=2025-07-27/hour=04/target.parquet
[2025-07-30T01:00:08.050+0000] {drift_monitoring.py:291} WARNING - ⚠️ Missing file: predictions/date=2025-07-27/hour=04/prediction.parquet or targets/date=2025-07-27/hour=04/target.parquet → skipping
[2025-07-30T01:00:08.051+0000] {drift_monitoring.py:253} INFO - 📥 Downloading predictions/date=2025-07-27/hour=05/prediction.parquet and targets/date=2025-07-27/hour=05/target.parquet
[2025-07-30T01:00:08.059+0000] {drift_monitoring.py:291} WARNING - ⚠️ Missing file: predictions/date=2025-07-27/hour=05/prediction.parquet or targets/date=2025-07-27/hour=05/target.parquet → skipping
[2025-07-30T01:00:08.059+0000] {drift_monitoring.py:253} INFO - 📥 Downloading predictions/date=2025-07-27/hour=06/prediction.parquet and targets/date=2025-07-27/hour=06/target.parquet
[2025-07-30T01:00:08.067+0000] {drift_monitoring.py:291} WARNING - ⚠️ Missing file: predictions/date=2025-07-27/hour=06/prediction.parquet or targets/date=2025-07-27/hour=06/target.parquet → skipping
[2025-07-30T01:00:08.068+0000] {drift_monitoring.py:253} INFO - 📥 Downloading predictions/date=2025-07-27/hour=07/prediction.parquet and targets/date=2025-07-27/hour=07/target.parquet
[2025-07-30T01:00:08.076+0000] {drift_monitoring.py:291} WARNING - ⚠️ Missing file: predictions/date=2025-07-27/hour=07/prediction.parquet or targets/date=2025-07-27/hour=07/target.parquet → skipping
[2025-07-30T01:00:08.077+0000] {drift_monitoring.py:253} INFO - 📥 Downloading predictions/date=2025-07-27/hour=08/prediction.parquet and targets/date=2025-07-27/hour=08/target.parquet
[2025-07-30T01:00:08.085+0000] {drift_monitoring.py:291} WARNING - ⚠️ Missing file: predictions/date=2025-07-27/hour=08/prediction.parquet or targets/date=2025-07-27/hour=08/target.parquet → skipping
[2025-07-30T01:00:08.086+0000] {drift_monitoring.py:253} INFO - 📥 Downloading predictions/date=2025-07-27/hour=09/prediction.parquet and targets/date=2025-07-27/hour=09/target.parquet
[2025-07-30T01:00:08.094+0000] {drift_monitoring.py:291} WARNING - ⚠️ Missing file: predictions/date=2025-07-27/hour=09/prediction.parquet or targets/date=2025-07-27/hour=09/target.parquet → skipping
[2025-07-30T01:00:08.095+0000] {drift_monitoring.py:253} INFO - 📥 Downloading predictions/date=2025-07-27/hour=10/prediction.parquet and targets/date=2025-07-27/hour=10/target.parquet
[2025-07-30T01:00:08.103+0000] {drift_monitoring.py:291} WARNING - ⚠️ Missing file: predictions/date=2025-07-27/hour=10/prediction.parquet or targets/date=2025-07-27/hour=10/target.parquet → skipping
[2025-07-30T01:00:08.104+0000] {drift_monitoring.py:253} INFO - 📥 Downloading predictions/date=2025-07-27/hour=11/prediction.parquet and targets/date=2025-07-27/hour=11/target.parquet
[2025-07-30T01:00:08.112+0000] {drift_monitoring.py:291} WARNING - ⚠️ Missing file: predictions/date=2025-07-27/hour=11/prediction.parquet or targets/date=2025-07-27/hour=11/target.parquet → skipping
[2025-07-30T01:00:08.113+0000] {drift_monitoring.py:253} INFO - 📥 Downloading predictions/date=2025-07-27/hour=12/prediction.parquet and targets/date=2025-07-27/hour=12/target.parquet
[2025-07-30T01:00:08.121+0000] {drift_monitoring.py:291} WARNING - ⚠️ Missing file: predictions/date=2025-07-27/hour=12/prediction.parquet or targets/date=2025-07-27/hour=12/target.parquet → skipping
[2025-07-30T01:00:08.122+0000] {drift_monitoring.py:253} INFO - 📥 Downloading predictions/date=2025-07-27/hour=13/prediction.parquet and targets/date=2025-07-27/hour=13/target.parquet
[2025-07-30T01:00:08.130+0000] {drift_monitoring.py:291} WARNING - ⚠️ Missing file: predictions/date=2025-07-27/hour=13/prediction.parquet or targets/date=2025-07-27/hour=13/target.parquet → skipping
[2025-07-30T01:00:08.131+0000] {drift_monitoring.py:253} INFO - 📥 Downloading predictions/date=2025-07-27/hour=14/prediction.parquet and targets/date=2025-07-27/hour=14/target.parquet
[2025-07-30T01:00:08.139+0000] {drift_monitoring.py:291} WARNING - ⚠️ Missing file: predictions/date=2025-07-27/hour=14/prediction.parquet or targets/date=2025-07-27/hour=14/target.parquet → skipping
[2025-07-30T01:00:08.169+0000] {drift_monitoring.py:253} INFO - 📥 Downloading predictions/date=2025-07-27/hour=15/prediction.parquet and targets/date=2025-07-27/hour=15/target.parquet
[2025-07-30T01:00:08.178+0000] {drift_monitoring.py:291} WARNING - ⚠️ Missing file: predictions/date=2025-07-27/hour=15/prediction.parquet or targets/date=2025-07-27/hour=15/target.parquet → skipping
[2025-07-30T01:00:08.179+0000] {drift_monitoring.py:253} INFO - 📥 Downloading predictions/date=2025-07-27/hour=16/prediction.parquet and targets/date=2025-07-27/hour=16/target.parquet
[2025-07-30T01:00:08.187+0000] {drift_monitoring.py:291} WARNING - ⚠️ Missing file: predictions/date=2025-07-27/hour=16/prediction.parquet or targets/date=2025-07-27/hour=16/target.parquet → skipping
[2025-07-30T01:00:08.188+0000] {drift_monitoring.py:253} INFO - 📥 Downloading predictions/date=2025-07-27/hour=17/prediction.parquet and targets/date=2025-07-27/hour=17/target.parquet
[2025-07-30T01:00:08.198+0000] {drift_monitoring.py:291} WARNING - ⚠️ Missing file: predictions/date=2025-07-27/hour=17/prediction.parquet or targets/date=2025-07-27/hour=17/target.parquet → skipping
[2025-07-30T01:00:08.198+0000] {drift_monitoring.py:253} INFO - 📥 Downloading predictions/date=2025-07-27/hour=18/prediction.parquet and targets/date=2025-07-27/hour=18/target.parquet
[2025-07-30T01:00:08.208+0000] {drift_monitoring.py:291} WARNING - ⚠️ Missing file: predictions/date=2025-07-27/hour=18/prediction.parquet or targets/date=2025-07-27/hour=18/target.parquet → skipping
[2025-07-30T01:00:08.208+0000] {drift_monitoring.py:253} INFO - 📥 Downloading predictions/date=2025-07-27/hour=19/prediction.parquet and targets/date=2025-07-27/hour=19/target.parquet
[2025-07-30T01:00:08.216+0000] {drift_monitoring.py:291} WARNING - ⚠️ Missing file: predictions/date=2025-07-27/hour=19/prediction.parquet or targets/date=2025-07-27/hour=19/target.parquet → skipping
[2025-07-30T01:00:08.217+0000] {drift_monitoring.py:253} INFO - 📥 Downloading predictions/date=2025-07-27/hour=20/prediction.parquet and targets/date=2025-07-27/hour=20/target.parquet
[2025-07-30T01:00:08.225+0000] {drift_monitoring.py:291} WARNING - ⚠️ Missing file: predictions/date=2025-07-27/hour=20/prediction.parquet or targets/date=2025-07-27/hour=20/target.parquet → skipping
[2025-07-30T01:00:08.226+0000] {drift_monitoring.py:253} INFO - 📥 Downloading predictions/date=2025-07-27/hour=21/prediction.parquet and targets/date=2025-07-27/hour=21/target.parquet
[2025-07-30T01:00:08.233+0000] {drift_monitoring.py:291} WARNING - ⚠️ Missing file: predictions/date=2025-07-27/hour=21/prediction.parquet or targets/date=2025-07-27/hour=21/target.parquet → skipping
[2025-07-30T01:00:08.234+0000] {drift_monitoring.py:253} INFO - 📥 Downloading predictions/date=2025-07-27/hour=22/prediction.parquet and targets/date=2025-07-27/hour=22/target.parquet
[2025-07-30T01:00:08.242+0000] {drift_monitoring.py:291} WARNING - ⚠️ Missing file: predictions/date=2025-07-27/hour=22/prediction.parquet or targets/date=2025-07-27/hour=22/target.parquet → skipping
[2025-07-30T01:00:08.243+0000] {drift_monitoring.py:253} INFO - 📥 Downloading predictions/date=2025-07-27/hour=23/prediction.parquet and targets/date=2025-07-27/hour=23/target.parquet
[2025-07-30T01:00:08.251+0000] {drift_monitoring.py:291} WARNING - ⚠️ Missing file: predictions/date=2025-07-27/hour=23/prediction.parquet or targets/date=2025-07-27/hour=23/target.parquet → skipping
[2025-07-30T01:00:08.252+0000] {drift_monitoring.py:253} INFO - 📥 Downloading predictions/date=2025-07-28/hour=00/prediction.parquet and targets/date=2025-07-28/hour=00/target.parquet
[2025-07-30T01:00:08.259+0000] {drift_monitoring.py:291} WARNING - ⚠️ Missing file: predictions/date=2025-07-28/hour=00/prediction.parquet or targets/date=2025-07-28/hour=00/target.parquet → skipping
[2025-07-30T01:00:08.259+0000] {drift_monitoring.py:253} INFO - 📥 Downloading predictions/date=2025-07-28/hour=01/prediction.parquet and targets/date=2025-07-28/hour=01/target.parquet
[2025-07-30T01:00:08.268+0000] {drift_monitoring.py:291} WARNING - ⚠️ Missing file: predictions/date=2025-07-28/hour=01/prediction.parquet or targets/date=2025-07-28/hour=01/target.parquet → skipping
[2025-07-30T01:00:08.268+0000] {drift_monitoring.py:253} INFO - 📥 Downloading predictions/date=2025-07-28/hour=02/prediction.parquet and targets/date=2025-07-28/hour=02/target.parquet
[2025-07-30T01:00:08.276+0000] {drift_monitoring.py:291} WARNING - ⚠️ Missing file: predictions/date=2025-07-28/hour=02/prediction.parquet or targets/date=2025-07-28/hour=02/target.parquet → skipping
[2025-07-30T01:00:08.276+0000] {drift_monitoring.py:253} INFO - 📥 Downloading predictions/date=2025-07-28/hour=03/prediction.parquet and targets/date=2025-07-28/hour=03/target.parquet
[2025-07-30T01:00:08.284+0000] {drift_monitoring.py:291} WARNING - ⚠️ Missing file: predictions/date=2025-07-28/hour=03/prediction.parquet or targets/date=2025-07-28/hour=03/target.parquet → skipping
[2025-07-30T01:00:08.285+0000] {drift_monitoring.py:253} INFO - 📥 Downloading predictions/date=2025-07-28/hour=04/prediction.parquet and targets/date=2025-07-28/hour=04/target.parquet
[2025-07-30T01:00:08.293+0000] {drift_monitoring.py:291} WARNING - ⚠️ Missing file: predictions/date=2025-07-28/hour=04/prediction.parquet or targets/date=2025-07-28/hour=04/target.parquet → skipping
[2025-07-30T01:00:08.293+0000] {drift_monitoring.py:253} INFO - 📥 Downloading predictions/date=2025-07-28/hour=05/prediction.parquet and targets/date=2025-07-28/hour=05/target.parquet
[2025-07-30T01:00:08.301+0000] {drift_monitoring.py:291} WARNING - ⚠️ Missing file: predictions/date=2025-07-28/hour=05/prediction.parquet or targets/date=2025-07-28/hour=05/target.parquet → skipping
[2025-07-30T01:00:08.302+0000] {drift_monitoring.py:253} INFO - 📥 Downloading predictions/date=2025-07-28/hour=06/prediction.parquet and targets/date=2025-07-28/hour=06/target.parquet
[2025-07-30T01:00:08.309+0000] {drift_monitoring.py:291} WARNING - ⚠️ Missing file: predictions/date=2025-07-28/hour=06/prediction.parquet or targets/date=2025-07-28/hour=06/target.parquet → skipping
[2025-07-30T01:00:08.310+0000] {drift_monitoring.py:253} INFO - 📥 Downloading predictions/date=2025-07-28/hour=07/prediction.parquet and targets/date=2025-07-28/hour=07/target.parquet
[2025-07-30T01:00:08.318+0000] {drift_monitoring.py:291} WARNING - ⚠️ Missing file: predictions/date=2025-07-28/hour=07/prediction.parquet or targets/date=2025-07-28/hour=07/target.parquet → skipping
[2025-07-30T01:00:08.318+0000] {drift_monitoring.py:253} INFO - 📥 Downloading predictions/date=2025-07-28/hour=08/prediction.parquet and targets/date=2025-07-28/hour=08/target.parquet
[2025-07-30T01:00:08.326+0000] {drift_monitoring.py:291} WARNING - ⚠️ Missing file: predictions/date=2025-07-28/hour=08/prediction.parquet or targets/date=2025-07-28/hour=08/target.parquet → skipping
[2025-07-30T01:00:08.326+0000] {drift_monitoring.py:253} INFO - 📥 Downloading predictions/date=2025-07-28/hour=09/prediction.parquet and targets/date=2025-07-28/hour=09/target.parquet
[2025-07-30T01:00:08.334+0000] {drift_monitoring.py:291} WARNING - ⚠️ Missing file: predictions/date=2025-07-28/hour=09/prediction.parquet or targets/date=2025-07-28/hour=09/target.parquet → skipping
[2025-07-30T01:00:08.334+0000] {drift_monitoring.py:253} INFO - 📥 Downloading predictions/date=2025-07-28/hour=10/prediction.parquet and targets/date=2025-07-28/hour=10/target.parquet
[2025-07-30T01:00:08.342+0000] {drift_monitoring.py:291} WARNING - ⚠️ Missing file: predictions/date=2025-07-28/hour=10/prediction.parquet or targets/date=2025-07-28/hour=10/target.parquet → skipping
[2025-07-30T01:00:08.343+0000] {drift_monitoring.py:253} INFO - 📥 Downloading predictions/date=2025-07-28/hour=11/prediction.parquet and targets/date=2025-07-28/hour=11/target.parquet
[2025-07-30T01:00:08.351+0000] {drift_monitoring.py:291} WARNING - ⚠️ Missing file: predictions/date=2025-07-28/hour=11/prediction.parquet or targets/date=2025-07-28/hour=11/target.parquet → skipping
[2025-07-30T01:00:08.352+0000] {drift_monitoring.py:253} INFO - 📥 Downloading predictions/date=2025-07-28/hour=12/prediction.parquet and targets/date=2025-07-28/hour=12/target.parquet
[2025-07-30T01:00:08.360+0000] {drift_monitoring.py:291} WARNING - ⚠️ Missing file: predictions/date=2025-07-28/hour=12/prediction.parquet or targets/date=2025-07-28/hour=12/target.parquet → skipping
[2025-07-30T01:00:08.360+0000] {drift_monitoring.py:253} INFO - 📥 Downloading predictions/date=2025-07-28/hour=13/prediction.parquet and targets/date=2025-07-28/hour=13/target.parquet
[2025-07-30T01:00:08.369+0000] {drift_monitoring.py:291} WARNING - ⚠️ Missing file: predictions/date=2025-07-28/hour=13/prediction.parquet or targets/date=2025-07-28/hour=13/target.parquet → skipping
[2025-07-30T01:00:08.369+0000] {drift_monitoring.py:253} INFO - 📥 Downloading predictions/date=2025-07-28/hour=14/prediction.parquet and targets/date=2025-07-28/hour=14/target.parquet
[2025-07-30T01:00:08.377+0000] {drift_monitoring.py:291} WARNING - ⚠️ Missing file: predictions/date=2025-07-28/hour=14/prediction.parquet or targets/date=2025-07-28/hour=14/target.parquet → skipping
[2025-07-30T01:00:08.377+0000] {drift_monitoring.py:253} INFO - 📥 Downloading predictions/date=2025-07-28/hour=15/prediction.parquet and targets/date=2025-07-28/hour=15/target.parquet
[2025-07-30T01:00:08.385+0000] {drift_monitoring.py:291} WARNING - ⚠️ Missing file: predictions/date=2025-07-28/hour=15/prediction.parquet or targets/date=2025-07-28/hour=15/target.parquet → skipping
[2025-07-30T01:00:08.385+0000] {drift_monitoring.py:253} INFO - 📥 Downloading predictions/date=2025-07-28/hour=16/prediction.parquet and targets/date=2025-07-28/hour=16/target.parquet
[2025-07-30T01:00:08.395+0000] {drift_monitoring.py:291} WARNING - ⚠️ Missing file: predictions/date=2025-07-28/hour=16/prediction.parquet or targets/date=2025-07-28/hour=16/target.parquet → skipping
[2025-07-30T01:00:08.395+0000] {drift_monitoring.py:253} INFO - 📥 Downloading predictions/date=2025-07-28/hour=17/prediction.parquet and targets/date=2025-07-28/hour=17/target.parquet
[2025-07-30T01:00:08.404+0000] {drift_monitoring.py:291} WARNING - ⚠️ Missing file: predictions/date=2025-07-28/hour=17/prediction.parquet or targets/date=2025-07-28/hour=17/target.parquet → skipping
[2025-07-30T01:00:08.404+0000] {drift_monitoring.py:253} INFO - 📥 Downloading predictions/date=2025-07-28/hour=18/prediction.parquet and targets/date=2025-07-28/hour=18/target.parquet
[2025-07-30T01:00:08.411+0000] {drift_monitoring.py:291} WARNING - ⚠️ Missing file: predictions/date=2025-07-28/hour=18/prediction.parquet or targets/date=2025-07-28/hour=18/target.parquet → skipping
[2025-07-30T01:00:08.412+0000] {drift_monitoring.py:253} INFO - 📥 Downloading predictions/date=2025-07-28/hour=19/prediction.parquet and targets/date=2025-07-28/hour=19/target.parquet
[2025-07-30T01:00:08.420+0000] {drift_monitoring.py:291} WARNING - ⚠️ Missing file: predictions/date=2025-07-28/hour=19/prediction.parquet or targets/date=2025-07-28/hour=19/target.parquet → skipping
[2025-07-30T01:00:08.421+0000] {drift_monitoring.py:253} INFO - 📥 Downloading predictions/date=2025-07-28/hour=20/prediction.parquet and targets/date=2025-07-28/hour=20/target.parquet
[2025-07-30T01:00:08.429+0000] {drift_monitoring.py:291} WARNING - ⚠️ Missing file: predictions/date=2025-07-28/hour=20/prediction.parquet or targets/date=2025-07-28/hour=20/target.parquet → skipping
[2025-07-30T01:00:08.429+0000] {drift_monitoring.py:253} INFO - 📥 Downloading predictions/date=2025-07-28/hour=21/prediction.parquet and targets/date=2025-07-28/hour=21/target.parquet
[2025-07-30T01:00:08.438+0000] {drift_monitoring.py:291} WARNING - ⚠️ Missing file: predictions/date=2025-07-28/hour=21/prediction.parquet or targets/date=2025-07-28/hour=21/target.parquet → skipping
[2025-07-30T01:00:08.438+0000] {drift_monitoring.py:253} INFO - 📥 Downloading predictions/date=2025-07-28/hour=22/prediction.parquet and targets/date=2025-07-28/hour=22/target.parquet
[2025-07-30T01:00:08.445+0000] {drift_monitoring.py:291} WARNING - ⚠️ Missing file: predictions/date=2025-07-28/hour=22/prediction.parquet or targets/date=2025-07-28/hour=22/target.parquet → skipping
[2025-07-30T01:00:08.446+0000] {drift_monitoring.py:253} INFO - 📥 Downloading predictions/date=2025-07-28/hour=23/prediction.parquet and targets/date=2025-07-28/hour=23/target.parquet
[2025-07-30T01:00:08.454+0000] {drift_monitoring.py:291} WARNING - ⚠️ Missing file: predictions/date=2025-07-28/hour=23/prediction.parquet or targets/date=2025-07-28/hour=23/target.parquet → skipping
[2025-07-30T01:00:08.455+0000] {drift_monitoring.py:253} INFO - 📥 Downloading predictions/date=2025-07-29/hour=00/prediction.parquet and targets/date=2025-07-29/hour=00/target.parquet
[2025-07-30T01:00:08.462+0000] {drift_monitoring.py:291} WARNING - ⚠️ Missing file: predictions/date=2025-07-29/hour=00/prediction.parquet or targets/date=2025-07-29/hour=00/target.parquet → skipping
[2025-07-30T01:00:08.462+0000] {drift_monitoring.py:253} INFO - 📥 Downloading predictions/date=2025-07-29/hour=01/prediction.parquet and targets/date=2025-07-29/hour=01/target.parquet
[2025-07-30T01:00:08.470+0000] {drift_monitoring.py:291} WARNING - ⚠️ Missing file: predictions/date=2025-07-29/hour=01/prediction.parquet or targets/date=2025-07-29/hour=01/target.parquet → skipping
[2025-07-30T01:00:08.471+0000] {drift_monitoring.py:253} INFO - 📥 Downloading predictions/date=2025-07-29/hour=02/prediction.parquet and targets/date=2025-07-29/hour=02/target.parquet
[2025-07-30T01:00:08.479+0000] {drift_monitoring.py:291} WARNING - ⚠️ Missing file: predictions/date=2025-07-29/hour=02/prediction.parquet or targets/date=2025-07-29/hour=02/target.parquet → skipping
[2025-07-30T01:00:08.480+0000] {drift_monitoring.py:253} INFO - 📥 Downloading predictions/date=2025-07-29/hour=03/prediction.parquet and targets/date=2025-07-29/hour=03/target.parquet
[2025-07-30T01:00:08.488+0000] {drift_monitoring.py:291} WARNING - ⚠️ Missing file: predictions/date=2025-07-29/hour=03/prediction.parquet or targets/date=2025-07-29/hour=03/target.parquet → skipping
[2025-07-30T01:00:08.489+0000] {drift_monitoring.py:253} INFO - 📥 Downloading predictions/date=2025-07-29/hour=04/prediction.parquet and targets/date=2025-07-29/hour=04/target.parquet
[2025-07-30T01:00:08.496+0000] {drift_monitoring.py:291} WARNING - ⚠️ Missing file: predictions/date=2025-07-29/hour=04/prediction.parquet or targets/date=2025-07-29/hour=04/target.parquet → skipping
[2025-07-30T01:00:08.496+0000] {drift_monitoring.py:253} INFO - 📥 Downloading predictions/date=2025-07-29/hour=05/prediction.parquet and targets/date=2025-07-29/hour=05/target.parquet
[2025-07-30T01:00:08.505+0000] {drift_monitoring.py:291} WARNING - ⚠️ Missing file: predictions/date=2025-07-29/hour=05/prediction.parquet or targets/date=2025-07-29/hour=05/target.parquet → skipping
[2025-07-30T01:00:08.506+0000] {drift_monitoring.py:253} INFO - 📥 Downloading predictions/date=2025-07-29/hour=06/prediction.parquet and targets/date=2025-07-29/hour=06/target.parquet
[2025-07-30T01:00:08.515+0000] {drift_monitoring.py:291} WARNING - ⚠️ Missing file: predictions/date=2025-07-29/hour=06/prediction.parquet or targets/date=2025-07-29/hour=06/target.parquet → skipping
[2025-07-30T01:00:08.516+0000] {drift_monitoring.py:253} INFO - 📥 Downloading predictions/date=2025-07-29/hour=07/prediction.parquet and targets/date=2025-07-29/hour=07/target.parquet
[2025-07-30T01:00:08.525+0000] {drift_monitoring.py:291} WARNING - ⚠️ Missing file: predictions/date=2025-07-29/hour=07/prediction.parquet or targets/date=2025-07-29/hour=07/target.parquet → skipping
[2025-07-30T01:00:08.526+0000] {drift_monitoring.py:253} INFO - 📥 Downloading predictions/date=2025-07-29/hour=08/prediction.parquet and targets/date=2025-07-29/hour=08/target.parquet
[2025-07-30T01:00:08.535+0000] {drift_monitoring.py:291} WARNING - ⚠️ Missing file: predictions/date=2025-07-29/hour=08/prediction.parquet or targets/date=2025-07-29/hour=08/target.parquet → skipping
[2025-07-30T01:00:08.536+0000] {drift_monitoring.py:253} INFO - 📥 Downloading predictions/date=2025-07-29/hour=09/prediction.parquet and targets/date=2025-07-29/hour=09/target.parquet
[2025-07-30T01:00:08.544+0000] {drift_monitoring.py:291} WARNING - ⚠️ Missing file: predictions/date=2025-07-29/hour=09/prediction.parquet or targets/date=2025-07-29/hour=09/target.parquet → skipping
[2025-07-30T01:00:08.544+0000] {drift_monitoring.py:253} INFO - 📥 Downloading predictions/date=2025-07-29/hour=10/prediction.parquet and targets/date=2025-07-29/hour=10/target.parquet
[2025-07-30T01:00:08.554+0000] {drift_monitoring.py:291} WARNING - ⚠️ Missing file: predictions/date=2025-07-29/hour=10/prediction.parquet or targets/date=2025-07-29/hour=10/target.parquet → skipping
[2025-07-30T01:00:08.555+0000] {drift_monitoring.py:253} INFO - 📥 Downloading predictions/date=2025-07-29/hour=11/prediction.parquet and targets/date=2025-07-29/hour=11/target.parquet
[2025-07-30T01:00:08.564+0000] {drift_monitoring.py:291} WARNING - ⚠️ Missing file: predictions/date=2025-07-29/hour=11/prediction.parquet or targets/date=2025-07-29/hour=11/target.parquet → skipping
[2025-07-30T01:00:08.565+0000] {drift_monitoring.py:253} INFO - 📥 Downloading predictions/date=2025-07-29/hour=12/prediction.parquet and targets/date=2025-07-29/hour=12/target.parquet
[2025-07-30T01:00:08.574+0000] {drift_monitoring.py:291} WARNING - ⚠️ Missing file: predictions/date=2025-07-29/hour=12/prediction.parquet or targets/date=2025-07-29/hour=12/target.parquet → skipping
[2025-07-30T01:00:08.574+0000] {drift_monitoring.py:253} INFO - 📥 Downloading predictions/date=2025-07-29/hour=13/prediction.parquet and targets/date=2025-07-29/hour=13/target.parquet
[2025-07-30T01:00:08.584+0000] {drift_monitoring.py:291} WARNING - ⚠️ Missing file: predictions/date=2025-07-29/hour=13/prediction.parquet or targets/date=2025-07-29/hour=13/target.parquet → skipping
[2025-07-30T01:00:08.585+0000] {drift_monitoring.py:253} INFO - 📥 Downloading predictions/date=2025-07-29/hour=14/prediction.parquet and targets/date=2025-07-29/hour=14/target.parquet
[2025-07-30T01:00:08.595+0000] {drift_monitoring.py:291} WARNING - ⚠️ Missing file: predictions/date=2025-07-29/hour=14/prediction.parquet or targets/date=2025-07-29/hour=14/target.parquet → skipping
[2025-07-30T01:00:08.596+0000] {drift_monitoring.py:253} INFO - 📥 Downloading predictions/date=2025-07-29/hour=15/prediction.parquet and targets/date=2025-07-29/hour=15/target.parquet
[2025-07-30T01:00:08.606+0000] {drift_monitoring.py:291} WARNING - ⚠️ Missing file: predictions/date=2025-07-29/hour=15/prediction.parquet or targets/date=2025-07-29/hour=15/target.parquet → skipping
[2025-07-30T01:00:08.607+0000] {drift_monitoring.py:253} INFO - 📥 Downloading predictions/date=2025-07-29/hour=16/prediction.parquet and targets/date=2025-07-29/hour=16/target.parquet
[2025-07-30T01:00:08.617+0000] {drift_monitoring.py:291} WARNING - ⚠️ Missing file: predictions/date=2025-07-29/hour=16/prediction.parquet or targets/date=2025-07-29/hour=16/target.parquet → skipping
[2025-07-30T01:00:08.618+0000] {drift_monitoring.py:253} INFO - 📥 Downloading predictions/date=2025-07-29/hour=17/prediction.parquet and targets/date=2025-07-29/hour=17/target.parquet
[2025-07-30T01:00:08.627+0000] {drift_monitoring.py:291} WARNING - ⚠️ Missing file: predictions/date=2025-07-29/hour=17/prediction.parquet or targets/date=2025-07-29/hour=17/target.parquet → skipping
[2025-07-30T01:00:08.628+0000] {drift_monitoring.py:253} INFO - 📥 Downloading predictions/date=2025-07-29/hour=18/prediction.parquet and targets/date=2025-07-29/hour=18/target.parquet
[2025-07-30T01:00:08.636+0000] {drift_monitoring.py:291} WARNING - ⚠️ Missing file: predictions/date=2025-07-29/hour=18/prediction.parquet or targets/date=2025-07-29/hour=18/target.parquet → skipping
[2025-07-30T01:00:08.637+0000] {drift_monitoring.py:253} INFO - 📥 Downloading predictions/date=2025-07-29/hour=19/prediction.parquet and targets/date=2025-07-29/hour=19/target.parquet
[2025-07-30T01:00:08.645+0000] {drift_monitoring.py:291} WARNING - ⚠️ Missing file: predictions/date=2025-07-29/hour=19/prediction.parquet or targets/date=2025-07-29/hour=19/target.parquet → skipping
[2025-07-30T01:00:08.646+0000] {drift_monitoring.py:253} INFO - 📥 Downloading predictions/date=2025-07-29/hour=20/prediction.parquet and targets/date=2025-07-29/hour=20/target.parquet
[2025-07-30T01:00:08.655+0000] {drift_monitoring.py:291} WARNING - ⚠️ Missing file: predictions/date=2025-07-29/hour=20/prediction.parquet or targets/date=2025-07-29/hour=20/target.parquet → skipping
[2025-07-30T01:00:08.656+0000] {drift_monitoring.py:253} INFO - 📥 Downloading predictions/date=2025-07-29/hour=21/prediction.parquet and targets/date=2025-07-29/hour=21/target.parquet
[2025-07-30T01:00:08.664+0000] {drift_monitoring.py:291} WARNING - ⚠️ Missing file: predictions/date=2025-07-29/hour=21/prediction.parquet or targets/date=2025-07-29/hour=21/target.parquet → skipping
[2025-07-30T01:00:08.664+0000] {drift_monitoring.py:253} INFO - 📥 Downloading predictions/date=2025-07-29/hour=22/prediction.parquet and targets/date=2025-07-29/hour=22/target.parquet
[2025-07-30T01:00:08.672+0000] {drift_monitoring.py:291} WARNING - ⚠️ Missing file: predictions/date=2025-07-29/hour=22/prediction.parquet or targets/date=2025-07-29/hour=22/target.parquet → skipping
[2025-07-30T01:00:08.673+0000] {drift_monitoring.py:253} INFO - 📥 Downloading predictions/date=2025-07-29/hour=23/prediction.parquet and targets/date=2025-07-29/hour=23/target.parquet
[2025-07-30T01:00:08.682+0000] {drift_monitoring.py:291} WARNING - ⚠️ Missing file: predictions/date=2025-07-29/hour=23/prediction.parquet or targets/date=2025-07-29/hour=23/target.parquet → skipping
[2025-07-30T01:00:08.682+0000] {drift_monitoring.py:253} INFO - 📥 Downloading predictions/date=2025-07-30/hour=00/prediction.parquet and targets/date=2025-07-30/hour=00/target.parquet
[2025-07-30T01:00:08.870+0000] {drift_monitoring.py:280} INFO - ✅ MAE for 2025-07-30 00 = 0.0267
[2025-07-30T01:00:08.881+0000] {drift_monitoring.py:305} INFO - 📊 Average MAE over 1 hours: 0.0267 | Threshold: 0.0500
[2025-07-30T01:00:08.890+0000] {drift_monitoring.py:90} WARNING - ⚠️ Not enough data to split for Evidently report, using entire dataset for both
[2025-07-30T01:00:08.974+0000] {logging_mixin.py:188} WARNING - /home/***/.local/lib/python3.12/site-packages/scipy/stats/_stats_py.py:10729 RuntimeWarning: invalid value encountered in scalar divide
[2025-07-30T01:00:08.976+0000] {logging_mixin.py:188} WARNING - /home/***/.local/lib/python3.12/site-packages/scipy/stats/_stats_py.py:10743 RuntimeWarning: invalid value encountered in sqrt
[2025-07-30T01:00:08.977+0000] {logging_mixin.py:188} WARNING - /home/***/.local/lib/python3.12/site-packages/scipy/stats/_stats_py.py:10749 RuntimeWarning: invalid value encountered in scalar divide
[2025-07-30T01:00:08.986+0000] {logging_mixin.py:188} WARNING - /home/***/.local/lib/python3.12/site-packages/scipy/stats/_stats_py.py:10729 RuntimeWarning: invalid value encountered in scalar divide
[2025-07-30T01:00:08.987+0000] {logging_mixin.py:188} WARNING - /home/***/.local/lib/python3.12/site-packages/scipy/stats/_stats_py.py:10743 RuntimeWarning: invalid value encountered in sqrt
[2025-07-30T01:00:08.988+0000] {logging_mixin.py:188} WARNING - /home/***/.local/lib/python3.12/site-packages/scipy/stats/_stats_py.py:10749 RuntimeWarning: invalid value encountered in scalar divide
[2025-07-30T01:00:08.996+0000] {logging_mixin.py:188} WARNING - /home/***/.local/lib/python3.12/site-packages/sklearn/metrics/_regression.py:1211 UndefinedMetricWarning: R^2 score is not well-defined with less than two samples.
[2025-07-30T01:00:08.998+0000] {logging_mixin.py:188} WARNING - /home/***/.local/lib/python3.12/site-packages/sklearn/metrics/_regression.py:492 FutureWarning: 'squared' is deprecated in version 1.4 and will be removed in 1.6. To calculate the root mean squared error, use the function'root_mean_squared_error'.
[2025-07-30T01:00:09.002+0000] {logging_mixin.py:188} WARNING - /home/***/.local/lib/python3.12/site-packages/sklearn/metrics/_regression.py:492 FutureWarning: 'squared' is deprecated in version 1.4 and will be removed in 1.6. To calculate the root mean squared error, use the function'root_mean_squared_error'.
[2025-07-30T01:00:09.004+0000] {logging_mixin.py:188} WARNING - /home/***/.local/lib/python3.12/site-packages/sklearn/metrics/_regression.py:492 FutureWarning: 'squared' is deprecated in version 1.4 and will be removed in 1.6. To calculate the root mean squared error, use the function'root_mean_squared_error'.
[2025-07-30T01:00:09.007+0000] {logging_mixin.py:188} WARNING - /home/***/.local/lib/python3.12/site-packages/sklearn/metrics/_regression.py:1211 UndefinedMetricWarning: R^2 score is not well-defined with less than two samples.
[2025-07-30T01:00:09.043+0000] {logging_mixin.py:188} WARNING - /home/***/.local/lib/python3.12/site-packages/sklearn/metrics/_regression.py:1211 UndefinedMetricWarning: R^2 score is not well-defined with less than two samples.
[2025-07-30T01:00:09.048+0000] {logging_mixin.py:188} WARNING - /home/***/.local/lib/python3.12/site-packages/sklearn/metrics/_regression.py:1211 UndefinedMetricWarning: R^2 score is not well-defined with less than two samples.
[2025-07-30T01:00:09.052+0000] {logging_mixin.py:188} WARNING - /home/***/.local/lib/python3.12/site-packages/sklearn/metrics/_regression.py:492 FutureWarning: 'squared' is deprecated in version 1.4 and will be removed in 1.6. To calculate the root mean squared error, use the function'root_mean_squared_error'.
[2025-07-30T01:00:09.055+0000] {logging_mixin.py:188} WARNING - /home/***/.local/lib/python3.12/site-packages/sklearn/metrics/_regression.py:492 FutureWarning: 'squared' is deprecated in version 1.4 and will be removed in 1.6. To calculate the root mean squared error, use the function'root_mean_squared_error'.
[2025-07-30T01:00:09.123+0000] {logging_mixin.py:188} WARNING - /home/***/.local/lib/python3.12/site-packages/scipy/stats/_stats_py.py:10729 RuntimeWarning: invalid value encountered in scalar divide
[2025-07-30T01:00:09.124+0000] {logging_mixin.py:188} WARNING - /home/***/.local/lib/python3.12/site-packages/scipy/stats/_stats_py.py:10743 RuntimeWarning: invalid value encountered in sqrt
[2025-07-30T01:00:09.125+0000] {logging_mixin.py:188} WARNING - /home/***/.local/lib/python3.12/site-packages/scipy/stats/_stats_py.py:10749 RuntimeWarning: invalid value encountered in scalar divide
[2025-07-30T01:00:09.133+0000] {logging_mixin.py:188} WARNING - /home/***/.local/lib/python3.12/site-packages/scipy/stats/_stats_py.py:10729 RuntimeWarning: invalid value encountered in scalar divide
[2025-07-30T01:00:09.134+0000] {logging_mixin.py:188} WARNING - /home/***/.local/lib/python3.12/site-packages/scipy/stats/_stats_py.py:10743 RuntimeWarning: invalid value encountered in sqrt
[2025-07-30T01:00:09.135+0000] {logging_mixin.py:188} WARNING - /home/***/.local/lib/python3.12/site-packages/scipy/stats/_stats_py.py:10749 RuntimeWarning: invalid value encountered in scalar divide
[2025-07-30T01:00:09.157+0000] {logging_mixin.py:188} WARNING - /home/***/.local/lib/python3.12/site-packages/numpy/lib/_function_base_impl.py:2914 RuntimeWarning: Degrees of freedom <= 0 for slice
[2025-07-30T01:00:09.159+0000] {logging_mixin.py:188} WARNING - /home/***/.local/lib/python3.12/site-packages/numpy/lib/_function_base_impl.py:2773 RuntimeWarning: divide by zero encountered in divide
[2025-07-30T01:00:09.161+0000] {logging_mixin.py:188} WARNING - /home/***/.local/lib/python3.12/site-packages/numpy/lib/_function_base_impl.py:2773 RuntimeWarning: invalid value encountered in multiply
[2025-07-30T01:00:09.163+0000] {logging_mixin.py:188} WARNING - /home/***/.local/lib/python3.12/site-packages/numpy/lib/_function_base_impl.py:2914 RuntimeWarning: Degrees of freedom <= 0 for slice
[2025-07-30T01:00:09.165+0000] {logging_mixin.py:188} WARNING - /home/***/.local/lib/python3.12/site-packages/numpy/lib/_function_base_impl.py:2773 RuntimeWarning: divide by zero encountered in divide
[2025-07-30T01:00:09.166+0000] {logging_mixin.py:188} WARNING - /home/***/.local/lib/python3.12/site-packages/numpy/lib/_function_base_impl.py:2773 RuntimeWarning: invalid value encountered in multiply
[2025-07-30T01:00:09.213+0000] {logging_mixin.py:188} WARNING - /home/***/.local/lib/python3.12/site-packages/numpy/lib/_function_base_impl.py:2914 RuntimeWarning: Degrees of freedom <= 0 for slice
[2025-07-30T01:00:09.214+0000] {logging_mixin.py:188} WARNING - /home/***/.local/lib/python3.12/site-packages/numpy/lib/_function_base_impl.py:2773 RuntimeWarning: divide by zero encountered in divide
[2025-07-30T01:00:09.215+0000] {logging_mixin.py:188} WARNING - /home/***/.local/lib/python3.12/site-packages/numpy/lib/_function_base_impl.py:2773 RuntimeWarning: invalid value encountered in multiply
[2025-07-30T01:00:09.217+0000] {logging_mixin.py:188} WARNING - /home/***/.local/lib/python3.12/site-packages/numpy/lib/_function_base_impl.py:2914 RuntimeWarning: Degrees of freedom <= 0 for slice
[2025-07-30T01:00:09.218+0000] {logging_mixin.py:188} WARNING - /home/***/.local/lib/python3.12/site-packages/numpy/lib/_function_base_impl.py:2773 RuntimeWarning: divide by zero encountered in divide
[2025-07-30T01:00:09.219+0000] {logging_mixin.py:188} WARNING - /home/***/.local/lib/python3.12/site-packages/numpy/lib/_function_base_impl.py:2773 RuntimeWarning: invalid value encountered in multiply
[2025-07-30T01:00:10.225+0000] {drift_monitoring.py:96} INFO - ✅ Evidently report generated at: /opt/***/dags/reports/report_20250730_010008.html
[2025-07-30T01:00:10.226+0000] {drift_monitoring.py:331} INFO - ✅ No drift detected. Training will not be triggered.
[2025-07-30T01:00:10.227+0000] {python.py:237} INFO - Done. Returned value was: None
[2025-07-30T01:00:10.228+0000] {taskinstance.py:441} INFO - ::group::Post task execution logs
[2025-07-30T01:00:10.239+0000] {taskinstance.py:1205} INFO - Marking task as SUCCESS. dag_id=drift_monitoring, task_id=check_drift_and_report, execution_date=20250730T000000, start_date=20250730T010006, end_date=20250730T010010
[2025-07-30T01:00:10.293+0000] {local_task_job_runner.py:240} INFO - Task exited with return code 0
[2025-07-30T01:00:10.310+0000] {taskinstance.py:3482} INFO - 0 downstream tasks scheduled from follow-on schedule check
[2025-07-30T01:00:10.313+0000] {local_task_job_runner.py:222} INFO - ::endgroup::
