[2025-07-26T23:10:36.244+0000] {local_task_job_runner.py:120} INFO - ::group::Pre task execution logs
[2025-07-26T23:10:36.282+0000] {taskinstance.py:2073} INFO - Dependencies all met for dep_context=non-requeueable deps ti=<TaskInstance: training_pipeline.ingest_data manual__2025-07-26T23:10:29.716547+00:00 [queued]>
[2025-07-26T23:10:36.292+0000] {taskinstance.py:2073} INFO - Dependencies all met for dep_context=requeueable deps ti=<TaskInstance: training_pipeline.ingest_data manual__2025-07-26T23:10:29.716547+00:00 [queued]>
[2025-07-26T23:10:36.318+0000] {taskinstance.py:2303} INFO - Starting attempt 1 of 4
[2025-07-26T23:10:36.332+0000] {taskinstance.py:2327} INFO - Executing <Task(PythonOperator): ingest_data> on 2025-07-26 23:10:29.716547+00:00
[2025-07-26T23:10:36.347+0000] {standard_task_runner.py:90} INFO - Running: ['***', 'tasks', 'run', 'training_pipeline', 'ingest_data', 'manual__2025-07-26T23:10:29.716547+00:00', '--job-id', '3', '--raw', '--subdir', 'DAGS_FOLDER/training_pipeline.py', '--cfg-path', '/tmp/tmpfeb0_83l']
[2025-07-26T23:10:36.349+0000] {logging_mixin.py:188} WARNING - /home/***/.local/lib/python3.12/site-packages/***/task/task_runner/standard_task_runner.py:61 DeprecationWarning: This process (pid=244) is multi-threaded, use of fork() may lead to deadlocks in the child.
[2025-07-26T23:10:36.351+0000] {standard_task_runner.py:91} INFO - Job 3: Subtask ingest_data
[2025-07-26T23:10:36.351+0000] {standard_task_runner.py:63} INFO - Started process 265 to run task
[2025-07-26T23:10:36.369+0000] {logging_mixin.py:188} WARNING - /home/***/.local/lib/python3.12/site-packages/***/settings.py:195 DeprecationWarning: The sql_alchemy_conn option in [core] has been moved to the sql_alchemy_conn option in [database] - the old setting has been used, but please update your config.
[2025-07-26T23:10:36.426+0000] {task_command.py:426} INFO - Running <TaskInstance: training_pipeline.ingest_data manual__2025-07-26T23:10:29.716547+00:00 [running]> on host 1c2f5c12c560
[2025-07-26T23:10:36.541+0000] {taskinstance.py:2644} INFO - Exporting env vars: AIRFLOW_CTX_DAG_EMAIL='mlops_team@example.com' AIRFLOW_CTX_DAG_OWNER='mlops' AIRFLOW_CTX_DAG_ID='training_pipeline' AIRFLOW_CTX_TASK_ID='ingest_data' AIRFLOW_CTX_EXECUTION_DATE='2025-07-26T23:10:29.716547+00:00' AIRFLOW_CTX_TRY_NUMBER='1' AIRFLOW_CTX_DAG_RUN_ID='manual__2025-07-26T23:10:29.716547+00:00'
[2025-07-26T23:10:36.543+0000] {taskinstance.py:430} INFO - ::endgroup::
[2025-07-26T23:10:36.795+0000] {data_ingestion.py:62} INFO - Fetched 288 candles for BTC-USD from 2025-07-25 23:10:36.583183 to 2025-07-26 23:10:36.583183
[2025-07-26T23:10:37.191+0000] {data_ingestion.py:103} INFO - Saved data to S3: s3://crypto-mlops-bucket/data/historical_BTC_USD_20250726231036.csv
[2025-07-26T23:10:37.373+0000] {data_ingestion.py:62} INFO - Fetched 288 candles for ETH-USD from 2025-07-25 23:10:36.583183 to 2025-07-26 23:10:36.583183
[2025-07-26T23:10:37.389+0000] {data_ingestion.py:103} INFO - Saved data to S3: s3://crypto-mlops-bucket/data/historical_ETH_USD_20250726231037.csv
[2025-07-26T23:10:37.390+0000] {python.py:237} INFO - Done. Returned value was: None
[2025-07-26T23:10:37.391+0000] {taskinstance.py:441} INFO - ::group::Post task execution logs
[2025-07-26T23:10:37.401+0000] {taskinstance.py:1205} INFO - Marking task as SUCCESS. dag_id=training_pipeline, task_id=ingest_data, execution_date=20250726T231029, start_date=20250726T231036, end_date=20250726T231037
[2025-07-26T23:10:37.496+0000] {local_task_job_runner.py:240} INFO - Task exited with return code 0
[2025-07-26T23:10:37.522+0000] {taskinstance.py:3482} INFO - 1 downstream tasks scheduled from follow-on schedule check
[2025-07-26T23:10:37.555+0000] {local_task_job_runner.py:222} INFO - ::endgroup::
