[2025-07-29T23:56:33.387+0000] {processor.py:161} INFO - Started process (PID=468) to work on /opt/airflow/dags/hourly_inference.py
[2025-07-29T23:56:33.390+0000] {processor.py:830} INFO - Processing file /opt/airflow/dags/hourly_inference.py for tasks to queue
[2025-07-29T23:56:33.395+0000] {logging_mixin.py:188} INFO - [2025-07-29T23:56:33.394+0000] {dagbag.py:540} INFO - Filling up the DagBag from /opt/airflow/dags/hourly_inference.py
[2025-07-29T23:56:40.375+0000] {processor.py:840} INFO - DAG(s) 'preprocessing_hourly' retrieved from /opt/airflow/dags/hourly_inference.py
[2025-07-29T23:56:41.010+0000] {logging_mixin.py:188} INFO - [2025-07-29T23:56:41.009+0000] {dag.py:3096} INFO - Sync 1 DAGs
[2025-07-29T23:56:41.083+0000] {processor.py:183} INFO - Processing /opt/airflow/dags/hourly_inference.py took 7.713 seconds
[2025-07-29T23:57:11.582+0000] {processor.py:161} INFO - Started process (PID=537) to work on /opt/airflow/dags/hourly_inference.py
[2025-07-29T23:57:11.583+0000] {processor.py:830} INFO - Processing file /opt/airflow/dags/hourly_inference.py for tasks to queue
[2025-07-29T23:57:11.586+0000] {logging_mixin.py:188} INFO - [2025-07-29T23:57:11.585+0000] {dagbag.py:540} INFO - Filling up the DagBag from /opt/airflow/dags/hourly_inference.py
[2025-07-29T23:57:18.078+0000] {processor.py:840} INFO - DAG(s) 'preprocessing_hourly' retrieved from /opt/airflow/dags/hourly_inference.py
[2025-07-29T23:57:18.107+0000] {logging_mixin.py:188} INFO - [2025-07-29T23:57:18.106+0000] {dag.py:3096} INFO - Sync 1 DAGs
[2025-07-29T23:57:18.227+0000] {processor.py:183} INFO - Processing /opt/airflow/dags/hourly_inference.py took 6.653 seconds
[2025-07-29T23:57:48.861+0000] {processor.py:161} INFO - Started process (PID=586) to work on /opt/airflow/dags/hourly_inference.py
[2025-07-29T23:57:48.862+0000] {processor.py:830} INFO - Processing file /opt/airflow/dags/hourly_inference.py for tasks to queue
[2025-07-29T23:57:48.867+0000] {logging_mixin.py:188} INFO - [2025-07-29T23:57:48.865+0000] {dagbag.py:540} INFO - Filling up the DagBag from /opt/airflow/dags/hourly_inference.py
[2025-07-29T23:57:52.644+0000] {processor.py:840} INFO - DAG(s) 'preprocessing_hourly' retrieved from /opt/airflow/dags/hourly_inference.py
[2025-07-29T23:57:53.018+0000] {logging_mixin.py:188} INFO - [2025-07-29T23:57:53.017+0000] {dag.py:3096} INFO - Sync 1 DAGs
[2025-07-29T23:57:53.062+0000] {processor.py:183} INFO - Processing /opt/airflow/dags/hourly_inference.py took 4.206 seconds
[2025-07-29T23:58:23.524+0000] {processor.py:161} INFO - Started process (PID=640) to work on /opt/airflow/dags/hourly_inference.py
[2025-07-29T23:58:23.526+0000] {processor.py:830} INFO - Processing file /opt/airflow/dags/hourly_inference.py for tasks to queue
[2025-07-29T23:58:23.529+0000] {logging_mixin.py:188} INFO - [2025-07-29T23:58:23.529+0000] {dagbag.py:540} INFO - Filling up the DagBag from /opt/airflow/dags/hourly_inference.py
[2025-07-29T23:58:27.560+0000] {processor.py:840} INFO - DAG(s) 'preprocessing_hourly' retrieved from /opt/airflow/dags/hourly_inference.py
[2025-07-29T23:58:27.589+0000] {logging_mixin.py:188} INFO - [2025-07-29T23:58:27.589+0000] {dag.py:3096} INFO - Sync 1 DAGs
[2025-07-29T23:58:27.638+0000] {processor.py:183} INFO - Processing /opt/airflow/dags/hourly_inference.py took 4.125 seconds
[2025-07-29T23:58:58.213+0000] {processor.py:161} INFO - Started process (PID=689) to work on /opt/airflow/dags/hourly_inference.py
[2025-07-29T23:58:58.215+0000] {processor.py:830} INFO - Processing file /opt/airflow/dags/hourly_inference.py for tasks to queue
[2025-07-29T23:58:58.217+0000] {logging_mixin.py:188} INFO - [2025-07-29T23:58:58.217+0000] {dagbag.py:540} INFO - Filling up the DagBag from /opt/airflow/dags/hourly_inference.py
[2025-07-29T23:59:02.047+0000] {processor.py:840} INFO - DAG(s) 'preprocessing_hourly' retrieved from /opt/airflow/dags/hourly_inference.py
[2025-07-29T23:59:02.086+0000] {logging_mixin.py:188} INFO - [2025-07-29T23:59:02.085+0000] {dag.py:3096} INFO - Sync 1 DAGs
[2025-07-29T23:59:02.151+0000] {processor.py:183} INFO - Processing /opt/airflow/dags/hourly_inference.py took 3.945 seconds
[2025-07-29T23:59:32.749+0000] {processor.py:161} INFO - Started process (PID=738) to work on /opt/airflow/dags/hourly_inference.py
[2025-07-29T23:59:32.750+0000] {processor.py:830} INFO - Processing file /opt/airflow/dags/hourly_inference.py for tasks to queue
[2025-07-29T23:59:32.754+0000] {logging_mixin.py:188} INFO - [2025-07-29T23:59:32.754+0000] {dagbag.py:540} INFO - Filling up the DagBag from /opt/airflow/dags/hourly_inference.py
[2025-07-29T23:59:37.376+0000] {processor.py:840} INFO - DAG(s) 'preprocessing_hourly' retrieved from /opt/airflow/dags/hourly_inference.py
[2025-07-29T23:59:37.414+0000] {logging_mixin.py:188} INFO - [2025-07-29T23:59:37.412+0000] {dag.py:3096} INFO - Sync 1 DAGs
[2025-07-29T23:59:37.455+0000] {processor.py:183} INFO - Processing /opt/airflow/dags/hourly_inference.py took 4.717 seconds
