[2025-07-27T15:39:50.302+0000] {local_task_job_runner.py:120} INFO - ::group::Pre task execution logs
[2025-07-27T15:39:50.363+0000] {taskinstance.py:2073} INFO - Dependencies all met for dep_context=non-requeueable deps ti=<TaskInstance: training_pipeline.ingest_data manual__2025-07-27T15:39:40.380479+00:00 [queued]>
[2025-07-27T15:39:50.379+0000] {taskinstance.py:2073} INFO - Dependencies all met for dep_context=requeueable deps ti=<TaskInstance: training_pipeline.ingest_data manual__2025-07-27T15:39:40.380479+00:00 [queued]>
[2025-07-27T15:39:50.380+0000] {taskinstance.py:2303} INFO - Starting attempt 1 of 4
[2025-07-27T15:39:50.417+0000] {taskinstance.py:2327} INFO - Executing <Task(PythonOperator): ingest_data> on 2025-07-27 15:39:40.380479+00:00
[2025-07-27T15:39:50.479+0000] {logging_mixin.py:188} WARNING - /home/***/.local/lib/python3.12/site-packages/***/task/task_runner/standard_task_runner.py:61 DeprecationWarning: This process (pid=836) is multi-threaded, use of fork() may lead to deadlocks in the child.
[2025-07-27T15:39:50.489+0000] {standard_task_runner.py:63} INFO - Started process 853 to run task
[2025-07-27T15:39:50.485+0000] {standard_task_runner.py:90} INFO - Running: ['***', 'tasks', 'run', 'training_pipeline', 'ingest_data', 'manual__2025-07-27T15:39:40.380479+00:00', '--job-id', '3', '--raw', '--subdir', 'DAGS_FOLDER/training_pipeline.py', '--cfg-path', '/tmp/tmp0hnbpz_9']
[2025-07-27T15:39:50.496+0000] {standard_task_runner.py:91} INFO - Job 3: Subtask ingest_data
[2025-07-27T15:39:50.567+0000] {logging_mixin.py:188} WARNING - /home/***/.local/lib/python3.12/site-packages/***/settings.py:195 DeprecationWarning: The sql_alchemy_conn option in [core] has been moved to the sql_alchemy_conn option in [database] - the old setting has been used, but please update your config.
[2025-07-27T15:39:50.817+0000] {task_command.py:426} INFO - Running <TaskInstance: training_pipeline.ingest_data manual__2025-07-27T15:39:40.380479+00:00 [running]> on host 617fcbaa19a2
[2025-07-27T15:39:49.654+0000] {taskinstance.py:2644} INFO - Exporting env vars: AIRFLOW_CTX_DAG_EMAIL='mlops_team@example.com' AIRFLOW_CTX_DAG_OWNER='mlops' AIRFLOW_CTX_DAG_ID='training_pipeline' AIRFLOW_CTX_TASK_ID='ingest_data' AIRFLOW_CTX_EXECUTION_DATE='2025-07-27T15:39:40.380479+00:00' AIRFLOW_CTX_TRY_NUMBER='1' AIRFLOW_CTX_DAG_RUN_ID='manual__2025-07-27T15:39:40.380479+00:00'
[2025-07-27T15:39:49.661+0000] {taskinstance.py:430} INFO - ::endgroup::
[2025-07-27T15:39:50.201+0000] {data_ingestion.py:62} INFO - Fetched 288 candles for BTC-USD from 2025-07-26 15:39:49.797268 to 2025-07-27 15:39:49.797268
[2025-07-27T15:39:51.096+0000] {data_ingestion.py:103} INFO - Saved data to S3: s3://crypto-mlops-bucket/data/historical_BTC_USD_20250727153950.csv
[2025-07-27T15:39:51.313+0000] {data_ingestion.py:62} INFO - Fetched 288 candles for ETH-USD from 2025-07-26 15:39:49.797268 to 2025-07-27 15:39:49.797268
[2025-07-27T15:39:51.335+0000] {data_ingestion.py:103} INFO - Saved data to S3: s3://crypto-mlops-bucket/data/historical_ETH_USD_20250727153951.csv
[2025-07-27T15:39:51.337+0000] {python.py:237} INFO - Done. Returned value was: None
[2025-07-27T15:39:51.338+0000] {taskinstance.py:441} INFO - ::group::Post task execution logs
[2025-07-27T15:39:51.352+0000] {taskinstance.py:1205} INFO - Marking task as SUCCESS. dag_id=training_pipeline, task_id=ingest_data, execution_date=20250727T153940, start_date=20250727T153950, end_date=20250727T153951
[2025-07-27T15:39:51.408+0000] {local_task_job_runner.py:240} INFO - Task exited with return code 0
[2025-07-27T15:39:51.445+0000] {taskinstance.py:3482} INFO - 1 downstream tasks scheduled from follow-on schedule check
[2025-07-27T15:39:51.448+0000] {local_task_job_runner.py:222} INFO - ::endgroup::
