[2025-07-29T21:53:17.202+0000] {local_task_job_runner.py:120} INFO - ::group::Pre task execution logs
[2025-07-29T21:53:17.237+0000] {taskinstance.py:2073} INFO - Dependencies all met for dep_context=non-requeueable deps ti=<TaskInstance: training_pipeline.promote_model triggered_by_drift_20250729_214800 [queued]>
[2025-07-29T21:53:17.246+0000] {taskinstance.py:2073} INFO - Dependencies all met for dep_context=requeueable deps ti=<TaskInstance: training_pipeline.promote_model triggered_by_drift_20250729_214800 [queued]>
[2025-07-29T21:53:17.252+0000] {taskinstance.py:2303} INFO - Starting attempt 1 of 4
[2025-07-29T21:53:17.276+0000] {taskinstance.py:2327} INFO - Executing <Task(PythonOperator): promote_model> on 2025-07-29 21:48:00+00:00
[2025-07-29T21:53:17.295+0000] {standard_task_runner.py:90} INFO - Running: ['***', 'tasks', 'run', 'training_pipeline', 'promote_model', 'triggered_by_drift_20250729_214800', '--job-id', '37', '--raw', '--subdir', 'DAGS_FOLDER/training_pipeline.py', '--cfg-path', '/tmp/tmpfaz8cc8w']
[2025-07-29T21:53:17.303+0000] {standard_task_runner.py:91} INFO - Job 37: Subtask promote_model
[2025-07-29T21:53:17.303+0000] {logging_mixin.py:188} WARNING - /home/***/.local/lib/python3.12/site-packages/***/task/task_runner/standard_task_runner.py:61 DeprecationWarning: This process (pid=16915) is multi-threaded, use of fork() may lead to deadlocks in the child.
[2025-07-29T21:53:17.304+0000] {standard_task_runner.py:63} INFO - Started process 16933 to run task
[2025-07-29T21:53:17.336+0000] {logging_mixin.py:188} WARNING - /home/***/.local/lib/python3.12/site-packages/***/settings.py:195 DeprecationWarning: The sql_alchemy_conn option in [core] has been moved to the sql_alchemy_conn option in [database] - the old setting has been used, but please update your config.
[2025-07-29T21:53:17.409+0000] {task_command.py:426} INFO - Running <TaskInstance: training_pipeline.promote_model triggered_by_drift_20250729_214800 [running]> on host d78ad09e75e4
[2025-07-29T21:53:17.591+0000] {taskinstance.py:2644} INFO - Exporting env vars: AIRFLOW_CTX_DAG_EMAIL='mlops_team@example.com' AIRFLOW_CTX_DAG_OWNER='mlops' AIRFLOW_CTX_DAG_ID='training_pipeline' AIRFLOW_CTX_TASK_ID='promote_model' AIRFLOW_CTX_EXECUTION_DATE='2025-07-29T21:48:00+00:00' AIRFLOW_CTX_TRY_NUMBER='1' AIRFLOW_CTX_DAG_RUN_ID='triggered_by_drift_20250729_214800'
[2025-07-29T21:53:17.593+0000] {taskinstance.py:430} INFO - ::endgroup::
[2025-07-29T21:53:17.674+0000] {training_pipeline.py:149} INFO - ✅ Connexion MLflow OK: http://mlflow:5000
[2025-07-29T21:53:17.736+0000] {training_pipeline.py:176} INFO - 👉 Promotion version 11
[2025-07-29T21:53:17.792+0000] {training_pipeline.py:184} INFO - ✅ Modèle promu : alias 'production' pointé vers version 11
[2025-07-29T21:53:17.793+0000] {python.py:237} INFO - Done. Returned value was: None
[2025-07-29T21:53:17.794+0000] {taskinstance.py:441} INFO - ::group::Post task execution logs
[2025-07-29T21:53:17.804+0000] {taskinstance.py:1205} INFO - Marking task as SUCCESS. dag_id=training_pipeline, task_id=promote_model, execution_date=20250729T214800, start_date=20250729T215317, end_date=20250729T215317
[2025-07-29T21:53:17.862+0000] {local_task_job_runner.py:240} INFO - Task exited with return code 0
[2025-07-29T21:53:17.883+0000] {taskinstance.py:3482} INFO - 0 downstream tasks scheduled from follow-on schedule check
[2025-07-29T21:53:17.917+0000] {local_task_job_runner.py:222} INFO - ::endgroup::
