[2025-07-31T09:13:28.886+0000] {local_task_job_runner.py:120} INFO - ::group::Pre task execution logs
[2025-07-31T09:13:28.927+0000] {taskinstance.py:2073} INFO - Dependencies all met for dep_context=non-requeueable deps ti=<TaskInstance: preprocessing_hourly.preprocess_and_predict scheduled__2025-07-31T08:00:00+00:00 [queued]>
[2025-07-31T09:13:28.936+0000] {taskinstance.py:2073} INFO - Dependencies all met for dep_context=requeueable deps ti=<TaskInstance: preprocessing_hourly.preprocess_and_predict scheduled__2025-07-31T08:00:00+00:00 [queued]>
[2025-07-31T09:13:28.942+0000] {taskinstance.py:2303} INFO - Starting attempt 1 of 2
[2025-07-31T09:13:29.014+0000] {taskinstance.py:2327} INFO - Executing <Task(PythonOperator): preprocess_and_predict> on 2025-07-31 08:00:00+00:00
[2025-07-31T09:13:29.042+0000] {logging_mixin.py:188} WARNING - /home/***/.local/lib/python3.12/site-packages/***/task/task_runner/standard_task_runner.py:61 DeprecationWarning: This process (pid=4827) is multi-threaded, use of fork() may lead to deadlocks in the child.
[2025-07-31T09:13:29.043+0000] {standard_task_runner.py:63} INFO - Started process 4920 to run task
[2025-07-31T09:13:29.041+0000] {standard_task_runner.py:90} INFO - Running: ['***', 'tasks', 'run', 'preprocessing_hourly', 'preprocess_and_predict', 'scheduled__2025-07-31T08:00:00+00:00', '--job-id', '138', '--raw', '--subdir', 'DAGS_FOLDER/hourly_inference.py', '--cfg-path', '/tmp/tmpmffz2o8q']
[2025-07-31T09:13:29.044+0000] {standard_task_runner.py:91} INFO - Job 138: Subtask preprocess_and_predict
[2025-07-31T09:13:29.068+0000] {logging_mixin.py:188} WARNING - /home/***/.local/lib/python3.12/site-packages/***/settings.py:195 DeprecationWarning: The sql_alchemy_conn option in [core] has been moved to the sql_alchemy_conn option in [database] - the old setting has been used, but please update your config.
[2025-07-31T09:13:29.150+0000] {task_command.py:426} INFO - Running <TaskInstance: preprocessing_hourly.preprocess_and_predict scheduled__2025-07-31T08:00:00+00:00 [running]> on host 44c57df83f33
[2025-07-31T09:13:29.309+0000] {taskinstance.py:2644} INFO - Exporting env vars: AIRFLOW_CTX_DAG_OWNER='mlops' AIRFLOW_CTX_DAG_ID='preprocessing_hourly' AIRFLOW_CTX_TASK_ID='preprocess_and_predict' AIRFLOW_CTX_EXECUTION_DATE='2025-07-31T08:00:00+00:00' AIRFLOW_CTX_TRY_NUMBER='1' AIRFLOW_CTX_DAG_RUN_ID='scheduled__2025-07-31T08:00:00+00:00'
[2025-07-31T09:13:29.311+0000] {taskinstance.py:430} INFO - ::endgroup::
[2025-07-31T09:13:29.329+0000] {logging_mixin.py:188} WARNING - /home/***/.local/lib/python3.12/site-packages/***/utils/context.py:320 AirflowContextDeprecationWarning: Accessing 'execution_date' from the template is deprecated and will be removed in a future version. Please use 'data_interval_start' or 'logical_date' instead.
[2025-07-31T09:13:29.330+0000] {hourly_inference.py:70} INFO - [DEBUG] Execution date: 2025-07-31 08:00:00+00:00 (type=<class 'Proxy'>)
[2025-07-31T09:13:29.392+0000] {hourly_inference.py:58} INFO - Bucket crypto-mlops-bucket exists
[2025-07-31T09:13:29.407+0000] {data_ingestion.py:42} INFO - current_start: 2025-07-01 08:00:00+00:00, current_end: 2025-07-02 09:00:00+00:00
[2025-07-31T09:13:29.698+0000] {data_ingestion.py:62} INFO - Fetched 301 candles for BTC-USD from 2025-07-01 08:00:00+00:00 to 2025-07-02 09:00:00+00:00
[2025-07-31T09:13:29.700+0000] {data_ingestion.py:42} INFO - current_start: 2025-07-02 09:00:00+00:00, current_end: 2025-07-03 10:00:00+00:00
[2025-07-31T09:13:29.893+0000] {data_ingestion.py:62} INFO - Fetched 301 candles for BTC-USD from 2025-07-02 09:00:00+00:00 to 2025-07-03 10:00:00+00:00
[2025-07-31T09:13:29.894+0000] {data_ingestion.py:42} INFO - current_start: 2025-07-03 10:00:00+00:00, current_end: 2025-07-04 11:00:00+00:00
[2025-07-31T09:13:30.077+0000] {data_ingestion.py:62} INFO - Fetched 301 candles for BTC-USD from 2025-07-03 10:00:00+00:00 to 2025-07-04 11:00:00+00:00
[2025-07-31T09:13:30.079+0000] {data_ingestion.py:42} INFO - current_start: 2025-07-04 11:00:00+00:00, current_end: 2025-07-05 12:00:00+00:00
[2025-07-31T09:13:30.466+0000] {data_ingestion.py:62} INFO - Fetched 301 candles for BTC-USD from 2025-07-04 11:00:00+00:00 to 2025-07-05 12:00:00+00:00
[2025-07-31T09:13:30.467+0000] {data_ingestion.py:42} INFO - current_start: 2025-07-05 12:00:00+00:00, current_end: 2025-07-06 13:00:00+00:00
[2025-07-31T09:13:30.660+0000] {data_ingestion.py:62} INFO - Fetched 301 candles for BTC-USD from 2025-07-05 12:00:00+00:00 to 2025-07-06 13:00:00+00:00
[2025-07-31T09:13:30.662+0000] {data_ingestion.py:42} INFO - current_start: 2025-07-06 13:00:00+00:00, current_end: 2025-07-07 14:00:00+00:00
[2025-07-31T09:13:30.847+0000] {data_ingestion.py:62} INFO - Fetched 301 candles for BTC-USD from 2025-07-06 13:00:00+00:00 to 2025-07-07 14:00:00+00:00
[2025-07-31T09:13:30.848+0000] {data_ingestion.py:42} INFO - current_start: 2025-07-07 14:00:00+00:00, current_end: 2025-07-08 15:00:00+00:00
[2025-07-31T09:13:31.035+0000] {data_ingestion.py:62} INFO - Fetched 301 candles for BTC-USD from 2025-07-07 14:00:00+00:00 to 2025-07-08 15:00:00+00:00
[2025-07-31T09:13:31.038+0000] {data_ingestion.py:42} INFO - current_start: 2025-07-08 15:00:00+00:00, current_end: 2025-07-09 16:00:00+00:00
[2025-07-31T09:13:31.232+0000] {data_ingestion.py:62} INFO - Fetched 301 candles for BTC-USD from 2025-07-08 15:00:00+00:00 to 2025-07-09 16:00:00+00:00
[2025-07-31T09:13:31.233+0000] {data_ingestion.py:42} INFO - current_start: 2025-07-09 16:00:00+00:00, current_end: 2025-07-10 17:00:00+00:00
[2025-07-31T09:13:31.623+0000] {data_ingestion.py:62} INFO - Fetched 301 candles for BTC-USD from 2025-07-09 16:00:00+00:00 to 2025-07-10 17:00:00+00:00
[2025-07-31T09:13:31.624+0000] {data_ingestion.py:42} INFO - current_start: 2025-07-10 17:00:00+00:00, current_end: 2025-07-11 18:00:00+00:00
[2025-07-31T09:13:31.820+0000] {data_ingestion.py:62} INFO - Fetched 301 candles for BTC-USD from 2025-07-10 17:00:00+00:00 to 2025-07-11 18:00:00+00:00
[2025-07-31T09:13:31.822+0000] {data_ingestion.py:42} INFO - current_start: 2025-07-11 18:00:00+00:00, current_end: 2025-07-12 19:00:00+00:00
[2025-07-31T09:13:31.979+0000] {data_ingestion.py:62} INFO - Fetched 301 candles for BTC-USD from 2025-07-11 18:00:00+00:00 to 2025-07-12 19:00:00+00:00
[2025-07-31T09:13:31.981+0000] {data_ingestion.py:42} INFO - current_start: 2025-07-12 19:00:00+00:00, current_end: 2025-07-13 20:00:00+00:00
[2025-07-31T09:13:32.141+0000] {data_ingestion.py:62} INFO - Fetched 301 candles for BTC-USD from 2025-07-12 19:00:00+00:00 to 2025-07-13 20:00:00+00:00
[2025-07-31T09:13:32.142+0000] {data_ingestion.py:42} INFO - current_start: 2025-07-13 20:00:00+00:00, current_end: 2025-07-14 21:00:00+00:00
[2025-07-31T09:13:32.334+0000] {data_ingestion.py:62} INFO - Fetched 301 candles for BTC-USD from 2025-07-13 20:00:00+00:00 to 2025-07-14 21:00:00+00:00
[2025-07-31T09:13:32.335+0000] {data_ingestion.py:42} INFO - current_start: 2025-07-14 21:00:00+00:00, current_end: 2025-07-15 22:00:00+00:00
[2025-07-31T09:13:32.528+0000] {data_ingestion.py:62} INFO - Fetched 301 candles for BTC-USD from 2025-07-14 21:00:00+00:00 to 2025-07-15 22:00:00+00:00
[2025-07-31T09:13:32.530+0000] {data_ingestion.py:42} INFO - current_start: 2025-07-15 22:00:00+00:00, current_end: 2025-07-16 23:00:00+00:00
[2025-07-31T09:13:32.707+0000] {data_ingestion.py:62} INFO - Fetched 301 candles for BTC-USD from 2025-07-15 22:00:00+00:00 to 2025-07-16 23:00:00+00:00
[2025-07-31T09:13:32.709+0000] {data_ingestion.py:42} INFO - current_start: 2025-07-16 23:00:00+00:00, current_end: 2025-07-18 00:00:00+00:00
[2025-07-31T09:13:32.900+0000] {data_ingestion.py:62} INFO - Fetched 301 candles for BTC-USD from 2025-07-16 23:00:00+00:00 to 2025-07-18 00:00:00+00:00
[2025-07-31T09:13:32.902+0000] {data_ingestion.py:42} INFO - current_start: 2025-07-18 00:00:00+00:00, current_end: 2025-07-19 01:00:00+00:00
[2025-07-31T09:13:33.295+0000] {data_ingestion.py:62} INFO - Fetched 301 candles for BTC-USD from 2025-07-18 00:00:00+00:00 to 2025-07-19 01:00:00+00:00
[2025-07-31T09:13:33.297+0000] {data_ingestion.py:42} INFO - current_start: 2025-07-19 01:00:00+00:00, current_end: 2025-07-20 02:00:00+00:00
[2025-07-31T09:13:33.700+0000] {data_ingestion.py:62} INFO - Fetched 301 candles for BTC-USD from 2025-07-19 01:00:00+00:00 to 2025-07-20 02:00:00+00:00
[2025-07-31T09:13:33.702+0000] {data_ingestion.py:42} INFO - current_start: 2025-07-20 02:00:00+00:00, current_end: 2025-07-21 03:00:00+00:00
[2025-07-31T09:13:33.901+0000] {data_ingestion.py:62} INFO - Fetched 301 candles for BTC-USD from 2025-07-20 02:00:00+00:00 to 2025-07-21 03:00:00+00:00
[2025-07-31T09:13:33.902+0000] {data_ingestion.py:42} INFO - current_start: 2025-07-21 03:00:00+00:00, current_end: 2025-07-22 04:00:00+00:00
[2025-07-31T09:13:34.077+0000] {data_ingestion.py:62} INFO - Fetched 301 candles for BTC-USD from 2025-07-21 03:00:00+00:00 to 2025-07-22 04:00:00+00:00
[2025-07-31T09:13:34.079+0000] {data_ingestion.py:42} INFO - current_start: 2025-07-22 04:00:00+00:00, current_end: 2025-07-23 05:00:00+00:00
[2025-07-31T09:13:34.480+0000] {data_ingestion.py:62} INFO - Fetched 301 candles for BTC-USD from 2025-07-22 04:00:00+00:00 to 2025-07-23 05:00:00+00:00
[2025-07-31T09:13:34.481+0000] {data_ingestion.py:42} INFO - current_start: 2025-07-23 05:00:00+00:00, current_end: 2025-07-24 06:00:00+00:00
[2025-07-31T09:13:34.671+0000] {data_ingestion.py:62} INFO - Fetched 301 candles for BTC-USD from 2025-07-23 05:00:00+00:00 to 2025-07-24 06:00:00+00:00
[2025-07-31T09:13:34.673+0000] {data_ingestion.py:42} INFO - current_start: 2025-07-24 06:00:00+00:00, current_end: 2025-07-25 07:00:00+00:00
[2025-07-31T09:13:34.862+0000] {data_ingestion.py:62} INFO - Fetched 301 candles for BTC-USD from 2025-07-24 06:00:00+00:00 to 2025-07-25 07:00:00+00:00
[2025-07-31T09:13:34.863+0000] {data_ingestion.py:42} INFO - current_start: 2025-07-25 07:00:00+00:00, current_end: 2025-07-26 08:00:00+00:00
[2025-07-31T09:13:35.054+0000] {data_ingestion.py:62} INFO - Fetched 301 candles for BTC-USD from 2025-07-25 07:00:00+00:00 to 2025-07-26 08:00:00+00:00
[2025-07-31T09:13:35.056+0000] {data_ingestion.py:42} INFO - current_start: 2025-07-26 08:00:00+00:00, current_end: 2025-07-27 09:00:00+00:00
[2025-07-31T09:13:35.248+0000] {data_ingestion.py:62} INFO - Fetched 301 candles for BTC-USD from 2025-07-26 08:00:00+00:00 to 2025-07-27 09:00:00+00:00
[2025-07-31T09:13:35.250+0000] {data_ingestion.py:42} INFO - current_start: 2025-07-27 09:00:00+00:00, current_end: 2025-07-28 10:00:00+00:00
[2025-07-31T09:13:35.474+0000] {data_ingestion.py:62} INFO - Fetched 301 candles for BTC-USD from 2025-07-27 09:00:00+00:00 to 2025-07-28 10:00:00+00:00
[2025-07-31T09:13:35.477+0000] {data_ingestion.py:42} INFO - current_start: 2025-07-28 10:00:00+00:00, current_end: 2025-07-29 11:00:00+00:00
[2025-07-31T09:13:35.682+0000] {data_ingestion.py:62} INFO - Fetched 301 candles for BTC-USD from 2025-07-28 10:00:00+00:00 to 2025-07-29 11:00:00+00:00
[2025-07-31T09:13:35.685+0000] {data_ingestion.py:42} INFO - current_start: 2025-07-29 11:00:00+00:00, current_end: 2025-07-30 12:00:00+00:00
[2025-07-31T09:13:35.883+0000] {data_ingestion.py:62} INFO - Fetched 301 candles for BTC-USD from 2025-07-29 11:00:00+00:00 to 2025-07-30 12:00:00+00:00
[2025-07-31T09:13:35.885+0000] {data_ingestion.py:42} INFO - current_start: 2025-07-30 12:00:00+00:00, current_end: 2025-07-31 08:00:00+00:00
[2025-07-31T09:13:36.298+0000] {data_ingestion.py:62} INFO - Fetched 241 candles for BTC-USD from 2025-07-30 12:00:00+00:00 to 2025-07-31 08:00:00+00:00
[2025-07-31T09:13:36.537+0000] {data_ingestion.py:104} INFO - Saved data to S3: s3://crypto-mlops-bucket/data/historical_BTC_USD_20250731080000.csv
[2025-07-31T09:13:36.538+0000] {hourly_inference.py:84} INFO - Données brutes récupérées : shape=(8669, 7)
[2025-07-31T09:13:36.716+0000] {data_processing.py:41} INFO - Loaded 11559 records from S3: data/historical_BTC_USD_20250328080000.csv
[2025-07-31T09:13:36.767+0000] {data_processing.py:41} INFO - Loaded 8669 records from S3: data/historical_BTC_USD_20250730010000.csv
[2025-07-31T09:13:36.806+0000] {data_processing.py:41} INFO - Loaded 8669 records from S3: data/historical_BTC_USD_20250731070000.csv
[2025-07-31T09:13:36.858+0000] {data_processing.py:41} INFO - Loaded 8669 records from S3: data/historical_BTC_USD_20250731080000.csv
[2025-07-31T09:13:36.888+0000] {data_processing.py:41} INFO - Loaded 288 records from S3: data/historical_BTC_USD_20250731082219.csv
[2025-07-31T09:13:36.925+0000] {data_processing.py:41} INFO - Loaded 8640 records from S3: data/historical_BTC_USD_20250731083257.csv
[2025-07-31T09:13:36.939+0000] {data_processing.py:84} INFO - Combined 20540 records for BTC-USD
[2025-07-31T09:13:36.941+0000] {hourly_inference.py:88} INFO - Données combinées : shape=(20540, 7)
[2025-07-31T09:13:37.252+0000] {data_processing.py:168} INFO - Removed 50 rows with NaN values. Final shape: (20490, 84)
[2025-07-31T09:13:37.253+0000] {hourly_inference.py:91} INFO - Features : shape=(20490, 84)
[2025-07-31T09:13:37.306+0000] {logging_mixin.py:188} WARNING - /opt/***/src/data_processing.py:187 FutureWarning: DataFrame.fillna with 'method' is deprecated and will raise in a future version. Use obj.ffill() or obj.bfill() instead.
[2025-07-31T09:13:37.334+0000] {data_processing.py:189} INFO - Prepared features: (20490, 80), Target: (20490,)
[2025-07-31T09:13:37.335+0000] {data_processing.py:190} INFO - Feature columns: 80
[2025-07-31T09:13:37.372+0000] {hourly_inference.py:106} INFO - Last row : shape=(1, 80)
[2025-07-31T09:13:37.427+0000] {hourly_inference.py:116} INFO - ✅ Features uploaded → s3://crypto-mlops-bucket/features/date=2025-07-31/hour=08/features.parquet
[2025-07-31T09:13:37.443+0000] {hourly_inference.py:129} INFO - ✅ Target uploaded → s3://crypto-mlops-bucket/targets/date=2025-07-31/hour=08/target.parquet
[2025-07-31T09:13:38.673+0000] {credentials.py:1147} INFO - Found credentials in environment variables.
[2025-07-31T09:13:38.811+0000] {logging_mixin.py:188} WARNING - Downloading artifacts:   0%|          | 0/5 [00:00<?, ?it/s]
[2025-07-31T09:13:38.832+0000] {logging_mixin.py:188} WARNING - Downloading artifacts:  20%|##        | 1/5 [00:00<00:00, 51.91it/s]
[2025-07-31T09:13:38.833+0000] {logging_mixin.py:188} WARNING - Downloading artifacts:  40%|####      | 2/5 [00:00<00:00, 95.96it/s]
[2025-07-31T09:13:38.839+0000] {logging_mixin.py:188} WARNING - Downloading artifacts:  60%|######    | 3/5 [00:00<00:00, 112.48it/s]
[2025-07-31T09:13:38.840+0000] {logging_mixin.py:188} WARNING - Downloading artifacts:  80%|########  | 4/5 [00:00<00:00, 143.51it/s]
[2025-07-31T09:13:38.846+0000] {logging_mixin.py:188} WARNING - Downloading artifacts: 100%|##########| 5/5 [00:00<00:00, 150.56it/s]
[2025-07-31T09:13:38.847+0000] {logging_mixin.py:188} WARNING - Downloading artifacts: 100%|##########| 5/5 [00:00<00:00, 146.27it/s]
[2025-07-31T09:13:39.189+0000] {hourly_inference.py:142} INFO - ✅ Model loaded: crypto_lightgbm_model_BTC_USD, version 13
[2025-07-31T09:13:39.225+0000] {hourly_inference.py:162} INFO - ✅ Prediction uploaded → s3://crypto-mlops-bucket/predictions/date=2025-07-31/hour=08/prediction.parquet
[2025-07-31T09:13:39.231+0000] {python.py:237} INFO - Done. Returned value was: None
[2025-07-31T09:13:39.232+0000] {taskinstance.py:441} INFO - ::group::Post task execution logs
[2025-07-31T09:13:39.245+0000] {taskinstance.py:1205} INFO - Marking task as SUCCESS. dag_id=preprocessing_hourly, task_id=preprocess_and_predict, execution_date=20250731T080000, start_date=20250731T091328, end_date=20250731T091339
[2025-07-31T09:13:39.316+0000] {local_task_job_runner.py:240} INFO - Task exited with return code 0
[2025-07-31T09:13:39.339+0000] {taskinstance.py:3482} INFO - 0 downstream tasks scheduled from follow-on schedule check
[2025-07-31T09:13:39.341+0000] {local_task_job_runner.py:222} INFO - ::endgroup::
