[2025-07-31T08:33:00.948+0000] {local_task_job_runner.py:120} INFO - ::group::Pre task execution logs
[2025-07-31T08:33:00.985+0000] {taskinstance.py:2073} INFO - Dependencies all met for dep_context=non-requeueable deps ti=<TaskInstance: preprocessing_hourly.preprocess_and_predict manual__2025-07-31T08:32:57.336392+00:00 [queued]>
[2025-07-31T08:33:00.995+0000] {taskinstance.py:2073} INFO - Dependencies all met for dep_context=requeueable deps ti=<TaskInstance: preprocessing_hourly.preprocess_and_predict manual__2025-07-31T08:32:57.336392+00:00 [queued]>
[2025-07-31T08:33:01.011+0000] {taskinstance.py:2303} INFO - Starting attempt 1 of 2
[2025-07-31T08:33:01.029+0000] {taskinstance.py:2327} INFO - Executing <Task(PythonOperator): preprocess_and_predict> on 2025-07-31 08:32:57.336392+00:00
[2025-07-31T08:33:01.047+0000] {logging_mixin.py:188} WARNING - /home/***/.local/lib/python3.12/site-packages/***/task/task_runner/standard_task_runner.py:61 DeprecationWarning: This process (pid=1914) is multi-threaded, use of fork() may lead to deadlocks in the child.
[2025-07-31T08:33:01.046+0000] {standard_task_runner.py:90} INFO - Running: ['***', 'tasks', 'run', 'preprocessing_hourly', 'preprocess_and_predict', 'manual__2025-07-31T08:32:57.336392+00:00', '--job-id', '135', '--raw', '--subdir', 'DAGS_FOLDER/hourly_inference.py', '--cfg-path', '/tmp/tmpvyj9ujq7']
[2025-07-31T08:33:01.049+0000] {standard_task_runner.py:63} INFO - Started process 1932 to run task
[2025-07-31T08:33:01.049+0000] {standard_task_runner.py:91} INFO - Job 135: Subtask preprocess_and_predict
[2025-07-31T08:33:01.066+0000] {logging_mixin.py:188} WARNING - /home/***/.local/lib/python3.12/site-packages/***/settings.py:195 DeprecationWarning: The sql_alchemy_conn option in [core] has been moved to the sql_alchemy_conn option in [database] - the old setting has been used, but please update your config.
[2025-07-31T08:33:01.108+0000] {task_command.py:426} INFO - Running <TaskInstance: preprocessing_hourly.preprocess_and_predict manual__2025-07-31T08:32:57.336392+00:00 [running]> on host 44c57df83f33
[2025-07-31T08:33:01.247+0000] {taskinstance.py:2644} INFO - Exporting env vars: AIRFLOW_CTX_DAG_OWNER='mlops' AIRFLOW_CTX_DAG_ID='preprocessing_hourly' AIRFLOW_CTX_TASK_ID='preprocess_and_predict' AIRFLOW_CTX_EXECUTION_DATE='2025-07-31T08:32:57.336392+00:00' AIRFLOW_CTX_TRY_NUMBER='1' AIRFLOW_CTX_DAG_RUN_ID='manual__2025-07-31T08:32:57.336392+00:00'
[2025-07-31T08:33:01.249+0000] {taskinstance.py:430} INFO - ::endgroup::
[2025-07-31T08:33:01.262+0000] {logging_mixin.py:188} WARNING - /home/***/.local/lib/python3.12/site-packages/***/utils/context.py:320 AirflowContextDeprecationWarning: Accessing 'execution_date' from the template is deprecated and will be removed in a future version. Please use 'data_interval_start' or 'logical_date' instead.
[2025-07-31T08:33:01.263+0000] {hourly_inference.py:70} INFO - [DEBUG] Execution date: 2025-07-31 08:32:57.336392+00:00 (type=<class 'Proxy'>)
[2025-07-31T08:33:01.280+0000] {hourly_inference.py:58} INFO - Bucket crypto-mlops-bucket exists
[2025-07-31T08:33:01.316+0000] {data_ingestion.py:42} INFO - current_start: 2025-07-01 08:32:57.336392+00:00, current_end: 2025-07-02 09:32:57.336392+00:00
[2025-07-31T08:33:01.504+0000] {data_ingestion.py:62} INFO - Fetched 300 candles for BTC-USD from 2025-07-01 08:32:57.336392+00:00 to 2025-07-02 09:32:57.336392+00:00
[2025-07-31T08:33:01.507+0000] {data_ingestion.py:42} INFO - current_start: 2025-07-02 09:32:57.336392+00:00, current_end: 2025-07-03 10:32:57.336392+00:00
[2025-07-31T08:33:01.738+0000] {data_ingestion.py:62} INFO - Fetched 300 candles for BTC-USD from 2025-07-02 09:32:57.336392+00:00 to 2025-07-03 10:32:57.336392+00:00
[2025-07-31T08:33:01.740+0000] {data_ingestion.py:42} INFO - current_start: 2025-07-03 10:32:57.336392+00:00, current_end: 2025-07-04 11:32:57.336392+00:00
[2025-07-31T08:33:01.952+0000] {data_ingestion.py:62} INFO - Fetched 300 candles for BTC-USD from 2025-07-03 10:32:57.336392+00:00 to 2025-07-04 11:32:57.336392+00:00
[2025-07-31T08:33:01.954+0000] {data_ingestion.py:42} INFO - current_start: 2025-07-04 11:32:57.336392+00:00, current_end: 2025-07-05 12:32:57.336392+00:00
[2025-07-31T08:33:02.177+0000] {data_ingestion.py:62} INFO - Fetched 300 candles for BTC-USD from 2025-07-04 11:32:57.336392+00:00 to 2025-07-05 12:32:57.336392+00:00
[2025-07-31T08:33:02.180+0000] {data_ingestion.py:42} INFO - current_start: 2025-07-05 12:32:57.336392+00:00, current_end: 2025-07-06 13:32:57.336392+00:00
[2025-07-31T08:33:02.396+0000] {data_ingestion.py:62} INFO - Fetched 300 candles for BTC-USD from 2025-07-05 12:32:57.336392+00:00 to 2025-07-06 13:32:57.336392+00:00
[2025-07-31T08:33:02.399+0000] {data_ingestion.py:42} INFO - current_start: 2025-07-06 13:32:57.336392+00:00, current_end: 2025-07-07 14:32:57.336392+00:00
[2025-07-31T08:33:02.606+0000] {data_ingestion.py:62} INFO - Fetched 300 candles for BTC-USD from 2025-07-06 13:32:57.336392+00:00 to 2025-07-07 14:32:57.336392+00:00
[2025-07-31T08:33:02.609+0000] {data_ingestion.py:42} INFO - current_start: 2025-07-07 14:32:57.336392+00:00, current_end: 2025-07-08 15:32:57.336392+00:00
[2025-07-31T08:33:03.118+0000] {data_ingestion.py:62} INFO - Fetched 300 candles for BTC-USD from 2025-07-07 14:32:57.336392+00:00 to 2025-07-08 15:32:57.336392+00:00
[2025-07-31T08:33:03.120+0000] {data_ingestion.py:42} INFO - current_start: 2025-07-08 15:32:57.336392+00:00, current_end: 2025-07-09 16:32:57.336392+00:00
[2025-07-31T08:33:03.299+0000] {data_ingestion.py:62} INFO - Fetched 300 candles for BTC-USD from 2025-07-08 15:32:57.336392+00:00 to 2025-07-09 16:32:57.336392+00:00
[2025-07-31T08:33:03.302+0000] {data_ingestion.py:42} INFO - current_start: 2025-07-09 16:32:57.336392+00:00, current_end: 2025-07-10 17:32:57.336392+00:00
[2025-07-31T08:33:03.493+0000] {data_ingestion.py:62} INFO - Fetched 300 candles for BTC-USD from 2025-07-09 16:32:57.336392+00:00 to 2025-07-10 17:32:57.336392+00:00
[2025-07-31T08:33:03.496+0000] {data_ingestion.py:42} INFO - current_start: 2025-07-10 17:32:57.336392+00:00, current_end: 2025-07-11 18:32:57.336392+00:00
[2025-07-31T08:33:03.738+0000] {data_ingestion.py:62} INFO - Fetched 300 candles for BTC-USD from 2025-07-10 17:32:57.336392+00:00 to 2025-07-11 18:32:57.336392+00:00
[2025-07-31T08:33:03.740+0000] {data_ingestion.py:42} INFO - current_start: 2025-07-11 18:32:57.336392+00:00, current_end: 2025-07-12 19:32:57.336392+00:00
[2025-07-31T08:33:03.963+0000] {data_ingestion.py:62} INFO - Fetched 300 candles for BTC-USD from 2025-07-11 18:32:57.336392+00:00 to 2025-07-12 19:32:57.336392+00:00
[2025-07-31T08:33:03.965+0000] {data_ingestion.py:42} INFO - current_start: 2025-07-12 19:32:57.336392+00:00, current_end: 2025-07-13 20:32:57.336392+00:00
[2025-07-31T08:33:04.178+0000] {data_ingestion.py:62} INFO - Fetched 300 candles for BTC-USD from 2025-07-12 19:32:57.336392+00:00 to 2025-07-13 20:32:57.336392+00:00
[2025-07-31T08:33:04.180+0000] {data_ingestion.py:42} INFO - current_start: 2025-07-13 20:32:57.336392+00:00, current_end: 2025-07-14 21:32:57.336392+00:00
[2025-07-31T08:33:04.360+0000] {data_ingestion.py:62} INFO - Fetched 300 candles for BTC-USD from 2025-07-13 20:32:57.336392+00:00 to 2025-07-14 21:32:57.336392+00:00
[2025-07-31T08:33:04.362+0000] {data_ingestion.py:42} INFO - current_start: 2025-07-14 21:32:57.336392+00:00, current_end: 2025-07-15 22:32:57.336392+00:00
[2025-07-31T08:33:04.570+0000] {data_ingestion.py:62} INFO - Fetched 300 candles for BTC-USD from 2025-07-14 21:32:57.336392+00:00 to 2025-07-15 22:32:57.336392+00:00
[2025-07-31T08:33:04.572+0000] {data_ingestion.py:42} INFO - current_start: 2025-07-15 22:32:57.336392+00:00, current_end: 2025-07-16 23:32:57.336392+00:00
[2025-07-31T08:33:04.774+0000] {data_ingestion.py:62} INFO - Fetched 300 candles for BTC-USD from 2025-07-15 22:32:57.336392+00:00 to 2025-07-16 23:32:57.336392+00:00
[2025-07-31T08:33:04.776+0000] {data_ingestion.py:42} INFO - current_start: 2025-07-16 23:32:57.336392+00:00, current_end: 2025-07-18 00:32:57.336392+00:00
[2025-07-31T08:33:05.069+0000] {data_ingestion.py:62} INFO - Fetched 300 candles for BTC-USD from 2025-07-16 23:32:57.336392+00:00 to 2025-07-18 00:32:57.336392+00:00
[2025-07-31T08:33:05.070+0000] {data_ingestion.py:42} INFO - current_start: 2025-07-18 00:32:57.336392+00:00, current_end: 2025-07-19 01:32:57.336392+00:00
[2025-07-31T08:33:05.289+0000] {data_ingestion.py:62} INFO - Fetched 300 candles for BTC-USD from 2025-07-18 00:32:57.336392+00:00 to 2025-07-19 01:32:57.336392+00:00
[2025-07-31T08:33:05.290+0000] {data_ingestion.py:42} INFO - current_start: 2025-07-19 01:32:57.336392+00:00, current_end: 2025-07-20 02:32:57.336392+00:00
[2025-07-31T08:33:05.463+0000] {data_ingestion.py:62} INFO - Fetched 300 candles for BTC-USD from 2025-07-19 01:32:57.336392+00:00 to 2025-07-20 02:32:57.336392+00:00
[2025-07-31T08:33:05.464+0000] {data_ingestion.py:42} INFO - current_start: 2025-07-20 02:32:57.336392+00:00, current_end: 2025-07-21 03:32:57.336392+00:00
[2025-07-31T08:33:05.663+0000] {data_ingestion.py:62} INFO - Fetched 300 candles for BTC-USD from 2025-07-20 02:32:57.336392+00:00 to 2025-07-21 03:32:57.336392+00:00
[2025-07-31T08:33:05.666+0000] {data_ingestion.py:42} INFO - current_start: 2025-07-21 03:32:57.336392+00:00, current_end: 2025-07-22 04:32:57.336392+00:00
[2025-07-31T08:33:06.202+0000] {data_ingestion.py:62} INFO - Fetched 300 candles for BTC-USD from 2025-07-21 03:32:57.336392+00:00 to 2025-07-22 04:32:57.336392+00:00
[2025-07-31T08:33:06.204+0000] {data_ingestion.py:42} INFO - current_start: 2025-07-22 04:32:57.336392+00:00, current_end: 2025-07-23 05:32:57.336392+00:00
[2025-07-31T08:33:06.421+0000] {data_ingestion.py:62} INFO - Fetched 300 candles for BTC-USD from 2025-07-22 04:32:57.336392+00:00 to 2025-07-23 05:32:57.336392+00:00
[2025-07-31T08:33:06.423+0000] {data_ingestion.py:42} INFO - current_start: 2025-07-23 05:32:57.336392+00:00, current_end: 2025-07-24 06:32:57.336392+00:00
[2025-07-31T08:33:06.594+0000] {data_ingestion.py:62} INFO - Fetched 300 candles for BTC-USD from 2025-07-23 05:32:57.336392+00:00 to 2025-07-24 06:32:57.336392+00:00
[2025-07-31T08:33:06.596+0000] {data_ingestion.py:42} INFO - current_start: 2025-07-24 06:32:57.336392+00:00, current_end: 2025-07-25 07:32:57.336392+00:00
[2025-07-31T08:33:06.808+0000] {data_ingestion.py:62} INFO - Fetched 300 candles for BTC-USD from 2025-07-24 06:32:57.336392+00:00 to 2025-07-25 07:32:57.336392+00:00
[2025-07-31T08:33:06.810+0000] {data_ingestion.py:42} INFO - current_start: 2025-07-25 07:32:57.336392+00:00, current_end: 2025-07-26 08:32:57.336392+00:00
[2025-07-31T08:33:07.239+0000] {data_ingestion.py:62} INFO - Fetched 300 candles for BTC-USD from 2025-07-25 07:32:57.336392+00:00 to 2025-07-26 08:32:57.336392+00:00
[2025-07-31T08:33:07.243+0000] {data_ingestion.py:42} INFO - current_start: 2025-07-26 08:32:57.336392+00:00, current_end: 2025-07-27 09:32:57.336392+00:00
[2025-07-31T08:33:07.457+0000] {data_ingestion.py:62} INFO - Fetched 300 candles for BTC-USD from 2025-07-26 08:32:57.336392+00:00 to 2025-07-27 09:32:57.336392+00:00
[2025-07-31T08:33:07.459+0000] {data_ingestion.py:42} INFO - current_start: 2025-07-27 09:32:57.336392+00:00, current_end: 2025-07-28 10:32:57.336392+00:00
[2025-07-31T08:33:07.886+0000] {data_ingestion.py:62} INFO - Fetched 300 candles for BTC-USD from 2025-07-27 09:32:57.336392+00:00 to 2025-07-28 10:32:57.336392+00:00
[2025-07-31T08:33:07.888+0000] {data_ingestion.py:42} INFO - current_start: 2025-07-28 10:32:57.336392+00:00, current_end: 2025-07-29 11:32:57.336392+00:00
[2025-07-31T08:33:08.521+0000] {data_ingestion.py:62} INFO - Fetched 300 candles for BTC-USD from 2025-07-28 10:32:57.336392+00:00 to 2025-07-29 11:32:57.336392+00:00
[2025-07-31T08:33:08.523+0000] {data_ingestion.py:42} INFO - current_start: 2025-07-29 11:32:57.336392+00:00, current_end: 2025-07-30 12:32:57.336392+00:00
[2025-07-31T08:33:08.698+0000] {data_ingestion.py:62} INFO - Fetched 300 candles for BTC-USD from 2025-07-29 11:32:57.336392+00:00 to 2025-07-30 12:32:57.336392+00:00
[2025-07-31T08:33:08.700+0000] {data_ingestion.py:42} INFO - current_start: 2025-07-30 12:32:57.336392+00:00, current_end: 2025-07-31 08:32:57.336392+00:00
[2025-07-31T08:33:08.910+0000] {data_ingestion.py:62} INFO - Fetched 240 candles for BTC-USD from 2025-07-30 12:32:57.336392+00:00 to 2025-07-31 08:32:57.336392+00:00
[2025-07-31T08:33:09.072+0000] {data_ingestion.py:104} INFO - Saved data to S3: s3://crypto-mlops-bucket/data/historical_BTC_USD_20250731083257.csv
[2025-07-31T08:33:09.073+0000] {hourly_inference.py:84} INFO - Données brutes récupérées : shape=(8640, 7)
[2025-07-31T08:33:09.162+0000] {data_processing.py:41} INFO - Loaded 8669 records from S3: data/historical_BTC_USD_20250730010000.csv
[2025-07-31T08:33:09.228+0000] {data_processing.py:41} INFO - Loaded 8669 records from S3: data/historical_BTC_USD_20250731070000.csv
[2025-07-31T08:33:09.274+0000] {data_processing.py:41} INFO - Loaded 288 records from S3: data/historical_BTC_USD_20250731082219.csv
[2025-07-31T08:33:09.314+0000] {data_processing.py:41} INFO - Loaded 8640 records from S3: data/historical_BTC_USD_20250731083257.csv
[2025-07-31T08:33:09.322+0000] {data_processing.py:84} INFO - Combined 9019 records for BTC-USD
[2025-07-31T08:33:09.325+0000] {hourly_inference.py:88} INFO - Données combinées : shape=(9019, 7)
[2025-07-31T08:33:09.514+0000] {data_processing.py:168} INFO - Removed 50 rows with NaN values. Final shape: (8969, 84)
[2025-07-31T08:33:09.515+0000] {hourly_inference.py:91} INFO - Features : shape=(8969, 84)
[2025-07-31T08:33:09.578+0000] {logging_mixin.py:188} WARNING - /opt/***/src/data_processing.py:187 FutureWarning: DataFrame.fillna with 'method' is deprecated and will raise in a future version. Use obj.ffill() or obj.bfill() instead.
[2025-07-31T08:33:09.592+0000] {data_processing.py:189} INFO - Prepared features: (8969, 80), Target: (8969,)
[2025-07-31T08:33:09.593+0000] {data_processing.py:190} INFO - Feature columns: 80
[2025-07-31T08:33:09.615+0000] {hourly_inference.py:106} INFO - Last row : shape=(1, 80)
[2025-07-31T08:33:09.674+0000] {hourly_inference.py:116} INFO - ✅ Features uploaded → s3://crypto-mlops-bucket/features/date=2025-07-31/hour=08/features.parquet
[2025-07-31T08:33:09.693+0000] {hourly_inference.py:129} INFO - ✅ Target uploaded → s3://crypto-mlops-bucket/targets/date=2025-07-31/hour=08/target.parquet
[2025-07-31T08:33:09.890+0000] {credentials.py:1147} INFO - Found credentials in environment variables.
[2025-07-31T08:33:10.000+0000] {logging_mixin.py:188} WARNING - Downloading artifacts:   0%|          | 0/5 [00:00<?, ?it/s]
[2025-07-31T08:33:10.077+0000] {logging_mixin.py:188} WARNING - Downloading artifacts:  20%|##        | 1/5 [00:00<00:00, 13.27it/s]
[2025-07-31T08:33:10.096+0000] {logging_mixin.py:188} WARNING - Downloading artifacts:  40%|####      | 2/5 [00:00<00:00, 21.19it/s]
[2025-07-31T08:33:10.108+0000] {logging_mixin.py:188} WARNING - Downloading artifacts:  60%|######    | 3/5 [00:00<00:00, 28.09it/s]
[2025-07-31T08:33:10.109+0000] {logging_mixin.py:188} WARNING - Downloading artifacts:  60%|######    | 3/5 [00:00<00:00, 28.09it/s]
[2025-07-31T08:33:10.112+0000] {logging_mixin.py:188} WARNING - Downloading artifacts:  80%|########  | 4/5 [00:00<00:00, 28.09it/s]
[2025-07-31T08:33:10.112+0000] {logging_mixin.py:188} WARNING - Downloading artifacts: 100%|##########| 5/5 [00:00<00:00, 28.09it/s]
[2025-07-31T08:33:10.113+0000] {logging_mixin.py:188} WARNING - Downloading artifacts: 100%|##########| 5/5 [00:00<00:00, 44.60it/s]
[2025-07-31T08:33:10.431+0000] {hourly_inference.py:142} INFO - ✅ Model loaded: crypto_lightgbm_model_BTC_USD, version 13
[2025-07-31T08:33:10.479+0000] {hourly_inference.py:162} INFO - ✅ Prediction uploaded → s3://crypto-mlops-bucket/predictions/date=2025-07-31/hour=08/prediction.parquet
[2025-07-31T08:33:10.481+0000] {python.py:237} INFO - Done. Returned value was: None
[2025-07-31T08:33:10.482+0000] {taskinstance.py:441} INFO - ::group::Post task execution logs
[2025-07-31T08:33:10.494+0000] {taskinstance.py:1205} INFO - Marking task as SUCCESS. dag_id=preprocessing_hourly, task_id=preprocess_and_predict, execution_date=20250731T083257, start_date=20250731T083300, end_date=20250731T083310
[2025-07-31T08:33:10.566+0000] {local_task_job_runner.py:240} INFO - Task exited with return code 0
[2025-07-31T08:33:10.589+0000] {taskinstance.py:3482} INFO - 0 downstream tasks scheduled from follow-on schedule check
[2025-07-31T08:33:10.613+0000] {local_task_job_runner.py:222} INFO - ::endgroup::
