[2025-07-31T21:33:13.929+0000] {local_task_job_runner.py:120} INFO - ::group::Pre task execution logs
[2025-07-31T21:33:13.968+0000] {taskinstance.py:2073} INFO - Dependencies all met for dep_context=non-requeueable deps ti=<TaskInstance: training_pipeline.process_data manual__2025-07-31T21:31:11.798295+00:00 [queued]>
[2025-07-31T21:33:13.978+0000] {taskinstance.py:2073} INFO - Dependencies all met for dep_context=requeueable deps ti=<TaskInstance: training_pipeline.process_data manual__2025-07-31T21:31:11.798295+00:00 [queued]>
[2025-07-31T21:33:13.987+0000] {taskinstance.py:2303} INFO - Starting attempt 1 of 4
[2025-07-31T21:33:14.003+0000] {taskinstance.py:2327} INFO - Executing <Task(PythonOperator): process_data> on 2025-07-31 21:31:11.798295+00:00
[2025-07-31T21:33:14.029+0000] {logging_mixin.py:188} WARNING - /home/***/.local/lib/python3.12/site-packages/***/task/task_runner/standard_task_runner.py:61 DeprecationWarning: This process (pid=21914) is multi-threaded, use of fork() may lead to deadlocks in the child.
[2025-07-31T21:33:14.032+0000] {standard_task_runner.py:63} INFO - Started process 21932 to run task
[2025-07-31T21:33:14.029+0000] {standard_task_runner.py:90} INFO - Running: ['***', 'tasks', 'run', 'training_pipeline', 'process_data', 'manual__2025-07-31T21:31:11.798295+00:00', '--job-id', '273', '--raw', '--subdir', 'DAGS_FOLDER/training_pipeline.py', '--cfg-path', '/tmp/tmpluvsx14l']
[2025-07-31T21:33:14.033+0000] {standard_task_runner.py:91} INFO - Job 273: Subtask process_data
[2025-07-31T21:33:14.064+0000] {logging_mixin.py:188} WARNING - /home/***/.local/lib/python3.12/site-packages/***/settings.py:195 DeprecationWarning: The sql_alchemy_conn option in [core] has been moved to the sql_alchemy_conn option in [database] - the old setting has been used, but please update your config.
[2025-07-31T21:33:14.106+0000] {task_command.py:426} INFO - Running <TaskInstance: training_pipeline.process_data manual__2025-07-31T21:31:11.798295+00:00 [running]> on host 44c57df83f33
[2025-07-31T21:33:14.244+0000] {taskinstance.py:2644} INFO - Exporting env vars: AIRFLOW_CTX_DAG_EMAIL='mlops_team@example.com' AIRFLOW_CTX_DAG_OWNER='mlops' AIRFLOW_CTX_DAG_ID='training_pipeline' AIRFLOW_CTX_TASK_ID='process_data' AIRFLOW_CTX_EXECUTION_DATE='2025-07-31T21:31:11.798295+00:00' AIRFLOW_CTX_TRY_NUMBER='1' AIRFLOW_CTX_DAG_RUN_ID='manual__2025-07-31T21:31:11.798295+00:00'
[2025-07-31T21:33:14.246+0000] {taskinstance.py:430} INFO - ::endgroup::
[2025-07-31T21:33:14.360+0000] {data_processing.py:41} INFO - Loaded 8669 records from S3: data/historical_BTC_USD_20250731120000.csv
[2025-07-31T21:33:14.397+0000] {data_processing.py:41} INFO - Loaded 8669 records from S3: data/historical_BTC_USD_20250731130000.csv
[2025-07-31T21:33:14.415+0000] {data_processing.py:41} INFO - Loaded 288 records from S3: data/historical_BTC_USD_20250731130525.csv
[2025-07-31T21:33:14.450+0000] {data_processing.py:41} INFO - Loaded 8640 records from S3: data/historical_BTC_USD_20250731131241.csv
[2025-07-31T21:33:14.487+0000] {data_processing.py:41} INFO - Loaded 8640 records from S3: data/historical_BTC_USD_20250731133338.csv
[2025-07-31T21:33:14.526+0000] {data_processing.py:41} INFO - Loaded 8669 records from S3: data/historical_BTC_USD_20250731140000.csv
[2025-07-31T21:33:14.563+0000] {data_processing.py:41} INFO - Loaded 8640 records from S3: data/historical_BTC_USD_20250731142123.csv
[2025-07-31T21:33:14.600+0000] {data_processing.py:41} INFO - Loaded 8669 records from S3: data/historical_BTC_USD_20250731150000.csv
[2025-07-31T21:33:14.651+0000] {data_processing.py:41} INFO - Loaded 8640 records from S3: data/historical_BTC_USD_20250731152644.csv
[2025-07-31T21:33:14.674+0000] {data_processing.py:41} INFO - Loaded 288 records from S3: data/historical_BTC_USD_20250731154536.csv
[2025-07-31T21:33:14.722+0000] {data_processing.py:41} INFO - Loaded 8669 records from S3: data/historical_BTC_USD_20250731160000.csv
[2025-07-31T21:33:14.740+0000] {data_processing.py:41} INFO - Loaded 288 records from S3: data/historical_BTC_USD_20250731160221.csv
[2025-07-31T21:33:14.771+0000] {data_processing.py:41} INFO - Loaded 288 records from S3: data/historical_BTC_USD_20250731160852.csv
[2025-07-31T21:33:14.807+0000] {data_processing.py:41} INFO - Loaded 8669 records from S3: data/historical_BTC_USD_20250731190000.csv
[2025-07-31T21:33:14.841+0000] {data_processing.py:41} INFO - Loaded 8669 records from S3: data/historical_BTC_USD_20250731200000.csv
[2025-07-31T21:33:14.857+0000] {data_processing.py:41} INFO - Loaded 288 records from S3: data/historical_BTC_USD_20250731200329.csv
[2025-07-31T21:33:14.891+0000] {data_processing.py:41} INFO - Loaded 8640 records from S3: data/historical_BTC_USD_20250731201208.csv
[2025-07-31T21:33:14.907+0000] {data_processing.py:41} INFO - Loaded 288 records from S3: data/historical_BTC_USD_20250731210452.csv
[2025-07-31T21:33:14.941+0000] {data_processing.py:41} INFO - Loaded 8640 records from S3: data/historical_BTC_USD_20250731210927.csv
[2025-07-31T21:33:14.957+0000] {data_processing.py:41} INFO - Loaded 288 records from S3: data/historical_BTC_USD_20250731212431.csv
[2025-07-31T21:33:14.982+0000] {data_processing.py:41} INFO - Loaded 288 records from S3: data/historical_BTC_USD_20250731213309.csv
[2025-07-31T21:33:15.009+0000] {data_processing.py:84} INFO - Combined 8755 records for BTC-USD
[2025-07-31T21:33:15.140+0000] {data_processing.py:168} INFO - Removed 50 rows with NaN values. Final shape: (8705, 84)
[2025-07-31T21:33:15.147+0000] {logging_mixin.py:188} WARNING - /opt/***/src/data_processing.py:238 FutureWarning: DataFrame.fillna with 'method' is deprecated and will raise in a future version. Use obj.ffill() or obj.bfill() instead.
[2025-07-31T21:33:15.171+0000] {logging_mixin.py:188} WARNING - /opt/***/src/data_processing.py:187 FutureWarning: DataFrame.fillna with 'method' is deprecated and will raise in a future version. Use obj.ffill() or obj.bfill() instead.
[2025-07-31T21:33:15.178+0000] {data_processing.py:189} INFO - Prepared features: (8705, 80), Target: (8705,)
[2025-07-31T21:33:15.179+0000] {data_processing.py:190} INFO - Feature columns: 80
[2025-07-31T21:33:15.223+0000] {data_processing.py:211} INFO - Saved preprocessor to S3: s3://crypto-mlops-bucket/models/preprocessors/scaler_BTC_USD.pickle
[2025-07-31T21:33:15.227+0000] {python.py:237} INFO - Done. Returned value was: None
[2025-07-31T21:33:15.228+0000] {taskinstance.py:441} INFO - ::group::Post task execution logs
[2025-07-31T21:33:15.240+0000] {taskinstance.py:1205} INFO - Marking task as SUCCESS. dag_id=training_pipeline, task_id=process_data, execution_date=20250731T213111, start_date=20250731T213313, end_date=20250731T213315
[2025-07-31T21:33:15.278+0000] {local_task_job_runner.py:240} INFO - Task exited with return code 0
[2025-07-31T21:33:15.335+0000] {taskinstance.py:3482} INFO - 0 downstream tasks scheduled from follow-on schedule check
[2025-07-31T21:33:15.338+0000] {local_task_job_runner.py:222} INFO - ::endgroup::
