[2025-07-29T21:48:11.742+0000] {local_task_job_runner.py:120} INFO - ::group::Pre task execution logs
[2025-07-29T21:48:11.781+0000] {taskinstance.py:2073} INFO - Dependencies all met for dep_context=non-requeueable deps ti=<TaskInstance: training_pipeline.ingest_data triggered_by_drift_20250729_214800 [queued]>
[2025-07-29T21:48:11.789+0000] {taskinstance.py:2073} INFO - Dependencies all met for dep_context=requeueable deps ti=<TaskInstance: training_pipeline.ingest_data triggered_by_drift_20250729_214800 [queued]>
[2025-07-29T21:48:11.822+0000] {taskinstance.py:2303} INFO - Starting attempt 1 of 4
[2025-07-29T21:48:11.838+0000] {taskinstance.py:2327} INFO - Executing <Task(PythonOperator): ingest_data> on 2025-07-29 21:48:00+00:00
[2025-07-29T21:48:11.853+0000] {standard_task_runner.py:90} INFO - Running: ['***', 'tasks', 'run', 'training_pipeline', 'ingest_data', 'triggered_by_drift_20250729_214800', '--job-id', '34', '--raw', '--subdir', 'DAGS_FOLDER/training_pipeline.py', '--cfg-path', '/tmp/tmpt18g0ple']
[2025-07-29T21:48:11.856+0000] {standard_task_runner.py:91} INFO - Job 34: Subtask ingest_data
[2025-07-29T21:48:11.857+0000] {logging_mixin.py:188} WARNING - /home/***/.local/lib/python3.12/site-packages/***/task/task_runner/standard_task_runner.py:61 DeprecationWarning: This process (pid=15995) is multi-threaded, use of fork() may lead to deadlocks in the child.
[2025-07-29T21:48:11.858+0000] {standard_task_runner.py:63} INFO - Started process 16031 to run task
[2025-07-29T21:48:11.875+0000] {logging_mixin.py:188} WARNING - /home/***/.local/lib/python3.12/site-packages/***/settings.py:195 DeprecationWarning: The sql_alchemy_conn option in [core] has been moved to the sql_alchemy_conn option in [database] - the old setting has been used, but please update your config.
[2025-07-29T21:48:11.913+0000] {task_command.py:426} INFO - Running <TaskInstance: training_pipeline.ingest_data triggered_by_drift_20250729_214800 [running]> on host d78ad09e75e4
[2025-07-29T21:48:12.081+0000] {taskinstance.py:2644} INFO - Exporting env vars: AIRFLOW_CTX_DAG_EMAIL='mlops_team@example.com' AIRFLOW_CTX_DAG_OWNER='mlops' AIRFLOW_CTX_DAG_ID='training_pipeline' AIRFLOW_CTX_TASK_ID='ingest_data' AIRFLOW_CTX_EXECUTION_DATE='2025-07-29T21:48:00+00:00' AIRFLOW_CTX_TRY_NUMBER='1' AIRFLOW_CTX_DAG_RUN_ID='triggered_by_drift_20250729_214800'
[2025-07-29T21:48:12.083+0000] {taskinstance.py:430} INFO - ::endgroup::
[2025-07-29T21:48:12.103+0000] {data_ingestion.py:44} INFO - current_start: 2025-07-28 21:48:12.103889, current_end: 2025-07-29 21:48:12.103889
[2025-07-29T21:48:12.564+0000] {data_ingestion.py:63} INFO - Fetched 288 candles for BTC-USD from 2025-07-28 21:48:12.103889 to 2025-07-29 21:48:12.103889
[2025-07-29T21:48:12.605+0000] {data_ingestion.py:104} INFO - Saved data to S3: s3://crypto-mlops-bucket/data/historical_BTC_USD_20250729214812.csv
[2025-07-29T21:48:12.606+0000] {data_ingestion.py:44} INFO - current_start: 2025-07-28 21:48:12.103889, current_end: 2025-07-29 21:48:12.103889
[2025-07-29T21:48:12.832+0000] {data_ingestion.py:63} INFO - Fetched 288 candles for ETH-USD from 2025-07-28 21:48:12.103889 to 2025-07-29 21:48:12.103889
[2025-07-29T21:48:12.854+0000] {data_ingestion.py:104} INFO - Saved data to S3: s3://crypto-mlops-bucket/data/historical_ETH_USD_20250729214812.csv
[2025-07-29T21:48:12.856+0000] {python.py:237} INFO - Done. Returned value was: None
[2025-07-29T21:48:12.857+0000] {taskinstance.py:441} INFO - ::group::Post task execution logs
[2025-07-29T21:48:12.873+0000] {taskinstance.py:1205} INFO - Marking task as SUCCESS. dag_id=training_pipeline, task_id=ingest_data, execution_date=20250729T214800, start_date=20250729T214811, end_date=20250729T214812
[2025-07-29T21:48:12.973+0000] {local_task_job_runner.py:240} INFO - Task exited with return code 0
[2025-07-29T21:48:13.014+0000] {taskinstance.py:3482} INFO - 1 downstream tasks scheduled from follow-on schedule check
[2025-07-29T21:48:13.050+0000] {local_task_job_runner.py:222} INFO - ::endgroup::
