[2025-07-27T21:17:42.372+0000] {local_task_job_runner.py:120} INFO - ::group::Pre task execution logs
[2025-07-27T21:17:42.412+0000] {taskinstance.py:2073} INFO - Dependencies all met for dep_context=non-requeueable deps ti=<TaskInstance: training_pipeline.train_model manual__2025-07-27T21:17:26.195679+00:00 [queued]>
[2025-07-27T21:17:42.422+0000] {taskinstance.py:2073} INFO - Dependencies all met for dep_context=requeueable deps ti=<TaskInstance: training_pipeline.train_model manual__2025-07-27T21:17:26.195679+00:00 [queued]>
[2025-07-27T21:17:42.453+0000] {taskinstance.py:2303} INFO - Starting attempt 1 of 4
[2025-07-27T21:17:42.471+0000] {taskinstance.py:2327} INFO - Executing <Task(PythonOperator): train_model> on 2025-07-27 21:17:26.195679+00:00
[2025-07-27T21:17:42.486+0000] {standard_task_runner.py:90} INFO - Running: ['***', 'tasks', 'run', 'training_pipeline', 'train_model', 'manual__2025-07-27T21:17:26.195679+00:00', '--job-id', '5', '--raw', '--subdir', 'DAGS_FOLDER/training_pipeline.py', '--cfg-path', '/tmp/tmpw1a8br5l']
[2025-07-27T21:17:42.487+0000] {logging_mixin.py:188} WARNING - /home/***/.local/lib/python3.12/site-packages/***/task/task_runner/standard_task_runner.py:61 DeprecationWarning: This process (pid=321) is multi-threaded, use of fork() may lead to deadlocks in the child.
[2025-07-27T21:17:42.490+0000] {standard_task_runner.py:91} INFO - Job 5: Subtask train_model
[2025-07-27T21:17:42.490+0000] {standard_task_runner.py:63} INFO - Started process 338 to run task
[2025-07-27T21:17:42.507+0000] {logging_mixin.py:188} WARNING - /home/***/.local/lib/python3.12/site-packages/***/settings.py:195 DeprecationWarning: The sql_alchemy_conn option in [core] has been moved to the sql_alchemy_conn option in [database] - the old setting has been used, but please update your config.
[2025-07-27T21:17:42.551+0000] {task_command.py:426} INFO - Running <TaskInstance: training_pipeline.train_model manual__2025-07-27T21:17:26.195679+00:00 [running]> on host 93639ca5aed1
[2025-07-27T21:17:42.683+0000] {taskinstance.py:2644} INFO - Exporting env vars: AIRFLOW_CTX_DAG_EMAIL='mlops_team@example.com' AIRFLOW_CTX_DAG_OWNER='mlops' AIRFLOW_CTX_DAG_ID='training_pipeline' AIRFLOW_CTX_TASK_ID='train_model' AIRFLOW_CTX_EXECUTION_DATE='2025-07-27T21:17:26.195679+00:00' AIRFLOW_CTX_TRY_NUMBER='1' AIRFLOW_CTX_DAG_RUN_ID='manual__2025-07-27T21:17:26.195679+00:00'
[2025-07-27T21:17:42.685+0000] {taskinstance.py:430} INFO - ::endgroup::
[2025-07-27T21:17:42.764+0000] {data_processing.py:40} INFO - Loaded 288 records from S3: data/historical_BTC_USD_20250727211734.csv
[2025-07-27T21:17:42.770+0000] {data_processing.py:84} INFO - Combined 288 records for BTC-USD
[2025-07-27T21:17:42.822+0000] {data_processing.py:162} INFO - Removed 50 rows with NaN values. Final shape: (238, 84)
[2025-07-27T21:17:42.826+0000] {logging_mixin.py:188} WARNING - /opt/***/src/data_processing.py:230 FutureWarning: DataFrame.fillna with 'method' is deprecated and will raise in a future version. Use obj.ffill() or obj.bfill() instead.
[2025-07-27T21:17:42.830+0000] {logging_mixin.py:188} WARNING - /opt/***/src/data_processing.py:177 FutureWarning: DataFrame.fillna with 'method' is deprecated and will raise in a future version. Use obj.ffill() or obj.bfill() instead.
[2025-07-27T21:17:42.831+0000] {data_processing.py:179} INFO - Prepared features: (238, 80), Target: (238,)
[2025-07-27T21:17:42.831+0000] {data_processing.py:180} INFO - Feature columns: 80
[2025-07-27T21:17:42.851+0000] {data_processing.py:202} INFO - Saved preprocessor to S3: s3://crypto-mlops-bucket/models/preprocessors/scaler_BTC_USD.pickle
[2025-07-27T21:17:42.979+0000] {logging_mixin.py:188} WARNING - 2025/07/27 21:17:42 WARNING mlflow.utils.git_utils: Failed to import Git (the Git executable is probably not on your PATH), so Git SHA is not available. Error: Failed to initialize: Bad git executable.
The git executable must be specified in one of the following ways:
    - be included in your $PATH
    - be set via $GIT_PYTHON_GIT_EXECUTABLE
    - explicitly set via git.refresh(<full-path-to-git-executable>)

All git commands will error until this is rectified.

This initial message can be silenced or aggravated in the future by setting the
$GIT_PYTHON_REFRESH environment variable. Use one of the following values:
    - quiet|q|silence|s|silent|none|n|0: for no message or exception
    - warn|w|warning|log|l|1: for a warning message (logging level CRITICAL, displayed by default)
    - error|e|exception|raise|r|2: for a raised exception

Example:
    export GIT_PYTHON_REFRESH=quiet
[2025-07-27T21:17:43.101+0000] {model.py:70} INFO - Starting hyperparameter optimization with 100 trials
[2025-07-27T21:17:43.199+0000] {logging_mixin.py:188} INFO - Training until validation scores don't improve for 100 rounds
[2025-07-27T21:17:43.574+0000] {logging_mixin.py:188} INFO - Early stopping, best iteration is:
[12]	valid_0's rmse: 0.0716924
[2025-07-27T21:17:43.646+0000] {logging_mixin.py:188} INFO - Training until validation scores don't improve for 100 rounds
[2025-07-27T21:17:43.685+0000] {logging_mixin.py:188} INFO - Early stopping, best iteration is:
[1]	valid_0's rmse: 0.0719751
[2025-07-27T21:17:43.715+0000] {logging_mixin.py:188} INFO - Training until validation scores don't improve for 100 rounds
[2025-07-27T21:17:43.818+0000] {logging_mixin.py:188} INFO - Early stopping, best iteration is:
[72]	valid_0's rmse: 0.0716285
[2025-07-27T21:17:43.873+0000] {logging_mixin.py:188} INFO - Training until validation scores don't improve for 100 rounds
[2025-07-27T21:17:43.940+0000] {logging_mixin.py:188} INFO - Early stopping, best iteration is:
[1]	valid_0's rmse: 0.0724753
[2025-07-27T21:17:43.970+0000] {logging_mixin.py:188} INFO - Training until validation scores don't improve for 100 rounds
[2025-07-27T21:17:44.444+0000] {logging_mixin.py:188} INFO - Early stopping, best iteration is:
[1]	valid_0's rmse: 0.0720097
[2025-07-27T21:17:44.477+0000] {logging_mixin.py:188} INFO - Training until validation scores don't improve for 100 rounds
[2025-07-27T21:17:44.697+0000] {logging_mixin.py:188} INFO - Early stopping, best iteration is:
[14]	valid_0's rmse: 0.071543
[2025-07-27T21:17:44.726+0000] {logging_mixin.py:188} INFO - Training until validation scores don't improve for 100 rounds
[2025-07-27T21:17:44.820+0000] {logging_mixin.py:188} INFO - Early stopping, best iteration is:
[19]	valid_0's rmse: 0.0713872
[2025-07-27T21:17:44.835+0000] {logging_mixin.py:188} INFO - Training until validation scores don't improve for 100 rounds
[2025-07-27T21:17:44.887+0000] {logging_mixin.py:188} INFO - Early stopping, best iteration is:
[1]	valid_0's rmse: 0.0719751
[2025-07-27T21:17:44.914+0000] {logging_mixin.py:188} INFO - Training until validation scores don't improve for 100 rounds
[2025-07-27T21:17:45.300+0000] {logging_mixin.py:188} INFO - Early stopping, best iteration is:
[1]	valid_0's rmse: 0.0719751
[2025-07-27T21:17:45.325+0000] {logging_mixin.py:188} INFO - Training until validation scores don't improve for 100 rounds
[2025-07-27T21:17:45.434+0000] {logging_mixin.py:188} INFO - Early stopping, best iteration is:
[6]	valid_0's rmse: 0.071879
[2025-07-27T21:17:45.521+0000] {logging_mixin.py:188} INFO - Training until validation scores don't improve for 100 rounds
[2025-07-27T21:17:45.721+0000] {logging_mixin.py:188} INFO - Early stopping, best iteration is:
[7]	valid_0's rmse: 0.0716215
[2025-07-27T21:17:45.847+0000] {logging_mixin.py:188} INFO - Training until validation scores don't improve for 100 rounds
[2025-07-27T21:17:45.885+0000] {logging_mixin.py:188} INFO - Early stopping, best iteration is:
[1]	valid_0's rmse: 0.072486
[2025-07-27T21:17:45.962+0000] {logging_mixin.py:188} INFO - Training until validation scores don't improve for 100 rounds
[2025-07-27T21:17:45.998+0000] {logging_mixin.py:188} INFO - Early stopping, best iteration is:
[7]	valid_0's rmse: 0.0716101
[2025-07-27T21:17:46.112+0000] {logging_mixin.py:188} INFO - Training until validation scores don't improve for 100 rounds
[2025-07-27T21:17:47.975+0000] {logging_mixin.py:188} INFO - Early stopping, best iteration is:
[30]	valid_0's rmse: 0.0718676
[2025-07-27T21:17:48.473+0000] {logging_mixin.py:188} INFO - Training until validation scores don't improve for 100 rounds
[2025-07-27T21:17:50.834+0000] {logging_mixin.py:188} INFO - Early stopping, best iteration is:
[120]	valid_0's rmse: 0.0718572
[2025-07-27T21:17:51.067+0000] {logging_mixin.py:188} INFO - Training until validation scores don't improve for 100 rounds
[2025-07-27T21:17:51.701+0000] {logging_mixin.py:188} INFO - Early stopping, best iteration is:
[1]	valid_0's rmse: 0.0721921
[2025-07-27T21:17:52.071+0000] {logging_mixin.py:188} INFO - Training until validation scores don't improve for 100 rounds
[2025-07-27T21:17:53.031+0000] {logging_mixin.py:188} INFO - Early stopping, best iteration is:
[1]	valid_0's rmse: 0.0726279
[2025-07-27T21:17:53.316+0000] {logging_mixin.py:188} INFO - Training until validation scores don't improve for 100 rounds
[2025-07-27T21:17:53.411+0000] {logging_mixin.py:188} INFO - Early stopping, best iteration is:
[3]	valid_0's rmse: 0.0721117
[2025-07-27T21:17:53.653+0000] {logging_mixin.py:188} INFO - Training until validation scores don't improve for 100 rounds
[2025-07-27T21:17:55.628+0000] {logging_mixin.py:188} INFO - Early stopping, best iteration is:
[113]	valid_0's rmse: 0.0718587
[2025-07-27T21:17:56.258+0000] {logging_mixin.py:188} INFO - Training until validation scores don't improve for 100 rounds
[2025-07-27T21:17:56.513+0000] {logging_mixin.py:188} INFO - Early stopping, best iteration is:
[15]	valid_0's rmse: 0.070944
[2025-07-27T21:17:56.605+0000] {logging_mixin.py:188} INFO - Training until validation scores don't improve for 100 rounds
[2025-07-27T21:17:56.925+0000] {logging_mixin.py:188} INFO - Early stopping, best iteration is:
[8]	valid_0's rmse: 0.070954
[2025-07-27T21:17:57.044+0000] {logging_mixin.py:188} INFO - Training until validation scores don't improve for 100 rounds
[2025-07-27T21:17:57.310+0000] {logging_mixin.py:188} INFO - Early stopping, best iteration is:
[16]	valid_0's rmse: 0.0712088
[2025-07-27T21:17:57.382+0000] {logging_mixin.py:188} INFO - Training until validation scores don't improve for 100 rounds
[2025-07-27T21:17:57.411+0000] {logging_mixin.py:188} INFO - Early stopping, best iteration is:
[12]	valid_0's rmse: 0.0710825
[2025-07-27T21:17:57.600+0000] {logging_mixin.py:188} INFO - Training until validation scores don't improve for 100 rounds
[2025-07-27T21:17:57.626+0000] {logging_mixin.py:188} INFO - Early stopping, best iteration is:
[5]	valid_0's rmse: 0.0711318
[2025-07-27T21:17:57.722+0000] {logging_mixin.py:188} INFO - Training until validation scores don't improve for 100 rounds
[2025-07-27T21:17:57.830+0000] {logging_mixin.py:188} INFO - Early stopping, best iteration is:
[16]	valid_0's rmse: 0.0709889
[2025-07-27T21:17:57.922+0000] {logging_mixin.py:188} INFO - Training until validation scores don't improve for 100 rounds
[2025-07-27T21:17:58.647+0000] {logging_mixin.py:188} INFO - Early stopping, best iteration is:
[3]	valid_0's rmse: 0.0710572
[2025-07-27T21:17:58.733+0000] {logging_mixin.py:188} INFO - Training until validation scores don't improve for 100 rounds
[2025-07-27T21:17:58.801+0000] {logging_mixin.py:188} INFO - Early stopping, best iteration is:
[3]	valid_0's rmse: 0.07106
[2025-07-27T21:17:58.878+0000] {logging_mixin.py:188} INFO - Training until validation scores don't improve for 100 rounds
[2025-07-27T21:17:58.950+0000] {logging_mixin.py:188} INFO - Early stopping, best iteration is:
[4]	valid_0's rmse: 0.0708373
[2025-07-27T21:17:59.032+0000] {logging_mixin.py:188} INFO - Training until validation scores don't improve for 100 rounds
[2025-07-27T21:17:59.056+0000] {logging_mixin.py:188} INFO - Early stopping, best iteration is:
[9]	valid_0's rmse: 0.0708574
[2025-07-27T21:17:59.128+0000] {logging_mixin.py:188} INFO - Training until validation scores don't improve for 100 rounds
[2025-07-27T21:17:59.157+0000] {logging_mixin.py:188} INFO - Early stopping, best iteration is:
[7]	valid_0's rmse: 0.072168
[2025-07-27T21:17:59.238+0000] {logging_mixin.py:188} INFO - Training until validation scores don't improve for 100 rounds
[2025-07-27T21:17:59.326+0000] {logging_mixin.py:188} INFO - Early stopping, best iteration is:
[8]	valid_0's rmse: 0.0686192
[2025-07-27T21:17:59.496+0000] {logging_mixin.py:188} INFO - Training until validation scores don't improve for 100 rounds
[2025-07-27T21:18:00.067+0000] {logging_mixin.py:188} INFO - Early stopping, best iteration is:
[5]	valid_0's rmse: 0.0711403
[2025-07-27T21:18:00.426+0000] {logging_mixin.py:188} INFO - Training until validation scores don't improve for 100 rounds
[2025-07-27T21:18:01.499+0000] {logging_mixin.py:188} INFO - Early stopping, best iteration is:
[13]	valid_0's rmse: 0.0716172
[2025-07-27T21:18:01.652+0000] {logging_mixin.py:188} INFO - Training until validation scores don't improve for 100 rounds
[2025-07-27T21:18:01.931+0000] {logging_mixin.py:188} INFO - Early stopping, best iteration is:
[8]	valid_0's rmse: 0.071774
[2025-07-27T21:18:02.003+0000] {logging_mixin.py:188} INFO - Training until validation scores don't improve for 100 rounds
[2025-07-27T21:18:02.031+0000] {logging_mixin.py:188} INFO - Early stopping, best iteration is:
[11]	valid_0's rmse: 0.070281
[2025-07-27T21:18:02.146+0000] {logging_mixin.py:188} INFO - Training until validation scores don't improve for 100 rounds
[2025-07-27T21:18:02.412+0000] {logging_mixin.py:188} INFO - Early stopping, best iteration is:
[10]	valid_0's rmse: 0.0705674
[2025-07-27T21:18:02.539+0000] {logging_mixin.py:188} INFO - Training until validation scores don't improve for 100 rounds
[2025-07-27T21:18:02.580+0000] {logging_mixin.py:188} INFO - Early stopping, best iteration is:
[1]	valid_0's rmse: 0.0722982
[2025-07-27T21:18:02.675+0000] {logging_mixin.py:188} INFO - Training until validation scores don't improve for 100 rounds
[2025-07-27T21:18:02.707+0000] {logging_mixin.py:188} INFO - Early stopping, best iteration is:
[1]	valid_0's rmse: 0.0721073
[2025-07-27T21:18:02.799+0000] {logging_mixin.py:188} INFO - Training until validation scores don't improve for 100 rounds
[2025-07-27T21:18:03.171+0000] {logging_mixin.py:188} INFO - Early stopping, best iteration is:
[1]	valid_0's rmse: 0.0725977
[2025-07-27T21:18:03.312+0000] {logging_mixin.py:188} INFO - Training until validation scores don't improve for 100 rounds
[2025-07-27T21:18:03.529+0000] {logging_mixin.py:188} INFO - Early stopping, best iteration is:
[1]	valid_0's rmse: 0.0722865
[2025-07-27T21:18:03.603+0000] {logging_mixin.py:188} INFO - Training until validation scores don't improve for 100 rounds
[2025-07-27T21:18:03.643+0000] {logging_mixin.py:188} INFO - Early stopping, best iteration is:
[1]	valid_0's rmse: 0.073002
[2025-07-27T21:18:03.734+0000] {logging_mixin.py:188} INFO - Training until validation scores don't improve for 100 rounds
[2025-07-27T21:18:03.834+0000] {logging_mixin.py:188} INFO - Early stopping, best iteration is:
[1]	valid_0's rmse: 0.0716502
[2025-07-27T21:18:03.946+0000] {logging_mixin.py:188} INFO - Training until validation scores don't improve for 100 rounds
[2025-07-27T21:18:04.335+0000] {logging_mixin.py:188} INFO - Early stopping, best iteration is:
[11]	valid_0's rmse: 0.0708182
[2025-07-27T21:18:04.442+0000] {logging_mixin.py:188} INFO - Training until validation scores don't improve for 100 rounds
[2025-07-27T21:18:04.484+0000] {logging_mixin.py:188} INFO - Early stopping, best iteration is:
[2]	valid_0's rmse: 0.0719561
[2025-07-27T21:18:04.561+0000] {logging_mixin.py:188} INFO - Training until validation scores don't improve for 100 rounds
[2025-07-27T21:18:04.643+0000] {logging_mixin.py:188} INFO - Early stopping, best iteration is:
[11]	valid_0's rmse: 0.0717861
[2025-07-27T21:18:04.812+0000] {logging_mixin.py:188} INFO - Training until validation scores don't improve for 100 rounds
[2025-07-27T21:18:05.161+0000] {logging_mixin.py:188} INFO - Early stopping, best iteration is:
[2]	valid_0's rmse: 0.0716764
[2025-07-27T21:18:05.235+0000] {logging_mixin.py:188} INFO - Training until validation scores don't improve for 100 rounds
[2025-07-27T21:18:05.345+0000] {logging_mixin.py:188} INFO - Early stopping, best iteration is:
[1]	valid_0's rmse: 0.0719751
[2025-07-27T21:18:05.443+0000] {logging_mixin.py:188} INFO - Training until validation scores don't improve for 100 rounds
[2025-07-27T21:18:05.951+0000] {logging_mixin.py:188} INFO - Early stopping, best iteration is:
[1]	valid_0's rmse: 0.0719751
[2025-07-27T21:18:06.031+0000] {logging_mixin.py:188} INFO - Training until validation scores don't improve for 100 rounds
[2025-07-27T21:18:06.155+0000] {logging_mixin.py:188} INFO - Early stopping, best iteration is:
[10]	valid_0's rmse: 0.0709514
[2025-07-27T21:18:06.296+0000] {logging_mixin.py:188} INFO - Training until validation scores don't improve for 100 rounds
[2025-07-27T21:18:06.343+0000] {logging_mixin.py:188} INFO - Early stopping, best iteration is:
[36]	valid_0's rmse: 0.0720788
[2025-07-27T21:18:06.447+0000] {logging_mixin.py:188} INFO - Training until validation scores don't improve for 100 rounds
[2025-07-27T21:18:06.853+0000] {logging_mixin.py:188} INFO - Early stopping, best iteration is:
[2]	valid_0's rmse: 0.0716819
[2025-07-27T21:18:06.930+0000] {logging_mixin.py:188} INFO - Training until validation scores don't improve for 100 rounds
[2025-07-27T21:18:06.954+0000] {logging_mixin.py:188} INFO - Early stopping, best iteration is:
[9]	valid_0's rmse: 0.0720679
[2025-07-27T21:18:07.034+0000] {logging_mixin.py:188} INFO - Training until validation scores don't improve for 100 rounds
[2025-07-27T21:18:07.343+0000] {logging_mixin.py:188} INFO - Early stopping, best iteration is:
[11]	valid_0's rmse: 0.0709144
[2025-07-27T21:18:07.440+0000] {logging_mixin.py:188} INFO - Training until validation scores don't improve for 100 rounds
[2025-07-27T21:18:07.478+0000] {logging_mixin.py:188} INFO - Early stopping, best iteration is:
[4]	valid_0's rmse: 0.0707226
[2025-07-27T21:18:07.596+0000] {logging_mixin.py:188} INFO - Training until validation scores don't improve for 100 rounds
[2025-07-27T21:18:07.689+0000] {logging_mixin.py:188} INFO - Early stopping, best iteration is:
[1]	valid_0's rmse: 0.0735218
[2025-07-27T21:18:07.811+0000] {logging_mixin.py:188} INFO - Training until validation scores don't improve for 100 rounds
[2025-07-27T21:18:07.849+0000] {logging_mixin.py:188} INFO - Early stopping, best iteration is:
[6]	valid_0's rmse: 0.0727731
[2025-07-27T21:18:07.921+0000] {logging_mixin.py:188} INFO - Training until validation scores don't improve for 100 rounds
[2025-07-27T21:18:07.998+0000] {logging_mixin.py:188} INFO - Early stopping, best iteration is:
[1]	valid_0's rmse: 0.0716349
[2025-07-27T21:18:08.091+0000] {logging_mixin.py:188} INFO - Training until validation scores don't improve for 100 rounds
[2025-07-27T21:18:08.336+0000] {logging_mixin.py:188} INFO - Early stopping, best iteration is:
[1]	valid_0's rmse: 0.0730127
[2025-07-27T21:18:08.411+0000] {logging_mixin.py:188} INFO - Training until validation scores don't improve for 100 rounds
[2025-07-27T21:18:08.477+0000] {logging_mixin.py:188} INFO - Early stopping, best iteration is:
[11]	valid_0's rmse: 0.0705727
[2025-07-27T21:18:08.555+0000] {logging_mixin.py:188} INFO - Training until validation scores don't improve for 100 rounds
[2025-07-27T21:18:08.589+0000] {logging_mixin.py:188} INFO - Early stopping, best iteration is:
[1]	valid_0's rmse: 0.07307
[2025-07-27T21:18:08.678+0000] {logging_mixin.py:188} INFO - Training until validation scores don't improve for 100 rounds
[2025-07-27T21:18:08.818+0000] {logging_mixin.py:188} INFO - Early stopping, best iteration is:
[2]	valid_0's rmse: 0.073077
[2025-07-27T21:18:08.906+0000] {logging_mixin.py:188} INFO - Training until validation scores don't improve for 100 rounds
[2025-07-27T21:18:08.945+0000] {logging_mixin.py:188} INFO - Early stopping, best iteration is:
[1]	valid_0's rmse: 0.0722866
[2025-07-27T21:18:09.075+0000] {logging_mixin.py:188} INFO - Training until validation scores don't improve for 100 rounds
[2025-07-27T21:18:09.401+0000] {logging_mixin.py:188} INFO - Early stopping, best iteration is:
[18]	valid_0's rmse: 0.0714893
[2025-07-27T21:18:09.515+0000] {logging_mixin.py:188} INFO - Training until validation scores don't improve for 100 rounds
[2025-07-27T21:18:10.068+0000] {logging_mixin.py:188} INFO - Early stopping, best iteration is:
[12]	valid_0's rmse: 0.0715474
[2025-07-27T21:18:10.179+0000] {logging_mixin.py:188} INFO - Training until validation scores don't improve for 100 rounds
[2025-07-27T21:18:10.707+0000] {logging_mixin.py:188} INFO - Early stopping, best iteration is:
[1]	valid_0's rmse: 0.0721905
[2025-07-27T21:18:10.909+0000] {logging_mixin.py:188} INFO - Training until validation scores don't improve for 100 rounds
[2025-07-27T21:18:11.394+0000] {logging_mixin.py:188} INFO - Early stopping, best iteration is:
[1]	valid_0's rmse: 0.0714769
[2025-07-27T21:18:11.554+0000] {logging_mixin.py:188} INFO - Training until validation scores don't improve for 100 rounds
[2025-07-27T21:18:11.818+0000] {logging_mixin.py:188} INFO - Early stopping, best iteration is:
[15]	valid_0's rmse: 0.0716976
[2025-07-27T21:18:11.903+0000] {logging_mixin.py:188} INFO - Training until validation scores don't improve for 100 rounds
[2025-07-27T21:18:11.936+0000] {logging_mixin.py:188} INFO - Early stopping, best iteration is:
[3]	valid_0's rmse: 0.0725683
[2025-07-27T21:18:12.021+0000] {logging_mixin.py:188} INFO - Training until validation scores don't improve for 100 rounds
[2025-07-27T21:18:12.049+0000] {logging_mixin.py:188} INFO - Early stopping, best iteration is:
[3]	valid_0's rmse: 0.072226
[2025-07-27T21:18:12.151+0000] {logging_mixin.py:188} INFO - Training until validation scores don't improve for 100 rounds
[2025-07-27T21:18:12.398+0000] {logging_mixin.py:188} INFO - Early stopping, best iteration is:
[3]	valid_0's rmse: 0.0726946
[2025-07-27T21:18:12.502+0000] {logging_mixin.py:188} INFO - Training until validation scores don't improve for 100 rounds
[2025-07-27T21:18:12.551+0000] {logging_mixin.py:188} INFO - Early stopping, best iteration is:
[18]	valid_0's rmse: 0.0719696
[2025-07-27T21:18:12.656+0000] {logging_mixin.py:188} INFO - Training until validation scores don't improve for 100 rounds
[2025-07-27T21:18:12.713+0000] {logging_mixin.py:188} INFO - Early stopping, best iteration is:
[22]	valid_0's rmse: 0.0710447
[2025-07-27T21:18:12.857+0000] {logging_mixin.py:188} INFO - Training until validation scores don't improve for 100 rounds
[2025-07-27T21:18:13.314+0000] {logging_mixin.py:188} INFO - Early stopping, best iteration is:
[2]	valid_0's rmse: 0.0705493
[2025-07-27T21:18:13.389+0000] {logging_mixin.py:188} INFO - Training until validation scores don't improve for 100 rounds
[2025-07-27T21:18:13.439+0000] {logging_mixin.py:188} INFO - Early stopping, best iteration is:
[2]	valid_0's rmse: 0.0713609
[2025-07-27T21:18:13.517+0000] {logging_mixin.py:188} INFO - Training until validation scores don't improve for 100 rounds
[2025-07-27T21:18:13.578+0000] {logging_mixin.py:188} INFO - Early stopping, best iteration is:
[23]	valid_0's rmse: 0.0713184
[2025-07-27T21:18:13.681+0000] {logging_mixin.py:188} INFO - Training until validation scores don't improve for 100 rounds
[2025-07-27T21:18:13.933+0000] {logging_mixin.py:188} INFO - Early stopping, best iteration is:
[13]	valid_0's rmse: 0.0708536
[2025-07-27T21:18:14.157+0000] {logging_mixin.py:188} INFO - Training until validation scores don't improve for 100 rounds
[2025-07-27T21:18:14.381+0000] {logging_mixin.py:188} INFO - Early stopping, best iteration is:
[51]	valid_0's rmse: 0.0695733
[2025-07-27T21:18:14.535+0000] {logging_mixin.py:188} INFO - Training until validation scores don't improve for 100 rounds
[2025-07-27T21:18:16.229+0000] {logging_mixin.py:188} INFO - Early stopping, best iteration is:
[4]	valid_0's rmse: 0.0718636
[2025-07-27T21:18:16.879+0000] {logging_mixin.py:188} INFO - Training until validation scores don't improve for 100 rounds
[2025-07-27T21:18:16.917+0000] {logging_mixin.py:188} INFO - Early stopping, best iteration is:
[1]	valid_0's rmse: 0.0714642
[2025-07-27T21:18:17.040+0000] {logging_mixin.py:188} INFO - Training until validation scores don't improve for 100 rounds
[2025-07-27T21:18:17.353+0000] {logging_mixin.py:188} INFO - Early stopping, best iteration is:
[19]	valid_0's rmse: 0.0719771
[2025-07-27T21:18:17.436+0000] {logging_mixin.py:188} INFO - Training until validation scores don't improve for 100 rounds
[2025-07-27T21:18:17.628+0000] {logging_mixin.py:188} INFO - Early stopping, best iteration is:
[11]	valid_0's rmse: 0.0715643
[2025-07-27T21:18:17.732+0000] {logging_mixin.py:188} INFO - Training until validation scores don't improve for 100 rounds
[2025-07-27T21:18:18.136+0000] {logging_mixin.py:188} INFO - Early stopping, best iteration is:
[1]	valid_0's rmse: 0.0713012
[2025-07-27T21:18:18.235+0000] {logging_mixin.py:188} INFO - Training until validation scores don't improve for 100 rounds
[2025-07-27T21:18:18.327+0000] {logging_mixin.py:188} INFO - Early stopping, best iteration is:
[19]	valid_0's rmse: 0.0693877
[2025-07-27T21:18:18.451+0000] {logging_mixin.py:188} INFO - Training until validation scores don't improve for 100 rounds
[2025-07-27T21:18:18.480+0000] {logging_mixin.py:188} INFO - Early stopping, best iteration is:
[19]	valid_0's rmse: 0.0710996
[2025-07-27T21:18:18.807+0000] {logging_mixin.py:188} INFO - Training until validation scores don't improve for 100 rounds
[2025-07-27T21:18:19.372+0000] {logging_mixin.py:188} INFO - Early stopping, best iteration is:
[2]	valid_0's rmse: 0.0734001
[2025-07-27T21:18:19.471+0000] {logging_mixin.py:188} INFO - Training until validation scores don't improve for 100 rounds
[2025-07-27T21:18:19.921+0000] {logging_mixin.py:188} INFO - Early stopping, best iteration is:
[1]	valid_0's rmse: 0.0721348
[2025-07-27T21:18:20.120+0000] {logging_mixin.py:188} INFO - Training until validation scores don't improve for 100 rounds
[2025-07-27T21:18:20.422+0000] {logging_mixin.py:188} INFO - Early stopping, best iteration is:
[7]	valid_0's rmse: 0.0700581
[2025-07-27T21:18:20.546+0000] {logging_mixin.py:188} INFO - Training until validation scores don't improve for 100 rounds
[2025-07-27T21:18:24.906+0000] {logging_mixin.py:188} INFO - Early stopping, best iteration is:
[7]	valid_0's rmse: 0.0699103
[2025-07-27T21:18:25.019+0000] {logging_mixin.py:188} INFO - Training until validation scores don't improve for 100 rounds
[2025-07-27T21:18:25.360+0000] {logging_mixin.py:188} INFO - Early stopping, best iteration is:
[4]	valid_0's rmse: 0.0701757
[2025-07-27T21:18:25.442+0000] {logging_mixin.py:188} INFO - Training until validation scores don't improve for 100 rounds
[2025-07-27T21:18:25.475+0000] {logging_mixin.py:188} INFO - Early stopping, best iteration is:
[13]	valid_0's rmse: 0.0692614
[2025-07-27T21:18:25.611+0000] {logging_mixin.py:188} INFO - Training until validation scores don't improve for 100 rounds
[2025-07-27T21:18:26.028+0000] {logging_mixin.py:188} INFO - Early stopping, best iteration is:
[7]	valid_0's rmse: 0.0711015
[2025-07-27T21:18:26.121+0000] {logging_mixin.py:188} INFO - Training until validation scores don't improve for 100 rounds
[2025-07-27T21:18:26.343+0000] {logging_mixin.py:188} INFO - Early stopping, best iteration is:
[10]	valid_0's rmse: 0.0698438
[2025-07-27T21:18:26.445+0000] {logging_mixin.py:188} INFO - Training until validation scores don't improve for 100 rounds
[2025-07-27T21:18:26.680+0000] {logging_mixin.py:188} INFO - Early stopping, best iteration is:
[4]	valid_0's rmse: 0.0693815
[2025-07-27T21:18:26.792+0000] {logging_mixin.py:188} INFO - Training until validation scores don't improve for 100 rounds
[2025-07-27T21:18:26.902+0000] {logging_mixin.py:188} INFO - Early stopping, best iteration is:
[13]	valid_0's rmse: 0.0695219
[2025-07-27T21:18:27.968+0000] {logging_mixin.py:188} INFO - Training until validation scores don't improve for 100 rounds
[2025-07-27T21:18:31.450+0000] {logging_mixin.py:188} INFO - Early stopping, best iteration is:
[5]	valid_0's rmse: 0.070628
[2025-07-27T21:18:32.005+0000] {logging_mixin.py:188} INFO - Training until validation scores don't improve for 100 rounds
[2025-07-27T21:18:32.058+0000] {logging_mixin.py:188} INFO - Early stopping, best iteration is:
[13]	valid_0's rmse: 0.0684124
[2025-07-27T21:18:32.187+0000] {logging_mixin.py:188} INFO - Training until validation scores don't improve for 100 rounds
[2025-07-27T21:18:32.387+0000] {logging_mixin.py:188} INFO - Early stopping, best iteration is:
[10]	valid_0's rmse: 0.0712457
[2025-07-27T21:18:32.517+0000] {logging_mixin.py:188} INFO - Training until validation scores don't improve for 100 rounds
[2025-07-27T21:18:32.855+0000] {logging_mixin.py:188} INFO - Early stopping, best iteration is:
[13]	valid_0's rmse: 0.0704198
[2025-07-27T21:18:33.103+0000] {logging_mixin.py:188} INFO - Training until validation scores don't improve for 100 rounds
[2025-07-27T21:18:33.398+0000] {logging_mixin.py:188} INFO - Early stopping, best iteration is:
[38]	valid_0's rmse: 0.0710627
[2025-07-27T21:18:33.506+0000] {logging_mixin.py:188} INFO - Training until validation scores don't improve for 100 rounds
[2025-07-27T21:18:33.740+0000] {logging_mixin.py:188} INFO - Early stopping, best iteration is:
[2]	valid_0's rmse: 0.0707077
[2025-07-27T21:18:33.800+0000] {model.py:78} INFO - Best parameters: {'num_leaves': 17, 'learning_rate': 0.2622504374651633, 'feature_fraction': 0.7126781179160181, 'bagging_fraction': 0.5126966177962468, 'bagging_freq': 3, 'min_child_samples': 10, 'max_depth': 12, 'reg_alpha': 0.4602202831229977, 'reg_lambda': 0.028987076465472363}
[2025-07-27T21:18:33.801+0000] {model.py:79} INFO - Best RMSE: 0.0684
[2025-07-27T21:18:33.982+0000] {logging_mixin.py:188} WARNING - /home/***/.local/lib/python3.12/site-packages/lightgbm/engine.py:204 UserWarning: Found `num_boost_round` in params. Will use it instead of argument
[2025-07-27T21:18:34.001+0000] {logging_mixin.py:188} INFO - Training until validation scores don't improve for 100 rounds
[2025-07-27T21:18:34.023+0000] {logging_mixin.py:188} INFO - [100]	train's rmse: 0.0382763	val's rmse: 0.0711033
[2025-07-27T21:18:34.050+0000] {logging_mixin.py:188} INFO - Early stopping, best iteration is:
[13]	train's rmse: 0.0570259	val's rmse: 0.0684124
[2025-07-27T21:18:34.184+0000] {credentials.py:1147} INFO - Found credentials in environment variables.
[2025-07-27T21:18:41.238+0000] {logging_mixin.py:188} WARNING - 2025/07/27 21:18:41 WARNING mlflow.models.model: Model logged without a signature and input example. Please set `input_example` parameter when logging the model to auto infer the model signature.
[2025-07-27T21:18:41.469+0000] {logging_mixin.py:188} WARNING - Successfully registered model 'crypto_lightgbm_model_BTC_USD'.
[2025-07-27T21:18:41.558+0000] {logging_mixin.py:188} WARNING - 2025/07/27 21:18:41 INFO mlflow.store.model_registry.abstract_store: Waiting up to 300 seconds for model version to finish creation. Model name: crypto_lightgbm_model_BTC_USD, version 1
[2025-07-27T21:18:41.559+0000] {logging_mixin.py:188} WARNING - Created version '1' of model 'crypto_lightgbm_model_BTC_USD'.
[2025-07-27T21:18:41.560+0000] {model.py:168} INFO - Training completed. MLflow run ID: 06c7f6f20dbe4496835ce0ba6e4f8a94
[2025-07-27T21:18:41.593+0000] {logging_mixin.py:188} WARNING - 2025/07/27 21:18:41 INFO mlflow.tracking._tracking_service.client: 🏃 View run lightgbm_training_BTC-USD_20250727_211742 at: http://mlflow:5000/#/experiments/0/runs/06c7f6f20dbe4496835ce0ba6e4f8a94.
[2025-07-27T21:18:41.594+0000] {logging_mixin.py:188} WARNING - 2025/07/27 21:18:41 INFO mlflow.tracking._tracking_service.client: 🧪 View experiment at: http://mlflow:5000/#/experiments/0.
[2025-07-27T21:18:41.651+0000] {training_pipeline.py:126} INFO - Métriques nettoyées: {'train_rmse': 0.057026, 'val_rmse': 0.068412, 'train_mae': 0.037961, 'val_mae': 0.05214, 'train_r2': 0.205808, 'val_r2': 0.091212}
[2025-07-27T21:18:41.690+0000] {model.py:235} INFO - Saved model to S3: s3://crypto-mlops-bucket/models/BTC-USD/model_06c7f6f20dbe4496835ce0ba6e4f8a94.txt
[2025-07-27T21:18:41.692+0000] {python.py:237} INFO - Done. Returned value was: None
[2025-07-27T21:18:41.693+0000] {taskinstance.py:441} INFO - ::group::Post task execution logs
[2025-07-27T21:18:41.706+0000] {taskinstance.py:1205} INFO - Marking task as SUCCESS. dag_id=training_pipeline, task_id=train_model, execution_date=20250727T211726, start_date=20250727T211742, end_date=20250727T211841
[2025-07-27T21:18:41.768+0000] {local_task_job_runner.py:240} INFO - Task exited with return code 0
[2025-07-27T21:18:41.794+0000] {taskinstance.py:3482} INFO - 1 downstream tasks scheduled from follow-on schedule check
[2025-07-27T21:18:41.797+0000] {local_task_job_runner.py:222} INFO - ::endgroup::
