[2025-07-27T22:45:40.923+0000] {local_task_job_runner.py:120} INFO - ::group::Pre task execution logs
[2025-07-27T22:45:40.960+0000] {taskinstance.py:2073} INFO - Dependencies all met for dep_context=non-requeueable deps ti=<TaskInstance: training_pipeline.process_data manual__2025-07-27T22:45:31.102208+00:00 [queued]>
[2025-07-27T22:45:40.969+0000] {taskinstance.py:2073} INFO - Dependencies all met for dep_context=requeueable deps ti=<TaskInstance: training_pipeline.process_data manual__2025-07-27T22:45:31.102208+00:00 [queued]>
[2025-07-27T22:45:40.970+0000] {taskinstance.py:2303} INFO - Starting attempt 1 of 4
[2025-07-27T22:45:40.981+0000] {taskinstance.py:2327} INFO - Executing <Task(PythonOperator): process_data> on 2025-07-27 22:45:31.102208+00:00
[2025-07-27T22:45:40.995+0000] {standard_task_runner.py:90} INFO - Running: ['***', 'tasks', 'run', 'training_pipeline', 'process_data', 'manual__2025-07-27T22:45:31.102208+00:00', '--job-id', '4', '--raw', '--subdir', 'DAGS_FOLDER/training_pipeline.py', '--cfg-path', '/tmp/tmp78abhko5']
[2025-07-27T22:45:40.997+0000] {logging_mixin.py:188} WARNING - /home/***/.local/lib/python3.12/site-packages/***/task/task_runner/standard_task_runner.py:61 DeprecationWarning: This process (pid=410) is multi-threaded, use of fork() may lead to deadlocks in the child.
[2025-07-27T22:45:40.998+0000] {standard_task_runner.py:91} INFO - Job 4: Subtask process_data
[2025-07-27T22:45:40.999+0000] {standard_task_runner.py:63} INFO - Started process 427 to run task
[2025-07-27T22:45:41.014+0000] {logging_mixin.py:188} WARNING - /home/***/.local/lib/python3.12/site-packages/***/settings.py:195 DeprecationWarning: The sql_alchemy_conn option in [core] has been moved to the sql_alchemy_conn option in [database] - the old setting has been used, but please update your config.
[2025-07-27T22:45:41.051+0000] {task_command.py:426} INFO - Running <TaskInstance: training_pipeline.process_data manual__2025-07-27T22:45:31.102208+00:00 [running]> on host c6592edc720c
[2025-07-27T22:45:41.135+0000] {taskinstance.py:2644} INFO - Exporting env vars: AIRFLOW_CTX_DAG_EMAIL='mlops_team@example.com' AIRFLOW_CTX_DAG_OWNER='mlops' AIRFLOW_CTX_DAG_ID='training_pipeline' AIRFLOW_CTX_TASK_ID='process_data' AIRFLOW_CTX_EXECUTION_DATE='2025-07-27T22:45:31.102208+00:00' AIRFLOW_CTX_TRY_NUMBER='1' AIRFLOW_CTX_DAG_RUN_ID='manual__2025-07-27T22:45:31.102208+00:00'
[2025-07-27T22:45:41.136+0000] {taskinstance.py:430} INFO - ::endgroup::
[2025-07-27T22:45:41.216+0000] {data_processing.py:40} INFO - Loaded 288 records from S3: data/historical_BTC_USD_20250727224537.csv
[2025-07-27T22:45:41.222+0000] {data_processing.py:84} INFO - Combined 288 records for BTC-USD
[2025-07-27T22:45:41.550+0000] {data_processing.py:162} INFO - Removed 50 rows with NaN values. Final shape: (238, 84)
[2025-07-27T22:45:41.553+0000] {logging_mixin.py:188} WARNING - /opt/***/src/data_processing.py:230 FutureWarning: DataFrame.fillna with 'method' is deprecated and will raise in a future version. Use obj.ffill() or obj.bfill() instead.
[2025-07-27T22:45:41.558+0000] {logging_mixin.py:188} WARNING - /opt/***/src/data_processing.py:177 FutureWarning: DataFrame.fillna with 'method' is deprecated and will raise in a future version. Use obj.ffill() or obj.bfill() instead.
[2025-07-27T22:45:41.559+0000] {data_processing.py:179} INFO - Prepared features: (238, 80), Target: (238,)
[2025-07-27T22:45:41.560+0000] {data_processing.py:180} INFO - Feature columns: 80
[2025-07-27T22:45:41.579+0000] {data_processing.py:202} INFO - Saved preprocessor to S3: s3://crypto-mlops-bucket/models/preprocessors/scaler_BTC_USD.pickle
[2025-07-27T22:45:41.580+0000] {python.py:237} INFO - Done. Returned value was: None
[2025-07-27T22:45:41.581+0000] {taskinstance.py:441} INFO - ::group::Post task execution logs
[2025-07-27T22:45:41.591+0000] {taskinstance.py:1205} INFO - Marking task as SUCCESS. dag_id=training_pipeline, task_id=process_data, execution_date=20250727T224531, start_date=20250727T224540, end_date=20250727T224541
[2025-07-27T22:45:41.657+0000] {local_task_job_runner.py:240} INFO - Task exited with return code 0
[2025-07-27T22:45:41.685+0000] {taskinstance.py:3482} INFO - 1 downstream tasks scheduled from follow-on schedule check
[2025-07-27T22:45:41.688+0000] {local_task_job_runner.py:222} INFO - ::endgroup::
