[2025-07-27T19:36:21.935+0000] {local_task_job_runner.py:120} INFO - ::group::Pre task execution logs
[2025-07-27T19:36:21.985+0000] {taskinstance.py:2073} INFO - Dependencies all met for dep_context=non-requeueable deps ti=<TaskInstance: preprocessing_hourly.preprocess_and_upload manual__2025-07-27T19:30:17.163409+00:00 [queued]>
[2025-07-27T19:36:22.001+0000] {taskinstance.py:2073} INFO - Dependencies all met for dep_context=requeueable deps ti=<TaskInstance: preprocessing_hourly.preprocess_and_upload manual__2025-07-27T19:30:17.163409+00:00 [queued]>
[2025-07-27T19:36:22.003+0000] {taskinstance.py:2303} INFO - Starting attempt 1 of 2
[2025-07-27T19:36:22.027+0000] {taskinstance.py:2327} INFO - Executing <Task(PythonOperator): preprocess_and_upload> on 2025-07-27 19:30:17.163409+00:00
[2025-07-27T19:36:22.055+0000] {logging_mixin.py:188} WARNING - /home/***/.local/lib/python3.12/site-packages/***/task/task_runner/standard_task_runner.py:61 DeprecationWarning: This process (pid=1349) is multi-threaded, use of fork() may lead to deadlocks in the child.
[2025-07-27T19:36:22.048+0000] {standard_task_runner.py:90} INFO - Running: ['***', 'tasks', 'run', 'preprocessing_hourly', 'preprocess_and_upload', 'manual__2025-07-27T19:30:17.163409+00:00', '--job-id', '9', '--raw', '--subdir', 'DAGS_FOLDER/ingestion_inference.py', '--cfg-path', '/tmp/tmpar7dd2a2']
[2025-07-27T19:36:22.059+0000] {standard_task_runner.py:63} INFO - Started process 1372 to run task
[2025-07-27T19:36:22.060+0000] {standard_task_runner.py:91} INFO - Job 9: Subtask preprocess_and_upload
[2025-07-27T19:36:22.134+0000] {logging_mixin.py:188} WARNING - /home/***/.local/lib/python3.12/site-packages/***/settings.py:195 DeprecationWarning: The sql_alchemy_conn option in [core] has been moved to the sql_alchemy_conn option in [database] - the old setting has been used, but please update your config.
[2025-07-27T19:36:22.240+0000] {task_command.py:426} INFO - Running <TaskInstance: preprocessing_hourly.preprocess_and_upload manual__2025-07-27T19:30:17.163409+00:00 [running]> on host d1e83e43e29f
[2025-07-27T19:36:22.530+0000] {taskinstance.py:2644} INFO - Exporting env vars: AIRFLOW_CTX_DAG_OWNER='mlops' AIRFLOW_CTX_DAG_ID='preprocessing_hourly' AIRFLOW_CTX_TASK_ID='preprocess_and_upload' AIRFLOW_CTX_EXECUTION_DATE='2025-07-27T19:30:17.163409+00:00' AIRFLOW_CTX_TRY_NUMBER='1' AIRFLOW_CTX_DAG_RUN_ID='manual__2025-07-27T19:30:17.163409+00:00'
[2025-07-27T19:36:22.533+0000] {taskinstance.py:430} INFO - ::endgroup::
[2025-07-27T19:36:22.588+0000] {ingestion_inference.py:53} INFO - Bucket crypto-mlops-bucket exists
[2025-07-27T19:36:22.589+0000] {ingestion_inference.py:62} INFO - === Début du préprocessing ===
[2025-07-27T19:36:22.853+0000] {data_ingestion.py:62} INFO - Fetched 300 candles for BTC-USD from 2025-06-27 19:36:22.614887 to 2025-06-28 20:36:22.614887
[2025-07-27T19:36:23.806+0000] {data_ingestion.py:62} INFO - Fetched 300 candles for BTC-USD from 2025-06-28 20:36:22.614887 to 2025-06-29 21:36:22.614887
[2025-07-27T19:36:24.020+0000] {data_ingestion.py:62} INFO - Fetched 300 candles for BTC-USD from 2025-06-29 21:36:22.614887 to 2025-06-30 22:36:22.614887
[2025-07-27T19:36:22.575+0000] {data_ingestion.py:62} INFO - Fetched 300 candles for BTC-USD from 2025-06-30 22:36:22.614887 to 2025-07-01 23:36:22.614887
[2025-07-27T19:36:22.803+0000] {data_ingestion.py:62} INFO - Fetched 300 candles for BTC-USD from 2025-07-01 23:36:22.614887 to 2025-07-03 00:36:22.614887
[2025-07-27T19:36:22.977+0000] {data_ingestion.py:62} INFO - Fetched 300 candles for BTC-USD from 2025-07-03 00:36:22.614887 to 2025-07-04 01:36:22.614887
[2025-07-27T19:36:23.190+0000] {data_ingestion.py:62} INFO - Fetched 300 candles for BTC-USD from 2025-07-04 01:36:22.614887 to 2025-07-05 02:36:22.614887
[2025-07-27T19:36:23.722+0000] {data_ingestion.py:62} INFO - Fetched 300 candles for BTC-USD from 2025-07-05 02:36:22.614887 to 2025-07-06 03:36:22.614887
[2025-07-27T19:36:23.932+0000] {data_ingestion.py:62} INFO - Fetched 300 candles for BTC-USD from 2025-07-06 03:36:22.614887 to 2025-07-07 04:36:22.614887
[2025-07-27T19:36:25.034+0000] {data_ingestion.py:62} INFO - Fetched 300 candles for BTC-USD from 2025-07-07 04:36:22.614887 to 2025-07-08 05:36:22.614887
[2025-07-27T19:36:25.264+0000] {data_ingestion.py:62} INFO - Fetched 300 candles for BTC-USD from 2025-07-08 05:36:22.614887 to 2025-07-09 06:36:22.614887
[2025-07-27T19:36:25.471+0000] {data_ingestion.py:62} INFO - Fetched 300 candles for BTC-USD from 2025-07-09 06:36:22.614887 to 2025-07-10 07:36:22.614887
[2025-07-27T19:36:25.659+0000] {data_ingestion.py:62} INFO - Fetched 300 candles for BTC-USD from 2025-07-10 07:36:22.614887 to 2025-07-11 08:36:22.614887
[2025-07-27T19:36:26.164+0000] {data_ingestion.py:62} INFO - Fetched 300 candles for BTC-USD from 2025-07-11 08:36:22.614887 to 2025-07-12 09:36:22.614887
[2025-07-27T19:36:26.413+0000] {data_ingestion.py:62} INFO - Fetched 300 candles for BTC-USD from 2025-07-12 09:36:22.614887 to 2025-07-13 10:36:22.614887
[2025-07-27T19:36:26.623+0000] {data_ingestion.py:62} INFO - Fetched 300 candles for BTC-USD from 2025-07-13 10:36:22.614887 to 2025-07-14 11:36:22.614887
[2025-07-27T19:36:26.851+0000] {data_ingestion.py:62} INFO - Fetched 300 candles for BTC-USD from 2025-07-14 11:36:22.614887 to 2025-07-15 12:36:22.614887
[2025-07-27T19:36:27.055+0000] {data_ingestion.py:62} INFO - Fetched 300 candles for BTC-USD from 2025-07-15 12:36:22.614887 to 2025-07-16 13:36:22.614887
[2025-07-27T19:36:27.526+0000] {data_ingestion.py:62} INFO - Fetched 300 candles for BTC-USD from 2025-07-16 13:36:22.614887 to 2025-07-17 14:36:22.614887
[2025-07-27T19:36:27.951+0000] {data_ingestion.py:62} INFO - Fetched 300 candles for BTC-USD from 2025-07-17 14:36:22.614887 to 2025-07-18 15:36:22.614887
[2025-07-27T19:36:28.718+0000] {data_ingestion.py:62} INFO - Fetched 300 candles for BTC-USD from 2025-07-18 15:36:22.614887 to 2025-07-19 16:36:22.614887
[2025-07-27T19:36:28.921+0000] {data_ingestion.py:62} INFO - Fetched 300 candles for BTC-USD from 2025-07-19 16:36:22.614887 to 2025-07-20 17:36:22.614887
[2025-07-27T19:36:29.122+0000] {data_ingestion.py:62} INFO - Fetched 300 candles for BTC-USD from 2025-07-20 17:36:22.614887 to 2025-07-21 18:36:22.614887
[2025-07-27T19:36:29.543+0000] {data_ingestion.py:62} INFO - Fetched 300 candles for BTC-USD from 2025-07-21 18:36:22.614887 to 2025-07-22 19:36:22.614887
[2025-07-27T19:36:29.789+0000] {data_ingestion.py:62} INFO - Fetched 300 candles for BTC-USD from 2025-07-22 19:36:22.614887 to 2025-07-23 20:36:22.614887
[2025-07-27T19:36:29.996+0000] {data_ingestion.py:62} INFO - Fetched 300 candles for BTC-USD from 2025-07-23 20:36:22.614887 to 2025-07-24 21:36:22.614887
[2025-07-27T19:36:30.167+0000] {data_ingestion.py:62} INFO - Fetched 300 candles for BTC-USD from 2025-07-24 21:36:22.614887 to 2025-07-25 22:36:22.614887
[2025-07-27T19:36:31.291+0000] {data_ingestion.py:62} INFO - Fetched 300 candles for BTC-USD from 2025-07-25 22:36:22.614887 to 2025-07-26 23:36:22.614887
[2025-07-27T19:36:31.486+0000] {data_ingestion.py:62} INFO - Fetched 240 candles for BTC-USD from 2025-07-26 23:36:22.614887 to 2025-07-27 19:36:22.614887
[2025-07-27T19:36:31.604+0000] {data_ingestion.py:103} INFO - Saved data to S3: s3://crypto-mlops-bucket/data/historical_BTC_USD_20250727193631.csv
[2025-07-27T19:36:32.046+0000] {data_ingestion.py:62} INFO - Fetched 300 candles for ETH-USD from 2025-06-27 19:36:22.614887 to 2025-06-28 20:36:22.614887
[2025-07-27T19:36:32.233+0000] {data_ingestion.py:62} INFO - Fetched 300 candles for ETH-USD from 2025-06-28 20:36:22.614887 to 2025-06-29 21:36:22.614887
[2025-07-27T19:36:32.485+0000] {data_ingestion.py:62} INFO - Fetched 300 candles for ETH-USD from 2025-06-29 21:36:22.614887 to 2025-06-30 22:36:22.614887
[2025-07-27T19:36:32.687+0000] {data_ingestion.py:62} INFO - Fetched 300 candles for ETH-USD from 2025-06-30 22:36:22.614887 to 2025-07-01 23:36:22.614887
[2025-07-27T19:36:32.876+0000] {data_ingestion.py:62} INFO - Fetched 300 candles for ETH-USD from 2025-07-01 23:36:22.614887 to 2025-07-03 00:36:22.614887
[2025-07-27T19:36:33.099+0000] {data_ingestion.py:62} INFO - Fetched 300 candles for ETH-USD from 2025-07-03 00:36:22.614887 to 2025-07-04 01:36:22.614887
[2025-07-27T19:36:34.023+0000] {data_ingestion.py:62} INFO - Fetched 300 candles for ETH-USD from 2025-07-04 01:36:22.614887 to 2025-07-05 02:36:22.614887
[2025-07-27T19:36:34.276+0000] {data_ingestion.py:62} INFO - Fetched 300 candles for ETH-USD from 2025-07-05 02:36:22.614887 to 2025-07-06 03:36:22.614887
[2025-07-27T19:36:34.458+0000] {data_ingestion.py:62} INFO - Fetched 300 candles for ETH-USD from 2025-07-06 03:36:22.614887 to 2025-07-07 04:36:22.614887
[2025-07-27T19:36:34.644+0000] {data_ingestion.py:62} INFO - Fetched 300 candles for ETH-USD from 2025-07-07 04:36:22.614887 to 2025-07-08 05:36:22.614887
[2025-07-27T19:36:34.826+0000] {data_ingestion.py:62} INFO - Fetched 300 candles for ETH-USD from 2025-07-08 05:36:22.614887 to 2025-07-09 06:36:22.614887
[2025-07-27T19:36:35.010+0000] {data_ingestion.py:62} INFO - Fetched 300 candles for ETH-USD from 2025-07-09 06:36:22.614887 to 2025-07-10 07:36:22.614887
[2025-07-27T19:36:36.535+0000] {data_ingestion.py:62} INFO - Fetched 300 candles for ETH-USD from 2025-07-10 07:36:22.614887 to 2025-07-11 08:36:22.614887
[2025-07-27T19:36:37.758+0000] {data_ingestion.py:62} INFO - Fetched 300 candles for ETH-USD from 2025-07-11 08:36:22.614887 to 2025-07-12 09:36:22.614887
[2025-07-27T19:36:37.930+0000] {data_ingestion.py:62} INFO - Fetched 300 candles for ETH-USD from 2025-07-12 09:36:22.614887 to 2025-07-13 10:36:22.614887
[2025-07-27T19:36:39.383+0000] {data_ingestion.py:62} INFO - Fetched 300 candles for ETH-USD from 2025-07-13 10:36:22.614887 to 2025-07-14 11:36:22.614887
[2025-07-27T19:36:39.587+0000] {data_ingestion.py:62} INFO - Fetched 300 candles for ETH-USD from 2025-07-14 11:36:22.614887 to 2025-07-15 12:36:22.614887
[2025-07-27T19:36:39.781+0000] {data_ingestion.py:62} INFO - Fetched 300 candles for ETH-USD from 2025-07-15 12:36:22.614887 to 2025-07-16 13:36:22.614887
[2025-07-27T19:36:39.989+0000] {data_ingestion.py:62} INFO - Fetched 300 candles for ETH-USD from 2025-07-16 13:36:22.614887 to 2025-07-17 14:36:22.614887
[2025-07-27T19:36:40.192+0000] {data_ingestion.py:62} INFO - Fetched 300 candles for ETH-USD from 2025-07-17 14:36:22.614887 to 2025-07-18 15:36:22.614887
[2025-07-27T19:36:40.401+0000] {data_ingestion.py:62} INFO - Fetched 300 candles for ETH-USD from 2025-07-18 15:36:22.614887 to 2025-07-19 16:36:22.614887
[2025-07-27T19:36:40.914+0000] {data_ingestion.py:62} INFO - Fetched 300 candles for ETH-USD from 2025-07-19 16:36:22.614887 to 2025-07-20 17:36:22.614887
[2025-07-27T19:36:43.338+0000] {data_ingestion.py:62} INFO - Fetched 300 candles for ETH-USD from 2025-07-20 17:36:22.614887 to 2025-07-21 18:36:22.614887
[2025-07-27T19:36:43.578+0000] {data_ingestion.py:62} INFO - Fetched 300 candles for ETH-USD from 2025-07-21 18:36:22.614887 to 2025-07-22 19:36:22.614887
[2025-07-27T19:36:44.706+0000] {data_ingestion.py:62} INFO - Fetched 300 candles for ETH-USD from 2025-07-22 19:36:22.614887 to 2025-07-23 20:36:22.614887
[2025-07-27T19:36:46.844+0000] {data_ingestion.py:62} INFO - Fetched 300 candles for ETH-USD from 2025-07-23 20:36:22.614887 to 2025-07-24 21:36:22.614887
[2025-07-27T19:36:47.055+0000] {data_ingestion.py:62} INFO - Fetched 300 candles for ETH-USD from 2025-07-24 21:36:22.614887 to 2025-07-25 22:36:22.614887
[2025-07-27T19:36:47.248+0000] {data_ingestion.py:62} INFO - Fetched 300 candles for ETH-USD from 2025-07-25 22:36:22.614887 to 2025-07-26 23:36:22.614887
[2025-07-27T19:36:47.714+0000] {data_ingestion.py:62} INFO - Fetched 240 candles for ETH-USD from 2025-07-26 23:36:22.614887 to 2025-07-27 19:36:22.614887
[2025-07-27T19:36:47.870+0000] {data_ingestion.py:103} INFO - Saved data to S3: s3://crypto-mlops-bucket/data/historical_ETH_USD_20250727193647.csv
[2025-07-27T19:36:47.872+0000] {ingestion_inference.py:67} INFO - Données brutes récupérées : shape=(8640, 7)
[2025-07-27T19:36:47.873+0000] {ingestion_inference.py:68} INFO - Colonnes brutes : ['timestamp', 'low', 'high', 'open', 'close', 'volume', 'symbol']
[2025-07-27T19:36:47.938+0000] {data_processing.py:40} INFO - Loaded 288 records from S3: data/historical_BTC_USD_20250727192648.csv
[2025-07-27T19:36:47.974+0000] {data_processing.py:40} INFO - Loaded 8640 records from S3: data/historical_BTC_USD_20250727193034.csv
[2025-07-27T19:36:48.012+0000] {data_processing.py:40} INFO - Loaded 8640 records from S3: data/historical_BTC_USD_20250727193602.csv
[2025-07-27T19:36:48.048+0000] {data_processing.py:40} INFO - Loaded 8640 records from S3: data/historical_BTC_USD_20250727193631.csv
[2025-07-27T19:36:48.062+0000] {data_processing.py:84} INFO - Combined 8641 records for BTC-USD
[2025-07-27T19:36:48.063+0000] {ingestion_inference.py:73} INFO - Données combinées après combine_datasets : shape=(8641, 7)
[2025-07-27T19:36:48.064+0000] {ingestion_inference.py:74} INFO - Colonnes combinées : ['timestamp', 'low', 'high', 'open', 'close', 'volume', 'symbol']
[2025-07-27T19:36:48.242+0000] {data_processing.py:162} INFO - Removed 50 rows with NaN values. Final shape: (8591, 84)
[2025-07-27T19:36:48.243+0000] {ingestion_inference.py:77} INFO - Données après feature engineering : shape=(8591, 84)
[2025-07-27T19:36:48.244+0000] {ingestion_inference.py:78} INFO - Features générées : ['timestamp', 'low', 'high', 'open', 'close', 'volume', 'symbol', 'price_change', 'volume_change', 'high_low_ratio', 'close_open_ratio', 'price_range', 'sma_5', 'ema_5', 'volume_sma_5', 'price_vs_sma_5', 'price_vs_ema_5', 'sma_10', 'ema_10', 'volume_sma_10', 'price_vs_sma_10', 'price_vs_ema_10', 'sma_20', 'ema_20', 'volume_sma_20', 'price_vs_sma_20', 'price_vs_ema_20', 'sma_50', 'ema_50', 'volume_sma_50', 'price_vs_sma_50', 'price_vs_ema_50', 'macd', 'macd_signal', 'rsi', 'bbands_upper', 'bbands_lower', 'bbands_position', 'atr', 'volume_sma_ratio', 'close_lag_1', 'volume_lag_1', 'rsi_lag_1', 'price_change_lag_1', 'close_lag_2', 'volume_lag_2', 'rsi_lag_2', 'price_change_lag_2', 'close_lag_3', 'volume_lag_3', 'rsi_lag_3', 'price_change_lag_3', 'close_lag_5', 'volume_lag_5', 'rsi_lag_5', 'price_change_lag_5', 'close_lag_10', 'volume_lag_10', 'rsi_lag_10', 'price_change_lag_10', 'close_std_5', 'volume_std_5', 'price_change_std_5', 'close_min_5', 'close_max_5', 'close_position_5', 'close_std_10', 'volume_std_10', 'price_change_std_10', 'close_min_10', 'close_max_10', 'close_position_10', 'close_std_20', 'volume_std_20', 'price_change_std_20', 'close_min_20', 'close_max_20', 'close_position_20', 'hour', 'day_of_week', 'day_of_month', 'month', 'target', 'target_change']
[2025-07-27T19:36:48.262+0000] {ingestion_inference.py:82} INFO - Scaler chargé : StandardScaler()
[2025-07-27T19:36:48.263+0000] {ingestion_inference.py:84} INFO - Features attendues par le scaler (processor.features) : ['low', 'high', 'open', 'close', 'volume', 'price_change', 'volume_change', 'high_low_ratio', 'close_open_ratio', 'price_range', 'sma_5', 'ema_5', 'volume_sma_5', 'price_vs_sma_5', 'price_vs_ema_5', 'sma_10', 'ema_10', 'volume_sma_10', 'price_vs_sma_10', 'price_vs_ema_10', 'sma_20', 'ema_20', 'volume_sma_20', 'price_vs_sma_20', 'price_vs_ema_20', 'sma_50', 'ema_50', 'volume_sma_50', 'price_vs_sma_50', 'price_vs_ema_50', 'macd', 'macd_signal', 'rsi', 'bbands_upper', 'bbands_lower', 'bbands_position', 'atr', 'volume_sma_ratio', 'close_lag_1', 'volume_lag_1', 'rsi_lag_1', 'price_change_lag_1', 'close_lag_2', 'volume_lag_2', 'rsi_lag_2', 'price_change_lag_2', 'close_lag_3', 'volume_lag_3', 'rsi_lag_3', 'price_change_lag_3', 'close_lag_5', 'volume_lag_5', 'rsi_lag_5', 'price_change_lag_5', 'close_lag_10', 'volume_lag_10', 'rsi_lag_10', 'price_change_lag_10', 'close_std_5', 'volume_std_5', 'price_change_std_5', 'close_min_5', 'close_max_5', 'close_position_5', 'close_std_10', 'volume_std_10', 'price_change_std_10', 'close_min_10', 'close_max_10', 'close_position_10', 'close_std_20', 'volume_std_20', 'price_change_std_20', 'close_min_20', 'close_max_20', 'close_position_20', 'hour', 'day_of_week', 'day_of_month', 'month']
[2025-07-27T19:36:48.266+0000] {ingestion_inference.py:90} INFO - Features sélectionnées pour scaler : ['low', 'high', 'open', 'close', 'volume', 'price_change', 'volume_change', 'high_low_ratio', 'close_open_ratio', 'price_range', 'sma_5', 'ema_5', 'volume_sma_5', 'price_vs_sma_5', 'price_vs_ema_5', 'sma_10', 'ema_10', 'volume_sma_10', 'price_vs_sma_10', 'price_vs_ema_10', 'sma_20', 'ema_20', 'volume_sma_20', 'price_vs_sma_20', 'price_vs_ema_20', 'sma_50', 'ema_50', 'volume_sma_50', 'price_vs_sma_50', 'price_vs_ema_50', 'macd', 'macd_signal', 'rsi', 'bbands_upper', 'bbands_lower', 'bbands_position', 'atr', 'volume_sma_ratio', 'close_lag_1', 'volume_lag_1', 'rsi_lag_1', 'price_change_lag_1', 'close_lag_2', 'volume_lag_2', 'rsi_lag_2', 'price_change_lag_2', 'close_lag_3', 'volume_lag_3', 'rsi_lag_3', 'price_change_lag_3', 'close_lag_5', 'volume_lag_5', 'rsi_lag_5', 'price_change_lag_5', 'close_lag_10', 'volume_lag_10', 'rsi_lag_10', 'price_change_lag_10', 'close_std_5', 'volume_std_5', 'price_change_std_5', 'close_min_5', 'close_max_5', 'close_position_5', 'close_std_10', 'volume_std_10', 'price_change_std_10', 'close_min_10', 'close_max_10', 'close_position_10', 'close_std_20', 'volume_std_20', 'price_change_std_20', 'close_min_20', 'close_max_20', 'close_position_20', 'hour', 'day_of_week', 'day_of_month', 'month']
[2025-07-27T19:36:48.267+0000] {ingestion_inference.py:91} INFO - Shape des données avant scaling : (8591, 80)
[2025-07-27T19:36:48.286+0000] {ingestion_inference.py:96} INFO - Shape des données après scaling : (8591, 80)
[2025-07-27T19:36:48.288+0000] {ingestion_inference.py:104} INFO - Extraction dernière ligne timestamp 8590 pour export : shape=(1, 80)
[2025-07-27T19:36:48.315+0000] {logging_mixin.py:188} WARNING - /home/***/.local/lib/python3.12/site-packages/***/utils/context.py:320 AirflowContextDeprecationWarning: Accessing 'execution_date' from the template is deprecated and will be removed in a future version. Please use 'data_interval_start' or 'logical_date' instead.
[2025-07-27T19:36:48.335+0000] {ingestion_inference.py:118} INFO - Uploaded features to s3://crypto-mlops-bucket/features/date=2025-07-27/hour=19/features.parquet
[2025-07-27T19:36:48.336+0000] {ingestion_inference.py:120} INFO - === Fin du préprocessing ===
[2025-07-27T19:36:48.341+0000] {python.py:237} INFO - Done. Returned value was: None
[2025-07-27T19:36:48.344+0000] {taskinstance.py:441} INFO - ::group::Post task execution logs
[2025-07-27T19:36:48.363+0000] {taskinstance.py:1205} INFO - Marking task as SUCCESS. dag_id=preprocessing_hourly, task_id=preprocess_and_upload, execution_date=20250727T193017, start_date=20250727T193621, end_date=20250727T193648
[2025-07-27T19:36:48.417+0000] {local_task_job_runner.py:240} INFO - Task exited with return code 0
[2025-07-27T19:36:48.449+0000] {taskinstance.py:3482} INFO - 0 downstream tasks scheduled from follow-on schedule check
[2025-07-27T19:36:48.485+0000] {local_task_job_runner.py:222} INFO - ::endgroup::
