[2025-07-26T00:07:19.959+0000] {local_task_job_runner.py:120} INFO - ::group::Pre task execution logs
[2025-07-26T00:07:20.077+0000] {taskinstance.py:2073} INFO - Dependencies all met for dep_context=non-requeueable deps ti=<TaskInstance: training_pipeline.create_bucket manual__2025-07-26T00:07:15.346065+00:00 [queued]>
[2025-07-26T00:07:20.110+0000] {taskinstance.py:2073} INFO - Dependencies all met for dep_context=requeueable deps ti=<TaskInstance: training_pipeline.create_bucket manual__2025-07-26T00:07:15.346065+00:00 [queued]>
[2025-07-26T00:07:20.113+0000] {taskinstance.py:2303} INFO - Starting attempt 1 of 4
[2025-07-26T00:07:20.163+0000] {taskinstance.py:2327} INFO - Executing <Task(PythonOperator): create_bucket> on 2025-07-26 00:07:15.346065+00:00
[2025-07-26T00:07:20.214+0000] {logging_mixin.py:188} WARNING - /home/***/.local/lib/python3.12/site-packages/***/task/task_runner/standard_task_runner.py:61 DeprecationWarning: This process (pid=226) is multi-threaded, use of fork() may lead to deadlocks in the child.
[2025-07-26T00:07:20.213+0000] {standard_task_runner.py:90} INFO - Running: ['***', 'tasks', 'run', 'training_pipeline', 'create_bucket', 'manual__2025-07-26T00:07:15.346065+00:00', '--job-id', '2', '--raw', '--subdir', 'DAGS_FOLDER/training_pipeline.py', '--cfg-path', '/tmp/tmpzu0ebkay']
[2025-07-26T00:07:20.226+0000] {standard_task_runner.py:63} INFO - Started process 253 to run task
[2025-07-26T00:07:20.228+0000] {standard_task_runner.py:91} INFO - Job 2: Subtask create_bucket
[2025-07-26T00:07:20.271+0000] {logging_mixin.py:188} WARNING - /home/***/.local/lib/python3.12/site-packages/***/settings.py:195 DeprecationWarning: The sql_alchemy_conn option in [core] has been moved to the sql_alchemy_conn option in [database] - the old setting has been used, but please update your config.
[2025-07-26T00:07:20.348+0000] {task_command.py:426} INFO - Running <TaskInstance: training_pipeline.create_bucket manual__2025-07-26T00:07:15.346065+00:00 [running]> on host 725668c9b196
[2025-07-26T00:07:20.515+0000] {taskinstance.py:2644} INFO - Exporting env vars: AIRFLOW_CTX_DAG_EMAIL='mlops_team@example.com' AIRFLOW_CTX_DAG_OWNER='mlops' AIRFLOW_CTX_DAG_ID='training_pipeline' AIRFLOW_CTX_TASK_ID='create_bucket' AIRFLOW_CTX_EXECUTION_DATE='2025-07-26T00:07:15.346065+00:00' AIRFLOW_CTX_TRY_NUMBER='1' AIRFLOW_CTX_DAG_RUN_ID='manual__2025-07-26T00:07:15.346065+00:00'
[2025-07-26T00:07:20.517+0000] {taskinstance.py:430} INFO - ::endgroup::
[2025-07-26T00:07:21.253+0000] {training_pipeline.py:42} INFO - Bucket crypto-mlops-bucket inexistant, création...
[2025-07-26T00:07:21.270+0000] {training_pipeline.py:44} INFO - Bucket crypto-mlops-bucket créé ✅
[2025-07-26T00:07:21.271+0000] {python.py:237} INFO - Done. Returned value was: None
[2025-07-26T00:07:21.272+0000] {taskinstance.py:441} INFO - ::group::Post task execution logs
[2025-07-26T00:07:21.286+0000] {taskinstance.py:1205} INFO - Marking task as SUCCESS. dag_id=training_pipeline, task_id=create_bucket, execution_date=20250726T000715, start_date=20250726T000720, end_date=20250726T000721
[2025-07-26T00:07:21.337+0000] {local_task_job_runner.py:240} INFO - Task exited with return code 0
[2025-07-26T00:07:21.369+0000] {taskinstance.py:3482} INFO - 1 downstream tasks scheduled from follow-on schedule check
[2025-07-26T00:07:21.372+0000] {local_task_job_runner.py:222} INFO - ::endgroup::
