[2025-07-31T21:24:41.693+0000] {local_task_job_runner.py:120} INFO - ::group::Pre task execution logs
[2025-07-31T21:24:41.729+0000] {taskinstance.py:2073} INFO - Dependencies all met for dep_context=non-requeueable deps ti=<TaskInstance: training_pipeline.train_model manual__2025-07-31T21:24:21.017476+00:00 [queued]>
[2025-07-31T21:24:41.739+0000] {taskinstance.py:2073} INFO - Dependencies all met for dep_context=requeueable deps ti=<TaskInstance: training_pipeline.train_model manual__2025-07-31T21:24:21.017476+00:00 [queued]>
[2025-07-31T21:24:41.740+0000] {taskinstance.py:2303} INFO - Starting attempt 1 of 4
[2025-07-31T21:24:41.753+0000] {taskinstance.py:2327} INFO - Executing <Task(PythonOperator): train_model> on 2025-07-31 21:24:21.017476+00:00
[2025-07-31T21:24:41.770+0000] {logging_mixin.py:188} WARNING - /home/***/.local/lib/python3.12/site-packages/***/task/task_runner/standard_task_runner.py:61 DeprecationWarning: This process (pid=20899) is multi-threaded, use of fork() may lead to deadlocks in the child.
[2025-07-31T21:24:41.769+0000] {standard_task_runner.py:90} INFO - Running: ['***', 'tasks', 'run', 'training_pipeline', 'train_model', 'manual__2025-07-31T21:24:21.017476+00:00', '--job-id', '268', '--raw', '--subdir', 'DAGS_FOLDER/training_pipeline.py', '--cfg-path', '/tmp/tmpcyrh13bz']
[2025-07-31T21:24:41.771+0000] {standard_task_runner.py:63} INFO - Started process 20919 to run task
[2025-07-31T21:24:41.772+0000] {standard_task_runner.py:91} INFO - Job 268: Subtask train_model
[2025-07-31T21:24:41.787+0000] {logging_mixin.py:188} WARNING - /home/***/.local/lib/python3.12/site-packages/***/settings.py:195 DeprecationWarning: The sql_alchemy_conn option in [core] has been moved to the sql_alchemy_conn option in [database] - the old setting has been used, but please update your config.
[2025-07-31T21:24:41.822+0000] {task_command.py:426} INFO - Running <TaskInstance: training_pipeline.train_model manual__2025-07-31T21:24:21.017476+00:00 [running]> on host 44c57df83f33
[2025-07-31T21:24:41.917+0000] {taskinstance.py:2644} INFO - Exporting env vars: AIRFLOW_CTX_DAG_EMAIL='mlops_team@example.com' AIRFLOW_CTX_DAG_OWNER='mlops' AIRFLOW_CTX_DAG_ID='training_pipeline' AIRFLOW_CTX_TASK_ID='train_model' AIRFLOW_CTX_EXECUTION_DATE='2025-07-31T21:24:21.017476+00:00' AIRFLOW_CTX_TRY_NUMBER='1' AIRFLOW_CTX_DAG_RUN_ID='manual__2025-07-31T21:24:21.017476+00:00'
[2025-07-31T21:24:41.919+0000] {taskinstance.py:430} INFO - ::endgroup::
[2025-07-31T21:24:42.009+0000] {data_processing.py:41} INFO - Loaded 8669 records from S3: data/historical_BTC_USD_20250731120000.csv
[2025-07-31T21:24:42.043+0000] {data_processing.py:41} INFO - Loaded 8669 records from S3: data/historical_BTC_USD_20250731130000.csv
[2025-07-31T21:24:42.059+0000] {data_processing.py:41} INFO - Loaded 288 records from S3: data/historical_BTC_USD_20250731130525.csv
[2025-07-31T21:24:42.096+0000] {data_processing.py:41} INFO - Loaded 8640 records from S3: data/historical_BTC_USD_20250731131241.csv
[2025-07-31T21:24:42.133+0000] {data_processing.py:41} INFO - Loaded 8640 records from S3: data/historical_BTC_USD_20250731133338.csv
[2025-07-31T21:24:42.166+0000] {data_processing.py:41} INFO - Loaded 8669 records from S3: data/historical_BTC_USD_20250731140000.csv
[2025-07-31T21:24:42.198+0000] {data_processing.py:41} INFO - Loaded 8640 records from S3: data/historical_BTC_USD_20250731142123.csv
[2025-07-31T21:24:42.225+0000] {data_processing.py:41} INFO - Loaded 8669 records from S3: data/historical_BTC_USD_20250731150000.csv
[2025-07-31T21:24:42.254+0000] {data_processing.py:41} INFO - Loaded 8640 records from S3: data/historical_BTC_USD_20250731152644.csv
[2025-07-31T21:24:42.269+0000] {data_processing.py:41} INFO - Loaded 288 records from S3: data/historical_BTC_USD_20250731154536.csv
[2025-07-31T21:24:42.297+0000] {data_processing.py:41} INFO - Loaded 8669 records from S3: data/historical_BTC_USD_20250731160000.csv
[2025-07-31T21:24:42.311+0000] {data_processing.py:41} INFO - Loaded 288 records from S3: data/historical_BTC_USD_20250731160221.csv
[2025-07-31T21:24:42.326+0000] {data_processing.py:41} INFO - Loaded 288 records from S3: data/historical_BTC_USD_20250731160852.csv
[2025-07-31T21:24:42.353+0000] {data_processing.py:41} INFO - Loaded 8669 records from S3: data/historical_BTC_USD_20250731190000.csv
[2025-07-31T21:24:42.381+0000] {data_processing.py:41} INFO - Loaded 8669 records from S3: data/historical_BTC_USD_20250731200000.csv
[2025-07-31T21:24:42.397+0000] {data_processing.py:41} INFO - Loaded 288 records from S3: data/historical_BTC_USD_20250731200329.csv
[2025-07-31T21:24:42.427+0000] {data_processing.py:41} INFO - Loaded 8640 records from S3: data/historical_BTC_USD_20250731201208.csv
[2025-07-31T21:24:42.442+0000] {data_processing.py:41} INFO - Loaded 288 records from S3: data/historical_BTC_USD_20250731210452.csv
[2025-07-31T21:24:42.472+0000] {data_processing.py:41} INFO - Loaded 8640 records from S3: data/historical_BTC_USD_20250731210927.csv
[2025-07-31T21:24:42.487+0000] {data_processing.py:41} INFO - Loaded 288 records from S3: data/historical_BTC_USD_20250731212431.csv
[2025-07-31T21:24:42.510+0000] {data_processing.py:84} INFO - Combined 8753 records for BTC-USD
[2025-07-31T21:24:42.628+0000] {data_processing.py:168} INFO - Removed 50 rows with NaN values. Final shape: (8703, 84)
[2025-07-31T21:24:42.638+0000] {logging_mixin.py:188} WARNING - /opt/***/src/data_processing.py:238 FutureWarning: DataFrame.fillna with 'method' is deprecated and will raise in a future version. Use obj.ffill() or obj.bfill() instead.
[2025-07-31T21:24:42.664+0000] {logging_mixin.py:188} WARNING - /opt/***/src/data_processing.py:187 FutureWarning: DataFrame.fillna with 'method' is deprecated and will raise in a future version. Use obj.ffill() or obj.bfill() instead.
[2025-07-31T21:24:42.671+0000] {data_processing.py:189} INFO - Prepared features: (8703, 80), Target: (8703,)
[2025-07-31T21:24:42.671+0000] {data_processing.py:190} INFO - Feature columns: 80
[2025-07-31T21:24:42.704+0000] {data_processing.py:211} INFO - Saved preprocessor to S3: s3://crypto-mlops-bucket/models/preprocessors/scaler_BTC_USD.pickle
[2025-07-31T21:24:42.804+0000] {logging_mixin.py:188} WARNING - 2025/07/31 21:24:42 WARNING mlflow.utils.git_utils: Failed to import Git (the Git executable is probably not on your PATH), so Git SHA is not available. Error: Failed to initialize: Bad git executable.
The git executable must be specified in one of the following ways:
    - be included in your $PATH
    - be set via $GIT_PYTHON_GIT_EXECUTABLE
    - explicitly set via git.refresh(<full-path-to-git-executable>)

All git commands will error until this is rectified.

This initial message can be silenced or aggravated in the future by setting the
$GIT_PYTHON_REFRESH environment variable. Use one of the following values:
    - quiet|q|silence|s|silent|none|n|0: for no message or exception
    - warn|w|warning|log|l|1: for a warning message (logging level CRITICAL, displayed by default)
    - error|e|exception|raise|r|2: for a raised exception

Example:
    export GIT_PYTHON_REFRESH=quiet
[2025-07-31T21:24:43.312+0000] {model.py:92} INFO - Starting hyperparameter optimization with 100 trials
[2025-07-31T21:24:43.459+0000] {logging_mixin.py:188} INFO - Training until validation scores don't improve for 100 rounds
[2025-07-31T21:24:43.845+0000] {logging_mixin.py:188} INFO - Early stopping, best iteration is:
[3]	valid_0's rmse: 0.0802959
[2025-07-31T21:24:43.924+0000] {logging_mixin.py:188} INFO - Training until validation scores don't improve for 100 rounds
[2025-07-31T21:24:44.554+0000] {logging_mixin.py:188} INFO - Early stopping, best iteration is:
[2]	valid_0's rmse: 0.0804013
[2025-07-31T21:24:44.686+0000] {logging_mixin.py:188} INFO - Training until validation scores don't improve for 100 rounds
[2025-07-31T21:24:45.551+0000] {logging_mixin.py:188} INFO - Early stopping, best iteration is:
[5]	valid_0's rmse: 0.0803545
[2025-07-31T21:24:45.664+0000] {logging_mixin.py:188} INFO - Training until validation scores don't improve for 100 rounds
[2025-07-31T21:24:52.966+0000] {logging_mixin.py:188} INFO - Early stopping, best iteration is:
[2]	valid_0's rmse: 0.0803574
[2025-07-31T21:24:53.208+0000] {logging_mixin.py:188} INFO - Training until validation scores don't improve for 100 rounds
[2025-07-31T21:24:56.257+0000] {logging_mixin.py:188} INFO - Early stopping, best iteration is:
[2]	valid_0's rmse: 0.0803538
[2025-07-31T21:24:56.798+0000] {logging_mixin.py:188} INFO - Training until validation scores don't improve for 100 rounds
[2025-07-31T21:25:07.291+0000] {logging_mixin.py:188} INFO - Early stopping, best iteration is:
[29]	valid_0's rmse: 0.0802128
[2025-07-31T21:25:07.413+0000] {logging_mixin.py:188} INFO - Training until validation scores don't improve for 100 rounds
[2025-07-31T21:25:08.519+0000] {logging_mixin.py:188} INFO - Early stopping, best iteration is:
[1]	valid_0's rmse: 0.0802427
[2025-07-31T21:25:08.589+0000] {logging_mixin.py:188} INFO - Training until validation scores don't improve for 100 rounds
[2025-07-31T21:25:09.351+0000] {logging_mixin.py:188} INFO - Early stopping, best iteration is:
[1]	valid_0's rmse: 0.0804115
[2025-07-31T21:25:09.458+0000] {logging_mixin.py:188} INFO - Training until validation scores don't improve for 100 rounds
[2025-07-31T21:25:12.083+0000] {logging_mixin.py:188} INFO - Early stopping, best iteration is:
[2]	valid_0's rmse: 0.080186
[2025-07-31T21:25:12.910+0000] {logging_mixin.py:188} INFO - Training until validation scores don't improve for 100 rounds
[2025-07-31T21:25:29.762+0000] {logging_mixin.py:188} INFO - Early stopping, best iteration is:
[4]	valid_0's rmse: 0.0802682
[2025-07-31T21:25:29.922+0000] {logging_mixin.py:188} INFO - Training until validation scores don't improve for 100 rounds
[2025-07-31T21:25:30.993+0000] {logging_mixin.py:188} INFO - Early stopping, best iteration is:
[3]	valid_0's rmse: 0.0803982
[2025-07-31T21:25:31.353+0000] {logging_mixin.py:188} INFO - Training until validation scores don't improve for 100 rounds
[2025-07-31T21:25:34.364+0000] {logging_mixin.py:188} INFO - Early stopping, best iteration is:
[44]	valid_0's rmse: 0.0802624
[2025-07-31T21:25:34.897+0000] {logging_mixin.py:188} INFO - Training until validation scores don't improve for 100 rounds
[2025-07-31T21:25:47.258+0000] {logging_mixin.py:188} INFO - Early stopping, best iteration is:
[1]	valid_0's rmse: 0.0802316
[2025-07-31T21:25:47.378+0000] {logging_mixin.py:188} INFO - Training until validation scores don't improve for 100 rounds
[2025-07-31T21:25:47.956+0000] {logging_mixin.py:188} INFO - Early stopping, best iteration is:
[46]	valid_0's rmse: 0.0802958
[2025-07-31T21:25:48.078+0000] {logging_mixin.py:188} INFO - Training until validation scores don't improve for 100 rounds
[2025-07-31T21:25:48.288+0000] {logging_mixin.py:188} INFO - Early stopping, best iteration is:
[4]	valid_0's rmse: 0.0801834
[2025-07-31T21:25:48.448+0000] {logging_mixin.py:188} INFO - Training until validation scores don't improve for 100 rounds
[2025-07-31T21:25:48.934+0000] {logging_mixin.py:188} INFO - Early stopping, best iteration is:
[1]	valid_0's rmse: 0.0803223
[2025-07-31T21:25:49.042+0000] {logging_mixin.py:188} INFO - Training until validation scores don't improve for 100 rounds
[2025-07-31T21:25:49.304+0000] {logging_mixin.py:188} INFO - Early stopping, best iteration is:
[3]	valid_0's rmse: 0.0802176
[2025-07-31T21:25:49.422+0000] {logging_mixin.py:188} INFO - Training until validation scores don't improve for 100 rounds
[2025-07-31T21:25:50.467+0000] {logging_mixin.py:188} INFO - Early stopping, best iteration is:
[3]	valid_0's rmse: 0.0802001
[2025-07-31T21:25:50.581+0000] {logging_mixin.py:188} INFO - Training until validation scores don't improve for 100 rounds
[2025-07-31T21:25:50.946+0000] {logging_mixin.py:188} INFO - Early stopping, best iteration is:
[1]	valid_0's rmse: 0.0804088
[2025-07-31T21:25:51.168+0000] {logging_mixin.py:188} INFO - Training until validation scores don't improve for 100 rounds
[2025-07-31T21:25:51.677+0000] {logging_mixin.py:188} INFO - Early stopping, best iteration is:
[2]	valid_0's rmse: 0.0803245
[2025-07-31T21:25:51.852+0000] {logging_mixin.py:188} INFO - Training until validation scores don't improve for 100 rounds
[2025-07-31T21:26:00.231+0000] {logging_mixin.py:188} INFO - Early stopping, best iteration is:
[1]	valid_0's rmse: 0.0802713
[2025-07-31T21:26:00.519+0000] {logging_mixin.py:188} INFO - Training until validation scores don't improve for 100 rounds
[2025-07-31T21:26:04.909+0000] {logging_mixin.py:188} INFO - Early stopping, best iteration is:
[2]	valid_0's rmse: 0.0804149
[2025-07-31T21:26:05.035+0000] {logging_mixin.py:188} INFO - Training until validation scores don't improve for 100 rounds
[2025-07-31T21:26:05.964+0000] {logging_mixin.py:188} INFO - Early stopping, best iteration is:
[5]	valid_0's rmse: 0.0802553
[2025-07-31T21:26:06.191+0000] {logging_mixin.py:188} INFO - Training until validation scores don't improve for 100 rounds
[2025-07-31T21:26:15.451+0000] {logging_mixin.py:188} INFO - Early stopping, best iteration is:
[2]	valid_0's rmse: 0.080441
[2025-07-31T21:26:16.313+0000] {logging_mixin.py:188} INFO - Training until validation scores don't improve for 100 rounds
[2025-07-31T21:26:28.431+0000] {logging_mixin.py:188} INFO - Early stopping, best iteration is:
[3]	valid_0's rmse: 0.0802254
[2025-07-31T21:26:28.554+0000] {logging_mixin.py:188} INFO - Training until validation scores don't improve for 100 rounds
[2025-07-31T21:26:27.556+0000] {logging_mixin.py:188} INFO - Early stopping, best iteration is:
[1]	valid_0's rmse: 0.0802759
[2025-07-31T21:26:27.686+0000] {logging_mixin.py:188} INFO - Training until validation scores don't improve for 100 rounds
[2025-07-31T21:26:28.497+0000] {logging_mixin.py:188} INFO - Early stopping, best iteration is:
[1]	valid_0's rmse: 0.0805917
[2025-07-31T21:26:28.620+0000] {logging_mixin.py:188} INFO - Training until validation scores don't improve for 100 rounds
[2025-07-31T21:26:29.161+0000] {logging_mixin.py:188} INFO - Early stopping, best iteration is:
[5]	valid_0's rmse: 0.0803119
[2025-07-31T21:26:29.314+0000] {logging_mixin.py:188} INFO - Training until validation scores don't improve for 100 rounds
[2025-07-31T21:26:30.301+0000] {logging_mixin.py:188} INFO - Early stopping, best iteration is:
[1]	valid_0's rmse: 0.0805181
[2025-07-31T21:26:30.737+0000] {logging_mixin.py:188} INFO - Training until validation scores don't improve for 100 rounds
[2025-07-31T21:26:40.722+0000] {logging_mixin.py:188} INFO - Early stopping, best iteration is:
[1]	valid_0's rmse: 0.0804182
[2025-07-31T21:26:40.950+0000] {logging_mixin.py:188} INFO - Training until validation scores don't improve for 100 rounds
[2025-07-31T21:26:43.877+0000] {logging_mixin.py:188} INFO - Early stopping, best iteration is:
[1]	valid_0's rmse: 0.080356
[2025-07-31T21:26:43.990+0000] {logging_mixin.py:188} INFO - Training until validation scores don't improve for 100 rounds
[2025-07-31T21:26:44.201+0000] {logging_mixin.py:188} INFO - Early stopping, best iteration is:
[11]	valid_0's rmse: 0.0803078
[2025-07-31T21:26:44.315+0000] {logging_mixin.py:188} INFO - Training until validation scores don't improve for 100 rounds
[2025-07-31T21:26:44.687+0000] {logging_mixin.py:188} INFO - Early stopping, best iteration is:
[6]	valid_0's rmse: 0.0802122
[2025-07-31T21:26:44.819+0000] {logging_mixin.py:188} INFO - Training until validation scores don't improve for 100 rounds
[2025-07-31T21:26:45.290+0000] {logging_mixin.py:188} INFO - Early stopping, best iteration is:
[8]	valid_0's rmse: 0.0802484
[2025-07-31T21:26:45.409+0000] {logging_mixin.py:188} INFO - Training until validation scores don't improve for 100 rounds
[2025-07-31T21:26:45.586+0000] {logging_mixin.py:188} INFO - Early stopping, best iteration is:
[3]	valid_0's rmse: 0.0802633
[2025-07-31T21:26:45.719+0000] {logging_mixin.py:188} INFO - Training until validation scores don't improve for 100 rounds
[2025-07-31T21:26:46.428+0000] {logging_mixin.py:188} INFO - Early stopping, best iteration is:
[3]	valid_0's rmse: 0.0802303
[2025-07-31T21:26:46.670+0000] {logging_mixin.py:188} INFO - Training until validation scores don't improve for 100 rounds
[2025-07-31T21:26:46.971+0000] {logging_mixin.py:188} INFO - Early stopping, best iteration is:
[1]	valid_0's rmse: 0.0803282
[2025-07-31T21:26:47.147+0000] {logging_mixin.py:188} INFO - Training until validation scores don't improve for 100 rounds
[2025-07-31T21:26:47.476+0000] {logging_mixin.py:188} INFO - Early stopping, best iteration is:
[5]	valid_0's rmse: 0.0802709
[2025-07-31T21:26:47.602+0000] {logging_mixin.py:188} INFO - Training until validation scores don't improve for 100 rounds
[2025-07-31T21:26:48.014+0000] {logging_mixin.py:188} INFO - Early stopping, best iteration is:
[1]	valid_0's rmse: 0.0803606
[2025-07-31T21:26:48.214+0000] {logging_mixin.py:188} INFO - Training until validation scores don't improve for 100 rounds
[2025-07-31T21:26:48.503+0000] {logging_mixin.py:188} INFO - Early stopping, best iteration is:
[9]	valid_0's rmse: 0.0803198
[2025-07-31T21:26:48.685+0000] {logging_mixin.py:188} INFO - Training until validation scores don't improve for 100 rounds
[2025-07-31T21:26:56.216+0000] {logging_mixin.py:188} INFO - Early stopping, best iteration is:
[5]	valid_0's rmse: 0.0802559
[2025-07-31T21:26:54.710+0000] {logging_mixin.py:188} INFO - Training until validation scores don't improve for 100 rounds
[2025-07-31T21:26:55.016+0000] {logging_mixin.py:188} INFO - Early stopping, best iteration is:
[29]	valid_0's rmse: 0.0802846
[2025-07-31T21:26:55.164+0000] {logging_mixin.py:188} INFO - Training until validation scores don't improve for 100 rounds
[2025-07-31T21:26:55.431+0000] {logging_mixin.py:188} INFO - Early stopping, best iteration is:
[22]	valid_0's rmse: 0.0802492
[2025-07-31T21:26:55.551+0000] {logging_mixin.py:188} INFO - Training until validation scores don't improve for 100 rounds
[2025-07-31T21:26:56.012+0000] {logging_mixin.py:188} INFO - Early stopping, best iteration is:
[4]	valid_0's rmse: 0.0803362
[2025-07-31T21:26:56.156+0000] {logging_mixin.py:188} INFO - Training until validation scores don't improve for 100 rounds
[2025-07-31T21:26:56.448+0000] {logging_mixin.py:188} INFO - Early stopping, best iteration is:
[65]	valid_0's rmse: 0.0802449
[2025-07-31T21:26:56.569+0000] {logging_mixin.py:188} INFO - Training until validation scores don't improve for 100 rounds
[2025-07-31T21:26:57.328+0000] {logging_mixin.py:188} INFO - Early stopping, best iteration is:
[3]	valid_0's rmse: 0.0801723
[2025-07-31T21:26:59.737+0000] {logging_mixin.py:188} INFO - Training until validation scores don't improve for 100 rounds
[2025-07-31T21:27:04.573+0000] {logging_mixin.py:188} INFO - Early stopping, best iteration is:
[8]	valid_0's rmse: 0.0802331
[2025-07-31T21:27:04.702+0000] {logging_mixin.py:188} INFO - Training until validation scores don't improve for 100 rounds
[2025-07-31T21:27:04.868+0000] {logging_mixin.py:188} INFO - Early stopping, best iteration is:
[7]	valid_0's rmse: 0.0803129
[2025-07-31T21:27:04.995+0000] {logging_mixin.py:188} INFO - Training until validation scores don't improve for 100 rounds
[2025-07-31T21:27:05.410+0000] {logging_mixin.py:188} INFO - Early stopping, best iteration is:
[6]	valid_0's rmse: 0.0802213
[2025-07-31T21:27:05.531+0000] {logging_mixin.py:188} INFO - Training until validation scores don't improve for 100 rounds
[2025-07-31T21:27:06.172+0000] {logging_mixin.py:188} INFO - Early stopping, best iteration is:
[1]	valid_0's rmse: 0.0804124
[2025-07-31T21:27:06.289+0000] {logging_mixin.py:188} INFO - Training until validation scores don't improve for 100 rounds
[2025-07-31T21:27:07.040+0000] {logging_mixin.py:188} INFO - Early stopping, best iteration is:
[1]	valid_0's rmse: 0.080363
[2025-07-31T21:27:07.180+0000] {logging_mixin.py:188} INFO - Training until validation scores don't improve for 100 rounds
[2025-07-31T21:27:07.330+0000] {logging_mixin.py:188} INFO - Early stopping, best iteration is:
[3]	valid_0's rmse: 0.0802853
[2025-07-31T21:27:07.473+0000] {logging_mixin.py:188} INFO - Training until validation scores don't improve for 100 rounds
[2025-07-31T21:27:07.700+0000] {logging_mixin.py:188} INFO - Early stopping, best iteration is:
[9]	valid_0's rmse: 0.0803234
[2025-07-31T21:27:07.820+0000] {logging_mixin.py:188} INFO - Training until validation scores don't improve for 100 rounds
[2025-07-31T21:27:08.040+0000] {logging_mixin.py:188} INFO - Early stopping, best iteration is:
[29]	valid_0's rmse: 0.0801737
[2025-07-31T21:27:08.211+0000] {logging_mixin.py:188} INFO - Training until validation scores don't improve for 100 rounds
[2025-07-31T21:27:08.381+0000] {logging_mixin.py:188} INFO - Early stopping, best iteration is:
[27]	valid_0's rmse: 0.0802895
[2025-07-31T21:27:08.498+0000] {logging_mixin.py:188} INFO - Training until validation scores don't improve for 100 rounds
[2025-07-31T21:27:09.968+0000] {logging_mixin.py:188} INFO - Early stopping, best iteration is:
[2]	valid_0's rmse: 0.0803671
[2025-07-31T21:27:10.201+0000] {logging_mixin.py:188} INFO - Training until validation scores don't improve for 100 rounds
[2025-07-31T21:27:10.994+0000] {logging_mixin.py:188} INFO - Early stopping, best iteration is:
[2]	valid_0's rmse: 0.0803124
[2025-07-31T21:27:11.794+0000] {logging_mixin.py:188} INFO - Training until validation scores don't improve for 100 rounds
[2025-07-31T21:27:23.720+0000] {logging_mixin.py:188} INFO - Early stopping, best iteration is:
[2]	valid_0's rmse: 0.0802147
[2025-07-31T21:27:23.856+0000] {logging_mixin.py:188} INFO - Training until validation scores don't improve for 100 rounds
[2025-07-31T21:27:24.464+0000] {logging_mixin.py:188} INFO - Early stopping, best iteration is:
[3]	valid_0's rmse: 0.0802967
[2025-07-31T21:27:22.692+0000] {logging_mixin.py:188} INFO - Training until validation scores don't improve for 100 rounds
[2025-07-31T21:27:28.816+0000] {logging_mixin.py:188} INFO - Early stopping, best iteration is:
[1]	valid_0's rmse: 0.0804207
[2025-07-31T21:27:29.978+0000] {logging_mixin.py:188} INFO - Training until validation scores don't improve for 100 rounds
[2025-07-31T21:27:33.867+0000] {logging_mixin.py:188} INFO - Early stopping, best iteration is:
[1]	valid_0's rmse: 0.0803875
[2025-07-31T21:27:33.999+0000] {logging_mixin.py:188} INFO - Training until validation scores don't improve for 100 rounds
[2025-07-31T21:27:34.310+0000] {logging_mixin.py:188} INFO - Early stopping, best iteration is:
[27]	valid_0's rmse: 0.0802015
[2025-07-31T21:27:34.437+0000] {logging_mixin.py:188} INFO - Training until validation scores don't improve for 100 rounds
[2025-07-31T21:27:34.950+0000] {logging_mixin.py:188} INFO - Early stopping, best iteration is:
[25]	valid_0's rmse: 0.0802667
[2025-07-31T21:27:35.223+0000] {logging_mixin.py:188} INFO - Training until validation scores don't improve for 100 rounds
[2025-07-31T21:27:42.319+0000] {logging_mixin.py:188} INFO - Early stopping, best iteration is:
[33]	valid_0's rmse: 0.0802583
[2025-07-31T21:27:42.471+0000] {logging_mixin.py:188} INFO - Training until validation scores don't improve for 100 rounds
[2025-07-31T21:27:43.503+0000] {logging_mixin.py:188} INFO - Early stopping, best iteration is:
[6]	valid_0's rmse: 0.0802117
[2025-07-31T21:27:43.684+0000] {logging_mixin.py:188} INFO - Training until validation scores don't improve for 100 rounds
[2025-07-31T21:27:45.169+0000] {logging_mixin.py:188} INFO - Early stopping, best iteration is:
[18]	valid_0's rmse: 0.080241
[2025-07-31T21:27:45.285+0000] {logging_mixin.py:188} INFO - Training until validation scores don't improve for 100 rounds
[2025-07-31T21:27:47.092+0000] {logging_mixin.py:188} INFO - Early stopping, best iteration is:
[12]	valid_0's rmse: 0.0801731
[2025-07-31T21:27:47.383+0000] {logging_mixin.py:188} INFO - Training until validation scores don't improve for 100 rounds
[2025-07-31T21:27:49.040+0000] {logging_mixin.py:188} INFO - Early stopping, best iteration is:
[4]	valid_0's rmse: 0.080273
[2025-07-31T21:27:49.190+0000] {logging_mixin.py:188} INFO - Training until validation scores don't improve for 100 rounds
[2025-07-31T21:27:50.005+0000] {logging_mixin.py:188} INFO - Early stopping, best iteration is:
[5]	valid_0's rmse: 0.0802846
[2025-07-31T21:27:50.181+0000] {logging_mixin.py:188} INFO - Training until validation scores don't improve for 100 rounds
[2025-07-31T21:27:50.442+0000] {logging_mixin.py:188} INFO - Early stopping, best iteration is:
[1]	valid_0's rmse: 0.0803324
[2025-07-31T21:27:50.591+0000] {logging_mixin.py:188} INFO - Training until validation scores don't improve for 100 rounds
[2025-07-31T21:27:50.144+0000] {logging_mixin.py:188} INFO - Early stopping, best iteration is:
[5]	valid_0's rmse: 0.0802844
[2025-07-31T21:27:50.835+0000] {logging_mixin.py:188} INFO - Training until validation scores don't improve for 100 rounds
[2025-07-31T21:28:01.009+0000] {logging_mixin.py:188} INFO - Early stopping, best iteration is:
[2]	valid_0's rmse: 0.0803399
[2025-07-31T21:28:01.241+0000] {logging_mixin.py:188} INFO - Training until validation scores don't improve for 100 rounds
[2025-07-31T21:28:02.008+0000] {logging_mixin.py:188} INFO - Early stopping, best iteration is:
[8]	valid_0's rmse: 0.080248
[2025-07-31T21:28:02.190+0000] {logging_mixin.py:188} INFO - Training until validation scores don't improve for 100 rounds
[2025-07-31T21:28:03.052+0000] {logging_mixin.py:188} INFO - Early stopping, best iteration is:
[6]	valid_0's rmse: 0.0802897
[2025-07-31T21:28:03.179+0000] {logging_mixin.py:188} INFO - Training until validation scores don't improve for 100 rounds
[2025-07-31T21:28:04.171+0000] {logging_mixin.py:188} INFO - Early stopping, best iteration is:
[2]	valid_0's rmse: 0.0803639
[2025-07-31T21:28:04.319+0000] {logging_mixin.py:188} INFO - Training until validation scores don't improve for 100 rounds
[2025-07-31T21:28:11.168+0000] {logging_mixin.py:188} INFO - Early stopping, best iteration is:
[4]	valid_0's rmse: 0.0801601
[2025-07-31T21:28:11.387+0000] {logging_mixin.py:188} INFO - Training until validation scores don't improve for 100 rounds
[2025-07-31T21:28:25.303+0000] {logging_mixin.py:188} INFO - Early stopping, best iteration is:
[2]	valid_0's rmse: 0.0803033
[2025-07-31T21:28:26.062+0000] {logging_mixin.py:188} INFO - Training until validation scores don't improve for 100 rounds
[2025-07-31T21:29:38.041+0000] {logging_mixin.py:188} INFO - Early stopping, best iteration is:
[1]	valid_0's rmse: 0.080318
[2025-07-31T21:29:39.440+0000] {logging_mixin.py:188} INFO - Training until validation scores don't improve for 100 rounds
[2025-07-31T21:29:47.705+0000] {logging_mixin.py:188} INFO - Early stopping, best iteration is:
[1]	valid_0's rmse: 0.0803067
[2025-07-31T21:29:47.866+0000] {logging_mixin.py:188} INFO - Training until validation scores don't improve for 100 rounds
[2025-07-31T21:29:49.877+0000] {logging_mixin.py:188} INFO - Early stopping, best iteration is:
[2]	valid_0's rmse: 0.0803264
[2025-07-31T21:29:50.084+0000] {logging_mixin.py:188} INFO - Training until validation scores don't improve for 100 rounds
[2025-07-31T21:30:28.818+0000] {logging_mixin.py:188} INFO - Early stopping, best iteration is:
[4]	valid_0's rmse: 0.080281
[2025-07-31T21:30:29.098+0000] {logging_mixin.py:188} INFO - Training until validation scores don't improve for 100 rounds
[2025-07-31T21:30:57.851+0000] {logging_mixin.py:188} INFO - Early stopping, best iteration is:
[18]	valid_0's rmse: 0.0802969
[2025-07-31T21:30:58.009+0000] {logging_mixin.py:188} INFO - Training until validation scores don't improve for 100 rounds
[2025-07-31T21:31:02.864+0000] {logging_mixin.py:188} INFO - Early stopping, best iteration is:
[4]	valid_0's rmse: 0.0803936
[2025-07-31T21:31:02.988+0000] {logging_mixin.py:188} INFO - Training until validation scores don't improve for 100 rounds
[2025-07-31T21:31:04.785+0000] {logging_mixin.py:188} INFO - Early stopping, best iteration is:
[3]	valid_0's rmse: 0.0803831
[2025-07-31T21:31:04.965+0000] {logging_mixin.py:188} INFO - Training until validation scores don't improve for 100 rounds
[2025-07-31T21:31:16.376+0000] {logging_mixin.py:188} INFO - Early stopping, best iteration is:
[9]	valid_0's rmse: 0.0802853
[2025-07-31T21:31:16.582+0000] {logging_mixin.py:188} INFO - Training until validation scores don't improve for 100 rounds
[2025-07-31T21:31:52.446+0000] {logging_mixin.py:188} INFO - Early stopping, best iteration is:
[5]	valid_0's rmse: 0.0801841
[2025-07-31T21:31:52.917+0000] {logging_mixin.py:188} INFO - Training until validation scores don't improve for 100 rounds
[2025-07-31T21:32:24.453+0000] {logging_mixin.py:188} INFO - Early stopping, best iteration is:
[3]	valid_0's rmse: 0.0800652
[2025-07-31T21:32:26.418+0000] {logging_mixin.py:188} INFO - Training until validation scores don't improve for 100 rounds
[2025-07-31T21:32:27.325+0000] {logging_mixin.py:188} INFO - Early stopping, best iteration is:
[3]	valid_0's rmse: 0.0800905
[2025-07-31T21:32:27.459+0000] {logging_mixin.py:188} INFO - Training until validation scores don't improve for 100 rounds
[2025-07-31T21:32:28.350+0000] {logging_mixin.py:188} INFO - Early stopping, best iteration is:
[1]	valid_0's rmse: 0.0802352
[2025-07-31T21:32:28.515+0000] {logging_mixin.py:188} INFO - Training until validation scores don't improve for 100 rounds
[2025-07-31T21:32:27.473+0000] {logging_mixin.py:188} INFO - Early stopping, best iteration is:
[2]	valid_0's rmse: 0.0802956
[2025-07-31T21:32:27.646+0000] {logging_mixin.py:188} INFO - Training until validation scores don't improve for 100 rounds
[2025-07-31T21:32:27.938+0000] {logging_mixin.py:188} INFO - Early stopping, best iteration is:
[1]	valid_0's rmse: 0.0803948
[2025-07-31T21:32:28.081+0000] {logging_mixin.py:188} INFO - Training until validation scores don't improve for 100 rounds
[2025-07-31T21:32:29.063+0000] {logging_mixin.py:188} INFO - Early stopping, best iteration is:
[1]	valid_0's rmse: 0.080251
[2025-07-31T21:32:29.204+0000] {logging_mixin.py:188} INFO - Training until validation scores don't improve for 100 rounds
[2025-07-31T21:32:29.981+0000] {logging_mixin.py:188} INFO - Early stopping, best iteration is:
[1]	valid_0's rmse: 0.080447
[2025-07-31T21:32:30.388+0000] {logging_mixin.py:188} INFO - Training until validation scores don't improve for 100 rounds
[2025-07-31T21:32:33.898+0000] {logging_mixin.py:188} INFO - Early stopping, best iteration is:
[2]	valid_0's rmse: 0.0802305
[2025-07-31T21:32:34.033+0000] {logging_mixin.py:188} INFO - Training until validation scores don't improve for 100 rounds
[2025-07-31T21:32:34.466+0000] {logging_mixin.py:188} INFO - Early stopping, best iteration is:
[1]	valid_0's rmse: 0.0802172
[2025-07-31T21:32:34.595+0000] {logging_mixin.py:188} INFO - Training until validation scores don't improve for 100 rounds
[2025-07-31T21:32:35.561+0000] {logging_mixin.py:188} INFO - Early stopping, best iteration is:
[1]	valid_0's rmse: 0.080495
[2025-07-31T21:32:35.687+0000] {logging_mixin.py:188} INFO - Training until validation scores don't improve for 100 rounds
[2025-07-31T21:32:36.462+0000] {logging_mixin.py:188} INFO - Early stopping, best iteration is:
[3]	valid_0's rmse: 0.08019
[2025-07-31T21:32:36.587+0000] {logging_mixin.py:188} INFO - Training until validation scores don't improve for 100 rounds
[2025-07-31T21:32:37.436+0000] {logging_mixin.py:188} INFO - Early stopping, best iteration is:
[3]	valid_0's rmse: 0.0803281
[2025-07-31T21:32:37.569+0000] {logging_mixin.py:188} INFO - Training until validation scores don't improve for 100 rounds
[2025-07-31T21:32:38.365+0000] {logging_mixin.py:188} INFO - Early stopping, best iteration is:
[4]	valid_0's rmse: 0.0801802
[2025-07-31T21:32:38.509+0000] {logging_mixin.py:188} INFO - Training until validation scores don't improve for 100 rounds
[2025-07-31T21:32:38.988+0000] {logging_mixin.py:188} INFO - Early stopping, best iteration is:
[5]	valid_0's rmse: 0.0802505
[2025-07-31T21:32:38.996+0000] {model.py:100} INFO - Best parameters: {'num_leaves': 48, 'learning_rate': 0.20702475377399457, 'feature_fraction': 0.9606806072773013, 'bagging_fraction': 0.5827008409514118, 'bagging_freq': 4, 'min_child_samples': 46, 'max_depth': 8, 'reg_alpha': 0.5960755303732067, 'reg_lambda': 0.3050676782997993}
[2025-07-31T21:32:38.998+0000] {model.py:101} INFO - Best RMSE: 0.0801
[2025-07-31T21:32:39.184+0000] {logging_mixin.py:188} INFO - Training until validation scores don't improve for 100 rounds
[2025-07-31T21:32:39.969+0000] {logging_mixin.py:188} INFO - [100]	train's rmse: 0.0647404	val's rmse: 0.0879091
[2025-07-31T21:32:39.986+0000] {logging_mixin.py:188} INFO - Early stopping, best iteration is:
[3]	train's rmse: 0.100104	val's rmse: 0.0800652
[2025-07-31T21:32:40.169+0000] {credentials.py:1147} INFO - Found credentials in environment variables.
[2025-07-31T21:32:50.383+0000] {logging_mixin.py:188} WARNING - 2025/07/31 21:32:50 WARNING mlflow.models.model: Model logged without a signature and input example. Please set `input_example` parameter when logging the model to auto infer the model signature.
[2025-07-31T21:32:50.745+0000] {logging_mixin.py:188} WARNING - Registered model 'crypto_lightgbm_model_BTC_USD' already exists. Creating a new version of this model...
[2025-07-31T21:32:50.894+0000] {logging_mixin.py:188} WARNING - 2025/07/31 21:32:50 INFO mlflow.store.model_registry.abstract_store: Waiting up to 300 seconds for model version to finish creation. Model name: crypto_lightgbm_model_BTC_USD, version 22
[2025-07-31T21:32:50.896+0000] {logging_mixin.py:188} WARNING - Created version '22' of model 'crypto_lightgbm_model_BTC_USD'.
[2025-07-31T21:32:50.899+0000] {model.py:207} INFO - Training completed. MLflow run ID: e2c30ce12d0945569e44fe11d0be9e60
[2025-07-31T21:32:50.934+0000] {model.py:341} INFO - Saved training metrics to S3: s3://crypto-mlops-bucket/models//metrics/metrics.json
[2025-07-31T21:32:54.401+0000] {model.py:302} INFO - Saved training reference data to S3: s3://crypto-mlops-bucket/models/BTC-USD/reference/train_e2c30ce12d0945569e44fe11d0be9e60.csv
[2025-07-31T21:32:54.402+0000] {model.py:303} INFO - Saved validation reference data to S3: s3://crypto-mlops-bucket/models/BTC-USD/reference/val_e2c30ce12d0945569e44fe11d0be9e60.csv
[2025-07-31T21:32:54.446+0000] {logging_mixin.py:188} INFO - 🏃 View run lightgbm_training_BTC-USD_20250731_212442 at: http://mlflow:5000/#/experiments/0/runs/e2c30ce12d0945569e44fe11d0be9e60
[2025-07-31T21:32:54.447+0000] {logging_mixin.py:188} INFO - 🧪 View experiment at: http://mlflow:5000/#/experiments/0
[2025-07-31T21:32:54.479+0000] {training_pipeline.py:139} INFO - Métriques nettoyées: {'train_rmse': 0.100104, 'val_rmse': 0.080065, 'train_mae': 0.068297, 'val_mae': 0.057353, 'train_r2': 0.042279, 'val_r2': 0.007102}
[2025-07-31T21:32:54.547+0000] {model.py:387} INFO - Saved model to S3: s3://crypto-mlops-bucket/models/BTC-USD/model_e2c30ce12d0945569e44fe11d0be9e60.txt
[2025-07-31T21:32:54.555+0000] {python.py:237} INFO - Done. Returned value was: None
[2025-07-31T21:32:54.559+0000] {taskinstance.py:441} INFO - ::group::Post task execution logs
[2025-07-31T21:32:54.602+0000] {taskinstance.py:1205} INFO - Marking task as SUCCESS. dag_id=training_pipeline, task_id=train_model, execution_date=20250731T212421, start_date=20250731T212441, end_date=20250731T213254
[2025-07-31T21:32:54.704+0000] {local_task_job_runner.py:240} INFO - Task exited with return code 0
[2025-07-31T21:32:54.796+0000] {taskinstance.py:3482} INFO - 0 downstream tasks scheduled from follow-on schedule check
[2025-07-31T21:32:54.800+0000] {local_task_job_runner.py:222} INFO - ::endgroup::
