[2025-07-26T23:11:58.313+0000] {local_task_job_runner.py:120} INFO - ::group::Pre task execution logs
[2025-07-26T23:11:58.345+0000] {taskinstance.py:2073} INFO - Dependencies all met for dep_context=non-requeueable deps ti=<TaskInstance: drift_monitoring_pipeline.check_drift manual__2025-07-26T23:11:51.885784+00:00 [queued]>
[2025-07-26T23:11:58.355+0000] {taskinstance.py:2073} INFO - Dependencies all met for dep_context=requeueable deps ti=<TaskInstance: drift_monitoring_pipeline.check_drift manual__2025-07-26T23:11:51.885784+00:00 [queued]>
[2025-07-26T23:11:58.386+0000] {taskinstance.py:2303} INFO - Starting attempt 1 of 1
[2025-07-26T23:11:58.403+0000] {taskinstance.py:2327} INFO - Executing <Task(PythonOperator): check_drift> on 2025-07-26 23:11:51.885784+00:00
[2025-07-26T23:11:58.416+0000] {logging_mixin.py:188} WARNING - /home/***/.local/lib/python3.12/site-packages/***/task/task_runner/standard_task_runner.py:61 DeprecationWarning: This process (pid=477) is multi-threaded, use of fork() may lead to deadlocks in the child.
[2025-07-26T23:11:58.417+0000] {standard_task_runner.py:63} INFO - Started process 479 to run task
[2025-07-26T23:11:58.415+0000] {standard_task_runner.py:90} INFO - Running: ['***', 'tasks', 'run', 'drift_monitoring_pipeline', 'check_drift', 'manual__2025-07-26T23:11:51.885784+00:00', '--job-id', '8', '--raw', '--subdir', 'DAGS_FOLDER/drift_monitoring.py', '--cfg-path', '/tmp/tmpoiicz0c3']
[2025-07-26T23:11:58.418+0000] {standard_task_runner.py:91} INFO - Job 8: Subtask check_drift
[2025-07-26T23:11:58.436+0000] {logging_mixin.py:188} WARNING - /home/***/.local/lib/python3.12/site-packages/***/settings.py:195 DeprecationWarning: The sql_alchemy_conn option in [core] has been moved to the sql_alchemy_conn option in [database] - the old setting has been used, but please update your config.
[2025-07-26T23:11:58.482+0000] {task_command.py:426} INFO - Running <TaskInstance: drift_monitoring_pipeline.check_drift manual__2025-07-26T23:11:51.885784+00:00 [running]> on host 1c2f5c12c560
[2025-07-26T23:11:58.653+0000] {taskinstance.py:2644} INFO - Exporting env vars: AIRFLOW_CTX_DAG_EMAIL='salima.mamma25@gmail.com' AIRFLOW_CTX_DAG_OWNER='mlops' AIRFLOW_CTX_DAG_ID='drift_monitoring_pipeline' AIRFLOW_CTX_TASK_ID='check_drift' AIRFLOW_CTX_EXECUTION_DATE='2025-07-26T23:11:51.885784+00:00' AIRFLOW_CTX_TRY_NUMBER='1' AIRFLOW_CTX_DAG_RUN_ID='manual__2025-07-26T23:11:51.885784+00:00'
[2025-07-26T23:11:58.655+0000] {taskinstance.py:430} INFO - ::endgroup::
[2025-07-26T23:11:58.793+0000] {drift_monitoring.py:67} INFO - ✅ val_mae actuel = 0.0320, seuil = 0.05
[2025-07-26T23:11:58.794+0000] {drift_monitoring.py:83} INFO - 🎉 Aucun drift détecté : rien à faire.
[2025-07-26T23:11:58.795+0000] {python.py:237} INFO - Done. Returned value was: None
[2025-07-26T23:11:58.796+0000] {taskinstance.py:441} INFO - ::group::Post task execution logs
[2025-07-26T23:11:58.806+0000] {taskinstance.py:1205} INFO - Marking task as SUCCESS. dag_id=drift_monitoring_pipeline, task_id=check_drift, execution_date=20250726T231151, start_date=20250726T231158, end_date=20250726T231158
[2025-07-26T23:11:58.873+0000] {local_task_job_runner.py:240} INFO - Task exited with return code 0
[2025-07-26T23:11:58.892+0000] {taskinstance.py:3482} INFO - 0 downstream tasks scheduled from follow-on schedule check
[2025-07-26T23:11:58.901+0000] {local_task_job_runner.py:222} INFO - ::endgroup::
