[2025-07-31T21:35:48.944+0000] {local_task_job_runner.py:120} INFO - ::group::Pre task execution logs
[2025-07-31T21:35:49.040+0000] {taskinstance.py:2073} INFO - Dependencies all met for dep_context=non-requeueable deps ti=<TaskInstance: drift_monitoring_dag.check_drift_and_trigger manual__2025-07-31T21:30:11.821734+00:00 [queued]>
[2025-07-31T21:35:49.092+0000] {taskinstance.py:2073} INFO - Dependencies all met for dep_context=requeueable deps ti=<TaskInstance: drift_monitoring_dag.check_drift_and_trigger manual__2025-07-31T21:30:11.821734+00:00 [queued]>
[2025-07-31T21:35:49.094+0000] {taskinstance.py:2303} INFO - Starting attempt 2 of 2
[2025-07-31T21:35:49.158+0000] {taskinstance.py:2327} INFO - Executing <Task(PythonOperator): check_drift_and_trigger> on 2025-07-31 21:30:11.821734+00:00
[2025-07-31T21:35:49.199+0000] {logging_mixin.py:188} WARNING - /home/***/.local/lib/python3.12/site-packages/***/task/task_runner/standard_task_runner.py:61 DeprecationWarning: This process (pid=22230) is multi-threaded, use of fork() may lead to deadlocks in the child.
[2025-07-31T21:35:49.204+0000] {standard_task_runner.py:63} INFO - Started process 22250 to run task
[2025-07-31T21:35:49.217+0000] {standard_task_runner.py:90} INFO - Running: ['***', 'tasks', 'run', 'drift_monitoring_dag', 'check_drift_and_trigger', 'manual__2025-07-31T21:30:11.821734+00:00', '--job-id', '275', '--raw', '--subdir', 'DAGS_FOLDER/drift_monitoring.py', '--cfg-path', '/tmp/tmphfdghn5a']
[2025-07-31T21:35:49.241+0000] {standard_task_runner.py:91} INFO - Job 275: Subtask check_drift_and_trigger
[2025-07-31T21:35:49.271+0000] {logging_mixin.py:188} WARNING - /home/***/.local/lib/python3.12/site-packages/***/settings.py:195 DeprecationWarning: The sql_alchemy_conn option in [core] has been moved to the sql_alchemy_conn option in [database] - the old setting has been used, but please update your config.
[2025-07-31T21:35:49.396+0000] {task_command.py:426} INFO - Running <TaskInstance: drift_monitoring_dag.check_drift_and_trigger manual__2025-07-31T21:30:11.821734+00:00 [running]> on host 44c57df83f33
[2025-07-31T21:35:49.668+0000] {taskinstance.py:2644} INFO - Exporting env vars: AIRFLOW_CTX_DAG_OWNER='***' AIRFLOW_CTX_DAG_ID='drift_monitoring_dag' AIRFLOW_CTX_TASK_ID='check_drift_and_trigger' AIRFLOW_CTX_EXECUTION_DATE='2025-07-31T21:30:11.821734+00:00' AIRFLOW_CTX_TRY_NUMBER='2' AIRFLOW_CTX_DAG_RUN_ID='manual__2025-07-31T21:30:11.821734+00:00'
[2025-07-31T21:35:49.670+0000] {taskinstance.py:430} INFO - ::endgroup::
[2025-07-31T21:35:49.894+0000] {drift_monitoring.py:59} WARNING - File not found: s3://crypto-mlops-bucket/targets/date=2025-07-31/hour=21/target.parquet
[2025-07-31T21:35:50.111+0000] {drift_monitoring.py:59} WARNING - File not found: s3://crypto-mlops-bucket/predictions/date=2025-07-31/hour=18/prediction.parquet
[2025-07-31T21:35:50.159+0000] {drift_monitoring.py:59} WARNING - File not found: s3://crypto-mlops-bucket/predictions/date=2025-07-31/hour=17/prediction.parquet
[2025-07-31T21:35:50.183+0000] {drift_monitoring.py:59} WARNING - File not found: s3://crypto-mlops-bucket/targets/date=2025-07-31/hour=17/target.parquet
[2025-07-31T21:35:50.219+0000] {drift_monitoring.py:59} WARNING - File not found: s3://crypto-mlops-bucket/targets/date=2025-07-31/hour=16/target.parquet
[2025-07-31T21:35:50.452+0000] {drift_monitoring.py:59} WARNING - File not found: s3://crypto-mlops-bucket/predictions/date=2025-07-31/hour=12/prediction.parquet
[2025-07-31T21:35:50.501+0000] {drift_monitoring.py:59} WARNING - File not found: s3://crypto-mlops-bucket/predictions/date=2025-07-31/hour=11/prediction.parquet
[2025-07-31T21:35:50.520+0000] {drift_monitoring.py:59} WARNING - File not found: s3://crypto-mlops-bucket/targets/date=2025-07-31/hour=11/target.parquet
[2025-07-31T21:35:50.550+0000] {drift_monitoring.py:59} WARNING - File not found: s3://crypto-mlops-bucket/predictions/date=2025-07-31/hour=10/prediction.parquet
[2025-07-31T21:35:50.568+0000] {drift_monitoring.py:59} WARNING - File not found: s3://crypto-mlops-bucket/targets/date=2025-07-31/hour=10/target.parquet
[2025-07-31T21:35:50.600+0000] {drift_monitoring.py:59} WARNING - File not found: s3://crypto-mlops-bucket/predictions/date=2025-07-31/hour=09/prediction.parquet
[2025-07-31T21:35:50.645+0000] {drift_monitoring.py:59} WARNING - File not found: s3://crypto-mlops-bucket/targets/date=2025-07-31/hour=09/target.parquet
[2025-07-31T21:35:50.660+0000] {drift_monitoring.py:59} WARNING - File not found: s3://crypto-mlops-bucket/predictions/date=2025-07-31/hour=08/prediction.parquet
[2025-07-31T21:35:50.677+0000] {drift_monitoring.py:59} WARNING - File not found: s3://crypto-mlops-bucket/targets/date=2025-07-31/hour=08/target.parquet
[2025-07-31T21:35:50.712+0000] {drift_monitoring.py:59} WARNING - File not found: s3://crypto-mlops-bucket/predictions/date=2025-07-31/hour=07/prediction.parquet
[2025-07-31T21:35:50.741+0000] {drift_monitoring.py:59} WARNING - File not found: s3://crypto-mlops-bucket/targets/date=2025-07-31/hour=07/target.parquet
[2025-07-31T21:35:50.766+0000] {drift_monitoring.py:59} WARNING - File not found: s3://crypto-mlops-bucket/predictions/date=2025-07-31/hour=06/prediction.parquet
[2025-07-31T21:35:50.803+0000] {drift_monitoring.py:59} WARNING - File not found: s3://crypto-mlops-bucket/targets/date=2025-07-31/hour=06/target.parquet
[2025-07-31T21:35:50.852+0000] {drift_monitoring.py:59} WARNING - File not found: s3://crypto-mlops-bucket/predictions/date=2025-07-31/hour=05/prediction.parquet
[2025-07-31T21:35:50.868+0000] {drift_monitoring.py:59} WARNING - File not found: s3://crypto-mlops-bucket/targets/date=2025-07-31/hour=05/target.parquet
[2025-07-31T21:35:50.908+0000] {drift_monitoring.py:59} WARNING - File not found: s3://crypto-mlops-bucket/predictions/date=2025-07-31/hour=04/prediction.parquet
[2025-07-31T21:35:50.933+0000] {drift_monitoring.py:59} WARNING - File not found: s3://crypto-mlops-bucket/targets/date=2025-07-31/hour=04/target.parquet
[2025-07-31T21:35:50.975+0000] {drift_monitoring.py:59} WARNING - File not found: s3://crypto-mlops-bucket/predictions/date=2025-07-31/hour=03/prediction.parquet
[2025-07-31T21:35:50.988+0000] {drift_monitoring.py:59} WARNING - File not found: s3://crypto-mlops-bucket/targets/date=2025-07-31/hour=03/target.parquet
[2025-07-31T21:35:51.009+0000] {drift_monitoring.py:59} WARNING - File not found: s3://crypto-mlops-bucket/predictions/date=2025-07-31/hour=02/prediction.parquet
[2025-07-31T21:35:51.025+0000] {drift_monitoring.py:59} WARNING - File not found: s3://crypto-mlops-bucket/targets/date=2025-07-31/hour=02/target.parquet
[2025-07-31T21:35:51.048+0000] {drift_monitoring.py:59} WARNING - File not found: s3://crypto-mlops-bucket/predictions/date=2025-07-31/hour=01/prediction.parquet
[2025-07-31T21:35:51.064+0000] {drift_monitoring.py:59} WARNING - File not found: s3://crypto-mlops-bucket/targets/date=2025-07-31/hour=01/target.parquet
[2025-07-31T21:35:51.079+0000] {drift_monitoring.py:59} WARNING - File not found: s3://crypto-mlops-bucket/predictions/date=2025-07-31/hour=00/prediction.parquet
[2025-07-31T21:35:51.125+0000] {drift_monitoring.py:59} WARNING - File not found: s3://crypto-mlops-bucket/targets/date=2025-07-31/hour=00/target.parquet
[2025-07-31T21:35:51.142+0000] {drift_monitoring.py:59} WARNING - File not found: s3://crypto-mlops-bucket/predictions/date=2025-07-30/hour=23/prediction.parquet
[2025-07-31T21:35:51.164+0000] {drift_monitoring.py:59} WARNING - File not found: s3://crypto-mlops-bucket/targets/date=2025-07-30/hour=23/target.parquet
[2025-07-31T21:35:51.181+0000] {drift_monitoring.py:59} WARNING - File not found: s3://crypto-mlops-bucket/predictions/date=2025-07-30/hour=22/prediction.parquet
[2025-07-31T21:35:51.197+0000] {drift_monitoring.py:59} WARNING - File not found: s3://crypto-mlops-bucket/targets/date=2025-07-30/hour=22/target.parquet
[2025-07-31T21:35:51.228+0000] {drift_monitoring.py:59} WARNING - File not found: s3://crypto-mlops-bucket/predictions/date=2025-07-30/hour=21/prediction.parquet
[2025-07-31T21:35:51.249+0000] {drift_monitoring.py:59} WARNING - File not found: s3://crypto-mlops-bucket/targets/date=2025-07-30/hour=21/target.parquet
[2025-07-31T21:35:51.283+0000] {drift_monitoring.py:59} WARNING - File not found: s3://crypto-mlops-bucket/predictions/date=2025-07-30/hour=20/prediction.parquet
[2025-07-31T21:35:51.305+0000] {drift_monitoring.py:59} WARNING - File not found: s3://crypto-mlops-bucket/targets/date=2025-07-30/hour=20/target.parquet
[2025-07-31T21:35:51.336+0000] {drift_monitoring.py:59} WARNING - File not found: s3://crypto-mlops-bucket/predictions/date=2025-07-30/hour=19/prediction.parquet
[2025-07-31T21:35:51.356+0000] {drift_monitoring.py:59} WARNING - File not found: s3://crypto-mlops-bucket/targets/date=2025-07-30/hour=19/target.parquet
[2025-07-31T21:35:51.399+0000] {drift_monitoring.py:59} WARNING - File not found: s3://crypto-mlops-bucket/predictions/date=2025-07-30/hour=18/prediction.parquet
[2025-07-31T21:35:51.426+0000] {drift_monitoring.py:59} WARNING - File not found: s3://crypto-mlops-bucket/targets/date=2025-07-30/hour=18/target.parquet
[2025-07-31T21:35:51.470+0000] {drift_monitoring.py:59} WARNING - File not found: s3://crypto-mlops-bucket/predictions/date=2025-07-30/hour=17/prediction.parquet
[2025-07-31T21:35:51.504+0000] {drift_monitoring.py:59} WARNING - File not found: s3://crypto-mlops-bucket/targets/date=2025-07-30/hour=17/target.parquet
[2025-07-31T21:35:51.546+0000] {drift_monitoring.py:59} WARNING - File not found: s3://crypto-mlops-bucket/predictions/date=2025-07-30/hour=16/prediction.parquet
[2025-07-31T21:35:51.592+0000] {drift_monitoring.py:59} WARNING - File not found: s3://crypto-mlops-bucket/targets/date=2025-07-30/hour=16/target.parquet
[2025-07-31T21:35:51.625+0000] {drift_monitoring.py:59} WARNING - File not found: s3://crypto-mlops-bucket/predictions/date=2025-07-30/hour=15/prediction.parquet
[2025-07-31T21:35:51.652+0000] {drift_monitoring.py:59} WARNING - File not found: s3://crypto-mlops-bucket/targets/date=2025-07-30/hour=15/target.parquet
[2025-07-31T21:35:51.679+0000] {drift_monitoring.py:59} WARNING - File not found: s3://crypto-mlops-bucket/predictions/date=2025-07-30/hour=14/prediction.parquet
[2025-07-31T21:35:51.701+0000] {drift_monitoring.py:59} WARNING - File not found: s3://crypto-mlops-bucket/targets/date=2025-07-30/hour=14/target.parquet
[2025-07-31T21:35:51.719+0000] {drift_monitoring.py:59} WARNING - File not found: s3://crypto-mlops-bucket/predictions/date=2025-07-30/hour=13/prediction.parquet
[2025-07-31T21:35:51.753+0000] {drift_monitoring.py:59} WARNING - File not found: s3://crypto-mlops-bucket/targets/date=2025-07-30/hour=13/target.parquet
[2025-07-31T21:35:51.786+0000] {drift_monitoring.py:59} WARNING - File not found: s3://crypto-mlops-bucket/predictions/date=2025-07-30/hour=12/prediction.parquet
[2025-07-31T21:35:51.801+0000] {drift_monitoring.py:59} WARNING - File not found: s3://crypto-mlops-bucket/targets/date=2025-07-30/hour=12/target.parquet
[2025-07-31T21:35:51.843+0000] {drift_monitoring.py:59} WARNING - File not found: s3://crypto-mlops-bucket/predictions/date=2025-07-30/hour=11/prediction.parquet
[2025-07-31T21:35:51.858+0000] {drift_monitoring.py:59} WARNING - File not found: s3://crypto-mlops-bucket/targets/date=2025-07-30/hour=11/target.parquet
[2025-07-31T21:35:51.900+0000] {drift_monitoring.py:59} WARNING - File not found: s3://crypto-mlops-bucket/predictions/date=2025-07-30/hour=10/prediction.parquet
[2025-07-31T21:35:51.923+0000] {drift_monitoring.py:59} WARNING - File not found: s3://crypto-mlops-bucket/targets/date=2025-07-30/hour=10/target.parquet
[2025-07-31T21:35:51.959+0000] {drift_monitoring.py:59} WARNING - File not found: s3://crypto-mlops-bucket/predictions/date=2025-07-30/hour=09/prediction.parquet
[2025-07-31T21:35:51.974+0000] {drift_monitoring.py:59} WARNING - File not found: s3://crypto-mlops-bucket/targets/date=2025-07-30/hour=09/target.parquet
[2025-07-31T21:35:52.024+0000] {drift_monitoring.py:59} WARNING - File not found: s3://crypto-mlops-bucket/predictions/date=2025-07-30/hour=08/prediction.parquet
[2025-07-31T21:35:52.053+0000] {drift_monitoring.py:59} WARNING - File not found: s3://crypto-mlops-bucket/targets/date=2025-07-30/hour=08/target.parquet
[2025-07-31T21:35:52.082+0000] {drift_monitoring.py:59} WARNING - File not found: s3://crypto-mlops-bucket/predictions/date=2025-07-30/hour=07/prediction.parquet
[2025-07-31T21:35:52.104+0000] {drift_monitoring.py:59} WARNING - File not found: s3://crypto-mlops-bucket/targets/date=2025-07-30/hour=07/target.parquet
[2025-07-31T21:35:52.144+0000] {drift_monitoring.py:59} WARNING - File not found: s3://crypto-mlops-bucket/predictions/date=2025-07-30/hour=06/prediction.parquet
[2025-07-31T21:35:52.164+0000] {drift_monitoring.py:59} WARNING - File not found: s3://crypto-mlops-bucket/targets/date=2025-07-30/hour=06/target.parquet
[2025-07-31T21:35:52.189+0000] {drift_monitoring.py:59} WARNING - File not found: s3://crypto-mlops-bucket/predictions/date=2025-07-30/hour=05/prediction.parquet
[2025-07-31T21:35:52.220+0000] {drift_monitoring.py:59} WARNING - File not found: s3://crypto-mlops-bucket/targets/date=2025-07-30/hour=05/target.parquet
[2025-07-31T21:35:52.254+0000] {drift_monitoring.py:59} WARNING - File not found: s3://crypto-mlops-bucket/predictions/date=2025-07-30/hour=04/prediction.parquet
[2025-07-31T21:35:52.281+0000] {drift_monitoring.py:59} WARNING - File not found: s3://crypto-mlops-bucket/targets/date=2025-07-30/hour=04/target.parquet
[2025-07-31T21:35:52.318+0000] {drift_monitoring.py:59} WARNING - File not found: s3://crypto-mlops-bucket/predictions/date=2025-07-30/hour=03/prediction.parquet
[2025-07-31T21:35:52.340+0000] {drift_monitoring.py:59} WARNING - File not found: s3://crypto-mlops-bucket/targets/date=2025-07-30/hour=03/target.parquet
[2025-07-31T21:35:52.354+0000] {drift_monitoring.py:59} WARNING - File not found: s3://crypto-mlops-bucket/predictions/date=2025-07-30/hour=02/prediction.parquet
[2025-07-31T21:35:52.380+0000] {drift_monitoring.py:59} WARNING - File not found: s3://crypto-mlops-bucket/targets/date=2025-07-30/hour=02/target.parquet
[2025-07-31T21:35:52.408+0000] {drift_monitoring.py:59} WARNING - File not found: s3://crypto-mlops-bucket/predictions/date=2025-07-30/hour=01/prediction.parquet
[2025-07-31T21:35:52.425+0000] {drift_monitoring.py:59} WARNING - File not found: s3://crypto-mlops-bucket/targets/date=2025-07-30/hour=01/target.parquet
[2025-07-31T21:35:52.469+0000] {drift_monitoring.py:59} WARNING - File not found: s3://crypto-mlops-bucket/predictions/date=2025-07-30/hour=00/prediction.parquet
[2025-07-31T21:35:52.488+0000] {drift_monitoring.py:59} WARNING - File not found: s3://crypto-mlops-bucket/targets/date=2025-07-30/hour=00/target.parquet
[2025-07-31T21:35:52.506+0000] {drift_monitoring.py:59} WARNING - File not found: s3://crypto-mlops-bucket/predictions/date=2025-07-29/hour=23/prediction.parquet
[2025-07-31T21:35:52.530+0000] {drift_monitoring.py:59} WARNING - File not found: s3://crypto-mlops-bucket/targets/date=2025-07-29/hour=23/target.parquet
[2025-07-31T21:35:52.566+0000] {drift_monitoring.py:59} WARNING - File not found: s3://crypto-mlops-bucket/predictions/date=2025-07-29/hour=22/prediction.parquet
[2025-07-31T21:35:52.604+0000] {drift_monitoring.py:59} WARNING - File not found: s3://crypto-mlops-bucket/targets/date=2025-07-29/hour=22/target.parquet
[2025-07-31T21:35:52.621+0000] {drift_monitoring.py:59} WARNING - File not found: s3://crypto-mlops-bucket/predictions/date=2025-07-29/hour=21/prediction.parquet
[2025-07-31T21:35:52.651+0000] {drift_monitoring.py:59} WARNING - File not found: s3://crypto-mlops-bucket/targets/date=2025-07-29/hour=21/target.parquet
[2025-07-31T21:35:52.681+0000] {drift_monitoring.py:59} WARNING - File not found: s3://crypto-mlops-bucket/predictions/date=2025-07-29/hour=20/prediction.parquet
[2025-07-31T21:35:52.712+0000] {drift_monitoring.py:59} WARNING - File not found: s3://crypto-mlops-bucket/targets/date=2025-07-29/hour=20/target.parquet
[2025-07-31T21:35:52.732+0000] {drift_monitoring.py:59} WARNING - File not found: s3://crypto-mlops-bucket/predictions/date=2025-07-29/hour=19/prediction.parquet
[2025-07-31T21:35:52.753+0000] {drift_monitoring.py:59} WARNING - File not found: s3://crypto-mlops-bucket/targets/date=2025-07-29/hour=19/target.parquet
[2025-07-31T21:35:52.787+0000] {drift_monitoring.py:59} WARNING - File not found: s3://crypto-mlops-bucket/predictions/date=2025-07-29/hour=18/prediction.parquet
[2025-07-31T21:35:52.808+0000] {drift_monitoring.py:59} WARNING - File not found: s3://crypto-mlops-bucket/targets/date=2025-07-29/hour=18/target.parquet
[2025-07-31T21:35:52.824+0000] {drift_monitoring.py:59} WARNING - File not found: s3://crypto-mlops-bucket/predictions/date=2025-07-29/hour=17/prediction.parquet
[2025-07-31T21:35:52.840+0000] {drift_monitoring.py:59} WARNING - File not found: s3://crypto-mlops-bucket/targets/date=2025-07-29/hour=17/target.parquet
[2025-07-31T21:35:52.876+0000] {drift_monitoring.py:59} WARNING - File not found: s3://crypto-mlops-bucket/predictions/date=2025-07-29/hour=16/prediction.parquet
[2025-07-31T21:35:52.895+0000] {drift_monitoring.py:59} WARNING - File not found: s3://crypto-mlops-bucket/targets/date=2025-07-29/hour=16/target.parquet
[2025-07-31T21:35:52.911+0000] {drift_monitoring.py:59} WARNING - File not found: s3://crypto-mlops-bucket/predictions/date=2025-07-29/hour=15/prediction.parquet
[2025-07-31T21:35:52.955+0000] {drift_monitoring.py:59} WARNING - File not found: s3://crypto-mlops-bucket/targets/date=2025-07-29/hour=15/target.parquet
[2025-07-31T21:35:52.971+0000] {drift_monitoring.py:59} WARNING - File not found: s3://crypto-mlops-bucket/predictions/date=2025-07-29/hour=14/prediction.parquet
[2025-07-31T21:35:52.989+0000] {drift_monitoring.py:59} WARNING - File not found: s3://crypto-mlops-bucket/targets/date=2025-07-29/hour=14/target.parquet
[2025-07-31T21:35:53.010+0000] {drift_monitoring.py:59} WARNING - File not found: s3://crypto-mlops-bucket/predictions/date=2025-07-29/hour=13/prediction.parquet
[2025-07-31T21:35:53.030+0000] {drift_monitoring.py:59} WARNING - File not found: s3://crypto-mlops-bucket/targets/date=2025-07-29/hour=13/target.parquet
[2025-07-31T21:35:53.047+0000] {drift_monitoring.py:59} WARNING - File not found: s3://crypto-mlops-bucket/predictions/date=2025-07-29/hour=12/prediction.parquet
[2025-07-31T21:35:53.081+0000] {drift_monitoring.py:59} WARNING - File not found: s3://crypto-mlops-bucket/targets/date=2025-07-29/hour=12/target.parquet
[2025-07-31T21:35:53.099+0000] {drift_monitoring.py:59} WARNING - File not found: s3://crypto-mlops-bucket/predictions/date=2025-07-29/hour=11/prediction.parquet
[2025-07-31T21:35:53.146+0000] {drift_monitoring.py:59} WARNING - File not found: s3://crypto-mlops-bucket/targets/date=2025-07-29/hour=11/target.parquet
[2025-07-31T21:35:53.163+0000] {drift_monitoring.py:59} WARNING - File not found: s3://crypto-mlops-bucket/predictions/date=2025-07-29/hour=10/prediction.parquet
[2025-07-31T21:35:53.181+0000] {drift_monitoring.py:59} WARNING - File not found: s3://crypto-mlops-bucket/targets/date=2025-07-29/hour=10/target.parquet
[2025-07-31T21:35:53.199+0000] {drift_monitoring.py:59} WARNING - File not found: s3://crypto-mlops-bucket/predictions/date=2025-07-29/hour=09/prediction.parquet
[2025-07-31T21:35:53.223+0000] {drift_monitoring.py:59} WARNING - File not found: s3://crypto-mlops-bucket/targets/date=2025-07-29/hour=09/target.parquet
[2025-07-31T21:35:53.239+0000] {drift_monitoring.py:59} WARNING - File not found: s3://crypto-mlops-bucket/predictions/date=2025-07-29/hour=08/prediction.parquet
[2025-07-31T21:35:53.275+0000] {drift_monitoring.py:59} WARNING - File not found: s3://crypto-mlops-bucket/targets/date=2025-07-29/hour=08/target.parquet
[2025-07-31T21:35:53.288+0000] {drift_monitoring.py:59} WARNING - File not found: s3://crypto-mlops-bucket/predictions/date=2025-07-29/hour=07/prediction.parquet
[2025-07-31T21:35:53.303+0000] {drift_monitoring.py:59} WARNING - File not found: s3://crypto-mlops-bucket/targets/date=2025-07-29/hour=07/target.parquet
[2025-07-31T21:35:53.317+0000] {drift_monitoring.py:59} WARNING - File not found: s3://crypto-mlops-bucket/predictions/date=2025-07-29/hour=06/prediction.parquet
[2025-07-31T21:35:53.333+0000] {drift_monitoring.py:59} WARNING - File not found: s3://crypto-mlops-bucket/targets/date=2025-07-29/hour=06/target.parquet
[2025-07-31T21:35:53.370+0000] {drift_monitoring.py:59} WARNING - File not found: s3://crypto-mlops-bucket/predictions/date=2025-07-29/hour=05/prediction.parquet
[2025-07-31T21:35:53.396+0000] {drift_monitoring.py:59} WARNING - File not found: s3://crypto-mlops-bucket/targets/date=2025-07-29/hour=05/target.parquet
[2025-07-31T21:35:53.411+0000] {drift_monitoring.py:59} WARNING - File not found: s3://crypto-mlops-bucket/predictions/date=2025-07-29/hour=04/prediction.parquet
[2025-07-31T21:35:53.441+0000] {drift_monitoring.py:59} WARNING - File not found: s3://crypto-mlops-bucket/targets/date=2025-07-29/hour=04/target.parquet
[2025-07-31T21:35:53.473+0000] {drift_monitoring.py:59} WARNING - File not found: s3://crypto-mlops-bucket/predictions/date=2025-07-29/hour=03/prediction.parquet
[2025-07-31T21:35:53.488+0000] {drift_monitoring.py:59} WARNING - File not found: s3://crypto-mlops-bucket/targets/date=2025-07-29/hour=03/target.parquet
[2025-07-31T21:35:53.516+0000] {drift_monitoring.py:59} WARNING - File not found: s3://crypto-mlops-bucket/predictions/date=2025-07-29/hour=02/prediction.parquet
[2025-07-31T21:35:53.540+0000] {drift_monitoring.py:59} WARNING - File not found: s3://crypto-mlops-bucket/targets/date=2025-07-29/hour=02/target.parquet
[2025-07-31T21:35:53.585+0000] {drift_monitoring.py:59} WARNING - File not found: s3://crypto-mlops-bucket/predictions/date=2025-07-29/hour=01/prediction.parquet
[2025-07-31T21:35:53.599+0000] {drift_monitoring.py:59} WARNING - File not found: s3://crypto-mlops-bucket/targets/date=2025-07-29/hour=01/target.parquet
[2025-07-31T21:35:53.645+0000] {drift_monitoring.py:59} WARNING - File not found: s3://crypto-mlops-bucket/predictions/date=2025-07-29/hour=00/prediction.parquet
[2025-07-31T21:35:53.673+0000] {drift_monitoring.py:59} WARNING - File not found: s3://crypto-mlops-bucket/targets/date=2025-07-29/hour=00/target.parquet
[2025-07-31T21:35:53.689+0000] {drift_monitoring.py:59} WARNING - File not found: s3://crypto-mlops-bucket/predictions/date=2025-07-28/hour=23/prediction.parquet
[2025-07-31T21:35:53.715+0000] {drift_monitoring.py:59} WARNING - File not found: s3://crypto-mlops-bucket/targets/date=2025-07-28/hour=23/target.parquet
[2025-07-31T21:35:53.753+0000] {drift_monitoring.py:59} WARNING - File not found: s3://crypto-mlops-bucket/predictions/date=2025-07-28/hour=22/prediction.parquet
[2025-07-31T21:35:53.773+0000] {drift_monitoring.py:59} WARNING - File not found: s3://crypto-mlops-bucket/targets/date=2025-07-28/hour=22/target.parquet
[2025-07-31T21:35:53.793+0000] {drift_monitoring.py:59} WARNING - File not found: s3://crypto-mlops-bucket/predictions/date=2025-07-28/hour=21/prediction.parquet
[2025-07-31T21:35:53.810+0000] {drift_monitoring.py:59} WARNING - File not found: s3://crypto-mlops-bucket/targets/date=2025-07-28/hour=21/target.parquet
[2025-07-31T21:35:53.828+0000] {drift_monitoring.py:59} WARNING - File not found: s3://crypto-mlops-bucket/predictions/date=2025-07-28/hour=20/prediction.parquet
[2025-07-31T21:35:53.845+0000] {drift_monitoring.py:59} WARNING - File not found: s3://crypto-mlops-bucket/targets/date=2025-07-28/hour=20/target.parquet
[2025-07-31T21:35:53.858+0000] {drift_monitoring.py:59} WARNING - File not found: s3://crypto-mlops-bucket/predictions/date=2025-07-28/hour=19/prediction.parquet
[2025-07-31T21:35:53.871+0000] {drift_monitoring.py:59} WARNING - File not found: s3://crypto-mlops-bucket/targets/date=2025-07-28/hour=19/target.parquet
[2025-07-31T21:35:53.883+0000] {drift_monitoring.py:59} WARNING - File not found: s3://crypto-mlops-bucket/predictions/date=2025-07-28/hour=18/prediction.parquet
[2025-07-31T21:35:53.895+0000] {drift_monitoring.py:59} WARNING - File not found: s3://crypto-mlops-bucket/targets/date=2025-07-28/hour=18/target.parquet
[2025-07-31T21:35:53.907+0000] {drift_monitoring.py:59} WARNING - File not found: s3://crypto-mlops-bucket/predictions/date=2025-07-28/hour=17/prediction.parquet
[2025-07-31T21:35:53.919+0000] {drift_monitoring.py:59} WARNING - File not found: s3://crypto-mlops-bucket/targets/date=2025-07-28/hour=17/target.parquet
[2025-07-31T21:35:53.977+0000] {drift_monitoring.py:59} WARNING - File not found: s3://crypto-mlops-bucket/predictions/date=2025-07-28/hour=16/prediction.parquet
[2025-07-31T21:35:54.035+0000] {drift_monitoring.py:59} WARNING - File not found: s3://crypto-mlops-bucket/targets/date=2025-07-28/hour=16/target.parquet
[2025-07-31T21:35:54.068+0000] {drift_monitoring.py:59} WARNING - File not found: s3://crypto-mlops-bucket/predictions/date=2025-07-28/hour=15/prediction.parquet
[2025-07-31T21:35:54.100+0000] {drift_monitoring.py:59} WARNING - File not found: s3://crypto-mlops-bucket/targets/date=2025-07-28/hour=15/target.parquet
[2025-07-31T21:35:54.124+0000] {drift_monitoring.py:59} WARNING - File not found: s3://crypto-mlops-bucket/predictions/date=2025-07-28/hour=14/prediction.parquet
[2025-07-31T21:35:54.149+0000] {drift_monitoring.py:59} WARNING - File not found: s3://crypto-mlops-bucket/targets/date=2025-07-28/hour=14/target.parquet
[2025-07-31T21:35:54.174+0000] {drift_monitoring.py:59} WARNING - File not found: s3://crypto-mlops-bucket/predictions/date=2025-07-28/hour=13/prediction.parquet
[2025-07-31T21:35:54.197+0000] {drift_monitoring.py:59} WARNING - File not found: s3://crypto-mlops-bucket/targets/date=2025-07-28/hour=13/target.parquet
[2025-07-31T21:35:54.219+0000] {drift_monitoring.py:59} WARNING - File not found: s3://crypto-mlops-bucket/predictions/date=2025-07-28/hour=12/prediction.parquet
[2025-07-31T21:35:54.244+0000] {drift_monitoring.py:59} WARNING - File not found: s3://crypto-mlops-bucket/targets/date=2025-07-28/hour=12/target.parquet
[2025-07-31T21:35:54.286+0000] {drift_monitoring.py:59} WARNING - File not found: s3://crypto-mlops-bucket/predictions/date=2025-07-28/hour=11/prediction.parquet
[2025-07-31T21:35:54.306+0000] {drift_monitoring.py:59} WARNING - File not found: s3://crypto-mlops-bucket/targets/date=2025-07-28/hour=11/target.parquet
[2025-07-31T21:35:54.338+0000] {drift_monitoring.py:59} WARNING - File not found: s3://crypto-mlops-bucket/predictions/date=2025-07-28/hour=10/prediction.parquet
[2025-07-31T21:35:54.363+0000] {drift_monitoring.py:59} WARNING - File not found: s3://crypto-mlops-bucket/targets/date=2025-07-28/hour=10/target.parquet
[2025-07-31T21:35:54.413+0000] {drift_monitoring.py:59} WARNING - File not found: s3://crypto-mlops-bucket/predictions/date=2025-07-28/hour=09/prediction.parquet
[2025-07-31T21:35:54.464+0000] {drift_monitoring.py:59} WARNING - File not found: s3://crypto-mlops-bucket/targets/date=2025-07-28/hour=09/target.parquet
[2025-07-31T21:35:54.486+0000] {drift_monitoring.py:59} WARNING - File not found: s3://crypto-mlops-bucket/predictions/date=2025-07-28/hour=08/prediction.parquet
[2025-07-31T21:35:54.514+0000] {drift_monitoring.py:59} WARNING - File not found: s3://crypto-mlops-bucket/targets/date=2025-07-28/hour=08/target.parquet
[2025-07-31T21:35:54.535+0000] {drift_monitoring.py:59} WARNING - File not found: s3://crypto-mlops-bucket/predictions/date=2025-07-28/hour=07/prediction.parquet
[2025-07-31T21:35:54.593+0000] {drift_monitoring.py:59} WARNING - File not found: s3://crypto-mlops-bucket/targets/date=2025-07-28/hour=07/target.parquet
[2025-07-31T21:35:54.644+0000] {drift_monitoring.py:59} WARNING - File not found: s3://crypto-mlops-bucket/predictions/date=2025-07-28/hour=06/prediction.parquet
[2025-07-31T21:35:54.664+0000] {drift_monitoring.py:59} WARNING - File not found: s3://crypto-mlops-bucket/targets/date=2025-07-28/hour=06/target.parquet
[2025-07-31T21:35:54.679+0000] {drift_monitoring.py:59} WARNING - File not found: s3://crypto-mlops-bucket/predictions/date=2025-07-28/hour=05/prediction.parquet
[2025-07-31T21:35:54.694+0000] {drift_monitoring.py:59} WARNING - File not found: s3://crypto-mlops-bucket/targets/date=2025-07-28/hour=05/target.parquet
[2025-07-31T21:35:54.717+0000] {drift_monitoring.py:59} WARNING - File not found: s3://crypto-mlops-bucket/predictions/date=2025-07-28/hour=04/prediction.parquet
[2025-07-31T21:35:54.754+0000] {drift_monitoring.py:59} WARNING - File not found: s3://crypto-mlops-bucket/targets/date=2025-07-28/hour=04/target.parquet
[2025-07-31T21:35:54.784+0000] {drift_monitoring.py:59} WARNING - File not found: s3://crypto-mlops-bucket/predictions/date=2025-07-28/hour=03/prediction.parquet
[2025-07-31T21:35:54.818+0000] {drift_monitoring.py:59} WARNING - File not found: s3://crypto-mlops-bucket/targets/date=2025-07-28/hour=03/target.parquet
[2025-07-31T21:35:54.874+0000] {drift_monitoring.py:59} WARNING - File not found: s3://crypto-mlops-bucket/predictions/date=2025-07-28/hour=02/prediction.parquet
[2025-07-31T21:35:54.890+0000] {drift_monitoring.py:59} WARNING - File not found: s3://crypto-mlops-bucket/targets/date=2025-07-28/hour=02/target.parquet
[2025-07-31T21:35:54.913+0000] {drift_monitoring.py:59} WARNING - File not found: s3://crypto-mlops-bucket/predictions/date=2025-07-28/hour=01/prediction.parquet
[2025-07-31T21:35:54.947+0000] {drift_monitoring.py:59} WARNING - File not found: s3://crypto-mlops-bucket/targets/date=2025-07-28/hour=01/target.parquet
[2025-07-31T21:35:54.974+0000] {drift_monitoring.py:59} WARNING - File not found: s3://crypto-mlops-bucket/predictions/date=2025-07-28/hour=00/prediction.parquet
[2025-07-31T21:35:55.024+0000] {drift_monitoring.py:59} WARNING - File not found: s3://crypto-mlops-bucket/targets/date=2025-07-28/hour=00/target.parquet
[2025-07-31T21:35:55.053+0000] {drift_monitoring.py:59} WARNING - File not found: s3://crypto-mlops-bucket/predictions/date=2025-07-27/hour=23/prediction.parquet
[2025-07-31T21:35:55.083+0000] {drift_monitoring.py:59} WARNING - File not found: s3://crypto-mlops-bucket/targets/date=2025-07-27/hour=23/target.parquet
[2025-07-31T21:35:55.137+0000] {drift_monitoring.py:59} WARNING - File not found: s3://crypto-mlops-bucket/predictions/date=2025-07-27/hour=22/prediction.parquet
[2025-07-31T21:35:55.158+0000] {drift_monitoring.py:59} WARNING - File not found: s3://crypto-mlops-bucket/targets/date=2025-07-27/hour=22/target.parquet
[2025-07-31T21:35:55.179+0000] {drift_monitoring.py:59} WARNING - File not found: s3://crypto-mlops-bucket/predictions/date=2025-07-27/hour=21/prediction.parquet
[2025-07-31T21:35:55.221+0000] {drift_monitoring.py:59} WARNING - File not found: s3://crypto-mlops-bucket/targets/date=2025-07-27/hour=21/target.parquet
[2025-07-31T21:35:55.260+0000] {drift_monitoring.py:59} WARNING - File not found: s3://crypto-mlops-bucket/predictions/date=2025-07-27/hour=20/prediction.parquet
[2025-07-31T21:35:55.283+0000] {drift_monitoring.py:59} WARNING - File not found: s3://crypto-mlops-bucket/targets/date=2025-07-27/hour=20/target.parquet
[2025-07-31T21:35:55.326+0000] {drift_monitoring.py:59} WARNING - File not found: s3://crypto-mlops-bucket/predictions/date=2025-07-27/hour=19/prediction.parquet
[2025-07-31T21:35:55.353+0000] {drift_monitoring.py:59} WARNING - File not found: s3://crypto-mlops-bucket/targets/date=2025-07-27/hour=19/target.parquet
[2025-07-31T21:35:55.373+0000] {drift_monitoring.py:59} WARNING - File not found: s3://crypto-mlops-bucket/predictions/date=2025-07-27/hour=18/prediction.parquet
[2025-07-31T21:35:55.390+0000] {drift_monitoring.py:59} WARNING - File not found: s3://crypto-mlops-bucket/targets/date=2025-07-27/hour=18/target.parquet
[2025-07-31T21:35:55.416+0000] {drift_monitoring.py:59} WARNING - File not found: s3://crypto-mlops-bucket/predictions/date=2025-07-27/hour=17/prediction.parquet
[2025-07-31T21:35:55.446+0000] {drift_monitoring.py:59} WARNING - File not found: s3://crypto-mlops-bucket/targets/date=2025-07-27/hour=17/target.parquet
[2025-07-31T21:35:55.478+0000] {drift_monitoring.py:59} WARNING - File not found: s3://crypto-mlops-bucket/predictions/date=2025-07-27/hour=16/prediction.parquet
[2025-07-31T21:35:55.499+0000] {drift_monitoring.py:59} WARNING - File not found: s3://crypto-mlops-bucket/targets/date=2025-07-27/hour=16/target.parquet
[2025-07-31T21:35:55.546+0000] {drift_monitoring.py:59} WARNING - File not found: s3://crypto-mlops-bucket/predictions/date=2025-07-27/hour=15/prediction.parquet
[2025-07-31T21:35:55.576+0000] {drift_monitoring.py:59} WARNING - File not found: s3://crypto-mlops-bucket/targets/date=2025-07-27/hour=15/target.parquet
[2025-07-31T21:35:55.614+0000] {drift_monitoring.py:59} WARNING - File not found: s3://crypto-mlops-bucket/predictions/date=2025-07-27/hour=14/prediction.parquet
[2025-07-31T21:35:55.639+0000] {drift_monitoring.py:59} WARNING - File not found: s3://crypto-mlops-bucket/targets/date=2025-07-27/hour=14/target.parquet
[2025-07-31T21:35:55.672+0000] {drift_monitoring.py:59} WARNING - File not found: s3://crypto-mlops-bucket/predictions/date=2025-07-27/hour=13/prediction.parquet
[2025-07-31T21:35:55.690+0000] {drift_monitoring.py:59} WARNING - File not found: s3://crypto-mlops-bucket/targets/date=2025-07-27/hour=13/target.parquet
[2025-07-31T21:35:55.721+0000] {drift_monitoring.py:59} WARNING - File not found: s3://crypto-mlops-bucket/predictions/date=2025-07-27/hour=12/prediction.parquet
[2025-07-31T21:35:55.737+0000] {drift_monitoring.py:59} WARNING - File not found: s3://crypto-mlops-bucket/targets/date=2025-07-27/hour=12/target.parquet
[2025-07-31T21:35:55.767+0000] {drift_monitoring.py:59} WARNING - File not found: s3://crypto-mlops-bucket/predictions/date=2025-07-27/hour=11/prediction.parquet
[2025-07-31T21:35:55.783+0000] {drift_monitoring.py:59} WARNING - File not found: s3://crypto-mlops-bucket/targets/date=2025-07-27/hour=11/target.parquet
[2025-07-31T21:35:55.801+0000] {drift_monitoring.py:59} WARNING - File not found: s3://crypto-mlops-bucket/predictions/date=2025-07-27/hour=10/prediction.parquet
[2025-07-31T21:35:55.818+0000] {drift_monitoring.py:59} WARNING - File not found: s3://crypto-mlops-bucket/targets/date=2025-07-27/hour=10/target.parquet
[2025-07-31T21:35:55.842+0000] {drift_monitoring.py:59} WARNING - File not found: s3://crypto-mlops-bucket/predictions/date=2025-07-27/hour=09/prediction.parquet
[2025-07-31T21:35:55.894+0000] {drift_monitoring.py:59} WARNING - File not found: s3://crypto-mlops-bucket/targets/date=2025-07-27/hour=09/target.parquet
[2025-07-31T21:35:55.933+0000] {drift_monitoring.py:59} WARNING - File not found: s3://crypto-mlops-bucket/predictions/date=2025-07-27/hour=08/prediction.parquet
[2025-07-31T21:35:55.954+0000] {drift_monitoring.py:59} WARNING - File not found: s3://crypto-mlops-bucket/targets/date=2025-07-27/hour=08/target.parquet
[2025-07-31T21:35:55.970+0000] {drift_monitoring.py:59} WARNING - File not found: s3://crypto-mlops-bucket/predictions/date=2025-07-27/hour=07/prediction.parquet
[2025-07-31T21:35:55.985+0000] {drift_monitoring.py:59} WARNING - File not found: s3://crypto-mlops-bucket/targets/date=2025-07-27/hour=07/target.parquet
[2025-07-31T21:35:56.014+0000] {drift_monitoring.py:59} WARNING - File not found: s3://crypto-mlops-bucket/predictions/date=2025-07-27/hour=06/prediction.parquet
[2025-07-31T21:35:56.044+0000] {drift_monitoring.py:59} WARNING - File not found: s3://crypto-mlops-bucket/targets/date=2025-07-27/hour=06/target.parquet
[2025-07-31T21:35:56.076+0000] {drift_monitoring.py:59} WARNING - File not found: s3://crypto-mlops-bucket/predictions/date=2025-07-27/hour=05/prediction.parquet
[2025-07-31T21:35:56.105+0000] {drift_monitoring.py:59} WARNING - File not found: s3://crypto-mlops-bucket/targets/date=2025-07-27/hour=05/target.parquet
[2025-07-31T21:35:56.129+0000] {drift_monitoring.py:59} WARNING - File not found: s3://crypto-mlops-bucket/predictions/date=2025-07-27/hour=04/prediction.parquet
[2025-07-31T21:35:56.149+0000] {drift_monitoring.py:59} WARNING - File not found: s3://crypto-mlops-bucket/targets/date=2025-07-27/hour=04/target.parquet
[2025-07-31T21:35:56.171+0000] {drift_monitoring.py:59} WARNING - File not found: s3://crypto-mlops-bucket/predictions/date=2025-07-27/hour=03/prediction.parquet
[2025-07-31T21:35:56.199+0000] {drift_monitoring.py:59} WARNING - File not found: s3://crypto-mlops-bucket/targets/date=2025-07-27/hour=03/target.parquet
[2025-07-31T21:35:56.216+0000] {drift_monitoring.py:59} WARNING - File not found: s3://crypto-mlops-bucket/predictions/date=2025-07-27/hour=02/prediction.parquet
[2025-07-31T21:35:56.263+0000] {drift_monitoring.py:59} WARNING - File not found: s3://crypto-mlops-bucket/targets/date=2025-07-27/hour=02/target.parquet
[2025-07-31T21:35:56.288+0000] {drift_monitoring.py:59} WARNING - File not found: s3://crypto-mlops-bucket/predictions/date=2025-07-27/hour=01/prediction.parquet
[2025-07-31T21:35:56.313+0000] {drift_monitoring.py:59} WARNING - File not found: s3://crypto-mlops-bucket/targets/date=2025-07-27/hour=01/target.parquet
[2025-07-31T21:35:56.342+0000] {drift_monitoring.py:59} WARNING - File not found: s3://crypto-mlops-bucket/predictions/date=2025-07-27/hour=00/prediction.parquet
[2025-07-31T21:35:56.356+0000] {drift_monitoring.py:59} WARNING - File not found: s3://crypto-mlops-bucket/targets/date=2025-07-27/hour=00/target.parquet
[2025-07-31T21:35:56.370+0000] {drift_monitoring.py:59} WARNING - File not found: s3://crypto-mlops-bucket/predictions/date=2025-07-26/hour=23/prediction.parquet
[2025-07-31T21:35:56.385+0000] {drift_monitoring.py:59} WARNING - File not found: s3://crypto-mlops-bucket/targets/date=2025-07-26/hour=23/target.parquet
[2025-07-31T21:35:56.398+0000] {drift_monitoring.py:59} WARNING - File not found: s3://crypto-mlops-bucket/predictions/date=2025-07-26/hour=22/prediction.parquet
[2025-07-31T21:35:56.410+0000] {drift_monitoring.py:59} WARNING - File not found: s3://crypto-mlops-bucket/targets/date=2025-07-26/hour=22/target.parquet
[2025-07-31T21:35:56.423+0000] {drift_monitoring.py:59} WARNING - File not found: s3://crypto-mlops-bucket/predictions/date=2025-07-26/hour=21/prediction.parquet
[2025-07-31T21:35:56.453+0000] {drift_monitoring.py:59} WARNING - File not found: s3://crypto-mlops-bucket/targets/date=2025-07-26/hour=21/target.parquet
[2025-07-31T21:35:56.494+0000] {drift_monitoring.py:59} WARNING - File not found: s3://crypto-mlops-bucket/predictions/date=2025-07-26/hour=20/prediction.parquet
[2025-07-31T21:35:56.524+0000] {drift_monitoring.py:59} WARNING - File not found: s3://crypto-mlops-bucket/targets/date=2025-07-26/hour=20/target.parquet
[2025-07-31T21:35:56.565+0000] {drift_monitoring.py:59} WARNING - File not found: s3://crypto-mlops-bucket/predictions/date=2025-07-26/hour=19/prediction.parquet
[2025-07-31T21:35:56.589+0000] {drift_monitoring.py:59} WARNING - File not found: s3://crypto-mlops-bucket/targets/date=2025-07-26/hour=19/target.parquet
[2025-07-31T21:35:56.623+0000] {drift_monitoring.py:59} WARNING - File not found: s3://crypto-mlops-bucket/predictions/date=2025-07-26/hour=18/prediction.parquet
[2025-07-31T21:35:56.649+0000] {drift_monitoring.py:59} WARNING - File not found: s3://crypto-mlops-bucket/targets/date=2025-07-26/hour=18/target.parquet
[2025-07-31T21:35:56.677+0000] {drift_monitoring.py:59} WARNING - File not found: s3://crypto-mlops-bucket/predictions/date=2025-07-26/hour=17/prediction.parquet
[2025-07-31T21:35:56.696+0000] {drift_monitoring.py:59} WARNING - File not found: s3://crypto-mlops-bucket/targets/date=2025-07-26/hour=17/target.parquet
[2025-07-31T21:35:56.717+0000] {drift_monitoring.py:59} WARNING - File not found: s3://crypto-mlops-bucket/predictions/date=2025-07-26/hour=16/prediction.parquet
[2025-07-31T21:35:56.746+0000] {drift_monitoring.py:59} WARNING - File not found: s3://crypto-mlops-bucket/targets/date=2025-07-26/hour=16/target.parquet
[2025-07-31T21:35:56.778+0000] {drift_monitoring.py:59} WARNING - File not found: s3://crypto-mlops-bucket/predictions/date=2025-07-26/hour=15/prediction.parquet
[2025-07-31T21:35:56.802+0000] {drift_monitoring.py:59} WARNING - File not found: s3://crypto-mlops-bucket/targets/date=2025-07-26/hour=15/target.parquet
[2025-07-31T21:35:56.826+0000] {drift_monitoring.py:59} WARNING - File not found: s3://crypto-mlops-bucket/predictions/date=2025-07-26/hour=14/prediction.parquet
[2025-07-31T21:35:56.854+0000] {drift_monitoring.py:59} WARNING - File not found: s3://crypto-mlops-bucket/targets/date=2025-07-26/hour=14/target.parquet
[2025-07-31T21:35:56.874+0000] {drift_monitoring.py:59} WARNING - File not found: s3://crypto-mlops-bucket/predictions/date=2025-07-26/hour=13/prediction.parquet
[2025-07-31T21:35:56.894+0000] {drift_monitoring.py:59} WARNING - File not found: s3://crypto-mlops-bucket/targets/date=2025-07-26/hour=13/target.parquet
[2025-07-31T21:35:56.921+0000] {drift_monitoring.py:59} WARNING - File not found: s3://crypto-mlops-bucket/predictions/date=2025-07-26/hour=12/prediction.parquet
[2025-07-31T21:35:56.944+0000] {drift_monitoring.py:59} WARNING - File not found: s3://crypto-mlops-bucket/targets/date=2025-07-26/hour=12/target.parquet
[2025-07-31T21:35:57.023+0000] {drift_monitoring.py:59} WARNING - File not found: s3://crypto-mlops-bucket/predictions/date=2025-07-26/hour=11/prediction.parquet
[2025-07-31T21:35:57.053+0000] {drift_monitoring.py:59} WARNING - File not found: s3://crypto-mlops-bucket/targets/date=2025-07-26/hour=11/target.parquet
[2025-07-31T21:35:57.071+0000] {drift_monitoring.py:59} WARNING - File not found: s3://crypto-mlops-bucket/predictions/date=2025-07-26/hour=10/prediction.parquet
[2025-07-31T21:35:57.094+0000] {drift_monitoring.py:59} WARNING - File not found: s3://crypto-mlops-bucket/targets/date=2025-07-26/hour=10/target.parquet
[2025-07-31T21:35:57.121+0000] {drift_monitoring.py:59} WARNING - File not found: s3://crypto-mlops-bucket/predictions/date=2025-07-26/hour=09/prediction.parquet
[2025-07-31T21:35:57.145+0000] {drift_monitoring.py:59} WARNING - File not found: s3://crypto-mlops-bucket/targets/date=2025-07-26/hour=09/target.parquet
[2025-07-31T21:35:57.174+0000] {drift_monitoring.py:59} WARNING - File not found: s3://crypto-mlops-bucket/predictions/date=2025-07-26/hour=08/prediction.parquet
[2025-07-31T21:35:57.196+0000] {drift_monitoring.py:59} WARNING - File not found: s3://crypto-mlops-bucket/targets/date=2025-07-26/hour=08/target.parquet
[2025-07-31T21:35:57.228+0000] {drift_monitoring.py:59} WARNING - File not found: s3://crypto-mlops-bucket/predictions/date=2025-07-26/hour=07/prediction.parquet
[2025-07-31T21:35:57.252+0000] {drift_monitoring.py:59} WARNING - File not found: s3://crypto-mlops-bucket/targets/date=2025-07-26/hour=07/target.parquet
[2025-07-31T21:35:57.269+0000] {drift_monitoring.py:59} WARNING - File not found: s3://crypto-mlops-bucket/predictions/date=2025-07-26/hour=06/prediction.parquet
[2025-07-31T21:35:57.292+0000] {drift_monitoring.py:59} WARNING - File not found: s3://crypto-mlops-bucket/targets/date=2025-07-26/hour=06/target.parquet
[2025-07-31T21:35:57.335+0000] {drift_monitoring.py:59} WARNING - File not found: s3://crypto-mlops-bucket/predictions/date=2025-07-26/hour=05/prediction.parquet
[2025-07-31T21:35:57.350+0000] {drift_monitoring.py:59} WARNING - File not found: s3://crypto-mlops-bucket/targets/date=2025-07-26/hour=05/target.parquet
[2025-07-31T21:35:57.374+0000] {drift_monitoring.py:59} WARNING - File not found: s3://crypto-mlops-bucket/predictions/date=2025-07-26/hour=04/prediction.parquet
[2025-07-31T21:35:57.420+0000] {drift_monitoring.py:59} WARNING - File not found: s3://crypto-mlops-bucket/targets/date=2025-07-26/hour=04/target.parquet
[2025-07-31T21:35:57.441+0000] {drift_monitoring.py:59} WARNING - File not found: s3://crypto-mlops-bucket/predictions/date=2025-07-26/hour=03/prediction.parquet
[2025-07-31T21:35:57.473+0000] {drift_monitoring.py:59} WARNING - File not found: s3://crypto-mlops-bucket/targets/date=2025-07-26/hour=03/target.parquet
[2025-07-31T21:35:57.488+0000] {drift_monitoring.py:59} WARNING - File not found: s3://crypto-mlops-bucket/predictions/date=2025-07-26/hour=02/prediction.parquet
[2025-07-31T21:35:57.518+0000] {drift_monitoring.py:59} WARNING - File not found: s3://crypto-mlops-bucket/targets/date=2025-07-26/hour=02/target.parquet
[2025-07-31T21:35:57.537+0000] {drift_monitoring.py:59} WARNING - File not found: s3://crypto-mlops-bucket/predictions/date=2025-07-26/hour=01/prediction.parquet
[2025-07-31T21:35:57.555+0000] {drift_monitoring.py:59} WARNING - File not found: s3://crypto-mlops-bucket/targets/date=2025-07-26/hour=01/target.parquet
[2025-07-31T21:35:57.573+0000] {drift_monitoring.py:59} WARNING - File not found: s3://crypto-mlops-bucket/predictions/date=2025-07-26/hour=00/prediction.parquet
[2025-07-31T21:35:57.590+0000] {drift_monitoring.py:59} WARNING - File not found: s3://crypto-mlops-bucket/targets/date=2025-07-26/hour=00/target.parquet
[2025-07-31T21:35:57.626+0000] {drift_monitoring.py:59} WARNING - File not found: s3://crypto-mlops-bucket/predictions/date=2025-07-25/hour=23/prediction.parquet
[2025-07-31T21:35:57.667+0000] {drift_monitoring.py:59} WARNING - File not found: s3://crypto-mlops-bucket/targets/date=2025-07-25/hour=23/target.parquet
[2025-07-31T21:35:57.685+0000] {drift_monitoring.py:59} WARNING - File not found: s3://crypto-mlops-bucket/predictions/date=2025-07-25/hour=22/prediction.parquet
[2025-07-31T21:35:57.716+0000] {drift_monitoring.py:59} WARNING - File not found: s3://crypto-mlops-bucket/targets/date=2025-07-25/hour=22/target.parquet
[2025-07-31T21:35:57.741+0000] {drift_monitoring.py:59} WARNING - File not found: s3://crypto-mlops-bucket/predictions/date=2025-07-25/hour=21/prediction.parquet
[2025-07-31T21:35:57.759+0000] {drift_monitoring.py:59} WARNING - File not found: s3://crypto-mlops-bucket/targets/date=2025-07-25/hour=21/target.parquet
[2025-07-31T21:35:57.780+0000] {drift_monitoring.py:59} WARNING - File not found: s3://crypto-mlops-bucket/predictions/date=2025-07-25/hour=20/prediction.parquet
[2025-07-31T21:35:57.814+0000] {drift_monitoring.py:59} WARNING - File not found: s3://crypto-mlops-bucket/targets/date=2025-07-25/hour=20/target.parquet
[2025-07-31T21:35:57.852+0000] {drift_monitoring.py:59} WARNING - File not found: s3://crypto-mlops-bucket/predictions/date=2025-07-25/hour=19/prediction.parquet
[2025-07-31T21:35:57.899+0000] {drift_monitoring.py:59} WARNING - File not found: s3://crypto-mlops-bucket/targets/date=2025-07-25/hour=19/target.parquet
[2025-07-31T21:35:57.921+0000] {drift_monitoring.py:59} WARNING - File not found: s3://crypto-mlops-bucket/predictions/date=2025-07-25/hour=18/prediction.parquet
[2025-07-31T21:35:57.944+0000] {drift_monitoring.py:59} WARNING - File not found: s3://crypto-mlops-bucket/targets/date=2025-07-25/hour=18/target.parquet
[2025-07-31T21:35:57.982+0000] {drift_monitoring.py:59} WARNING - File not found: s3://crypto-mlops-bucket/predictions/date=2025-07-25/hour=17/prediction.parquet
[2025-07-31T21:35:58.004+0000] {drift_monitoring.py:59} WARNING - File not found: s3://crypto-mlops-bucket/targets/date=2025-07-25/hour=17/target.parquet
[2025-07-31T21:35:58.054+0000] {drift_monitoring.py:59} WARNING - File not found: s3://crypto-mlops-bucket/predictions/date=2025-07-25/hour=16/prediction.parquet
[2025-07-31T21:35:58.085+0000] {drift_monitoring.py:59} WARNING - File not found: s3://crypto-mlops-bucket/targets/date=2025-07-25/hour=16/target.parquet
[2025-07-31T21:35:58.102+0000] {drift_monitoring.py:59} WARNING - File not found: s3://crypto-mlops-bucket/predictions/date=2025-07-25/hour=15/prediction.parquet
[2025-07-31T21:35:58.149+0000] {drift_monitoring.py:59} WARNING - File not found: s3://crypto-mlops-bucket/targets/date=2025-07-25/hour=15/target.parquet
[2025-07-31T21:35:58.187+0000] {drift_monitoring.py:59} WARNING - File not found: s3://crypto-mlops-bucket/predictions/date=2025-07-25/hour=14/prediction.parquet
[2025-07-31T21:35:58.204+0000] {drift_monitoring.py:59} WARNING - File not found: s3://crypto-mlops-bucket/targets/date=2025-07-25/hour=14/target.parquet
[2025-07-31T21:35:58.248+0000] {drift_monitoring.py:59} WARNING - File not found: s3://crypto-mlops-bucket/predictions/date=2025-07-25/hour=13/prediction.parquet
[2025-07-31T21:35:58.278+0000] {drift_monitoring.py:59} WARNING - File not found: s3://crypto-mlops-bucket/targets/date=2025-07-25/hour=13/target.parquet
[2025-07-31T21:35:58.298+0000] {drift_monitoring.py:59} WARNING - File not found: s3://crypto-mlops-bucket/predictions/date=2025-07-25/hour=12/prediction.parquet
[2025-07-31T21:35:58.317+0000] {drift_monitoring.py:59} WARNING - File not found: s3://crypto-mlops-bucket/targets/date=2025-07-25/hour=12/target.parquet
[2025-07-31T21:35:58.343+0000] {drift_monitoring.py:59} WARNING - File not found: s3://crypto-mlops-bucket/predictions/date=2025-07-25/hour=11/prediction.parquet
[2025-07-31T21:35:58.368+0000] {drift_monitoring.py:59} WARNING - File not found: s3://crypto-mlops-bucket/targets/date=2025-07-25/hour=11/target.parquet
[2025-07-31T21:35:58.404+0000] {drift_monitoring.py:59} WARNING - File not found: s3://crypto-mlops-bucket/predictions/date=2025-07-25/hour=10/prediction.parquet
[2025-07-31T21:35:58.432+0000] {drift_monitoring.py:59} WARNING - File not found: s3://crypto-mlops-bucket/targets/date=2025-07-25/hour=10/target.parquet
[2025-07-31T21:35:58.454+0000] {drift_monitoring.py:59} WARNING - File not found: s3://crypto-mlops-bucket/predictions/date=2025-07-25/hour=09/prediction.parquet
[2025-07-31T21:35:58.484+0000] {drift_monitoring.py:59} WARNING - File not found: s3://crypto-mlops-bucket/targets/date=2025-07-25/hour=09/target.parquet
[2025-07-31T21:35:58.500+0000] {drift_monitoring.py:59} WARNING - File not found: s3://crypto-mlops-bucket/predictions/date=2025-07-25/hour=08/prediction.parquet
[2025-07-31T21:35:58.526+0000] {drift_monitoring.py:59} WARNING - File not found: s3://crypto-mlops-bucket/targets/date=2025-07-25/hour=08/target.parquet
[2025-07-31T21:35:58.544+0000] {drift_monitoring.py:59} WARNING - File not found: s3://crypto-mlops-bucket/predictions/date=2025-07-25/hour=07/prediction.parquet
[2025-07-31T21:35:58.575+0000] {drift_monitoring.py:59} WARNING - File not found: s3://crypto-mlops-bucket/targets/date=2025-07-25/hour=07/target.parquet
[2025-07-31T21:35:58.590+0000] {drift_monitoring.py:59} WARNING - File not found: s3://crypto-mlops-bucket/predictions/date=2025-07-25/hour=06/prediction.parquet
[2025-07-31T21:35:58.635+0000] {drift_monitoring.py:59} WARNING - File not found: s3://crypto-mlops-bucket/targets/date=2025-07-25/hour=06/target.parquet
[2025-07-31T21:35:58.669+0000] {drift_monitoring.py:59} WARNING - File not found: s3://crypto-mlops-bucket/predictions/date=2025-07-25/hour=05/prediction.parquet
[2025-07-31T21:35:58.691+0000] {drift_monitoring.py:59} WARNING - File not found: s3://crypto-mlops-bucket/targets/date=2025-07-25/hour=05/target.parquet
[2025-07-31T21:35:58.710+0000] {drift_monitoring.py:59} WARNING - File not found: s3://crypto-mlops-bucket/predictions/date=2025-07-25/hour=04/prediction.parquet
[2025-07-31T21:35:58.736+0000] {drift_monitoring.py:59} WARNING - File not found: s3://crypto-mlops-bucket/targets/date=2025-07-25/hour=04/target.parquet
[2025-07-31T21:35:58.775+0000] {drift_monitoring.py:59} WARNING - File not found: s3://crypto-mlops-bucket/predictions/date=2025-07-25/hour=03/prediction.parquet
[2025-07-31T21:35:58.803+0000] {drift_monitoring.py:59} WARNING - File not found: s3://crypto-mlops-bucket/targets/date=2025-07-25/hour=03/target.parquet
[2025-07-31T21:35:58.840+0000] {drift_monitoring.py:59} WARNING - File not found: s3://crypto-mlops-bucket/predictions/date=2025-07-25/hour=02/prediction.parquet
[2025-07-31T21:35:58.861+0000] {drift_monitoring.py:59} WARNING - File not found: s3://crypto-mlops-bucket/targets/date=2025-07-25/hour=02/target.parquet
[2025-07-31T21:35:58.879+0000] {drift_monitoring.py:59} WARNING - File not found: s3://crypto-mlops-bucket/predictions/date=2025-07-25/hour=01/prediction.parquet
[2025-07-31T21:35:58.907+0000] {drift_monitoring.py:59} WARNING - File not found: s3://crypto-mlops-bucket/targets/date=2025-07-25/hour=01/target.parquet
[2025-07-31T21:35:58.934+0000] {drift_monitoring.py:59} WARNING - File not found: s3://crypto-mlops-bucket/predictions/date=2025-07-25/hour=00/prediction.parquet
[2025-07-31T21:35:58.956+0000] {drift_monitoring.py:59} WARNING - File not found: s3://crypto-mlops-bucket/targets/date=2025-07-25/hour=00/target.parquet
[2025-07-31T21:35:59.002+0000] {drift_monitoring.py:59} WARNING - File not found: s3://crypto-mlops-bucket/predictions/date=2025-07-24/hour=23/prediction.parquet
[2025-07-31T21:35:59.019+0000] {drift_monitoring.py:59} WARNING - File not found: s3://crypto-mlops-bucket/targets/date=2025-07-24/hour=23/target.parquet
[2025-07-31T21:35:59.044+0000] {drift_monitoring.py:59} WARNING - File not found: s3://crypto-mlops-bucket/predictions/date=2025-07-24/hour=22/prediction.parquet
[2025-07-31T21:35:59.073+0000] {drift_monitoring.py:59} WARNING - File not found: s3://crypto-mlops-bucket/targets/date=2025-07-24/hour=22/target.parquet
[2025-07-31T21:35:59.369+0000] {drift_monitoring.py:169} INFO - Mean MAE over last 7 days: 0.0781 (threshold: 0.15)
[2025-07-31T21:35:59.377+0000] {drift_monitoring.py:184} INFO - No significant drift detected.
[2025-07-31T21:35:59.378+0000] {drift_monitoring.py:68} INFO - Trying to load metrics from s3://crypto-mlops-bucket/models//metrics/metrics.json
[2025-07-31T21:35:59.435+0000] {taskinstance.py:441} INFO - ::group::Post task execution logs
[2025-07-31T21:35:59.436+0000] {taskinstance.py:2890} ERROR - Task failed with exception
Traceback (most recent call last):
  File "/home/airflow/.local/lib/python3.12/site-packages/airflow/models/taskinstance.py", line 465, in _execute_task
    result = _execute_callable(context=context, **execute_callable_kwargs)
             ^^^^^^^^^^^^^^^^^^^^^^^^^^^^^^^^^^^^^^^^^^^^^^^^^^^^^^^^^^^^^
  File "/home/airflow/.local/lib/python3.12/site-packages/airflow/models/taskinstance.py", line 432, in _execute_callable
    return execute_callable(context=context, **execute_callable_kwargs)
           ^^^^^^^^^^^^^^^^^^^^^^^^^^^^^^^^^^^^^^^^^^^^^^^^^^^^^^^^^^^^
  File "/home/airflow/.local/lib/python3.12/site-packages/airflow/models/baseoperator.py", line 400, in wrapper
    return func(self, *args, **kwargs)
           ^^^^^^^^^^^^^^^^^^^^^^^^^^^
  File "/home/airflow/.local/lib/python3.12/site-packages/airflow/operators/python.py", line 235, in execute
    return_value = self.execute_callable()
                   ^^^^^^^^^^^^^^^^^^^^^^^
  File "/home/airflow/.local/lib/python3.12/site-packages/airflow/operators/python.py", line 252, in execute_callable
    return self.python_callable(*self.op_args, **self.op_kwargs)
           ^^^^^^^^^^^^^^^^^^^^^^^^^^^^^^^^^^^^^^^^^^^^^^^^^^^^^
  File "/opt/airflow/dags/drift_monitoring.py", line 185, in check_drift_and_trigger
    generate_evidently_report(full_df, report_file)
  File "/opt/airflow/dags/drift_monitoring.py", line 107, in generate_evidently_report
    report.run(reference_data=ref_df, current_data=curr_df)
  File "/home/airflow/.local/lib/python3.12/site-packages/evidently/report/report.py", line 112, in run
    data_definition = self._inner_suite.context.get_data_definition(
                      ^^^^^^^^^^^^^^^^^^^^^^^^^^^^^^^^^^^^^^^^^^^^^^
  File "/home/airflow/.local/lib/python3.12/site-packages/evidently/suite/base_suite.py", line 133, in get_data_definition
    self.data_definition = self.engine.get_data_definition(
                           ^^^^^^^^^^^^^^^^^^^^^^^^^^^^^^^^
  File "/home/airflow/.local/lib/python3.12/site-packages/evidently/calculation_engine/python_engine.py", line 54, in get_data_definition
    return create_data_definition(reference_data, current_data, column_mapping, categorical_features_cardinality)
           ^^^^^^^^^^^^^^^^^^^^^^^^^^^^^^^^^^^^^^^^^^^^^^^^^^^^^^^^^^^^^^^^^^^^^^^^^^^^^^^^^^^^^^^^^^^^^^^^^^^^^^
  File "/home/airflow/.local/lib/python3.12/site-packages/evidently/utils/data_preprocessing.py", line 304, in create_data_definition
    target_column = _process_column(
                    ^^^^^^^^^^^^^^^^
  File "/home/airflow/.local/lib/python3.12/site-packages/evidently/utils/data_preprocessing.py", line 167, in _process_column
    raise ValueError(f"Column ({column_name}) is partially present in data")
ValueError: Column (target) is partially present in data
[2025-07-31T21:35:59.491+0000] {taskinstance.py:1205} INFO - Marking task as FAILED. dag_id=drift_monitoring_dag, task_id=check_drift_and_trigger, execution_date=20250731T213011, start_date=20250731T213549, end_date=20250731T213559
[2025-07-31T21:35:59.528+0000] {standard_task_runner.py:110} ERROR - Failed to execute job 275 for task check_drift_and_trigger (Column (target) is partially present in data; 22250)
[2025-07-31T21:35:59.604+0000] {local_task_job_runner.py:240} INFO - Task exited with return code 1
[2025-07-31T21:35:59.639+0000] {taskinstance.py:3482} INFO - 0 downstream tasks scheduled from follow-on schedule check
[2025-07-31T21:35:59.653+0000] {local_task_job_runner.py:222} INFO - ::endgroup::
