[2025-07-31T22:00:05.481+0000] {local_task_job_runner.py:120} INFO - ::group::Pre task execution logs
[2025-07-31T22:00:05.531+0000] {taskinstance.py:2073} INFO - Dependencies all met for dep_context=non-requeueable deps ti=<TaskInstance: preprocessing_hourly.preprocess_and_predict scheduled__2025-07-31T21:00:00+00:00 [queued]>
[2025-07-31T22:00:05.546+0000] {taskinstance.py:2073} INFO - Dependencies all met for dep_context=requeueable deps ti=<TaskInstance: preprocessing_hourly.preprocess_and_predict scheduled__2025-07-31T21:00:00+00:00 [queued]>
[2025-07-31T22:00:05.547+0000] {taskinstance.py:2303} INFO - Starting attempt 1 of 2
[2025-07-31T22:00:05.570+0000] {taskinstance.py:2327} INFO - Executing <Task(PythonOperator): preprocess_and_predict> on 2025-07-31 21:00:00+00:00
[2025-07-31T22:00:05.595+0000] {logging_mixin.py:188} WARNING - /home/***/.local/lib/python3.12/site-packages/***/task/task_runner/standard_task_runner.py:61 DeprecationWarning: This process (pid=25004) is multi-threaded, use of fork() may lead to deadlocks in the child.
[2025-07-31T22:00:05.594+0000] {standard_task_runner.py:90} INFO - Running: ['***', 'tasks', 'run', 'preprocessing_hourly', 'preprocess_and_predict', 'scheduled__2025-07-31T21:00:00+00:00', '--job-id', '281', '--raw', '--subdir', 'DAGS_FOLDER/hourly_inference.py', '--cfg-path', '/tmp/tmpph2iputc']
[2025-07-31T22:00:05.597+0000] {standard_task_runner.py:63} INFO - Started process 25040 to run task
[2025-07-31T22:00:05.598+0000] {standard_task_runner.py:91} INFO - Job 281: Subtask preprocess_and_predict
[2025-07-31T22:00:05.624+0000] {logging_mixin.py:188} WARNING - /home/***/.local/lib/python3.12/site-packages/***/settings.py:195 DeprecationWarning: The sql_alchemy_conn option in [core] has been moved to the sql_alchemy_conn option in [database] - the old setting has been used, but please update your config.
[2025-07-31T22:00:05.696+0000] {task_command.py:426} INFO - Running <TaskInstance: preprocessing_hourly.preprocess_and_predict scheduled__2025-07-31T21:00:00+00:00 [running]> on host 44c57df83f33
[2025-07-31T22:00:05.852+0000] {taskinstance.py:2644} INFO - Exporting env vars: AIRFLOW_CTX_DAG_OWNER='mlops' AIRFLOW_CTX_DAG_ID='preprocessing_hourly' AIRFLOW_CTX_TASK_ID='preprocess_and_predict' AIRFLOW_CTX_EXECUTION_DATE='2025-07-31T21:00:00+00:00' AIRFLOW_CTX_TRY_NUMBER='1' AIRFLOW_CTX_DAG_RUN_ID='scheduled__2025-07-31T21:00:00+00:00'
[2025-07-31T22:00:05.855+0000] {taskinstance.py:430} INFO - ::endgroup::
[2025-07-31T22:00:05.876+0000] {logging_mixin.py:188} WARNING - /home/***/.local/lib/python3.12/site-packages/***/utils/context.py:320 AirflowContextDeprecationWarning: Accessing 'execution_date' from the template is deprecated and will be removed in a future version. Please use 'data_interval_start' or 'logical_date' instead.
[2025-07-31T22:00:05.877+0000] {hourly_inference.py:70} INFO - [DEBUG] Execution date: 2025-07-31 21:00:00+00:00 (type=<class 'Proxy'>)
[2025-07-31T22:00:05.911+0000] {hourly_inference.py:58} INFO - Bucket crypto-mlops-bucket exists
[2025-07-31T22:00:05.970+0000] {data_ingestion.py:42} INFO - current_start: 2025-07-01 21:00:00+00:00, current_end: 2025-07-02 22:00:00+00:00
[2025-07-31T22:00:06.371+0000] {data_ingestion.py:62} INFO - Fetched 301 candles for BTC-USD from 2025-07-01 21:00:00+00:00 to 2025-07-02 22:00:00+00:00
[2025-07-31T22:00:06.373+0000] {data_ingestion.py:42} INFO - current_start: 2025-07-02 22:00:00+00:00, current_end: 2025-07-03 23:00:00+00:00
[2025-07-31T22:00:06.618+0000] {data_ingestion.py:62} INFO - Fetched 301 candles for BTC-USD from 2025-07-02 22:00:00+00:00 to 2025-07-03 23:00:00+00:00
[2025-07-31T22:00:06.620+0000] {data_ingestion.py:42} INFO - current_start: 2025-07-03 23:00:00+00:00, current_end: 2025-07-05 00:00:00+00:00
[2025-07-31T22:00:06.844+0000] {data_ingestion.py:62} INFO - Fetched 301 candles for BTC-USD from 2025-07-03 23:00:00+00:00 to 2025-07-05 00:00:00+00:00
[2025-07-31T22:00:06.846+0000] {data_ingestion.py:42} INFO - current_start: 2025-07-05 00:00:00+00:00, current_end: 2025-07-06 01:00:00+00:00
[2025-07-31T22:00:07.067+0000] {data_ingestion.py:62} INFO - Fetched 301 candles for BTC-USD from 2025-07-05 00:00:00+00:00 to 2025-07-06 01:00:00+00:00
[2025-07-31T22:00:07.070+0000] {data_ingestion.py:42} INFO - current_start: 2025-07-06 01:00:00+00:00, current_end: 2025-07-07 02:00:00+00:00
[2025-07-31T22:00:07.291+0000] {data_ingestion.py:62} INFO - Fetched 301 candles for BTC-USD from 2025-07-06 01:00:00+00:00 to 2025-07-07 02:00:00+00:00
[2025-07-31T22:00:07.293+0000] {data_ingestion.py:42} INFO - current_start: 2025-07-07 02:00:00+00:00, current_end: 2025-07-08 03:00:00+00:00
[2025-07-31T22:00:07.510+0000] {data_ingestion.py:62} INFO - Fetched 301 candles for BTC-USD from 2025-07-07 02:00:00+00:00 to 2025-07-08 03:00:00+00:00
[2025-07-31T22:00:07.513+0000] {data_ingestion.py:42} INFO - current_start: 2025-07-08 03:00:00+00:00, current_end: 2025-07-09 04:00:00+00:00
[2025-07-31T22:00:07.951+0000] {data_ingestion.py:62} INFO - Fetched 301 candles for BTC-USD from 2025-07-08 03:00:00+00:00 to 2025-07-09 04:00:00+00:00
[2025-07-31T22:00:07.954+0000] {data_ingestion.py:42} INFO - current_start: 2025-07-09 04:00:00+00:00, current_end: 2025-07-10 05:00:00+00:00
[2025-07-31T22:00:08.182+0000] {data_ingestion.py:62} INFO - Fetched 301 candles for BTC-USD from 2025-07-09 04:00:00+00:00 to 2025-07-10 05:00:00+00:00
[2025-07-31T22:00:08.190+0000] {data_ingestion.py:42} INFO - current_start: 2025-07-10 05:00:00+00:00, current_end: 2025-07-11 06:00:00+00:00
[2025-07-31T22:00:08.460+0000] {data_ingestion.py:62} INFO - Fetched 301 candles for BTC-USD from 2025-07-10 05:00:00+00:00 to 2025-07-11 06:00:00+00:00
[2025-07-31T22:00:08.464+0000] {data_ingestion.py:42} INFO - current_start: 2025-07-11 06:00:00+00:00, current_end: 2025-07-12 07:00:00+00:00
[2025-07-31T22:00:09.058+0000] {data_ingestion.py:62} INFO - Fetched 301 candles for BTC-USD from 2025-07-11 06:00:00+00:00 to 2025-07-12 07:00:00+00:00
[2025-07-31T22:00:09.060+0000] {data_ingestion.py:42} INFO - current_start: 2025-07-12 07:00:00+00:00, current_end: 2025-07-13 08:00:00+00:00
[2025-07-31T22:00:09.245+0000] {data_ingestion.py:62} INFO - Fetched 301 candles for BTC-USD from 2025-07-12 07:00:00+00:00 to 2025-07-13 08:00:00+00:00
[2025-07-31T22:00:09.248+0000] {data_ingestion.py:42} INFO - current_start: 2025-07-13 08:00:00+00:00, current_end: 2025-07-14 09:00:00+00:00
[2025-07-31T22:00:09.456+0000] {data_ingestion.py:62} INFO - Fetched 301 candles for BTC-USD from 2025-07-13 08:00:00+00:00 to 2025-07-14 09:00:00+00:00
[2025-07-31T22:00:09.458+0000] {data_ingestion.py:42} INFO - current_start: 2025-07-14 09:00:00+00:00, current_end: 2025-07-15 10:00:00+00:00
[2025-07-31T22:00:09.699+0000] {data_ingestion.py:62} INFO - Fetched 301 candles for BTC-USD from 2025-07-14 09:00:00+00:00 to 2025-07-15 10:00:00+00:00
[2025-07-31T22:00:09.702+0000] {data_ingestion.py:42} INFO - current_start: 2025-07-15 10:00:00+00:00, current_end: 2025-07-16 11:00:00+00:00
[2025-07-31T22:00:09.939+0000] {data_ingestion.py:62} INFO - Fetched 301 candles for BTC-USD from 2025-07-15 10:00:00+00:00 to 2025-07-16 11:00:00+00:00
[2025-07-31T22:00:09.943+0000] {data_ingestion.py:42} INFO - current_start: 2025-07-16 11:00:00+00:00, current_end: 2025-07-17 12:00:00+00:00
[2025-07-31T22:00:10.164+0000] {data_ingestion.py:62} INFO - Fetched 301 candles for BTC-USD from 2025-07-16 11:00:00+00:00 to 2025-07-17 12:00:00+00:00
[2025-07-31T22:00:10.166+0000] {data_ingestion.py:42} INFO - current_start: 2025-07-17 12:00:00+00:00, current_end: 2025-07-18 13:00:00+00:00
[2025-07-31T22:00:10.396+0000] {data_ingestion.py:62} INFO - Fetched 301 candles for BTC-USD from 2025-07-17 12:00:00+00:00 to 2025-07-18 13:00:00+00:00
[2025-07-31T22:00:10.401+0000] {data_ingestion.py:42} INFO - current_start: 2025-07-18 13:00:00+00:00, current_end: 2025-07-19 14:00:00+00:00
[2025-07-31T22:00:11.641+0000] {data_ingestion.py:62} INFO - Fetched 301 candles for BTC-USD from 2025-07-18 13:00:00+00:00 to 2025-07-19 14:00:00+00:00
[2025-07-31T22:00:11.644+0000] {data_ingestion.py:42} INFO - current_start: 2025-07-19 14:00:00+00:00, current_end: 2025-07-20 15:00:00+00:00
[2025-07-31T22:00:08.788+0000] {data_ingestion.py:62} INFO - Fetched 301 candles for BTC-USD from 2025-07-19 14:00:00+00:00 to 2025-07-20 15:00:00+00:00
[2025-07-31T22:00:08.793+0000] {data_ingestion.py:42} INFO - current_start: 2025-07-20 15:00:00+00:00, current_end: 2025-07-21 16:00:00+00:00
[2025-07-31T22:00:09.000+0000] {data_ingestion.py:62} INFO - Fetched 301 candles for BTC-USD from 2025-07-20 15:00:00+00:00 to 2025-07-21 16:00:00+00:00
[2025-07-31T22:00:09.003+0000] {data_ingestion.py:42} INFO - current_start: 2025-07-21 16:00:00+00:00, current_end: 2025-07-22 17:00:00+00:00
[2025-07-31T22:00:09.223+0000] {data_ingestion.py:62} INFO - Fetched 301 candles for BTC-USD from 2025-07-21 16:00:00+00:00 to 2025-07-22 17:00:00+00:00
[2025-07-31T22:00:09.226+0000] {data_ingestion.py:42} INFO - current_start: 2025-07-22 17:00:00+00:00, current_end: 2025-07-23 18:00:00+00:00
[2025-07-31T22:00:09.723+0000] {data_ingestion.py:62} INFO - Fetched 301 candles for BTC-USD from 2025-07-22 17:00:00+00:00 to 2025-07-23 18:00:00+00:00
[2025-07-31T22:00:09.725+0000] {data_ingestion.py:42} INFO - current_start: 2025-07-23 18:00:00+00:00, current_end: 2025-07-24 19:00:00+00:00
[2025-07-31T22:00:10.175+0000] {data_ingestion.py:62} INFO - Fetched 301 candles for BTC-USD from 2025-07-23 18:00:00+00:00 to 2025-07-24 19:00:00+00:00
[2025-07-31T22:00:10.183+0000] {data_ingestion.py:42} INFO - current_start: 2025-07-24 19:00:00+00:00, current_end: 2025-07-25 20:00:00+00:00
[2025-07-31T22:00:10.740+0000] {data_ingestion.py:62} INFO - Fetched 301 candles for BTC-USD from 2025-07-24 19:00:00+00:00 to 2025-07-25 20:00:00+00:00
[2025-07-31T22:00:10.744+0000] {data_ingestion.py:42} INFO - current_start: 2025-07-25 20:00:00+00:00, current_end: 2025-07-26 21:00:00+00:00
[2025-07-31T22:00:10.970+0000] {data_ingestion.py:62} INFO - Fetched 301 candles for BTC-USD from 2025-07-25 20:00:00+00:00 to 2025-07-26 21:00:00+00:00
[2025-07-31T22:00:10.974+0000] {data_ingestion.py:42} INFO - current_start: 2025-07-26 21:00:00+00:00, current_end: 2025-07-27 22:00:00+00:00
[2025-07-31T22:00:11.187+0000] {data_ingestion.py:62} INFO - Fetched 301 candles for BTC-USD from 2025-07-26 21:00:00+00:00 to 2025-07-27 22:00:00+00:00
[2025-07-31T22:00:11.190+0000] {data_ingestion.py:42} INFO - current_start: 2025-07-27 22:00:00+00:00, current_end: 2025-07-28 23:00:00+00:00
[2025-07-31T22:00:11.400+0000] {data_ingestion.py:62} INFO - Fetched 301 candles for BTC-USD from 2025-07-27 22:00:00+00:00 to 2025-07-28 23:00:00+00:00
[2025-07-31T22:00:11.403+0000] {data_ingestion.py:42} INFO - current_start: 2025-07-28 23:00:00+00:00, current_end: 2025-07-30 00:00:00+00:00
[2025-07-31T22:00:11.613+0000] {data_ingestion.py:62} INFO - Fetched 301 candles for BTC-USD from 2025-07-28 23:00:00+00:00 to 2025-07-30 00:00:00+00:00
[2025-07-31T22:00:11.616+0000] {data_ingestion.py:42} INFO - current_start: 2025-07-30 00:00:00+00:00, current_end: 2025-07-31 01:00:00+00:00
[2025-07-31T22:00:11.829+0000] {data_ingestion.py:62} INFO - Fetched 301 candles for BTC-USD from 2025-07-30 00:00:00+00:00 to 2025-07-31 01:00:00+00:00
[2025-07-31T22:00:11.832+0000] {data_ingestion.py:42} INFO - current_start: 2025-07-31 01:00:00+00:00, current_end: 2025-07-31 21:00:00+00:00
[2025-07-31T22:00:12.337+0000] {data_ingestion.py:62} INFO - Fetched 241 candles for BTC-USD from 2025-07-31 01:00:00+00:00 to 2025-07-31 21:00:00+00:00
[2025-07-31T22:00:12.669+0000] {data_ingestion.py:104} INFO - Saved data to S3: s3://crypto-mlops-bucket/data/historical_BTC_USD_20250731210000.csv
[2025-07-31T22:00:12.671+0000] {hourly_inference.py:84} INFO - Données brutes récupérées : shape=(8669, 7)
[2025-07-31T22:00:12.921+0000] {data_processing.py:41} INFO - Loaded 8669 records from S3: data/historical_BTC_USD_20250731120000.csv
[2025-07-31T22:00:13.051+0000] {data_processing.py:41} INFO - Loaded 8669 records from S3: data/historical_BTC_USD_20250731130000.csv
[2025-07-31T22:00:13.087+0000] {data_processing.py:41} INFO - Loaded 288 records from S3: data/historical_BTC_USD_20250731130525.csv
[2025-07-31T22:00:13.210+0000] {data_processing.py:41} INFO - Loaded 8640 records from S3: data/historical_BTC_USD_20250731131241.csv
[2025-07-31T22:00:13.288+0000] {data_processing.py:41} INFO - Loaded 8640 records from S3: data/historical_BTC_USD_20250731133338.csv
[2025-07-31T22:00:13.376+0000] {data_processing.py:41} INFO - Loaded 8669 records from S3: data/historical_BTC_USD_20250731140000.csv
[2025-07-31T22:00:13.452+0000] {data_processing.py:41} INFO - Loaded 8640 records from S3: data/historical_BTC_USD_20250731142123.csv
[2025-07-31T22:00:13.555+0000] {data_processing.py:41} INFO - Loaded 8669 records from S3: data/historical_BTC_USD_20250731150000.csv
[2025-07-31T22:00:13.669+0000] {data_processing.py:41} INFO - Loaded 8640 records from S3: data/historical_BTC_USD_20250731152644.csv
[2025-07-31T22:00:13.712+0000] {data_processing.py:41} INFO - Loaded 288 records from S3: data/historical_BTC_USD_20250731154536.csv
[2025-07-31T22:00:13.862+0000] {data_processing.py:41} INFO - Loaded 8669 records from S3: data/historical_BTC_USD_20250731160000.csv
[2025-07-31T22:00:13.939+0000] {data_processing.py:41} INFO - Loaded 288 records from S3: data/historical_BTC_USD_20250731160221.csv
[2025-07-31T22:00:13.985+0000] {data_processing.py:41} INFO - Loaded 288 records from S3: data/historical_BTC_USD_20250731160852.csv
[2025-07-31T22:00:14.145+0000] {data_processing.py:41} INFO - Loaded 8669 records from S3: data/historical_BTC_USD_20250731190000.csv
[2025-07-31T22:00:14.277+0000] {data_processing.py:41} INFO - Loaded 8669 records from S3: data/historical_BTC_USD_20250731200000.csv
[2025-07-31T22:00:14.313+0000] {data_processing.py:41} INFO - Loaded 288 records from S3: data/historical_BTC_USD_20250731200329.csv
[2025-07-31T22:00:14.403+0000] {data_processing.py:41} INFO - Loaded 8640 records from S3: data/historical_BTC_USD_20250731201208.csv
[2025-07-31T22:00:14.482+0000] {data_processing.py:41} INFO - Loaded 8669 records from S3: data/historical_BTC_USD_20250731210000.csv
[2025-07-31T22:00:14.507+0000] {data_processing.py:41} INFO - Loaded 288 records from S3: data/historical_BTC_USD_20250731210452.csv
[2025-07-31T22:00:14.589+0000] {data_processing.py:41} INFO - Loaded 8640 records from S3: data/historical_BTC_USD_20250731210927.csv
[2025-07-31T22:00:14.620+0000] {data_processing.py:41} INFO - Loaded 288 records from S3: data/historical_BTC_USD_20250731212431.csv
[2025-07-31T22:00:14.654+0000] {data_processing.py:41} INFO - Loaded 288 records from S3: data/historical_BTC_USD_20250731213309.csv
[2025-07-31T22:00:14.703+0000] {data_processing.py:84} INFO - Combined 8755 records for BTC-USD
[2025-07-31T22:00:14.711+0000] {hourly_inference.py:88} INFO - Données combinées : shape=(8755, 7)
[2025-07-31T22:00:15.027+0000] {data_processing.py:168} INFO - Removed 50 rows with NaN values. Final shape: (8705, 84)
[2025-07-31T22:00:15.028+0000] {hourly_inference.py:91} INFO - Features : shape=(8705, 84)
[2025-07-31T22:00:15.077+0000] {logging_mixin.py:188} WARNING - /opt/***/src/data_processing.py:187 FutureWarning: DataFrame.fillna with 'method' is deprecated and will raise in a future version. Use obj.ffill() or obj.bfill() instead.
[2025-07-31T22:00:15.096+0000] {data_processing.py:189} INFO - Prepared features: (8705, 80), Target: (8705,)
[2025-07-31T22:00:15.097+0000] {data_processing.py:190} INFO - Feature columns: 80
[2025-07-31T22:00:15.130+0000] {hourly_inference.py:106} INFO - Last row : shape=(1, 80)
[2025-07-31T22:00:15.235+0000] {hourly_inference.py:116} INFO - ✅ Features uploaded → s3://crypto-mlops-bucket/features/date=2025-07-31/hour=21/features.parquet
[2025-07-31T22:00:15.259+0000] {hourly_inference.py:131} INFO - ✅ Target uploaded → s3://crypto-mlops-bucket/targets/date=2025-07-31/hour=20/target.parquet
[2025-07-31T22:00:19.076+0000] {credentials.py:1147} INFO - Found credentials in environment variables.
[2025-07-31T22:00:19.232+0000] {logging_mixin.py:188} WARNING - Downloading artifacts:   0%|          | 0/5 [00:00<?, ?it/s]
[2025-07-31T22:00:19.300+0000] {logging_mixin.py:188} WARNING - Downloading artifacts:  20%|##        | 1/5 [00:00<00:00, 14.99it/s]
[2025-07-31T22:00:19.315+0000] {logging_mixin.py:188} WARNING - Downloading artifacts:  40%|####      | 2/5 [00:00<00:00, 24.52it/s]
[2025-07-31T22:00:19.351+0000] {logging_mixin.py:188} WARNING - Downloading artifacts:  60%|######    | 3/5 [00:00<00:00, 25.64it/s]
[2025-07-31T22:00:19.353+0000] {logging_mixin.py:188} WARNING - Downloading artifacts:  60%|######    | 3/5 [00:00<00:00, 25.64it/s]
[2025-07-31T22:00:19.355+0000] {logging_mixin.py:188} WARNING - Downloading artifacts:  80%|########  | 4/5 [00:00<00:00, 25.64it/s]
[2025-07-31T22:00:19.357+0000] {logging_mixin.py:188} WARNING - Downloading artifacts: 100%|##########| 5/5 [00:00<00:00, 25.64it/s]
[2025-07-31T22:00:19.358+0000] {logging_mixin.py:188} WARNING - Downloading artifacts: 100%|##########| 5/5 [00:00<00:00, 40.27it/s]
[2025-07-31T22:00:19.978+0000] {hourly_inference.py:144} INFO - ✅ Model loaded: crypto_lightgbm_model_BTC_USD, version 23
[2025-07-31T22:00:20.089+0000] {hourly_inference.py:164} INFO - ✅ Prediction uploaded → s3://crypto-mlops-bucket/predictions/date=2025-07-31/hour=21/prediction.parquet
[2025-07-31T22:00:20.100+0000] {python.py:237} INFO - Done. Returned value was: None
[2025-07-31T22:00:20.105+0000] {taskinstance.py:441} INFO - ::group::Post task execution logs
[2025-07-31T22:00:20.147+0000] {taskinstance.py:1205} INFO - Marking task as SUCCESS. dag_id=preprocessing_hourly, task_id=preprocess_and_predict, execution_date=20250731T210000, start_date=20250731T220005, end_date=20250731T220020
[2025-07-31T22:00:20.301+0000] {local_task_job_runner.py:240} INFO - Task exited with return code 0
[2025-07-31T22:00:20.344+0000] {taskinstance.py:3482} INFO - 0 downstream tasks scheduled from follow-on schedule check
[2025-07-31T22:00:20.348+0000] {local_task_job_runner.py:222} INFO - ::endgroup::
