[2025-07-28T18:18:55.265+0000] {local_task_job_runner.py:120} INFO - ::group::Pre task execution logs
[2025-07-28T18:18:55.300+0000] {taskinstance.py:2073} INFO - Dependencies all met for dep_context=non-requeueable deps ti=<TaskInstance: preprocessing_hourly.preprocess_and_predict scheduled__2025-07-28T17:00:00+00:00 [queued]>
[2025-07-28T18:18:55.310+0000] {taskinstance.py:2073} INFO - Dependencies all met for dep_context=requeueable deps ti=<TaskInstance: preprocessing_hourly.preprocess_and_predict scheduled__2025-07-28T17:00:00+00:00 [queued]>
[2025-07-28T18:18:55.311+0000] {taskinstance.py:2303} INFO - Starting attempt 1 of 2
[2025-07-28T18:18:55.326+0000] {taskinstance.py:2327} INFO - Executing <Task(PythonOperator): preprocess_and_predict> on 2025-07-28 17:00:00+00:00
[2025-07-28T18:18:55.344+0000] {logging_mixin.py:188} WARNING - /home/***/.local/lib/python3.12/site-packages/***/task/task_runner/standard_task_runner.py:61 DeprecationWarning: This process (pid=35273) is multi-threaded, use of fork() may lead to deadlocks in the child.
[2025-07-28T18:18:55.343+0000] {standard_task_runner.py:90} INFO - Running: ['***', 'tasks', 'run', 'preprocessing_hourly', 'preprocess_and_predict', 'scheduled__2025-07-28T17:00:00+00:00', '--job-id', '30', '--raw', '--subdir', 'DAGS_FOLDER/ingestion_inference.py', '--cfg-path', '/tmp/tmp57v_4coz']
[2025-07-28T18:18:55.345+0000] {standard_task_runner.py:91} INFO - Job 30: Subtask preprocess_and_predict
[2025-07-28T18:18:55.345+0000] {standard_task_runner.py:63} INFO - Started process 35327 to run task
[2025-07-28T18:18:55.361+0000] {logging_mixin.py:188} WARNING - /home/***/.local/lib/python3.12/site-packages/***/settings.py:195 DeprecationWarning: The sql_alchemy_conn option in [core] has been moved to the sql_alchemy_conn option in [database] - the old setting has been used, but please update your config.
[2025-07-28T18:18:55.401+0000] {task_command.py:426} INFO - Running <TaskInstance: preprocessing_hourly.preprocess_and_predict scheduled__2025-07-28T17:00:00+00:00 [running]> on host d78ad09e75e4
[2025-07-28T18:18:55.515+0000] {taskinstance.py:2644} INFO - Exporting env vars: AIRFLOW_CTX_DAG_OWNER='mlops' AIRFLOW_CTX_DAG_ID='preprocessing_hourly' AIRFLOW_CTX_TASK_ID='preprocess_and_predict' AIRFLOW_CTX_EXECUTION_DATE='2025-07-28T17:00:00+00:00' AIRFLOW_CTX_TRY_NUMBER='1' AIRFLOW_CTX_DAG_RUN_ID='scheduled__2025-07-28T17:00:00+00:00'
[2025-07-28T18:18:55.517+0000] {taskinstance.py:430} INFO - ::endgroup::
[2025-07-28T18:18:55.532+0000] {logging_mixin.py:188} WARNING - /home/***/.local/lib/python3.12/site-packages/***/utils/context.py:320 AirflowContextDeprecationWarning: Accessing 'execution_date' from the template is deprecated and will be removed in a future version. Please use 'data_interval_start' or 'logical_date' instead.
[2025-07-28T18:18:55.533+0000] {ingestion_inference.py:67} INFO - [DEBUG] Execution date: 2025-07-28 17:00:00+00:00 (type=<class 'Proxy'>)
[2025-07-28T18:18:55.549+0000] {ingestion_inference.py:56} INFO - Bucket crypto-mlops-bucket exists
[2025-07-28T18:18:55.550+0000] {ingestion_inference.py:74} INFO - === Début du préprocessing ===
[2025-07-28T18:18:55.966+0000] {data_ingestion.py:62} INFO - Fetched 300 candles for BTC-USD from 2025-06-28 18:18:55.564409 to 2025-06-29 19:18:55.564409
[2025-07-28T18:18:56.148+0000] {data_ingestion.py:62} INFO - Fetched 300 candles for BTC-USD from 2025-06-29 19:18:55.564409 to 2025-06-30 20:18:55.564409
[2025-07-28T18:18:56.337+0000] {data_ingestion.py:62} INFO - Fetched 300 candles for BTC-USD from 2025-06-30 20:18:55.564409 to 2025-07-01 21:18:55.564409
[2025-07-28T18:18:56.513+0000] {data_ingestion.py:62} INFO - Fetched 300 candles for BTC-USD from 2025-07-01 21:18:55.564409 to 2025-07-02 22:18:55.564409
[2025-07-28T18:18:56.696+0000] {data_ingestion.py:62} INFO - Fetched 300 candles for BTC-USD from 2025-07-02 22:18:55.564409 to 2025-07-03 23:18:55.564409
[2025-07-28T18:18:56.906+0000] {data_ingestion.py:62} INFO - Fetched 300 candles for BTC-USD from 2025-07-03 23:18:55.564409 to 2025-07-05 00:18:55.564409
[2025-07-28T18:18:57.089+0000] {data_ingestion.py:62} INFO - Fetched 300 candles for BTC-USD from 2025-07-05 00:18:55.564409 to 2025-07-06 01:18:55.564409
[2025-07-28T18:18:57.275+0000] {data_ingestion.py:62} INFO - Fetched 300 candles for BTC-USD from 2025-07-06 01:18:55.564409 to 2025-07-07 02:18:55.564409
[2025-07-28T18:18:57.464+0000] {data_ingestion.py:62} INFO - Fetched 300 candles for BTC-USD from 2025-07-07 02:18:55.564409 to 2025-07-08 03:18:55.564409
[2025-07-28T18:18:57.643+0000] {data_ingestion.py:62} INFO - Fetched 300 candles for BTC-USD from 2025-07-08 03:18:55.564409 to 2025-07-09 04:18:55.564409
[2025-07-28T18:18:57.830+0000] {data_ingestion.py:62} INFO - Fetched 300 candles for BTC-USD from 2025-07-09 04:18:55.564409 to 2025-07-10 05:18:55.564409
[2025-07-28T18:18:58.183+0000] {data_ingestion.py:62} INFO - Fetched 300 candles for BTC-USD from 2025-07-10 05:18:55.564409 to 2025-07-11 06:18:55.564409
[2025-07-28T18:18:58.611+0000] {data_ingestion.py:62} INFO - Fetched 300 candles for BTC-USD from 2025-07-11 06:18:55.564409 to 2025-07-12 07:18:55.564409
[2025-07-28T18:18:58.798+0000] {data_ingestion.py:62} INFO - Fetched 300 candles for BTC-USD from 2025-07-12 07:18:55.564409 to 2025-07-13 08:18:55.564409
[2025-07-28T18:18:58.996+0000] {data_ingestion.py:62} INFO - Fetched 300 candles for BTC-USD from 2025-07-13 08:18:55.564409 to 2025-07-14 09:18:55.564409
[2025-07-28T18:18:59.208+0000] {data_ingestion.py:62} INFO - Fetched 300 candles for BTC-USD from 2025-07-14 09:18:55.564409 to 2025-07-15 10:18:55.564409
[2025-07-28T18:18:59.384+0000] {data_ingestion.py:62} INFO - Fetched 300 candles for BTC-USD from 2025-07-15 10:18:55.564409 to 2025-07-16 11:18:55.564409
[2025-07-28T18:18:59.855+0000] {data_ingestion.py:62} INFO - Fetched 300 candles for BTC-USD from 2025-07-16 11:18:55.564409 to 2025-07-17 12:18:55.564409
[2025-07-28T18:19:00.318+0000] {data_ingestion.py:62} INFO - Fetched 300 candles for BTC-USD from 2025-07-17 12:18:55.564409 to 2025-07-18 13:18:55.564409
[2025-07-28T18:19:00.767+0000] {data_ingestion.py:62} INFO - Fetched 300 candles for BTC-USD from 2025-07-18 13:18:55.564409 to 2025-07-19 14:18:55.564409
[2025-07-28T18:19:01.231+0000] {data_ingestion.py:62} INFO - Fetched 300 candles for BTC-USD from 2025-07-19 14:18:55.564409 to 2025-07-20 15:18:55.564409
[2025-07-28T18:19:01.465+0000] {data_ingestion.py:62} INFO - Fetched 300 candles for BTC-USD from 2025-07-20 15:18:55.564409 to 2025-07-21 16:18:55.564409
[2025-07-28T18:19:01.664+0000] {data_ingestion.py:62} INFO - Fetched 300 candles for BTC-USD from 2025-07-21 16:18:55.564409 to 2025-07-22 17:18:55.564409
[2025-07-28T18:19:02.150+0000] {data_ingestion.py:62} INFO - Fetched 300 candles for BTC-USD from 2025-07-22 17:18:55.564409 to 2025-07-23 18:18:55.564409
[2025-07-28T18:19:02.339+0000] {data_ingestion.py:62} INFO - Fetched 300 candles for BTC-USD from 2025-07-23 18:18:55.564409 to 2025-07-24 19:18:55.564409
[2025-07-28T18:19:02.592+0000] {data_ingestion.py:62} INFO - Fetched 300 candles for BTC-USD from 2025-07-24 19:18:55.564409 to 2025-07-25 20:18:55.564409
[2025-07-28T18:19:02.784+0000] {data_ingestion.py:62} INFO - Fetched 300 candles for BTC-USD from 2025-07-25 20:18:55.564409 to 2025-07-26 21:18:55.564409
[2025-07-28T18:19:03.240+0000] {data_ingestion.py:62} INFO - Fetched 300 candles for BTC-USD from 2025-07-26 21:18:55.564409 to 2025-07-27 22:18:55.564409
[2025-07-28T18:19:03.423+0000] {data_ingestion.py:62} INFO - Fetched 240 candles for BTC-USD from 2025-07-27 22:18:55.564409 to 2025-07-28 18:18:55.564409
[2025-07-28T18:19:03.539+0000] {data_ingestion.py:103} INFO - Saved data to S3: s3://crypto-mlops-bucket/data/historical_BTC_USD_20250728181903.csv
[2025-07-28T18:19:03.723+0000] {data_ingestion.py:62} INFO - Fetched 300 candles for ETH-USD from 2025-06-28 18:18:55.564409 to 2025-06-29 19:18:55.564409
[2025-07-28T18:19:04.190+0000] {data_ingestion.py:62} INFO - Fetched 300 candles for ETH-USD from 2025-06-29 19:18:55.564409 to 2025-06-30 20:18:55.564409
[2025-07-28T18:19:04.382+0000] {data_ingestion.py:62} INFO - Fetched 300 candles for ETH-USD from 2025-06-30 20:18:55.564409 to 2025-07-01 21:18:55.564409
[2025-07-28T18:19:04.571+0000] {data_ingestion.py:62} INFO - Fetched 300 candles for ETH-USD from 2025-07-01 21:18:55.564409 to 2025-07-02 22:18:55.564409
[2025-07-28T18:19:04.736+0000] {data_ingestion.py:62} INFO - Fetched 300 candles for ETH-USD from 2025-07-02 22:18:55.564409 to 2025-07-03 23:18:55.564409
[2025-07-28T18:19:04.904+0000] {data_ingestion.py:62} INFO - Fetched 300 candles for ETH-USD from 2025-07-03 23:18:55.564409 to 2025-07-05 00:18:55.564409
[2025-07-28T18:19:05.385+0000] {data_ingestion.py:62} INFO - Fetched 300 candles for ETH-USD from 2025-07-05 00:18:55.564409 to 2025-07-06 01:18:55.564409
[2025-07-28T18:19:05.587+0000] {data_ingestion.py:62} INFO - Fetched 300 candles for ETH-USD from 2025-07-06 01:18:55.564409 to 2025-07-07 02:18:55.564409
[2025-07-28T18:19:05.750+0000] {data_ingestion.py:62} INFO - Fetched 300 candles for ETH-USD from 2025-07-07 02:18:55.564409 to 2025-07-08 03:18:55.564409
[2025-07-28T18:19:05.949+0000] {data_ingestion.py:62} INFO - Fetched 300 candles for ETH-USD from 2025-07-08 03:18:55.564409 to 2025-07-09 04:18:55.564409
[2025-07-28T18:19:06.118+0000] {data_ingestion.py:62} INFO - Fetched 300 candles for ETH-USD from 2025-07-09 04:18:55.564409 to 2025-07-10 05:18:55.564409
[2025-07-28T18:19:06.572+0000] {data_ingestion.py:62} INFO - Fetched 300 candles for ETH-USD from 2025-07-10 05:18:55.564409 to 2025-07-11 06:18:55.564409
[2025-07-28T18:19:06.757+0000] {data_ingestion.py:62} INFO - Fetched 300 candles for ETH-USD from 2025-07-11 06:18:55.564409 to 2025-07-12 07:18:55.564409
[2025-07-28T18:19:07.168+0000] {data_ingestion.py:62} INFO - Fetched 300 candles for ETH-USD from 2025-07-12 07:18:55.564409 to 2025-07-13 08:18:55.564409
[2025-07-28T18:19:07.339+0000] {data_ingestion.py:62} INFO - Fetched 300 candles for ETH-USD from 2025-07-13 08:18:55.564409 to 2025-07-14 09:18:55.564409
[2025-07-28T18:19:07.528+0000] {data_ingestion.py:62} INFO - Fetched 300 candles for ETH-USD from 2025-07-14 09:18:55.564409 to 2025-07-15 10:18:55.564409
[2025-07-28T18:19:07.693+0000] {data_ingestion.py:62} INFO - Fetched 300 candles for ETH-USD from 2025-07-15 10:18:55.564409 to 2025-07-16 11:18:55.564409
[2025-07-28T18:19:08.090+0000] {data_ingestion.py:62} INFO - Fetched 300 candles for ETH-USD from 2025-07-16 11:18:55.564409 to 2025-07-17 12:18:55.564409
[2025-07-28T18:19:08.286+0000] {data_ingestion.py:62} INFO - Fetched 300 candles for ETH-USD from 2025-07-17 12:18:55.564409 to 2025-07-18 13:18:55.564409
[2025-07-28T18:19:08.476+0000] {data_ingestion.py:62} INFO - Fetched 300 candles for ETH-USD from 2025-07-18 13:18:55.564409 to 2025-07-19 14:18:55.564409
[2025-07-28T18:19:08.877+0000] {data_ingestion.py:62} INFO - Fetched 300 candles for ETH-USD from 2025-07-19 14:18:55.564409 to 2025-07-20 15:18:55.564409
[2025-07-28T18:19:09.082+0000] {data_ingestion.py:62} INFO - Fetched 300 candles for ETH-USD from 2025-07-20 15:18:55.564409 to 2025-07-21 16:18:55.564409
[2025-07-28T18:19:09.273+0000] {data_ingestion.py:62} INFO - Fetched 300 candles for ETH-USD from 2025-07-21 16:18:55.564409 to 2025-07-22 17:18:55.564409
[2025-07-28T18:19:09.473+0000] {data_ingestion.py:62} INFO - Fetched 300 candles for ETH-USD from 2025-07-22 17:18:55.564409 to 2025-07-23 18:18:55.564409
[2025-07-28T18:19:09.941+0000] {data_ingestion.py:62} INFO - Fetched 300 candles for ETH-USD from 2025-07-23 18:18:55.564409 to 2025-07-24 19:18:55.564409
[2025-07-28T18:19:10.141+0000] {data_ingestion.py:62} INFO - Fetched 300 candles for ETH-USD from 2025-07-24 19:18:55.564409 to 2025-07-25 20:18:55.564409
[2025-07-28T18:19:10.316+0000] {data_ingestion.py:62} INFO - Fetched 300 candles for ETH-USD from 2025-07-25 20:18:55.564409 to 2025-07-26 21:18:55.564409
[2025-07-28T18:19:10.493+0000] {data_ingestion.py:62} INFO - Fetched 300 candles for ETH-USD from 2025-07-26 21:18:55.564409 to 2025-07-27 22:18:55.564409
[2025-07-28T18:19:10.657+0000] {data_ingestion.py:62} INFO - Fetched 240 candles for ETH-USD from 2025-07-27 22:18:55.564409 to 2025-07-28 18:18:55.564409
[2025-07-28T18:19:10.772+0000] {data_ingestion.py:103} INFO - Saved data to S3: s3://crypto-mlops-bucket/data/historical_ETH_USD_20250728181910.csv
[2025-07-28T18:19:10.772+0000] {ingestion_inference.py:79} INFO - Données brutes récupérées : shape=(8640, 7)
[2025-07-28T18:19:10.831+0000] {data_processing.py:40} INFO - Loaded 288 records from S3: data/historical_BTC_USD_20250728101554.csv
[2025-07-28T18:19:10.865+0000] {data_processing.py:40} INFO - Loaded 8640 records from S3: data/historical_BTC_USD_20250728101811.csv
[2025-07-28T18:19:10.904+0000] {data_processing.py:40} INFO - Loaded 8640 records from S3: data/historical_BTC_USD_20250728101831.csv
[2025-07-28T18:19:10.923+0000] {data_processing.py:40} INFO - Loaded 288 records from S3: data/historical_BTC_USD_20250728105614.csv
[2025-07-28T18:19:10.957+0000] {data_processing.py:40} INFO - Loaded 8640 records from S3: data/historical_BTC_USD_20250728110017.csv
[2025-07-28T18:19:10.974+0000] {data_processing.py:40} INFO - Loaded 288 records from S3: data/historical_BTC_USD_20250728110436.csv
[2025-07-28T18:19:10.990+0000] {data_processing.py:40} INFO - Loaded 288 records from S3: data/historical_BTC_USD_20250728111630.csv
[2025-07-28T18:19:11.008+0000] {data_processing.py:40} INFO - Loaded 288 records from S3: data/historical_BTC_USD_20250728112512.csv
[2025-07-28T18:19:11.037+0000] {data_processing.py:40} INFO - Loaded 8640 records from S3: data/historical_BTC_USD_20250728113121.csv
[2025-07-28T18:19:11.052+0000] {data_processing.py:40} INFO - Loaded 288 records from S3: data/historical_BTC_USD_20250728113444.csv
[2025-07-28T18:19:11.070+0000] {data_processing.py:40} INFO - Loaded 288 records from S3: data/historical_BTC_USD_20250728114226.csv
[2025-07-28T18:19:11.096+0000] {data_processing.py:40} INFO - Loaded 8640 records from S3: data/historical_BTC_USD_20250728120012.csv
[2025-07-28T18:19:11.122+0000] {data_processing.py:40} INFO - Loaded 8640 records from S3: data/historical_BTC_USD_20250728133614.csv
[2025-07-28T18:19:11.147+0000] {data_processing.py:40} INFO - Loaded 8640 records from S3: data/historical_BTC_USD_20250728140029.csv
[2025-07-28T18:19:11.174+0000] {data_processing.py:40} INFO - Loaded 8640 records from S3: data/historical_BTC_USD_20250728150011.csv
[2025-07-28T18:19:11.200+0000] {data_processing.py:40} INFO - Loaded 8640 records from S3: data/historical_BTC_USD_20250728153157.csv
[2025-07-28T18:19:11.217+0000] {data_processing.py:40} INFO - Loaded 288 records from S3: data/historical_BTC_USD_20250728153357.csv
[2025-07-28T18:19:11.231+0000] {data_processing.py:40} INFO - Loaded 288 records from S3: data/historical_BTC_USD_20250728154411.csv
[2025-07-28T18:19:11.246+0000] {data_processing.py:40} INFO - Loaded 288 records from S3: data/historical_BTC_USD_20250728154903.csv
[2025-07-28T18:19:11.278+0000] {data_processing.py:40} INFO - Loaded 8640 records from S3: data/historical_BTC_USD_20250728160214.csv
[2025-07-28T18:19:11.294+0000] {data_processing.py:40} INFO - Loaded 288 records from S3: data/historical_BTC_USD_20250728160216.csv
[2025-07-28T18:19:11.310+0000] {data_processing.py:40} INFO - Loaded 288 records from S3: data/historical_BTC_USD_20250728160822.csv
[2025-07-28T18:19:11.327+0000] {data_processing.py:40} INFO - Loaded 288 records from S3: data/historical_BTC_USD_20250728161845.csv
[2025-07-28T18:19:11.343+0000] {data_processing.py:40} INFO - Loaded 288 records from S3: data/historical_BTC_USD_20250728162615.csv
[2025-07-28T18:19:11.357+0000] {data_processing.py:40} INFO - Loaded 288 records from S3: data/historical_BTC_USD_20250728163844.csv
[2025-07-28T18:19:11.382+0000] {data_processing.py:40} INFO - Loaded 8640 records from S3: data/historical_BTC_USD_20250728181838.csv
[2025-07-28T18:19:11.397+0000] {data_processing.py:40} INFO - Loaded 288 records from S3: data/historical_BTC_USD_20250728181859.csv
[2025-07-28T18:19:11.423+0000] {data_processing.py:40} INFO - Loaded 8640 records from S3: data/historical_BTC_USD_20250728181903.csv
[2025-07-28T18:19:11.439+0000] {data_processing.py:84} INFO - Combined 8736 records for BTC-USD
[2025-07-28T18:19:11.442+0000] {ingestion_inference.py:83} INFO - Données combinées : shape=(8736, 7)
[2025-07-28T18:19:11.552+0000] {data_processing.py:162} INFO - Removed 50 rows with NaN values. Final shape: (8686, 84)
[2025-07-28T18:19:11.553+0000] {ingestion_inference.py:86} INFO - Features : shape=(8686, 84)
[2025-07-28T18:19:11.563+0000] {ingestion_inference.py:90} INFO - Scaler chargé
[2025-07-28T18:19:11.616+0000] {logging_mixin.py:188} WARNING - /opt/***/src/data_processing.py:177 FutureWarning: DataFrame.fillna with 'method' is deprecated and will raise in a future version. Use obj.ffill() or obj.bfill() instead.
[2025-07-28T18:19:11.625+0000] {data_processing.py:179} INFO - Prepared features: (8686, 80), Target: (8686,)
[2025-07-28T18:19:11.626+0000] {data_processing.py:180} INFO - Feature columns: 80
[2025-07-28T18:19:11.653+0000] {ingestion_inference.py:100} INFO - Last row : shape=(1, 81)
[2025-07-28T18:19:11.681+0000] {ingestion_inference.py:110} INFO - ✅ Features uploaded → s3://crypto-mlops-bucket/features/date=2025-07-28/hour=17/features.parquet
[2025-07-28T18:19:11.697+0000] {ingestion_inference.py:121} INFO - ✅ Target uploaded → s3://crypto-mlops-bucket/targets/date=2025-07-28/hour=17/target.parquet
[2025-07-28T18:19:11.816+0000] {credentials.py:1147} INFO - Found credentials in environment variables.
[2025-07-28T18:19:11.919+0000] {logging_mixin.py:188} WARNING - Downloading artifacts:   0%|          | 0/5 [00:00<?, ?it/s]
[2025-07-28T18:19:11.945+0000] {logging_mixin.py:188} WARNING - Downloading artifacts:  20%|##        | 1/5 [00:00<00:00, 40.47it/s]
[2025-07-28T18:19:11.946+0000] {logging_mixin.py:188} WARNING - Downloading artifacts:  40%|####      | 2/5 [00:00<00:00, 77.40it/s]
[2025-07-28T18:19:11.968+0000] {logging_mixin.py:188} WARNING - Downloading artifacts:  60%|######    | 3/5 [00:00<00:00, 63.68it/s]
[2025-07-28T18:19:11.969+0000] {logging_mixin.py:188} WARNING - Downloading artifacts:  80%|########  | 4/5 [00:00<00:00, 83.01it/s]
[2025-07-28T18:19:11.970+0000] {logging_mixin.py:188} WARNING - Downloading artifacts: 100%|##########| 5/5 [00:00<00:00, 102.04it/s]
[2025-07-28T18:19:11.971+0000] {logging_mixin.py:188} WARNING - Downloading artifacts: 100%|##########| 5/5 [00:00<00:00, 99.97it/s] 
[2025-07-28T18:19:12.222+0000] {ingestion_inference.py:134} INFO - ✅ Model loaded: crypto_lightgbm_model_BTC_USD, version 3
[2025-07-28T18:19:12.255+0000] {ingestion_inference.py:154} INFO - ✅ Prediction uploaded → s3://crypto-mlops-bucket/predictions/date=2025-07-28/hour=17/prediction.parquet
[2025-07-28T18:19:12.255+0000] {ingestion_inference.py:156} INFO - === Fin du préprocessing & prédiction ===
[2025-07-28T18:19:12.257+0000] {python.py:237} INFO - Done. Returned value was: None
[2025-07-28T18:19:12.258+0000] {taskinstance.py:441} INFO - ::group::Post task execution logs
[2025-07-28T18:19:12.270+0000] {taskinstance.py:1205} INFO - Marking task as SUCCESS. dag_id=preprocessing_hourly, task_id=preprocess_and_predict, execution_date=20250728T170000, start_date=20250728T181855, end_date=20250728T181912
[2025-07-28T18:19:12.336+0000] {local_task_job_runner.py:240} INFO - Task exited with return code 0
[2025-07-28T18:19:12.355+0000] {taskinstance.py:3482} INFO - 0 downstream tasks scheduled from follow-on schedule check
[2025-07-28T18:19:12.358+0000] {local_task_job_runner.py:222} INFO - ::endgroup::
