[2025-07-31T15:26:47.609+0000] {local_task_job_runner.py:120} INFO - ::group::Pre task execution logs
[2025-07-31T15:26:47.658+0000] {taskinstance.py:2073} INFO - Dependencies all met for dep_context=non-requeueable deps ti=<TaskInstance: preprocessing_hourly.preprocess_and_predict manual__2025-07-31T15:26:44.212664+00:00 [queued]>
[2025-07-31T15:26:47.671+0000] {taskinstance.py:2073} INFO - Dependencies all met for dep_context=requeueable deps ti=<TaskInstance: preprocessing_hourly.preprocess_and_predict manual__2025-07-31T15:26:44.212664+00:00 [queued]>
[2025-07-31T15:26:47.706+0000] {taskinstance.py:2303} INFO - Starting attempt 1 of 2
[2025-07-31T15:26:47.731+0000] {taskinstance.py:2327} INFO - Executing <Task(PythonOperator): preprocess_and_predict> on 2025-07-31 15:26:44.212664+00:00
[2025-07-31T15:26:47.753+0000] {logging_mixin.py:188} WARNING - /home/***/.local/lib/python3.12/site-packages/***/task/task_runner/standard_task_runner.py:61 DeprecationWarning: This process (pid=8890) is multi-threaded, use of fork() may lead to deadlocks in the child.
[2025-07-31T15:26:47.753+0000] {standard_task_runner.py:90} INFO - Running: ['***', 'tasks', 'run', 'preprocessing_hourly', 'preprocess_and_predict', 'manual__2025-07-31T15:26:44.212664+00:00', '--job-id', '220', '--raw', '--subdir', 'DAGS_FOLDER/hourly_inference.py', '--cfg-path', '/tmp/tmp28eaugxs']
[2025-07-31T15:26:47.756+0000] {standard_task_runner.py:63} INFO - Started process 8908 to run task
[2025-07-31T15:26:47.757+0000] {standard_task_runner.py:91} INFO - Job 220: Subtask preprocess_and_predict
[2025-07-31T15:26:47.816+0000] {logging_mixin.py:188} WARNING - /home/***/.local/lib/python3.12/site-packages/***/settings.py:195 DeprecationWarning: The sql_alchemy_conn option in [core] has been moved to the sql_alchemy_conn option in [database] - the old setting has been used, but please update your config.
[2025-07-31T15:26:47.874+0000] {task_command.py:426} INFO - Running <TaskInstance: preprocessing_hourly.preprocess_and_predict manual__2025-07-31T15:26:44.212664+00:00 [running]> on host 44c57df83f33
[2025-07-31T15:26:48.101+0000] {taskinstance.py:2644} INFO - Exporting env vars: AIRFLOW_CTX_DAG_OWNER='mlops' AIRFLOW_CTX_DAG_ID='preprocessing_hourly' AIRFLOW_CTX_TASK_ID='preprocess_and_predict' AIRFLOW_CTX_EXECUTION_DATE='2025-07-31T15:26:44.212664+00:00' AIRFLOW_CTX_TRY_NUMBER='1' AIRFLOW_CTX_DAG_RUN_ID='manual__2025-07-31T15:26:44.212664+00:00'
[2025-07-31T15:26:48.104+0000] {taskinstance.py:430} INFO - ::endgroup::
[2025-07-31T15:26:48.138+0000] {logging_mixin.py:188} WARNING - /home/***/.local/lib/python3.12/site-packages/***/utils/context.py:320 AirflowContextDeprecationWarning: Accessing 'execution_date' from the template is deprecated and will be removed in a future version. Please use 'data_interval_start' or 'logical_date' instead.
[2025-07-31T15:26:48.140+0000] {hourly_inference.py:70} INFO - [DEBUG] Execution date: 2025-07-31 15:26:44.212664+00:00 (type=<class 'Proxy'>)
[2025-07-31T15:26:48.169+0000] {hourly_inference.py:58} INFO - Bucket crypto-mlops-bucket exists
[2025-07-31T15:26:48.196+0000] {data_ingestion.py:42} INFO - current_start: 2025-07-01 15:26:44.212664+00:00, current_end: 2025-07-02 16:26:44.212664+00:00
[2025-07-31T15:26:48.425+0000] {data_ingestion.py:62} INFO - Fetched 300 candles for BTC-USD from 2025-07-01 15:26:44.212664+00:00 to 2025-07-02 16:26:44.212664+00:00
[2025-07-31T15:26:48.428+0000] {data_ingestion.py:42} INFO - current_start: 2025-07-02 16:26:44.212664+00:00, current_end: 2025-07-03 17:26:44.212664+00:00
[2025-07-31T15:26:48.651+0000] {data_ingestion.py:62} INFO - Fetched 300 candles for BTC-USD from 2025-07-02 16:26:44.212664+00:00 to 2025-07-03 17:26:44.212664+00:00
[2025-07-31T15:26:48.664+0000] {data_ingestion.py:42} INFO - current_start: 2025-07-03 17:26:44.212664+00:00, current_end: 2025-07-04 18:26:44.212664+00:00
[2025-07-31T15:26:48.895+0000] {data_ingestion.py:62} INFO - Fetched 300 candles for BTC-USD from 2025-07-03 17:26:44.212664+00:00 to 2025-07-04 18:26:44.212664+00:00
[2025-07-31T15:26:48.898+0000] {data_ingestion.py:42} INFO - current_start: 2025-07-04 18:26:44.212664+00:00, current_end: 2025-07-05 19:26:44.212664+00:00
[2025-07-31T15:26:49.110+0000] {data_ingestion.py:62} INFO - Fetched 300 candles for BTC-USD from 2025-07-04 18:26:44.212664+00:00 to 2025-07-05 19:26:44.212664+00:00
[2025-07-31T15:26:49.112+0000] {data_ingestion.py:42} INFO - current_start: 2025-07-05 19:26:44.212664+00:00, current_end: 2025-07-06 20:26:44.212664+00:00
[2025-07-31T15:26:49.542+0000] {data_ingestion.py:62} INFO - Fetched 300 candles for BTC-USD from 2025-07-05 19:26:44.212664+00:00 to 2025-07-06 20:26:44.212664+00:00
[2025-07-31T15:26:49.546+0000] {data_ingestion.py:42} INFO - current_start: 2025-07-06 20:26:44.212664+00:00, current_end: 2025-07-07 21:26:44.212664+00:00
[2025-07-31T15:26:50.010+0000] {data_ingestion.py:62} INFO - Fetched 300 candles for BTC-USD from 2025-07-06 20:26:44.212664+00:00 to 2025-07-07 21:26:44.212664+00:00
[2025-07-31T15:26:50.013+0000] {data_ingestion.py:42} INFO - current_start: 2025-07-07 21:26:44.212664+00:00, current_end: 2025-07-08 22:26:44.212664+00:00
[2025-07-31T15:26:50.230+0000] {data_ingestion.py:62} INFO - Fetched 300 candles for BTC-USD from 2025-07-07 21:26:44.212664+00:00 to 2025-07-08 22:26:44.212664+00:00
[2025-07-31T15:26:50.233+0000] {data_ingestion.py:42} INFO - current_start: 2025-07-08 22:26:44.212664+00:00, current_end: 2025-07-09 23:26:44.212664+00:00
[2025-07-31T15:26:50.414+0000] {data_ingestion.py:62} INFO - Fetched 300 candles for BTC-USD from 2025-07-08 22:26:44.212664+00:00 to 2025-07-09 23:26:44.212664+00:00
[2025-07-31T15:26:50.416+0000] {data_ingestion.py:42} INFO - current_start: 2025-07-09 23:26:44.212664+00:00, current_end: 2025-07-11 00:26:44.212664+00:00
[2025-07-31T15:26:50.641+0000] {data_ingestion.py:62} INFO - Fetched 300 candles for BTC-USD from 2025-07-09 23:26:44.212664+00:00 to 2025-07-11 00:26:44.212664+00:00
[2025-07-31T15:26:50.644+0000] {data_ingestion.py:42} INFO - current_start: 2025-07-11 00:26:44.212664+00:00, current_end: 2025-07-12 01:26:44.212664+00:00
[2025-07-31T15:26:51.085+0000] {data_ingestion.py:62} INFO - Fetched 300 candles for BTC-USD from 2025-07-11 00:26:44.212664+00:00 to 2025-07-12 01:26:44.212664+00:00
[2025-07-31T15:26:51.088+0000] {data_ingestion.py:42} INFO - current_start: 2025-07-12 01:26:44.212664+00:00, current_end: 2025-07-13 02:26:44.212664+00:00
[2025-07-31T15:26:51.526+0000] {data_ingestion.py:62} INFO - Fetched 300 candles for BTC-USD from 2025-07-12 01:26:44.212664+00:00 to 2025-07-13 02:26:44.212664+00:00
[2025-07-31T15:26:51.528+0000] {data_ingestion.py:42} INFO - current_start: 2025-07-13 02:26:44.212664+00:00, current_end: 2025-07-14 03:26:44.212664+00:00
[2025-07-31T15:26:51.743+0000] {data_ingestion.py:62} INFO - Fetched 300 candles for BTC-USD from 2025-07-13 02:26:44.212664+00:00 to 2025-07-14 03:26:44.212664+00:00
[2025-07-31T15:26:51.745+0000] {data_ingestion.py:42} INFO - current_start: 2025-07-14 03:26:44.212664+00:00, current_end: 2025-07-15 04:26:44.212664+00:00
[2025-07-31T15:26:51.996+0000] {data_ingestion.py:62} INFO - Fetched 300 candles for BTC-USD from 2025-07-14 03:26:44.212664+00:00 to 2025-07-15 04:26:44.212664+00:00
[2025-07-31T15:26:51.998+0000] {data_ingestion.py:42} INFO - current_start: 2025-07-15 04:26:44.212664+00:00, current_end: 2025-07-16 05:26:44.212664+00:00
[2025-07-31T15:26:52.602+0000] {data_ingestion.py:62} INFO - Fetched 300 candles for BTC-USD from 2025-07-15 04:26:44.212664+00:00 to 2025-07-16 05:26:44.212664+00:00
[2025-07-31T15:26:52.604+0000] {data_ingestion.py:42} INFO - current_start: 2025-07-16 05:26:44.212664+00:00, current_end: 2025-07-17 06:26:44.212664+00:00
[2025-07-31T15:26:53.113+0000] {data_ingestion.py:62} INFO - Fetched 300 candles for BTC-USD from 2025-07-16 05:26:44.212664+00:00 to 2025-07-17 06:26:44.212664+00:00
[2025-07-31T15:26:53.139+0000] {data_ingestion.py:42} INFO - current_start: 2025-07-17 06:26:44.212664+00:00, current_end: 2025-07-18 07:26:44.212664+00:00
[2025-07-31T15:26:53.357+0000] {data_ingestion.py:62} INFO - Fetched 300 candles for BTC-USD from 2025-07-17 06:26:44.212664+00:00 to 2025-07-18 07:26:44.212664+00:00
[2025-07-31T15:26:53.362+0000] {data_ingestion.py:42} INFO - current_start: 2025-07-18 07:26:44.212664+00:00, current_end: 2025-07-19 08:26:44.212664+00:00
[2025-07-31T15:26:53.589+0000] {data_ingestion.py:62} INFO - Fetched 300 candles for BTC-USD from 2025-07-18 07:26:44.212664+00:00 to 2025-07-19 08:26:44.212664+00:00
[2025-07-31T15:26:53.592+0000] {data_ingestion.py:42} INFO - current_start: 2025-07-19 08:26:44.212664+00:00, current_end: 2025-07-20 09:26:44.212664+00:00
[2025-07-31T15:26:53.800+0000] {data_ingestion.py:62} INFO - Fetched 300 candles for BTC-USD from 2025-07-19 08:26:44.212664+00:00 to 2025-07-20 09:26:44.212664+00:00
[2025-07-31T15:26:53.803+0000] {data_ingestion.py:42} INFO - current_start: 2025-07-20 09:26:44.212664+00:00, current_end: 2025-07-21 10:26:44.212664+00:00
[2025-07-31T15:26:53.994+0000] {data_ingestion.py:62} INFO - Fetched 300 candles for BTC-USD from 2025-07-20 09:26:44.212664+00:00 to 2025-07-21 10:26:44.212664+00:00
[2025-07-31T15:26:53.996+0000] {data_ingestion.py:42} INFO - current_start: 2025-07-21 10:26:44.212664+00:00, current_end: 2025-07-22 11:26:44.212664+00:00
[2025-07-31T15:26:54.213+0000] {data_ingestion.py:62} INFO - Fetched 300 candles for BTC-USD from 2025-07-21 10:26:44.212664+00:00 to 2025-07-22 11:26:44.212664+00:00
[2025-07-31T15:26:54.216+0000] {data_ingestion.py:42} INFO - current_start: 2025-07-22 11:26:44.212664+00:00, current_end: 2025-07-23 12:26:44.212664+00:00
[2025-07-31T15:26:54.430+0000] {data_ingestion.py:62} INFO - Fetched 300 candles for BTC-USD from 2025-07-22 11:26:44.212664+00:00 to 2025-07-23 12:26:44.212664+00:00
[2025-07-31T15:26:54.433+0000] {data_ingestion.py:42} INFO - current_start: 2025-07-23 12:26:44.212664+00:00, current_end: 2025-07-24 13:26:44.212664+00:00
[2025-07-31T15:26:54.641+0000] {data_ingestion.py:62} INFO - Fetched 300 candles for BTC-USD from 2025-07-23 12:26:44.212664+00:00 to 2025-07-24 13:26:44.212664+00:00
[2025-07-31T15:26:54.644+0000] {data_ingestion.py:42} INFO - current_start: 2025-07-24 13:26:44.212664+00:00, current_end: 2025-07-25 14:26:44.212664+00:00
[2025-07-31T15:26:54.868+0000] {data_ingestion.py:62} INFO - Fetched 300 candles for BTC-USD from 2025-07-24 13:26:44.212664+00:00 to 2025-07-25 14:26:44.212664+00:00
[2025-07-31T15:26:54.871+0000] {data_ingestion.py:42} INFO - current_start: 2025-07-25 14:26:44.212664+00:00, current_end: 2025-07-26 15:26:44.212664+00:00
[2025-07-31T15:26:55.112+0000] {data_ingestion.py:62} INFO - Fetched 300 candles for BTC-USD from 2025-07-25 14:26:44.212664+00:00 to 2025-07-26 15:26:44.212664+00:00
[2025-07-31T15:26:55.115+0000] {data_ingestion.py:42} INFO - current_start: 2025-07-26 15:26:44.212664+00:00, current_end: 2025-07-27 16:26:44.212664+00:00
[2025-07-31T15:26:55.621+0000] {data_ingestion.py:62} INFO - Fetched 300 candles for BTC-USD from 2025-07-26 15:26:44.212664+00:00 to 2025-07-27 16:26:44.212664+00:00
[2025-07-31T15:26:55.626+0000] {data_ingestion.py:42} INFO - current_start: 2025-07-27 16:26:44.212664+00:00, current_end: 2025-07-28 17:26:44.212664+00:00
[2025-07-31T15:26:55.819+0000] {data_ingestion.py:62} INFO - Fetched 300 candles for BTC-USD from 2025-07-27 16:26:44.212664+00:00 to 2025-07-28 17:26:44.212664+00:00
[2025-07-31T15:26:55.822+0000] {data_ingestion.py:42} INFO - current_start: 2025-07-28 17:26:44.212664+00:00, current_end: 2025-07-29 18:26:44.212664+00:00
[2025-07-31T15:26:56.031+0000] {data_ingestion.py:62} INFO - Fetched 300 candles for BTC-USD from 2025-07-28 17:26:44.212664+00:00 to 2025-07-29 18:26:44.212664+00:00
[2025-07-31T15:26:56.034+0000] {data_ingestion.py:42} INFO - current_start: 2025-07-29 18:26:44.212664+00:00, current_end: 2025-07-30 19:26:44.212664+00:00
[2025-07-31T15:26:56.242+0000] {data_ingestion.py:62} INFO - Fetched 300 candles for BTC-USD from 2025-07-29 18:26:44.212664+00:00 to 2025-07-30 19:26:44.212664+00:00
[2025-07-31T15:26:56.244+0000] {data_ingestion.py:42} INFO - current_start: 2025-07-30 19:26:44.212664+00:00, current_end: 2025-07-31 15:26:44.212664+00:00
[2025-07-31T15:26:56.434+0000] {data_ingestion.py:62} INFO - Fetched 240 candles for BTC-USD from 2025-07-30 19:26:44.212664+00:00 to 2025-07-31 15:26:44.212664+00:00
[2025-07-31T15:26:56.597+0000] {data_ingestion.py:104} INFO - Saved data to S3: s3://crypto-mlops-bucket/data/historical_BTC_USD_20250731152644.csv
[2025-07-31T15:26:56.598+0000] {hourly_inference.py:84} INFO - Données brutes récupérées : shape=(8640, 7)
[2025-07-31T15:26:56.679+0000] {data_processing.py:41} INFO - Loaded 8669 records from S3: data/historical_BTC_USD_20250731120000.csv
[2025-07-31T15:26:56.727+0000] {data_processing.py:41} INFO - Loaded 8669 records from S3: data/historical_BTC_USD_20250731130000.csv
[2025-07-31T15:26:56.747+0000] {data_processing.py:41} INFO - Loaded 288 records from S3: data/historical_BTC_USD_20250731130525.csv
[2025-07-31T15:26:56.821+0000] {data_processing.py:41} INFO - Loaded 8640 records from S3: data/historical_BTC_USD_20250731131241.csv
[2025-07-31T15:26:56.865+0000] {data_processing.py:41} INFO - Loaded 8640 records from S3: data/historical_BTC_USD_20250731133338.csv
[2025-07-31T15:26:56.906+0000] {data_processing.py:41} INFO - Loaded 8669 records from S3: data/historical_BTC_USD_20250731140000.csv
[2025-07-31T15:26:56.982+0000] {data_processing.py:41} INFO - Loaded 8640 records from S3: data/historical_BTC_USD_20250731142123.csv
[2025-07-31T15:26:57.026+0000] {data_processing.py:41} INFO - Loaded 8640 records from S3: data/historical_BTC_USD_20250731152644.csv
[2025-07-31T15:26:57.041+0000] {data_processing.py:84} INFO - Combined 8682 records for BTC-USD
[2025-07-31T15:26:57.044+0000] {hourly_inference.py:88} INFO - Données combinées : shape=(8682, 7)
[2025-07-31T15:26:57.252+0000] {data_processing.py:168} INFO - Removed 50 rows with NaN values. Final shape: (8632, 84)
[2025-07-31T15:26:57.253+0000] {hourly_inference.py:91} INFO - Features : shape=(8632, 84)
[2025-07-31T15:26:57.298+0000] {logging_mixin.py:188} WARNING - /opt/***/src/data_processing.py:187 FutureWarning: DataFrame.fillna with 'method' is deprecated and will raise in a future version. Use obj.ffill() or obj.bfill() instead.
[2025-07-31T15:26:57.309+0000] {data_processing.py:189} INFO - Prepared features: (8632, 80), Target: (8632,)
[2025-07-31T15:26:57.311+0000] {data_processing.py:190} INFO - Feature columns: 80
[2025-07-31T15:26:57.330+0000] {hourly_inference.py:106} INFO - Last row : shape=(1, 80)
[2025-07-31T15:26:57.376+0000] {hourly_inference.py:116} INFO - ✅ Features uploaded → s3://crypto-mlops-bucket/features/date=2025-07-31/hour=15/features.parquet
[2025-07-31T15:26:57.393+0000] {hourly_inference.py:131} INFO - ✅ Target uploaded → s3://crypto-mlops-bucket/targets/date=2025-07-31/hour=14/target.parquet
[2025-07-31T15:26:57.598+0000] {credentials.py:1147} INFO - Found credentials in environment variables.
[2025-07-31T15:26:57.750+0000] {logging_mixin.py:188} WARNING - Downloading artifacts:   0%|          | 0/5 [00:00<?, ?it/s]
[2025-07-31T15:26:57.789+0000] {logging_mixin.py:188} WARNING - Downloading artifacts:  20%|##        | 1/5 [00:00<00:00, 26.54it/s]
[2025-07-31T15:26:57.791+0000] {logging_mixin.py:188} WARNING - Downloading artifacts:  40%|####      | 2/5 [00:00<00:00, 50.21it/s]
[2025-07-31T15:26:57.825+0000] {logging_mixin.py:188} WARNING - Downloading artifacts:  60%|######    | 3/5 [00:00<00:00, 40.94it/s]
[2025-07-31T15:26:57.827+0000] {logging_mixin.py:188} WARNING - Downloading artifacts:  80%|########  | 4/5 [00:00<00:00, 53.26it/s]
[2025-07-31T15:26:57.835+0000] {logging_mixin.py:188} WARNING - Downloading artifacts: 100%|##########| 5/5 [00:00<00:00, 59.69it/s]
[2025-07-31T15:26:57.836+0000] {logging_mixin.py:188} WARNING - Downloading artifacts: 100%|##########| 5/5 [00:00<00:00, 58.85it/s]
[2025-07-31T15:26:58.157+0000] {hourly_inference.py:144} INFO - ✅ Model loaded: crypto_lightgbm_model_BTC_USD, version 15
[2025-07-31T15:26:58.199+0000] {hourly_inference.py:164} INFO - ✅ Prediction uploaded → s3://crypto-mlops-bucket/predictions/date=2025-07-31/hour=15/prediction.parquet
[2025-07-31T15:26:58.203+0000] {python.py:237} INFO - Done. Returned value was: None
[2025-07-31T15:26:58.205+0000] {taskinstance.py:441} INFO - ::group::Post task execution logs
[2025-07-31T15:26:58.256+0000] {taskinstance.py:1205} INFO - Marking task as SUCCESS. dag_id=preprocessing_hourly, task_id=preprocess_and_predict, execution_date=20250731T152644, start_date=20250731T152647, end_date=20250731T152658
[2025-07-31T15:26:58.349+0000] {local_task_job_runner.py:240} INFO - Task exited with return code 0
[2025-07-31T15:26:58.378+0000] {taskinstance.py:3482} INFO - 0 downstream tasks scheduled from follow-on schedule check
[2025-07-31T15:26:58.415+0000] {local_task_job_runner.py:222} INFO - ::endgroup::
