[2025-07-28T23:05:32.939+0000] {local_task_job_runner.py:120} INFO - ::group::Pre task execution logs
[2025-07-28T23:05:33.000+0000] {taskinstance.py:2073} INFO - Dependencies all met for dep_context=non-requeueable deps ti=<TaskInstance: preprocessing_hourly.preprocess_and_predict scheduled__2025-07-28T22:00:00+00:00 [queued]>
[2025-07-28T23:05:33.014+0000] {taskinstance.py:2073} INFO - Dependencies all met for dep_context=requeueable deps ti=<TaskInstance: preprocessing_hourly.preprocess_and_predict scheduled__2025-07-28T22:00:00+00:00 [queued]>
[2025-07-28T23:05:33.015+0000] {taskinstance.py:2303} INFO - Starting attempt 2 of 2
[2025-07-28T23:05:33.039+0000] {taskinstance.py:2327} INFO - Executing <Task(PythonOperator): preprocess_and_predict> on 2025-07-28 22:00:00+00:00
[2025-07-28T23:05:33.067+0000] {logging_mixin.py:188} WARNING - /home/***/.local/lib/python3.12/site-packages/***/task/task_runner/standard_task_runner.py:61 DeprecationWarning: This process (pid=70926) is multi-threaded, use of fork() may lead to deadlocks in the child.
[2025-07-28T23:05:33.069+0000] {standard_task_runner.py:63} INFO - Started process 71010 to run task
[2025-07-28T23:05:33.109+0000] {standard_task_runner.py:90} INFO - Running: ['***', 'tasks', 'run', 'preprocessing_hourly', 'preprocess_and_predict', 'scheduled__2025-07-28T22:00:00+00:00', '--job-id', '49', '--raw', '--subdir', 'DAGS_FOLDER/ingestion_inference.py', '--cfg-path', '/tmp/tmpdriacwia']
[2025-07-28T23:05:33.112+0000] {standard_task_runner.py:91} INFO - Job 49: Subtask preprocess_and_predict
[2025-07-28T23:05:33.135+0000] {logging_mixin.py:188} WARNING - /home/***/.local/lib/python3.12/site-packages/***/settings.py:195 DeprecationWarning: The sql_alchemy_conn option in [core] has been moved to the sql_alchemy_conn option in [database] - the old setting has been used, but please update your config.
[2025-07-28T23:05:33.200+0000] {task_command.py:426} INFO - Running <TaskInstance: preprocessing_hourly.preprocess_and_predict scheduled__2025-07-28T22:00:00+00:00 [running]> on host d78ad09e75e4
[2025-07-28T23:05:33.425+0000] {taskinstance.py:2644} INFO - Exporting env vars: AIRFLOW_CTX_DAG_OWNER='mlops' AIRFLOW_CTX_DAG_ID='preprocessing_hourly' AIRFLOW_CTX_TASK_ID='preprocess_and_predict' AIRFLOW_CTX_EXECUTION_DATE='2025-07-28T22:00:00+00:00' AIRFLOW_CTX_TRY_NUMBER='2' AIRFLOW_CTX_DAG_RUN_ID='scheduled__2025-07-28T22:00:00+00:00'
[2025-07-28T23:05:33.427+0000] {taskinstance.py:430} INFO - ::endgroup::
[2025-07-28T23:05:33.450+0000] {logging_mixin.py:188} WARNING - /home/***/.local/lib/python3.12/site-packages/***/utils/context.py:320 AirflowContextDeprecationWarning: Accessing 'execution_date' from the template is deprecated and will be removed in a future version. Please use 'data_interval_start' or 'logical_date' instead.
[2025-07-28T23:05:33.451+0000] {ingestion_inference.py:67} INFO - [DEBUG] Execution date: 2025-07-28 22:00:00+00:00 (type=<class 'Proxy'>)
[2025-07-28T23:05:33.527+0000] {ingestion_inference.py:56} INFO - Bucket crypto-mlops-bucket exists
[2025-07-28T23:05:33.528+0000] {ingestion_inference.py:74} INFO - === Début du préprocessing ===
[2025-07-28T23:05:33.876+0000] {data_ingestion.py:62} INFO - Fetched 301 candles for BTC-USD from 2025-06-28 22:00:00+00:00 to 2025-06-29 23:00:00+00:00
[2025-07-28T23:05:34.063+0000] {data_ingestion.py:62} INFO - Fetched 301 candles for BTC-USD from 2025-06-29 23:00:00+00:00 to 2025-07-01 00:00:00+00:00
[2025-07-28T23:05:34.254+0000] {data_ingestion.py:62} INFO - Fetched 301 candles for BTC-USD from 2025-07-01 00:00:00+00:00 to 2025-07-02 01:00:00+00:00
[2025-07-28T23:05:34.426+0000] {data_ingestion.py:62} INFO - Fetched 301 candles for BTC-USD from 2025-07-02 01:00:00+00:00 to 2025-07-03 02:00:00+00:00
[2025-07-28T23:05:34.628+0000] {data_ingestion.py:62} INFO - Fetched 301 candles for BTC-USD from 2025-07-03 02:00:00+00:00 to 2025-07-04 03:00:00+00:00
[2025-07-28T23:05:34.835+0000] {data_ingestion.py:62} INFO - Fetched 301 candles for BTC-USD from 2025-07-04 03:00:00+00:00 to 2025-07-05 04:00:00+00:00
[2025-07-28T23:05:35.034+0000] {data_ingestion.py:62} INFO - Fetched 301 candles for BTC-USD from 2025-07-05 04:00:00+00:00 to 2025-07-06 05:00:00+00:00
[2025-07-28T23:05:35.251+0000] {data_ingestion.py:62} INFO - Fetched 301 candles for BTC-USD from 2025-07-06 05:00:00+00:00 to 2025-07-07 06:00:00+00:00
[2025-07-28T23:05:35.451+0000] {data_ingestion.py:62} INFO - Fetched 301 candles for BTC-USD from 2025-07-07 06:00:00+00:00 to 2025-07-08 07:00:00+00:00
[2025-07-28T23:05:35.690+0000] {data_ingestion.py:62} INFO - Fetched 301 candles for BTC-USD from 2025-07-08 07:00:00+00:00 to 2025-07-09 08:00:00+00:00
[2025-07-28T23:05:35.898+0000] {data_ingestion.py:62} INFO - Fetched 301 candles for BTC-USD from 2025-07-09 08:00:00+00:00 to 2025-07-10 09:00:00+00:00
[2025-07-28T23:05:36.379+0000] {data_ingestion.py:62} INFO - Fetched 301 candles for BTC-USD from 2025-07-10 09:00:00+00:00 to 2025-07-11 10:00:00+00:00
[2025-07-28T23:05:36.599+0000] {data_ingestion.py:62} INFO - Fetched 301 candles for BTC-USD from 2025-07-11 10:00:00+00:00 to 2025-07-12 11:00:00+00:00
[2025-07-28T23:05:37.024+0000] {data_ingestion.py:62} INFO - Fetched 301 candles for BTC-USD from 2025-07-12 11:00:00+00:00 to 2025-07-13 12:00:00+00:00
[2025-07-28T23:05:37.236+0000] {data_ingestion.py:62} INFO - Fetched 301 candles for BTC-USD from 2025-07-13 12:00:00+00:00 to 2025-07-14 13:00:00+00:00
[2025-07-28T23:05:37.724+0000] {data_ingestion.py:62} INFO - Fetched 301 candles for BTC-USD from 2025-07-14 13:00:00+00:00 to 2025-07-15 14:00:00+00:00
[2025-07-28T23:05:37.924+0000] {data_ingestion.py:62} INFO - Fetched 301 candles for BTC-USD from 2025-07-15 14:00:00+00:00 to 2025-07-16 15:00:00+00:00
[2025-07-28T23:05:38.381+0000] {data_ingestion.py:62} INFO - Fetched 301 candles for BTC-USD from 2025-07-16 15:00:00+00:00 to 2025-07-17 16:00:00+00:00
[2025-07-28T23:05:38.579+0000] {data_ingestion.py:62} INFO - Fetched 301 candles for BTC-USD from 2025-07-17 16:00:00+00:00 to 2025-07-18 17:00:00+00:00
[2025-07-28T23:05:38.878+0000] {data_ingestion.py:62} INFO - Fetched 301 candles for BTC-USD from 2025-07-18 17:00:00+00:00 to 2025-07-19 18:00:00+00:00
[2025-07-28T23:05:39.082+0000] {data_ingestion.py:62} INFO - Fetched 301 candles for BTC-USD from 2025-07-19 18:00:00+00:00 to 2025-07-20 19:00:00+00:00
[2025-07-28T23:05:39.279+0000] {data_ingestion.py:62} INFO - Fetched 301 candles for BTC-USD from 2025-07-20 19:00:00+00:00 to 2025-07-21 20:00:00+00:00
[2025-07-28T23:05:39.469+0000] {data_ingestion.py:62} INFO - Fetched 301 candles for BTC-USD from 2025-07-21 20:00:00+00:00 to 2025-07-22 21:00:00+00:00
[2025-07-28T23:05:39.892+0000] {data_ingestion.py:62} INFO - Fetched 301 candles for BTC-USD from 2025-07-22 21:00:00+00:00 to 2025-07-23 22:00:00+00:00
[2025-07-28T23:05:40.103+0000] {data_ingestion.py:62} INFO - Fetched 301 candles for BTC-USD from 2025-07-23 22:00:00+00:00 to 2025-07-24 23:00:00+00:00
[2025-07-28T23:05:40.291+0000] {data_ingestion.py:62} INFO - Fetched 301 candles for BTC-USD from 2025-07-24 23:00:00+00:00 to 2025-07-26 00:00:00+00:00
[2025-07-28T23:05:40.490+0000] {data_ingestion.py:62} INFO - Fetched 301 candles for BTC-USD from 2025-07-26 00:00:00+00:00 to 2025-07-27 01:00:00+00:00
[2025-07-28T23:05:40.685+0000] {data_ingestion.py:62} INFO - Fetched 301 candles for BTC-USD from 2025-07-27 01:00:00+00:00 to 2025-07-28 02:00:00+00:00
[2025-07-28T23:05:40.879+0000] {data_ingestion.py:62} INFO - Fetched 241 candles for BTC-USD from 2025-07-28 02:00:00+00:00 to 2025-07-28 22:00:00+00:00
[2025-07-28T23:05:41.065+0000] {data_ingestion.py:103} INFO - Saved data to S3: s3://crypto-mlops-bucket/data/historical_BTC_USD_20250728220000.csv
[2025-07-28T23:05:41.270+0000] {data_ingestion.py:62} INFO - Fetched 301 candles for ETH-USD from 2025-06-28 22:00:00+00:00 to 2025-06-29 23:00:00+00:00
[2025-07-28T23:05:41.466+0000] {data_ingestion.py:62} INFO - Fetched 301 candles for ETH-USD from 2025-06-29 23:00:00+00:00 to 2025-07-01 00:00:00+00:00
[2025-07-28T23:05:41.671+0000] {data_ingestion.py:62} INFO - Fetched 301 candles for ETH-USD from 2025-07-01 00:00:00+00:00 to 2025-07-02 01:00:00+00:00
[2025-07-28T23:05:41.868+0000] {data_ingestion.py:62} INFO - Fetched 301 candles for ETH-USD from 2025-07-02 01:00:00+00:00 to 2025-07-03 02:00:00+00:00
[2025-07-28T23:05:42.069+0000] {data_ingestion.py:62} INFO - Fetched 301 candles for ETH-USD from 2025-07-03 02:00:00+00:00 to 2025-07-04 03:00:00+00:00
[2025-07-28T23:05:42.496+0000] {data_ingestion.py:62} INFO - Fetched 301 candles for ETH-USD from 2025-07-04 03:00:00+00:00 to 2025-07-05 04:00:00+00:00
[2025-07-28T23:05:42.676+0000] {data_ingestion.py:62} INFO - Fetched 301 candles for ETH-USD from 2025-07-05 04:00:00+00:00 to 2025-07-06 05:00:00+00:00
[2025-07-28T23:05:43.154+0000] {data_ingestion.py:62} INFO - Fetched 301 candles for ETH-USD from 2025-07-06 05:00:00+00:00 to 2025-07-07 06:00:00+00:00
[2025-07-28T23:05:43.330+0000] {data_ingestion.py:62} INFO - Fetched 301 candles for ETH-USD from 2025-07-07 06:00:00+00:00 to 2025-07-08 07:00:00+00:00
[2025-07-28T23:05:43.532+0000] {data_ingestion.py:62} INFO - Fetched 301 candles for ETH-USD from 2025-07-08 07:00:00+00:00 to 2025-07-09 08:00:00+00:00
[2025-07-28T23:05:43.740+0000] {data_ingestion.py:62} INFO - Fetched 301 candles for ETH-USD from 2025-07-09 08:00:00+00:00 to 2025-07-10 09:00:00+00:00
[2025-07-28T23:05:43.972+0000] {data_ingestion.py:62} INFO - Fetched 301 candles for ETH-USD from 2025-07-10 09:00:00+00:00 to 2025-07-11 10:00:00+00:00
[2025-07-28T23:05:44.463+0000] {data_ingestion.py:62} INFO - Fetched 301 candles for ETH-USD from 2025-07-11 10:00:00+00:00 to 2025-07-12 11:00:00+00:00
[2025-07-28T23:05:44.680+0000] {data_ingestion.py:62} INFO - Fetched 301 candles for ETH-USD from 2025-07-12 11:00:00+00:00 to 2025-07-13 12:00:00+00:00
[2025-07-28T23:05:45.099+0000] {data_ingestion.py:62} INFO - Fetched 301 candles for ETH-USD from 2025-07-13 12:00:00+00:00 to 2025-07-14 13:00:00+00:00
[2025-07-28T23:05:45.304+0000] {data_ingestion.py:62} INFO - Fetched 301 candles for ETH-USD from 2025-07-14 13:00:00+00:00 to 2025-07-15 14:00:00+00:00
[2025-07-28T23:05:45.510+0000] {data_ingestion.py:62} INFO - Fetched 301 candles for ETH-USD from 2025-07-15 14:00:00+00:00 to 2025-07-16 15:00:00+00:00
[2025-07-28T23:05:45.700+0000] {data_ingestion.py:62} INFO - Fetched 301 candles for ETH-USD from 2025-07-16 15:00:00+00:00 to 2025-07-17 16:00:00+00:00
[2025-07-28T23:05:45.883+0000] {data_ingestion.py:62} INFO - Fetched 301 candles for ETH-USD from 2025-07-17 16:00:00+00:00 to 2025-07-18 17:00:00+00:00
[2025-07-28T23:05:46.049+0000] {data_ingestion.py:62} INFO - Fetched 301 candles for ETH-USD from 2025-07-18 17:00:00+00:00 to 2025-07-19 18:00:00+00:00
[2025-07-28T23:05:46.541+0000] {data_ingestion.py:62} INFO - Fetched 301 candles for ETH-USD from 2025-07-19 18:00:00+00:00 to 2025-07-20 19:00:00+00:00
[2025-07-28T23:05:46.752+0000] {data_ingestion.py:62} INFO - Fetched 301 candles for ETH-USD from 2025-07-20 19:00:00+00:00 to 2025-07-21 20:00:00+00:00
[2025-07-28T23:05:46.980+0000] {data_ingestion.py:62} INFO - Fetched 301 candles for ETH-USD from 2025-07-21 20:00:00+00:00 to 2025-07-22 21:00:00+00:00
[2025-07-28T23:05:47.179+0000] {data_ingestion.py:62} INFO - Fetched 301 candles for ETH-USD from 2025-07-22 21:00:00+00:00 to 2025-07-23 22:00:00+00:00
[2025-07-28T23:05:47.371+0000] {data_ingestion.py:62} INFO - Fetched 301 candles for ETH-USD from 2025-07-23 22:00:00+00:00 to 2025-07-24 23:00:00+00:00
[2025-07-28T23:05:47.597+0000] {data_ingestion.py:62} INFO - Fetched 301 candles for ETH-USD from 2025-07-24 23:00:00+00:00 to 2025-07-26 00:00:00+00:00
[2025-07-28T23:05:47.792+0000] {data_ingestion.py:62} INFO - Fetched 301 candles for ETH-USD from 2025-07-26 00:00:00+00:00 to 2025-07-27 01:00:00+00:00
[2025-07-28T23:05:48.011+0000] {data_ingestion.py:62} INFO - Fetched 301 candles for ETH-USD from 2025-07-27 01:00:00+00:00 to 2025-07-28 02:00:00+00:00
[2025-07-28T23:05:48.218+0000] {data_ingestion.py:62} INFO - Fetched 241 candles for ETH-USD from 2025-07-28 02:00:00+00:00 to 2025-07-28 22:00:00+00:00
[2025-07-28T23:05:48.487+0000] {data_ingestion.py:103} INFO - Saved data to S3: s3://crypto-mlops-bucket/data/historical_ETH_USD_20250728220000.csv
[2025-07-28T23:05:48.488+0000] {ingestion_inference.py:79} INFO - Données brutes récupérées : shape=(8669, 7)
[2025-07-28T23:05:48.729+0000] {data_processing.py:40} INFO - Loaded 11560 records from S3: data/historical_BTC_USD_20250328000000.csv
[2025-07-28T23:05:48.748+0000] {data_processing.py:40} INFO - Loaded 288 records from S3: data/historical_BTC_USD_20250728101554.csv
[2025-07-28T23:05:48.793+0000] {data_processing.py:40} INFO - Loaded 8640 records from S3: data/historical_BTC_USD_20250728101811.csv
[2025-07-28T23:05:48.844+0000] {data_processing.py:40} INFO - Loaded 8640 records from S3: data/historical_BTC_USD_20250728101831.csv
[2025-07-28T23:05:48.867+0000] {data_processing.py:40} INFO - Loaded 288 records from S3: data/historical_BTC_USD_20250728105614.csv
[2025-07-28T23:05:48.925+0000] {data_processing.py:40} INFO - Loaded 8640 records from S3: data/historical_BTC_USD_20250728110017.csv
[2025-07-28T23:05:48.949+0000] {data_processing.py:40} INFO - Loaded 288 records from S3: data/historical_BTC_USD_20250728110436.csv
[2025-07-28T23:05:48.973+0000] {data_processing.py:40} INFO - Loaded 288 records from S3: data/historical_BTC_USD_20250728111630.csv
[2025-07-28T23:05:48.994+0000] {data_processing.py:40} INFO - Loaded 288 records from S3: data/historical_BTC_USD_20250728112512.csv
[2025-07-28T23:05:49.048+0000] {data_processing.py:40} INFO - Loaded 8640 records from S3: data/historical_BTC_USD_20250728113121.csv
[2025-07-28T23:05:49.067+0000] {data_processing.py:40} INFO - Loaded 288 records from S3: data/historical_BTC_USD_20250728113444.csv
[2025-07-28T23:05:49.087+0000] {data_processing.py:40} INFO - Loaded 288 records from S3: data/historical_BTC_USD_20250728114226.csv
[2025-07-28T23:05:49.140+0000] {data_processing.py:40} INFO - Loaded 8640 records from S3: data/historical_BTC_USD_20250728120012.csv
[2025-07-28T23:05:49.187+0000] {data_processing.py:40} INFO - Loaded 8640 records from S3: data/historical_BTC_USD_20250728133614.csv
[2025-07-28T23:05:49.234+0000] {data_processing.py:40} INFO - Loaded 8640 records from S3: data/historical_BTC_USD_20250728140029.csv
[2025-07-28T23:05:49.285+0000] {data_processing.py:40} INFO - Loaded 8640 records from S3: data/historical_BTC_USD_20250728150011.csv
[2025-07-28T23:05:49.335+0000] {data_processing.py:40} INFO - Loaded 8640 records from S3: data/historical_BTC_USD_20250728153157.csv
[2025-07-28T23:05:49.354+0000] {data_processing.py:40} INFO - Loaded 288 records from S3: data/historical_BTC_USD_20250728153357.csv
[2025-07-28T23:05:49.373+0000] {data_processing.py:40} INFO - Loaded 288 records from S3: data/historical_BTC_USD_20250728154411.csv
[2025-07-28T23:05:49.391+0000] {data_processing.py:40} INFO - Loaded 288 records from S3: data/historical_BTC_USD_20250728154903.csv
[2025-07-28T23:05:49.433+0000] {data_processing.py:40} INFO - Loaded 8640 records from S3: data/historical_BTC_USD_20250728160214.csv
[2025-07-28T23:05:49.453+0000] {data_processing.py:40} INFO - Loaded 288 records from S3: data/historical_BTC_USD_20250728160216.csv
[2025-07-28T23:05:49.473+0000] {data_processing.py:40} INFO - Loaded 288 records from S3: data/historical_BTC_USD_20250728160822.csv
[2025-07-28T23:05:49.493+0000] {data_processing.py:40} INFO - Loaded 288 records from S3: data/historical_BTC_USD_20250728161845.csv
[2025-07-28T23:05:49.516+0000] {data_processing.py:40} INFO - Loaded 288 records from S3: data/historical_BTC_USD_20250728162615.csv
[2025-07-28T23:05:49.536+0000] {data_processing.py:40} INFO - Loaded 288 records from S3: data/historical_BTC_USD_20250728163844.csv
[2025-07-28T23:05:49.586+0000] {data_processing.py:40} INFO - Loaded 8640 records from S3: data/historical_BTC_USD_20250728181838.csv
[2025-07-28T23:05:49.611+0000] {data_processing.py:40} INFO - Loaded 288 records from S3: data/historical_BTC_USD_20250728181859.csv
[2025-07-28T23:05:49.657+0000] {data_processing.py:40} INFO - Loaded 8640 records from S3: data/historical_BTC_USD_20250728181903.csv
[2025-07-28T23:05:49.675+0000] {data_processing.py:40} INFO - Loaded 288 records from S3: data/historical_BTC_USD_20250728182842.csv
[2025-07-28T23:05:49.697+0000] {data_processing.py:40} INFO - Loaded 288 records from S3: data/historical_BTC_USD_20250728185243.csv
[2025-07-28T23:05:49.718+0000] {data_processing.py:40} INFO - Loaded 288 records from S3: data/historical_BTC_USD_20250728185839.csv
[2025-07-28T23:05:49.777+0000] {data_processing.py:40} INFO - Loaded 8640 records from S3: data/historical_BTC_USD_20250728190017.csv
[2025-07-28T23:05:49.797+0000] {data_processing.py:40} INFO - Loaded 288 records from S3: data/historical_BTC_USD_20250728190526.csv
[2025-07-28T23:05:49.818+0000] {data_processing.py:40} INFO - Loaded 288 records from S3: data/historical_BTC_USD_20250728191208.csv
[2025-07-28T23:05:49.849+0000] {data_processing.py:40} INFO - Loaded 288 records from S3: data/historical_BTC_USD_20250728192202.csv
[2025-07-28T23:05:49.875+0000] {data_processing.py:40} INFO - Loaded 288 records from S3: data/historical_BTC_USD_20250728193908.csv
[2025-07-28T23:05:49.902+0000] {data_processing.py:40} INFO - Loaded 288 records from S3: data/historical_BTC_USD_20250728195054.csv
[2025-07-28T23:05:49.958+0000] {data_processing.py:40} INFO - Loaded 8669 records from S3: data/historical_BTC_USD_20250728200000.csv
[2025-07-28T23:05:49.981+0000] {data_processing.py:40} INFO - Loaded 288 records from S3: data/historical_BTC_USD_20250728200240.csv
[2025-07-28T23:05:50.022+0000] {data_processing.py:40} INFO - Loaded 8640 records from S3: data/historical_BTC_USD_20250728200258.csv
[2025-07-28T23:05:50.044+0000] {data_processing.py:40} INFO - Loaded 288 records from S3: data/historical_BTC_USD_20250728200725.csv
[2025-07-28T23:05:50.065+0000] {data_processing.py:40} INFO - Loaded 288 records from S3: data/historical_BTC_USD_20250728204015.csv
[2025-07-28T23:05:50.086+0000] {data_processing.py:40} INFO - Loaded 288 records from S3: data/historical_BTC_USD_20250728204041.csv
[2025-07-28T23:05:50.104+0000] {data_processing.py:40} INFO - Loaded 288 records from S3: data/historical_BTC_USD_20250728204632.csv
[2025-07-28T23:05:50.155+0000] {data_processing.py:40} INFO - Loaded 11560 records from S3: data/historical_BTC_USD_20250728204643.csv
[2025-07-28T23:05:50.201+0000] {data_processing.py:40} INFO - Loaded 8669 records from S3: data/historical_BTC_USD_20250728210000.csv
[2025-07-28T23:05:50.220+0000] {data_processing.py:40} INFO - Loaded 288 records from S3: data/historical_BTC_USD_20250728210317.csv
[2025-07-28T23:05:50.239+0000] {data_processing.py:40} INFO - Loaded 288 records from S3: data/historical_BTC_USD_20250728211037.csv
[2025-07-28T23:05:50.257+0000] {data_processing.py:40} INFO - Loaded 288 records from S3: data/historical_BTC_USD_20250728211256.csv
[2025-07-28T23:05:50.274+0000] {data_processing.py:40} INFO - Loaded 287 records from S3: data/historical_BTC_USD_20250728212005.csv
[2025-07-28T23:05:50.311+0000] {data_processing.py:40} INFO - Loaded 8669 records from S3: data/historical_BTC_USD_20250728220000.csv
[2025-07-28T23:05:50.328+0000] {data_processing.py:40} INFO - Loaded 288 records from S3: data/historical_BTC_USD_20250728220352.csv
[2025-07-28T23:05:50.346+0000] {data_processing.py:40} INFO - Loaded 288 records from S3: data/historical_BTC_USD_20250728220901.csv
[2025-07-28T23:05:50.365+0000] {data_processing.py:40} INFO - Loaded 288 records from S3: data/historical_BTC_USD_20250728221958.csv
[2025-07-28T23:05:50.387+0000] {data_processing.py:40} INFO - Loaded 288 records from S3: data/historical_BTC_USD_20250728230247.csv
[2025-07-28T23:05:50.499+0000] {data_processing.py:84} INFO - Combined 20314 records for BTC-USD
[2025-07-28T23:05:50.505+0000] {ingestion_inference.py:83} INFO - Données combinées : shape=(20314, 7)
[2025-07-28T23:05:50.988+0000] {data_processing.py:162} INFO - Removed 50 rows with NaN values. Final shape: (20264, 84)
[2025-07-28T23:05:50.989+0000] {ingestion_inference.py:86} INFO - Features : shape=(20264, 84)
[2025-07-28T23:05:51.002+0000] {ingestion_inference.py:90} INFO - Scaler chargé
[2025-07-28T23:05:53.068+0000] {logging_mixin.py:188} WARNING - /opt/***/src/data_processing.py:177 FutureWarning: DataFrame.fillna with 'method' is deprecated and will raise in a future version. Use obj.ffill() or obj.bfill() instead.
[2025-07-28T23:05:53.097+0000] {data_processing.py:179} INFO - Prepared features: (20264, 80), Target: (20264,)
[2025-07-28T23:05:53.098+0000] {data_processing.py:180} INFO - Feature columns: 80
[2025-07-28T23:05:53.591+0000] {taskinstance.py:441} INFO - ::group::Post task execution logs
[2025-07-28T23:05:53.592+0000] {taskinstance.py:2890} ERROR - Task failed with exception
Traceback (most recent call last):
  File "/home/airflow/.local/lib/python3.12/site-packages/airflow/models/taskinstance.py", line 465, in _execute_task
    result = _execute_callable(context=context, **execute_callable_kwargs)
             ^^^^^^^^^^^^^^^^^^^^^^^^^^^^^^^^^^^^^^^^^^^^^^^^^^^^^^^^^^^^^
  File "/home/airflow/.local/lib/python3.12/site-packages/airflow/models/taskinstance.py", line 432, in _execute_callable
    return execute_callable(context=context, **execute_callable_kwargs)
           ^^^^^^^^^^^^^^^^^^^^^^^^^^^^^^^^^^^^^^^^^^^^^^^^^^^^^^^^^^^^
  File "/home/airflow/.local/lib/python3.12/site-packages/airflow/models/baseoperator.py", line 400, in wrapper
    return func(self, *args, **kwargs)
           ^^^^^^^^^^^^^^^^^^^^^^^^^^^
  File "/home/airflow/.local/lib/python3.12/site-packages/airflow/operators/python.py", line 235, in execute
    return_value = self.execute_callable()
                   ^^^^^^^^^^^^^^^^^^^^^^^
  File "/home/airflow/.local/lib/python3.12/site-packages/airflow/operators/python.py", line 252, in execute_callable
    return self.python_callable(*self.op_args, **self.op_kwargs)
           ^^^^^^^^^^^^^^^^^^^^^^^^^^^^^^^^^^^^^^^^^^^^^^^^^^^^^
  File "/opt/airflow/dags/ingestion_inference.py", line 97, in preprocess_and_predict
    feature_index = last_ts - timedelta(hours=1)
                    ~~~~~~~~^~~~~~~~~~~~~~~~~~~~
TypeError: unsupported operand type(s) for -: 'int' and 'datetime.timedelta'
[2025-07-28T23:05:53.611+0000] {taskinstance.py:1205} INFO - Marking task as FAILED. dag_id=preprocessing_hourly, task_id=preprocess_and_predict, execution_date=20250728T220000, start_date=20250728T230533, end_date=20250728T230553
[2025-07-28T23:05:53.630+0000] {standard_task_runner.py:110} ERROR - Failed to execute job 49 for task preprocess_and_predict (unsupported operand type(s) for -: 'int' and 'datetime.timedelta'; 71010)
[2025-07-28T23:05:53.696+0000] {local_task_job_runner.py:240} INFO - Task exited with return code 1
[2025-07-28T23:05:53.720+0000] {taskinstance.py:3482} INFO - 0 downstream tasks scheduled from follow-on schedule check
[2025-07-28T23:05:53.723+0000] {local_task_job_runner.py:222} INFO - ::endgroup::
