[2025-07-27T22:47:06.860+0000] {local_task_job_runner.py:120} INFO - ::group::Pre task execution logs
[2025-07-27T22:47:06.894+0000] {taskinstance.py:2073} INFO - Dependencies all met for dep_context=non-requeueable deps ti=<TaskInstance: preprocessing_hourly.preprocess_and_predict manual__2025-07-27T22:46:43.567903+00:00 [queued]>
[2025-07-27T22:47:06.902+0000] {taskinstance.py:2073} INFO - Dependencies all met for dep_context=requeueable deps ti=<TaskInstance: preprocessing_hourly.preprocess_and_predict manual__2025-07-27T22:46:43.567903+00:00 [queued]>
[2025-07-27T22:47:06.903+0000] {taskinstance.py:2303} INFO - Starting attempt 1 of 2
[2025-07-27T22:47:06.916+0000] {taskinstance.py:2327} INFO - Executing <Task(PythonOperator): preprocess_and_predict> on 2025-07-27 22:46:43.567903+00:00
[2025-07-27T22:47:06.930+0000] {logging_mixin.py:188} WARNING - /home/***/.local/lib/python3.12/site-packages/***/task/task_runner/standard_task_runner.py:61 DeprecationWarning: This process (pid=780) is multi-threaded, use of fork() may lead to deadlocks in the child.
[2025-07-27T22:47:06.929+0000] {standard_task_runner.py:90} INFO - Running: ['***', 'tasks', 'run', 'preprocessing_hourly', 'preprocess_and_predict', 'manual__2025-07-27T22:46:43.567903+00:00', '--job-id', '8', '--raw', '--subdir', 'DAGS_FOLDER/ingestion_inference.py', '--cfg-path', '/tmp/tmp76tmc144']
[2025-07-27T22:47:06.931+0000] {standard_task_runner.py:63} INFO - Started process 814 to run task
[2025-07-27T22:47:06.931+0000] {standard_task_runner.py:91} INFO - Job 8: Subtask preprocess_and_predict
[2025-07-27T22:47:06.946+0000] {logging_mixin.py:188} WARNING - /home/***/.local/lib/python3.12/site-packages/***/settings.py:195 DeprecationWarning: The sql_alchemy_conn option in [core] has been moved to the sql_alchemy_conn option in [database] - the old setting has been used, but please update your config.
[2025-07-27T22:47:06.981+0000] {task_command.py:426} INFO - Running <TaskInstance: preprocessing_hourly.preprocess_and_predict manual__2025-07-27T22:46:43.567903+00:00 [running]> on host c6592edc720c
[2025-07-27T22:47:07.069+0000] {taskinstance.py:2644} INFO - Exporting env vars: AIRFLOW_CTX_DAG_OWNER='mlops' AIRFLOW_CTX_DAG_ID='preprocessing_hourly' AIRFLOW_CTX_TASK_ID='preprocess_and_predict' AIRFLOW_CTX_EXECUTION_DATE='2025-07-27T22:46:43.567903+00:00' AIRFLOW_CTX_TRY_NUMBER='1' AIRFLOW_CTX_DAG_RUN_ID='manual__2025-07-27T22:46:43.567903+00:00'
[2025-07-27T22:47:07.071+0000] {taskinstance.py:430} INFO - ::endgroup::
[2025-07-27T22:47:07.083+0000] {logging_mixin.py:188} WARNING - /home/***/.local/lib/python3.12/site-packages/***/utils/context.py:320 AirflowContextDeprecationWarning: Accessing 'execution_date' from the template is deprecated and will be removed in a future version. Please use 'data_interval_start' or 'logical_date' instead.
[2025-07-27T22:47:07.084+0000] {ingestion_inference.py:67} INFO - [DEBUG] Execution date: 2025-07-27 22:46:43.567903+00:00 (type=<class 'Proxy'>)
[2025-07-27T22:47:07.098+0000] {ingestion_inference.py:56} INFO - Bucket crypto-mlops-bucket exists
[2025-07-27T22:47:07.099+0000] {ingestion_inference.py:74} INFO - === Début du préprocessing ===
[2025-07-27T22:47:07.569+0000] {data_ingestion.py:62} INFO - Fetched 300 candles for BTC-USD from 2025-06-27 22:47:07.107818 to 2025-06-28 23:47:07.107818
[2025-07-27T22:47:07.749+0000] {data_ingestion.py:62} INFO - Fetched 300 candles for BTC-USD from 2025-06-28 23:47:07.107818 to 2025-06-30 00:47:07.107818
[2025-07-27T22:47:07.909+0000] {data_ingestion.py:62} INFO - Fetched 300 candles for BTC-USD from 2025-06-30 00:47:07.107818 to 2025-07-01 01:47:07.107818
[2025-07-27T22:47:08.098+0000] {data_ingestion.py:62} INFO - Fetched 300 candles for BTC-USD from 2025-07-01 01:47:07.107818 to 2025-07-02 02:47:07.107818
[2025-07-27T22:47:08.280+0000] {data_ingestion.py:62} INFO - Fetched 300 candles for BTC-USD from 2025-07-02 02:47:07.107818 to 2025-07-03 03:47:07.107818
[2025-07-27T22:47:08.462+0000] {data_ingestion.py:62} INFO - Fetched 300 candles for BTC-USD from 2025-07-03 03:47:07.107818 to 2025-07-04 04:47:07.107818
[2025-07-27T22:47:08.730+0000] {data_ingestion.py:62} INFO - Fetched 300 candles for BTC-USD from 2025-07-04 04:47:07.107818 to 2025-07-05 05:47:07.107818
[2025-07-27T22:47:08.887+0000] {data_ingestion.py:62} INFO - Fetched 300 candles for BTC-USD from 2025-07-05 05:47:07.107818 to 2025-07-06 06:47:07.107818
[2025-07-27T22:47:09.066+0000] {data_ingestion.py:62} INFO - Fetched 300 candles for BTC-USD from 2025-07-06 06:47:07.107818 to 2025-07-07 07:47:07.107818
[2025-07-27T22:47:09.280+0000] {data_ingestion.py:62} INFO - Fetched 300 candles for BTC-USD from 2025-07-07 07:47:07.107818 to 2025-07-08 08:47:07.107818
[2025-07-27T22:47:09.468+0000] {data_ingestion.py:62} INFO - Fetched 300 candles for BTC-USD from 2025-07-08 08:47:07.107818 to 2025-07-09 09:47:07.107818
[2025-07-27T22:47:09.667+0000] {data_ingestion.py:62} INFO - Fetched 300 candles for BTC-USD from 2025-07-09 09:47:07.107818 to 2025-07-10 10:47:07.107818
[2025-07-27T22:47:09.855+0000] {data_ingestion.py:62} INFO - Fetched 300 candles for BTC-USD from 2025-07-10 10:47:07.107818 to 2025-07-11 11:47:07.107818
[2025-07-27T22:47:10.049+0000] {data_ingestion.py:62} INFO - Fetched 300 candles for BTC-USD from 2025-07-11 11:47:07.107818 to 2025-07-12 12:47:07.107818
[2025-07-27T22:47:10.212+0000] {data_ingestion.py:62} INFO - Fetched 300 candles for BTC-USD from 2025-07-12 12:47:07.107818 to 2025-07-13 13:47:07.107818
[2025-07-27T22:47:10.604+0000] {data_ingestion.py:62} INFO - Fetched 300 candles for BTC-USD from 2025-07-13 13:47:07.107818 to 2025-07-14 14:47:07.107818
[2025-07-27T22:47:10.782+0000] {data_ingestion.py:62} INFO - Fetched 300 candles for BTC-USD from 2025-07-14 14:47:07.107818 to 2025-07-15 15:47:07.107818
[2025-07-27T22:47:10.983+0000] {data_ingestion.py:62} INFO - Fetched 300 candles for BTC-USD from 2025-07-15 15:47:07.107818 to 2025-07-16 16:47:07.107818
[2025-07-27T22:47:11.174+0000] {data_ingestion.py:62} INFO - Fetched 300 candles for BTC-USD from 2025-07-16 16:47:07.107818 to 2025-07-17 17:47:07.107818
[2025-07-27T22:47:11.339+0000] {data_ingestion.py:62} INFO - Fetched 300 candles for BTC-USD from 2025-07-17 17:47:07.107818 to 2025-07-18 18:47:07.107818
[2025-07-27T22:47:11.526+0000] {data_ingestion.py:62} INFO - Fetched 300 candles for BTC-USD from 2025-07-18 18:47:07.107818 to 2025-07-19 19:47:07.107818
[2025-07-27T22:47:11.990+0000] {data_ingestion.py:62} INFO - Fetched 300 candles for BTC-USD from 2025-07-19 19:47:07.107818 to 2025-07-20 20:47:07.107818
[2025-07-27T22:47:12.172+0000] {data_ingestion.py:62} INFO - Fetched 300 candles for BTC-USD from 2025-07-20 20:47:07.107818 to 2025-07-21 21:47:07.107818
[2025-07-27T22:47:12.355+0000] {data_ingestion.py:62} INFO - Fetched 300 candles for BTC-USD from 2025-07-21 21:47:07.107818 to 2025-07-22 22:47:07.107818
[2025-07-27T22:47:12.509+0000] {data_ingestion.py:62} INFO - Fetched 300 candles for BTC-USD from 2025-07-22 22:47:07.107818 to 2025-07-23 23:47:07.107818
[2025-07-27T22:47:12.672+0000] {data_ingestion.py:62} INFO - Fetched 300 candles for BTC-USD from 2025-07-23 23:47:07.107818 to 2025-07-25 00:47:07.107818
[2025-07-27T22:47:13.138+0000] {data_ingestion.py:62} INFO - Fetched 300 candles for BTC-USD from 2025-07-25 00:47:07.107818 to 2025-07-26 01:47:07.107818
[2025-07-27T22:47:13.330+0000] {data_ingestion.py:62} INFO - Fetched 300 candles for BTC-USD from 2025-07-26 01:47:07.107818 to 2025-07-27 02:47:07.107818
[2025-07-27T22:47:13.508+0000] {data_ingestion.py:62} INFO - Fetched 240 candles for BTC-USD from 2025-07-27 02:47:07.107818 to 2025-07-27 22:47:07.107818
[2025-07-27T22:47:13.612+0000] {data_ingestion.py:103} INFO - Saved data to S3: s3://crypto-mlops-bucket/data/historical_BTC_USD_20250727224713.csv
[2025-07-27T22:47:14.004+0000] {data_ingestion.py:62} INFO - Fetched 300 candles for ETH-USD from 2025-06-27 22:47:07.107818 to 2025-06-28 23:47:07.107818
[2025-07-27T22:47:14.196+0000] {data_ingestion.py:62} INFO - Fetched 300 candles for ETH-USD from 2025-06-28 23:47:07.107818 to 2025-06-30 00:47:07.107818
[2025-07-27T22:47:14.396+0000] {data_ingestion.py:62} INFO - Fetched 300 candles for ETH-USD from 2025-06-30 00:47:07.107818 to 2025-07-01 01:47:07.107818
[2025-07-27T22:47:14.585+0000] {data_ingestion.py:62} INFO - Fetched 300 candles for ETH-USD from 2025-07-01 01:47:07.107818 to 2025-07-02 02:47:07.107818
[2025-07-27T22:47:14.987+0000] {data_ingestion.py:62} INFO - Fetched 300 candles for ETH-USD from 2025-07-02 02:47:07.107818 to 2025-07-03 03:47:07.107818
[2025-07-27T22:47:15.172+0000] {data_ingestion.py:62} INFO - Fetched 300 candles for ETH-USD from 2025-07-03 03:47:07.107818 to 2025-07-04 04:47:07.107818
[2025-07-27T22:47:15.361+0000] {data_ingestion.py:62} INFO - Fetched 300 candles for ETH-USD from 2025-07-04 04:47:07.107818 to 2025-07-05 05:47:07.107818
[2025-07-27T22:47:15.548+0000] {data_ingestion.py:62} INFO - Fetched 300 candles for ETH-USD from 2025-07-05 05:47:07.107818 to 2025-07-06 06:47:07.107818
[2025-07-27T22:47:15.702+0000] {data_ingestion.py:62} INFO - Fetched 300 candles for ETH-USD from 2025-07-06 06:47:07.107818 to 2025-07-07 07:47:07.107818
[2025-07-27T22:47:15.861+0000] {data_ingestion.py:62} INFO - Fetched 300 candles for ETH-USD from 2025-07-07 07:47:07.107818 to 2025-07-08 08:47:07.107818
[2025-07-27T22:47:16.054+0000] {data_ingestion.py:62} INFO - Fetched 300 candles for ETH-USD from 2025-07-08 08:47:07.107818 to 2025-07-09 09:47:07.107818
[2025-07-27T22:47:16.214+0000] {data_ingestion.py:62} INFO - Fetched 300 candles for ETH-USD from 2025-07-09 09:47:07.107818 to 2025-07-10 10:47:07.107818
[2025-07-27T22:47:16.403+0000] {data_ingestion.py:62} INFO - Fetched 300 candles for ETH-USD from 2025-07-10 10:47:07.107818 to 2025-07-11 11:47:07.107818
[2025-07-27T22:47:16.561+0000] {data_ingestion.py:62} INFO - Fetched 300 candles for ETH-USD from 2025-07-11 11:47:07.107818 to 2025-07-12 12:47:07.107818
[2025-07-27T22:47:16.759+0000] {data_ingestion.py:62} INFO - Fetched 300 candles for ETH-USD from 2025-07-12 12:47:07.107818 to 2025-07-13 13:47:07.107818
[2025-07-27T22:47:16.944+0000] {data_ingestion.py:62} INFO - Fetched 300 candles for ETH-USD from 2025-07-13 13:47:07.107818 to 2025-07-14 14:47:07.107818
[2025-07-27T22:47:17.112+0000] {data_ingestion.py:62} INFO - Fetched 300 candles for ETH-USD from 2025-07-14 14:47:07.107818 to 2025-07-15 15:47:07.107818
[2025-07-27T22:47:17.504+0000] {data_ingestion.py:62} INFO - Fetched 300 candles for ETH-USD from 2025-07-15 15:47:07.107818 to 2025-07-16 16:47:07.107818
[2025-07-27T22:47:17.702+0000] {data_ingestion.py:62} INFO - Fetched 300 candles for ETH-USD from 2025-07-16 16:47:07.107818 to 2025-07-17 17:47:07.107818
[2025-07-27T22:47:17.908+0000] {data_ingestion.py:62} INFO - Fetched 300 candles for ETH-USD from 2025-07-17 17:47:07.107818 to 2025-07-18 18:47:07.107818
[2025-07-27T22:47:18.093+0000] {data_ingestion.py:62} INFO - Fetched 300 candles for ETH-USD from 2025-07-18 18:47:07.107818 to 2025-07-19 19:47:07.107818
[2025-07-27T22:47:18.288+0000] {data_ingestion.py:62} INFO - Fetched 300 candles for ETH-USD from 2025-07-19 19:47:07.107818 to 2025-07-20 20:47:07.107818
[2025-07-27T22:47:18.742+0000] {data_ingestion.py:62} INFO - Fetched 300 candles for ETH-USD from 2025-07-20 20:47:07.107818 to 2025-07-21 21:47:07.107818
[2025-07-27T22:47:18.921+0000] {data_ingestion.py:62} INFO - Fetched 300 candles for ETH-USD from 2025-07-21 21:47:07.107818 to 2025-07-22 22:47:07.107818
[2025-07-27T22:47:19.098+0000] {data_ingestion.py:62} INFO - Fetched 300 candles for ETH-USD from 2025-07-22 22:47:07.107818 to 2025-07-23 23:47:07.107818
[2025-07-27T22:47:19.302+0000] {data_ingestion.py:62} INFO - Fetched 300 candles for ETH-USD from 2025-07-23 23:47:07.107818 to 2025-07-25 00:47:07.107818
[2025-07-27T22:47:19.493+0000] {data_ingestion.py:62} INFO - Fetched 300 candles for ETH-USD from 2025-07-25 00:47:07.107818 to 2025-07-26 01:47:07.107818
[2025-07-27T22:47:19.681+0000] {data_ingestion.py:62} INFO - Fetched 300 candles for ETH-USD from 2025-07-26 01:47:07.107818 to 2025-07-27 02:47:07.107818
[2025-07-27T22:47:19.873+0000] {data_ingestion.py:62} INFO - Fetched 240 candles for ETH-USD from 2025-07-27 02:47:07.107818 to 2025-07-27 22:47:07.107818
[2025-07-27T22:47:20.022+0000] {data_ingestion.py:103} INFO - Saved data to S3: s3://crypto-mlops-bucket/data/historical_ETH_USD_20250727224719.csv
[2025-07-27T22:47:20.023+0000] {ingestion_inference.py:79} INFO - Données brutes récupérées : shape=(8640, 7)
[2025-07-27T22:47:20.083+0000] {data_processing.py:40} INFO - Loaded 288 records from S3: data/historical_BTC_USD_20250727224537.csv
[2025-07-27T22:47:20.136+0000] {data_processing.py:40} INFO - Loaded 8640 records from S3: data/historical_BTC_USD_20250727224653.csv
[2025-07-27T22:47:20.190+0000] {data_processing.py:40} INFO - Loaded 8640 records from S3: data/historical_BTC_USD_20250727224713.csv
[2025-07-27T22:47:20.204+0000] {data_processing.py:84} INFO - Combined 8640 records for BTC-USD
[2025-07-27T22:47:20.206+0000] {ingestion_inference.py:83} INFO - Données combinées : shape=(8640, 7)
[2025-07-27T22:47:20.344+0000] {data_processing.py:162} INFO - Removed 50 rows with NaN values. Final shape: (8590, 84)
[2025-07-27T22:47:20.345+0000] {ingestion_inference.py:86} INFO - Features : shape=(8590, 84)
[2025-07-27T22:47:20.357+0000] {ingestion_inference.py:90} INFO - Scaler chargé
[2025-07-27T22:47:20.375+0000] {logging_mixin.py:188} WARNING - /opt/***/src/data_processing.py:177 FutureWarning: DataFrame.fillna with 'method' is deprecated and will raise in a future version. Use obj.ffill() or obj.bfill() instead.
[2025-07-27T22:47:20.387+0000] {data_processing.py:179} INFO - Prepared features: (8590, 80), Target: (8590,)
[2025-07-27T22:47:20.388+0000] {data_processing.py:180} INFO - Feature columns: 80
[2025-07-27T22:47:20.405+0000] {ingestion_inference.py:100} INFO - Last row : shape=(1, 81)
[2025-07-27T22:47:20.451+0000] {ingestion_inference.py:110} INFO - ✅ Features uploaded → s3://crypto-mlops-bucket/features/date=2025-07-27/hour=22/features.parquet
[2025-07-27T22:47:20.467+0000] {ingestion_inference.py:121} INFO - ✅ Target uploaded → s3://crypto-mlops-bucket/targets/date=2025-07-27/hour=22/target.parquet
[2025-07-27T22:47:20.609+0000] {credentials.py:1147} INFO - Found credentials in environment variables.
[2025-07-27T22:47:20.720+0000] {logging_mixin.py:188} WARNING - Downloading artifacts:   0%|          | 0/5 [00:00<?, ?it/s]
[2025-07-27T22:47:20.766+0000] {logging_mixin.py:188} WARNING - Downloading artifacts:  20%|##        | 1/5 [00:00<00:00, 22.71it/s]
[2025-07-27T22:47:20.768+0000] {logging_mixin.py:188} WARNING - Downloading artifacts:  40%|####      | 2/5 [00:00<00:00, 43.49it/s]
[2025-07-27T22:47:20.769+0000] {logging_mixin.py:188} WARNING - Downloading artifacts:  60%|######    | 3/5 [00:00<00:00, 62.91it/s]
[2025-07-27T22:47:20.771+0000] {logging_mixin.py:188} WARNING - Downloading artifacts:  80%|########  | 4/5 [00:00<00:00, 81.44it/s]
[2025-07-27T22:47:20.778+0000] {logging_mixin.py:188} WARNING - Downloading artifacts: 100%|##########| 5/5 [00:00<00:00, 89.25it/s]
[2025-07-27T22:47:20.779+0000] {logging_mixin.py:188} WARNING - Downloading artifacts: 100%|##########| 5/5 [00:00<00:00, 87.13it/s]
[2025-07-27T22:47:22.076+0000] {ingestion_inference.py:134} INFO - ✅ Model loaded: crypto_lightgbm_model_BTC_USD, version 2
[2025-07-27T22:47:22.138+0000] {ingestion_inference.py:154} INFO - ✅ Prediction uploaded → s3://crypto-mlops-bucket/predictions/date=2025-07-27/hour=22/prediction.parquet
[2025-07-27T22:47:22.139+0000] {ingestion_inference.py:156} INFO - === Fin du préprocessing & prédiction ===
[2025-07-27T22:47:22.141+0000] {python.py:237} INFO - Done. Returned value was: None
[2025-07-27T22:47:22.143+0000] {taskinstance.py:441} INFO - ::group::Post task execution logs
[2025-07-27T22:47:22.157+0000] {taskinstance.py:1205} INFO - Marking task as SUCCESS. dag_id=preprocessing_hourly, task_id=preprocess_and_predict, execution_date=20250727T224643, start_date=20250727T224706, end_date=20250727T224722
[2025-07-27T22:47:22.255+0000] {local_task_job_runner.py:240} INFO - Task exited with return code 0
[2025-07-27T22:47:22.285+0000] {taskinstance.py:3482} INFO - 0 downstream tasks scheduled from follow-on schedule check
[2025-07-27T22:47:22.288+0000] {local_task_job_runner.py:222} INFO - ::endgroup::
