[2025-07-28T09:58:15.087+0000] {local_task_job_runner.py:120} INFO - ::group::Pre task execution logs
[2025-07-28T09:58:15.138+0000] {taskinstance.py:2073} INFO - Dependencies all met for dep_context=non-requeueable deps ti=<TaskInstance: training_pipeline.process_data manual__2025-07-28T09:57:48.820042+00:00 [queued]>
[2025-07-28T09:58:15.151+0000] {taskinstance.py:2073} INFO - Dependencies all met for dep_context=requeueable deps ti=<TaskInstance: training_pipeline.process_data manual__2025-07-28T09:57:48.820042+00:00 [queued]>
[2025-07-28T09:58:15.153+0000] {taskinstance.py:2303} INFO - Starting attempt 1 of 4
[2025-07-28T09:58:15.173+0000] {taskinstance.py:2327} INFO - Executing <Task(PythonOperator): process_data> on 2025-07-28 09:57:48.820042+00:00
[2025-07-28T09:58:15.194+0000] {standard_task_runner.py:90} INFO - Running: ['***', 'tasks', 'run', 'training_pipeline', 'process_data', 'manual__2025-07-28T09:57:48.820042+00:00', '--job-id', '4', '--raw', '--subdir', 'DAGS_FOLDER/training_pipeline.py', '--cfg-path', '/tmp/tmplalih6u9']
[2025-07-28T09:58:15.197+0000] {standard_task_runner.py:91} INFO - Job 4: Subtask process_data
[2025-07-28T09:58:15.199+0000] {logging_mixin.py:188} WARNING - /home/***/.local/lib/python3.12/site-packages/***/task/task_runner/standard_task_runner.py:61 DeprecationWarning: This process (pid=1485) is multi-threaded, use of fork() may lead to deadlocks in the child.
[2025-07-28T09:58:15.200+0000] {standard_task_runner.py:63} INFO - Started process 1507 to run task
[2025-07-28T09:58:15.221+0000] {logging_mixin.py:188} WARNING - /home/***/.local/lib/python3.12/site-packages/***/settings.py:195 DeprecationWarning: The sql_alchemy_conn option in [core] has been moved to the sql_alchemy_conn option in [database] - the old setting has been used, but please update your config.
[2025-07-28T09:58:15.277+0000] {task_command.py:426} INFO - Running <TaskInstance: training_pipeline.process_data manual__2025-07-28T09:57:48.820042+00:00 [running]> on host d78ad09e75e4
[2025-07-28T09:58:15.404+0000] {taskinstance.py:2644} INFO - Exporting env vars: AIRFLOW_CTX_DAG_EMAIL='mlops_team@example.com' AIRFLOW_CTX_DAG_OWNER='mlops' AIRFLOW_CTX_DAG_ID='training_pipeline' AIRFLOW_CTX_TASK_ID='process_data' AIRFLOW_CTX_EXECUTION_DATE='2025-07-28T09:57:48.820042+00:00' AIRFLOW_CTX_TRY_NUMBER='1' AIRFLOW_CTX_DAG_RUN_ID='manual__2025-07-28T09:57:48.820042+00:00'
[2025-07-28T09:58:15.406+0000] {taskinstance.py:430} INFO - ::endgroup::
[2025-07-28T09:58:15.559+0000] {data_processing.py:40} INFO - Loaded 288 records from S3: data/historical_BTC_USD_20250728095804.csv
[2025-07-28T09:58:15.569+0000] {data_processing.py:84} INFO - Combined 288 records for BTC-USD
[2025-07-28T09:58:15.647+0000] {data_processing.py:162} INFO - Removed 50 rows with NaN values. Final shape: (238, 84)
[2025-07-28T09:58:15.651+0000] {logging_mixin.py:188} WARNING - /opt/***/src/data_processing.py:230 FutureWarning: DataFrame.fillna with 'method' is deprecated and will raise in a future version. Use obj.ffill() or obj.bfill() instead.
[2025-07-28T09:58:15.659+0000] {logging_mixin.py:188} WARNING - /opt/***/src/data_processing.py:177 FutureWarning: DataFrame.fillna with 'method' is deprecated and will raise in a future version. Use obj.ffill() or obj.bfill() instead.
[2025-07-28T09:58:15.661+0000] {data_processing.py:179} INFO - Prepared features: (238, 80), Target: (238,)
[2025-07-28T09:58:15.661+0000] {data_processing.py:180} INFO - Feature columns: 80
[2025-07-28T09:58:15.689+0000] {data_processing.py:202} INFO - Saved preprocessor to S3: s3://crypto-mlops-bucket/models/preprocessors/scaler_BTC_USD.pickle
[2025-07-28T09:58:15.692+0000] {python.py:237} INFO - Done. Returned value was: None
[2025-07-28T09:58:15.693+0000] {taskinstance.py:441} INFO - ::group::Post task execution logs
[2025-07-28T09:58:15.707+0000] {taskinstance.py:1205} INFO - Marking task as SUCCESS. dag_id=training_pipeline, task_id=process_data, execution_date=20250728T095748, start_date=20250728T095815, end_date=20250728T095815
[2025-07-28T09:58:15.751+0000] {local_task_job_runner.py:240} INFO - Task exited with return code 0
[2025-07-28T09:58:15.794+0000] {taskinstance.py:3482} INFO - 1 downstream tasks scheduled from follow-on schedule check
[2025-07-28T09:58:15.798+0000] {local_task_job_runner.py:222} INFO - ::endgroup::
