[2025-07-31T08:14:25.321+0000] {local_task_job_runner.py:120} INFO - ::group::Pre task execution logs
[2025-07-31T08:14:25.371+0000] {taskinstance.py:2073} INFO - Dependencies all met for dep_context=non-requeueable deps ti=<TaskInstance: drift_monitoring.check_drift_and_report scheduled__2025-07-31T07:00:00+00:00 [queued]>
[2025-07-31T08:14:25.384+0000] {taskinstance.py:2073} INFO - Dependencies all met for dep_context=requeueable deps ti=<TaskInstance: drift_monitoring.check_drift_and_report scheduled__2025-07-31T07:00:00+00:00 [queued]>
[2025-07-31T08:14:25.385+0000] {taskinstance.py:2303} INFO - Starting attempt 1 of 1
[2025-07-31T08:14:25.408+0000] {taskinstance.py:2327} INFO - Executing <Task(PythonOperator): check_drift_and_report> on 2025-07-31 07:00:00+00:00
[2025-07-31T08:14:25.448+0000] {standard_task_runner.py:90} INFO - Running: ['***', 'tasks', 'run', 'drift_monitoring', 'check_drift_and_report', 'scheduled__2025-07-31T07:00:00+00:00', '--job-id', '125', '--raw', '--subdir', 'DAGS_FOLDER/drift_monitoring.py', '--cfg-path', '/tmp/tmp4w97_9s4']
[2025-07-31T08:14:25.453+0000] {standard_task_runner.py:91} INFO - Job 125: Subtask check_drift_and_report
[2025-07-31T08:14:25.453+0000] {logging_mixin.py:188} WARNING - /home/***/.local/lib/python3.12/site-packages/***/task/task_runner/standard_task_runner.py:61 DeprecationWarning: This process (pid=175) is multi-threaded, use of fork() may lead to deadlocks in the child.
[2025-07-31T08:14:25.455+0000] {standard_task_runner.py:63} INFO - Started process 268 to run task
[2025-07-31T08:14:25.497+0000] {logging_mixin.py:188} WARNING - /home/***/.local/lib/python3.12/site-packages/***/settings.py:195 DeprecationWarning: The sql_alchemy_conn option in [core] has been moved to the sql_alchemy_conn option in [database] - the old setting has been used, but please update your config.
[2025-07-31T08:14:25.581+0000] {task_command.py:426} INFO - Running <TaskInstance: drift_monitoring.check_drift_and_report scheduled__2025-07-31T07:00:00+00:00 [running]> on host 44c57df83f33
[2025-07-31T08:14:25.766+0000] {taskinstance.py:2644} INFO - Exporting env vars: AIRFLOW_CTX_DAG_OWNER='mlops' AIRFLOW_CTX_DAG_ID='drift_monitoring' AIRFLOW_CTX_TASK_ID='check_drift_and_report' AIRFLOW_CTX_EXECUTION_DATE='2025-07-31T07:00:00+00:00' AIRFLOW_CTX_TRY_NUMBER='1' AIRFLOW_CTX_DAG_RUN_ID='scheduled__2025-07-31T07:00:00+00:00'
[2025-07-31T08:14:25.768+0000] {taskinstance.py:430} INFO - ::endgroup::
[2025-07-31T08:14:25.786+0000] {drift_monitoring.py:239} INFO - Checking drift from 2025-07-24 07:14:25.786243+00:00 to 2025-07-31 07:14:25.786243+00:00
[2025-07-31T08:14:25.787+0000] {drift_monitoring.py:253} INFO - 📥 Downloading predictions/date=2025-07-24/hour=07/prediction.parquet and targets/date=2025-07-24/hour=07/target.parquet
[2025-07-31T08:14:25.831+0000] {drift_monitoring.py:291} WARNING - ⚠️ Missing file: predictions/date=2025-07-24/hour=07/prediction.parquet or targets/date=2025-07-24/hour=07/target.parquet → skipping
[2025-07-31T08:14:25.832+0000] {drift_monitoring.py:253} INFO - 📥 Downloading predictions/date=2025-07-24/hour=08/prediction.parquet and targets/date=2025-07-24/hour=08/target.parquet
[2025-07-31T08:14:25.853+0000] {drift_monitoring.py:291} WARNING - ⚠️ Missing file: predictions/date=2025-07-24/hour=08/prediction.parquet or targets/date=2025-07-24/hour=08/target.parquet → skipping
[2025-07-31T08:14:25.854+0000] {drift_monitoring.py:253} INFO - 📥 Downloading predictions/date=2025-07-24/hour=09/prediction.parquet and targets/date=2025-07-24/hour=09/target.parquet
[2025-07-31T08:14:25.879+0000] {drift_monitoring.py:291} WARNING - ⚠️ Missing file: predictions/date=2025-07-24/hour=09/prediction.parquet or targets/date=2025-07-24/hour=09/target.parquet → skipping
[2025-07-31T08:14:25.880+0000] {drift_monitoring.py:253} INFO - 📥 Downloading predictions/date=2025-07-24/hour=10/prediction.parquet and targets/date=2025-07-24/hour=10/target.parquet
[2025-07-31T08:14:25.898+0000] {drift_monitoring.py:291} WARNING - ⚠️ Missing file: predictions/date=2025-07-24/hour=10/prediction.parquet or targets/date=2025-07-24/hour=10/target.parquet → skipping
[2025-07-31T08:14:25.899+0000] {drift_monitoring.py:253} INFO - 📥 Downloading predictions/date=2025-07-24/hour=11/prediction.parquet and targets/date=2025-07-24/hour=11/target.parquet
[2025-07-31T08:14:25.920+0000] {drift_monitoring.py:291} WARNING - ⚠️ Missing file: predictions/date=2025-07-24/hour=11/prediction.parquet or targets/date=2025-07-24/hour=11/target.parquet → skipping
[2025-07-31T08:14:25.921+0000] {drift_monitoring.py:253} INFO - 📥 Downloading predictions/date=2025-07-24/hour=12/prediction.parquet and targets/date=2025-07-24/hour=12/target.parquet
[2025-07-31T08:14:25.941+0000] {drift_monitoring.py:291} WARNING - ⚠️ Missing file: predictions/date=2025-07-24/hour=12/prediction.parquet or targets/date=2025-07-24/hour=12/target.parquet → skipping
[2025-07-31T08:14:25.942+0000] {drift_monitoring.py:253} INFO - 📥 Downloading predictions/date=2025-07-24/hour=13/prediction.parquet and targets/date=2025-07-24/hour=13/target.parquet
[2025-07-31T08:14:25.962+0000] {drift_monitoring.py:291} WARNING - ⚠️ Missing file: predictions/date=2025-07-24/hour=13/prediction.parquet or targets/date=2025-07-24/hour=13/target.parquet → skipping
[2025-07-31T08:14:25.963+0000] {drift_monitoring.py:253} INFO - 📥 Downloading predictions/date=2025-07-24/hour=14/prediction.parquet and targets/date=2025-07-24/hour=14/target.parquet
[2025-07-31T08:14:25.982+0000] {drift_monitoring.py:291} WARNING - ⚠️ Missing file: predictions/date=2025-07-24/hour=14/prediction.parquet or targets/date=2025-07-24/hour=14/target.parquet → skipping
[2025-07-31T08:14:25.983+0000] {drift_monitoring.py:253} INFO - 📥 Downloading predictions/date=2025-07-24/hour=15/prediction.parquet and targets/date=2025-07-24/hour=15/target.parquet
[2025-07-31T08:14:26.003+0000] {drift_monitoring.py:291} WARNING - ⚠️ Missing file: predictions/date=2025-07-24/hour=15/prediction.parquet or targets/date=2025-07-24/hour=15/target.parquet → skipping
[2025-07-31T08:14:26.004+0000] {drift_monitoring.py:253} INFO - 📥 Downloading predictions/date=2025-07-24/hour=16/prediction.parquet and targets/date=2025-07-24/hour=16/target.parquet
[2025-07-31T08:14:26.024+0000] {drift_monitoring.py:291} WARNING - ⚠️ Missing file: predictions/date=2025-07-24/hour=16/prediction.parquet or targets/date=2025-07-24/hour=16/target.parquet → skipping
[2025-07-31T08:14:26.025+0000] {drift_monitoring.py:253} INFO - 📥 Downloading predictions/date=2025-07-24/hour=17/prediction.parquet and targets/date=2025-07-24/hour=17/target.parquet
[2025-07-31T08:14:26.043+0000] {drift_monitoring.py:291} WARNING - ⚠️ Missing file: predictions/date=2025-07-24/hour=17/prediction.parquet or targets/date=2025-07-24/hour=17/target.parquet → skipping
[2025-07-31T08:14:26.044+0000] {drift_monitoring.py:253} INFO - 📥 Downloading predictions/date=2025-07-24/hour=18/prediction.parquet and targets/date=2025-07-24/hour=18/target.parquet
[2025-07-31T08:14:26.063+0000] {drift_monitoring.py:291} WARNING - ⚠️ Missing file: predictions/date=2025-07-24/hour=18/prediction.parquet or targets/date=2025-07-24/hour=18/target.parquet → skipping
[2025-07-31T08:14:26.064+0000] {drift_monitoring.py:253} INFO - 📥 Downloading predictions/date=2025-07-24/hour=19/prediction.parquet and targets/date=2025-07-24/hour=19/target.parquet
[2025-07-31T08:14:26.084+0000] {drift_monitoring.py:291} WARNING - ⚠️ Missing file: predictions/date=2025-07-24/hour=19/prediction.parquet or targets/date=2025-07-24/hour=19/target.parquet → skipping
[2025-07-31T08:14:26.086+0000] {drift_monitoring.py:253} INFO - 📥 Downloading predictions/date=2025-07-24/hour=20/prediction.parquet and targets/date=2025-07-24/hour=20/target.parquet
[2025-07-31T08:14:26.107+0000] {drift_monitoring.py:291} WARNING - ⚠️ Missing file: predictions/date=2025-07-24/hour=20/prediction.parquet or targets/date=2025-07-24/hour=20/target.parquet → skipping
[2025-07-31T08:14:26.108+0000] {drift_monitoring.py:253} INFO - 📥 Downloading predictions/date=2025-07-24/hour=21/prediction.parquet and targets/date=2025-07-24/hour=21/target.parquet
[2025-07-31T08:14:26.127+0000] {drift_monitoring.py:291} WARNING - ⚠️ Missing file: predictions/date=2025-07-24/hour=21/prediction.parquet or targets/date=2025-07-24/hour=21/target.parquet → skipping
[2025-07-31T08:14:26.128+0000] {drift_monitoring.py:253} INFO - 📥 Downloading predictions/date=2025-07-24/hour=22/prediction.parquet and targets/date=2025-07-24/hour=22/target.parquet
[2025-07-31T08:14:26.150+0000] {drift_monitoring.py:291} WARNING - ⚠️ Missing file: predictions/date=2025-07-24/hour=22/prediction.parquet or targets/date=2025-07-24/hour=22/target.parquet → skipping
[2025-07-31T08:14:26.151+0000] {drift_monitoring.py:253} INFO - 📥 Downloading predictions/date=2025-07-24/hour=23/prediction.parquet and targets/date=2025-07-24/hour=23/target.parquet
[2025-07-31T08:14:26.171+0000] {drift_monitoring.py:291} WARNING - ⚠️ Missing file: predictions/date=2025-07-24/hour=23/prediction.parquet or targets/date=2025-07-24/hour=23/target.parquet → skipping
[2025-07-31T08:14:26.172+0000] {drift_monitoring.py:253} INFO - 📥 Downloading predictions/date=2025-07-25/hour=00/prediction.parquet and targets/date=2025-07-25/hour=00/target.parquet
[2025-07-31T08:14:26.225+0000] {drift_monitoring.py:291} WARNING - ⚠️ Missing file: predictions/date=2025-07-25/hour=00/prediction.parquet or targets/date=2025-07-25/hour=00/target.parquet → skipping
[2025-07-31T08:14:26.227+0000] {drift_monitoring.py:253} INFO - 📥 Downloading predictions/date=2025-07-25/hour=01/prediction.parquet and targets/date=2025-07-25/hour=01/target.parquet
[2025-07-31T08:14:26.269+0000] {drift_monitoring.py:291} WARNING - ⚠️ Missing file: predictions/date=2025-07-25/hour=01/prediction.parquet or targets/date=2025-07-25/hour=01/target.parquet → skipping
[2025-07-31T08:14:26.270+0000] {drift_monitoring.py:253} INFO - 📥 Downloading predictions/date=2025-07-25/hour=02/prediction.parquet and targets/date=2025-07-25/hour=02/target.parquet
[2025-07-31T08:14:26.289+0000] {drift_monitoring.py:291} WARNING - ⚠️ Missing file: predictions/date=2025-07-25/hour=02/prediction.parquet or targets/date=2025-07-25/hour=02/target.parquet → skipping
[2025-07-31T08:14:26.291+0000] {drift_monitoring.py:253} INFO - 📥 Downloading predictions/date=2025-07-25/hour=03/prediction.parquet and targets/date=2025-07-25/hour=03/target.parquet
[2025-07-31T08:14:26.314+0000] {drift_monitoring.py:291} WARNING - ⚠️ Missing file: predictions/date=2025-07-25/hour=03/prediction.parquet or targets/date=2025-07-25/hour=03/target.parquet → skipping
[2025-07-31T08:14:26.315+0000] {drift_monitoring.py:253} INFO - 📥 Downloading predictions/date=2025-07-25/hour=04/prediction.parquet and targets/date=2025-07-25/hour=04/target.parquet
[2025-07-31T08:14:26.335+0000] {drift_monitoring.py:291} WARNING - ⚠️ Missing file: predictions/date=2025-07-25/hour=04/prediction.parquet or targets/date=2025-07-25/hour=04/target.parquet → skipping
[2025-07-31T08:14:26.336+0000] {drift_monitoring.py:253} INFO - 📥 Downloading predictions/date=2025-07-25/hour=05/prediction.parquet and targets/date=2025-07-25/hour=05/target.parquet
[2025-07-31T08:14:26.359+0000] {drift_monitoring.py:291} WARNING - ⚠️ Missing file: predictions/date=2025-07-25/hour=05/prediction.parquet or targets/date=2025-07-25/hour=05/target.parquet → skipping
[2025-07-31T08:14:26.360+0000] {drift_monitoring.py:253} INFO - 📥 Downloading predictions/date=2025-07-25/hour=06/prediction.parquet and targets/date=2025-07-25/hour=06/target.parquet
[2025-07-31T08:14:26.379+0000] {drift_monitoring.py:291} WARNING - ⚠️ Missing file: predictions/date=2025-07-25/hour=06/prediction.parquet or targets/date=2025-07-25/hour=06/target.parquet → skipping
[2025-07-31T08:14:26.380+0000] {drift_monitoring.py:253} INFO - 📥 Downloading predictions/date=2025-07-25/hour=07/prediction.parquet and targets/date=2025-07-25/hour=07/target.parquet
[2025-07-31T08:14:26.397+0000] {drift_monitoring.py:291} WARNING - ⚠️ Missing file: predictions/date=2025-07-25/hour=07/prediction.parquet or targets/date=2025-07-25/hour=07/target.parquet → skipping
[2025-07-31T08:14:26.398+0000] {drift_monitoring.py:253} INFO - 📥 Downloading predictions/date=2025-07-25/hour=08/prediction.parquet and targets/date=2025-07-25/hour=08/target.parquet
[2025-07-31T08:14:26.416+0000] {drift_monitoring.py:291} WARNING - ⚠️ Missing file: predictions/date=2025-07-25/hour=08/prediction.parquet or targets/date=2025-07-25/hour=08/target.parquet → skipping
[2025-07-31T08:14:26.417+0000] {drift_monitoring.py:253} INFO - 📥 Downloading predictions/date=2025-07-25/hour=09/prediction.parquet and targets/date=2025-07-25/hour=09/target.parquet
[2025-07-31T08:14:26.438+0000] {drift_monitoring.py:291} WARNING - ⚠️ Missing file: predictions/date=2025-07-25/hour=09/prediction.parquet or targets/date=2025-07-25/hour=09/target.parquet → skipping
[2025-07-31T08:14:26.438+0000] {drift_monitoring.py:253} INFO - 📥 Downloading predictions/date=2025-07-25/hour=10/prediction.parquet and targets/date=2025-07-25/hour=10/target.parquet
[2025-07-31T08:14:26.456+0000] {drift_monitoring.py:291} WARNING - ⚠️ Missing file: predictions/date=2025-07-25/hour=10/prediction.parquet or targets/date=2025-07-25/hour=10/target.parquet → skipping
[2025-07-31T08:14:26.457+0000] {drift_monitoring.py:253} INFO - 📥 Downloading predictions/date=2025-07-25/hour=11/prediction.parquet and targets/date=2025-07-25/hour=11/target.parquet
[2025-07-31T08:14:26.476+0000] {drift_monitoring.py:291} WARNING - ⚠️ Missing file: predictions/date=2025-07-25/hour=11/prediction.parquet or targets/date=2025-07-25/hour=11/target.parquet → skipping
[2025-07-31T08:14:26.477+0000] {drift_monitoring.py:253} INFO - 📥 Downloading predictions/date=2025-07-25/hour=12/prediction.parquet and targets/date=2025-07-25/hour=12/target.parquet
[2025-07-31T08:14:26.495+0000] {drift_monitoring.py:291} WARNING - ⚠️ Missing file: predictions/date=2025-07-25/hour=12/prediction.parquet or targets/date=2025-07-25/hour=12/target.parquet → skipping
[2025-07-31T08:14:26.495+0000] {drift_monitoring.py:253} INFO - 📥 Downloading predictions/date=2025-07-25/hour=13/prediction.parquet and targets/date=2025-07-25/hour=13/target.parquet
[2025-07-31T08:14:26.515+0000] {drift_monitoring.py:291} WARNING - ⚠️ Missing file: predictions/date=2025-07-25/hour=13/prediction.parquet or targets/date=2025-07-25/hour=13/target.parquet → skipping
[2025-07-31T08:14:26.516+0000] {drift_monitoring.py:253} INFO - 📥 Downloading predictions/date=2025-07-25/hour=14/prediction.parquet and targets/date=2025-07-25/hour=14/target.parquet
[2025-07-31T08:14:26.534+0000] {drift_monitoring.py:291} WARNING - ⚠️ Missing file: predictions/date=2025-07-25/hour=14/prediction.parquet or targets/date=2025-07-25/hour=14/target.parquet → skipping
[2025-07-31T08:14:26.535+0000] {drift_monitoring.py:253} INFO - 📥 Downloading predictions/date=2025-07-25/hour=15/prediction.parquet and targets/date=2025-07-25/hour=15/target.parquet
[2025-07-31T08:14:26.556+0000] {drift_monitoring.py:291} WARNING - ⚠️ Missing file: predictions/date=2025-07-25/hour=15/prediction.parquet or targets/date=2025-07-25/hour=15/target.parquet → skipping
[2025-07-31T08:14:26.557+0000] {drift_monitoring.py:253} INFO - 📥 Downloading predictions/date=2025-07-25/hour=16/prediction.parquet and targets/date=2025-07-25/hour=16/target.parquet
[2025-07-31T08:14:26.578+0000] {drift_monitoring.py:291} WARNING - ⚠️ Missing file: predictions/date=2025-07-25/hour=16/prediction.parquet or targets/date=2025-07-25/hour=16/target.parquet → skipping
[2025-07-31T08:14:26.580+0000] {drift_monitoring.py:253} INFO - 📥 Downloading predictions/date=2025-07-25/hour=17/prediction.parquet and targets/date=2025-07-25/hour=17/target.parquet
[2025-07-31T08:14:26.603+0000] {drift_monitoring.py:291} WARNING - ⚠️ Missing file: predictions/date=2025-07-25/hour=17/prediction.parquet or targets/date=2025-07-25/hour=17/target.parquet → skipping
[2025-07-31T08:14:26.605+0000] {drift_monitoring.py:253} INFO - 📥 Downloading predictions/date=2025-07-25/hour=18/prediction.parquet and targets/date=2025-07-25/hour=18/target.parquet
[2025-07-31T08:14:26.628+0000] {drift_monitoring.py:291} WARNING - ⚠️ Missing file: predictions/date=2025-07-25/hour=18/prediction.parquet or targets/date=2025-07-25/hour=18/target.parquet → skipping
[2025-07-31T08:14:26.629+0000] {drift_monitoring.py:253} INFO - 📥 Downloading predictions/date=2025-07-25/hour=19/prediction.parquet and targets/date=2025-07-25/hour=19/target.parquet
[2025-07-31T08:14:26.648+0000] {drift_monitoring.py:291} WARNING - ⚠️ Missing file: predictions/date=2025-07-25/hour=19/prediction.parquet or targets/date=2025-07-25/hour=19/target.parquet → skipping
[2025-07-31T08:14:26.649+0000] {drift_monitoring.py:253} INFO - 📥 Downloading predictions/date=2025-07-25/hour=20/prediction.parquet and targets/date=2025-07-25/hour=20/target.parquet
[2025-07-31T08:14:26.673+0000] {drift_monitoring.py:291} WARNING - ⚠️ Missing file: predictions/date=2025-07-25/hour=20/prediction.parquet or targets/date=2025-07-25/hour=20/target.parquet → skipping
[2025-07-31T08:14:26.674+0000] {drift_monitoring.py:253} INFO - 📥 Downloading predictions/date=2025-07-25/hour=21/prediction.parquet and targets/date=2025-07-25/hour=21/target.parquet
[2025-07-31T08:14:26.702+0000] {drift_monitoring.py:291} WARNING - ⚠️ Missing file: predictions/date=2025-07-25/hour=21/prediction.parquet or targets/date=2025-07-25/hour=21/target.parquet → skipping
[2025-07-31T08:14:26.704+0000] {drift_monitoring.py:253} INFO - 📥 Downloading predictions/date=2025-07-25/hour=22/prediction.parquet and targets/date=2025-07-25/hour=22/target.parquet
[2025-07-31T08:14:26.727+0000] {drift_monitoring.py:291} WARNING - ⚠️ Missing file: predictions/date=2025-07-25/hour=22/prediction.parquet or targets/date=2025-07-25/hour=22/target.parquet → skipping
[2025-07-31T08:14:26.728+0000] {drift_monitoring.py:253} INFO - 📥 Downloading predictions/date=2025-07-25/hour=23/prediction.parquet and targets/date=2025-07-25/hour=23/target.parquet
[2025-07-31T08:14:26.752+0000] {drift_monitoring.py:291} WARNING - ⚠️ Missing file: predictions/date=2025-07-25/hour=23/prediction.parquet or targets/date=2025-07-25/hour=23/target.parquet → skipping
[2025-07-31T08:14:26.753+0000] {drift_monitoring.py:253} INFO - 📥 Downloading predictions/date=2025-07-26/hour=00/prediction.parquet and targets/date=2025-07-26/hour=00/target.parquet
[2025-07-31T08:14:26.776+0000] {drift_monitoring.py:291} WARNING - ⚠️ Missing file: predictions/date=2025-07-26/hour=00/prediction.parquet or targets/date=2025-07-26/hour=00/target.parquet → skipping
[2025-07-31T08:14:26.777+0000] {drift_monitoring.py:253} INFO - 📥 Downloading predictions/date=2025-07-26/hour=01/prediction.parquet and targets/date=2025-07-26/hour=01/target.parquet
[2025-07-31T08:14:26.796+0000] {drift_monitoring.py:291} WARNING - ⚠️ Missing file: predictions/date=2025-07-26/hour=01/prediction.parquet or targets/date=2025-07-26/hour=01/target.parquet → skipping
[2025-07-31T08:14:26.797+0000] {drift_monitoring.py:253} INFO - 📥 Downloading predictions/date=2025-07-26/hour=02/prediction.parquet and targets/date=2025-07-26/hour=02/target.parquet
[2025-07-31T08:14:26.819+0000] {drift_monitoring.py:291} WARNING - ⚠️ Missing file: predictions/date=2025-07-26/hour=02/prediction.parquet or targets/date=2025-07-26/hour=02/target.parquet → skipping
[2025-07-31T08:14:26.820+0000] {drift_monitoring.py:253} INFO - 📥 Downloading predictions/date=2025-07-26/hour=03/prediction.parquet and targets/date=2025-07-26/hour=03/target.parquet
[2025-07-31T08:14:26.840+0000] {drift_monitoring.py:291} WARNING - ⚠️ Missing file: predictions/date=2025-07-26/hour=03/prediction.parquet or targets/date=2025-07-26/hour=03/target.parquet → skipping
[2025-07-31T08:14:26.841+0000] {drift_monitoring.py:253} INFO - 📥 Downloading predictions/date=2025-07-26/hour=04/prediction.parquet and targets/date=2025-07-26/hour=04/target.parquet
[2025-07-31T08:14:26.859+0000] {drift_monitoring.py:291} WARNING - ⚠️ Missing file: predictions/date=2025-07-26/hour=04/prediction.parquet or targets/date=2025-07-26/hour=04/target.parquet → skipping
[2025-07-31T08:14:26.860+0000] {drift_monitoring.py:253} INFO - 📥 Downloading predictions/date=2025-07-26/hour=05/prediction.parquet and targets/date=2025-07-26/hour=05/target.parquet
[2025-07-31T08:14:26.883+0000] {drift_monitoring.py:291} WARNING - ⚠️ Missing file: predictions/date=2025-07-26/hour=05/prediction.parquet or targets/date=2025-07-26/hour=05/target.parquet → skipping
[2025-07-31T08:14:26.884+0000] {drift_monitoring.py:253} INFO - 📥 Downloading predictions/date=2025-07-26/hour=06/prediction.parquet and targets/date=2025-07-26/hour=06/target.parquet
[2025-07-31T08:14:26.905+0000] {drift_monitoring.py:291} WARNING - ⚠️ Missing file: predictions/date=2025-07-26/hour=06/prediction.parquet or targets/date=2025-07-26/hour=06/target.parquet → skipping
[2025-07-31T08:14:26.906+0000] {drift_monitoring.py:253} INFO - 📥 Downloading predictions/date=2025-07-26/hour=07/prediction.parquet and targets/date=2025-07-26/hour=07/target.parquet
[2025-07-31T08:14:26.925+0000] {drift_monitoring.py:291} WARNING - ⚠️ Missing file: predictions/date=2025-07-26/hour=07/prediction.parquet or targets/date=2025-07-26/hour=07/target.parquet → skipping
[2025-07-31T08:14:26.926+0000] {drift_monitoring.py:253} INFO - 📥 Downloading predictions/date=2025-07-26/hour=08/prediction.parquet and targets/date=2025-07-26/hour=08/target.parquet
[2025-07-31T08:14:26.946+0000] {drift_monitoring.py:291} WARNING - ⚠️ Missing file: predictions/date=2025-07-26/hour=08/prediction.parquet or targets/date=2025-07-26/hour=08/target.parquet → skipping
[2025-07-31T08:14:26.947+0000] {drift_monitoring.py:253} INFO - 📥 Downloading predictions/date=2025-07-26/hour=09/prediction.parquet and targets/date=2025-07-26/hour=09/target.parquet
[2025-07-31T08:14:26.968+0000] {drift_monitoring.py:291} WARNING - ⚠️ Missing file: predictions/date=2025-07-26/hour=09/prediction.parquet or targets/date=2025-07-26/hour=09/target.parquet → skipping
[2025-07-31T08:14:26.968+0000] {drift_monitoring.py:253} INFO - 📥 Downloading predictions/date=2025-07-26/hour=10/prediction.parquet and targets/date=2025-07-26/hour=10/target.parquet
[2025-07-31T08:14:26.989+0000] {drift_monitoring.py:291} WARNING - ⚠️ Missing file: predictions/date=2025-07-26/hour=10/prediction.parquet or targets/date=2025-07-26/hour=10/target.parquet → skipping
[2025-07-31T08:14:26.990+0000] {drift_monitoring.py:253} INFO - 📥 Downloading predictions/date=2025-07-26/hour=11/prediction.parquet and targets/date=2025-07-26/hour=11/target.parquet
[2025-07-31T08:14:27.009+0000] {drift_monitoring.py:291} WARNING - ⚠️ Missing file: predictions/date=2025-07-26/hour=11/prediction.parquet or targets/date=2025-07-26/hour=11/target.parquet → skipping
[2025-07-31T08:14:27.010+0000] {drift_monitoring.py:253} INFO - 📥 Downloading predictions/date=2025-07-26/hour=12/prediction.parquet and targets/date=2025-07-26/hour=12/target.parquet
[2025-07-31T08:14:27.031+0000] {drift_monitoring.py:291} WARNING - ⚠️ Missing file: predictions/date=2025-07-26/hour=12/prediction.parquet or targets/date=2025-07-26/hour=12/target.parquet → skipping
[2025-07-31T08:14:27.033+0000] {drift_monitoring.py:253} INFO - 📥 Downloading predictions/date=2025-07-26/hour=13/prediction.parquet and targets/date=2025-07-26/hour=13/target.parquet
[2025-07-31T08:14:27.054+0000] {drift_monitoring.py:291} WARNING - ⚠️ Missing file: predictions/date=2025-07-26/hour=13/prediction.parquet or targets/date=2025-07-26/hour=13/target.parquet → skipping
[2025-07-31T08:14:27.055+0000] {drift_monitoring.py:253} INFO - 📥 Downloading predictions/date=2025-07-26/hour=14/prediction.parquet and targets/date=2025-07-26/hour=14/target.parquet
[2025-07-31T08:14:27.076+0000] {drift_monitoring.py:291} WARNING - ⚠️ Missing file: predictions/date=2025-07-26/hour=14/prediction.parquet or targets/date=2025-07-26/hour=14/target.parquet → skipping
[2025-07-31T08:14:27.077+0000] {drift_monitoring.py:253} INFO - 📥 Downloading predictions/date=2025-07-26/hour=15/prediction.parquet and targets/date=2025-07-26/hour=15/target.parquet
[2025-07-31T08:14:27.100+0000] {drift_monitoring.py:291} WARNING - ⚠️ Missing file: predictions/date=2025-07-26/hour=15/prediction.parquet or targets/date=2025-07-26/hour=15/target.parquet → skipping
[2025-07-31T08:14:27.101+0000] {drift_monitoring.py:253} INFO - 📥 Downloading predictions/date=2025-07-26/hour=16/prediction.parquet and targets/date=2025-07-26/hour=16/target.parquet
[2025-07-31T08:14:27.123+0000] {drift_monitoring.py:291} WARNING - ⚠️ Missing file: predictions/date=2025-07-26/hour=16/prediction.parquet or targets/date=2025-07-26/hour=16/target.parquet → skipping
[2025-07-31T08:14:27.125+0000] {drift_monitoring.py:253} INFO - 📥 Downloading predictions/date=2025-07-26/hour=17/prediction.parquet and targets/date=2025-07-26/hour=17/target.parquet
[2025-07-31T08:14:27.145+0000] {drift_monitoring.py:291} WARNING - ⚠️ Missing file: predictions/date=2025-07-26/hour=17/prediction.parquet or targets/date=2025-07-26/hour=17/target.parquet → skipping
[2025-07-31T08:14:27.146+0000] {drift_monitoring.py:253} INFO - 📥 Downloading predictions/date=2025-07-26/hour=18/prediction.parquet and targets/date=2025-07-26/hour=18/target.parquet
[2025-07-31T08:14:27.168+0000] {drift_monitoring.py:291} WARNING - ⚠️ Missing file: predictions/date=2025-07-26/hour=18/prediction.parquet or targets/date=2025-07-26/hour=18/target.parquet → skipping
[2025-07-31T08:14:27.169+0000] {drift_monitoring.py:253} INFO - 📥 Downloading predictions/date=2025-07-26/hour=19/prediction.parquet and targets/date=2025-07-26/hour=19/target.parquet
[2025-07-31T08:14:27.189+0000] {drift_monitoring.py:291} WARNING - ⚠️ Missing file: predictions/date=2025-07-26/hour=19/prediction.parquet or targets/date=2025-07-26/hour=19/target.parquet → skipping
[2025-07-31T08:14:27.190+0000] {drift_monitoring.py:253} INFO - 📥 Downloading predictions/date=2025-07-26/hour=20/prediction.parquet and targets/date=2025-07-26/hour=20/target.parquet
[2025-07-31T08:14:27.209+0000] {drift_monitoring.py:291} WARNING - ⚠️ Missing file: predictions/date=2025-07-26/hour=20/prediction.parquet or targets/date=2025-07-26/hour=20/target.parquet → skipping
[2025-07-31T08:14:27.210+0000] {drift_monitoring.py:253} INFO - 📥 Downloading predictions/date=2025-07-26/hour=21/prediction.parquet and targets/date=2025-07-26/hour=21/target.parquet
[2025-07-31T08:14:27.230+0000] {drift_monitoring.py:291} WARNING - ⚠️ Missing file: predictions/date=2025-07-26/hour=21/prediction.parquet or targets/date=2025-07-26/hour=21/target.parquet → skipping
[2025-07-31T08:14:27.232+0000] {drift_monitoring.py:253} INFO - 📥 Downloading predictions/date=2025-07-26/hour=22/prediction.parquet and targets/date=2025-07-26/hour=22/target.parquet
[2025-07-31T08:14:27.250+0000] {drift_monitoring.py:291} WARNING - ⚠️ Missing file: predictions/date=2025-07-26/hour=22/prediction.parquet or targets/date=2025-07-26/hour=22/target.parquet → skipping
[2025-07-31T08:14:27.252+0000] {drift_monitoring.py:253} INFO - 📥 Downloading predictions/date=2025-07-26/hour=23/prediction.parquet and targets/date=2025-07-26/hour=23/target.parquet
[2025-07-31T08:14:27.270+0000] {drift_monitoring.py:291} WARNING - ⚠️ Missing file: predictions/date=2025-07-26/hour=23/prediction.parquet or targets/date=2025-07-26/hour=23/target.parquet → skipping
[2025-07-31T08:14:27.271+0000] {drift_monitoring.py:253} INFO - 📥 Downloading predictions/date=2025-07-27/hour=00/prediction.parquet and targets/date=2025-07-27/hour=00/target.parquet
[2025-07-31T08:14:27.294+0000] {drift_monitoring.py:291} WARNING - ⚠️ Missing file: predictions/date=2025-07-27/hour=00/prediction.parquet or targets/date=2025-07-27/hour=00/target.parquet → skipping
[2025-07-31T08:14:27.295+0000] {drift_monitoring.py:253} INFO - 📥 Downloading predictions/date=2025-07-27/hour=01/prediction.parquet and targets/date=2025-07-27/hour=01/target.parquet
[2025-07-31T08:14:27.317+0000] {drift_monitoring.py:291} WARNING - ⚠️ Missing file: predictions/date=2025-07-27/hour=01/prediction.parquet or targets/date=2025-07-27/hour=01/target.parquet → skipping
[2025-07-31T08:14:27.318+0000] {drift_monitoring.py:253} INFO - 📥 Downloading predictions/date=2025-07-27/hour=02/prediction.parquet and targets/date=2025-07-27/hour=02/target.parquet
[2025-07-31T08:14:27.337+0000] {drift_monitoring.py:291} WARNING - ⚠️ Missing file: predictions/date=2025-07-27/hour=02/prediction.parquet or targets/date=2025-07-27/hour=02/target.parquet → skipping
[2025-07-31T08:14:27.338+0000] {drift_monitoring.py:253} INFO - 📥 Downloading predictions/date=2025-07-27/hour=03/prediction.parquet and targets/date=2025-07-27/hour=03/target.parquet
[2025-07-31T08:14:27.359+0000] {drift_monitoring.py:291} WARNING - ⚠️ Missing file: predictions/date=2025-07-27/hour=03/prediction.parquet or targets/date=2025-07-27/hour=03/target.parquet → skipping
[2025-07-31T08:14:27.360+0000] {drift_monitoring.py:253} INFO - 📥 Downloading predictions/date=2025-07-27/hour=04/prediction.parquet and targets/date=2025-07-27/hour=04/target.parquet
[2025-07-31T08:14:27.379+0000] {drift_monitoring.py:291} WARNING - ⚠️ Missing file: predictions/date=2025-07-27/hour=04/prediction.parquet or targets/date=2025-07-27/hour=04/target.parquet → skipping
[2025-07-31T08:14:27.380+0000] {drift_monitoring.py:253} INFO - 📥 Downloading predictions/date=2025-07-27/hour=05/prediction.parquet and targets/date=2025-07-27/hour=05/target.parquet
[2025-07-31T08:14:27.403+0000] {drift_monitoring.py:291} WARNING - ⚠️ Missing file: predictions/date=2025-07-27/hour=05/prediction.parquet or targets/date=2025-07-27/hour=05/target.parquet → skipping
[2025-07-31T08:14:27.404+0000] {drift_monitoring.py:253} INFO - 📥 Downloading predictions/date=2025-07-27/hour=06/prediction.parquet and targets/date=2025-07-27/hour=06/target.parquet
[2025-07-31T08:14:27.422+0000] {drift_monitoring.py:291} WARNING - ⚠️ Missing file: predictions/date=2025-07-27/hour=06/prediction.parquet or targets/date=2025-07-27/hour=06/target.parquet → skipping
[2025-07-31T08:14:27.423+0000] {drift_monitoring.py:253} INFO - 📥 Downloading predictions/date=2025-07-27/hour=07/prediction.parquet and targets/date=2025-07-27/hour=07/target.parquet
[2025-07-31T08:14:27.441+0000] {drift_monitoring.py:291} WARNING - ⚠️ Missing file: predictions/date=2025-07-27/hour=07/prediction.parquet or targets/date=2025-07-27/hour=07/target.parquet → skipping
[2025-07-31T08:14:27.443+0000] {drift_monitoring.py:253} INFO - 📥 Downloading predictions/date=2025-07-27/hour=08/prediction.parquet and targets/date=2025-07-27/hour=08/target.parquet
[2025-07-31T08:14:27.459+0000] {drift_monitoring.py:291} WARNING - ⚠️ Missing file: predictions/date=2025-07-27/hour=08/prediction.parquet or targets/date=2025-07-27/hour=08/target.parquet → skipping
[2025-07-31T08:14:27.460+0000] {drift_monitoring.py:253} INFO - 📥 Downloading predictions/date=2025-07-27/hour=09/prediction.parquet and targets/date=2025-07-27/hour=09/target.parquet
[2025-07-31T08:14:27.483+0000] {drift_monitoring.py:291} WARNING - ⚠️ Missing file: predictions/date=2025-07-27/hour=09/prediction.parquet or targets/date=2025-07-27/hour=09/target.parquet → skipping
[2025-07-31T08:14:27.484+0000] {drift_monitoring.py:253} INFO - 📥 Downloading predictions/date=2025-07-27/hour=10/prediction.parquet and targets/date=2025-07-27/hour=10/target.parquet
[2025-07-31T08:14:27.502+0000] {drift_monitoring.py:291} WARNING - ⚠️ Missing file: predictions/date=2025-07-27/hour=10/prediction.parquet or targets/date=2025-07-27/hour=10/target.parquet → skipping
[2025-07-31T08:14:27.503+0000] {drift_monitoring.py:253} INFO - 📥 Downloading predictions/date=2025-07-27/hour=11/prediction.parquet and targets/date=2025-07-27/hour=11/target.parquet
[2025-07-31T08:14:27.522+0000] {drift_monitoring.py:291} WARNING - ⚠️ Missing file: predictions/date=2025-07-27/hour=11/prediction.parquet or targets/date=2025-07-27/hour=11/target.parquet → skipping
[2025-07-31T08:14:27.523+0000] {drift_monitoring.py:253} INFO - 📥 Downloading predictions/date=2025-07-27/hour=12/prediction.parquet and targets/date=2025-07-27/hour=12/target.parquet
[2025-07-31T08:14:27.543+0000] {drift_monitoring.py:291} WARNING - ⚠️ Missing file: predictions/date=2025-07-27/hour=12/prediction.parquet or targets/date=2025-07-27/hour=12/target.parquet → skipping
[2025-07-31T08:14:27.545+0000] {drift_monitoring.py:253} INFO - 📥 Downloading predictions/date=2025-07-27/hour=13/prediction.parquet and targets/date=2025-07-27/hour=13/target.parquet
[2025-07-31T08:14:27.565+0000] {drift_monitoring.py:291} WARNING - ⚠️ Missing file: predictions/date=2025-07-27/hour=13/prediction.parquet or targets/date=2025-07-27/hour=13/target.parquet → skipping
[2025-07-31T08:14:27.566+0000] {drift_monitoring.py:253} INFO - 📥 Downloading predictions/date=2025-07-27/hour=14/prediction.parquet and targets/date=2025-07-27/hour=14/target.parquet
[2025-07-31T08:14:27.585+0000] {drift_monitoring.py:291} WARNING - ⚠️ Missing file: predictions/date=2025-07-27/hour=14/prediction.parquet or targets/date=2025-07-27/hour=14/target.parquet → skipping
[2025-07-31T08:14:27.586+0000] {drift_monitoring.py:253} INFO - 📥 Downloading predictions/date=2025-07-27/hour=15/prediction.parquet and targets/date=2025-07-27/hour=15/target.parquet
[2025-07-31T08:14:27.605+0000] {drift_monitoring.py:291} WARNING - ⚠️ Missing file: predictions/date=2025-07-27/hour=15/prediction.parquet or targets/date=2025-07-27/hour=15/target.parquet → skipping
[2025-07-31T08:14:27.606+0000] {drift_monitoring.py:253} INFO - 📥 Downloading predictions/date=2025-07-27/hour=16/prediction.parquet and targets/date=2025-07-27/hour=16/target.parquet
[2025-07-31T08:14:27.626+0000] {drift_monitoring.py:291} WARNING - ⚠️ Missing file: predictions/date=2025-07-27/hour=16/prediction.parquet or targets/date=2025-07-27/hour=16/target.parquet → skipping
[2025-07-31T08:14:27.627+0000] {drift_monitoring.py:253} INFO - 📥 Downloading predictions/date=2025-07-27/hour=17/prediction.parquet and targets/date=2025-07-27/hour=17/target.parquet
[2025-07-31T08:14:27.646+0000] {drift_monitoring.py:291} WARNING - ⚠️ Missing file: predictions/date=2025-07-27/hour=17/prediction.parquet or targets/date=2025-07-27/hour=17/target.parquet → skipping
[2025-07-31T08:14:27.647+0000] {drift_monitoring.py:253} INFO - 📥 Downloading predictions/date=2025-07-27/hour=18/prediction.parquet and targets/date=2025-07-27/hour=18/target.parquet
[2025-07-31T08:14:27.668+0000] {drift_monitoring.py:291} WARNING - ⚠️ Missing file: predictions/date=2025-07-27/hour=18/prediction.parquet or targets/date=2025-07-27/hour=18/target.parquet → skipping
[2025-07-31T08:14:27.669+0000] {drift_monitoring.py:253} INFO - 📥 Downloading predictions/date=2025-07-27/hour=19/prediction.parquet and targets/date=2025-07-27/hour=19/target.parquet
[2025-07-31T08:14:27.689+0000] {drift_monitoring.py:291} WARNING - ⚠️ Missing file: predictions/date=2025-07-27/hour=19/prediction.parquet or targets/date=2025-07-27/hour=19/target.parquet → skipping
[2025-07-31T08:14:27.690+0000] {drift_monitoring.py:253} INFO - 📥 Downloading predictions/date=2025-07-27/hour=20/prediction.parquet and targets/date=2025-07-27/hour=20/target.parquet
[2025-07-31T08:14:27.710+0000] {drift_monitoring.py:291} WARNING - ⚠️ Missing file: predictions/date=2025-07-27/hour=20/prediction.parquet or targets/date=2025-07-27/hour=20/target.parquet → skipping
[2025-07-31T08:14:27.711+0000] {drift_monitoring.py:253} INFO - 📥 Downloading predictions/date=2025-07-27/hour=21/prediction.parquet and targets/date=2025-07-27/hour=21/target.parquet
[2025-07-31T08:14:27.730+0000] {drift_monitoring.py:291} WARNING - ⚠️ Missing file: predictions/date=2025-07-27/hour=21/prediction.parquet or targets/date=2025-07-27/hour=21/target.parquet → skipping
[2025-07-31T08:14:27.732+0000] {drift_monitoring.py:253} INFO - 📥 Downloading predictions/date=2025-07-27/hour=22/prediction.parquet and targets/date=2025-07-27/hour=22/target.parquet
[2025-07-31T08:14:27.751+0000] {drift_monitoring.py:291} WARNING - ⚠️ Missing file: predictions/date=2025-07-27/hour=22/prediction.parquet or targets/date=2025-07-27/hour=22/target.parquet → skipping
[2025-07-31T08:14:27.752+0000] {drift_monitoring.py:253} INFO - 📥 Downloading predictions/date=2025-07-27/hour=23/prediction.parquet and targets/date=2025-07-27/hour=23/target.parquet
[2025-07-31T08:14:27.769+0000] {drift_monitoring.py:291} WARNING - ⚠️ Missing file: predictions/date=2025-07-27/hour=23/prediction.parquet or targets/date=2025-07-27/hour=23/target.parquet → skipping
[2025-07-31T08:14:27.771+0000] {drift_monitoring.py:253} INFO - 📥 Downloading predictions/date=2025-07-28/hour=00/prediction.parquet and targets/date=2025-07-28/hour=00/target.parquet
[2025-07-31T08:14:27.791+0000] {drift_monitoring.py:291} WARNING - ⚠️ Missing file: predictions/date=2025-07-28/hour=00/prediction.parquet or targets/date=2025-07-28/hour=00/target.parquet → skipping
[2025-07-31T08:14:27.792+0000] {drift_monitoring.py:253} INFO - 📥 Downloading predictions/date=2025-07-28/hour=01/prediction.parquet and targets/date=2025-07-28/hour=01/target.parquet
[2025-07-31T08:14:27.810+0000] {drift_monitoring.py:291} WARNING - ⚠️ Missing file: predictions/date=2025-07-28/hour=01/prediction.parquet or targets/date=2025-07-28/hour=01/target.parquet → skipping
[2025-07-31T08:14:27.811+0000] {drift_monitoring.py:253} INFO - 📥 Downloading predictions/date=2025-07-28/hour=02/prediction.parquet and targets/date=2025-07-28/hour=02/target.parquet
[2025-07-31T08:14:27.831+0000] {drift_monitoring.py:291} WARNING - ⚠️ Missing file: predictions/date=2025-07-28/hour=02/prediction.parquet or targets/date=2025-07-28/hour=02/target.parquet → skipping
[2025-07-31T08:14:27.832+0000] {drift_monitoring.py:253} INFO - 📥 Downloading predictions/date=2025-07-28/hour=03/prediction.parquet and targets/date=2025-07-28/hour=03/target.parquet
[2025-07-31T08:14:27.850+0000] {drift_monitoring.py:291} WARNING - ⚠️ Missing file: predictions/date=2025-07-28/hour=03/prediction.parquet or targets/date=2025-07-28/hour=03/target.parquet → skipping
[2025-07-31T08:14:27.852+0000] {drift_monitoring.py:253} INFO - 📥 Downloading predictions/date=2025-07-28/hour=04/prediction.parquet and targets/date=2025-07-28/hour=04/target.parquet
[2025-07-31T08:14:27.870+0000] {drift_monitoring.py:291} WARNING - ⚠️ Missing file: predictions/date=2025-07-28/hour=04/prediction.parquet or targets/date=2025-07-28/hour=04/target.parquet → skipping
[2025-07-31T08:14:27.871+0000] {drift_monitoring.py:253} INFO - 📥 Downloading predictions/date=2025-07-28/hour=05/prediction.parquet and targets/date=2025-07-28/hour=05/target.parquet
[2025-07-31T08:14:27.893+0000] {drift_monitoring.py:291} WARNING - ⚠️ Missing file: predictions/date=2025-07-28/hour=05/prediction.parquet or targets/date=2025-07-28/hour=05/target.parquet → skipping
[2025-07-31T08:14:27.894+0000] {drift_monitoring.py:253} INFO - 📥 Downloading predictions/date=2025-07-28/hour=06/prediction.parquet and targets/date=2025-07-28/hour=06/target.parquet
[2025-07-31T08:14:27.912+0000] {drift_monitoring.py:291} WARNING - ⚠️ Missing file: predictions/date=2025-07-28/hour=06/prediction.parquet or targets/date=2025-07-28/hour=06/target.parquet → skipping
[2025-07-31T08:14:27.914+0000] {drift_monitoring.py:253} INFO - 📥 Downloading predictions/date=2025-07-28/hour=07/prediction.parquet and targets/date=2025-07-28/hour=07/target.parquet
[2025-07-31T08:14:27.936+0000] {drift_monitoring.py:291} WARNING - ⚠️ Missing file: predictions/date=2025-07-28/hour=07/prediction.parquet or targets/date=2025-07-28/hour=07/target.parquet → skipping
[2025-07-31T08:14:27.937+0000] {drift_monitoring.py:253} INFO - 📥 Downloading predictions/date=2025-07-28/hour=08/prediction.parquet and targets/date=2025-07-28/hour=08/target.parquet
[2025-07-31T08:14:27.960+0000] {drift_monitoring.py:291} WARNING - ⚠️ Missing file: predictions/date=2025-07-28/hour=08/prediction.parquet or targets/date=2025-07-28/hour=08/target.parquet → skipping
[2025-07-31T08:14:27.962+0000] {drift_monitoring.py:253} INFO - 📥 Downloading predictions/date=2025-07-28/hour=09/prediction.parquet and targets/date=2025-07-28/hour=09/target.parquet
[2025-07-31T08:14:27.983+0000] {drift_monitoring.py:291} WARNING - ⚠️ Missing file: predictions/date=2025-07-28/hour=09/prediction.parquet or targets/date=2025-07-28/hour=09/target.parquet → skipping
[2025-07-31T08:14:27.984+0000] {drift_monitoring.py:253} INFO - 📥 Downloading predictions/date=2025-07-28/hour=10/prediction.parquet and targets/date=2025-07-28/hour=10/target.parquet
[2025-07-31T08:14:28.007+0000] {drift_monitoring.py:291} WARNING - ⚠️ Missing file: predictions/date=2025-07-28/hour=10/prediction.parquet or targets/date=2025-07-28/hour=10/target.parquet → skipping
[2025-07-31T08:14:28.008+0000] {drift_monitoring.py:253} INFO - 📥 Downloading predictions/date=2025-07-28/hour=11/prediction.parquet and targets/date=2025-07-28/hour=11/target.parquet
[2025-07-31T08:14:28.031+0000] {drift_monitoring.py:291} WARNING - ⚠️ Missing file: predictions/date=2025-07-28/hour=11/prediction.parquet or targets/date=2025-07-28/hour=11/target.parquet → skipping
[2025-07-31T08:14:28.032+0000] {drift_monitoring.py:253} INFO - 📥 Downloading predictions/date=2025-07-28/hour=12/prediction.parquet and targets/date=2025-07-28/hour=12/target.parquet
[2025-07-31T08:14:28.053+0000] {drift_monitoring.py:291} WARNING - ⚠️ Missing file: predictions/date=2025-07-28/hour=12/prediction.parquet or targets/date=2025-07-28/hour=12/target.parquet → skipping
[2025-07-31T08:14:28.054+0000] {drift_monitoring.py:253} INFO - 📥 Downloading predictions/date=2025-07-28/hour=13/prediction.parquet and targets/date=2025-07-28/hour=13/target.parquet
[2025-07-31T08:14:28.080+0000] {drift_monitoring.py:291} WARNING - ⚠️ Missing file: predictions/date=2025-07-28/hour=13/prediction.parquet or targets/date=2025-07-28/hour=13/target.parquet → skipping
[2025-07-31T08:14:28.081+0000] {drift_monitoring.py:253} INFO - 📥 Downloading predictions/date=2025-07-28/hour=14/prediction.parquet and targets/date=2025-07-28/hour=14/target.parquet
[2025-07-31T08:14:28.102+0000] {drift_monitoring.py:291} WARNING - ⚠️ Missing file: predictions/date=2025-07-28/hour=14/prediction.parquet or targets/date=2025-07-28/hour=14/target.parquet → skipping
[2025-07-31T08:14:28.103+0000] {drift_monitoring.py:253} INFO - 📥 Downloading predictions/date=2025-07-28/hour=15/prediction.parquet and targets/date=2025-07-28/hour=15/target.parquet
[2025-07-31T08:14:28.129+0000] {drift_monitoring.py:291} WARNING - ⚠️ Missing file: predictions/date=2025-07-28/hour=15/prediction.parquet or targets/date=2025-07-28/hour=15/target.parquet → skipping
[2025-07-31T08:14:28.130+0000] {drift_monitoring.py:253} INFO - 📥 Downloading predictions/date=2025-07-28/hour=16/prediction.parquet and targets/date=2025-07-28/hour=16/target.parquet
[2025-07-31T08:14:28.157+0000] {drift_monitoring.py:291} WARNING - ⚠️ Missing file: predictions/date=2025-07-28/hour=16/prediction.parquet or targets/date=2025-07-28/hour=16/target.parquet → skipping
[2025-07-31T08:14:28.158+0000] {drift_monitoring.py:253} INFO - 📥 Downloading predictions/date=2025-07-28/hour=17/prediction.parquet and targets/date=2025-07-28/hour=17/target.parquet
[2025-07-31T08:14:28.181+0000] {drift_monitoring.py:291} WARNING - ⚠️ Missing file: predictions/date=2025-07-28/hour=17/prediction.parquet or targets/date=2025-07-28/hour=17/target.parquet → skipping
[2025-07-31T08:14:28.182+0000] {drift_monitoring.py:253} INFO - 📥 Downloading predictions/date=2025-07-28/hour=18/prediction.parquet and targets/date=2025-07-28/hour=18/target.parquet
[2025-07-31T08:14:28.205+0000] {drift_monitoring.py:291} WARNING - ⚠️ Missing file: predictions/date=2025-07-28/hour=18/prediction.parquet or targets/date=2025-07-28/hour=18/target.parquet → skipping
[2025-07-31T08:14:28.206+0000] {drift_monitoring.py:253} INFO - 📥 Downloading predictions/date=2025-07-28/hour=19/prediction.parquet and targets/date=2025-07-28/hour=19/target.parquet
[2025-07-31T08:14:28.229+0000] {drift_monitoring.py:291} WARNING - ⚠️ Missing file: predictions/date=2025-07-28/hour=19/prediction.parquet or targets/date=2025-07-28/hour=19/target.parquet → skipping
[2025-07-31T08:14:28.230+0000] {drift_monitoring.py:253} INFO - 📥 Downloading predictions/date=2025-07-28/hour=20/prediction.parquet and targets/date=2025-07-28/hour=20/target.parquet
[2025-07-31T08:14:28.251+0000] {drift_monitoring.py:291} WARNING - ⚠️ Missing file: predictions/date=2025-07-28/hour=20/prediction.parquet or targets/date=2025-07-28/hour=20/target.parquet → skipping
[2025-07-31T08:14:28.252+0000] {drift_monitoring.py:253} INFO - 📥 Downloading predictions/date=2025-07-28/hour=21/prediction.parquet and targets/date=2025-07-28/hour=21/target.parquet
[2025-07-31T08:14:28.271+0000] {drift_monitoring.py:291} WARNING - ⚠️ Missing file: predictions/date=2025-07-28/hour=21/prediction.parquet or targets/date=2025-07-28/hour=21/target.parquet → skipping
[2025-07-31T08:14:28.272+0000] {drift_monitoring.py:253} INFO - 📥 Downloading predictions/date=2025-07-28/hour=22/prediction.parquet and targets/date=2025-07-28/hour=22/target.parquet
[2025-07-31T08:14:28.292+0000] {drift_monitoring.py:291} WARNING - ⚠️ Missing file: predictions/date=2025-07-28/hour=22/prediction.parquet or targets/date=2025-07-28/hour=22/target.parquet → skipping
[2025-07-31T08:14:28.293+0000] {drift_monitoring.py:253} INFO - 📥 Downloading predictions/date=2025-07-28/hour=23/prediction.parquet and targets/date=2025-07-28/hour=23/target.parquet
[2025-07-31T08:14:28.313+0000] {drift_monitoring.py:291} WARNING - ⚠️ Missing file: predictions/date=2025-07-28/hour=23/prediction.parquet or targets/date=2025-07-28/hour=23/target.parquet → skipping
[2025-07-31T08:14:28.314+0000] {drift_monitoring.py:253} INFO - 📥 Downloading predictions/date=2025-07-29/hour=00/prediction.parquet and targets/date=2025-07-29/hour=00/target.parquet
[2025-07-31T08:14:28.331+0000] {drift_monitoring.py:291} WARNING - ⚠️ Missing file: predictions/date=2025-07-29/hour=00/prediction.parquet or targets/date=2025-07-29/hour=00/target.parquet → skipping
[2025-07-31T08:14:28.332+0000] {drift_monitoring.py:253} INFO - 📥 Downloading predictions/date=2025-07-29/hour=01/prediction.parquet and targets/date=2025-07-29/hour=01/target.parquet
[2025-07-31T08:14:28.352+0000] {drift_monitoring.py:291} WARNING - ⚠️ Missing file: predictions/date=2025-07-29/hour=01/prediction.parquet or targets/date=2025-07-29/hour=01/target.parquet → skipping
[2025-07-31T08:14:28.353+0000] {drift_monitoring.py:253} INFO - 📥 Downloading predictions/date=2025-07-29/hour=02/prediction.parquet and targets/date=2025-07-29/hour=02/target.parquet
[2025-07-31T08:14:28.370+0000] {drift_monitoring.py:291} WARNING - ⚠️ Missing file: predictions/date=2025-07-29/hour=02/prediction.parquet or targets/date=2025-07-29/hour=02/target.parquet → skipping
[2025-07-31T08:14:28.371+0000] {drift_monitoring.py:253} INFO - 📥 Downloading predictions/date=2025-07-29/hour=03/prediction.parquet and targets/date=2025-07-29/hour=03/target.parquet
[2025-07-31T08:14:28.389+0000] {drift_monitoring.py:291} WARNING - ⚠️ Missing file: predictions/date=2025-07-29/hour=03/prediction.parquet or targets/date=2025-07-29/hour=03/target.parquet → skipping
[2025-07-31T08:14:28.390+0000] {drift_monitoring.py:253} INFO - 📥 Downloading predictions/date=2025-07-29/hour=04/prediction.parquet and targets/date=2025-07-29/hour=04/target.parquet
[2025-07-31T08:14:28.407+0000] {drift_monitoring.py:291} WARNING - ⚠️ Missing file: predictions/date=2025-07-29/hour=04/prediction.parquet or targets/date=2025-07-29/hour=04/target.parquet → skipping
[2025-07-31T08:14:28.408+0000] {drift_monitoring.py:253} INFO - 📥 Downloading predictions/date=2025-07-29/hour=05/prediction.parquet and targets/date=2025-07-29/hour=05/target.parquet
[2025-07-31T08:14:28.425+0000] {drift_monitoring.py:291} WARNING - ⚠️ Missing file: predictions/date=2025-07-29/hour=05/prediction.parquet or targets/date=2025-07-29/hour=05/target.parquet → skipping
[2025-07-31T08:14:28.426+0000] {drift_monitoring.py:253} INFO - 📥 Downloading predictions/date=2025-07-29/hour=06/prediction.parquet and targets/date=2025-07-29/hour=06/target.parquet
[2025-07-31T08:14:28.444+0000] {drift_monitoring.py:291} WARNING - ⚠️ Missing file: predictions/date=2025-07-29/hour=06/prediction.parquet or targets/date=2025-07-29/hour=06/target.parquet → skipping
[2025-07-31T08:14:28.445+0000] {drift_monitoring.py:253} INFO - 📥 Downloading predictions/date=2025-07-29/hour=07/prediction.parquet and targets/date=2025-07-29/hour=07/target.parquet
[2025-07-31T08:14:29.252+0000] {drift_monitoring.py:291} WARNING - ⚠️ Missing file: predictions/date=2025-07-29/hour=07/prediction.parquet or targets/date=2025-07-29/hour=07/target.parquet → skipping
[2025-07-31T08:14:29.253+0000] {drift_monitoring.py:253} INFO - 📥 Downloading predictions/date=2025-07-29/hour=08/prediction.parquet and targets/date=2025-07-29/hour=08/target.parquet
[2025-07-31T08:14:29.265+0000] {drift_monitoring.py:291} WARNING - ⚠️ Missing file: predictions/date=2025-07-29/hour=08/prediction.parquet or targets/date=2025-07-29/hour=08/target.parquet → skipping
[2025-07-31T08:14:29.266+0000] {drift_monitoring.py:253} INFO - 📥 Downloading predictions/date=2025-07-29/hour=09/prediction.parquet and targets/date=2025-07-29/hour=09/target.parquet
[2025-07-31T08:14:29.280+0000] {drift_monitoring.py:291} WARNING - ⚠️ Missing file: predictions/date=2025-07-29/hour=09/prediction.parquet or targets/date=2025-07-29/hour=09/target.parquet → skipping
[2025-07-31T08:14:29.281+0000] {drift_monitoring.py:253} INFO - 📥 Downloading predictions/date=2025-07-29/hour=10/prediction.parquet and targets/date=2025-07-29/hour=10/target.parquet
[2025-07-31T08:14:29.296+0000] {drift_monitoring.py:291} WARNING - ⚠️ Missing file: predictions/date=2025-07-29/hour=10/prediction.parquet or targets/date=2025-07-29/hour=10/target.parquet → skipping
[2025-07-31T08:14:29.297+0000] {drift_monitoring.py:253} INFO - 📥 Downloading predictions/date=2025-07-29/hour=11/prediction.parquet and targets/date=2025-07-29/hour=11/target.parquet
[2025-07-31T08:14:29.311+0000] {drift_monitoring.py:291} WARNING - ⚠️ Missing file: predictions/date=2025-07-29/hour=11/prediction.parquet or targets/date=2025-07-29/hour=11/target.parquet → skipping
[2025-07-31T08:14:29.312+0000] {drift_monitoring.py:253} INFO - 📥 Downloading predictions/date=2025-07-29/hour=12/prediction.parquet and targets/date=2025-07-29/hour=12/target.parquet
[2025-07-31T08:14:29.330+0000] {drift_monitoring.py:291} WARNING - ⚠️ Missing file: predictions/date=2025-07-29/hour=12/prediction.parquet or targets/date=2025-07-29/hour=12/target.parquet → skipping
[2025-07-31T08:14:29.331+0000] {drift_monitoring.py:253} INFO - 📥 Downloading predictions/date=2025-07-29/hour=13/prediction.parquet and targets/date=2025-07-29/hour=13/target.parquet
[2025-07-31T08:14:29.348+0000] {drift_monitoring.py:291} WARNING - ⚠️ Missing file: predictions/date=2025-07-29/hour=13/prediction.parquet or targets/date=2025-07-29/hour=13/target.parquet → skipping
[2025-07-31T08:14:29.349+0000] {drift_monitoring.py:253} INFO - 📥 Downloading predictions/date=2025-07-29/hour=14/prediction.parquet and targets/date=2025-07-29/hour=14/target.parquet
[2025-07-31T08:14:29.366+0000] {drift_monitoring.py:291} WARNING - ⚠️ Missing file: predictions/date=2025-07-29/hour=14/prediction.parquet or targets/date=2025-07-29/hour=14/target.parquet → skipping
[2025-07-31T08:14:29.367+0000] {drift_monitoring.py:253} INFO - 📥 Downloading predictions/date=2025-07-29/hour=15/prediction.parquet and targets/date=2025-07-29/hour=15/target.parquet
[2025-07-31T08:14:29.385+0000] {drift_monitoring.py:291} WARNING - ⚠️ Missing file: predictions/date=2025-07-29/hour=15/prediction.parquet or targets/date=2025-07-29/hour=15/target.parquet → skipping
[2025-07-31T08:14:29.386+0000] {drift_monitoring.py:253} INFO - 📥 Downloading predictions/date=2025-07-29/hour=16/prediction.parquet and targets/date=2025-07-29/hour=16/target.parquet
[2025-07-31T08:14:29.405+0000] {drift_monitoring.py:291} WARNING - ⚠️ Missing file: predictions/date=2025-07-29/hour=16/prediction.parquet or targets/date=2025-07-29/hour=16/target.parquet → skipping
[2025-07-31T08:14:29.406+0000] {drift_monitoring.py:253} INFO - 📥 Downloading predictions/date=2025-07-29/hour=17/prediction.parquet and targets/date=2025-07-29/hour=17/target.parquet
[2025-07-31T08:14:29.421+0000] {drift_monitoring.py:291} WARNING - ⚠️ Missing file: predictions/date=2025-07-29/hour=17/prediction.parquet or targets/date=2025-07-29/hour=17/target.parquet → skipping
[2025-07-31T08:14:29.422+0000] {drift_monitoring.py:253} INFO - 📥 Downloading predictions/date=2025-07-29/hour=18/prediction.parquet and targets/date=2025-07-29/hour=18/target.parquet
[2025-07-31T08:14:29.439+0000] {drift_monitoring.py:291} WARNING - ⚠️ Missing file: predictions/date=2025-07-29/hour=18/prediction.parquet or targets/date=2025-07-29/hour=18/target.parquet → skipping
[2025-07-31T08:14:29.440+0000] {drift_monitoring.py:253} INFO - 📥 Downloading predictions/date=2025-07-29/hour=19/prediction.parquet and targets/date=2025-07-29/hour=19/target.parquet
[2025-07-31T08:14:29.455+0000] {drift_monitoring.py:291} WARNING - ⚠️ Missing file: predictions/date=2025-07-29/hour=19/prediction.parquet or targets/date=2025-07-29/hour=19/target.parquet → skipping
[2025-07-31T08:14:29.456+0000] {drift_monitoring.py:253} INFO - 📥 Downloading predictions/date=2025-07-29/hour=20/prediction.parquet and targets/date=2025-07-29/hour=20/target.parquet
[2025-07-31T08:14:29.471+0000] {drift_monitoring.py:291} WARNING - ⚠️ Missing file: predictions/date=2025-07-29/hour=20/prediction.parquet or targets/date=2025-07-29/hour=20/target.parquet → skipping
[2025-07-31T08:14:29.473+0000] {drift_monitoring.py:253} INFO - 📥 Downloading predictions/date=2025-07-29/hour=21/prediction.parquet and targets/date=2025-07-29/hour=21/target.parquet
[2025-07-31T08:14:29.495+0000] {drift_monitoring.py:291} WARNING - ⚠️ Missing file: predictions/date=2025-07-29/hour=21/prediction.parquet or targets/date=2025-07-29/hour=21/target.parquet → skipping
[2025-07-31T08:14:29.496+0000] {drift_monitoring.py:253} INFO - 📥 Downloading predictions/date=2025-07-29/hour=22/prediction.parquet and targets/date=2025-07-29/hour=22/target.parquet
[2025-07-31T08:14:29.515+0000] {drift_monitoring.py:291} WARNING - ⚠️ Missing file: predictions/date=2025-07-29/hour=22/prediction.parquet or targets/date=2025-07-29/hour=22/target.parquet → skipping
[2025-07-31T08:14:29.516+0000] {drift_monitoring.py:253} INFO - 📥 Downloading predictions/date=2025-07-29/hour=23/prediction.parquet and targets/date=2025-07-29/hour=23/target.parquet
[2025-07-31T08:14:29.534+0000] {drift_monitoring.py:291} WARNING - ⚠️ Missing file: predictions/date=2025-07-29/hour=23/prediction.parquet or targets/date=2025-07-29/hour=23/target.parquet → skipping
[2025-07-31T08:14:29.534+0000] {drift_monitoring.py:253} INFO - 📥 Downloading predictions/date=2025-07-30/hour=00/prediction.parquet and targets/date=2025-07-30/hour=00/target.parquet
[2025-07-31T08:14:29.551+0000] {drift_monitoring.py:291} WARNING - ⚠️ Missing file: predictions/date=2025-07-30/hour=00/prediction.parquet or targets/date=2025-07-30/hour=00/target.parquet → skipping
[2025-07-31T08:14:29.552+0000] {drift_monitoring.py:253} INFO - 📥 Downloading predictions/date=2025-07-30/hour=01/prediction.parquet and targets/date=2025-07-30/hour=01/target.parquet
[2025-07-31T08:14:29.569+0000] {drift_monitoring.py:291} WARNING - ⚠️ Missing file: predictions/date=2025-07-30/hour=01/prediction.parquet or targets/date=2025-07-30/hour=01/target.parquet → skipping
[2025-07-31T08:14:29.570+0000] {drift_monitoring.py:253} INFO - 📥 Downloading predictions/date=2025-07-30/hour=02/prediction.parquet and targets/date=2025-07-30/hour=02/target.parquet
[2025-07-31T08:14:29.584+0000] {drift_monitoring.py:291} WARNING - ⚠️ Missing file: predictions/date=2025-07-30/hour=02/prediction.parquet or targets/date=2025-07-30/hour=02/target.parquet → skipping
[2025-07-31T08:14:29.585+0000] {drift_monitoring.py:253} INFO - 📥 Downloading predictions/date=2025-07-30/hour=03/prediction.parquet and targets/date=2025-07-30/hour=03/target.parquet
[2025-07-31T08:14:29.604+0000] {drift_monitoring.py:291} WARNING - ⚠️ Missing file: predictions/date=2025-07-30/hour=03/prediction.parquet or targets/date=2025-07-30/hour=03/target.parquet → skipping
[2025-07-31T08:14:29.605+0000] {drift_monitoring.py:253} INFO - 📥 Downloading predictions/date=2025-07-30/hour=04/prediction.parquet and targets/date=2025-07-30/hour=04/target.parquet
[2025-07-31T08:14:29.623+0000] {drift_monitoring.py:291} WARNING - ⚠️ Missing file: predictions/date=2025-07-30/hour=04/prediction.parquet or targets/date=2025-07-30/hour=04/target.parquet → skipping
[2025-07-31T08:14:29.624+0000] {drift_monitoring.py:253} INFO - 📥 Downloading predictions/date=2025-07-30/hour=05/prediction.parquet and targets/date=2025-07-30/hour=05/target.parquet
[2025-07-31T08:14:29.642+0000] {drift_monitoring.py:291} WARNING - ⚠️ Missing file: predictions/date=2025-07-30/hour=05/prediction.parquet or targets/date=2025-07-30/hour=05/target.parquet → skipping
[2025-07-31T08:14:29.643+0000] {drift_monitoring.py:253} INFO - 📥 Downloading predictions/date=2025-07-30/hour=06/prediction.parquet and targets/date=2025-07-30/hour=06/target.parquet
[2025-07-31T08:14:29.660+0000] {drift_monitoring.py:291} WARNING - ⚠️ Missing file: predictions/date=2025-07-30/hour=06/prediction.parquet or targets/date=2025-07-30/hour=06/target.parquet → skipping
[2025-07-31T08:14:29.661+0000] {drift_monitoring.py:253} INFO - 📥 Downloading predictions/date=2025-07-30/hour=07/prediction.parquet and targets/date=2025-07-30/hour=07/target.parquet
[2025-07-31T08:14:29.679+0000] {drift_monitoring.py:291} WARNING - ⚠️ Missing file: predictions/date=2025-07-30/hour=07/prediction.parquet or targets/date=2025-07-30/hour=07/target.parquet → skipping
[2025-07-31T08:14:29.680+0000] {drift_monitoring.py:253} INFO - 📥 Downloading predictions/date=2025-07-30/hour=08/prediction.parquet and targets/date=2025-07-30/hour=08/target.parquet
[2025-07-31T08:14:29.695+0000] {drift_monitoring.py:291} WARNING - ⚠️ Missing file: predictions/date=2025-07-30/hour=08/prediction.parquet or targets/date=2025-07-30/hour=08/target.parquet → skipping
[2025-07-31T08:14:29.696+0000] {drift_monitoring.py:253} INFO - 📥 Downloading predictions/date=2025-07-30/hour=09/prediction.parquet and targets/date=2025-07-30/hour=09/target.parquet
[2025-07-31T08:14:29.718+0000] {drift_monitoring.py:291} WARNING - ⚠️ Missing file: predictions/date=2025-07-30/hour=09/prediction.parquet or targets/date=2025-07-30/hour=09/target.parquet → skipping
[2025-07-31T08:14:29.719+0000] {drift_monitoring.py:253} INFO - 📥 Downloading predictions/date=2025-07-30/hour=10/prediction.parquet and targets/date=2025-07-30/hour=10/target.parquet
[2025-07-31T08:14:29.736+0000] {drift_monitoring.py:291} WARNING - ⚠️ Missing file: predictions/date=2025-07-30/hour=10/prediction.parquet or targets/date=2025-07-30/hour=10/target.parquet → skipping
[2025-07-31T08:14:29.737+0000] {drift_monitoring.py:253} INFO - 📥 Downloading predictions/date=2025-07-30/hour=11/prediction.parquet and targets/date=2025-07-30/hour=11/target.parquet
[2025-07-31T08:14:29.753+0000] {drift_monitoring.py:291} WARNING - ⚠️ Missing file: predictions/date=2025-07-30/hour=11/prediction.parquet or targets/date=2025-07-30/hour=11/target.parquet → skipping
[2025-07-31T08:14:29.754+0000] {drift_monitoring.py:253} INFO - 📥 Downloading predictions/date=2025-07-30/hour=12/prediction.parquet and targets/date=2025-07-30/hour=12/target.parquet
[2025-07-31T08:14:29.767+0000] {drift_monitoring.py:291} WARNING - ⚠️ Missing file: predictions/date=2025-07-30/hour=12/prediction.parquet or targets/date=2025-07-30/hour=12/target.parquet → skipping
[2025-07-31T08:14:29.768+0000] {drift_monitoring.py:253} INFO - 📥 Downloading predictions/date=2025-07-30/hour=13/prediction.parquet and targets/date=2025-07-30/hour=13/target.parquet
[2025-07-31T08:14:29.786+0000] {drift_monitoring.py:291} WARNING - ⚠️ Missing file: predictions/date=2025-07-30/hour=13/prediction.parquet or targets/date=2025-07-30/hour=13/target.parquet → skipping
[2025-07-31T08:14:29.787+0000] {drift_monitoring.py:253} INFO - 📥 Downloading predictions/date=2025-07-30/hour=14/prediction.parquet and targets/date=2025-07-30/hour=14/target.parquet
[2025-07-31T08:14:29.800+0000] {drift_monitoring.py:291} WARNING - ⚠️ Missing file: predictions/date=2025-07-30/hour=14/prediction.parquet or targets/date=2025-07-30/hour=14/target.parquet → skipping
[2025-07-31T08:14:29.801+0000] {drift_monitoring.py:253} INFO - 📥 Downloading predictions/date=2025-07-30/hour=15/prediction.parquet and targets/date=2025-07-30/hour=15/target.parquet
[2025-07-31T08:14:29.908+0000] {drift_monitoring.py:291} WARNING - ⚠️ Missing file: predictions/date=2025-07-30/hour=15/prediction.parquet or targets/date=2025-07-30/hour=15/target.parquet → skipping
[2025-07-31T08:14:29.909+0000] {drift_monitoring.py:253} INFO - 📥 Downloading predictions/date=2025-07-30/hour=16/prediction.parquet and targets/date=2025-07-30/hour=16/target.parquet
[2025-07-31T08:14:29.925+0000] {drift_monitoring.py:291} WARNING - ⚠️ Missing file: predictions/date=2025-07-30/hour=16/prediction.parquet or targets/date=2025-07-30/hour=16/target.parquet → skipping
[2025-07-31T08:14:29.926+0000] {drift_monitoring.py:253} INFO - 📥 Downloading predictions/date=2025-07-30/hour=17/prediction.parquet and targets/date=2025-07-30/hour=17/target.parquet
[2025-07-31T08:14:29.942+0000] {drift_monitoring.py:291} WARNING - ⚠️ Missing file: predictions/date=2025-07-30/hour=17/prediction.parquet or targets/date=2025-07-30/hour=17/target.parquet → skipping
[2025-07-31T08:14:29.943+0000] {drift_monitoring.py:253} INFO - 📥 Downloading predictions/date=2025-07-30/hour=18/prediction.parquet and targets/date=2025-07-30/hour=18/target.parquet
[2025-07-31T08:14:29.961+0000] {drift_monitoring.py:291} WARNING - ⚠️ Missing file: predictions/date=2025-07-30/hour=18/prediction.parquet or targets/date=2025-07-30/hour=18/target.parquet → skipping
[2025-07-31T08:14:29.962+0000] {drift_monitoring.py:253} INFO - 📥 Downloading predictions/date=2025-07-30/hour=19/prediction.parquet and targets/date=2025-07-30/hour=19/target.parquet
[2025-07-31T08:14:29.980+0000] {drift_monitoring.py:291} WARNING - ⚠️ Missing file: predictions/date=2025-07-30/hour=19/prediction.parquet or targets/date=2025-07-30/hour=19/target.parquet → skipping
[2025-07-31T08:14:29.981+0000] {drift_monitoring.py:253} INFO - 📥 Downloading predictions/date=2025-07-30/hour=20/prediction.parquet and targets/date=2025-07-30/hour=20/target.parquet
[2025-07-31T08:14:30.002+0000] {drift_monitoring.py:291} WARNING - ⚠️ Missing file: predictions/date=2025-07-30/hour=20/prediction.parquet or targets/date=2025-07-30/hour=20/target.parquet → skipping
[2025-07-31T08:14:30.003+0000] {drift_monitoring.py:253} INFO - 📥 Downloading predictions/date=2025-07-30/hour=21/prediction.parquet and targets/date=2025-07-30/hour=21/target.parquet
[2025-07-31T08:14:30.020+0000] {drift_monitoring.py:291} WARNING - ⚠️ Missing file: predictions/date=2025-07-30/hour=21/prediction.parquet or targets/date=2025-07-30/hour=21/target.parquet → skipping
[2025-07-31T08:14:30.021+0000] {drift_monitoring.py:253} INFO - 📥 Downloading predictions/date=2025-07-30/hour=22/prediction.parquet and targets/date=2025-07-30/hour=22/target.parquet
[2025-07-31T08:14:30.040+0000] {drift_monitoring.py:291} WARNING - ⚠️ Missing file: predictions/date=2025-07-30/hour=22/prediction.parquet or targets/date=2025-07-30/hour=22/target.parquet → skipping
[2025-07-31T08:14:30.041+0000] {drift_monitoring.py:253} INFO - 📥 Downloading predictions/date=2025-07-30/hour=23/prediction.parquet and targets/date=2025-07-30/hour=23/target.parquet
[2025-07-31T08:14:30.065+0000] {drift_monitoring.py:291} WARNING - ⚠️ Missing file: predictions/date=2025-07-30/hour=23/prediction.parquet or targets/date=2025-07-30/hour=23/target.parquet → skipping
[2025-07-31T08:14:30.088+0000] {drift_monitoring.py:253} INFO - 📥 Downloading predictions/date=2025-07-31/hour=00/prediction.parquet and targets/date=2025-07-31/hour=00/target.parquet
[2025-07-31T08:14:30.102+0000] {drift_monitoring.py:291} WARNING - ⚠️ Missing file: predictions/date=2025-07-31/hour=00/prediction.parquet or targets/date=2025-07-31/hour=00/target.parquet → skipping
[2025-07-31T08:14:30.103+0000] {drift_monitoring.py:253} INFO - 📥 Downloading predictions/date=2025-07-31/hour=01/prediction.parquet and targets/date=2025-07-31/hour=01/target.parquet
[2025-07-31T08:14:30.116+0000] {drift_monitoring.py:291} WARNING - ⚠️ Missing file: predictions/date=2025-07-31/hour=01/prediction.parquet or targets/date=2025-07-31/hour=01/target.parquet → skipping
[2025-07-31T08:14:30.117+0000] {drift_monitoring.py:253} INFO - 📥 Downloading predictions/date=2025-07-31/hour=02/prediction.parquet and targets/date=2025-07-31/hour=02/target.parquet
[2025-07-31T08:14:30.130+0000] {drift_monitoring.py:291} WARNING - ⚠️ Missing file: predictions/date=2025-07-31/hour=02/prediction.parquet or targets/date=2025-07-31/hour=02/target.parquet → skipping
[2025-07-31T08:14:30.131+0000] {drift_monitoring.py:253} INFO - 📥 Downloading predictions/date=2025-07-31/hour=03/prediction.parquet and targets/date=2025-07-31/hour=03/target.parquet
[2025-07-31T08:14:30.145+0000] {drift_monitoring.py:291} WARNING - ⚠️ Missing file: predictions/date=2025-07-31/hour=03/prediction.parquet or targets/date=2025-07-31/hour=03/target.parquet → skipping
[2025-07-31T08:14:30.146+0000] {drift_monitoring.py:253} INFO - 📥 Downloading predictions/date=2025-07-31/hour=04/prediction.parquet and targets/date=2025-07-31/hour=04/target.parquet
[2025-07-31T08:14:30.159+0000] {drift_monitoring.py:291} WARNING - ⚠️ Missing file: predictions/date=2025-07-31/hour=04/prediction.parquet or targets/date=2025-07-31/hour=04/target.parquet → skipping
[2025-07-31T08:14:30.160+0000] {drift_monitoring.py:253} INFO - 📥 Downloading predictions/date=2025-07-31/hour=05/prediction.parquet and targets/date=2025-07-31/hour=05/target.parquet
[2025-07-31T08:14:30.173+0000] {drift_monitoring.py:291} WARNING - ⚠️ Missing file: predictions/date=2025-07-31/hour=05/prediction.parquet or targets/date=2025-07-31/hour=05/target.parquet → skipping
[2025-07-31T08:14:30.174+0000] {drift_monitoring.py:253} INFO - 📥 Downloading predictions/date=2025-07-31/hour=06/prediction.parquet and targets/date=2025-07-31/hour=06/target.parquet
[2025-07-31T08:14:30.187+0000] {drift_monitoring.py:291} WARNING - ⚠️ Missing file: predictions/date=2025-07-31/hour=06/prediction.parquet or targets/date=2025-07-31/hour=06/target.parquet → skipping
[2025-07-31T08:14:30.189+0000] {drift_monitoring.py:253} INFO - 📥 Downloading predictions/date=2025-07-31/hour=07/prediction.parquet and targets/date=2025-07-31/hour=07/target.parquet
[2025-07-31T08:14:30.201+0000] {drift_monitoring.py:291} WARNING - ⚠️ Missing file: predictions/date=2025-07-31/hour=07/prediction.parquet or targets/date=2025-07-31/hour=07/target.parquet → skipping
[2025-07-31T08:14:30.202+0000] {drift_monitoring.py:301} WARNING - ❌ No data available for the period — cannot check drift.
[2025-07-31T08:14:30.203+0000] {python.py:237} INFO - Done. Returned value was: None
[2025-07-31T08:14:30.205+0000] {taskinstance.py:441} INFO - ::group::Post task execution logs
[2025-07-31T08:14:30.224+0000] {taskinstance.py:1205} INFO - Marking task as SUCCESS. dag_id=drift_monitoring, task_id=check_drift_and_report, execution_date=20250731T070000, start_date=20250731T081425, end_date=20250731T081430
[2025-07-31T08:14:30.289+0000] {local_task_job_runner.py:240} INFO - Task exited with return code 0
[2025-07-31T08:14:30.311+0000] {taskinstance.py:3482} INFO - 0 downstream tasks scheduled from follow-on schedule check
[2025-07-31T08:14:30.348+0000] {local_task_job_runner.py:222} INFO - ::endgroup::
