[2025-07-30T00:30:34.075+0000] {local_task_job_runner.py:120} INFO - ::group::Pre task execution logs
[2025-07-30T00:30:34.142+0000] {taskinstance.py:2073} INFO - Dependencies all met for dep_context=non-requeueable deps ti=<TaskInstance: training_pipeline.ingest_data manual__2025-07-30T00:30:23.066616+00:00 [queued]>
[2025-07-30T00:30:34.155+0000] {taskinstance.py:2073} INFO - Dependencies all met for dep_context=requeueable deps ti=<TaskInstance: training_pipeline.ingest_data manual__2025-07-30T00:30:23.066616+00:00 [queued]>
[2025-07-30T00:30:34.156+0000] {taskinstance.py:2303} INFO - Starting attempt 1 of 4
[2025-07-30T00:30:34.175+0000] {taskinstance.py:2327} INFO - Executing <Task(PythonOperator): ingest_data> on 2025-07-30 00:30:23.066616+00:00
[2025-07-30T00:30:34.196+0000] {standard_task_runner.py:90} INFO - Running: ['***', 'tasks', 'run', 'training_pipeline', 'ingest_data', 'manual__2025-07-30T00:30:23.066616+00:00', '--job-id', '115', '--raw', '--subdir', 'DAGS_FOLDER/training_pipeline.py', '--cfg-path', '/tmp/tmp3veyp_3d']
[2025-07-30T00:30:34.223+0000] {logging_mixin.py:188} WARNING - /home/***/.local/lib/python3.12/site-packages/***/task/task_runner/standard_task_runner.py:61 DeprecationWarning: This process (pid=655) is multi-threaded, use of fork() may lead to deadlocks in the child.
[2025-07-30T00:30:34.225+0000] {standard_task_runner.py:91} INFO - Job 115: Subtask ingest_data
[2025-07-30T00:30:34.226+0000] {standard_task_runner.py:63} INFO - Started process 699 to run task
[2025-07-30T00:30:34.285+0000] {logging_mixin.py:188} WARNING - /home/***/.local/lib/python3.12/site-packages/***/settings.py:195 DeprecationWarning: The sql_alchemy_conn option in [core] has been moved to the sql_alchemy_conn option in [database] - the old setting has been used, but please update your config.
[2025-07-30T00:30:34.421+0000] {task_command.py:426} INFO - Running <TaskInstance: training_pipeline.ingest_data manual__2025-07-30T00:30:23.066616+00:00 [running]> on host 44c57df83f33
[2025-07-30T00:30:34.626+0000] {taskinstance.py:2644} INFO - Exporting env vars: AIRFLOW_CTX_DAG_EMAIL='mlops_team@example.com' AIRFLOW_CTX_DAG_OWNER='mlops' AIRFLOW_CTX_DAG_ID='training_pipeline' AIRFLOW_CTX_TASK_ID='ingest_data' AIRFLOW_CTX_EXECUTION_DATE='2025-07-30T00:30:23.066616+00:00' AIRFLOW_CTX_TRY_NUMBER='1' AIRFLOW_CTX_DAG_RUN_ID='manual__2025-07-30T00:30:23.066616+00:00'
[2025-07-30T00:30:34.630+0000] {taskinstance.py:430} INFO - ::endgroup::
[2025-07-30T00:30:34.787+0000] {data_ingestion.py:42} INFO - current_start: 2025-07-29 00:30:34.787794, current_end: 2025-07-30 00:30:34.787794
[2025-07-30T00:30:35.047+0000] {data_ingestion.py:62} INFO - Fetched 288 candles for BTC-USD from 2025-07-29 00:30:34.787794 to 2025-07-30 00:30:34.787794
[2025-07-30T00:30:35.814+0000] {data_ingestion.py:104} INFO - Saved data to S3: s3://crypto-mlops-bucket/data/historical_BTC_USD_20250730003034.csv
[2025-07-30T00:30:35.816+0000] {data_ingestion.py:42} INFO - current_start: 2025-07-29 00:30:34.787794, current_end: 2025-07-30 00:30:34.787794
[2025-07-30T00:30:36.005+0000] {data_ingestion.py:62} INFO - Fetched 288 candles for ETH-USD from 2025-07-29 00:30:34.787794 to 2025-07-30 00:30:34.787794
[2025-07-30T00:30:36.029+0000] {data_ingestion.py:104} INFO - Saved data to S3: s3://crypto-mlops-bucket/data/historical_ETH_USD_20250730003034.csv
[2025-07-30T00:30:36.030+0000] {python.py:237} INFO - Done. Returned value was: None
[2025-07-30T00:30:36.031+0000] {taskinstance.py:441} INFO - ::group::Post task execution logs
[2025-07-30T00:30:36.045+0000] {taskinstance.py:1205} INFO - Marking task as SUCCESS. dag_id=training_pipeline, task_id=ingest_data, execution_date=20250730T003023, start_date=20250730T003034, end_date=20250730T003036
[2025-07-30T00:30:36.091+0000] {local_task_job_runner.py:240} INFO - Task exited with return code 0
[2025-07-30T00:30:36.132+0000] {taskinstance.py:3482} INFO - 1 downstream tasks scheduled from follow-on schedule check
[2025-07-30T00:30:36.136+0000] {local_task_job_runner.py:222} INFO - ::endgroup::
