[2025-07-31T21:01:20.498+0000] {local_task_job_runner.py:120} INFO - ::group::Pre task execution logs
[2025-07-31T21:01:20.531+0000] {taskinstance.py:2073} INFO - Dependencies all met for dep_context=non-requeueable deps ti=<TaskInstance: drift_monitoring_dag.check_drift_and_trigger scheduled__2025-07-31T20:00:00+00:00 [queued]>
[2025-07-31T21:01:20.541+0000] {taskinstance.py:2073} INFO - Dependencies all met for dep_context=requeueable deps ti=<TaskInstance: drift_monitoring_dag.check_drift_and_trigger scheduled__2025-07-31T20:00:00+00:00 [queued]>
[2025-07-31T21:01:20.543+0000] {taskinstance.py:2303} INFO - Starting attempt 1 of 2
[2025-07-31T21:01:20.559+0000] {taskinstance.py:2327} INFO - Executing <Task(PythonOperator): check_drift_and_trigger> on 2025-07-31 20:00:00+00:00
[2025-07-31T21:01:20.576+0000] {logging_mixin.py:188} WARNING - /home/***/.local/lib/python3.12/site-packages/***/task/task_runner/standard_task_runner.py:61 DeprecationWarning: This process (pid=17735) is multi-threaded, use of fork() may lead to deadlocks in the child.
[2025-07-31T21:01:20.575+0000] {standard_task_runner.py:90} INFO - Running: ['***', 'tasks', 'run', 'drift_monitoring_dag', 'check_drift_and_trigger', 'scheduled__2025-07-31T20:00:00+00:00', '--job-id', '253', '--raw', '--subdir', 'DAGS_FOLDER/drift_monitoring.py', '--cfg-path', '/tmp/tmpk1ynj1qd']
[2025-07-31T21:01:20.577+0000] {standard_task_runner.py:63} INFO - Started process 17811 to run task
[2025-07-31T21:01:20.578+0000] {standard_task_runner.py:91} INFO - Job 253: Subtask check_drift_and_trigger
[2025-07-31T21:01:20.592+0000] {logging_mixin.py:188} WARNING - /home/***/.local/lib/python3.12/site-packages/***/settings.py:195 DeprecationWarning: The sql_alchemy_conn option in [core] has been moved to the sql_alchemy_conn option in [database] - the old setting has been used, but please update your config.
[2025-07-31T21:01:20.629+0000] {task_command.py:426} INFO - Running <TaskInstance: drift_monitoring_dag.check_drift_and_trigger scheduled__2025-07-31T20:00:00+00:00 [running]> on host 44c57df83f33
[2025-07-31T21:01:20.739+0000] {taskinstance.py:2644} INFO - Exporting env vars: AIRFLOW_CTX_DAG_OWNER='***' AIRFLOW_CTX_DAG_ID='drift_monitoring_dag' AIRFLOW_CTX_TASK_ID='check_drift_and_trigger' AIRFLOW_CTX_EXECUTION_DATE='2025-07-31T20:00:00+00:00' AIRFLOW_CTX_TRY_NUMBER='1' AIRFLOW_CTX_DAG_RUN_ID='scheduled__2025-07-31T20:00:00+00:00'
[2025-07-31T21:01:20.741+0000] {taskinstance.py:430} INFO - ::endgroup::
[2025-07-31T21:01:20.771+0000] {drift_monitoring.py:59} WARNING - File not found: s3://crypto-mlops-bucket/predictions/date=2025-07-31/hour=21/prediction.parquet
[2025-07-31T21:01:20.780+0000] {drift_monitoring.py:59} WARNING - File not found: s3://crypto-mlops-bucket/targets/date=2025-07-31/hour=21/target.parquet
[2025-07-31T21:01:20.826+0000] {drift_monitoring.py:59} WARNING - File not found: s3://crypto-mlops-bucket/targets/date=2025-07-31/hour=20/target.parquet
[2025-07-31T21:01:20.863+0000] {drift_monitoring.py:59} WARNING - File not found: s3://crypto-mlops-bucket/predictions/date=2025-07-31/hour=18/prediction.parquet
[2025-07-31T21:01:20.887+0000] {drift_monitoring.py:59} WARNING - File not found: s3://crypto-mlops-bucket/predictions/date=2025-07-31/hour=17/prediction.parquet
[2025-07-31T21:01:20.896+0000] {drift_monitoring.py:59} WARNING - File not found: s3://crypto-mlops-bucket/targets/date=2025-07-31/hour=17/target.parquet
[2025-07-31T21:01:20.918+0000] {drift_monitoring.py:59} WARNING - File not found: s3://crypto-mlops-bucket/targets/date=2025-07-31/hour=16/target.parquet
[2025-07-31T21:01:21.011+0000] {drift_monitoring.py:59} WARNING - File not found: s3://crypto-mlops-bucket/predictions/date=2025-07-31/hour=12/prediction.parquet
[2025-07-31T21:01:21.034+0000] {drift_monitoring.py:59} WARNING - File not found: s3://crypto-mlops-bucket/predictions/date=2025-07-31/hour=11/prediction.parquet
[2025-07-31T21:01:21.043+0000] {drift_monitoring.py:59} WARNING - File not found: s3://crypto-mlops-bucket/targets/date=2025-07-31/hour=11/target.parquet
[2025-07-31T21:01:21.051+0000] {drift_monitoring.py:59} WARNING - File not found: s3://crypto-mlops-bucket/predictions/date=2025-07-31/hour=10/prediction.parquet
[2025-07-31T21:01:21.060+0000] {drift_monitoring.py:59} WARNING - File not found: s3://crypto-mlops-bucket/targets/date=2025-07-31/hour=10/target.parquet
[2025-07-31T21:01:21.069+0000] {drift_monitoring.py:59} WARNING - File not found: s3://crypto-mlops-bucket/predictions/date=2025-07-31/hour=09/prediction.parquet
[2025-07-31T21:01:21.077+0000] {drift_monitoring.py:59} WARNING - File not found: s3://crypto-mlops-bucket/targets/date=2025-07-31/hour=09/target.parquet
[2025-07-31T21:01:21.086+0000] {drift_monitoring.py:59} WARNING - File not found: s3://crypto-mlops-bucket/predictions/date=2025-07-31/hour=08/prediction.parquet
[2025-07-31T21:01:21.095+0000] {drift_monitoring.py:59} WARNING - File not found: s3://crypto-mlops-bucket/targets/date=2025-07-31/hour=08/target.parquet
[2025-07-31T21:01:21.107+0000] {drift_monitoring.py:59} WARNING - File not found: s3://crypto-mlops-bucket/predictions/date=2025-07-31/hour=07/prediction.parquet
[2025-07-31T21:01:21.116+0000] {drift_monitoring.py:59} WARNING - File not found: s3://crypto-mlops-bucket/targets/date=2025-07-31/hour=07/target.parquet
[2025-07-31T21:01:21.126+0000] {drift_monitoring.py:59} WARNING - File not found: s3://crypto-mlops-bucket/predictions/date=2025-07-31/hour=06/prediction.parquet
[2025-07-31T21:01:21.137+0000] {drift_monitoring.py:59} WARNING - File not found: s3://crypto-mlops-bucket/targets/date=2025-07-31/hour=06/target.parquet
[2025-07-31T21:01:21.146+0000] {drift_monitoring.py:59} WARNING - File not found: s3://crypto-mlops-bucket/predictions/date=2025-07-31/hour=05/prediction.parquet
[2025-07-31T21:01:21.156+0000] {drift_monitoring.py:59} WARNING - File not found: s3://crypto-mlops-bucket/targets/date=2025-07-31/hour=05/target.parquet
[2025-07-31T21:01:21.165+0000] {drift_monitoring.py:59} WARNING - File not found: s3://crypto-mlops-bucket/predictions/date=2025-07-31/hour=04/prediction.parquet
[2025-07-31T21:01:21.174+0000] {drift_monitoring.py:59} WARNING - File not found: s3://crypto-mlops-bucket/targets/date=2025-07-31/hour=04/target.parquet
[2025-07-31T21:01:21.183+0000] {drift_monitoring.py:59} WARNING - File not found: s3://crypto-mlops-bucket/predictions/date=2025-07-31/hour=03/prediction.parquet
[2025-07-31T21:01:21.193+0000] {drift_monitoring.py:59} WARNING - File not found: s3://crypto-mlops-bucket/targets/date=2025-07-31/hour=03/target.parquet
[2025-07-31T21:01:21.202+0000] {drift_monitoring.py:59} WARNING - File not found: s3://crypto-mlops-bucket/predictions/date=2025-07-31/hour=02/prediction.parquet
[2025-07-31T21:01:21.211+0000] {drift_monitoring.py:59} WARNING - File not found: s3://crypto-mlops-bucket/targets/date=2025-07-31/hour=02/target.parquet
[2025-07-31T21:01:21.219+0000] {drift_monitoring.py:59} WARNING - File not found: s3://crypto-mlops-bucket/predictions/date=2025-07-31/hour=01/prediction.parquet
[2025-07-31T21:01:21.228+0000] {drift_monitoring.py:59} WARNING - File not found: s3://crypto-mlops-bucket/targets/date=2025-07-31/hour=01/target.parquet
[2025-07-31T21:01:21.239+0000] {drift_monitoring.py:59} WARNING - File not found: s3://crypto-mlops-bucket/predictions/date=2025-07-31/hour=00/prediction.parquet
[2025-07-31T21:01:21.248+0000] {drift_monitoring.py:59} WARNING - File not found: s3://crypto-mlops-bucket/targets/date=2025-07-31/hour=00/target.parquet
[2025-07-31T21:01:21.259+0000] {drift_monitoring.py:59} WARNING - File not found: s3://crypto-mlops-bucket/predictions/date=2025-07-30/hour=23/prediction.parquet
[2025-07-31T21:01:21.272+0000] {drift_monitoring.py:59} WARNING - File not found: s3://crypto-mlops-bucket/targets/date=2025-07-30/hour=23/target.parquet
[2025-07-31T21:01:21.283+0000] {drift_monitoring.py:59} WARNING - File not found: s3://crypto-mlops-bucket/predictions/date=2025-07-30/hour=22/prediction.parquet
[2025-07-31T21:01:21.293+0000] {drift_monitoring.py:59} WARNING - File not found: s3://crypto-mlops-bucket/targets/date=2025-07-30/hour=22/target.parquet
[2025-07-31T21:01:21.304+0000] {drift_monitoring.py:59} WARNING - File not found: s3://crypto-mlops-bucket/predictions/date=2025-07-30/hour=21/prediction.parquet
[2025-07-31T21:01:21.314+0000] {drift_monitoring.py:59} WARNING - File not found: s3://crypto-mlops-bucket/targets/date=2025-07-30/hour=21/target.parquet
[2025-07-31T21:01:21.324+0000] {drift_monitoring.py:59} WARNING - File not found: s3://crypto-mlops-bucket/predictions/date=2025-07-30/hour=20/prediction.parquet
[2025-07-31T21:01:21.335+0000] {drift_monitoring.py:59} WARNING - File not found: s3://crypto-mlops-bucket/targets/date=2025-07-30/hour=20/target.parquet
[2025-07-31T21:01:21.344+0000] {drift_monitoring.py:59} WARNING - File not found: s3://crypto-mlops-bucket/predictions/date=2025-07-30/hour=19/prediction.parquet
[2025-07-31T21:01:21.353+0000] {drift_monitoring.py:59} WARNING - File not found: s3://crypto-mlops-bucket/targets/date=2025-07-30/hour=19/target.parquet
[2025-07-31T21:01:21.363+0000] {drift_monitoring.py:59} WARNING - File not found: s3://crypto-mlops-bucket/predictions/date=2025-07-30/hour=18/prediction.parquet
[2025-07-31T21:01:21.373+0000] {drift_monitoring.py:59} WARNING - File not found: s3://crypto-mlops-bucket/targets/date=2025-07-30/hour=18/target.parquet
[2025-07-31T21:01:21.382+0000] {drift_monitoring.py:59} WARNING - File not found: s3://crypto-mlops-bucket/predictions/date=2025-07-30/hour=17/prediction.parquet
[2025-07-31T21:01:21.392+0000] {drift_monitoring.py:59} WARNING - File not found: s3://crypto-mlops-bucket/targets/date=2025-07-30/hour=17/target.parquet
[2025-07-31T21:01:21.401+0000] {drift_monitoring.py:59} WARNING - File not found: s3://crypto-mlops-bucket/predictions/date=2025-07-30/hour=16/prediction.parquet
[2025-07-31T21:01:21.411+0000] {drift_monitoring.py:59} WARNING - File not found: s3://crypto-mlops-bucket/targets/date=2025-07-30/hour=16/target.parquet
[2025-07-31T21:01:21.422+0000] {drift_monitoring.py:59} WARNING - File not found: s3://crypto-mlops-bucket/predictions/date=2025-07-30/hour=15/prediction.parquet
[2025-07-31T21:01:21.431+0000] {drift_monitoring.py:59} WARNING - File not found: s3://crypto-mlops-bucket/targets/date=2025-07-30/hour=15/target.parquet
[2025-07-31T21:01:21.441+0000] {drift_monitoring.py:59} WARNING - File not found: s3://crypto-mlops-bucket/predictions/date=2025-07-30/hour=14/prediction.parquet
[2025-07-31T21:01:21.451+0000] {drift_monitoring.py:59} WARNING - File not found: s3://crypto-mlops-bucket/targets/date=2025-07-30/hour=14/target.parquet
[2025-07-31T21:01:21.463+0000] {drift_monitoring.py:59} WARNING - File not found: s3://crypto-mlops-bucket/predictions/date=2025-07-30/hour=13/prediction.parquet
[2025-07-31T21:01:21.474+0000] {drift_monitoring.py:59} WARNING - File not found: s3://crypto-mlops-bucket/targets/date=2025-07-30/hour=13/target.parquet
[2025-07-31T21:01:21.484+0000] {drift_monitoring.py:59} WARNING - File not found: s3://crypto-mlops-bucket/predictions/date=2025-07-30/hour=12/prediction.parquet
[2025-07-31T21:01:21.494+0000] {drift_monitoring.py:59} WARNING - File not found: s3://crypto-mlops-bucket/targets/date=2025-07-30/hour=12/target.parquet
[2025-07-31T21:01:21.505+0000] {drift_monitoring.py:59} WARNING - File not found: s3://crypto-mlops-bucket/predictions/date=2025-07-30/hour=11/prediction.parquet
[2025-07-31T21:01:21.516+0000] {drift_monitoring.py:59} WARNING - File not found: s3://crypto-mlops-bucket/targets/date=2025-07-30/hour=11/target.parquet
[2025-07-31T21:01:21.526+0000] {drift_monitoring.py:59} WARNING - File not found: s3://crypto-mlops-bucket/predictions/date=2025-07-30/hour=10/prediction.parquet
[2025-07-31T21:01:21.536+0000] {drift_monitoring.py:59} WARNING - File not found: s3://crypto-mlops-bucket/targets/date=2025-07-30/hour=10/target.parquet
[2025-07-31T21:01:21.546+0000] {drift_monitoring.py:59} WARNING - File not found: s3://crypto-mlops-bucket/predictions/date=2025-07-30/hour=09/prediction.parquet
[2025-07-31T21:01:21.558+0000] {drift_monitoring.py:59} WARNING - File not found: s3://crypto-mlops-bucket/targets/date=2025-07-30/hour=09/target.parquet
[2025-07-31T21:01:21.568+0000] {drift_monitoring.py:59} WARNING - File not found: s3://crypto-mlops-bucket/predictions/date=2025-07-30/hour=08/prediction.parquet
[2025-07-31T21:01:21.577+0000] {drift_monitoring.py:59} WARNING - File not found: s3://crypto-mlops-bucket/targets/date=2025-07-30/hour=08/target.parquet
[2025-07-31T21:01:21.588+0000] {drift_monitoring.py:59} WARNING - File not found: s3://crypto-mlops-bucket/predictions/date=2025-07-30/hour=07/prediction.parquet
[2025-07-31T21:01:21.599+0000] {drift_monitoring.py:59} WARNING - File not found: s3://crypto-mlops-bucket/targets/date=2025-07-30/hour=07/target.parquet
[2025-07-31T21:01:21.622+0000] {drift_monitoring.py:59} WARNING - File not found: s3://crypto-mlops-bucket/predictions/date=2025-07-30/hour=06/prediction.parquet
[2025-07-31T21:01:21.638+0000] {drift_monitoring.py:59} WARNING - File not found: s3://crypto-mlops-bucket/targets/date=2025-07-30/hour=06/target.parquet
[2025-07-31T21:01:21.678+0000] {drift_monitoring.py:59} WARNING - File not found: s3://crypto-mlops-bucket/predictions/date=2025-07-30/hour=05/prediction.parquet
[2025-07-31T21:01:21.694+0000] {drift_monitoring.py:59} WARNING - File not found: s3://crypto-mlops-bucket/targets/date=2025-07-30/hour=05/target.parquet
[2025-07-31T21:01:21.705+0000] {drift_monitoring.py:59} WARNING - File not found: s3://crypto-mlops-bucket/predictions/date=2025-07-30/hour=04/prediction.parquet
[2025-07-31T21:01:21.714+0000] {drift_monitoring.py:59} WARNING - File not found: s3://crypto-mlops-bucket/targets/date=2025-07-30/hour=04/target.parquet
[2025-07-31T21:01:21.724+0000] {drift_monitoring.py:59} WARNING - File not found: s3://crypto-mlops-bucket/predictions/date=2025-07-30/hour=03/prediction.parquet
[2025-07-31T21:01:21.733+0000] {drift_monitoring.py:59} WARNING - File not found: s3://crypto-mlops-bucket/targets/date=2025-07-30/hour=03/target.parquet
[2025-07-31T21:01:21.742+0000] {drift_monitoring.py:59} WARNING - File not found: s3://crypto-mlops-bucket/predictions/date=2025-07-30/hour=02/prediction.parquet
[2025-07-31T21:01:21.751+0000] {drift_monitoring.py:59} WARNING - File not found: s3://crypto-mlops-bucket/targets/date=2025-07-30/hour=02/target.parquet
[2025-07-31T21:01:21.760+0000] {drift_monitoring.py:59} WARNING - File not found: s3://crypto-mlops-bucket/predictions/date=2025-07-30/hour=01/prediction.parquet
[2025-07-31T21:01:21.768+0000] {drift_monitoring.py:59} WARNING - File not found: s3://crypto-mlops-bucket/targets/date=2025-07-30/hour=01/target.parquet
[2025-07-31T21:01:21.776+0000] {drift_monitoring.py:59} WARNING - File not found: s3://crypto-mlops-bucket/predictions/date=2025-07-30/hour=00/prediction.parquet
[2025-07-31T21:01:21.787+0000] {drift_monitoring.py:59} WARNING - File not found: s3://crypto-mlops-bucket/targets/date=2025-07-30/hour=00/target.parquet
[2025-07-31T21:01:21.797+0000] {drift_monitoring.py:59} WARNING - File not found: s3://crypto-mlops-bucket/predictions/date=2025-07-29/hour=23/prediction.parquet
[2025-07-31T21:01:21.807+0000] {drift_monitoring.py:59} WARNING - File not found: s3://crypto-mlops-bucket/targets/date=2025-07-29/hour=23/target.parquet
[2025-07-31T21:01:21.815+0000] {drift_monitoring.py:59} WARNING - File not found: s3://crypto-mlops-bucket/predictions/date=2025-07-29/hour=22/prediction.parquet
[2025-07-31T21:01:21.824+0000] {drift_monitoring.py:59} WARNING - File not found: s3://crypto-mlops-bucket/targets/date=2025-07-29/hour=22/target.parquet
[2025-07-31T21:01:21.833+0000] {drift_monitoring.py:59} WARNING - File not found: s3://crypto-mlops-bucket/predictions/date=2025-07-29/hour=21/prediction.parquet
[2025-07-31T21:01:21.840+0000] {drift_monitoring.py:59} WARNING - File not found: s3://crypto-mlops-bucket/targets/date=2025-07-29/hour=21/target.parquet
[2025-07-31T21:01:21.848+0000] {drift_monitoring.py:59} WARNING - File not found: s3://crypto-mlops-bucket/predictions/date=2025-07-29/hour=20/prediction.parquet
[2025-07-31T21:01:21.857+0000] {drift_monitoring.py:59} WARNING - File not found: s3://crypto-mlops-bucket/targets/date=2025-07-29/hour=20/target.parquet
[2025-07-31T21:01:21.869+0000] {drift_monitoring.py:59} WARNING - File not found: s3://crypto-mlops-bucket/predictions/date=2025-07-29/hour=19/prediction.parquet
[2025-07-31T21:01:21.881+0000] {drift_monitoring.py:59} WARNING - File not found: s3://crypto-mlops-bucket/targets/date=2025-07-29/hour=19/target.parquet
[2025-07-31T21:01:21.894+0000] {drift_monitoring.py:59} WARNING - File not found: s3://crypto-mlops-bucket/predictions/date=2025-07-29/hour=18/prediction.parquet
[2025-07-31T21:01:21.909+0000] {drift_monitoring.py:59} WARNING - File not found: s3://crypto-mlops-bucket/targets/date=2025-07-29/hour=18/target.parquet
[2025-07-31T21:01:21.925+0000] {drift_monitoring.py:59} WARNING - File not found: s3://crypto-mlops-bucket/predictions/date=2025-07-29/hour=17/prediction.parquet
[2025-07-31T21:01:21.940+0000] {drift_monitoring.py:59} WARNING - File not found: s3://crypto-mlops-bucket/targets/date=2025-07-29/hour=17/target.parquet
[2025-07-31T21:01:21.953+0000] {drift_monitoring.py:59} WARNING - File not found: s3://crypto-mlops-bucket/predictions/date=2025-07-29/hour=16/prediction.parquet
[2025-07-31T21:01:21.965+0000] {drift_monitoring.py:59} WARNING - File not found: s3://crypto-mlops-bucket/targets/date=2025-07-29/hour=16/target.parquet
[2025-07-31T21:01:21.978+0000] {drift_monitoring.py:59} WARNING - File not found: s3://crypto-mlops-bucket/predictions/date=2025-07-29/hour=15/prediction.parquet
[2025-07-31T21:01:21.991+0000] {drift_monitoring.py:59} WARNING - File not found: s3://crypto-mlops-bucket/targets/date=2025-07-29/hour=15/target.parquet
[2025-07-31T21:01:22.003+0000] {drift_monitoring.py:59} WARNING - File not found: s3://crypto-mlops-bucket/predictions/date=2025-07-29/hour=14/prediction.parquet
[2025-07-31T21:01:22.016+0000] {drift_monitoring.py:59} WARNING - File not found: s3://crypto-mlops-bucket/targets/date=2025-07-29/hour=14/target.parquet
[2025-07-31T21:01:22.030+0000] {drift_monitoring.py:59} WARNING - File not found: s3://crypto-mlops-bucket/predictions/date=2025-07-29/hour=13/prediction.parquet
[2025-07-31T21:01:22.042+0000] {drift_monitoring.py:59} WARNING - File not found: s3://crypto-mlops-bucket/targets/date=2025-07-29/hour=13/target.parquet
[2025-07-31T21:01:22.054+0000] {drift_monitoring.py:59} WARNING - File not found: s3://crypto-mlops-bucket/predictions/date=2025-07-29/hour=12/prediction.parquet
[2025-07-31T21:01:22.064+0000] {drift_monitoring.py:59} WARNING - File not found: s3://crypto-mlops-bucket/targets/date=2025-07-29/hour=12/target.parquet
[2025-07-31T21:01:22.074+0000] {drift_monitoring.py:59} WARNING - File not found: s3://crypto-mlops-bucket/predictions/date=2025-07-29/hour=11/prediction.parquet
[2025-07-31T21:01:22.084+0000] {drift_monitoring.py:59} WARNING - File not found: s3://crypto-mlops-bucket/targets/date=2025-07-29/hour=11/target.parquet
[2025-07-31T21:01:22.095+0000] {drift_monitoring.py:59} WARNING - File not found: s3://crypto-mlops-bucket/predictions/date=2025-07-29/hour=10/prediction.parquet
[2025-07-31T21:01:22.105+0000] {drift_monitoring.py:59} WARNING - File not found: s3://crypto-mlops-bucket/targets/date=2025-07-29/hour=10/target.parquet
[2025-07-31T21:01:22.116+0000] {drift_monitoring.py:59} WARNING - File not found: s3://crypto-mlops-bucket/predictions/date=2025-07-29/hour=09/prediction.parquet
[2025-07-31T21:01:22.128+0000] {drift_monitoring.py:59} WARNING - File not found: s3://crypto-mlops-bucket/targets/date=2025-07-29/hour=09/target.parquet
[2025-07-31T21:01:22.140+0000] {drift_monitoring.py:59} WARNING - File not found: s3://crypto-mlops-bucket/predictions/date=2025-07-29/hour=08/prediction.parquet
[2025-07-31T21:01:22.151+0000] {drift_monitoring.py:59} WARNING - File not found: s3://crypto-mlops-bucket/targets/date=2025-07-29/hour=08/target.parquet
[2025-07-31T21:01:22.163+0000] {drift_monitoring.py:59} WARNING - File not found: s3://crypto-mlops-bucket/predictions/date=2025-07-29/hour=07/prediction.parquet
[2025-07-31T21:01:22.173+0000] {drift_monitoring.py:59} WARNING - File not found: s3://crypto-mlops-bucket/targets/date=2025-07-29/hour=07/target.parquet
[2025-07-31T21:01:22.182+0000] {drift_monitoring.py:59} WARNING - File not found: s3://crypto-mlops-bucket/predictions/date=2025-07-29/hour=06/prediction.parquet
[2025-07-31T21:01:22.193+0000] {drift_monitoring.py:59} WARNING - File not found: s3://crypto-mlops-bucket/targets/date=2025-07-29/hour=06/target.parquet
[2025-07-31T21:01:22.203+0000] {drift_monitoring.py:59} WARNING - File not found: s3://crypto-mlops-bucket/predictions/date=2025-07-29/hour=05/prediction.parquet
[2025-07-31T21:01:22.213+0000] {drift_monitoring.py:59} WARNING - File not found: s3://crypto-mlops-bucket/targets/date=2025-07-29/hour=05/target.parquet
[2025-07-31T21:01:22.224+0000] {drift_monitoring.py:59} WARNING - File not found: s3://crypto-mlops-bucket/predictions/date=2025-07-29/hour=04/prediction.parquet
[2025-07-31T21:01:22.234+0000] {drift_monitoring.py:59} WARNING - File not found: s3://crypto-mlops-bucket/targets/date=2025-07-29/hour=04/target.parquet
[2025-07-31T21:01:22.244+0000] {drift_monitoring.py:59} WARNING - File not found: s3://crypto-mlops-bucket/predictions/date=2025-07-29/hour=03/prediction.parquet
[2025-07-31T21:01:22.255+0000] {drift_monitoring.py:59} WARNING - File not found: s3://crypto-mlops-bucket/targets/date=2025-07-29/hour=03/target.parquet
[2025-07-31T21:01:22.264+0000] {drift_monitoring.py:59} WARNING - File not found: s3://crypto-mlops-bucket/predictions/date=2025-07-29/hour=02/prediction.parquet
[2025-07-31T21:01:22.276+0000] {drift_monitoring.py:59} WARNING - File not found: s3://crypto-mlops-bucket/targets/date=2025-07-29/hour=02/target.parquet
[2025-07-31T21:01:22.288+0000] {drift_monitoring.py:59} WARNING - File not found: s3://crypto-mlops-bucket/predictions/date=2025-07-29/hour=01/prediction.parquet
[2025-07-31T21:01:22.298+0000] {drift_monitoring.py:59} WARNING - File not found: s3://crypto-mlops-bucket/targets/date=2025-07-29/hour=01/target.parquet
[2025-07-31T21:01:22.308+0000] {drift_monitoring.py:59} WARNING - File not found: s3://crypto-mlops-bucket/predictions/date=2025-07-29/hour=00/prediction.parquet
[2025-07-31T21:01:22.318+0000] {drift_monitoring.py:59} WARNING - File not found: s3://crypto-mlops-bucket/targets/date=2025-07-29/hour=00/target.parquet
[2025-07-31T21:01:22.328+0000] {drift_monitoring.py:59} WARNING - File not found: s3://crypto-mlops-bucket/predictions/date=2025-07-28/hour=23/prediction.parquet
[2025-07-31T21:01:22.341+0000] {drift_monitoring.py:59} WARNING - File not found: s3://crypto-mlops-bucket/targets/date=2025-07-28/hour=23/target.parquet
[2025-07-31T21:01:22.354+0000] {drift_monitoring.py:59} WARNING - File not found: s3://crypto-mlops-bucket/predictions/date=2025-07-28/hour=22/prediction.parquet
[2025-07-31T21:01:22.367+0000] {drift_monitoring.py:59} WARNING - File not found: s3://crypto-mlops-bucket/targets/date=2025-07-28/hour=22/target.parquet
[2025-07-31T21:01:22.381+0000] {drift_monitoring.py:59} WARNING - File not found: s3://crypto-mlops-bucket/predictions/date=2025-07-28/hour=21/prediction.parquet
[2025-07-31T21:01:22.396+0000] {drift_monitoring.py:59} WARNING - File not found: s3://crypto-mlops-bucket/targets/date=2025-07-28/hour=21/target.parquet
[2025-07-31T21:01:22.410+0000] {drift_monitoring.py:59} WARNING - File not found: s3://crypto-mlops-bucket/predictions/date=2025-07-28/hour=20/prediction.parquet
[2025-07-31T21:01:22.431+0000] {drift_monitoring.py:59} WARNING - File not found: s3://crypto-mlops-bucket/targets/date=2025-07-28/hour=20/target.parquet
[2025-07-31T21:01:22.447+0000] {drift_monitoring.py:59} WARNING - File not found: s3://crypto-mlops-bucket/predictions/date=2025-07-28/hour=19/prediction.parquet
[2025-07-31T21:01:22.463+0000] {drift_monitoring.py:59} WARNING - File not found: s3://crypto-mlops-bucket/targets/date=2025-07-28/hour=19/target.parquet
[2025-07-31T21:01:22.479+0000] {drift_monitoring.py:59} WARNING - File not found: s3://crypto-mlops-bucket/predictions/date=2025-07-28/hour=18/prediction.parquet
[2025-07-31T21:01:22.493+0000] {drift_monitoring.py:59} WARNING - File not found: s3://crypto-mlops-bucket/targets/date=2025-07-28/hour=18/target.parquet
[2025-07-31T21:01:22.508+0000] {drift_monitoring.py:59} WARNING - File not found: s3://crypto-mlops-bucket/predictions/date=2025-07-28/hour=17/prediction.parquet
[2025-07-31T21:01:22.521+0000] {drift_monitoring.py:59} WARNING - File not found: s3://crypto-mlops-bucket/targets/date=2025-07-28/hour=17/target.parquet
[2025-07-31T21:01:22.543+0000] {drift_monitoring.py:59} WARNING - File not found: s3://crypto-mlops-bucket/predictions/date=2025-07-28/hour=16/prediction.parquet
[2025-07-31T21:01:22.559+0000] {drift_monitoring.py:59} WARNING - File not found: s3://crypto-mlops-bucket/targets/date=2025-07-28/hour=16/target.parquet
[2025-07-31T21:01:22.577+0000] {drift_monitoring.py:59} WARNING - File not found: s3://crypto-mlops-bucket/predictions/date=2025-07-28/hour=15/prediction.parquet
[2025-07-31T21:01:22.598+0000] {drift_monitoring.py:59} WARNING - File not found: s3://crypto-mlops-bucket/targets/date=2025-07-28/hour=15/target.parquet
[2025-07-31T21:01:22.622+0000] {drift_monitoring.py:59} WARNING - File not found: s3://crypto-mlops-bucket/predictions/date=2025-07-28/hour=14/prediction.parquet
[2025-07-31T21:01:22.643+0000] {drift_monitoring.py:59} WARNING - File not found: s3://crypto-mlops-bucket/targets/date=2025-07-28/hour=14/target.parquet
[2025-07-31T21:01:22.658+0000] {drift_monitoring.py:59} WARNING - File not found: s3://crypto-mlops-bucket/predictions/date=2025-07-28/hour=13/prediction.parquet
[2025-07-31T21:01:22.675+0000] {drift_monitoring.py:59} WARNING - File not found: s3://crypto-mlops-bucket/targets/date=2025-07-28/hour=13/target.parquet
[2025-07-31T21:01:22.691+0000] {drift_monitoring.py:59} WARNING - File not found: s3://crypto-mlops-bucket/predictions/date=2025-07-28/hour=12/prediction.parquet
[2025-07-31T21:01:22.705+0000] {drift_monitoring.py:59} WARNING - File not found: s3://crypto-mlops-bucket/targets/date=2025-07-28/hour=12/target.parquet
[2025-07-31T21:01:22.717+0000] {drift_monitoring.py:59} WARNING - File not found: s3://crypto-mlops-bucket/predictions/date=2025-07-28/hour=11/prediction.parquet
[2025-07-31T21:01:22.728+0000] {drift_monitoring.py:59} WARNING - File not found: s3://crypto-mlops-bucket/targets/date=2025-07-28/hour=11/target.parquet
[2025-07-31T21:01:22.738+0000] {drift_monitoring.py:59} WARNING - File not found: s3://crypto-mlops-bucket/predictions/date=2025-07-28/hour=10/prediction.parquet
[2025-07-31T21:01:22.749+0000] {drift_monitoring.py:59} WARNING - File not found: s3://crypto-mlops-bucket/targets/date=2025-07-28/hour=10/target.parquet
[2025-07-31T21:01:22.760+0000] {drift_monitoring.py:59} WARNING - File not found: s3://crypto-mlops-bucket/predictions/date=2025-07-28/hour=09/prediction.parquet
[2025-07-31T21:01:22.770+0000] {drift_monitoring.py:59} WARNING - File not found: s3://crypto-mlops-bucket/targets/date=2025-07-28/hour=09/target.parquet
[2025-07-31T21:01:22.781+0000] {drift_monitoring.py:59} WARNING - File not found: s3://crypto-mlops-bucket/predictions/date=2025-07-28/hour=08/prediction.parquet
[2025-07-31T21:01:22.791+0000] {drift_monitoring.py:59} WARNING - File not found: s3://crypto-mlops-bucket/targets/date=2025-07-28/hour=08/target.parquet
[2025-07-31T21:01:22.801+0000] {drift_monitoring.py:59} WARNING - File not found: s3://crypto-mlops-bucket/predictions/date=2025-07-28/hour=07/prediction.parquet
[2025-07-31T21:01:22.812+0000] {drift_monitoring.py:59} WARNING - File not found: s3://crypto-mlops-bucket/targets/date=2025-07-28/hour=07/target.parquet
[2025-07-31T21:01:22.822+0000] {drift_monitoring.py:59} WARNING - File not found: s3://crypto-mlops-bucket/predictions/date=2025-07-28/hour=06/prediction.parquet
[2025-07-31T21:01:22.831+0000] {drift_monitoring.py:59} WARNING - File not found: s3://crypto-mlops-bucket/targets/date=2025-07-28/hour=06/target.parquet
[2025-07-31T21:01:22.842+0000] {drift_monitoring.py:59} WARNING - File not found: s3://crypto-mlops-bucket/predictions/date=2025-07-28/hour=05/prediction.parquet
[2025-07-31T21:01:22.853+0000] {drift_monitoring.py:59} WARNING - File not found: s3://crypto-mlops-bucket/targets/date=2025-07-28/hour=05/target.parquet
[2025-07-31T21:01:22.863+0000] {drift_monitoring.py:59} WARNING - File not found: s3://crypto-mlops-bucket/predictions/date=2025-07-28/hour=04/prediction.parquet
[2025-07-31T21:01:22.872+0000] {drift_monitoring.py:59} WARNING - File not found: s3://crypto-mlops-bucket/targets/date=2025-07-28/hour=04/target.parquet
[2025-07-31T21:01:22.882+0000] {drift_monitoring.py:59} WARNING - File not found: s3://crypto-mlops-bucket/predictions/date=2025-07-28/hour=03/prediction.parquet
[2025-07-31T21:01:22.893+0000] {drift_monitoring.py:59} WARNING - File not found: s3://crypto-mlops-bucket/targets/date=2025-07-28/hour=03/target.parquet
[2025-07-31T21:01:22.902+0000] {drift_monitoring.py:59} WARNING - File not found: s3://crypto-mlops-bucket/predictions/date=2025-07-28/hour=02/prediction.parquet
[2025-07-31T21:01:22.914+0000] {drift_monitoring.py:59} WARNING - File not found: s3://crypto-mlops-bucket/targets/date=2025-07-28/hour=02/target.parquet
[2025-07-31T21:01:22.927+0000] {drift_monitoring.py:59} WARNING - File not found: s3://crypto-mlops-bucket/predictions/date=2025-07-28/hour=01/prediction.parquet
[2025-07-31T21:01:22.940+0000] {drift_monitoring.py:59} WARNING - File not found: s3://crypto-mlops-bucket/targets/date=2025-07-28/hour=01/target.parquet
[2025-07-31T21:01:22.955+0000] {drift_monitoring.py:59} WARNING - File not found: s3://crypto-mlops-bucket/predictions/date=2025-07-28/hour=00/prediction.parquet
[2025-07-31T21:01:22.968+0000] {drift_monitoring.py:59} WARNING - File not found: s3://crypto-mlops-bucket/targets/date=2025-07-28/hour=00/target.parquet
[2025-07-31T21:01:22.983+0000] {drift_monitoring.py:59} WARNING - File not found: s3://crypto-mlops-bucket/predictions/date=2025-07-27/hour=23/prediction.parquet
[2025-07-31T21:01:22.997+0000] {drift_monitoring.py:59} WARNING - File not found: s3://crypto-mlops-bucket/targets/date=2025-07-27/hour=23/target.parquet
[2025-07-31T21:01:23.010+0000] {drift_monitoring.py:59} WARNING - File not found: s3://crypto-mlops-bucket/predictions/date=2025-07-27/hour=22/prediction.parquet
[2025-07-31T21:01:23.024+0000] {drift_monitoring.py:59} WARNING - File not found: s3://crypto-mlops-bucket/targets/date=2025-07-27/hour=22/target.parquet
[2025-07-31T21:01:23.037+0000] {drift_monitoring.py:59} WARNING - File not found: s3://crypto-mlops-bucket/predictions/date=2025-07-27/hour=21/prediction.parquet
[2025-07-31T21:01:23.048+0000] {drift_monitoring.py:59} WARNING - File not found: s3://crypto-mlops-bucket/targets/date=2025-07-27/hour=21/target.parquet
[2025-07-31T21:01:23.059+0000] {drift_monitoring.py:59} WARNING - File not found: s3://crypto-mlops-bucket/predictions/date=2025-07-27/hour=20/prediction.parquet
[2025-07-31T21:01:23.071+0000] {drift_monitoring.py:59} WARNING - File not found: s3://crypto-mlops-bucket/targets/date=2025-07-27/hour=20/target.parquet
[2025-07-31T21:01:23.083+0000] {drift_monitoring.py:59} WARNING - File not found: s3://crypto-mlops-bucket/predictions/date=2025-07-27/hour=19/prediction.parquet
[2025-07-31T21:01:23.097+0000] {drift_monitoring.py:59} WARNING - File not found: s3://crypto-mlops-bucket/targets/date=2025-07-27/hour=19/target.parquet
[2025-07-31T21:01:23.113+0000] {drift_monitoring.py:59} WARNING - File not found: s3://crypto-mlops-bucket/predictions/date=2025-07-27/hour=18/prediction.parquet
[2025-07-31T21:01:23.128+0000] {drift_monitoring.py:59} WARNING - File not found: s3://crypto-mlops-bucket/targets/date=2025-07-27/hour=18/target.parquet
[2025-07-31T21:01:23.141+0000] {drift_monitoring.py:59} WARNING - File not found: s3://crypto-mlops-bucket/predictions/date=2025-07-27/hour=17/prediction.parquet
[2025-07-31T21:01:23.157+0000] {drift_monitoring.py:59} WARNING - File not found: s3://crypto-mlops-bucket/targets/date=2025-07-27/hour=17/target.parquet
[2025-07-31T21:01:23.170+0000] {drift_monitoring.py:59} WARNING - File not found: s3://crypto-mlops-bucket/predictions/date=2025-07-27/hour=16/prediction.parquet
[2025-07-31T21:01:23.181+0000] {drift_monitoring.py:59} WARNING - File not found: s3://crypto-mlops-bucket/targets/date=2025-07-27/hour=16/target.parquet
[2025-07-31T21:01:23.193+0000] {drift_monitoring.py:59} WARNING - File not found: s3://crypto-mlops-bucket/predictions/date=2025-07-27/hour=15/prediction.parquet
[2025-07-31T21:01:23.203+0000] {drift_monitoring.py:59} WARNING - File not found: s3://crypto-mlops-bucket/targets/date=2025-07-27/hour=15/target.parquet
[2025-07-31T21:01:23.214+0000] {drift_monitoring.py:59} WARNING - File not found: s3://crypto-mlops-bucket/predictions/date=2025-07-27/hour=14/prediction.parquet
[2025-07-31T21:01:23.226+0000] {drift_monitoring.py:59} WARNING - File not found: s3://crypto-mlops-bucket/targets/date=2025-07-27/hour=14/target.parquet
[2025-07-31T21:01:23.237+0000] {drift_monitoring.py:59} WARNING - File not found: s3://crypto-mlops-bucket/predictions/date=2025-07-27/hour=13/prediction.parquet
[2025-07-31T21:01:23.249+0000] {drift_monitoring.py:59} WARNING - File not found: s3://crypto-mlops-bucket/targets/date=2025-07-27/hour=13/target.parquet
[2025-07-31T21:01:23.261+0000] {drift_monitoring.py:59} WARNING - File not found: s3://crypto-mlops-bucket/predictions/date=2025-07-27/hour=12/prediction.parquet
[2025-07-31T21:01:23.274+0000] {drift_monitoring.py:59} WARNING - File not found: s3://crypto-mlops-bucket/targets/date=2025-07-27/hour=12/target.parquet
[2025-07-31T21:01:23.291+0000] {drift_monitoring.py:59} WARNING - File not found: s3://crypto-mlops-bucket/predictions/date=2025-07-27/hour=11/prediction.parquet
[2025-07-31T21:01:23.305+0000] {drift_monitoring.py:59} WARNING - File not found: s3://crypto-mlops-bucket/targets/date=2025-07-27/hour=11/target.parquet
[2025-07-31T21:01:23.317+0000] {drift_monitoring.py:59} WARNING - File not found: s3://crypto-mlops-bucket/predictions/date=2025-07-27/hour=10/prediction.parquet
[2025-07-31T21:01:23.334+0000] {drift_monitoring.py:59} WARNING - File not found: s3://crypto-mlops-bucket/targets/date=2025-07-27/hour=10/target.parquet
[2025-07-31T21:01:23.347+0000] {drift_monitoring.py:59} WARNING - File not found: s3://crypto-mlops-bucket/predictions/date=2025-07-27/hour=09/prediction.parquet
[2025-07-31T21:01:23.359+0000] {drift_monitoring.py:59} WARNING - File not found: s3://crypto-mlops-bucket/targets/date=2025-07-27/hour=09/target.parquet
[2025-07-31T21:01:23.370+0000] {drift_monitoring.py:59} WARNING - File not found: s3://crypto-mlops-bucket/predictions/date=2025-07-27/hour=08/prediction.parquet
[2025-07-31T21:01:23.380+0000] {drift_monitoring.py:59} WARNING - File not found: s3://crypto-mlops-bucket/targets/date=2025-07-27/hour=08/target.parquet
[2025-07-31T21:01:23.391+0000] {drift_monitoring.py:59} WARNING - File not found: s3://crypto-mlops-bucket/predictions/date=2025-07-27/hour=07/prediction.parquet
[2025-07-31T21:01:23.400+0000] {drift_monitoring.py:59} WARNING - File not found: s3://crypto-mlops-bucket/targets/date=2025-07-27/hour=07/target.parquet
[2025-07-31T21:01:23.411+0000] {drift_monitoring.py:59} WARNING - File not found: s3://crypto-mlops-bucket/predictions/date=2025-07-27/hour=06/prediction.parquet
[2025-07-31T21:01:23.420+0000] {drift_monitoring.py:59} WARNING - File not found: s3://crypto-mlops-bucket/targets/date=2025-07-27/hour=06/target.parquet
[2025-07-31T21:01:23.430+0000] {drift_monitoring.py:59} WARNING - File not found: s3://crypto-mlops-bucket/predictions/date=2025-07-27/hour=05/prediction.parquet
[2025-07-31T21:01:23.439+0000] {drift_monitoring.py:59} WARNING - File not found: s3://crypto-mlops-bucket/targets/date=2025-07-27/hour=05/target.parquet
[2025-07-31T21:01:23.448+0000] {drift_monitoring.py:59} WARNING - File not found: s3://crypto-mlops-bucket/predictions/date=2025-07-27/hour=04/prediction.parquet
[2025-07-31T21:01:23.457+0000] {drift_monitoring.py:59} WARNING - File not found: s3://crypto-mlops-bucket/targets/date=2025-07-27/hour=04/target.parquet
[2025-07-31T21:01:23.467+0000] {drift_monitoring.py:59} WARNING - File not found: s3://crypto-mlops-bucket/predictions/date=2025-07-27/hour=03/prediction.parquet
[2025-07-31T21:01:23.478+0000] {drift_monitoring.py:59} WARNING - File not found: s3://crypto-mlops-bucket/targets/date=2025-07-27/hour=03/target.parquet
[2025-07-31T21:01:23.488+0000] {drift_monitoring.py:59} WARNING - File not found: s3://crypto-mlops-bucket/predictions/date=2025-07-27/hour=02/prediction.parquet
[2025-07-31T21:01:23.498+0000] {drift_monitoring.py:59} WARNING - File not found: s3://crypto-mlops-bucket/targets/date=2025-07-27/hour=02/target.parquet
[2025-07-31T21:01:23.507+0000] {drift_monitoring.py:59} WARNING - File not found: s3://crypto-mlops-bucket/predictions/date=2025-07-27/hour=01/prediction.parquet
[2025-07-31T21:01:23.517+0000] {drift_monitoring.py:59} WARNING - File not found: s3://crypto-mlops-bucket/targets/date=2025-07-27/hour=01/target.parquet
[2025-07-31T21:01:23.527+0000] {drift_monitoring.py:59} WARNING - File not found: s3://crypto-mlops-bucket/predictions/date=2025-07-27/hour=00/prediction.parquet
[2025-07-31T21:01:23.538+0000] {drift_monitoring.py:59} WARNING - File not found: s3://crypto-mlops-bucket/targets/date=2025-07-27/hour=00/target.parquet
[2025-07-31T21:01:23.548+0000] {drift_monitoring.py:59} WARNING - File not found: s3://crypto-mlops-bucket/predictions/date=2025-07-26/hour=23/prediction.parquet
[2025-07-31T21:01:23.556+0000] {drift_monitoring.py:59} WARNING - File not found: s3://crypto-mlops-bucket/targets/date=2025-07-26/hour=23/target.parquet
[2025-07-31T21:01:23.565+0000] {drift_monitoring.py:59} WARNING - File not found: s3://crypto-mlops-bucket/predictions/date=2025-07-26/hour=22/prediction.parquet
[2025-07-31T21:01:23.574+0000] {drift_monitoring.py:59} WARNING - File not found: s3://crypto-mlops-bucket/targets/date=2025-07-26/hour=22/target.parquet
[2025-07-31T21:01:23.583+0000] {drift_monitoring.py:59} WARNING - File not found: s3://crypto-mlops-bucket/predictions/date=2025-07-26/hour=21/prediction.parquet
[2025-07-31T21:01:23.593+0000] {drift_monitoring.py:59} WARNING - File not found: s3://crypto-mlops-bucket/targets/date=2025-07-26/hour=21/target.parquet
[2025-07-31T21:01:23.601+0000] {drift_monitoring.py:59} WARNING - File not found: s3://crypto-mlops-bucket/predictions/date=2025-07-26/hour=20/prediction.parquet
[2025-07-31T21:01:23.611+0000] {drift_monitoring.py:59} WARNING - File not found: s3://crypto-mlops-bucket/targets/date=2025-07-26/hour=20/target.parquet
[2025-07-31T21:01:23.621+0000] {drift_monitoring.py:59} WARNING - File not found: s3://crypto-mlops-bucket/predictions/date=2025-07-26/hour=19/prediction.parquet
[2025-07-31T21:01:23.630+0000] {drift_monitoring.py:59} WARNING - File not found: s3://crypto-mlops-bucket/targets/date=2025-07-26/hour=19/target.parquet
[2025-07-31T21:01:23.639+0000] {drift_monitoring.py:59} WARNING - File not found: s3://crypto-mlops-bucket/predictions/date=2025-07-26/hour=18/prediction.parquet
[2025-07-31T21:01:23.648+0000] {drift_monitoring.py:59} WARNING - File not found: s3://crypto-mlops-bucket/targets/date=2025-07-26/hour=18/target.parquet
[2025-07-31T21:01:23.657+0000] {drift_monitoring.py:59} WARNING - File not found: s3://crypto-mlops-bucket/predictions/date=2025-07-26/hour=17/prediction.parquet
[2025-07-31T21:01:23.667+0000] {drift_monitoring.py:59} WARNING - File not found: s3://crypto-mlops-bucket/targets/date=2025-07-26/hour=17/target.parquet
[2025-07-31T21:01:23.676+0000] {drift_monitoring.py:59} WARNING - File not found: s3://crypto-mlops-bucket/predictions/date=2025-07-26/hour=16/prediction.parquet
[2025-07-31T21:01:23.685+0000] {drift_monitoring.py:59} WARNING - File not found: s3://crypto-mlops-bucket/targets/date=2025-07-26/hour=16/target.parquet
[2025-07-31T21:01:23.695+0000] {drift_monitoring.py:59} WARNING - File not found: s3://crypto-mlops-bucket/predictions/date=2025-07-26/hour=15/prediction.parquet
[2025-07-31T21:01:23.705+0000] {drift_monitoring.py:59} WARNING - File not found: s3://crypto-mlops-bucket/targets/date=2025-07-26/hour=15/target.parquet
[2025-07-31T21:01:23.714+0000] {drift_monitoring.py:59} WARNING - File not found: s3://crypto-mlops-bucket/predictions/date=2025-07-26/hour=14/prediction.parquet
[2025-07-31T21:01:23.723+0000] {drift_monitoring.py:59} WARNING - File not found: s3://crypto-mlops-bucket/targets/date=2025-07-26/hour=14/target.parquet
[2025-07-31T21:01:23.731+0000] {drift_monitoring.py:59} WARNING - File not found: s3://crypto-mlops-bucket/predictions/date=2025-07-26/hour=13/prediction.parquet
[2025-07-31T21:01:23.740+0000] {drift_monitoring.py:59} WARNING - File not found: s3://crypto-mlops-bucket/targets/date=2025-07-26/hour=13/target.parquet
[2025-07-31T21:01:23.749+0000] {drift_monitoring.py:59} WARNING - File not found: s3://crypto-mlops-bucket/predictions/date=2025-07-26/hour=12/prediction.parquet
[2025-07-31T21:01:23.758+0000] {drift_monitoring.py:59} WARNING - File not found: s3://crypto-mlops-bucket/targets/date=2025-07-26/hour=12/target.parquet
[2025-07-31T21:01:23.768+0000] {drift_monitoring.py:59} WARNING - File not found: s3://crypto-mlops-bucket/predictions/date=2025-07-26/hour=11/prediction.parquet
[2025-07-31T21:01:23.778+0000] {drift_monitoring.py:59} WARNING - File not found: s3://crypto-mlops-bucket/targets/date=2025-07-26/hour=11/target.parquet
[2025-07-31T21:01:23.788+0000] {drift_monitoring.py:59} WARNING - File not found: s3://crypto-mlops-bucket/predictions/date=2025-07-26/hour=10/prediction.parquet
[2025-07-31T21:01:23.798+0000] {drift_monitoring.py:59} WARNING - File not found: s3://crypto-mlops-bucket/targets/date=2025-07-26/hour=10/target.parquet
[2025-07-31T21:01:23.808+0000] {drift_monitoring.py:59} WARNING - File not found: s3://crypto-mlops-bucket/predictions/date=2025-07-26/hour=09/prediction.parquet
[2025-07-31T21:01:23.817+0000] {drift_monitoring.py:59} WARNING - File not found: s3://crypto-mlops-bucket/targets/date=2025-07-26/hour=09/target.parquet
[2025-07-31T21:01:23.826+0000] {drift_monitoring.py:59} WARNING - File not found: s3://crypto-mlops-bucket/predictions/date=2025-07-26/hour=08/prediction.parquet
[2025-07-31T21:01:23.835+0000] {drift_monitoring.py:59} WARNING - File not found: s3://crypto-mlops-bucket/targets/date=2025-07-26/hour=08/target.parquet
[2025-07-31T21:01:23.845+0000] {drift_monitoring.py:59} WARNING - File not found: s3://crypto-mlops-bucket/predictions/date=2025-07-26/hour=07/prediction.parquet
[2025-07-31T21:01:23.854+0000] {drift_monitoring.py:59} WARNING - File not found: s3://crypto-mlops-bucket/targets/date=2025-07-26/hour=07/target.parquet
[2025-07-31T21:01:23.864+0000] {drift_monitoring.py:59} WARNING - File not found: s3://crypto-mlops-bucket/predictions/date=2025-07-26/hour=06/prediction.parquet
[2025-07-31T21:01:23.873+0000] {drift_monitoring.py:59} WARNING - File not found: s3://crypto-mlops-bucket/targets/date=2025-07-26/hour=06/target.parquet
[2025-07-31T21:01:23.882+0000] {drift_monitoring.py:59} WARNING - File not found: s3://crypto-mlops-bucket/predictions/date=2025-07-26/hour=05/prediction.parquet
[2025-07-31T21:01:23.891+0000] {drift_monitoring.py:59} WARNING - File not found: s3://crypto-mlops-bucket/targets/date=2025-07-26/hour=05/target.parquet
[2025-07-31T21:01:23.900+0000] {drift_monitoring.py:59} WARNING - File not found: s3://crypto-mlops-bucket/predictions/date=2025-07-26/hour=04/prediction.parquet
[2025-07-31T21:01:23.909+0000] {drift_monitoring.py:59} WARNING - File not found: s3://crypto-mlops-bucket/targets/date=2025-07-26/hour=04/target.parquet
[2025-07-31T21:01:23.919+0000] {drift_monitoring.py:59} WARNING - File not found: s3://crypto-mlops-bucket/predictions/date=2025-07-26/hour=03/prediction.parquet
[2025-07-31T21:01:23.929+0000] {drift_monitoring.py:59} WARNING - File not found: s3://crypto-mlops-bucket/targets/date=2025-07-26/hour=03/target.parquet
[2025-07-31T21:01:23.938+0000] {drift_monitoring.py:59} WARNING - File not found: s3://crypto-mlops-bucket/predictions/date=2025-07-26/hour=02/prediction.parquet
[2025-07-31T21:01:23.949+0000] {drift_monitoring.py:59} WARNING - File not found: s3://crypto-mlops-bucket/targets/date=2025-07-26/hour=02/target.parquet
[2025-07-31T21:01:23.959+0000] {drift_monitoring.py:59} WARNING - File not found: s3://crypto-mlops-bucket/predictions/date=2025-07-26/hour=01/prediction.parquet
[2025-07-31T21:01:23.969+0000] {drift_monitoring.py:59} WARNING - File not found: s3://crypto-mlops-bucket/targets/date=2025-07-26/hour=01/target.parquet
[2025-07-31T21:01:23.979+0000] {drift_monitoring.py:59} WARNING - File not found: s3://crypto-mlops-bucket/predictions/date=2025-07-26/hour=00/prediction.parquet
[2025-07-31T21:01:23.989+0000] {drift_monitoring.py:59} WARNING - File not found: s3://crypto-mlops-bucket/targets/date=2025-07-26/hour=00/target.parquet
[2025-07-31T21:01:23.998+0000] {drift_monitoring.py:59} WARNING - File not found: s3://crypto-mlops-bucket/predictions/date=2025-07-25/hour=23/prediction.parquet
[2025-07-31T21:01:24.008+0000] {drift_monitoring.py:59} WARNING - File not found: s3://crypto-mlops-bucket/targets/date=2025-07-25/hour=23/target.parquet
[2025-07-31T21:01:24.016+0000] {drift_monitoring.py:59} WARNING - File not found: s3://crypto-mlops-bucket/predictions/date=2025-07-25/hour=22/prediction.parquet
[2025-07-31T21:01:24.027+0000] {drift_monitoring.py:59} WARNING - File not found: s3://crypto-mlops-bucket/targets/date=2025-07-25/hour=22/target.parquet
[2025-07-31T21:01:24.036+0000] {drift_monitoring.py:59} WARNING - File not found: s3://crypto-mlops-bucket/predictions/date=2025-07-25/hour=21/prediction.parquet
[2025-07-31T21:01:24.047+0000] {drift_monitoring.py:59} WARNING - File not found: s3://crypto-mlops-bucket/targets/date=2025-07-25/hour=21/target.parquet
[2025-07-31T21:01:24.056+0000] {drift_monitoring.py:59} WARNING - File not found: s3://crypto-mlops-bucket/predictions/date=2025-07-25/hour=20/prediction.parquet
[2025-07-31T21:01:24.065+0000] {drift_monitoring.py:59} WARNING - File not found: s3://crypto-mlops-bucket/targets/date=2025-07-25/hour=20/target.parquet
[2025-07-31T21:01:24.074+0000] {drift_monitoring.py:59} WARNING - File not found: s3://crypto-mlops-bucket/predictions/date=2025-07-25/hour=19/prediction.parquet
[2025-07-31T21:01:24.082+0000] {drift_monitoring.py:59} WARNING - File not found: s3://crypto-mlops-bucket/targets/date=2025-07-25/hour=19/target.parquet
[2025-07-31T21:01:24.092+0000] {drift_monitoring.py:59} WARNING - File not found: s3://crypto-mlops-bucket/predictions/date=2025-07-25/hour=18/prediction.parquet
[2025-07-31T21:01:24.101+0000] {drift_monitoring.py:59} WARNING - File not found: s3://crypto-mlops-bucket/targets/date=2025-07-25/hour=18/target.parquet
[2025-07-31T21:01:24.112+0000] {drift_monitoring.py:59} WARNING - File not found: s3://crypto-mlops-bucket/predictions/date=2025-07-25/hour=17/prediction.parquet
[2025-07-31T21:01:24.124+0000] {drift_monitoring.py:59} WARNING - File not found: s3://crypto-mlops-bucket/targets/date=2025-07-25/hour=17/target.parquet
[2025-07-31T21:01:24.136+0000] {drift_monitoring.py:59} WARNING - File not found: s3://crypto-mlops-bucket/predictions/date=2025-07-25/hour=16/prediction.parquet
[2025-07-31T21:01:24.149+0000] {drift_monitoring.py:59} WARNING - File not found: s3://crypto-mlops-bucket/targets/date=2025-07-25/hour=16/target.parquet
[2025-07-31T21:01:24.160+0000] {drift_monitoring.py:59} WARNING - File not found: s3://crypto-mlops-bucket/predictions/date=2025-07-25/hour=15/prediction.parquet
[2025-07-31T21:01:24.169+0000] {drift_monitoring.py:59} WARNING - File not found: s3://crypto-mlops-bucket/targets/date=2025-07-25/hour=15/target.parquet
[2025-07-31T21:01:24.181+0000] {drift_monitoring.py:59} WARNING - File not found: s3://crypto-mlops-bucket/predictions/date=2025-07-25/hour=14/prediction.parquet
[2025-07-31T21:01:24.192+0000] {drift_monitoring.py:59} WARNING - File not found: s3://crypto-mlops-bucket/targets/date=2025-07-25/hour=14/target.parquet
[2025-07-31T21:01:24.202+0000] {drift_monitoring.py:59} WARNING - File not found: s3://crypto-mlops-bucket/predictions/date=2025-07-25/hour=13/prediction.parquet
[2025-07-31T21:01:24.213+0000] {drift_monitoring.py:59} WARNING - File not found: s3://crypto-mlops-bucket/targets/date=2025-07-25/hour=13/target.parquet
[2025-07-31T21:01:24.224+0000] {drift_monitoring.py:59} WARNING - File not found: s3://crypto-mlops-bucket/predictions/date=2025-07-25/hour=12/prediction.parquet
[2025-07-31T21:01:24.236+0000] {drift_monitoring.py:59} WARNING - File not found: s3://crypto-mlops-bucket/targets/date=2025-07-25/hour=12/target.parquet
[2025-07-31T21:01:24.248+0000] {drift_monitoring.py:59} WARNING - File not found: s3://crypto-mlops-bucket/predictions/date=2025-07-25/hour=11/prediction.parquet
[2025-07-31T21:01:24.259+0000] {drift_monitoring.py:59} WARNING - File not found: s3://crypto-mlops-bucket/targets/date=2025-07-25/hour=11/target.parquet
[2025-07-31T21:01:24.268+0000] {drift_monitoring.py:59} WARNING - File not found: s3://crypto-mlops-bucket/predictions/date=2025-07-25/hour=10/prediction.parquet
[2025-07-31T21:01:24.278+0000] {drift_monitoring.py:59} WARNING - File not found: s3://crypto-mlops-bucket/targets/date=2025-07-25/hour=10/target.parquet
[2025-07-31T21:01:24.288+0000] {drift_monitoring.py:59} WARNING - File not found: s3://crypto-mlops-bucket/predictions/date=2025-07-25/hour=09/prediction.parquet
[2025-07-31T21:01:24.298+0000] {drift_monitoring.py:59} WARNING - File not found: s3://crypto-mlops-bucket/targets/date=2025-07-25/hour=09/target.parquet
[2025-07-31T21:01:24.307+0000] {drift_monitoring.py:59} WARNING - File not found: s3://crypto-mlops-bucket/predictions/date=2025-07-25/hour=08/prediction.parquet
[2025-07-31T21:01:24.317+0000] {drift_monitoring.py:59} WARNING - File not found: s3://crypto-mlops-bucket/targets/date=2025-07-25/hour=08/target.parquet
[2025-07-31T21:01:24.328+0000] {drift_monitoring.py:59} WARNING - File not found: s3://crypto-mlops-bucket/predictions/date=2025-07-25/hour=07/prediction.parquet
[2025-07-31T21:01:24.339+0000] {drift_monitoring.py:59} WARNING - File not found: s3://crypto-mlops-bucket/targets/date=2025-07-25/hour=07/target.parquet
[2025-07-31T21:01:24.349+0000] {drift_monitoring.py:59} WARNING - File not found: s3://crypto-mlops-bucket/predictions/date=2025-07-25/hour=06/prediction.parquet
[2025-07-31T21:01:24.359+0000] {drift_monitoring.py:59} WARNING - File not found: s3://crypto-mlops-bucket/targets/date=2025-07-25/hour=06/target.parquet
[2025-07-31T21:01:24.369+0000] {drift_monitoring.py:59} WARNING - File not found: s3://crypto-mlops-bucket/predictions/date=2025-07-25/hour=05/prediction.parquet
[2025-07-31T21:01:24.379+0000] {drift_monitoring.py:59} WARNING - File not found: s3://crypto-mlops-bucket/targets/date=2025-07-25/hour=05/target.parquet
[2025-07-31T21:01:24.388+0000] {drift_monitoring.py:59} WARNING - File not found: s3://crypto-mlops-bucket/predictions/date=2025-07-25/hour=04/prediction.parquet
[2025-07-31T21:01:24.398+0000] {drift_monitoring.py:59} WARNING - File not found: s3://crypto-mlops-bucket/targets/date=2025-07-25/hour=04/target.parquet
[2025-07-31T21:01:24.407+0000] {drift_monitoring.py:59} WARNING - File not found: s3://crypto-mlops-bucket/predictions/date=2025-07-25/hour=03/prediction.parquet
[2025-07-31T21:01:24.417+0000] {drift_monitoring.py:59} WARNING - File not found: s3://crypto-mlops-bucket/targets/date=2025-07-25/hour=03/target.parquet
[2025-07-31T21:01:24.427+0000] {drift_monitoring.py:59} WARNING - File not found: s3://crypto-mlops-bucket/predictions/date=2025-07-25/hour=02/prediction.parquet
[2025-07-31T21:01:24.436+0000] {drift_monitoring.py:59} WARNING - File not found: s3://crypto-mlops-bucket/targets/date=2025-07-25/hour=02/target.parquet
[2025-07-31T21:01:24.446+0000] {drift_monitoring.py:59} WARNING - File not found: s3://crypto-mlops-bucket/predictions/date=2025-07-25/hour=01/prediction.parquet
[2025-07-31T21:01:24.456+0000] {drift_monitoring.py:59} WARNING - File not found: s3://crypto-mlops-bucket/targets/date=2025-07-25/hour=01/target.parquet
[2025-07-31T21:01:24.467+0000] {drift_monitoring.py:59} WARNING - File not found: s3://crypto-mlops-bucket/predictions/date=2025-07-25/hour=00/prediction.parquet
[2025-07-31T21:01:24.478+0000] {drift_monitoring.py:59} WARNING - File not found: s3://crypto-mlops-bucket/targets/date=2025-07-25/hour=00/target.parquet
[2025-07-31T21:01:24.493+0000] {drift_monitoring.py:59} WARNING - File not found: s3://crypto-mlops-bucket/predictions/date=2025-07-24/hour=23/prediction.parquet
[2025-07-31T21:01:24.505+0000] {drift_monitoring.py:59} WARNING - File not found: s3://crypto-mlops-bucket/targets/date=2025-07-24/hour=23/target.parquet
[2025-07-31T21:01:24.519+0000] {drift_monitoring.py:59} WARNING - File not found: s3://crypto-mlops-bucket/predictions/date=2025-07-24/hour=22/prediction.parquet
[2025-07-31T21:01:24.532+0000] {drift_monitoring.py:59} WARNING - File not found: s3://crypto-mlops-bucket/targets/date=2025-07-24/hour=22/target.parquet
[2025-07-31T21:01:24.635+0000] {drift_monitoring.py:163} INFO - Mean MAE over last 7 days: 0.0772 (threshold: 0.15)
[2025-07-31T21:01:24.636+0000] {drift_monitoring.py:178} INFO - No significant drift detected.
[2025-07-31T21:01:24.646+0000] {drift_monitoring.py:74} WARNING - Reference metrics not found: s3://crypto-mlops-bucket/metrics/BTC-USD/metrics.parquet
[2025-07-31T21:01:24.646+0000] {drift_monitoring.py:93} WARNING - Reference metrics not available, skipping Evidently report
[2025-07-31T21:01:24.647+0000] {python.py:237} INFO - Done. Returned value was: None
[2025-07-31T21:01:24.648+0000] {taskinstance.py:441} INFO - ::group::Post task execution logs
[2025-07-31T21:01:24.660+0000] {taskinstance.py:1205} INFO - Marking task as SUCCESS. dag_id=drift_monitoring_dag, task_id=check_drift_and_trigger, execution_date=20250731T200000, start_date=20250731T210120, end_date=20250731T210124
[2025-07-31T21:01:24.727+0000] {local_task_job_runner.py:240} INFO - Task exited with return code 0
[2025-07-31T21:01:24.748+0000] {taskinstance.py:3482} INFO - 0 downstream tasks scheduled from follow-on schedule check
[2025-07-31T21:01:24.751+0000] {local_task_job_runner.py:222} INFO - ::endgroup::
