[2025-07-29T21:48:18.337+0000] {local_task_job_runner.py:120} INFO - ::group::Pre task execution logs
[2025-07-29T21:48:18.392+0000] {taskinstance.py:2073} INFO - Dependencies all met for dep_context=non-requeueable deps ti=<TaskInstance: training_pipeline.process_data triggered_by_drift_20250729_214800 [queued]>
[2025-07-29T21:48:18.405+0000] {taskinstance.py:2073} INFO - Dependencies all met for dep_context=requeueable deps ti=<TaskInstance: training_pipeline.process_data triggered_by_drift_20250729_214800 [queued]>
[2025-07-29T21:48:18.419+0000] {taskinstance.py:2303} INFO - Starting attempt 1 of 4
[2025-07-29T21:48:18.439+0000] {taskinstance.py:2327} INFO - Executing <Task(PythonOperator): process_data> on 2025-07-29 21:48:00+00:00
[2025-07-29T21:48:18.459+0000] {standard_task_runner.py:90} INFO - Running: ['***', 'tasks', 'run', 'training_pipeline', 'process_data', 'triggered_by_drift_20250729_214800', '--job-id', '35', '--raw', '--subdir', 'DAGS_FOLDER/training_pipeline.py', '--cfg-path', '/tmp/tmpduchm3az']
[2025-07-29T21:48:18.465+0000] {standard_task_runner.py:91} INFO - Job 35: Subtask process_data
[2025-07-29T21:48:18.465+0000] {logging_mixin.py:188} WARNING - /home/***/.local/lib/python3.12/site-packages/***/task/task_runner/standard_task_runner.py:61 DeprecationWarning: This process (pid=16036) is multi-threaded, use of fork() may lead to deadlocks in the child.
[2025-07-29T21:48:18.466+0000] {standard_task_runner.py:63} INFO - Started process 16072 to run task
[2025-07-29T21:48:18.486+0000] {logging_mixin.py:188} WARNING - /home/***/.local/lib/python3.12/site-packages/***/settings.py:195 DeprecationWarning: The sql_alchemy_conn option in [core] has been moved to the sql_alchemy_conn option in [database] - the old setting has been used, but please update your config.
[2025-07-29T21:48:18.536+0000] {task_command.py:426} INFO - Running <TaskInstance: training_pipeline.process_data triggered_by_drift_20250729_214800 [running]> on host d78ad09e75e4
[2025-07-29T21:48:18.745+0000] {taskinstance.py:2644} INFO - Exporting env vars: AIRFLOW_CTX_DAG_EMAIL='mlops_team@example.com' AIRFLOW_CTX_DAG_OWNER='mlops' AIRFLOW_CTX_DAG_ID='training_pipeline' AIRFLOW_CTX_TASK_ID='process_data' AIRFLOW_CTX_EXECUTION_DATE='2025-07-29T21:48:00+00:00' AIRFLOW_CTX_TRY_NUMBER='1' AIRFLOW_CTX_DAG_RUN_ID='triggered_by_drift_20250729_214800'
[2025-07-29T21:48:18.747+0000] {taskinstance.py:430} INFO - ::endgroup::
[2025-07-29T21:48:18.940+0000] {data_processing.py:40} INFO - Loaded 11560 records from S3: data/historical_BTC_USD_20250328000000.csv
[2025-07-29T21:48:18.995+0000] {data_processing.py:40} INFO - Loaded 11559 records from S3: data/historical_BTC_USD_20250328080000.csv
[2025-07-29T21:48:19.029+0000] {data_processing.py:40} INFO - Loaded 8669 records from S3: data/historical_BTC_USD_20250729180000.csv
[2025-07-29T21:48:19.072+0000] {data_processing.py:40} INFO - Loaded 8669 records from S3: data/historical_BTC_USD_20250729190000.csv
[2025-07-29T21:48:19.089+0000] {data_processing.py:40} INFO - Loaded 288 records from S3: data/historical_BTC_USD_20250729195030.csv
[2025-07-29T21:48:19.148+0000] {data_processing.py:40} INFO - Loaded 8640 records from S3: data/historical_BTC_USD_20250729195705.csv
[2025-07-29T21:48:19.196+0000] {data_processing.py:40} INFO - Loaded 8669 records from S3: data/historical_BTC_USD_20250729200000.csv
[2025-07-29T21:48:19.244+0000] {data_processing.py:40} INFO - Loaded 8640 records from S3: data/historical_BTC_USD_20250729200813.csv
[2025-07-29T21:48:19.265+0000] {logging_mixin.py:188} WARNING - /opt/***/src/data_processing.py:39 UserWarning: Could not infer format, so each element will be parsed individually, falling back to `dateutil`. To ensure parsing is consistent and as-expected, please specify a format.
[2025-07-29T21:48:19.267+0000] {data_processing.py:40} INFO - Loaded 288 records from S3: data/historical_BTC_USD_20250729202101.csv
[2025-07-29T21:48:19.301+0000] {data_processing.py:40} INFO - Loaded 288 records from S3: data/historical_BTC_USD_20250729202646.csv
[2025-07-29T21:48:19.334+0000] {data_processing.py:40} INFO - Loaded 288 records from S3: data/historical_BTC_USD_20250729202706.csv
[2025-07-29T21:48:19.366+0000] {data_processing.py:40} INFO - Loaded 288 records from S3: data/historical_BTC_USD_20250729202727.csv
[2025-07-29T21:48:19.396+0000] {data_processing.py:40} INFO - Loaded 288 records from S3: data/historical_BTC_USD_20250729202748.csv
[2025-07-29T21:48:19.425+0000] {data_processing.py:40} INFO - Loaded 287 records from S3: data/historical_BTC_USD_20250729203009.csv
[2025-07-29T21:48:19.452+0000] {data_processing.py:40} INFO - Loaded 288 records from S3: data/historical_BTC_USD_20250729203104.csv
[2025-07-29T21:48:19.480+0000] {data_processing.py:40} INFO - Loaded 288 records from S3: data/historical_BTC_USD_20250729203305.csv
[2025-07-29T21:48:19.525+0000] {data_processing.py:40} INFO - Loaded 288 records from S3: data/historical_BTC_USD_20250729204321.csv
[2025-07-29T21:48:19.559+0000] {data_processing.py:40} INFO - Loaded 288 records from S3: data/historical_BTC_USD_20250729204818.csv
[2025-07-29T21:48:19.618+0000] {data_processing.py:40} INFO - Loaded 288 records from S3: data/historical_BTC_USD_20250729205156.csv
[2025-07-29T21:48:19.646+0000] {data_processing.py:40} INFO - Loaded 288 records from S3: data/historical_BTC_USD_20250729205510.csv
[2025-07-29T21:48:19.677+0000] {data_processing.py:40} INFO - Loaded 288 records from S3: data/historical_BTC_USD_20250729205654.csv
[2025-07-29T21:48:19.735+0000] {data_processing.py:40} INFO - Loaded 288 records from S3: data/historical_BTC_USD_20250729210406.csv
[2025-07-29T21:48:19.784+0000] {data_processing.py:40} INFO - Loaded 8640 records from S3: data/historical_BTC_USD_20250729214756.csv
[2025-07-29T21:48:19.810+0000] {data_processing.py:40} INFO - Loaded 288 records from S3: data/historical_BTC_USD_20250729214812.csv
[2025-07-29T21:48:19.833+0000] {data_processing.py:84} INFO - Combined 20303 records for BTC-USD
[2025-07-29T21:48:20.228+0000] {data_processing.py:162} INFO - Removed 50 rows with NaN values. Final shape: (20253, 84)
[2025-07-29T21:48:20.255+0000] {logging_mixin.py:188} WARNING - /opt/***/src/data_processing.py:230 FutureWarning: DataFrame.fillna with 'method' is deprecated and will raise in a future version. Use obj.ffill() or obj.bfill() instead.
[2025-07-29T21:48:20.389+0000] {logging_mixin.py:188} WARNING - /opt/***/src/data_processing.py:177 FutureWarning: DataFrame.fillna with 'method' is deprecated and will raise in a future version. Use obj.ffill() or obj.bfill() instead.
[2025-07-29T21:48:20.422+0000] {data_processing.py:179} INFO - Prepared features: (20253, 80), Target: (20253,)
[2025-07-29T21:48:20.423+0000] {data_processing.py:180} INFO - Feature columns: 80
[2025-07-29T21:48:20.526+0000] {data_processing.py:202} INFO - Saved preprocessor to S3: s3://crypto-mlops-bucket/models/preprocessors/scaler_BTC_USD.pickle
[2025-07-29T21:48:20.534+0000] {python.py:237} INFO - Done. Returned value was: None
[2025-07-29T21:48:20.536+0000] {taskinstance.py:441} INFO - ::group::Post task execution logs
[2025-07-29T21:48:20.559+0000] {taskinstance.py:1205} INFO - Marking task as SUCCESS. dag_id=training_pipeline, task_id=process_data, execution_date=20250729T214800, start_date=20250729T214818, end_date=20250729T214820
[2025-07-29T21:48:20.671+0000] {local_task_job_runner.py:240} INFO - Task exited with return code 0
[2025-07-29T21:48:20.727+0000] {taskinstance.py:3482} INFO - 1 downstream tasks scheduled from follow-on schedule check
[2025-07-29T21:48:20.762+0000] {local_task_job_runner.py:222} INFO - ::endgroup::
