[2025-07-27T19:39:55.624+0000] {local_task_job_runner.py:120} INFO - ::group::Pre task execution logs
[2025-07-27T19:39:55.671+0000] {taskinstance.py:2073} INFO - Dependencies all met for dep_context=non-requeueable deps ti=<TaskInstance: training_pipeline.ingest_data manual__2025-07-27T19:39:47.868958+00:00 [queued]>
[2025-07-27T19:39:55.684+0000] {taskinstance.py:2073} INFO - Dependencies all met for dep_context=requeueable deps ti=<TaskInstance: training_pipeline.ingest_data manual__2025-07-27T19:39:47.868958+00:00 [queued]>
[2025-07-27T19:39:55.717+0000] {taskinstance.py:2303} INFO - Starting attempt 1 of 4
[2025-07-27T19:39:55.736+0000] {taskinstance.py:2327} INFO - Executing <Task(PythonOperator): ingest_data> on 2025-07-27 19:39:47.868958+00:00
[2025-07-27T19:39:55.756+0000] {standard_task_runner.py:90} INFO - Running: ['***', 'tasks', 'run', 'training_pipeline', 'ingest_data', 'manual__2025-07-27T19:39:47.868958+00:00', '--job-id', '3', '--raw', '--subdir', 'DAGS_FOLDER/training_pipeline.py', '--cfg-path', '/tmp/tmpkvkmyz9l']
[2025-07-27T19:39:55.758+0000] {logging_mixin.py:188} WARNING - /home/***/.local/lib/python3.12/site-packages/***/task/task_runner/standard_task_runner.py:61 DeprecationWarning: This process (pid=327) is multi-threaded, use of fork() may lead to deadlocks in the child.
[2025-07-27T19:39:55.760+0000] {standard_task_runner.py:91} INFO - Job 3: Subtask ingest_data
[2025-07-27T19:39:55.761+0000] {standard_task_runner.py:63} INFO - Started process 346 to run task
[2025-07-27T19:39:55.782+0000] {logging_mixin.py:188} WARNING - /home/***/.local/lib/python3.12/site-packages/***/settings.py:195 DeprecationWarning: The sql_alchemy_conn option in [core] has been moved to the sql_alchemy_conn option in [database] - the old setting has been used, but please update your config.
[2025-07-27T19:39:55.835+0000] {task_command.py:426} INFO - Running <TaskInstance: training_pipeline.ingest_data manual__2025-07-27T19:39:47.868958+00:00 [running]> on host d1e83e43e29f
[2025-07-27T19:39:55.954+0000] {taskinstance.py:2644} INFO - Exporting env vars: AIRFLOW_CTX_DAG_EMAIL='mlops_team@example.com' AIRFLOW_CTX_DAG_OWNER='mlops' AIRFLOW_CTX_DAG_ID='training_pipeline' AIRFLOW_CTX_TASK_ID='ingest_data' AIRFLOW_CTX_EXECUTION_DATE='2025-07-27T19:39:47.868958+00:00' AIRFLOW_CTX_TRY_NUMBER='1' AIRFLOW_CTX_DAG_RUN_ID='manual__2025-07-27T19:39:47.868958+00:00'
[2025-07-27T19:39:55.956+0000] {taskinstance.py:430} INFO - ::endgroup::
[2025-07-27T19:39:56.185+0000] {data_ingestion.py:62} INFO - Fetched 288 candles for BTC-USD from 2025-07-26 19:39:55.986118 to 2025-07-27 19:39:55.986118
[2025-07-27T19:39:56.565+0000] {data_ingestion.py:103} INFO - Saved data to S3: s3://crypto-mlops-bucket/data/historical_BTC_USD_20250727193956.csv
[2025-07-27T19:39:56.767+0000] {data_ingestion.py:62} INFO - Fetched 288 candles for ETH-USD from 2025-07-26 19:39:55.986118 to 2025-07-27 19:39:55.986118
[2025-07-27T19:39:56.799+0000] {data_ingestion.py:103} INFO - Saved data to S3: s3://crypto-mlops-bucket/data/historical_ETH_USD_20250727193956.csv
[2025-07-27T19:39:56.800+0000] {python.py:237} INFO - Done. Returned value was: None
[2025-07-27T19:39:56.802+0000] {taskinstance.py:441} INFO - ::group::Post task execution logs
[2025-07-27T19:39:56.822+0000] {taskinstance.py:1205} INFO - Marking task as SUCCESS. dag_id=training_pipeline, task_id=ingest_data, execution_date=20250727T193947, start_date=20250727T193955, end_date=20250727T193956
[2025-07-27T19:39:56.893+0000] {local_task_job_runner.py:240} INFO - Task exited with return code 0
[2025-07-27T19:39:56.925+0000] {taskinstance.py:3482} INFO - 1 downstream tasks scheduled from follow-on schedule check
[2025-07-27T19:39:56.960+0000] {local_task_job_runner.py:222} INFO - ::endgroup::
