[2025-07-30T00:07:40.857+0000] {local_task_job_runner.py:120} INFO - ::group::Pre task execution logs
[2025-07-30T00:07:40.901+0000] {taskinstance.py:2073} INFO - Dependencies all met for dep_context=non-requeueable deps ti=<TaskInstance: preprocessing_hourly.preprocess_and_predict scheduled__2025-07-29T23:00:00+00:00 [queued]>
[2025-07-30T00:07:40.914+0000] {taskinstance.py:2073} INFO - Dependencies all met for dep_context=requeueable deps ti=<TaskInstance: preprocessing_hourly.preprocess_and_predict scheduled__2025-07-29T23:00:00+00:00 [queued]>
[2025-07-30T00:07:40.915+0000] {taskinstance.py:2303} INFO - Starting attempt 2 of 2
[2025-07-30T00:07:40.934+0000] {taskinstance.py:2327} INFO - Executing <Task(PythonOperator): preprocess_and_predict> on 2025-07-29 23:00:00+00:00
[2025-07-30T00:07:40.957+0000] {logging_mixin.py:188} WARNING - /home/***/.local/lib/python3.12/site-packages/***/task/task_runner/standard_task_runner.py:61 DeprecationWarning: This process (pid=1462) is multi-threaded, use of fork() may lead to deadlocks in the child.
[2025-07-30T00:07:40.956+0000] {standard_task_runner.py:90} INFO - Running: ['***', 'tasks', 'run', 'preprocessing_hourly', 'preprocess_and_predict', 'scheduled__2025-07-29T23:00:00+00:00', '--job-id', '43', '--raw', '--subdir', 'DAGS_FOLDER/hourly_inference.py', '--cfg-path', '/tmp/tmpetkl_qk6']
[2025-07-30T00:07:40.959+0000] {standard_task_runner.py:63} INFO - Started process 1527 to run task
[2025-07-30T00:07:40.960+0000] {standard_task_runner.py:91} INFO - Job 43: Subtask preprocess_and_predict
[2025-07-30T00:07:40.978+0000] {logging_mixin.py:188} WARNING - /home/***/.local/lib/python3.12/site-packages/***/settings.py:195 DeprecationWarning: The sql_alchemy_conn option in [core] has been moved to the sql_alchemy_conn option in [database] - the old setting has been used, but please update your config.
[2025-07-30T00:07:41.055+0000] {task_command.py:426} INFO - Running <TaskInstance: preprocessing_hourly.preprocess_and_predict scheduled__2025-07-29T23:00:00+00:00 [running]> on host d78ad09e75e4
[2025-07-30T00:07:41.204+0000] {taskinstance.py:2644} INFO - Exporting env vars: AIRFLOW_CTX_DAG_OWNER='mlops' AIRFLOW_CTX_DAG_ID='preprocessing_hourly' AIRFLOW_CTX_TASK_ID='preprocess_and_predict' AIRFLOW_CTX_EXECUTION_DATE='2025-07-29T23:00:00+00:00' AIRFLOW_CTX_TRY_NUMBER='2' AIRFLOW_CTX_DAG_RUN_ID='scheduled__2025-07-29T23:00:00+00:00'
[2025-07-30T00:07:41.206+0000] {taskinstance.py:430} INFO - ::endgroup::
[2025-07-30T00:07:41.236+0000] {logging_mixin.py:188} WARNING - /home/***/.local/lib/python3.12/site-packages/***/utils/context.py:320 AirflowContextDeprecationWarning: Accessing 'execution_date' from the template is deprecated and will be removed in a future version. Please use 'data_interval_start' or 'logical_date' instead.
[2025-07-30T00:07:41.237+0000] {hourly_inference.py:70} INFO - [DEBUG] Execution date: 2025-07-29 23:00:00+00:00 (type=<class 'Proxy'>)
[2025-07-30T00:07:41.279+0000] {hourly_inference.py:58} INFO - Bucket crypto-mlops-bucket exists
[2025-07-30T00:07:41.305+0000] {data_ingestion.py:42} INFO - current_start: 2025-06-29 23:00:00+00:00, current_end: 2025-07-01 00:00:00+00:00
[2025-07-30T00:07:41.495+0000] {data_ingestion.py:62} INFO - Fetched 301 candles for BTC-USD from 2025-06-29 23:00:00+00:00 to 2025-07-01 00:00:00+00:00
[2025-07-30T00:07:41.497+0000] {data_ingestion.py:42} INFO - current_start: 2025-07-01 00:00:00+00:00, current_end: 2025-07-02 01:00:00+00:00
[2025-07-30T00:07:41.929+0000] {data_ingestion.py:62} INFO - Fetched 301 candles for BTC-USD from 2025-07-01 00:00:00+00:00 to 2025-07-02 01:00:00+00:00
[2025-07-30T00:07:41.932+0000] {data_ingestion.py:42} INFO - current_start: 2025-07-02 01:00:00+00:00, current_end: 2025-07-03 02:00:00+00:00
[2025-07-30T00:07:42.092+0000] {data_ingestion.py:62} INFO - Fetched 301 candles for BTC-USD from 2025-07-02 01:00:00+00:00 to 2025-07-03 02:00:00+00:00
[2025-07-30T00:07:42.094+0000] {data_ingestion.py:42} INFO - current_start: 2025-07-03 02:00:00+00:00, current_end: 2025-07-04 03:00:00+00:00
[2025-07-30T00:07:42.288+0000] {data_ingestion.py:62} INFO - Fetched 301 candles for BTC-USD from 2025-07-03 02:00:00+00:00 to 2025-07-04 03:00:00+00:00
[2025-07-30T00:07:42.290+0000] {data_ingestion.py:42} INFO - current_start: 2025-07-04 03:00:00+00:00, current_end: 2025-07-05 04:00:00+00:00
[2025-07-30T00:07:42.480+0000] {data_ingestion.py:62} INFO - Fetched 301 candles for BTC-USD from 2025-07-04 03:00:00+00:00 to 2025-07-05 04:00:00+00:00
[2025-07-30T00:07:42.482+0000] {data_ingestion.py:42} INFO - current_start: 2025-07-05 04:00:00+00:00, current_end: 2025-07-06 05:00:00+00:00
[2025-07-30T00:07:42.663+0000] {data_ingestion.py:62} INFO - Fetched 301 candles for BTC-USD from 2025-07-05 04:00:00+00:00 to 2025-07-06 05:00:00+00:00
[2025-07-30T00:07:42.665+0000] {data_ingestion.py:42} INFO - current_start: 2025-07-06 05:00:00+00:00, current_end: 2025-07-07 06:00:00+00:00
[2025-07-30T00:07:42.859+0000] {data_ingestion.py:62} INFO - Fetched 301 candles for BTC-USD from 2025-07-06 05:00:00+00:00 to 2025-07-07 06:00:00+00:00
[2025-07-30T00:07:42.861+0000] {data_ingestion.py:42} INFO - current_start: 2025-07-07 06:00:00+00:00, current_end: 2025-07-08 07:00:00+00:00
[2025-07-30T00:07:43.046+0000] {data_ingestion.py:62} INFO - Fetched 301 candles for BTC-USD from 2025-07-07 06:00:00+00:00 to 2025-07-08 07:00:00+00:00
[2025-07-30T00:07:43.048+0000] {data_ingestion.py:42} INFO - current_start: 2025-07-08 07:00:00+00:00, current_end: 2025-07-09 08:00:00+00:00
[2025-07-30T00:07:43.244+0000] {data_ingestion.py:62} INFO - Fetched 301 candles for BTC-USD from 2025-07-08 07:00:00+00:00 to 2025-07-09 08:00:00+00:00
[2025-07-30T00:07:43.246+0000] {data_ingestion.py:42} INFO - current_start: 2025-07-09 08:00:00+00:00, current_end: 2025-07-10 09:00:00+00:00
[2025-07-30T00:07:43.445+0000] {data_ingestion.py:62} INFO - Fetched 301 candles for BTC-USD from 2025-07-09 08:00:00+00:00 to 2025-07-10 09:00:00+00:00
[2025-07-30T00:07:43.447+0000] {data_ingestion.py:42} INFO - current_start: 2025-07-10 09:00:00+00:00, current_end: 2025-07-11 10:00:00+00:00
[2025-07-30T00:07:43.900+0000] {data_ingestion.py:62} INFO - Fetched 301 candles for BTC-USD from 2025-07-10 09:00:00+00:00 to 2025-07-11 10:00:00+00:00
[2025-07-30T00:07:43.902+0000] {data_ingestion.py:42} INFO - current_start: 2025-07-11 10:00:00+00:00, current_end: 2025-07-12 11:00:00+00:00
[2025-07-30T00:07:44.061+0000] {data_ingestion.py:62} INFO - Fetched 301 candles for BTC-USD from 2025-07-11 10:00:00+00:00 to 2025-07-12 11:00:00+00:00
[2025-07-30T00:07:44.063+0000] {data_ingestion.py:42} INFO - current_start: 2025-07-12 11:00:00+00:00, current_end: 2025-07-13 12:00:00+00:00
[2025-07-30T00:07:44.454+0000] {data_ingestion.py:62} INFO - Fetched 301 candles for BTC-USD from 2025-07-12 11:00:00+00:00 to 2025-07-13 12:00:00+00:00
[2025-07-30T00:07:44.456+0000] {data_ingestion.py:42} INFO - current_start: 2025-07-13 12:00:00+00:00, current_end: 2025-07-14 13:00:00+00:00
[2025-07-30T00:07:44.637+0000] {data_ingestion.py:62} INFO - Fetched 301 candles for BTC-USD from 2025-07-13 12:00:00+00:00 to 2025-07-14 13:00:00+00:00
[2025-07-30T00:07:44.640+0000] {data_ingestion.py:42} INFO - current_start: 2025-07-14 13:00:00+00:00, current_end: 2025-07-15 14:00:00+00:00
[2025-07-30T00:07:44.823+0000] {data_ingestion.py:62} INFO - Fetched 301 candles for BTC-USD from 2025-07-14 13:00:00+00:00 to 2025-07-15 14:00:00+00:00
[2025-07-30T00:07:44.825+0000] {data_ingestion.py:42} INFO - current_start: 2025-07-15 14:00:00+00:00, current_end: 2025-07-16 15:00:00+00:00
[2025-07-30T00:07:45.010+0000] {data_ingestion.py:62} INFO - Fetched 301 candles for BTC-USD from 2025-07-15 14:00:00+00:00 to 2025-07-16 15:00:00+00:00
[2025-07-30T00:07:45.012+0000] {data_ingestion.py:42} INFO - current_start: 2025-07-16 15:00:00+00:00, current_end: 2025-07-17 16:00:00+00:00
[2025-07-30T00:07:45.198+0000] {data_ingestion.py:62} INFO - Fetched 301 candles for BTC-USD from 2025-07-16 15:00:00+00:00 to 2025-07-17 16:00:00+00:00
[2025-07-30T00:07:45.201+0000] {data_ingestion.py:42} INFO - current_start: 2025-07-17 16:00:00+00:00, current_end: 2025-07-18 17:00:00+00:00
[2025-07-30T00:07:45.403+0000] {data_ingestion.py:62} INFO - Fetched 301 candles for BTC-USD from 2025-07-17 16:00:00+00:00 to 2025-07-18 17:00:00+00:00
[2025-07-30T00:07:45.405+0000] {data_ingestion.py:42} INFO - current_start: 2025-07-18 17:00:00+00:00, current_end: 2025-07-19 18:00:00+00:00
[2025-07-30T00:07:45.600+0000] {data_ingestion.py:62} INFO - Fetched 301 candles for BTC-USD from 2025-07-18 17:00:00+00:00 to 2025-07-19 18:00:00+00:00
[2025-07-30T00:07:45.602+0000] {data_ingestion.py:42} INFO - current_start: 2025-07-19 18:00:00+00:00, current_end: 2025-07-20 19:00:00+00:00
[2025-07-30T00:07:45.783+0000] {data_ingestion.py:62} INFO - Fetched 301 candles for BTC-USD from 2025-07-19 18:00:00+00:00 to 2025-07-20 19:00:00+00:00
[2025-07-30T00:07:45.785+0000] {data_ingestion.py:42} INFO - current_start: 2025-07-20 19:00:00+00:00, current_end: 2025-07-21 20:00:00+00:00
[2025-07-30T00:07:46.245+0000] {data_ingestion.py:62} INFO - Fetched 301 candles for BTC-USD from 2025-07-20 19:00:00+00:00 to 2025-07-21 20:00:00+00:00
[2025-07-30T00:07:46.248+0000] {data_ingestion.py:42} INFO - current_start: 2025-07-21 20:00:00+00:00, current_end: 2025-07-22 21:00:00+00:00
[2025-07-30T00:07:46.444+0000] {data_ingestion.py:62} INFO - Fetched 301 candles for BTC-USD from 2025-07-21 20:00:00+00:00 to 2025-07-22 21:00:00+00:00
[2025-07-30T00:07:46.446+0000] {data_ingestion.py:42} INFO - current_start: 2025-07-22 21:00:00+00:00, current_end: 2025-07-23 22:00:00+00:00
[2025-07-30T00:07:46.611+0000] {data_ingestion.py:62} INFO - Fetched 301 candles for BTC-USD from 2025-07-22 21:00:00+00:00 to 2025-07-23 22:00:00+00:00
[2025-07-30T00:07:46.613+0000] {data_ingestion.py:42} INFO - current_start: 2025-07-23 22:00:00+00:00, current_end: 2025-07-24 23:00:00+00:00
[2025-07-30T00:07:46.805+0000] {data_ingestion.py:62} INFO - Fetched 301 candles for BTC-USD from 2025-07-23 22:00:00+00:00 to 2025-07-24 23:00:00+00:00
[2025-07-30T00:07:46.807+0000] {data_ingestion.py:42} INFO - current_start: 2025-07-24 23:00:00+00:00, current_end: 2025-07-26 00:00:00+00:00
[2025-07-30T00:07:46.996+0000] {data_ingestion.py:62} INFO - Fetched 301 candles for BTC-USD from 2025-07-24 23:00:00+00:00 to 2025-07-26 00:00:00+00:00
[2025-07-30T00:07:46.998+0000] {data_ingestion.py:42} INFO - current_start: 2025-07-26 00:00:00+00:00, current_end: 2025-07-27 01:00:00+00:00
[2025-07-30T00:07:47.205+0000] {data_ingestion.py:62} INFO - Fetched 301 candles for BTC-USD from 2025-07-26 00:00:00+00:00 to 2025-07-27 01:00:00+00:00
[2025-07-30T00:07:47.207+0000] {data_ingestion.py:42} INFO - current_start: 2025-07-27 01:00:00+00:00, current_end: 2025-07-28 02:00:00+00:00
[2025-07-30T00:07:47.390+0000] {data_ingestion.py:62} INFO - Fetched 301 candles for BTC-USD from 2025-07-27 01:00:00+00:00 to 2025-07-28 02:00:00+00:00
[2025-07-30T00:07:47.391+0000] {data_ingestion.py:42} INFO - current_start: 2025-07-28 02:00:00+00:00, current_end: 2025-07-29 03:00:00+00:00
[2025-07-30T00:07:47.815+0000] {data_ingestion.py:62} INFO - Fetched 301 candles for BTC-USD from 2025-07-28 02:00:00+00:00 to 2025-07-29 03:00:00+00:00
[2025-07-30T00:07:47.817+0000] {data_ingestion.py:42} INFO - current_start: 2025-07-29 03:00:00+00:00, current_end: 2025-07-29 23:00:00+00:00
[2025-07-30T00:07:47.976+0000] {data_ingestion.py:62} INFO - Fetched 241 candles for BTC-USD from 2025-07-29 03:00:00+00:00 to 2025-07-29 23:00:00+00:00
[2025-07-30T00:07:48.117+0000] {data_ingestion.py:104} INFO - Saved data to S3: s3://crypto-mlops-bucket/data/historical_BTC_USD_20250729230000.csv
[2025-07-30T00:07:48.120+0000] {data_ingestion.py:42} INFO - current_start: 2025-06-29 23:00:00+00:00, current_end: 2025-07-01 00:00:00+00:00
[2025-07-30T00:07:48.328+0000] {data_ingestion.py:62} INFO - Fetched 301 candles for ETH-USD from 2025-06-29 23:00:00+00:00 to 2025-07-01 00:00:00+00:00
[2025-07-30T00:07:48.329+0000] {data_ingestion.py:42} INFO - current_start: 2025-07-01 00:00:00+00:00, current_end: 2025-07-02 01:00:00+00:00
[2025-07-30T00:07:48.510+0000] {data_ingestion.py:62} INFO - Fetched 301 candles for ETH-USD from 2025-07-01 00:00:00+00:00 to 2025-07-02 01:00:00+00:00
[2025-07-30T00:07:48.511+0000] {data_ingestion.py:42} INFO - current_start: 2025-07-02 01:00:00+00:00, current_end: 2025-07-03 02:00:00+00:00
[2025-07-30T00:07:48.688+0000] {data_ingestion.py:62} INFO - Fetched 301 candles for ETH-USD from 2025-07-02 01:00:00+00:00 to 2025-07-03 02:00:00+00:00
[2025-07-30T00:07:48.689+0000] {data_ingestion.py:42} INFO - current_start: 2025-07-03 02:00:00+00:00, current_end: 2025-07-04 03:00:00+00:00
[2025-07-30T00:07:48.865+0000] {data_ingestion.py:62} INFO - Fetched 301 candles for ETH-USD from 2025-07-03 02:00:00+00:00 to 2025-07-04 03:00:00+00:00
[2025-07-30T00:07:48.867+0000] {data_ingestion.py:42} INFO - current_start: 2025-07-04 03:00:00+00:00, current_end: 2025-07-05 04:00:00+00:00
[2025-07-30T00:07:49.254+0000] {data_ingestion.py:62} INFO - Fetched 301 candles for ETH-USD from 2025-07-04 03:00:00+00:00 to 2025-07-05 04:00:00+00:00
[2025-07-30T00:07:49.256+0000] {data_ingestion.py:42} INFO - current_start: 2025-07-05 04:00:00+00:00, current_end: 2025-07-06 05:00:00+00:00
[2025-07-30T00:07:49.407+0000] {data_ingestion.py:62} INFO - Fetched 301 candles for ETH-USD from 2025-07-05 04:00:00+00:00 to 2025-07-06 05:00:00+00:00
[2025-07-30T00:07:49.409+0000] {data_ingestion.py:42} INFO - current_start: 2025-07-06 05:00:00+00:00, current_end: 2025-07-07 06:00:00+00:00
[2025-07-30T00:07:49.608+0000] {data_ingestion.py:62} INFO - Fetched 301 candles for ETH-USD from 2025-07-06 05:00:00+00:00 to 2025-07-07 06:00:00+00:00
[2025-07-30T00:07:49.610+0000] {data_ingestion.py:42} INFO - current_start: 2025-07-07 06:00:00+00:00, current_end: 2025-07-08 07:00:00+00:00
[2025-07-30T00:07:49.777+0000] {data_ingestion.py:62} INFO - Fetched 301 candles for ETH-USD from 2025-07-07 06:00:00+00:00 to 2025-07-08 07:00:00+00:00
[2025-07-30T00:07:49.779+0000] {data_ingestion.py:42} INFO - current_start: 2025-07-08 07:00:00+00:00, current_end: 2025-07-09 08:00:00+00:00
[2025-07-30T00:07:49.954+0000] {data_ingestion.py:62} INFO - Fetched 301 candles for ETH-USD from 2025-07-08 07:00:00+00:00 to 2025-07-09 08:00:00+00:00
[2025-07-30T00:07:49.956+0000] {data_ingestion.py:42} INFO - current_start: 2025-07-09 08:00:00+00:00, current_end: 2025-07-10 09:00:00+00:00
[2025-07-30T00:07:50.141+0000] {data_ingestion.py:62} INFO - Fetched 301 candles for ETH-USD from 2025-07-09 08:00:00+00:00 to 2025-07-10 09:00:00+00:00
[2025-07-30T00:07:50.142+0000] {data_ingestion.py:42} INFO - current_start: 2025-07-10 09:00:00+00:00, current_end: 2025-07-11 10:00:00+00:00
[2025-07-30T00:07:50.337+0000] {data_ingestion.py:62} INFO - Fetched 301 candles for ETH-USD from 2025-07-10 09:00:00+00:00 to 2025-07-11 10:00:00+00:00
[2025-07-30T00:07:50.338+0000] {data_ingestion.py:42} INFO - current_start: 2025-07-11 10:00:00+00:00, current_end: 2025-07-12 11:00:00+00:00
[2025-07-30T00:07:50.524+0000] {data_ingestion.py:62} INFO - Fetched 301 candles for ETH-USD from 2025-07-11 10:00:00+00:00 to 2025-07-12 11:00:00+00:00
[2025-07-30T00:07:50.526+0000] {data_ingestion.py:42} INFO - current_start: 2025-07-12 11:00:00+00:00, current_end: 2025-07-13 12:00:00+00:00
[2025-07-30T00:07:50.710+0000] {data_ingestion.py:62} INFO - Fetched 301 candles for ETH-USD from 2025-07-12 11:00:00+00:00 to 2025-07-13 12:00:00+00:00
[2025-07-30T00:07:50.712+0000] {data_ingestion.py:42} INFO - current_start: 2025-07-13 12:00:00+00:00, current_end: 2025-07-14 13:00:00+00:00
[2025-07-30T00:07:51.100+0000] {data_ingestion.py:62} INFO - Fetched 301 candles for ETH-USD from 2025-07-13 12:00:00+00:00 to 2025-07-14 13:00:00+00:00
[2025-07-30T00:07:51.102+0000] {data_ingestion.py:42} INFO - current_start: 2025-07-14 13:00:00+00:00, current_end: 2025-07-15 14:00:00+00:00
[2025-07-30T00:07:51.256+0000] {data_ingestion.py:62} INFO - Fetched 301 candles for ETH-USD from 2025-07-14 13:00:00+00:00 to 2025-07-15 14:00:00+00:00
[2025-07-30T00:07:51.258+0000] {data_ingestion.py:42} INFO - current_start: 2025-07-15 14:00:00+00:00, current_end: 2025-07-16 15:00:00+00:00
[2025-07-30T00:07:51.452+0000] {data_ingestion.py:62} INFO - Fetched 301 candles for ETH-USD from 2025-07-15 14:00:00+00:00 to 2025-07-16 15:00:00+00:00
[2025-07-30T00:07:51.453+0000] {data_ingestion.py:42} INFO - current_start: 2025-07-16 15:00:00+00:00, current_end: 2025-07-17 16:00:00+00:00
[2025-07-30T00:07:51.610+0000] {data_ingestion.py:62} INFO - Fetched 301 candles for ETH-USD from 2025-07-16 15:00:00+00:00 to 2025-07-17 16:00:00+00:00
[2025-07-30T00:07:51.612+0000] {data_ingestion.py:42} INFO - current_start: 2025-07-17 16:00:00+00:00, current_end: 2025-07-18 17:00:00+00:00
[2025-07-30T00:07:51.768+0000] {data_ingestion.py:62} INFO - Fetched 301 candles for ETH-USD from 2025-07-17 16:00:00+00:00 to 2025-07-18 17:00:00+00:00
[2025-07-30T00:07:51.770+0000] {data_ingestion.py:42} INFO - current_start: 2025-07-18 17:00:00+00:00, current_end: 2025-07-19 18:00:00+00:00
[2025-07-30T00:07:51.927+0000] {data_ingestion.py:62} INFO - Fetched 301 candles for ETH-USD from 2025-07-18 17:00:00+00:00 to 2025-07-19 18:00:00+00:00
[2025-07-30T00:07:51.929+0000] {data_ingestion.py:42} INFO - current_start: 2025-07-19 18:00:00+00:00, current_end: 2025-07-20 19:00:00+00:00
[2025-07-30T00:07:52.117+0000] {data_ingestion.py:62} INFO - Fetched 301 candles for ETH-USD from 2025-07-19 18:00:00+00:00 to 2025-07-20 19:00:00+00:00
[2025-07-30T00:07:52.119+0000] {data_ingestion.py:42} INFO - current_start: 2025-07-20 19:00:00+00:00, current_end: 2025-07-21 20:00:00+00:00
[2025-07-30T00:07:52.307+0000] {data_ingestion.py:62} INFO - Fetched 301 candles for ETH-USD from 2025-07-20 19:00:00+00:00 to 2025-07-21 20:00:00+00:00
[2025-07-30T00:07:52.308+0000] {data_ingestion.py:42} INFO - current_start: 2025-07-21 20:00:00+00:00, current_end: 2025-07-22 21:00:00+00:00
[2025-07-30T00:07:52.488+0000] {data_ingestion.py:62} INFO - Fetched 301 candles for ETH-USD from 2025-07-21 20:00:00+00:00 to 2025-07-22 21:00:00+00:00
[2025-07-30T00:07:52.490+0000] {data_ingestion.py:42} INFO - current_start: 2025-07-22 21:00:00+00:00, current_end: 2025-07-23 22:00:00+00:00
[2025-07-30T00:07:52.670+0000] {data_ingestion.py:62} INFO - Fetched 301 candles for ETH-USD from 2025-07-22 21:00:00+00:00 to 2025-07-23 22:00:00+00:00
[2025-07-30T00:07:52.672+0000] {data_ingestion.py:42} INFO - current_start: 2025-07-23 22:00:00+00:00, current_end: 2025-07-24 23:00:00+00:00
[2025-07-30T00:07:52.832+0000] {data_ingestion.py:62} INFO - Fetched 301 candles for ETH-USD from 2025-07-23 22:00:00+00:00 to 2025-07-24 23:00:00+00:00
[2025-07-30T00:07:52.834+0000] {data_ingestion.py:42} INFO - current_start: 2025-07-24 23:00:00+00:00, current_end: 2025-07-26 00:00:00+00:00
[2025-07-30T00:07:53.020+0000] {data_ingestion.py:62} INFO - Fetched 301 candles for ETH-USD from 2025-07-24 23:00:00+00:00 to 2025-07-26 00:00:00+00:00
[2025-07-30T00:07:53.022+0000] {data_ingestion.py:42} INFO - current_start: 2025-07-26 00:00:00+00:00, current_end: 2025-07-27 01:00:00+00:00
[2025-07-30T00:07:53.179+0000] {data_ingestion.py:62} INFO - Fetched 301 candles for ETH-USD from 2025-07-26 00:00:00+00:00 to 2025-07-27 01:00:00+00:00
[2025-07-30T00:07:53.181+0000] {data_ingestion.py:42} INFO - current_start: 2025-07-27 01:00:00+00:00, current_end: 2025-07-28 02:00:00+00:00
[2025-07-30T00:07:53.368+0000] {data_ingestion.py:62} INFO - Fetched 301 candles for ETH-USD from 2025-07-27 01:00:00+00:00 to 2025-07-28 02:00:00+00:00
[2025-07-30T00:07:53.370+0000] {data_ingestion.py:42} INFO - current_start: 2025-07-28 02:00:00+00:00, current_end: 2025-07-29 03:00:00+00:00
[2025-07-30T00:07:53.528+0000] {data_ingestion.py:62} INFO - Fetched 301 candles for ETH-USD from 2025-07-28 02:00:00+00:00 to 2025-07-29 03:00:00+00:00
[2025-07-30T00:07:53.530+0000] {data_ingestion.py:42} INFO - current_start: 2025-07-29 03:00:00+00:00, current_end: 2025-07-29 23:00:00+00:00
[2025-07-30T00:07:53.709+0000] {data_ingestion.py:62} INFO - Fetched 241 candles for ETH-USD from 2025-07-29 03:00:00+00:00 to 2025-07-29 23:00:00+00:00
[2025-07-30T00:07:53.812+0000] {data_ingestion.py:104} INFO - Saved data to S3: s3://crypto-mlops-bucket/data/historical_ETH_USD_20250729230000.csv
[2025-07-30T00:07:53.813+0000] {hourly_inference.py:84} INFO - Données brutes récupérées : shape=(8669, 7)
[2025-07-30T00:07:53.901+0000] {data_processing.py:41} INFO - Loaded 8669 records from S3: data/historical_BTC_USD_20250729220000.csv
[2025-07-30T00:07:53.937+0000] {data_processing.py:41} INFO - Loaded 8669 records from S3: data/historical_BTC_USD_20250729230000.csv
[2025-07-30T00:07:53.956+0000] {data_processing.py:41} INFO - Loaded 288 records from S3: data/historical_BTC_USD_20250730000350.csv
[2025-07-30T00:07:53.962+0000] {data_processing.py:84} INFO - Combined 8665 records for BTC-USD
[2025-07-30T00:07:53.963+0000] {hourly_inference.py:88} INFO - Données combinées : shape=(8665, 7)
[2025-07-30T00:07:54.111+0000] {data_processing.py:168} INFO - Removed 50 rows with NaN values. Final shape: (8615, 84)
[2025-07-30T00:07:54.112+0000] {hourly_inference.py:91} INFO - Features : shape=(8615, 84)
[2025-07-30T00:07:54.127+0000] {data_processing.py:229} ERROR - Error loading preprocessor from S3: An error occurred (NoSuchKey) when calling the GetObject operation: The specified key does not exist.
[2025-07-30T00:07:54.140+0000] {logging_mixin.py:188} WARNING - /opt/***/src/data_processing.py:187 FutureWarning: DataFrame.fillna with 'method' is deprecated and will raise in a future version. Use obj.ffill() or obj.bfill() instead.
[2025-07-30T00:07:54.149+0000] {data_processing.py:189} INFO - Prepared features: (8615, 80), Target: (8615,)
[2025-07-30T00:07:54.149+0000] {data_processing.py:190} INFO - Feature columns: 80
[2025-07-30T00:07:54.150+0000] {taskinstance.py:441} INFO - ::group::Post task execution logs
[2025-07-30T00:07:54.151+0000] {taskinstance.py:2890} ERROR - Task failed with exception
Traceback (most recent call last):
  File "/home/airflow/.local/lib/python3.12/site-packages/airflow/models/taskinstance.py", line 465, in _execute_task
    result = _execute_callable(context=context, **execute_callable_kwargs)
             ^^^^^^^^^^^^^^^^^^^^^^^^^^^^^^^^^^^^^^^^^^^^^^^^^^^^^^^^^^^^^
  File "/home/airflow/.local/lib/python3.12/site-packages/airflow/models/taskinstance.py", line 432, in _execute_callable
    return execute_callable(context=context, **execute_callable_kwargs)
           ^^^^^^^^^^^^^^^^^^^^^^^^^^^^^^^^^^^^^^^^^^^^^^^^^^^^^^^^^^^^
  File "/home/airflow/.local/lib/python3.12/site-packages/airflow/models/baseoperator.py", line 400, in wrapper
    return func(self, *args, **kwargs)
           ^^^^^^^^^^^^^^^^^^^^^^^^^^^
  File "/home/airflow/.local/lib/python3.12/site-packages/airflow/operators/python.py", line 235, in execute
    return_value = self.execute_callable()
                   ^^^^^^^^^^^^^^^^^^^^^^^
  File "/home/airflow/.local/lib/python3.12/site-packages/airflow/operators/python.py", line 252, in execute_callable
    return self.python_callable(*self.op_args, **self.op_kwargs)
           ^^^^^^^^^^^^^^^^^^^^^^^^^^^^^^^^^^^^^^^^^^^^^^^^^^^^^
  File "/opt/airflow/dags/hourly_inference.py", line 97, in preprocess_and_predict
    X_scaled = processor.scaler.transform(X)
               ^^^^^^^^^^^^^^^^^^^^^^^^^^^^^
  File "/home/airflow/.local/lib/python3.12/site-packages/sklearn/utils/_set_output.py", line 319, in wrapped
    data_to_wrap = f(self, X, *args, **kwargs)
                   ^^^^^^^^^^^^^^^^^^^^^^^^^^^
  File "/home/airflow/.local/lib/python3.12/site-packages/sklearn/preprocessing/_data.py", line 1059, in transform
    check_is_fitted(self)
  File "/home/airflow/.local/lib/python3.12/site-packages/sklearn/utils/validation.py", line 1757, in check_is_fitted
    raise NotFittedError(msg % {"name": type(estimator).__name__})
sklearn.exceptions.NotFittedError: This StandardScaler instance is not fitted yet. Call 'fit' with appropriate arguments before using this estimator.
[2025-07-30T00:07:54.170+0000] {taskinstance.py:1205} INFO - Marking task as FAILED. dag_id=preprocessing_hourly, task_id=preprocess_and_predict, execution_date=20250729T230000, start_date=20250730T000740, end_date=20250730T000754
[2025-07-30T00:07:54.190+0000] {standard_task_runner.py:110} ERROR - Failed to execute job 43 for task preprocess_and_predict (This StandardScaler instance is not fitted yet. Call 'fit' with appropriate arguments before using this estimator.; 1527)
[2025-07-30T00:07:54.234+0000] {local_task_job_runner.py:240} INFO - Task exited with return code 1
[2025-07-30T00:07:54.251+0000] {taskinstance.py:3482} INFO - 0 downstream tasks scheduled from follow-on schedule check
[2025-07-30T00:07:54.260+0000] {local_task_job_runner.py:222} INFO - ::endgroup::
