[2025-07-27T16:21:18.575+0000] {local_task_job_runner.py:120} INFO - ::group::Pre task execution logs
[2025-07-27T16:21:18.614+0000] {taskinstance.py:2073} INFO - Dependencies all met for dep_context=non-requeueable deps ti=<TaskInstance: preprocessing_hourly.preprocess_and_upload manual__2025-07-27T16:15:37.142838+00:00 [queued]>
[2025-07-27T16:21:18.624+0000] {taskinstance.py:2073} INFO - Dependencies all met for dep_context=requeueable deps ti=<TaskInstance: preprocessing_hourly.preprocess_and_upload manual__2025-07-27T16:15:37.142838+00:00 [queued]>
[2025-07-27T16:21:18.626+0000] {taskinstance.py:2303} INFO - Starting attempt 1 of 2
[2025-07-27T16:21:18.868+0000] {taskinstance.py:2327} INFO - Executing <Task(PythonOperator): preprocess_and_upload> on 2025-07-27 16:15:37.142838+00:00
[2025-07-27T16:21:18.884+0000] {logging_mixin.py:188} WARNING - /home/***/.local/lib/python3.12/site-packages/***/task/task_runner/standard_task_runner.py:61 DeprecationWarning: This process (pid=1092) is multi-threaded, use of fork() may lead to deadlocks in the child.
[2025-07-27T16:21:18.883+0000] {standard_task_runner.py:90} INFO - Running: ['***', 'tasks', 'run', 'preprocessing_hourly', 'preprocess_and_upload', 'manual__2025-07-27T16:15:37.142838+00:00', '--job-id', '9', '--raw', '--subdir', 'DAGS_FOLDER/ingestion_inference.py', '--cfg-path', '/tmp/tmprn24pg5h']
[2025-07-27T16:21:18.886+0000] {standard_task_runner.py:63} INFO - Started process 1111 to run task
[2025-07-27T16:21:18.886+0000] {standard_task_runner.py:91} INFO - Job 9: Subtask preprocess_and_upload
[2025-07-27T16:21:18.905+0000] {logging_mixin.py:188} WARNING - /home/***/.local/lib/python3.12/site-packages/***/settings.py:195 DeprecationWarning: The sql_alchemy_conn option in [core] has been moved to the sql_alchemy_conn option in [database] - the old setting has been used, but please update your config.
[2025-07-27T16:21:18.955+0000] {task_command.py:426} INFO - Running <TaskInstance: preprocessing_hourly.preprocess_and_upload manual__2025-07-27T16:15:37.142838+00:00 [running]> on host 9a3567bd8f1b
[2025-07-27T16:21:19.068+0000] {taskinstance.py:2644} INFO - Exporting env vars: AIRFLOW_CTX_DAG_OWNER='mlops' AIRFLOW_CTX_DAG_ID='preprocessing_hourly' AIRFLOW_CTX_TASK_ID='preprocess_and_upload' AIRFLOW_CTX_EXECUTION_DATE='2025-07-27T16:15:37.142838+00:00' AIRFLOW_CTX_TRY_NUMBER='1' AIRFLOW_CTX_DAG_RUN_ID='manual__2025-07-27T16:15:37.142838+00:00'
[2025-07-27T16:21:19.070+0000] {taskinstance.py:430} INFO - ::endgroup::
[2025-07-27T16:21:19.105+0000] {ingestion_inference.py:53} INFO - Bucket crypto-mlops-bucket exists
[2025-07-27T16:21:19.105+0000] {ingestion_inference.py:62} INFO - === Début du préprocessing ===
[2025-07-27T16:21:19.361+0000] {data_ingestion.py:62} INFO - Fetched 300 candles for BTC-USD from 2025-06-27 16:21:19.115619 to 2025-06-28 17:21:19.115619
[2025-07-27T16:21:19.569+0000] {data_ingestion.py:62} INFO - Fetched 300 candles for BTC-USD from 2025-06-28 17:21:19.115619 to 2025-06-29 18:21:19.115619
[2025-07-27T16:21:20.084+0000] {data_ingestion.py:62} INFO - Fetched 300 candles for BTC-USD from 2025-06-29 18:21:19.115619 to 2025-06-30 19:21:19.115619
[2025-07-27T16:21:20.286+0000] {data_ingestion.py:62} INFO - Fetched 300 candles for BTC-USD from 2025-06-30 19:21:19.115619 to 2025-07-01 20:21:19.115619
[2025-07-27T16:21:20.459+0000] {data_ingestion.py:62} INFO - Fetched 300 candles for BTC-USD from 2025-07-01 20:21:19.115619 to 2025-07-02 21:21:19.115619
[2025-07-27T16:21:20.633+0000] {data_ingestion.py:62} INFO - Fetched 300 candles for BTC-USD from 2025-07-02 21:21:19.115619 to 2025-07-03 22:21:19.115619
[2025-07-27T16:21:21.138+0000] {data_ingestion.py:62} INFO - Fetched 300 candles for BTC-USD from 2025-07-03 22:21:19.115619 to 2025-07-04 23:21:19.115619
[2025-07-27T16:21:21.346+0000] {data_ingestion.py:62} INFO - Fetched 300 candles for BTC-USD from 2025-07-04 23:21:19.115619 to 2025-07-06 00:21:19.115619
[2025-07-27T16:21:21.765+0000] {data_ingestion.py:62} INFO - Fetched 300 candles for BTC-USD from 2025-07-06 00:21:19.115619 to 2025-07-07 01:21:19.115619
[2025-07-27T16:21:21.941+0000] {data_ingestion.py:62} INFO - Fetched 300 candles for BTC-USD from 2025-07-07 01:21:19.115619 to 2025-07-08 02:21:19.115619
[2025-07-27T16:21:22.147+0000] {data_ingestion.py:62} INFO - Fetched 300 candles for BTC-USD from 2025-07-08 02:21:19.115619 to 2025-07-09 03:21:19.115619
[2025-07-27T16:21:22.640+0000] {data_ingestion.py:62} INFO - Fetched 300 candles for BTC-USD from 2025-07-09 03:21:19.115619 to 2025-07-10 04:21:19.115619
[2025-07-27T16:21:22.815+0000] {data_ingestion.py:62} INFO - Fetched 300 candles for BTC-USD from 2025-07-10 04:21:19.115619 to 2025-07-11 05:21:19.115619
[2025-07-27T16:21:22.990+0000] {data_ingestion.py:62} INFO - Fetched 300 candles for BTC-USD from 2025-07-11 05:21:19.115619 to 2025-07-12 06:21:19.115619
[2025-07-27T16:21:23.477+0000] {data_ingestion.py:62} INFO - Fetched 300 candles for BTC-USD from 2025-07-12 06:21:19.115619 to 2025-07-13 07:21:19.115619
[2025-07-27T16:21:23.648+0000] {data_ingestion.py:62} INFO - Fetched 300 candles for BTC-USD from 2025-07-13 07:21:19.115619 to 2025-07-14 08:21:19.115619
[2025-07-27T16:21:23.825+0000] {data_ingestion.py:62} INFO - Fetched 300 candles for BTC-USD from 2025-07-14 08:21:19.115619 to 2025-07-15 09:21:19.115619
[2025-07-27T16:21:24.246+0000] {data_ingestion.py:62} INFO - Fetched 300 candles for BTC-USD from 2025-07-15 09:21:19.115619 to 2025-07-16 10:21:19.115619
[2025-07-27T16:21:24.845+0000] {data_ingestion.py:62} INFO - Fetched 300 candles for BTC-USD from 2025-07-16 10:21:19.115619 to 2025-07-17 11:21:19.115619
[2025-07-27T16:21:25.048+0000] {data_ingestion.py:62} INFO - Fetched 300 candles for BTC-USD from 2025-07-17 11:21:19.115619 to 2025-07-18 12:21:19.115619
[2025-07-27T16:21:25.472+0000] {data_ingestion.py:62} INFO - Fetched 300 candles for BTC-USD from 2025-07-18 12:21:19.115619 to 2025-07-19 13:21:19.115619
[2025-07-27T16:21:25.671+0000] {data_ingestion.py:62} INFO - Fetched 300 candles for BTC-USD from 2025-07-19 13:21:19.115619 to 2025-07-20 14:21:19.115619
[2025-07-27T16:21:25.877+0000] {data_ingestion.py:62} INFO - Fetched 300 candles for BTC-USD from 2025-07-20 14:21:19.115619 to 2025-07-21 15:21:19.115619
[2025-07-27T16:21:26.919+0000] {data_ingestion.py:62} INFO - Fetched 300 candles for BTC-USD from 2025-07-21 15:21:19.115619 to 2025-07-22 16:21:19.115619
[2025-07-27T16:21:27.098+0000] {data_ingestion.py:62} INFO - Fetched 300 candles for BTC-USD from 2025-07-22 16:21:19.115619 to 2025-07-23 17:21:19.115619
[2025-07-27T16:21:27.290+0000] {data_ingestion.py:62} INFO - Fetched 300 candles for BTC-USD from 2025-07-23 17:21:19.115619 to 2025-07-24 18:21:19.115619
[2025-07-27T16:21:27.521+0000] {data_ingestion.py:62} INFO - Fetched 300 candles for BTC-USD from 2025-07-24 18:21:19.115619 to 2025-07-25 19:21:19.115619
[2025-07-27T16:21:30.662+0000] {data_ingestion.py:62} INFO - Fetched 300 candles for BTC-USD from 2025-07-25 19:21:19.115619 to 2025-07-26 20:21:19.115619
[2025-07-27T16:21:30.835+0000] {data_ingestion.py:62} INFO - Fetched 240 candles for BTC-USD from 2025-07-26 20:21:19.115619 to 2025-07-27 16:21:19.115619
[2025-07-27T16:21:30.930+0000] {data_ingestion.py:103} INFO - Saved data to S3: s3://crypto-mlops-bucket/data/historical_BTC_USD_20250727162130.csv
[2025-07-27T16:21:31.103+0000] {data_ingestion.py:62} INFO - Fetched 300 candles for ETH-USD from 2025-06-27 16:21:19.115619 to 2025-06-28 17:21:19.115619
[2025-07-27T16:21:31.297+0000] {data_ingestion.py:62} INFO - Fetched 300 candles for ETH-USD from 2025-06-28 17:21:19.115619 to 2025-06-29 18:21:19.115619
[2025-07-27T16:21:31.716+0000] {data_ingestion.py:62} INFO - Fetched 300 candles for ETH-USD from 2025-06-29 18:21:19.115619 to 2025-06-30 19:21:19.115619
[2025-07-27T16:21:31.886+0000] {data_ingestion.py:62} INFO - Fetched 300 candles for ETH-USD from 2025-06-30 19:21:19.115619 to 2025-07-01 20:21:19.115619
[2025-07-27T16:21:31.228+0000] {data_ingestion.py:62} INFO - Fetched 300 candles for ETH-USD from 2025-07-01 20:21:19.115619 to 2025-07-02 21:21:19.115619
[2025-07-27T16:21:31.428+0000] {data_ingestion.py:62} INFO - Fetched 300 candles for ETH-USD from 2025-07-02 21:21:19.115619 to 2025-07-03 22:21:19.115619
[2025-07-27T16:21:31.645+0000] {data_ingestion.py:62} INFO - Fetched 300 candles for ETH-USD from 2025-07-03 22:21:19.115619 to 2025-07-04 23:21:19.115619
[2025-07-27T16:21:31.820+0000] {data_ingestion.py:62} INFO - Fetched 300 candles for ETH-USD from 2025-07-04 23:21:19.115619 to 2025-07-06 00:21:19.115619
[2025-07-27T16:21:32.019+0000] {data_ingestion.py:62} INFO - Fetched 300 candles for ETH-USD from 2025-07-06 00:21:19.115619 to 2025-07-07 01:21:19.115619
[2025-07-27T16:21:32.221+0000] {data_ingestion.py:62} INFO - Fetched 300 candles for ETH-USD from 2025-07-07 01:21:19.115619 to 2025-07-08 02:21:19.115619
[2025-07-27T16:21:32.694+0000] {data_ingestion.py:62} INFO - Fetched 300 candles for ETH-USD from 2025-07-08 02:21:19.115619 to 2025-07-09 03:21:19.115619
[2025-07-27T16:21:32.892+0000] {data_ingestion.py:62} INFO - Fetched 300 candles for ETH-USD from 2025-07-09 03:21:19.115619 to 2025-07-10 04:21:19.115619
[2025-07-27T16:21:33.099+0000] {data_ingestion.py:62} INFO - Fetched 300 candles for ETH-USD from 2025-07-10 04:21:19.115619 to 2025-07-11 05:21:19.115619
[2025-07-27T16:21:33.599+0000] {data_ingestion.py:62} INFO - Fetched 300 candles for ETH-USD from 2025-07-11 05:21:19.115619 to 2025-07-12 06:21:19.115619
[2025-07-27T16:21:33.779+0000] {data_ingestion.py:62} INFO - Fetched 300 candles for ETH-USD from 2025-07-12 06:21:19.115619 to 2025-07-13 07:21:19.115619
[2025-07-27T16:21:34.274+0000] {data_ingestion.py:62} INFO - Fetched 300 candles for ETH-USD from 2025-07-13 07:21:19.115619 to 2025-07-14 08:21:19.115619
[2025-07-27T16:21:34.490+0000] {data_ingestion.py:62} INFO - Fetched 300 candles for ETH-USD from 2025-07-14 08:21:19.115619 to 2025-07-15 09:21:19.115619
[2025-07-27T16:21:34.702+0000] {data_ingestion.py:62} INFO - Fetched 300 candles for ETH-USD from 2025-07-15 09:21:19.115619 to 2025-07-16 10:21:19.115619
[2025-07-27T16:21:35.125+0000] {data_ingestion.py:62} INFO - Fetched 300 candles for ETH-USD from 2025-07-16 10:21:19.115619 to 2025-07-17 11:21:19.115619
[2025-07-27T16:21:35.335+0000] {data_ingestion.py:62} INFO - Fetched 300 candles for ETH-USD from 2025-07-17 11:21:19.115619 to 2025-07-18 12:21:19.115619
[2025-07-27T16:21:35.546+0000] {data_ingestion.py:62} INFO - Fetched 300 candles for ETH-USD from 2025-07-18 12:21:19.115619 to 2025-07-19 13:21:19.115619
[2025-07-27T16:21:35.743+0000] {data_ingestion.py:62} INFO - Fetched 300 candles for ETH-USD from 2025-07-19 13:21:19.115619 to 2025-07-20 14:21:19.115619
[2025-07-27T16:21:36.052+0000] {data_ingestion.py:62} INFO - Fetched 300 candles for ETH-USD from 2025-07-20 14:21:19.115619 to 2025-07-21 15:21:19.115619
[2025-07-27T16:21:36.533+0000] {data_ingestion.py:62} INFO - Fetched 300 candles for ETH-USD from 2025-07-21 15:21:19.115619 to 2025-07-22 16:21:19.115619
[2025-07-27T16:21:36.812+0000] {data_ingestion.py:62} INFO - Fetched 300 candles for ETH-USD from 2025-07-22 16:21:19.115619 to 2025-07-23 17:21:19.115619
[2025-07-27T16:21:37.119+0000] {data_ingestion.py:62} INFO - Fetched 300 candles for ETH-USD from 2025-07-23 17:21:19.115619 to 2025-07-24 18:21:19.115619
[2025-07-27T16:21:37.425+0000] {data_ingestion.py:62} INFO - Fetched 300 candles for ETH-USD from 2025-07-24 18:21:19.115619 to 2025-07-25 19:21:19.115619
[2025-07-27T16:21:42.237+0000] {data_ingestion.py:62} INFO - Fetched 300 candles for ETH-USD from 2025-07-25 19:21:19.115619 to 2025-07-26 20:21:19.115619
[2025-07-27T16:21:42.433+0000] {data_ingestion.py:62} INFO - Fetched 240 candles for ETH-USD from 2025-07-26 20:21:19.115619 to 2025-07-27 16:21:19.115619
[2025-07-27T16:21:42.517+0000] {data_ingestion.py:103} INFO - Saved data to S3: s3://crypto-mlops-bucket/data/historical_ETH_USD_20250727162142.csv
[2025-07-27T16:21:42.518+0000] {ingestion_inference.py:67} INFO - Données brutes récupérées : shape=(8640, 7)
[2025-07-27T16:21:42.518+0000] {ingestion_inference.py:68} INFO - Colonnes brutes : ['timestamp', 'low', 'high', 'open', 'close', 'volume', 'symbol']
[2025-07-27T16:21:42.556+0000] {data_processing.py:40} INFO - Loaded 288 records from S3: data/historical_BTC_USD_20250727161424.csv
[2025-07-27T16:21:42.578+0000] {data_processing.py:40} INFO - Loaded 8640 records from S3: data/historical_BTC_USD_20250727161548.csv
[2025-07-27T16:21:42.605+0000] {data_processing.py:40} INFO - Loaded 8640 records from S3: data/historical_BTC_USD_20250727162106.csv
[2025-07-27T16:21:42.634+0000] {data_processing.py:40} INFO - Loaded 8640 records from S3: data/historical_BTC_USD_20250727162130.csv
[2025-07-27T16:21:42.641+0000] {data_processing.py:84} INFO - Combined 8641 records for BTC-USD
[2025-07-27T16:21:42.642+0000] {ingestion_inference.py:73} INFO - Données combinées après combine_datasets : shape=(8641, 7)
[2025-07-27T16:21:42.643+0000] {ingestion_inference.py:74} INFO - Colonnes combinées : ['timestamp', 'low', 'high', 'open', 'close', 'volume', 'symbol']
[2025-07-27T16:21:42.751+0000] {data_processing.py:162} INFO - Removed 50 rows with NaN values. Final shape: (8591, 84)
[2025-07-27T16:21:42.752+0000] {ingestion_inference.py:77} INFO - Données après feature engineering : shape=(8591, 84)
[2025-07-27T16:21:42.753+0000] {ingestion_inference.py:78} INFO - Features générées : ['timestamp', 'low', 'high', 'open', 'close', 'volume', 'symbol', 'price_change', 'volume_change', 'high_low_ratio', 'close_open_ratio', 'price_range', 'sma_5', 'ema_5', 'volume_sma_5', 'price_vs_sma_5', 'price_vs_ema_5', 'sma_10', 'ema_10', 'volume_sma_10', 'price_vs_sma_10', 'price_vs_ema_10', 'sma_20', 'ema_20', 'volume_sma_20', 'price_vs_sma_20', 'price_vs_ema_20', 'sma_50', 'ema_50', 'volume_sma_50', 'price_vs_sma_50', 'price_vs_ema_50', 'macd', 'macd_signal', 'rsi', 'bbands_upper', 'bbands_lower', 'bbands_position', 'atr', 'volume_sma_ratio', 'close_lag_1', 'volume_lag_1', 'rsi_lag_1', 'price_change_lag_1', 'close_lag_2', 'volume_lag_2', 'rsi_lag_2', 'price_change_lag_2', 'close_lag_3', 'volume_lag_3', 'rsi_lag_3', 'price_change_lag_3', 'close_lag_5', 'volume_lag_5', 'rsi_lag_5', 'price_change_lag_5', 'close_lag_10', 'volume_lag_10', 'rsi_lag_10', 'price_change_lag_10', 'close_std_5', 'volume_std_5', 'price_change_std_5', 'close_min_5', 'close_max_5', 'close_position_5', 'close_std_10', 'volume_std_10', 'price_change_std_10', 'close_min_10', 'close_max_10', 'close_position_10', 'close_std_20', 'volume_std_20', 'price_change_std_20', 'close_min_20', 'close_max_20', 'close_position_20', 'hour', 'day_of_week', 'day_of_month', 'month', 'target', 'target_change']
[2025-07-27T16:21:42.764+0000] {ingestion_inference.py:82} INFO - Scaler chargé : StandardScaler()
[2025-07-27T16:21:42.765+0000] {ingestion_inference.py:84} INFO - Features attendues par le scaler (processor.features) : ['open', 'high', 'low', 'close', 'volume']
[2025-07-27T16:21:42.766+0000] {ingestion_inference.py:90} INFO - Features sélectionnées pour scaler : ['open', 'high', 'low', 'close', 'volume']
[2025-07-27T16:21:42.766+0000] {ingestion_inference.py:91} INFO - Shape des données avant scaling : (8591, 5)
[2025-07-27T16:21:42.767+0000] {ingestion_inference.py:98} ERROR - Erreur lors du scaling: The feature names should match those that were passed during fit.
Feature names seen at fit time, yet now missing:
- atr
- bbands_lower
- bbands_position
- bbands_upper
- close_lag_1
- ...

[2025-07-27T16:21:42.767+0000] {taskinstance.py:441} INFO - ::group::Post task execution logs
[2025-07-27T16:21:42.768+0000] {taskinstance.py:2890} ERROR - Task failed with exception
Traceback (most recent call last):
  File "/home/airflow/.local/lib/python3.12/site-packages/airflow/models/taskinstance.py", line 465, in _execute_task
    result = _execute_callable(context=context, **execute_callable_kwargs)
             ^^^^^^^^^^^^^^^^^^^^^^^^^^^^^^^^^^^^^^^^^^^^^^^^^^^^^^^^^^^^^
  File "/home/airflow/.local/lib/python3.12/site-packages/airflow/models/taskinstance.py", line 432, in _execute_callable
    return execute_callable(context=context, **execute_callable_kwargs)
           ^^^^^^^^^^^^^^^^^^^^^^^^^^^^^^^^^^^^^^^^^^^^^^^^^^^^^^^^^^^^
  File "/home/airflow/.local/lib/python3.12/site-packages/airflow/models/baseoperator.py", line 400, in wrapper
    return func(self, *args, **kwargs)
           ^^^^^^^^^^^^^^^^^^^^^^^^^^^
  File "/home/airflow/.local/lib/python3.12/site-packages/airflow/operators/python.py", line 235, in execute
    return_value = self.execute_callable()
                   ^^^^^^^^^^^^^^^^^^^^^^^
  File "/home/airflow/.local/lib/python3.12/site-packages/airflow/operators/python.py", line 252, in execute_callable
    return self.python_callable(*self.op_args, **self.op_kwargs)
           ^^^^^^^^^^^^^^^^^^^^^^^^^^^^^^^^^^^^^^^^^^^^^^^^^^^^^
  File "/opt/airflow/dags/ingestion_inference.py", line 94, in preprocess_and_upload
    X_scaled = processor.scaler.transform(X)
               ^^^^^^^^^^^^^^^^^^^^^^^^^^^^^
  File "/home/airflow/.local/lib/python3.12/site-packages/sklearn/utils/_set_output.py", line 316, in wrapped
    data_to_wrap = f(self, X, *args, **kwargs)
                   ^^^^^^^^^^^^^^^^^^^^^^^^^^^
  File "/home/airflow/.local/lib/python3.12/site-packages/sklearn/preprocessing/_data.py", line 1045, in transform
    X = self._validate_data(
        ^^^^^^^^^^^^^^^^^^^^
  File "/home/airflow/.local/lib/python3.12/site-packages/sklearn/base.py", line 608, in _validate_data
    self._check_feature_names(X, reset=reset)
  File "/home/airflow/.local/lib/python3.12/site-packages/sklearn/base.py", line 535, in _check_feature_names
    raise ValueError(message)
ValueError: The feature names should match those that were passed during fit.
Feature names seen at fit time, yet now missing:
- atr
- bbands_lower
- bbands_position
- bbands_upper
- close_lag_1
- ...

[2025-07-27T16:21:42.783+0000] {taskinstance.py:1205} INFO - Marking task as UP_FOR_RETRY. dag_id=preprocessing_hourly, task_id=preprocess_and_upload, execution_date=20250727T161537, start_date=20250727T162118, end_date=20250727T162142
[2025-07-27T16:21:42.797+0000] {standard_task_runner.py:110} ERROR - Failed to execute job 9 for task preprocess_and_upload (The feature names should match those that were passed during fit.
Feature names seen at fit time, yet now missing:
- atr
- bbands_lower
- bbands_position
- bbands_upper
- close_lag_1
- ...
; 1111)
[2025-07-27T16:21:42.817+0000] {local_task_job_runner.py:240} INFO - Task exited with return code 1
[2025-07-27T16:21:42.837+0000] {taskinstance.py:3482} INFO - 0 downstream tasks scheduled from follow-on schedule check
[2025-07-27T16:21:42.840+0000] {local_task_job_runner.py:222} INFO - ::endgroup::
