[2025-07-27T15:01:28.382+0000] {local_task_job_runner.py:120} INFO - ::group::Pre task execution logs
[2025-07-27T15:01:28.426+0000] {taskinstance.py:2073} INFO - Dependencies all met for dep_context=non-requeueable deps ti=<TaskInstance: preprocessing_hourly.preprocess_and_upload manual__2025-07-27T14:55:20.027726+00:00 [queued]>
[2025-07-27T15:01:28.438+0000] {taskinstance.py:2073} INFO - Dependencies all met for dep_context=requeueable deps ti=<TaskInstance: preprocessing_hourly.preprocess_and_upload manual__2025-07-27T14:55:20.027726+00:00 [queued]>
[2025-07-27T15:01:28.440+0000] {taskinstance.py:2303} INFO - Starting attempt 1 of 2
[2025-07-27T15:01:28.660+0000] {taskinstance.py:2327} INFO - Executing <Task(PythonOperator): preprocess_and_upload> on 2025-07-27 14:55:20.027726+00:00
[2025-07-27T15:01:28.678+0000] {logging_mixin.py:188} WARNING - /home/***/.local/lib/python3.12/site-packages/***/task/task_runner/standard_task_runner.py:61 DeprecationWarning: This process (pid=1121) is multi-threaded, use of fork() may lead to deadlocks in the child.
[2025-07-27T15:01:28.680+0000] {standard_task_runner.py:63} INFO - Started process 1138 to run task
[2025-07-27T15:01:28.677+0000] {standard_task_runner.py:90} INFO - Running: ['***', 'tasks', 'run', 'preprocessing_hourly', 'preprocess_and_upload', 'manual__2025-07-27T14:55:20.027726+00:00', '--job-id', '9', '--raw', '--subdir', 'DAGS_FOLDER/ingestion_inference.py', '--cfg-path', '/tmp/tmpvhc0eu8m']
[2025-07-27T15:01:28.681+0000] {standard_task_runner.py:91} INFO - Job 9: Subtask preprocess_and_upload
[2025-07-27T15:01:28.699+0000] {logging_mixin.py:188} WARNING - /home/***/.local/lib/python3.12/site-packages/***/settings.py:195 DeprecationWarning: The sql_alchemy_conn option in [core] has been moved to the sql_alchemy_conn option in [database] - the old setting has been used, but please update your config.
[2025-07-27T15:01:28.742+0000] {task_command.py:426} INFO - Running <TaskInstance: preprocessing_hourly.preprocess_and_upload manual__2025-07-27T14:55:20.027726+00:00 [running]> on host 62e194518522
[2025-07-27T15:01:28.847+0000] {taskinstance.py:2644} INFO - Exporting env vars: AIRFLOW_CTX_DAG_OWNER='mlops' AIRFLOW_CTX_DAG_ID='preprocessing_hourly' AIRFLOW_CTX_TASK_ID='preprocess_and_upload' AIRFLOW_CTX_EXECUTION_DATE='2025-07-27T14:55:20.027726+00:00' AIRFLOW_CTX_TRY_NUMBER='1' AIRFLOW_CTX_DAG_RUN_ID='manual__2025-07-27T14:55:20.027726+00:00'
[2025-07-27T15:01:28.848+0000] {taskinstance.py:430} INFO - ::endgroup::
[2025-07-27T15:01:28.880+0000] {ingestion_inference.py:52} INFO - Bucket crypto-preprocessed exists
[2025-07-27T15:01:29.113+0000] {data_ingestion.py:62} INFO - Fetched 300 candles for BTC-USD from 2025-06-27 15:01:28.890629 to 2025-06-28 16:01:28.890629
[2025-07-27T15:01:29.281+0000] {data_ingestion.py:62} INFO - Fetched 300 candles for BTC-USD from 2025-06-28 16:01:28.890629 to 2025-06-29 17:01:28.890629
[2025-07-27T15:01:29.469+0000] {data_ingestion.py:62} INFO - Fetched 300 candles for BTC-USD from 2025-06-29 17:01:28.890629 to 2025-06-30 18:01:28.890629
[2025-07-27T15:01:29.991+0000] {data_ingestion.py:62} INFO - Fetched 300 candles for BTC-USD from 2025-06-30 18:01:28.890629 to 2025-07-01 19:01:28.890629
[2025-07-27T15:01:30.413+0000] {data_ingestion.py:62} INFO - Fetched 300 candles for BTC-USD from 2025-07-01 19:01:28.890629 to 2025-07-02 20:01:28.890629
[2025-07-27T15:01:30.607+0000] {data_ingestion.py:62} INFO - Fetched 300 candles for BTC-USD from 2025-07-02 20:01:28.890629 to 2025-07-03 21:01:28.890629
[2025-07-27T15:01:30.850+0000] {data_ingestion.py:62} INFO - Fetched 300 candles for BTC-USD from 2025-07-03 21:01:28.890629 to 2025-07-04 22:01:28.890629
[2025-07-27T15:01:31.190+0000] {data_ingestion.py:62} INFO - Fetched 300 candles for BTC-USD from 2025-07-04 22:01:28.890629 to 2025-07-05 23:01:28.890629
[2025-07-27T15:01:31.382+0000] {data_ingestion.py:62} INFO - Fetched 300 candles for BTC-USD from 2025-07-05 23:01:28.890629 to 2025-07-07 00:01:28.890629
[2025-07-27T15:01:32.485+0000] {data_ingestion.py:62} INFO - Fetched 300 candles for BTC-USD from 2025-07-07 00:01:28.890629 to 2025-07-08 01:01:28.890629
[2025-07-27T15:01:32.687+0000] {data_ingestion.py:62} INFO - Fetched 300 candles for BTC-USD from 2025-07-08 01:01:28.890629 to 2025-07-09 02:01:28.890629
[2025-07-27T15:01:33.116+0000] {data_ingestion.py:62} INFO - Fetched 300 candles for BTC-USD from 2025-07-09 02:01:28.890629 to 2025-07-10 03:01:28.890629
[2025-07-27T15:01:33.508+0000] {data_ingestion.py:62} INFO - Fetched 300 candles for BTC-USD from 2025-07-10 03:01:28.890629 to 2025-07-11 04:01:28.890629
[2025-07-27T15:01:33.731+0000] {data_ingestion.py:62} INFO - Fetched 300 candles for BTC-USD from 2025-07-11 04:01:28.890629 to 2025-07-12 05:01:28.890629
[2025-07-27T15:01:34.571+0000] {data_ingestion.py:62} INFO - Fetched 300 candles for BTC-USD from 2025-07-12 05:01:28.890629 to 2025-07-13 06:01:28.890629
[2025-07-27T15:01:34.807+0000] {data_ingestion.py:62} INFO - Fetched 300 candles for BTC-USD from 2025-07-13 06:01:28.890629 to 2025-07-14 07:01:28.890629
[2025-07-27T15:01:34.976+0000] {data_ingestion.py:62} INFO - Fetched 300 candles for BTC-USD from 2025-07-14 07:01:28.890629 to 2025-07-15 08:01:28.890629
[2025-07-27T15:01:35.183+0000] {data_ingestion.py:62} INFO - Fetched 300 candles for BTC-USD from 2025-07-15 08:01:28.890629 to 2025-07-16 09:01:28.890629
[2025-07-27T15:01:38.044+0000] {data_ingestion.py:62} INFO - Fetched 300 candles for BTC-USD from 2025-07-16 09:01:28.890629 to 2025-07-17 10:01:28.890629
[2025-07-27T15:01:38.225+0000] {data_ingestion.py:62} INFO - Fetched 300 candles for BTC-USD from 2025-07-17 10:01:28.890629 to 2025-07-18 11:01:28.890629
[2025-07-27T15:01:39.288+0000] {data_ingestion.py:62} INFO - Fetched 300 candles for BTC-USD from 2025-07-18 11:01:28.890629 to 2025-07-19 12:01:28.890629
[2025-07-27T15:01:39.711+0000] {data_ingestion.py:62} INFO - Fetched 300 candles for BTC-USD from 2025-07-19 12:01:28.890629 to 2025-07-20 13:01:28.890629
[2025-07-27T15:01:39.940+0000] {data_ingestion.py:62} INFO - Fetched 300 candles for BTC-USD from 2025-07-20 13:01:28.890629 to 2025-07-21 14:01:28.890629
[2025-07-27T15:01:40.190+0000] {data_ingestion.py:62} INFO - Fetched 300 candles for BTC-USD from 2025-07-21 14:01:28.890629 to 2025-07-22 15:01:28.890629
[2025-07-27T15:01:40.396+0000] {data_ingestion.py:62} INFO - Fetched 300 candles for BTC-USD from 2025-07-22 15:01:28.890629 to 2025-07-23 16:01:28.890629
[2025-07-27T15:01:40.813+0000] {data_ingestion.py:62} INFO - Fetched 300 candles for BTC-USD from 2025-07-23 16:01:28.890629 to 2025-07-24 17:01:28.890629
[2025-07-27T15:01:41.008+0000] {data_ingestion.py:62} INFO - Fetched 300 candles for BTC-USD from 2025-07-24 17:01:28.890629 to 2025-07-25 18:01:28.890629
[2025-07-27T15:01:41.191+0000] {data_ingestion.py:62} INFO - Fetched 300 candles for BTC-USD from 2025-07-25 18:01:28.890629 to 2025-07-26 19:01:28.890629
[2025-07-27T15:01:41.417+0000] {data_ingestion.py:62} INFO - Fetched 240 candles for BTC-USD from 2025-07-26 19:01:28.890629 to 2025-07-27 15:01:28.890629
[2025-07-27T15:01:41.621+0000] {data_ingestion.py:103} INFO - Saved data to S3: s3://crypto-mlops-bucket/data/historical_BTC_USD_20250727150141.csv
[2025-07-27T15:01:42.114+0000] {data_ingestion.py:62} INFO - Fetched 300 candles for ETH-USD from 2025-06-27 15:01:28.890629 to 2025-06-28 16:01:28.890629
[2025-07-27T15:01:45.670+0000] {data_ingestion.py:62} INFO - Fetched 300 candles for ETH-USD from 2025-06-28 16:01:28.890629 to 2025-06-29 17:01:28.890629
[2025-07-27T15:01:45.837+0000] {data_ingestion.py:62} INFO - Fetched 300 candles for ETH-USD from 2025-06-29 17:01:28.890629 to 2025-06-30 18:01:28.890629
[2025-07-27T15:01:46.010+0000] {data_ingestion.py:62} INFO - Fetched 300 candles for ETH-USD from 2025-06-30 18:01:28.890629 to 2025-07-01 19:01:28.890629
[2025-07-27T15:01:46.212+0000] {data_ingestion.py:62} INFO - Fetched 300 candles for ETH-USD from 2025-07-01 19:01:28.890629 to 2025-07-02 20:01:28.890629
[2025-07-27T15:01:46.414+0000] {data_ingestion.py:62} INFO - Fetched 300 candles for ETH-USD from 2025-07-02 20:01:28.890629 to 2025-07-03 21:01:28.890629
[2025-07-27T15:01:46.619+0000] {data_ingestion.py:62} INFO - Fetched 300 candles for ETH-USD from 2025-07-03 21:01:28.890629 to 2025-07-04 22:01:28.890629
[2025-07-27T15:01:46.814+0000] {data_ingestion.py:62} INFO - Fetched 300 candles for ETH-USD from 2025-07-04 22:01:28.890629 to 2025-07-05 23:01:28.890629
[2025-07-27T15:01:46.986+0000] {data_ingestion.py:62} INFO - Fetched 300 candles for ETH-USD from 2025-07-05 23:01:28.890629 to 2025-07-07 00:01:28.890629
[2025-07-27T15:01:47.614+0000] {data_ingestion.py:62} INFO - Fetched 300 candles for ETH-USD from 2025-07-07 00:01:28.890629 to 2025-07-08 01:01:28.890629
[2025-07-27T15:01:47.782+0000] {data_ingestion.py:62} INFO - Fetched 300 candles for ETH-USD from 2025-07-08 01:01:28.890629 to 2025-07-09 02:01:28.890629
[2025-07-27T15:01:47.987+0000] {data_ingestion.py:62} INFO - Fetched 300 candles for ETH-USD from 2025-07-09 02:01:28.890629 to 2025-07-10 03:01:28.890629
[2025-07-27T15:01:48.244+0000] {data_ingestion.py:62} INFO - Fetched 300 candles for ETH-USD from 2025-07-10 03:01:28.890629 to 2025-07-11 04:01:28.890629
[2025-07-27T15:01:48.481+0000] {data_ingestion.py:62} INFO - Fetched 300 candles for ETH-USD from 2025-07-11 04:01:28.890629 to 2025-07-12 05:01:28.890629
[2025-07-27T15:01:48.904+0000] {data_ingestion.py:62} INFO - Fetched 300 candles for ETH-USD from 2025-07-12 05:01:28.890629 to 2025-07-13 06:01:28.890629
[2025-07-27T15:01:49.323+0000] {data_ingestion.py:62} INFO - Fetched 300 candles for ETH-USD from 2025-07-13 06:01:28.890629 to 2025-07-14 07:01:28.890629
[2025-07-27T15:01:49.526+0000] {data_ingestion.py:62} INFO - Fetched 300 candles for ETH-USD from 2025-07-14 07:01:28.890629 to 2025-07-15 08:01:28.890629
[2025-07-27T15:01:49.946+0000] {data_ingestion.py:62} INFO - Fetched 300 candles for ETH-USD from 2025-07-15 08:01:28.890629 to 2025-07-16 09:01:28.890629
[2025-07-27T15:01:52.747+0000] {data_ingestion.py:62} INFO - Fetched 300 candles for ETH-USD from 2025-07-16 09:01:28.890629 to 2025-07-17 10:01:28.890629
[2025-07-27T15:01:54.730+0000] {data_ingestion.py:62} INFO - Fetched 300 candles for ETH-USD from 2025-07-17 10:01:28.890629 to 2025-07-18 11:01:28.890629
[2025-07-27T15:01:54.933+0000] {data_ingestion.py:62} INFO - Fetched 300 candles for ETH-USD from 2025-07-18 11:01:28.890629 to 2025-07-19 12:01:28.890629
[2025-07-27T15:01:54.021+0000] {data_ingestion.py:62} INFO - Fetched 300 candles for ETH-USD from 2025-07-19 12:01:28.890629 to 2025-07-20 13:01:28.890629
[2025-07-27T15:01:54.231+0000] {data_ingestion.py:62} INFO - Fetched 300 candles for ETH-USD from 2025-07-20 13:01:28.890629 to 2025-07-21 14:01:28.890629
[2025-07-27T15:01:55.204+0000] {data_ingestion.py:62} INFO - Fetched 300 candles for ETH-USD from 2025-07-21 14:01:28.890629 to 2025-07-22 15:01:28.890629
[2025-07-27T15:01:55.445+0000] {data_ingestion.py:62} INFO - Fetched 300 candles for ETH-USD from 2025-07-22 15:01:28.890629 to 2025-07-23 16:01:28.890629
[2025-07-27T15:01:55.650+0000] {data_ingestion.py:62} INFO - Fetched 300 candles for ETH-USD from 2025-07-23 16:01:28.890629 to 2025-07-24 17:01:28.890629
[2025-07-27T15:01:55.856+0000] {data_ingestion.py:62} INFO - Fetched 300 candles for ETH-USD from 2025-07-24 17:01:28.890629 to 2025-07-25 18:01:28.890629
[2025-07-27T15:01:56.065+0000] {data_ingestion.py:62} INFO - Fetched 300 candles for ETH-USD from 2025-07-25 18:01:28.890629 to 2025-07-26 19:01:28.890629
[2025-07-27T15:01:56.242+0000] {data_ingestion.py:62} INFO - Fetched 240 candles for ETH-USD from 2025-07-26 19:01:28.890629 to 2025-07-27 15:01:28.890629
[2025-07-27T15:01:56.382+0000] {data_ingestion.py:103} INFO - Saved data to S3: s3://crypto-mlops-bucket/data/historical_ETH_USD_20250727150156.csv
[2025-07-27T15:01:56.578+0000] {data_processing.py:161} INFO - Removed 50 rows with NaN values. Final shape: (8590, 84)
[2025-07-27T15:01:56.596+0000] {data_processing.py:220} ERROR - Error loading preprocessor from S3: An error occurred (NoSuchKey) when calling the GetObject operation: The specified key does not exist.
[2025-07-27T15:01:56.599+0000] {taskinstance.py:441} INFO - ::group::Post task execution logs
[2025-07-27T15:01:56.600+0000] {taskinstance.py:2890} ERROR - Task failed with exception
Traceback (most recent call last):
  File "/home/airflow/.local/lib/python3.12/site-packages/airflow/models/taskinstance.py", line 465, in _execute_task
    result = _execute_callable(context=context, **execute_callable_kwargs)
             ^^^^^^^^^^^^^^^^^^^^^^^^^^^^^^^^^^^^^^^^^^^^^^^^^^^^^^^^^^^^^
  File "/home/airflow/.local/lib/python3.12/site-packages/airflow/models/taskinstance.py", line 432, in _execute_callable
    return execute_callable(context=context, **execute_callable_kwargs)
           ^^^^^^^^^^^^^^^^^^^^^^^^^^^^^^^^^^^^^^^^^^^^^^^^^^^^^^^^^^^^
  File "/home/airflow/.local/lib/python3.12/site-packages/airflow/models/baseoperator.py", line 400, in wrapper
    return func(self, *args, **kwargs)
           ^^^^^^^^^^^^^^^^^^^^^^^^^^^
  File "/home/airflow/.local/lib/python3.12/site-packages/airflow/operators/python.py", line 235, in execute
    return_value = self.execute_callable()
                   ^^^^^^^^^^^^^^^^^^^^^^^
  File "/home/airflow/.local/lib/python3.12/site-packages/airflow/operators/python.py", line 252, in execute_callable
    return self.python_callable(*self.op_args, **self.op_kwargs)
           ^^^^^^^^^^^^^^^^^^^^^^^^^^^^^^^^^^^^^^^^^^^^^^^^^^^^^
  File "/opt/airflow/dags/ingestion_inference.py", line 74, in preprocess_and_upload
    X_scaled = processor.scaler.transform(X)
               ^^^^^^^^^^^^^^^^^^^^^^^^^^^^^
  File "/home/airflow/.local/lib/python3.12/site-packages/sklearn/utils/_set_output.py", line 316, in wrapped
    data_to_wrap = f(self, X, *args, **kwargs)
                   ^^^^^^^^^^^^^^^^^^^^^^^^^^^
  File "/home/airflow/.local/lib/python3.12/site-packages/sklearn/preprocessing/_data.py", line 1042, in transform
    check_is_fitted(self)
  File "/home/airflow/.local/lib/python3.12/site-packages/sklearn/utils/validation.py", line 1661, in check_is_fitted
    raise NotFittedError(msg % {"name": type(estimator).__name__})
sklearn.exceptions.NotFittedError: This StandardScaler instance is not fitted yet. Call 'fit' with appropriate arguments before using this estimator.
[2025-07-27T15:01:56.648+0000] {taskinstance.py:1205} INFO - Marking task as UP_FOR_RETRY. dag_id=preprocessing_hourly, task_id=preprocess_and_upload, execution_date=20250727T145520, start_date=20250727T150128, end_date=20250727T150156
[2025-07-27T15:01:56.686+0000] {standard_task_runner.py:110} ERROR - Failed to execute job 9 for task preprocess_and_upload (This StandardScaler instance is not fitted yet. Call 'fit' with appropriate arguments before using this estimator.; 1138)
[2025-07-27T15:01:56.764+0000] {local_task_job_runner.py:240} INFO - Task exited with return code 1
[2025-07-27T15:01:56.791+0000] {taskinstance.py:3482} INFO - 0 downstream tasks scheduled from follow-on schedule check
[2025-07-27T15:01:56.794+0000] {local_task_job_runner.py:222} INFO - ::endgroup::
