[2025-07-27T21:17:33.414+0000] {local_task_job_runner.py:120} INFO - ::group::Pre task execution logs
[2025-07-27T21:17:33.456+0000] {taskinstance.py:2073} INFO - Dependencies all met for dep_context=non-requeueable deps ti=<TaskInstance: training_pipeline.ingest_data manual__2025-07-27T21:17:26.195679+00:00 [queued]>
[2025-07-27T21:17:33.466+0000] {taskinstance.py:2073} INFO - Dependencies all met for dep_context=requeueable deps ti=<TaskInstance: training_pipeline.ingest_data manual__2025-07-27T21:17:26.195679+00:00 [queued]>
[2025-07-27T21:17:33.498+0000] {taskinstance.py:2303} INFO - Starting attempt 1 of 4
[2025-07-27T21:17:33.514+0000] {taskinstance.py:2327} INFO - Executing <Task(PythonOperator): ingest_data> on 2025-07-27 21:17:26.195679+00:00
[2025-07-27T21:17:33.527+0000] {standard_task_runner.py:90} INFO - Running: ['***', 'tasks', 'run', 'training_pipeline', 'ingest_data', 'manual__2025-07-27T21:17:26.195679+00:00', '--job-id', '3', '--raw', '--subdir', 'DAGS_FOLDER/training_pipeline.py', '--cfg-path', '/tmp/tmp4gekpd0t']
[2025-07-27T21:17:33.528+0000] {logging_mixin.py:188} WARNING - /home/***/.local/lib/python3.12/site-packages/***/task/task_runner/standard_task_runner.py:61 DeprecationWarning: This process (pid=285) is multi-threaded, use of fork() may lead to deadlocks in the child.
[2025-07-27T21:17:33.530+0000] {standard_task_runner.py:91} INFO - Job 3: Subtask ingest_data
[2025-07-27T21:17:33.530+0000] {standard_task_runner.py:63} INFO - Started process 302 to run task
[2025-07-27T21:17:33.548+0000] {logging_mixin.py:188} WARNING - /home/***/.local/lib/python3.12/site-packages/***/settings.py:195 DeprecationWarning: The sql_alchemy_conn option in [core] has been moved to the sql_alchemy_conn option in [database] - the old setting has been used, but please update your config.
[2025-07-27T21:17:33.592+0000] {task_command.py:426} INFO - Running <TaskInstance: training_pipeline.ingest_data manual__2025-07-27T21:17:26.195679+00:00 [running]> on host 93639ca5aed1
[2025-07-27T21:17:33.722+0000] {taskinstance.py:2644} INFO - Exporting env vars: AIRFLOW_CTX_DAG_EMAIL='mlops_team@example.com' AIRFLOW_CTX_DAG_OWNER='mlops' AIRFLOW_CTX_DAG_ID='training_pipeline' AIRFLOW_CTX_TASK_ID='ingest_data' AIRFLOW_CTX_EXECUTION_DATE='2025-07-27T21:17:26.195679+00:00' AIRFLOW_CTX_TRY_NUMBER='1' AIRFLOW_CTX_DAG_RUN_ID='manual__2025-07-27T21:17:26.195679+00:00'
[2025-07-27T21:17:33.724+0000] {taskinstance.py:430} INFO - ::endgroup::
[2025-07-27T21:17:34.038+0000] {data_ingestion.py:62} INFO - Fetched 288 candles for BTC-USD from 2025-07-26 21:17:33.750745 to 2025-07-27 21:17:33.750745
[2025-07-27T21:17:34.592+0000] {data_ingestion.py:103} INFO - Saved data to S3: s3://crypto-mlops-bucket/data/historical_BTC_USD_20250727211734.csv
[2025-07-27T21:17:34.798+0000] {data_ingestion.py:62} INFO - Fetched 288 candles for ETH-USD from 2025-07-26 21:17:33.750745 to 2025-07-27 21:17:33.750745
[2025-07-27T21:17:34.821+0000] {data_ingestion.py:103} INFO - Saved data to S3: s3://crypto-mlops-bucket/data/historical_ETH_USD_20250727211734.csv
[2025-07-27T21:17:34.823+0000] {python.py:237} INFO - Done. Returned value was: None
[2025-07-27T21:17:34.824+0000] {taskinstance.py:441} INFO - ::group::Post task execution logs
[2025-07-27T21:17:34.839+0000] {taskinstance.py:1205} INFO - Marking task as SUCCESS. dag_id=training_pipeline, task_id=ingest_data, execution_date=20250727T211726, start_date=20250727T211733, end_date=20250727T211734
[2025-07-27T21:17:34.916+0000] {local_task_job_runner.py:240} INFO - Task exited with return code 0
[2025-07-27T21:17:34.951+0000] {taskinstance.py:3482} INFO - 1 downstream tasks scheduled from follow-on schedule check
[2025-07-27T21:17:34.962+0000] {local_task_job_runner.py:222} INFO - ::endgroup::
