[2025-07-28T21:10:37.100+0000] {local_task_job_runner.py:120} INFO - ::group::Pre task execution logs
[2025-07-28T21:10:37.140+0000] {taskinstance.py:2073} INFO - Dependencies all met for dep_context=non-requeueable deps ti=<TaskInstance: training_pipeline.ingest_data triggered_by_drift_20250728_210522 [queued]>
[2025-07-28T21:10:37.150+0000] {taskinstance.py:2073} INFO - Dependencies all met for dep_context=requeueable deps ti=<TaskInstance: training_pipeline.ingest_data triggered_by_drift_20250728_210522 [queued]>
[2025-07-28T21:10:37.159+0000] {taskinstance.py:2303} INFO - Starting attempt 1 of 4
[2025-07-28T21:10:37.173+0000] {taskinstance.py:2327} INFO - Executing <Task(PythonOperator): ingest_data> on 2025-07-28 21:05:22+00:00
[2025-07-28T21:10:37.191+0000] {logging_mixin.py:188} WARNING - /home/***/.local/lib/python3.12/site-packages/***/task/task_runner/standard_task_runner.py:61 DeprecationWarning: This process (pid=58177) is multi-threaded, use of fork() may lead to deadlocks in the child.
[2025-07-28T21:10:37.190+0000] {standard_task_runner.py:90} INFO - Running: ['***', 'tasks', 'run', 'training_pipeline', 'ingest_data', 'triggered_by_drift_20250728_210522', '--job-id', '43', '--raw', '--subdir', 'DAGS_FOLDER/training_pipeline.py', '--cfg-path', '/tmp/tmp68761r56']
[2025-07-28T21:10:37.193+0000] {standard_task_runner.py:63} INFO - Started process 58195 to run task
[2025-07-28T21:10:37.193+0000] {standard_task_runner.py:91} INFO - Job 43: Subtask ingest_data
[2025-07-28T21:10:37.209+0000] {logging_mixin.py:188} WARNING - /home/***/.local/lib/python3.12/site-packages/***/settings.py:195 DeprecationWarning: The sql_alchemy_conn option in [core] has been moved to the sql_alchemy_conn option in [database] - the old setting has been used, but please update your config.
[2025-07-28T21:10:37.243+0000] {task_command.py:426} INFO - Running <TaskInstance: training_pipeline.ingest_data triggered_by_drift_20250728_210522 [running]> on host d78ad09e75e4
[2025-07-28T21:10:37.362+0000] {taskinstance.py:2644} INFO - Exporting env vars: AIRFLOW_CTX_DAG_EMAIL='mlops_team@example.com' AIRFLOW_CTX_DAG_OWNER='mlops' AIRFLOW_CTX_DAG_ID='training_pipeline' AIRFLOW_CTX_TASK_ID='ingest_data' AIRFLOW_CTX_EXECUTION_DATE='2025-07-28T21:05:22+00:00' AIRFLOW_CTX_TRY_NUMBER='1' AIRFLOW_CTX_DAG_RUN_ID='triggered_by_drift_20250728_210522'
[2025-07-28T21:10:37.363+0000] {taskinstance.py:430} INFO - ::endgroup::
[2025-07-28T21:10:37.690+0000] {data_ingestion.py:62} INFO - Fetched 288 candles for BTC-USD from 2025-07-27 21:10:37.398157 to 2025-07-28 21:10:37.398157
[2025-07-28T21:10:37.728+0000] {data_ingestion.py:103} INFO - Saved data to S3: s3://crypto-mlops-bucket/data/historical_BTC_USD_20250728211037.csv
[2025-07-28T21:10:37.895+0000] {data_ingestion.py:62} INFO - Fetched 288 candles for ETH-USD from 2025-07-27 21:10:37.398157 to 2025-07-28 21:10:37.398157
[2025-07-28T21:10:37.929+0000] {data_ingestion.py:103} INFO - Saved data to S3: s3://crypto-mlops-bucket/data/historical_ETH_USD_20250728211037.csv
[2025-07-28T21:10:37.931+0000] {python.py:237} INFO - Done. Returned value was: None
[2025-07-28T21:10:37.932+0000] {taskinstance.py:441} INFO - ::group::Post task execution logs
[2025-07-28T21:10:37.945+0000] {taskinstance.py:1205} INFO - Marking task as SUCCESS. dag_id=training_pipeline, task_id=ingest_data, execution_date=20250728T210522, start_date=20250728T211037, end_date=20250728T211037
[2025-07-28T21:10:38.013+0000] {local_task_job_runner.py:240} INFO - Task exited with return code 0
[2025-07-28T21:10:38.041+0000] {taskinstance.py:3482} INFO - 1 downstream tasks scheduled from follow-on schedule check
[2025-07-28T21:10:38.044+0000] {local_task_job_runner.py:222} INFO - ::endgroup::
