[2025-07-27T16:09:40.729+0000] {local_task_job_runner.py:120} INFO - ::group::Pre task execution logs
[2025-07-27T16:09:40.769+0000] {taskinstance.py:2073} INFO - Dependencies all met for dep_context=non-requeueable deps ti=<TaskInstance: preprocessing_hourly.preprocess_and_upload manual__2025-07-27T15:58:37.027377+00:00 [queued]>
[2025-07-27T16:09:40.779+0000] {taskinstance.py:2073} INFO - Dependencies all met for dep_context=requeueable deps ti=<TaskInstance: preprocessing_hourly.preprocess_and_upload manual__2025-07-27T15:58:37.027377+00:00 [queued]>
[2025-07-27T16:09:40.780+0000] {taskinstance.py:2303} INFO - Starting attempt 2 of 2
[2025-07-27T16:09:41.003+0000] {taskinstance.py:2327} INFO - Executing <Task(PythonOperator): preprocess_and_upload> on 2025-07-27 15:58:37.027377+00:00
[2025-07-27T16:09:41.018+0000] {standard_task_runner.py:90} INFO - Running: ['***', 'tasks', 'run', 'preprocessing_hourly', 'preprocess_and_upload', 'manual__2025-07-27T15:58:37.027377+00:00', '--job-id', '10', '--raw', '--subdir', 'DAGS_FOLDER/ingestion_inference.py', '--cfg-path', '/tmp/tmpblsdyqs0']
[2025-07-27T16:09:41.019+0000] {logging_mixin.py:188} WARNING - /home/***/.local/lib/python3.12/site-packages/***/task/task_runner/standard_task_runner.py:61 DeprecationWarning: This process (pid=1694) is multi-threaded, use of fork() may lead to deadlocks in the child.
[2025-07-27T16:09:41.021+0000] {standard_task_runner.py:91} INFO - Job 10: Subtask preprocess_and_upload
[2025-07-27T16:09:41.021+0000] {standard_task_runner.py:63} INFO - Started process 1711 to run task
[2025-07-27T16:09:41.042+0000] {logging_mixin.py:188} WARNING - /home/***/.local/lib/python3.12/site-packages/***/settings.py:195 DeprecationWarning: The sql_alchemy_conn option in [core] has been moved to the sql_alchemy_conn option in [database] - the old setting has been used, but please update your config.
[2025-07-27T16:09:41.090+0000] {task_command.py:426} INFO - Running <TaskInstance: preprocessing_hourly.preprocess_and_upload manual__2025-07-27T15:58:37.027377+00:00 [running]> on host 50590821b8ff
[2025-07-27T16:09:41.198+0000] {taskinstance.py:2644} INFO - Exporting env vars: AIRFLOW_CTX_DAG_OWNER='mlops' AIRFLOW_CTX_DAG_ID='preprocessing_hourly' AIRFLOW_CTX_TASK_ID='preprocess_and_upload' AIRFLOW_CTX_EXECUTION_DATE='2025-07-27T15:58:37.027377+00:00' AIRFLOW_CTX_TRY_NUMBER='2' AIRFLOW_CTX_DAG_RUN_ID='manual__2025-07-27T15:58:37.027377+00:00'
[2025-07-27T16:09:41.200+0000] {taskinstance.py:430} INFO - ::endgroup::
[2025-07-27T16:09:41.234+0000] {ingestion_inference.py:53} INFO - Bucket crypto-mlops-bucket exists
[2025-07-27T16:09:41.464+0000] {data_ingestion.py:62} INFO - Fetched 300 candles for BTC-USD from 2025-06-27 16:09:41.247469 to 2025-06-28 17:09:41.247469
[2025-07-27T16:09:41.683+0000] {data_ingestion.py:62} INFO - Fetched 300 candles for BTC-USD from 2025-06-28 17:09:41.247469 to 2025-06-29 18:09:41.247469
[2025-07-27T16:09:42.182+0000] {data_ingestion.py:62} INFO - Fetched 300 candles for BTC-USD from 2025-06-29 18:09:41.247469 to 2025-06-30 19:09:41.247469
[2025-07-27T16:09:40.789+0000] {data_ingestion.py:62} INFO - Fetched 300 candles for BTC-USD from 2025-06-30 19:09:41.247469 to 2025-07-01 20:09:41.247469
[2025-07-27T16:09:40.958+0000] {data_ingestion.py:62} INFO - Fetched 300 candles for BTC-USD from 2025-07-01 20:09:41.247469 to 2025-07-02 21:09:41.247469
[2025-07-27T16:09:41.153+0000] {data_ingestion.py:62} INFO - Fetched 300 candles for BTC-USD from 2025-07-02 21:09:41.247469 to 2025-07-03 22:09:41.247469
[2025-07-27T16:09:41.351+0000] {data_ingestion.py:62} INFO - Fetched 300 candles for BTC-USD from 2025-07-03 22:09:41.247469 to 2025-07-04 23:09:41.247469
[2025-07-27T16:09:41.559+0000] {data_ingestion.py:62} INFO - Fetched 300 candles for BTC-USD from 2025-07-04 23:09:41.247469 to 2025-07-06 00:09:41.247469
[2025-07-27T16:09:41.754+0000] {data_ingestion.py:62} INFO - Fetched 300 candles for BTC-USD from 2025-07-06 00:09:41.247469 to 2025-07-07 01:09:41.247469
[2025-07-27T16:09:42.167+0000] {data_ingestion.py:62} INFO - Fetched 300 candles for BTC-USD from 2025-07-07 01:09:41.247469 to 2025-07-08 02:09:41.247469
[2025-07-27T16:09:42.372+0000] {data_ingestion.py:62} INFO - Fetched 300 candles for BTC-USD from 2025-07-08 02:09:41.247469 to 2025-07-09 03:09:41.247469
[2025-07-27T16:09:42.576+0000] {data_ingestion.py:62} INFO - Fetched 300 candles for BTC-USD from 2025-07-09 03:09:41.247469 to 2025-07-10 04:09:41.247469
[2025-07-27T16:09:42.742+0000] {data_ingestion.py:62} INFO - Fetched 300 candles for BTC-USD from 2025-07-10 04:09:41.247469 to 2025-07-11 05:09:41.247469
[2025-07-27T16:09:42.906+0000] {data_ingestion.py:62} INFO - Fetched 300 candles for BTC-USD from 2025-07-11 05:09:41.247469 to 2025-07-12 06:09:41.247469
[2025-07-27T16:09:43.119+0000] {data_ingestion.py:62} INFO - Fetched 300 candles for BTC-USD from 2025-07-12 06:09:41.247469 to 2025-07-13 07:09:41.247469
[2025-07-27T16:09:43.291+0000] {data_ingestion.py:62} INFO - Fetched 300 candles for BTC-USD from 2025-07-13 07:09:41.247469 to 2025-07-14 08:09:41.247469
[2025-07-27T16:09:43.459+0000] {data_ingestion.py:62} INFO - Fetched 300 candles for BTC-USD from 2025-07-14 08:09:41.247469 to 2025-07-15 09:09:41.247469
[2025-07-27T16:09:43.647+0000] {data_ingestion.py:62} INFO - Fetched 300 candles for BTC-USD from 2025-07-15 09:09:41.247469 to 2025-07-16 10:09:41.247469
[2025-07-27T16:09:43.854+0000] {data_ingestion.py:62} INFO - Fetched 300 candles for BTC-USD from 2025-07-16 10:09:41.247469 to 2025-07-17 11:09:41.247469
[2025-07-27T16:09:44.038+0000] {data_ingestion.py:62} INFO - Fetched 300 candles for BTC-USD from 2025-07-17 11:09:41.247469 to 2025-07-18 12:09:41.247469
[2025-07-27T16:09:44.198+0000] {data_ingestion.py:62} INFO - Fetched 300 candles for BTC-USD from 2025-07-18 12:09:41.247469 to 2025-07-19 13:09:41.247469
[2025-07-27T16:09:44.395+0000] {data_ingestion.py:62} INFO - Fetched 300 candles for BTC-USD from 2025-07-19 13:09:41.247469 to 2025-07-20 14:09:41.247469
[2025-07-27T16:09:44.595+0000] {data_ingestion.py:62} INFO - Fetched 300 candles for BTC-USD from 2025-07-20 14:09:41.247469 to 2025-07-21 15:09:41.247469
[2025-07-27T16:09:44.789+0000] {data_ingestion.py:62} INFO - Fetched 300 candles for BTC-USD from 2025-07-21 15:09:41.247469 to 2025-07-22 16:09:41.247469
[2025-07-27T16:09:44.965+0000] {data_ingestion.py:62} INFO - Fetched 300 candles for BTC-USD from 2025-07-22 16:09:41.247469 to 2025-07-23 17:09:41.247469
[2025-07-27T16:09:45.453+0000] {data_ingestion.py:62} INFO - Fetched 300 candles for BTC-USD from 2025-07-23 17:09:41.247469 to 2025-07-24 18:09:41.247469
[2025-07-27T16:09:45.665+0000] {data_ingestion.py:62} INFO - Fetched 300 candles for BTC-USD from 2025-07-24 18:09:41.247469 to 2025-07-25 19:09:41.247469
[2025-07-27T16:09:45.865+0000] {data_ingestion.py:62} INFO - Fetched 300 candles for BTC-USD from 2025-07-25 19:09:41.247469 to 2025-07-26 20:09:41.247469
[2025-07-27T16:09:46.274+0000] {data_ingestion.py:62} INFO - Fetched 240 candles for BTC-USD from 2025-07-26 20:09:41.247469 to 2025-07-27 16:09:41.247469
[2025-07-27T16:09:46.401+0000] {data_ingestion.py:103} INFO - Saved data to S3: s3://crypto-mlops-bucket/data/historical_BTC_USD_20250727160946.csv
[2025-07-27T16:09:46.811+0000] {data_ingestion.py:62} INFO - Fetched 300 candles for ETH-USD from 2025-06-27 16:09:41.247469 to 2025-06-28 17:09:41.247469
[2025-07-27T16:09:46.985+0000] {data_ingestion.py:62} INFO - Fetched 300 candles for ETH-USD from 2025-06-28 17:09:41.247469 to 2025-06-29 18:09:41.247469
[2025-07-27T16:09:47.154+0000] {data_ingestion.py:62} INFO - Fetched 300 candles for ETH-USD from 2025-06-29 18:09:41.247469 to 2025-06-30 19:09:41.247469
[2025-07-27T16:09:47.329+0000] {data_ingestion.py:62} INFO - Fetched 300 candles for ETH-USD from 2025-06-30 19:09:41.247469 to 2025-07-01 20:09:41.247469
[2025-07-27T16:09:47.527+0000] {data_ingestion.py:62} INFO - Fetched 300 candles for ETH-USD from 2025-07-01 20:09:41.247469 to 2025-07-02 21:09:41.247469
[2025-07-27T16:09:47.738+0000] {data_ingestion.py:62} INFO - Fetched 300 candles for ETH-USD from 2025-07-02 21:09:41.247469 to 2025-07-03 22:09:41.247469
[2025-07-27T16:09:47.940+0000] {data_ingestion.py:62} INFO - Fetched 300 candles for ETH-USD from 2025-07-03 22:09:41.247469 to 2025-07-04 23:09:41.247469
[2025-07-27T16:09:48.125+0000] {data_ingestion.py:62} INFO - Fetched 300 candles for ETH-USD from 2025-07-04 23:09:41.247469 to 2025-07-06 00:09:41.247469
[2025-07-27T16:09:48.329+0000] {data_ingestion.py:62} INFO - Fetched 300 candles for ETH-USD from 2025-07-06 00:09:41.247469 to 2025-07-07 01:09:41.247469
[2025-07-27T16:09:48.523+0000] {data_ingestion.py:62} INFO - Fetched 300 candles for ETH-USD from 2025-07-07 01:09:41.247469 to 2025-07-08 02:09:41.247469
[2025-07-27T16:09:48.967+0000] {data_ingestion.py:62} INFO - Fetched 300 candles for ETH-USD from 2025-07-08 02:09:41.247469 to 2025-07-09 03:09:41.247469
[2025-07-27T16:09:49.178+0000] {data_ingestion.py:62} INFO - Fetched 300 candles for ETH-USD from 2025-07-09 03:09:41.247469 to 2025-07-10 04:09:41.247469
[2025-07-27T16:09:49.700+0000] {data_ingestion.py:62} INFO - Fetched 300 candles for ETH-USD from 2025-07-10 04:09:41.247469 to 2025-07-11 05:09:41.247469
[2025-07-27T16:09:49.930+0000] {data_ingestion.py:62} INFO - Fetched 300 candles for ETH-USD from 2025-07-11 05:09:41.247469 to 2025-07-12 06:09:41.247469
[2025-07-27T16:09:50.096+0000] {data_ingestion.py:62} INFO - Fetched 300 candles for ETH-USD from 2025-07-12 06:09:41.247469 to 2025-07-13 07:09:41.247469
[2025-07-27T16:09:50.303+0000] {data_ingestion.py:62} INFO - Fetched 300 candles for ETH-USD from 2025-07-13 07:09:41.247469 to 2025-07-14 08:09:41.247469
[2025-07-27T16:09:50.506+0000] {data_ingestion.py:62} INFO - Fetched 300 candles for ETH-USD from 2025-07-14 08:09:41.247469 to 2025-07-15 09:09:41.247469
[2025-07-27T16:09:50.721+0000] {data_ingestion.py:62} INFO - Fetched 300 candles for ETH-USD from 2025-07-15 09:09:41.247469 to 2025-07-16 10:09:41.247469
[2025-07-27T16:09:51.133+0000] {data_ingestion.py:62} INFO - Fetched 300 candles for ETH-USD from 2025-07-16 10:09:41.247469 to 2025-07-17 11:09:41.247469
[2025-07-27T16:09:51.356+0000] {data_ingestion.py:62} INFO - Fetched 300 candles for ETH-USD from 2025-07-17 11:09:41.247469 to 2025-07-18 12:09:41.247469
[2025-07-27T16:09:51.555+0000] {data_ingestion.py:62} INFO - Fetched 300 candles for ETH-USD from 2025-07-18 12:09:41.247469 to 2025-07-19 13:09:41.247469
[2025-07-27T16:09:51.755+0000] {data_ingestion.py:62} INFO - Fetched 300 candles for ETH-USD from 2025-07-19 13:09:41.247469 to 2025-07-20 14:09:41.247469
[2025-07-27T16:09:52.542+0000] {data_ingestion.py:62} INFO - Fetched 300 candles for ETH-USD from 2025-07-20 14:09:41.247469 to 2025-07-21 15:09:41.247469
[2025-07-27T16:09:52.959+0000] {data_ingestion.py:62} INFO - Fetched 300 candles for ETH-USD from 2025-07-21 15:09:41.247469 to 2025-07-22 16:09:41.247469
[2025-07-27T16:09:53.181+0000] {data_ingestion.py:62} INFO - Fetched 300 candles for ETH-USD from 2025-07-22 16:09:41.247469 to 2025-07-23 17:09:41.247469
[2025-07-27T16:09:53.352+0000] {data_ingestion.py:62} INFO - Fetched 300 candles for ETH-USD from 2025-07-23 17:09:41.247469 to 2025-07-24 18:09:41.247469
[2025-07-27T16:09:53.520+0000] {data_ingestion.py:62} INFO - Fetched 300 candles for ETH-USD from 2025-07-24 18:09:41.247469 to 2025-07-25 19:09:41.247469
[2025-07-27T16:09:53.714+0000] {data_ingestion.py:62} INFO - Fetched 300 candles for ETH-USD from 2025-07-25 19:09:41.247469 to 2025-07-26 20:09:41.247469
[2025-07-27T16:09:53.905+0000] {data_ingestion.py:62} INFO - Fetched 240 candles for ETH-USD from 2025-07-26 20:09:41.247469 to 2025-07-27 16:09:41.247469
[2025-07-27T16:09:53.992+0000] {data_ingestion.py:103} INFO - Saved data to S3: s3://crypto-mlops-bucket/data/historical_ETH_USD_20250727160953.csv
[2025-07-27T16:09:54.035+0000] {data_processing.py:40} INFO - Loaded 288 records from S3: data/historical_BTC_USD_20250727155723.csv
[2025-07-27T16:09:54.055+0000] {data_processing.py:40} INFO - Loaded 8640 records from S3: data/historical_BTC_USD_20250727155848.csv
[2025-07-27T16:09:54.078+0000] {data_processing.py:40} INFO - Loaded 8640 records from S3: data/historical_BTC_USD_20250727160409.csv
[2025-07-27T16:09:54.101+0000] {data_processing.py:40} INFO - Loaded 8640 records from S3: data/historical_BTC_USD_20250727160429.csv
[2025-07-27T16:09:54.123+0000] {data_processing.py:40} INFO - Loaded 8640 records from S3: data/historical_BTC_USD_20250727160946.csv
[2025-07-27T16:09:54.130+0000] {data_processing.py:84} INFO - Combined 8642 records for BTC-USD
[2025-07-27T16:09:54.224+0000] {data_processing.py:162} INFO - Removed 50 rows with NaN values. Final shape: (8592, 84)
[2025-07-27T16:09:54.237+0000] {taskinstance.py:441} INFO - ::group::Post task execution logs
[2025-07-27T16:09:54.238+0000] {taskinstance.py:2890} ERROR - Task failed with exception
Traceback (most recent call last):
  File "/home/airflow/.local/lib/python3.12/site-packages/airflow/models/taskinstance.py", line 465, in _execute_task
    result = _execute_callable(context=context, **execute_callable_kwargs)
             ^^^^^^^^^^^^^^^^^^^^^^^^^^^^^^^^^^^^^^^^^^^^^^^^^^^^^^^^^^^^^
  File "/home/airflow/.local/lib/python3.12/site-packages/airflow/models/taskinstance.py", line 432, in _execute_callable
    return execute_callable(context=context, **execute_callable_kwargs)
           ^^^^^^^^^^^^^^^^^^^^^^^^^^^^^^^^^^^^^^^^^^^^^^^^^^^^^^^^^^^^
  File "/home/airflow/.local/lib/python3.12/site-packages/airflow/models/baseoperator.py", line 400, in wrapper
    return func(self, *args, **kwargs)
           ^^^^^^^^^^^^^^^^^^^^^^^^^^^
  File "/home/airflow/.local/lib/python3.12/site-packages/airflow/operators/python.py", line 235, in execute
    return_value = self.execute_callable()
                   ^^^^^^^^^^^^^^^^^^^^^^^
  File "/home/airflow/.local/lib/python3.12/site-packages/airflow/operators/python.py", line 252, in execute_callable
    return self.python_callable(*self.op_args, **self.op_kwargs)
           ^^^^^^^^^^^^^^^^^^^^^^^^^^^^^^^^^^^^^^^^^^^^^^^^^^^^^
  File "/opt/airflow/dags/ingestion_inference.py", line 76, in preprocess_and_upload
    X_scaled = processor.scaler.transform(X)
               ^^^^^^^^^^^^^^^^^^^^^^^^^^^^^
  File "/home/airflow/.local/lib/python3.12/site-packages/sklearn/utils/_set_output.py", line 316, in wrapped
    data_to_wrap = f(self, X, *args, **kwargs)
                   ^^^^^^^^^^^^^^^^^^^^^^^^^^^
  File "/home/airflow/.local/lib/python3.12/site-packages/sklearn/preprocessing/_data.py", line 1045, in transform
    X = self._validate_data(
        ^^^^^^^^^^^^^^^^^^^^
  File "/home/airflow/.local/lib/python3.12/site-packages/sklearn/base.py", line 608, in _validate_data
    self._check_feature_names(X, reset=reset)
  File "/home/airflow/.local/lib/python3.12/site-packages/sklearn/base.py", line 535, in _check_feature_names
    raise ValueError(message)
ValueError: The feature names should match those that were passed during fit.
Feature names seen at fit time, yet now missing:
- atr
- bbands_lower
- bbands_position
- bbands_upper
- close_lag_1
- ...

[2025-07-27T16:09:54.257+0000] {taskinstance.py:1205} INFO - Marking task as FAILED. dag_id=preprocessing_hourly, task_id=preprocess_and_upload, execution_date=20250727T155837, start_date=20250727T160940, end_date=20250727T160954
[2025-07-27T16:09:54.273+0000] {standard_task_runner.py:110} ERROR - Failed to execute job 10 for task preprocess_and_upload (The feature names should match those that were passed during fit.
Feature names seen at fit time, yet now missing:
- atr
- bbands_lower
- bbands_position
- bbands_upper
- close_lag_1
- ...
; 1711)
[2025-07-27T16:09:54.311+0000] {local_task_job_runner.py:240} INFO - Task exited with return code 1
[2025-07-27T16:09:54.329+0000] {taskinstance.py:3482} INFO - 0 downstream tasks scheduled from follow-on schedule check
[2025-07-27T16:09:54.332+0000] {local_task_job_runner.py:222} INFO - ::endgroup::
