[2025-07-27T20:21:09.387+0000] {local_task_job_runner.py:120} INFO - ::group::Pre task execution logs
[2025-07-27T20:21:09.417+0000] {taskinstance.py:2073} INFO - Dependencies all met for dep_context=non-requeueable deps ti=<TaskInstance: preprocessing_hourly.preprocess_and_upload manual__2025-07-27T20:20:40.104407+00:00 [queued]>
[2025-07-27T20:21:09.425+0000] {taskinstance.py:2073} INFO - Dependencies all met for dep_context=requeueable deps ti=<TaskInstance: preprocessing_hourly.preprocess_and_upload manual__2025-07-27T20:20:40.104407+00:00 [queued]>
[2025-07-27T20:21:09.457+0000] {taskinstance.py:2303} INFO - Starting attempt 1 of 2
[2025-07-27T20:21:09.474+0000] {taskinstance.py:2327} INFO - Executing <Task(PythonOperator): preprocess_and_upload> on 2025-07-27 20:20:40.104407+00:00
[2025-07-27T20:21:09.489+0000] {logging_mixin.py:188} WARNING - /home/***/.local/lib/python3.12/site-packages/***/task/task_runner/standard_task_runner.py:61 DeprecationWarning: This process (pid=592) is multi-threaded, use of fork() may lead to deadlocks in the child.
[2025-07-27T20:21:09.491+0000] {standard_task_runner.py:63} INFO - Started process 609 to run task
[2025-07-27T20:21:09.489+0000] {standard_task_runner.py:90} INFO - Running: ['***', 'tasks', 'run', 'preprocessing_hourly', 'preprocess_and_upload', 'manual__2025-07-27T20:20:40.104407+00:00', '--job-id', '8', '--raw', '--subdir', 'DAGS_FOLDER/ingestion_inference.py', '--cfg-path', '/tmp/tmp_d_vr1x2']
[2025-07-27T20:21:09.493+0000] {standard_task_runner.py:91} INFO - Job 8: Subtask preprocess_and_upload
[2025-07-27T20:21:09.509+0000] {logging_mixin.py:188} WARNING - /home/***/.local/lib/python3.12/site-packages/***/settings.py:195 DeprecationWarning: The sql_alchemy_conn option in [core] has been moved to the sql_alchemy_conn option in [database] - the old setting has been used, but please update your config.
[2025-07-27T20:21:09.554+0000] {task_command.py:426} INFO - Running <TaskInstance: preprocessing_hourly.preprocess_and_upload manual__2025-07-27T20:20:40.104407+00:00 [running]> on host f9a2821ac4f4
[2025-07-27T20:21:09.686+0000] {taskinstance.py:2644} INFO - Exporting env vars: AIRFLOW_CTX_DAG_OWNER='mlops' AIRFLOW_CTX_DAG_ID='preprocessing_hourly' AIRFLOW_CTX_TASK_ID='preprocess_and_upload' AIRFLOW_CTX_EXECUTION_DATE='2025-07-27T20:20:40.104407+00:00' AIRFLOW_CTX_TRY_NUMBER='1' AIRFLOW_CTX_DAG_RUN_ID='manual__2025-07-27T20:20:40.104407+00:00'
[2025-07-27T20:21:09.687+0000] {taskinstance.py:430} INFO - ::endgroup::
[2025-07-27T20:21:09.703+0000] {logging_mixin.py:188} WARNING - /home/***/.local/lib/python3.12/site-packages/***/utils/context.py:320 AirflowContextDeprecationWarning: Accessing 'execution_date' from the template is deprecated and will be removed in a future version. Please use 'data_interval_start' or 'logical_date' instead.
[2025-07-27T20:21:09.703+0000] {ingestion_inference.py:65} INFO - [DEBUG] Execution date: 2025-07-27 20:20:40.104407+00:00 (type=<class 'Proxy'>)
[2025-07-27T20:21:09.720+0000] {ingestion_inference.py:53} INFO - Bucket crypto-mlops-bucket exists
[2025-07-27T20:21:09.721+0000] {ingestion_inference.py:73} INFO - === Début du préprocessing ===
[2025-07-27T20:21:09.971+0000] {data_ingestion.py:62} INFO - Fetched 300 candles for BTC-USD from 2025-06-27 20:21:09.737482 to 2025-06-28 21:21:09.737482
[2025-07-27T20:21:10.173+0000] {data_ingestion.py:62} INFO - Fetched 300 candles for BTC-USD from 2025-06-28 21:21:09.737482 to 2025-06-29 22:21:09.737482
[2025-07-27T20:21:10.363+0000] {data_ingestion.py:62} INFO - Fetched 300 candles for BTC-USD from 2025-06-29 22:21:09.737482 to 2025-06-30 23:21:09.737482
[2025-07-27T20:21:10.538+0000] {data_ingestion.py:62} INFO - Fetched 300 candles for BTC-USD from 2025-06-30 23:21:09.737482 to 2025-07-02 00:21:09.737482
[2025-07-27T20:21:10.723+0000] {data_ingestion.py:62} INFO - Fetched 300 candles for BTC-USD from 2025-07-02 00:21:09.737482 to 2025-07-03 01:21:09.737482
[2025-07-27T20:21:10.909+0000] {data_ingestion.py:62} INFO - Fetched 300 candles for BTC-USD from 2025-07-03 01:21:09.737482 to 2025-07-04 02:21:09.737482
[2025-07-27T20:21:11.096+0000] {data_ingestion.py:62} INFO - Fetched 300 candles for BTC-USD from 2025-07-04 02:21:09.737482 to 2025-07-05 03:21:09.737482
[2025-07-27T20:21:11.287+0000] {data_ingestion.py:62} INFO - Fetched 300 candles for BTC-USD from 2025-07-05 03:21:09.737482 to 2025-07-06 04:21:09.737482
[2025-07-27T20:21:11.476+0000] {data_ingestion.py:62} INFO - Fetched 300 candles for BTC-USD from 2025-07-06 04:21:09.737482 to 2025-07-07 05:21:09.737482
[2025-07-27T20:21:11.664+0000] {data_ingestion.py:62} INFO - Fetched 300 candles for BTC-USD from 2025-07-07 05:21:09.737482 to 2025-07-08 06:21:09.737482
[2025-07-27T20:21:11.880+0000] {data_ingestion.py:62} INFO - Fetched 300 candles for BTC-USD from 2025-07-08 06:21:09.737482 to 2025-07-09 07:21:09.737482
[2025-07-27T20:21:12.238+0000] {data_ingestion.py:62} INFO - Fetched 300 candles for BTC-USD from 2025-07-09 07:21:09.737482 to 2025-07-10 08:21:09.737482
[2025-07-27T20:21:12.432+0000] {data_ingestion.py:62} INFO - Fetched 300 candles for BTC-USD from 2025-07-10 08:21:09.737482 to 2025-07-11 09:21:09.737482
[2025-07-27T20:21:12.619+0000] {data_ingestion.py:62} INFO - Fetched 300 candles for BTC-USD from 2025-07-11 09:21:09.737482 to 2025-07-12 10:21:09.737482
[2025-07-27T20:21:12.651+0000] {data_ingestion.py:62} INFO - Fetched 300 candles for BTC-USD from 2025-07-12 10:21:09.737482 to 2025-07-13 11:21:09.737482
[2025-07-27T20:21:12.853+0000] {data_ingestion.py:62} INFO - Fetched 300 candles for BTC-USD from 2025-07-13 11:21:09.737482 to 2025-07-14 12:21:09.737482
[2025-07-27T20:21:13.035+0000] {data_ingestion.py:62} INFO - Fetched 300 candles for BTC-USD from 2025-07-14 12:21:09.737482 to 2025-07-15 13:21:09.737482
[2025-07-27T20:21:13.244+0000] {data_ingestion.py:62} INFO - Fetched 300 candles for BTC-USD from 2025-07-15 13:21:09.737482 to 2025-07-16 14:21:09.737482
[2025-07-27T20:21:13.669+0000] {data_ingestion.py:62} INFO - Fetched 300 candles for BTC-USD from 2025-07-16 14:21:09.737482 to 2025-07-17 15:21:09.737482
[2025-07-27T20:21:14.394+0000] {data_ingestion.py:62} INFO - Fetched 300 candles for BTC-USD from 2025-07-17 15:21:09.737482 to 2025-07-18 16:21:09.737482
[2025-07-27T20:21:14.593+0000] {data_ingestion.py:62} INFO - Fetched 300 candles for BTC-USD from 2025-07-18 16:21:09.737482 to 2025-07-19 17:21:09.737482
[2025-07-27T20:21:14.796+0000] {data_ingestion.py:62} INFO - Fetched 300 candles for BTC-USD from 2025-07-19 17:21:09.737482 to 2025-07-20 18:21:09.737482
[2025-07-27T20:21:15.274+0000] {data_ingestion.py:62} INFO - Fetched 300 candles for BTC-USD from 2025-07-20 18:21:09.737482 to 2025-07-21 19:21:09.737482
[2025-07-27T20:21:15.500+0000] {data_ingestion.py:62} INFO - Fetched 300 candles for BTC-USD from 2025-07-21 19:21:09.737482 to 2025-07-22 20:21:09.737482
[2025-07-27T20:21:16.843+0000] {data_ingestion.py:62} INFO - Fetched 300 candles for BTC-USD from 2025-07-22 20:21:09.737482 to 2025-07-23 21:21:09.737482
[2025-07-27T20:21:17.056+0000] {data_ingestion.py:62} INFO - Fetched 300 candles for BTC-USD from 2025-07-23 21:21:09.737482 to 2025-07-24 22:21:09.737482
[2025-07-27T20:21:17.502+0000] {data_ingestion.py:62} INFO - Fetched 300 candles for BTC-USD from 2025-07-24 22:21:09.737482 to 2025-07-25 23:21:09.737482
[2025-07-27T20:21:17.840+0000] {data_ingestion.py:62} INFO - Fetched 300 candles for BTC-USD from 2025-07-25 23:21:09.737482 to 2025-07-27 00:21:09.737482
[2025-07-27T20:21:18.245+0000] {data_ingestion.py:62} INFO - Fetched 240 candles for BTC-USD from 2025-07-27 00:21:09.737482 to 2025-07-27 20:21:09.737482
[2025-07-27T20:21:18.398+0000] {data_ingestion.py:103} INFO - Saved data to S3: s3://crypto-mlops-bucket/data/historical_BTC_USD_20250727202118.csv
[2025-07-27T20:21:18.568+0000] {data_ingestion.py:62} INFO - Fetched 300 candles for ETH-USD from 2025-06-27 20:21:09.737482 to 2025-06-28 21:21:09.737482
[2025-07-27T20:21:18.752+0000] {data_ingestion.py:62} INFO - Fetched 300 candles for ETH-USD from 2025-06-28 21:21:09.737482 to 2025-06-29 22:21:09.737482
[2025-07-27T20:21:18.931+0000] {data_ingestion.py:62} INFO - Fetched 300 candles for ETH-USD from 2025-06-29 22:21:09.737482 to 2025-06-30 23:21:09.737482
[2025-07-27T20:21:19.309+0000] {data_ingestion.py:62} INFO - Fetched 300 candles for ETH-USD from 2025-06-30 23:21:09.737482 to 2025-07-02 00:21:09.737482
[2025-07-27T20:21:19.848+0000] {data_ingestion.py:62} INFO - Fetched 300 candles for ETH-USD from 2025-07-02 00:21:09.737482 to 2025-07-03 01:21:09.737482
[2025-07-27T20:21:20.050+0000] {data_ingestion.py:62} INFO - Fetched 300 candles for ETH-USD from 2025-07-03 01:21:09.737482 to 2025-07-04 02:21:09.737482
[2025-07-27T20:21:22.406+0000] {data_ingestion.py:62} INFO - Fetched 300 candles for ETH-USD from 2025-07-04 02:21:09.737482 to 2025-07-05 03:21:09.737482
[2025-07-27T20:21:22.571+0000] {data_ingestion.py:62} INFO - Fetched 300 candles for ETH-USD from 2025-07-05 03:21:09.737482 to 2025-07-06 04:21:09.737482
[2025-07-27T20:21:23.061+0000] {data_ingestion.py:62} INFO - Fetched 300 candles for ETH-USD from 2025-07-06 04:21:09.737482 to 2025-07-07 05:21:09.737482
[2025-07-27T20:21:23.473+0000] {data_ingestion.py:62} INFO - Fetched 300 candles for ETH-USD from 2025-07-07 05:21:09.737482 to 2025-07-08 06:21:09.737482
[2025-07-27T20:21:23.917+0000] {data_ingestion.py:62} INFO - Fetched 300 candles for ETH-USD from 2025-07-08 06:21:09.737482 to 2025-07-09 07:21:09.737482
[2025-07-27T20:21:24.119+0000] {data_ingestion.py:62} INFO - Fetched 300 candles for ETH-USD from 2025-07-09 07:21:09.737482 to 2025-07-10 08:21:09.737482
[2025-07-27T20:21:24.348+0000] {data_ingestion.py:62} INFO - Fetched 300 candles for ETH-USD from 2025-07-10 08:21:09.737482 to 2025-07-11 09:21:09.737482
[2025-07-27T20:21:24.539+0000] {data_ingestion.py:62} INFO - Fetched 300 candles for ETH-USD from 2025-07-11 09:21:09.737482 to 2025-07-12 10:21:09.737482
[2025-07-27T20:21:24.749+0000] {data_ingestion.py:62} INFO - Fetched 300 candles for ETH-USD from 2025-07-12 10:21:09.737482 to 2025-07-13 11:21:09.737482
[2025-07-27T20:21:24.911+0000] {data_ingestion.py:62} INFO - Fetched 300 candles for ETH-USD from 2025-07-13 11:21:09.737482 to 2025-07-14 12:21:09.737482
[2025-07-27T20:21:25.110+0000] {data_ingestion.py:62} INFO - Fetched 300 candles for ETH-USD from 2025-07-14 12:21:09.737482 to 2025-07-15 13:21:09.737482
[2025-07-27T20:21:25.302+0000] {data_ingestion.py:62} INFO - Fetched 300 candles for ETH-USD from 2025-07-15 13:21:09.737482 to 2025-07-16 14:21:09.737482
[2025-07-27T20:21:25.874+0000] {data_ingestion.py:62} INFO - Fetched 300 candles for ETH-USD from 2025-07-16 14:21:09.737482 to 2025-07-17 15:21:09.737482
[2025-07-27T20:21:26.167+0000] {data_ingestion.py:62} INFO - Fetched 300 candles for ETH-USD from 2025-07-17 15:21:09.737482 to 2025-07-18 16:21:09.737482
[2025-07-27T20:21:26.579+0000] {data_ingestion.py:62} INFO - Fetched 300 candles for ETH-USD from 2025-07-18 16:21:09.737482 to 2025-07-19 17:21:09.737482
[2025-07-27T20:21:26.778+0000] {data_ingestion.py:62} INFO - Fetched 300 candles for ETH-USD from 2025-07-19 17:21:09.737482 to 2025-07-20 18:21:09.737482
[2025-07-27T20:21:26.969+0000] {data_ingestion.py:62} INFO - Fetched 300 candles for ETH-USD from 2025-07-20 18:21:09.737482 to 2025-07-21 19:21:09.737482
[2025-07-27T20:21:27.376+0000] {data_ingestion.py:62} INFO - Fetched 300 candles for ETH-USD from 2025-07-21 19:21:09.737482 to 2025-07-22 20:21:09.737482
[2025-07-27T20:21:27.557+0000] {data_ingestion.py:62} INFO - Fetched 300 candles for ETH-USD from 2025-07-22 20:21:09.737482 to 2025-07-23 21:21:09.737482
[2025-07-27T20:21:27.729+0000] {data_ingestion.py:62} INFO - Fetched 300 candles for ETH-USD from 2025-07-23 21:21:09.737482 to 2025-07-24 22:21:09.737482
[2025-07-27T20:21:28.654+0000] {data_ingestion.py:62} INFO - Fetched 300 candles for ETH-USD from 2025-07-24 22:21:09.737482 to 2025-07-25 23:21:09.737482
[2025-07-27T20:21:28.861+0000] {data_ingestion.py:62} INFO - Fetched 300 candles for ETH-USD from 2025-07-25 23:21:09.737482 to 2025-07-27 00:21:09.737482
[2025-07-27T20:21:29.076+0000] {data_ingestion.py:62} INFO - Fetched 240 candles for ETH-USD from 2025-07-27 00:21:09.737482 to 2025-07-27 20:21:09.737482
[2025-07-27T20:21:29.195+0000] {data_ingestion.py:103} INFO - Saved data to S3: s3://crypto-mlops-bucket/data/historical_ETH_USD_20250727202129.csv
[2025-07-27T20:21:29.196+0000] {ingestion_inference.py:78} INFO - Données brutes récupérées : shape=(8640, 7)
[2025-07-27T20:21:29.196+0000] {ingestion_inference.py:79} INFO - Colonnes brutes : ['timestamp', 'low', 'high', 'open', 'close', 'volume', 'symbol']
[2025-07-27T20:21:29.251+0000] {data_processing.py:40} INFO - Loaded 288 records from S3: data/historical_BTC_USD_20250727201925.csv
[2025-07-27T20:21:29.288+0000] {logging_mixin.py:188} WARNING - /opt/***/src/data_processing.py:39 UserWarning: Could not infer format, so each element will be parsed individually, falling back to `dateutil`. To ensure parsing is consistent and as-expected, please specify a format.
[2025-07-27T20:21:29.293+0000] {data_processing.py:40} INFO - Loaded 8640 records from S3: data/historical_BTC_USD_20250727202051.csv
[2025-07-27T20:21:29.324+0000] {logging_mixin.py:188} WARNING - /opt/***/src/data_processing.py:39 UserWarning: Could not infer format, so each element will be parsed individually, falling back to `dateutil`. To ensure parsing is consistent and as-expected, please specify a format.
[2025-07-27T20:21:29.329+0000] {data_processing.py:40} INFO - Loaded 8640 records from S3: data/historical_BTC_USD_20250727202118.csv
[2025-07-27T20:21:29.337+0000] {data_processing.py:84} INFO - Combined 8640 records for BTC-USD
[2025-07-27T20:21:29.339+0000] {ingestion_inference.py:83} INFO - Données combinées après combine_datasets : shape=(8640, 7)
[2025-07-27T20:21:29.545+0000] {data_processing.py:162} INFO - Removed 50 rows with NaN values. Final shape: (8590, 84)
[2025-07-27T20:21:29.546+0000] {ingestion_inference.py:86} INFO - Données après feature engineering : shape=(8590, 84)
[2025-07-27T20:21:29.566+0000] {ingestion_inference.py:90} INFO - Scaler chargé : StandardScaler()
[2025-07-27T20:21:29.584+0000] {logging_mixin.py:188} WARNING - /opt/***/src/data_processing.py:177 FutureWarning: DataFrame.fillna with 'method' is deprecated and will raise in a future version. Use obj.ffill() or obj.bfill() instead.
[2025-07-27T20:21:29.601+0000] {data_processing.py:179} INFO - Prepared features: (8590, 80), Target: (8590,)
[2025-07-27T20:21:29.602+0000] {data_processing.py:180} INFO - Feature columns: 80
[2025-07-27T20:21:29.627+0000] {ingestion_inference.py:102} INFO - Extraction dernière ligne : shape=(1, 81)
[2025-07-27T20:21:29.679+0000] {ingestion_inference.py:113} INFO - ✅ Uploaded to s3://crypto-mlops-bucket/features/date=2025-07-27/hour=20/features.parquet
[2025-07-27T20:21:29.680+0000] {ingestion_inference.py:115} INFO - === Fin du préprocessing ===
[2025-07-27T20:21:29.683+0000] {python.py:237} INFO - Done. Returned value was: None
[2025-07-27T20:21:29.686+0000] {taskinstance.py:441} INFO - ::group::Post task execution logs
[2025-07-27T20:21:29.703+0000] {taskinstance.py:1205} INFO - Marking task as SUCCESS. dag_id=preprocessing_hourly, task_id=preprocess_and_upload, execution_date=20250727T202040, start_date=20250727T202109, end_date=20250727T202129
[2025-07-27T20:21:29.948+0000] {local_task_job_runner.py:240} INFO - Task exited with return code 0
[2025-07-27T20:21:29.972+0000] {taskinstance.py:3482} INFO - 0 downstream tasks scheduled from follow-on schedule check
[2025-07-27T20:21:30.005+0000] {local_task_job_runner.py:222} INFO - ::endgroup::
