[2025-07-28T15:31:49.333+0000] {local_task_job_runner.py:120} INFO - ::group::Pre task execution logs
[2025-07-28T15:31:49.369+0000] {taskinstance.py:2073} INFO - Dependencies all met for dep_context=non-requeueable deps ti=<TaskInstance: preprocessing_hourly.preprocess_and_predict manual__2025-07-28T15:31:45.413861+00:00 [queued]>
[2025-07-28T15:31:49.376+0000] {taskinstance.py:2073} INFO - Dependencies all met for dep_context=requeueable deps ti=<TaskInstance: preprocessing_hourly.preprocess_and_predict manual__2025-07-28T15:31:45.413861+00:00 [queued]>
[2025-07-28T15:31:49.377+0000] {taskinstance.py:2303} INFO - Starting attempt 1 of 2
[2025-07-28T15:31:49.390+0000] {taskinstance.py:2327} INFO - Executing <Task(PythonOperator): preprocess_and_predict> on 2025-07-28 15:31:45.413861+00:00
[2025-07-28T15:31:49.405+0000] {logging_mixin.py:188} WARNING - /home/***/.local/lib/python3.12/site-packages/***/task/task_runner/standard_task_runner.py:61 DeprecationWarning: This process (pid=24936) is multi-threaded, use of fork() may lead to deadlocks in the child.
[2025-07-28T15:31:49.404+0000] {standard_task_runner.py:90} INFO - Running: ['***', 'tasks', 'run', 'preprocessing_hourly', 'preprocess_and_predict', 'manual__2025-07-28T15:31:45.413861+00:00', '--job-id', '20', '--raw', '--subdir', 'DAGS_FOLDER/ingestion_inference.py', '--cfg-path', '/tmp/tmpu_s01vs_']
[2025-07-28T15:31:49.407+0000] {standard_task_runner.py:63} INFO - Started process 24954 to run task
[2025-07-28T15:31:49.407+0000] {standard_task_runner.py:91} INFO - Job 20: Subtask preprocess_and_predict
[2025-07-28T15:31:49.425+0000] {logging_mixin.py:188} WARNING - /home/***/.local/lib/python3.12/site-packages/***/settings.py:195 DeprecationWarning: The sql_alchemy_conn option in [core] has been moved to the sql_alchemy_conn option in [database] - the old setting has been used, but please update your config.
[2025-07-28T15:31:49.470+0000] {task_command.py:426} INFO - Running <TaskInstance: preprocessing_hourly.preprocess_and_predict manual__2025-07-28T15:31:45.413861+00:00 [running]> on host d78ad09e75e4
[2025-07-28T15:31:49.568+0000] {taskinstance.py:2644} INFO - Exporting env vars: AIRFLOW_CTX_DAG_OWNER='mlops' AIRFLOW_CTX_DAG_ID='preprocessing_hourly' AIRFLOW_CTX_TASK_ID='preprocess_and_predict' AIRFLOW_CTX_EXECUTION_DATE='2025-07-28T15:31:45.413861+00:00' AIRFLOW_CTX_TRY_NUMBER='1' AIRFLOW_CTX_DAG_RUN_ID='manual__2025-07-28T15:31:45.413861+00:00'
[2025-07-28T15:31:49.570+0000] {taskinstance.py:430} INFO - ::endgroup::
[2025-07-28T15:31:49.585+0000] {logging_mixin.py:188} WARNING - /home/***/.local/lib/python3.12/site-packages/***/utils/context.py:320 AirflowContextDeprecationWarning: Accessing 'execution_date' from the template is deprecated and will be removed in a future version. Please use 'data_interval_start' or 'logical_date' instead.
[2025-07-28T15:31:49.585+0000] {ingestion_inference.py:67} INFO - [DEBUG] Execution date: 2025-07-28 15:31:45.413861+00:00 (type=<class 'Proxy'>)
[2025-07-28T15:31:49.610+0000] {ingestion_inference.py:56} INFO - Bucket crypto-mlops-bucket exists
[2025-07-28T15:31:49.610+0000] {ingestion_inference.py:74} INFO - === Début du préprocessing ===
[2025-07-28T15:31:49.872+0000] {data_ingestion.py:62} INFO - Fetched 300 candles for BTC-USD from 2025-06-28 15:31:49.624713 to 2025-06-29 16:31:49.624713
[2025-07-28T15:31:50.082+0000] {data_ingestion.py:62} INFO - Fetched 300 candles for BTC-USD from 2025-06-29 16:31:49.624713 to 2025-06-30 17:31:49.624713
[2025-07-28T15:31:50.249+0000] {data_ingestion.py:62} INFO - Fetched 300 candles for BTC-USD from 2025-06-30 17:31:49.624713 to 2025-07-01 18:31:49.624713
[2025-07-28T15:31:50.459+0000] {data_ingestion.py:62} INFO - Fetched 300 candles for BTC-USD from 2025-07-01 18:31:49.624713 to 2025-07-02 19:31:49.624713
[2025-07-28T15:31:50.627+0000] {data_ingestion.py:62} INFO - Fetched 300 candles for BTC-USD from 2025-07-02 19:31:49.624713 to 2025-07-03 20:31:49.624713
[2025-07-28T15:31:50.781+0000] {data_ingestion.py:62} INFO - Fetched 300 candles for BTC-USD from 2025-07-03 20:31:49.624713 to 2025-07-04 21:31:49.624713
[2025-07-28T15:31:51.267+0000] {data_ingestion.py:62} INFO - Fetched 300 candles for BTC-USD from 2025-07-04 21:31:49.624713 to 2025-07-05 22:31:49.624713
[2025-07-28T15:31:51.673+0000] {data_ingestion.py:62} INFO - Fetched 300 candles for BTC-USD from 2025-07-05 22:31:49.624713 to 2025-07-06 23:31:49.624713
[2025-07-28T15:31:52.088+0000] {data_ingestion.py:62} INFO - Fetched 300 candles for BTC-USD from 2025-07-06 23:31:49.624713 to 2025-07-08 00:31:49.624713
[2025-07-28T15:31:52.281+0000] {data_ingestion.py:62} INFO - Fetched 300 candles for BTC-USD from 2025-07-08 00:31:49.624713 to 2025-07-09 01:31:49.624713
[2025-07-28T15:31:52.494+0000] {data_ingestion.py:62} INFO - Fetched 300 candles for BTC-USD from 2025-07-09 01:31:49.624713 to 2025-07-10 02:31:49.624713
[2025-07-28T15:31:52.673+0000] {data_ingestion.py:62} INFO - Fetched 300 candles for BTC-USD from 2025-07-10 02:31:49.624713 to 2025-07-11 03:31:49.624713
[2025-07-28T15:31:52.860+0000] {data_ingestion.py:62} INFO - Fetched 300 candles for BTC-USD from 2025-07-11 03:31:49.624713 to 2025-07-12 04:31:49.624713
[2025-07-28T15:31:53.340+0000] {data_ingestion.py:62} INFO - Fetched 300 candles for BTC-USD from 2025-07-12 04:31:49.624713 to 2025-07-13 05:31:49.624713
[2025-07-28T15:31:53.735+0000] {data_ingestion.py:62} INFO - Fetched 300 candles for BTC-USD from 2025-07-13 05:31:49.624713 to 2025-07-14 06:31:49.624713
[2025-07-28T15:31:53.917+0000] {data_ingestion.py:62} INFO - Fetched 300 candles for BTC-USD from 2025-07-14 06:31:49.624713 to 2025-07-15 07:31:49.624713
[2025-07-28T15:31:54.102+0000] {data_ingestion.py:62} INFO - Fetched 300 candles for BTC-USD from 2025-07-15 07:31:49.624713 to 2025-07-16 08:31:49.624713
[2025-07-28T15:31:54.309+0000] {data_ingestion.py:62} INFO - Fetched 300 candles for BTC-USD from 2025-07-16 08:31:49.624713 to 2025-07-17 09:31:49.624713
[2025-07-28T15:31:54.512+0000] {data_ingestion.py:62} INFO - Fetched 300 candles for BTC-USD from 2025-07-17 09:31:49.624713 to 2025-07-18 10:31:49.624713
[2025-07-28T15:31:54.964+0000] {data_ingestion.py:62} INFO - Fetched 300 candles for BTC-USD from 2025-07-18 10:31:49.624713 to 2025-07-19 11:31:49.624713
[2025-07-28T15:31:55.151+0000] {data_ingestion.py:62} INFO - Fetched 300 candles for BTC-USD from 2025-07-19 11:31:49.624713 to 2025-07-20 12:31:49.624713
[2025-07-28T15:31:55.367+0000] {data_ingestion.py:62} INFO - Fetched 300 candles for BTC-USD from 2025-07-20 12:31:49.624713 to 2025-07-21 13:31:49.624713
[2025-07-28T15:31:55.524+0000] {data_ingestion.py:62} INFO - Fetched 300 candles for BTC-USD from 2025-07-21 13:31:49.624713 to 2025-07-22 14:31:49.624713
[2025-07-28T15:31:55.983+0000] {data_ingestion.py:62} INFO - Fetched 300 candles for BTC-USD from 2025-07-22 14:31:49.624713 to 2025-07-23 15:31:49.624713
[2025-07-28T15:31:56.173+0000] {data_ingestion.py:62} INFO - Fetched 300 candles for BTC-USD from 2025-07-23 15:31:49.624713 to 2025-07-24 16:31:49.624713
[2025-07-28T15:31:56.648+0000] {data_ingestion.py:62} INFO - Fetched 300 candles for BTC-USD from 2025-07-24 16:31:49.624713 to 2025-07-25 17:31:49.624713
[2025-07-28T15:31:56.852+0000] {data_ingestion.py:62} INFO - Fetched 300 candles for BTC-USD from 2025-07-25 17:31:49.624713 to 2025-07-26 18:31:49.624713
[2025-07-28T15:31:57.019+0000] {data_ingestion.py:62} INFO - Fetched 300 candles for BTC-USD from 2025-07-26 18:31:49.624713 to 2025-07-27 19:31:49.624713
[2025-07-28T15:31:57.216+0000] {data_ingestion.py:62} INFO - Fetched 240 candles for BTC-USD from 2025-07-27 19:31:49.624713 to 2025-07-28 15:31:49.624713
[2025-07-28T15:31:57.310+0000] {data_ingestion.py:103} INFO - Saved data to S3: s3://crypto-mlops-bucket/data/historical_BTC_USD_20250728153157.csv
[2025-07-28T15:31:57.472+0000] {data_ingestion.py:62} INFO - Fetched 300 candles for ETH-USD from 2025-06-28 15:31:49.624713 to 2025-06-29 16:31:49.624713
[2025-07-28T15:31:57.638+0000] {data_ingestion.py:62} INFO - Fetched 300 candles for ETH-USD from 2025-06-29 16:31:49.624713 to 2025-06-30 17:31:49.624713
[2025-07-28T15:31:57.862+0000] {data_ingestion.py:62} INFO - Fetched 300 candles for ETH-USD from 2025-06-30 17:31:49.624713 to 2025-07-01 18:31:49.624713
[2025-07-28T15:31:58.032+0000] {data_ingestion.py:62} INFO - Fetched 300 candles for ETH-USD from 2025-07-01 18:31:49.624713 to 2025-07-02 19:31:49.624713
[2025-07-28T15:31:58.236+0000] {data_ingestion.py:62} INFO - Fetched 300 candles for ETH-USD from 2025-07-02 19:31:49.624713 to 2025-07-03 20:31:49.624713
[2025-07-28T15:31:58.433+0000] {data_ingestion.py:62} INFO - Fetched 300 candles for ETH-USD from 2025-07-03 20:31:49.624713 to 2025-07-04 21:31:49.624713
[2025-07-28T15:31:58.592+0000] {data_ingestion.py:62} INFO - Fetched 300 candles for ETH-USD from 2025-07-04 21:31:49.624713 to 2025-07-05 22:31:49.624713
[2025-07-28T15:31:58.850+0000] {data_ingestion.py:62} INFO - Fetched 300 candles for ETH-USD from 2025-07-05 22:31:49.624713 to 2025-07-06 23:31:49.624713
[2025-07-28T15:31:59.043+0000] {data_ingestion.py:62} INFO - Fetched 300 candles for ETH-USD from 2025-07-06 23:31:49.624713 to 2025-07-08 00:31:49.624713
[2025-07-28T15:31:59.207+0000] {data_ingestion.py:62} INFO - Fetched 300 candles for ETH-USD from 2025-07-08 00:31:49.624713 to 2025-07-09 01:31:49.624713
[2025-07-28T15:31:59.405+0000] {data_ingestion.py:62} INFO - Fetched 300 candles for ETH-USD from 2025-07-09 01:31:49.624713 to 2025-07-10 02:31:49.624713
[2025-07-28T15:31:59.602+0000] {data_ingestion.py:62} INFO - Fetched 300 candles for ETH-USD from 2025-07-10 02:31:49.624713 to 2025-07-11 03:31:49.624713
[2025-07-28T15:31:59.757+0000] {data_ingestion.py:62} INFO - Fetched 300 candles for ETH-USD from 2025-07-11 03:31:49.624713 to 2025-07-12 04:31:49.624713
[2025-07-28T15:31:59.955+0000] {data_ingestion.py:62} INFO - Fetched 300 candles for ETH-USD from 2025-07-12 04:31:49.624713 to 2025-07-13 05:31:49.624713
[2025-07-28T15:32:00.147+0000] {data_ingestion.py:62} INFO - Fetched 300 candles for ETH-USD from 2025-07-13 05:31:49.624713 to 2025-07-14 06:31:49.624713
[2025-07-28T15:32:00.369+0000] {data_ingestion.py:62} INFO - Fetched 300 candles for ETH-USD from 2025-07-14 06:31:49.624713 to 2025-07-15 07:31:49.624713
[2025-07-28T15:32:00.562+0000] {data_ingestion.py:62} INFO - Fetched 300 candles for ETH-USD from 2025-07-15 07:31:49.624713 to 2025-07-16 08:31:49.624713
[2025-07-28T15:32:00.735+0000] {data_ingestion.py:62} INFO - Fetched 300 candles for ETH-USD from 2025-07-16 08:31:49.624713 to 2025-07-17 09:31:49.624713
[2025-07-28T15:32:00.899+0000] {data_ingestion.py:62} INFO - Fetched 300 candles for ETH-USD from 2025-07-17 09:31:49.624713 to 2025-07-18 10:31:49.624713
[2025-07-28T15:32:01.129+0000] {data_ingestion.py:62} INFO - Fetched 300 candles for ETH-USD from 2025-07-18 10:31:49.624713 to 2025-07-19 11:31:49.624713
[2025-07-28T15:32:01.338+0000] {data_ingestion.py:62} INFO - Fetched 300 candles for ETH-USD from 2025-07-19 11:31:49.624713 to 2025-07-20 12:31:49.624713
[2025-07-28T15:32:01.503+0000] {data_ingestion.py:62} INFO - Fetched 300 candles for ETH-USD from 2025-07-20 12:31:49.624713 to 2025-07-21 13:31:49.624713
[2025-07-28T15:32:01.708+0000] {data_ingestion.py:62} INFO - Fetched 300 candles for ETH-USD from 2025-07-21 13:31:49.624713 to 2025-07-22 14:31:49.624713
[2025-07-28T15:32:01.903+0000] {data_ingestion.py:62} INFO - Fetched 300 candles for ETH-USD from 2025-07-22 14:31:49.624713 to 2025-07-23 15:31:49.624713
[2025-07-28T15:32:02.061+0000] {data_ingestion.py:62} INFO - Fetched 300 candles for ETH-USD from 2025-07-23 15:31:49.624713 to 2025-07-24 16:31:49.624713
[2025-07-28T15:32:02.260+0000] {data_ingestion.py:62} INFO - Fetched 300 candles for ETH-USD from 2025-07-24 16:31:49.624713 to 2025-07-25 17:31:49.624713
[2025-07-28T15:32:02.482+0000] {data_ingestion.py:62} INFO - Fetched 300 candles for ETH-USD from 2025-07-25 17:31:49.624713 to 2025-07-26 18:31:49.624713
[2025-07-28T15:32:02.672+0000] {data_ingestion.py:62} INFO - Fetched 300 candles for ETH-USD from 2025-07-26 18:31:49.624713 to 2025-07-27 19:31:49.624713
[2025-07-28T15:32:02.857+0000] {data_ingestion.py:62} INFO - Fetched 240 candles for ETH-USD from 2025-07-27 19:31:49.624713 to 2025-07-28 15:31:49.624713
[2025-07-28T15:32:03.122+0000] {data_ingestion.py:103} INFO - Saved data to S3: s3://crypto-mlops-bucket/data/historical_ETH_USD_20250728153202.csv
[2025-07-28T15:32:03.122+0000] {ingestion_inference.py:79} INFO - Données brutes récupérées : shape=(8640, 7)
[2025-07-28T15:32:03.256+0000] {data_processing.py:40} INFO - Loaded 288 records from S3: data/historical_BTC_USD_20250728101554.csv
[2025-07-28T15:32:03.306+0000] {data_processing.py:40} INFO - Loaded 8640 records from S3: data/historical_BTC_USD_20250728101811.csv
[2025-07-28T15:32:03.362+0000] {data_processing.py:40} INFO - Loaded 8640 records from S3: data/historical_BTC_USD_20250728101831.csv
[2025-07-28T15:32:03.378+0000] {data_processing.py:40} INFO - Loaded 288 records from S3: data/historical_BTC_USD_20250728105614.csv
[2025-07-28T15:32:03.481+0000] {data_processing.py:40} INFO - Loaded 8640 records from S3: data/historical_BTC_USD_20250728110017.csv
[2025-07-28T15:32:03.496+0000] {data_processing.py:40} INFO - Loaded 288 records from S3: data/historical_BTC_USD_20250728110436.csv
[2025-07-28T15:32:03.511+0000] {data_processing.py:40} INFO - Loaded 288 records from S3: data/historical_BTC_USD_20250728111630.csv
[2025-07-28T15:32:03.527+0000] {data_processing.py:40} INFO - Loaded 288 records from S3: data/historical_BTC_USD_20250728112512.csv
[2025-07-28T15:32:03.665+0000] {data_processing.py:40} INFO - Loaded 8640 records from S3: data/historical_BTC_USD_20250728113121.csv
[2025-07-28T15:32:03.677+0000] {data_processing.py:40} INFO - Loaded 288 records from S3: data/historical_BTC_USD_20250728113444.csv
[2025-07-28T15:32:03.690+0000] {data_processing.py:40} INFO - Loaded 288 records from S3: data/historical_BTC_USD_20250728114226.csv
[2025-07-28T15:32:03.832+0000] {data_processing.py:40} INFO - Loaded 8640 records from S3: data/historical_BTC_USD_20250728120012.csv
[2025-07-28T15:32:03.940+0000] {data_processing.py:40} INFO - Loaded 8640 records from S3: data/historical_BTC_USD_20250728133614.csv
[2025-07-28T15:32:04.132+0000] {data_processing.py:40} INFO - Loaded 8640 records from S3: data/historical_BTC_USD_20250728140029.csv
[2025-07-28T15:32:04.246+0000] {data_processing.py:40} INFO - Loaded 8640 records from S3: data/historical_BTC_USD_20250728150011.csv
[2025-07-28T15:32:04.329+0000] {data_processing.py:40} INFO - Loaded 8640 records from S3: data/historical_BTC_USD_20250728153157.csv
[2025-07-28T15:32:04.351+0000] {data_processing.py:84} INFO - Combined 8703 records for BTC-USD
[2025-07-28T15:32:04.353+0000] {ingestion_inference.py:83} INFO - Données combinées : shape=(8703, 7)
[2025-07-28T15:32:04.770+0000] {data_processing.py:162} INFO - Removed 50 rows with NaN values. Final shape: (8653, 84)
[2025-07-28T15:32:04.771+0000] {ingestion_inference.py:86} INFO - Features : shape=(8653, 84)
[2025-07-28T15:32:04.798+0000] {ingestion_inference.py:90} INFO - Scaler chargé
[2025-07-28T15:32:04.821+0000] {logging_mixin.py:188} WARNING - /opt/***/src/data_processing.py:177 FutureWarning: DataFrame.fillna with 'method' is deprecated and will raise in a future version. Use obj.ffill() or obj.bfill() instead.
[2025-07-28T15:32:04.831+0000] {data_processing.py:179} INFO - Prepared features: (8653, 80), Target: (8653,)
[2025-07-28T15:32:04.832+0000] {data_processing.py:180} INFO - Feature columns: 80
[2025-07-28T15:32:05.245+0000] {ingestion_inference.py:100} INFO - Last row : shape=(1, 81)
[2025-07-28T15:32:05.272+0000] {ingestion_inference.py:110} INFO - ✅ Features uploaded → s3://crypto-mlops-bucket/features/date=2025-07-28/hour=15/features.parquet
[2025-07-28T15:32:05.285+0000] {ingestion_inference.py:121} INFO - ✅ Target uploaded → s3://crypto-mlops-bucket/targets/date=2025-07-28/hour=15/target.parquet
[2025-07-28T15:32:07.402+0000] {credentials.py:1147} INFO - Found credentials in environment variables.
[2025-07-28T15:32:07.564+0000] {logging_mixin.py:188} WARNING - Downloading artifacts:   0%|          | 0/5 [00:00<?, ?it/s]
[2025-07-28T15:32:07.570+0000] {logging_mixin.py:188} WARNING - Downloading artifacts:  20%|##        | 1/5 [00:00<00:00, 278.28it/s]
[2025-07-28T15:32:07.573+0000] {logging_mixin.py:188} WARNING - Downloading artifacts:  40%|####      | 2/5 [00:00<00:00, 376.85it/s]
[2025-07-28T15:32:07.574+0000] {logging_mixin.py:188} WARNING - Downloading artifacts:  60%|######    | 3/5 [00:00<00:00, 407.65it/s]
[2025-07-28T15:32:07.575+0000] {logging_mixin.py:188} WARNING - Downloading artifacts:  80%|########  | 4/5 [00:00<00:00, 471.59it/s]
[2025-07-28T15:32:07.575+0000] {logging_mixin.py:188} WARNING - Downloading artifacts: 100%|##########| 5/5 [00:00<00:00, 544.80it/s]
[2025-07-28T15:32:07.576+0000] {logging_mixin.py:188} WARNING - Downloading artifacts: 100%|##########| 5/5 [00:00<00:00, 506.25it/s]
[2025-07-28T15:32:08.675+0000] {ingestion_inference.py:134} INFO - ✅ Model loaded: crypto_lightgbm_model_BTC_USD, version 2
[2025-07-28T15:32:08.703+0000] {ingestion_inference.py:154} INFO - ✅ Prediction uploaded → s3://crypto-mlops-bucket/predictions/date=2025-07-28/hour=15/prediction.parquet
[2025-07-28T15:32:08.704+0000] {ingestion_inference.py:156} INFO - === Fin du préprocessing & prédiction ===
[2025-07-28T15:32:08.706+0000] {python.py:237} INFO - Done. Returned value was: None
[2025-07-28T15:32:08.707+0000] {taskinstance.py:441} INFO - ::group::Post task execution logs
[2025-07-28T15:32:08.743+0000] {taskinstance.py:1205} INFO - Marking task as SUCCESS. dag_id=preprocessing_hourly, task_id=preprocess_and_predict, execution_date=20250728T153145, start_date=20250728T153149, end_date=20250728T153208
[2025-07-28T15:32:08.811+0000] {local_task_job_runner.py:240} INFO - Task exited with return code 0
[2025-07-28T15:32:08.852+0000] {taskinstance.py:3482} INFO - 0 downstream tasks scheduled from follow-on schedule check
[2025-07-28T15:32:08.855+0000] {local_task_job_runner.py:222} INFO - ::endgroup::
