[2025-07-27T21:42:02.476+0000] {local_task_job_runner.py:120} INFO - ::group::Pre task execution logs
[2025-07-27T21:42:02.509+0000] {taskinstance.py:2073} INFO - Dependencies all met for dep_context=non-requeueable deps ti=<TaskInstance: preprocessing_hourly.preprocess_and_predict manual__2025-07-27T21:41:40.104186+00:00 [queued]>
[2025-07-27T21:42:02.517+0000] {taskinstance.py:2073} INFO - Dependencies all met for dep_context=requeueable deps ti=<TaskInstance: preprocessing_hourly.preprocess_and_predict manual__2025-07-27T21:41:40.104186+00:00 [queued]>
[2025-07-27T21:42:02.518+0000] {taskinstance.py:2303} INFO - Starting attempt 1 of 2
[2025-07-27T21:42:02.530+0000] {taskinstance.py:2327} INFO - Executing <Task(PythonOperator): preprocess_and_predict> on 2025-07-27 21:41:40.104186+00:00
[2025-07-27T21:42:02.546+0000] {logging_mixin.py:188} WARNING - /home/***/.local/lib/python3.12/site-packages/***/task/task_runner/standard_task_runner.py:61 DeprecationWarning: This process (pid=1031) is multi-threaded, use of fork() may lead to deadlocks in the child.
[2025-07-27T21:42:02.546+0000] {standard_task_runner.py:90} INFO - Running: ['***', 'tasks', 'run', 'preprocessing_hourly', 'preprocess_and_predict', 'manual__2025-07-27T21:41:40.104186+00:00', '--job-id', '8', '--raw', '--subdir', 'DAGS_FOLDER/ingestion_inference.py', '--cfg-path', '/tmp/tmpia0ju536']
[2025-07-27T21:42:02.548+0000] {standard_task_runner.py:63} INFO - Started process 1048 to run task
[2025-07-27T21:42:02.548+0000] {standard_task_runner.py:91} INFO - Job 8: Subtask preprocess_and_predict
[2025-07-27T21:42:02.563+0000] {logging_mixin.py:188} WARNING - /home/***/.local/lib/python3.12/site-packages/***/settings.py:195 DeprecationWarning: The sql_alchemy_conn option in [core] has been moved to the sql_alchemy_conn option in [database] - the old setting has been used, but please update your config.
[2025-07-27T21:42:02.597+0000] {task_command.py:426} INFO - Running <TaskInstance: preprocessing_hourly.preprocess_and_predict manual__2025-07-27T21:41:40.104186+00:00 [running]> on host 2db995d9ee77
[2025-07-27T21:42:02.679+0000] {taskinstance.py:2644} INFO - Exporting env vars: AIRFLOW_CTX_DAG_OWNER='mlops' AIRFLOW_CTX_DAG_ID='preprocessing_hourly' AIRFLOW_CTX_TASK_ID='preprocess_and_predict' AIRFLOW_CTX_EXECUTION_DATE='2025-07-27T21:41:40.104186+00:00' AIRFLOW_CTX_TRY_NUMBER='1' AIRFLOW_CTX_DAG_RUN_ID='manual__2025-07-27T21:41:40.104186+00:00'
[2025-07-27T21:42:02.680+0000] {taskinstance.py:430} INFO - ::endgroup::
[2025-07-27T21:42:02.691+0000] {logging_mixin.py:188} WARNING - /home/***/.local/lib/python3.12/site-packages/***/utils/context.py:320 AirflowContextDeprecationWarning: Accessing 'execution_date' from the template is deprecated and will be removed in a future version. Please use 'data_interval_start' or 'logical_date' instead.
[2025-07-27T21:42:02.692+0000] {ingestion_inference.py:67} INFO - [DEBUG] Execution date: 2025-07-27 21:41:40.104186+00:00 (type=<class 'Proxy'>)
[2025-07-27T21:42:02.705+0000] {ingestion_inference.py:56} INFO - Bucket crypto-mlops-bucket exists
[2025-07-27T21:42:02.706+0000] {ingestion_inference.py:74} INFO - === Début du préprocessing ===
[2025-07-27T21:42:03.018+0000] {data_ingestion.py:62} INFO - Fetched 300 candles for BTC-USD from 2025-06-27 21:42:02.714041 to 2025-06-28 22:42:02.714041
[2025-07-27T21:42:03.492+0000] {data_ingestion.py:62} INFO - Fetched 300 candles for BTC-USD from 2025-06-28 22:42:02.714041 to 2025-06-29 23:42:02.714041
[2025-07-27T21:42:03.678+0000] {data_ingestion.py:62} INFO - Fetched 300 candles for BTC-USD from 2025-06-29 23:42:02.714041 to 2025-07-01 00:42:02.714041
[2025-07-27T21:42:04.139+0000] {data_ingestion.py:62} INFO - Fetched 300 candles for BTC-USD from 2025-07-01 00:42:02.714041 to 2025-07-02 01:42:02.714041
[2025-07-27T21:42:04.323+0000] {data_ingestion.py:62} INFO - Fetched 300 candles for BTC-USD from 2025-07-02 01:42:02.714041 to 2025-07-03 02:42:02.714041
[2025-07-27T21:42:04.482+0000] {data_ingestion.py:62} INFO - Fetched 300 candles for BTC-USD from 2025-07-03 02:42:02.714041 to 2025-07-04 03:42:02.714041
[2025-07-27T21:42:04.653+0000] {data_ingestion.py:62} INFO - Fetched 300 candles for BTC-USD from 2025-07-04 03:42:02.714041 to 2025-07-05 04:42:02.714041
[2025-07-27T21:42:05.040+0000] {data_ingestion.py:62} INFO - Fetched 300 candles for BTC-USD from 2025-07-05 04:42:02.714041 to 2025-07-06 05:42:02.714041
[2025-07-27T21:42:05.460+0000] {data_ingestion.py:62} INFO - Fetched 300 candles for BTC-USD from 2025-07-06 05:42:02.714041 to 2025-07-07 06:42:02.714041
[2025-07-27T21:42:05.654+0000] {data_ingestion.py:62} INFO - Fetched 300 candles for BTC-USD from 2025-07-07 06:42:02.714041 to 2025-07-08 07:42:02.714041
[2025-07-27T21:42:05.839+0000] {data_ingestion.py:62} INFO - Fetched 300 candles for BTC-USD from 2025-07-08 07:42:02.714041 to 2025-07-09 08:42:02.714041
[2025-07-27T21:42:06.022+0000] {data_ingestion.py:62} INFO - Fetched 300 candles for BTC-USD from 2025-07-09 08:42:02.714041 to 2025-07-10 09:42:02.714041
[2025-07-27T21:42:06.200+0000] {data_ingestion.py:62} INFO - Fetched 300 candles for BTC-USD from 2025-07-10 09:42:02.714041 to 2025-07-11 10:42:02.714041
[2025-07-27T21:42:06.395+0000] {data_ingestion.py:62} INFO - Fetched 300 candles for BTC-USD from 2025-07-11 10:42:02.714041 to 2025-07-12 11:42:02.714041
[2025-07-27T21:42:06.587+0000] {data_ingestion.py:62} INFO - Fetched 300 candles for BTC-USD from 2025-07-12 11:42:02.714041 to 2025-07-13 12:42:02.714041
[2025-07-27T21:42:06.785+0000] {data_ingestion.py:62} INFO - Fetched 300 candles for BTC-USD from 2025-07-13 12:42:02.714041 to 2025-07-14 13:42:02.714041
[2025-07-27T21:42:06.982+0000] {data_ingestion.py:62} INFO - Fetched 300 candles for BTC-USD from 2025-07-14 13:42:02.714041 to 2025-07-15 14:42:02.714041
[2025-07-27T21:42:07.452+0000] {data_ingestion.py:62} INFO - Fetched 300 candles for BTC-USD from 2025-07-15 14:42:02.714041 to 2025-07-16 15:42:02.714041
[2025-07-27T21:42:07.662+0000] {data_ingestion.py:62} INFO - Fetched 300 candles for BTC-USD from 2025-07-16 15:42:02.714041 to 2025-07-17 16:42:02.714041
[2025-07-27T21:42:07.822+0000] {data_ingestion.py:62} INFO - Fetched 300 candles for BTC-USD from 2025-07-17 16:42:02.714041 to 2025-07-18 17:42:02.714041
[2025-07-27T21:42:07.994+0000] {data_ingestion.py:62} INFO - Fetched 300 candles for BTC-USD from 2025-07-18 17:42:02.714041 to 2025-07-19 18:42:02.714041
[2025-07-27T21:42:08.174+0000] {data_ingestion.py:62} INFO - Fetched 300 candles for BTC-USD from 2025-07-19 18:42:02.714041 to 2025-07-20 19:42:02.714041
[2025-07-27T21:42:08.336+0000] {data_ingestion.py:62} INFO - Fetched 300 candles for BTC-USD from 2025-07-20 19:42:02.714041 to 2025-07-21 20:42:02.714041
[2025-07-27T21:42:08.530+0000] {data_ingestion.py:62} INFO - Fetched 300 candles for BTC-USD from 2025-07-21 20:42:02.714041 to 2025-07-22 21:42:02.714041
[2025-07-27T21:42:08.711+0000] {data_ingestion.py:62} INFO - Fetched 300 candles for BTC-USD from 2025-07-22 21:42:02.714041 to 2025-07-23 22:42:02.714041
[2025-07-27T21:42:08.858+0000] {data_ingestion.py:62} INFO - Fetched 300 candles for BTC-USD from 2025-07-23 22:42:02.714041 to 2025-07-24 23:42:02.714041
[2025-07-27T21:42:09.243+0000] {data_ingestion.py:62} INFO - Fetched 300 candles for BTC-USD from 2025-07-24 23:42:02.714041 to 2025-07-26 00:42:02.714041
[2025-07-27T21:42:09.423+0000] {data_ingestion.py:62} INFO - Fetched 300 candles for BTC-USD from 2025-07-26 00:42:02.714041 to 2025-07-27 01:42:02.714041
[2025-07-27T21:42:09.604+0000] {data_ingestion.py:62} INFO - Fetched 240 candles for BTC-USD from 2025-07-27 01:42:02.714041 to 2025-07-27 21:42:02.714041
[2025-07-27T21:42:09.694+0000] {data_ingestion.py:103} INFO - Saved data to S3: s3://crypto-mlops-bucket/data/historical_BTC_USD_20250727214209.csv
[2025-07-27T21:42:09.885+0000] {data_ingestion.py:62} INFO - Fetched 300 candles for ETH-USD from 2025-06-27 21:42:02.714041 to 2025-06-28 22:42:02.714041
[2025-07-27T21:42:10.064+0000] {data_ingestion.py:62} INFO - Fetched 300 candles for ETH-USD from 2025-06-28 22:42:02.714041 to 2025-06-29 23:42:02.714041
[2025-07-27T21:42:10.230+0000] {data_ingestion.py:62} INFO - Fetched 300 candles for ETH-USD from 2025-06-29 23:42:02.714041 to 2025-07-01 00:42:02.714041
[2025-07-27T21:42:10.416+0000] {data_ingestion.py:62} INFO - Fetched 300 candles for ETH-USD from 2025-07-01 00:42:02.714041 to 2025-07-02 01:42:02.714041
[2025-07-27T21:42:10.868+0000] {data_ingestion.py:62} INFO - Fetched 300 candles for ETH-USD from 2025-07-02 01:42:02.714041 to 2025-07-03 02:42:02.714041
[2025-07-27T21:42:11.054+0000] {data_ingestion.py:62} INFO - Fetched 300 candles for ETH-USD from 2025-07-03 02:42:02.714041 to 2025-07-04 03:42:02.714041
[2025-07-27T21:42:11.241+0000] {data_ingestion.py:62} INFO - Fetched 300 candles for ETH-USD from 2025-07-04 03:42:02.714041 to 2025-07-05 04:42:02.714041
[2025-07-27T21:42:11.424+0000] {data_ingestion.py:62} INFO - Fetched 300 candles for ETH-USD from 2025-07-05 04:42:02.714041 to 2025-07-06 05:42:02.714041
[2025-07-27T21:42:11.607+0000] {data_ingestion.py:62} INFO - Fetched 300 candles for ETH-USD from 2025-07-06 05:42:02.714041 to 2025-07-07 06:42:02.714041
[2025-07-27T21:42:11.790+0000] {data_ingestion.py:62} INFO - Fetched 300 candles for ETH-USD from 2025-07-07 06:42:02.714041 to 2025-07-08 07:42:02.714041
[2025-07-27T21:42:11.993+0000] {data_ingestion.py:62} INFO - Fetched 300 candles for ETH-USD from 2025-07-08 07:42:02.714041 to 2025-07-09 08:42:02.714041
[2025-07-27T21:42:12.442+0000] {data_ingestion.py:62} INFO - Fetched 300 candles for ETH-USD from 2025-07-09 08:42:02.714041 to 2025-07-10 09:42:02.714041
[2025-07-27T21:42:12.638+0000] {data_ingestion.py:62} INFO - Fetched 300 candles for ETH-USD from 2025-07-10 09:42:02.714041 to 2025-07-11 10:42:02.714041
[2025-07-27T21:42:12.807+0000] {data_ingestion.py:62} INFO - Fetched 300 candles for ETH-USD from 2025-07-11 10:42:02.714041 to 2025-07-12 11:42:02.714041
[2025-07-27T21:42:12.968+0000] {data_ingestion.py:62} INFO - Fetched 300 candles for ETH-USD from 2025-07-12 11:42:02.714041 to 2025-07-13 12:42:02.714041
[2025-07-27T21:42:13.143+0000] {data_ingestion.py:62} INFO - Fetched 300 candles for ETH-USD from 2025-07-13 12:42:02.714041 to 2025-07-14 13:42:02.714041
[2025-07-27T21:42:13.588+0000] {data_ingestion.py:62} INFO - Fetched 300 candles for ETH-USD from 2025-07-14 13:42:02.714041 to 2025-07-15 14:42:02.714041
[2025-07-27T21:42:13.758+0000] {data_ingestion.py:62} INFO - Fetched 300 candles for ETH-USD from 2025-07-15 14:42:02.714041 to 2025-07-16 15:42:02.714041
[2025-07-27T21:42:13.951+0000] {data_ingestion.py:62} INFO - Fetched 300 candles for ETH-USD from 2025-07-16 15:42:02.714041 to 2025-07-17 16:42:02.714041
[2025-07-27T21:42:14.145+0000] {data_ingestion.py:62} INFO - Fetched 300 candles for ETH-USD from 2025-07-17 16:42:02.714041 to 2025-07-18 17:42:02.714041
[2025-07-27T21:42:14.324+0000] {data_ingestion.py:62} INFO - Fetched 300 candles for ETH-USD from 2025-07-18 17:42:02.714041 to 2025-07-19 18:42:02.714041
[2025-07-27T21:42:14.529+0000] {data_ingestion.py:62} INFO - Fetched 300 candles for ETH-USD from 2025-07-19 18:42:02.714041 to 2025-07-20 19:42:02.714041
[2025-07-27T21:42:14.716+0000] {data_ingestion.py:62} INFO - Fetched 300 candles for ETH-USD from 2025-07-20 19:42:02.714041 to 2025-07-21 20:42:02.714041
[2025-07-27T21:42:15.116+0000] {data_ingestion.py:62} INFO - Fetched 300 candles for ETH-USD from 2025-07-21 20:42:02.714041 to 2025-07-22 21:42:02.714041
[2025-07-27T21:42:15.277+0000] {data_ingestion.py:62} INFO - Fetched 300 candles for ETH-USD from 2025-07-22 21:42:02.714041 to 2025-07-23 22:42:02.714041
[2025-07-27T21:42:15.442+0000] {data_ingestion.py:62} INFO - Fetched 300 candles for ETH-USD from 2025-07-23 22:42:02.714041 to 2025-07-24 23:42:02.714041
[2025-07-27T21:42:15.652+0000] {data_ingestion.py:62} INFO - Fetched 300 candles for ETH-USD from 2025-07-24 23:42:02.714041 to 2025-07-26 00:42:02.714041
[2025-07-27T21:42:15.836+0000] {data_ingestion.py:62} INFO - Fetched 300 candles for ETH-USD from 2025-07-26 00:42:02.714041 to 2025-07-27 01:42:02.714041
[2025-07-27T21:42:16.022+0000] {data_ingestion.py:62} INFO - Fetched 240 candles for ETH-USD from 2025-07-27 01:42:02.714041 to 2025-07-27 21:42:02.714041
[2025-07-27T21:42:16.112+0000] {data_ingestion.py:103} INFO - Saved data to S3: s3://crypto-mlops-bucket/data/historical_ETH_USD_20250727214216.csv
[2025-07-27T21:42:16.113+0000] {ingestion_inference.py:79} INFO - Données brutes récupérées : shape=(8640, 7)
[2025-07-27T21:42:16.167+0000] {data_processing.py:40} INFO - Loaded 288 records from S3: data/historical_BTC_USD_20250727213919.csv
[2025-07-27T21:42:16.209+0000] {data_processing.py:40} INFO - Loaded 8640 records from S3: data/historical_BTC_USD_20250727214151.csv
[2025-07-27T21:42:16.245+0000] {data_processing.py:40} INFO - Loaded 8640 records from S3: data/historical_BTC_USD_20250727214209.csv
[2025-07-27T21:42:16.254+0000] {data_processing.py:84} INFO - Combined 8640 records for BTC-USD
[2025-07-27T21:42:16.256+0000] {ingestion_inference.py:83} INFO - Données combinées : shape=(8640, 7)
[2025-07-27T21:42:16.486+0000] {data_processing.py:162} INFO - Removed 50 rows with NaN values. Final shape: (8590, 84)
[2025-07-27T21:42:16.487+0000] {ingestion_inference.py:86} INFO - Features : shape=(8590, 84)
[2025-07-27T21:42:16.523+0000] {ingestion_inference.py:90} INFO - Scaler chargé
[2025-07-27T21:42:16.551+0000] {logging_mixin.py:188} WARNING - /opt/***/src/data_processing.py:177 FutureWarning: DataFrame.fillna with 'method' is deprecated and will raise in a future version. Use obj.ffill() or obj.bfill() instead.
[2025-07-27T21:42:16.581+0000] {data_processing.py:179} INFO - Prepared features: (8590, 80), Target: (8590,)
[2025-07-27T21:42:16.583+0000] {data_processing.py:180} INFO - Feature columns: 80
[2025-07-27T21:42:16.632+0000] {ingestion_inference.py:100} INFO - Last row : shape=(1, 81)
[2025-07-27T21:42:16.741+0000] {ingestion_inference.py:110} INFO - ✅ Features uploaded → s3://crypto-mlops-bucket/features/date=2025-07-27/hour=21/features.parquet
[2025-07-27T21:42:16.776+0000] {ingestion_inference.py:121} INFO - ✅ Target uploaded → s3://crypto-mlops-bucket/targets/date=2025-07-27/hour=21/target.parquet
[2025-07-27T21:42:16.991+0000] {credentials.py:1147} INFO - Found credentials in environment variables.
[2025-07-27T21:42:17.154+0000] {logging_mixin.py:188} WARNING - Downloading artifacts:   0%|          | 0/5 [00:00<?, ?it/s]
[2025-07-27T21:42:17.194+0000] {logging_mixin.py:188} WARNING - Downloading artifacts:  20%|##        | 1/5 [00:00<00:00, 26.34it/s]
[2025-07-27T21:42:17.196+0000] {logging_mixin.py:188} WARNING - Downloading artifacts:  40%|####      | 2/5 [00:00<00:00, 49.31it/s]
[2025-07-27T21:42:17.200+0000] {logging_mixin.py:188} WARNING - Downloading artifacts:  60%|######    | 3/5 [00:00<00:00, 67.62it/s]
[2025-07-27T21:42:17.205+0000] {logging_mixin.py:188} WARNING - Downloading artifacts:  80%|########  | 4/5 [00:00<00:00, 82.16it/s]
[2025-07-27T21:42:17.207+0000] {logging_mixin.py:188} WARNING - Downloading artifacts: 100%|##########| 5/5 [00:00<00:00, 97.46it/s]
[2025-07-27T21:42:17.209+0000] {logging_mixin.py:188} WARNING - Downloading artifacts: 100%|##########| 5/5 [00:00<00:00, 94.25it/s]
[2025-07-27T21:42:17.994+0000] {ingestion_inference.py:134} INFO - ✅ Model loaded: crypto_lightgbm_model_BTC_USD, version 2
[2025-07-27T21:42:18.041+0000] {ingestion_inference.py:154} INFO - ✅ Prediction uploaded → s3://crypto-mlops-bucket/predictions/date=2025-07-27/hour=21/prediction.parquet
[2025-07-27T21:42:18.042+0000] {ingestion_inference.py:156} INFO - === Fin du préprocessing & prédiction ===
[2025-07-27T21:42:18.043+0000] {python.py:237} INFO - Done. Returned value was: None
[2025-07-27T21:42:18.045+0000] {taskinstance.py:441} INFO - ::group::Post task execution logs
[2025-07-27T21:42:18.058+0000] {taskinstance.py:1205} INFO - Marking task as SUCCESS. dag_id=preprocessing_hourly, task_id=preprocess_and_predict, execution_date=20250727T214140, start_date=20250727T214202, end_date=20250727T214218
[2025-07-27T21:42:18.145+0000] {local_task_job_runner.py:240} INFO - Task exited with return code 0
[2025-07-27T21:42:18.166+0000] {taskinstance.py:3482} INFO - 0 downstream tasks scheduled from follow-on schedule check
[2025-07-27T21:42:18.168+0000] {local_task_job_runner.py:222} INFO - ::endgroup::
