[2025-07-28T21:03:44.802+0000] {local_task_job_runner.py:120} INFO - ::group::Pre task execution logs
[2025-07-28T21:03:44.882+0000] {taskinstance.py:2073} INFO - Dependencies all met for dep_context=non-requeueable deps ti=<TaskInstance: training_pipeline.train_model manual__2025-07-28T21:02:54.640240+00:00 [queued]>
[2025-07-28T21:03:44.907+0000] {taskinstance.py:2073} INFO - Dependencies all met for dep_context=requeueable deps ti=<TaskInstance: training_pipeline.train_model manual__2025-07-28T21:02:54.640240+00:00 [queued]>
[2025-07-28T21:03:44.908+0000] {taskinstance.py:2303} INFO - Starting attempt 1 of 4
[2025-07-28T21:03:44.950+0000] {taskinstance.py:2327} INFO - Executing <Task(PythonOperator): train_model> on 2025-07-28 21:02:54.640240+00:00
[2025-07-28T21:03:44.999+0000] {logging_mixin.py:188} WARNING - /home/***/.local/lib/python3.12/site-packages/***/task/task_runner/standard_task_runner.py:61 DeprecationWarning: This process (pid=57078) is multi-threaded, use of fork() may lead to deadlocks in the child.
[2025-07-28T21:03:44.996+0000] {standard_task_runner.py:90} INFO - Running: ['***', 'tasks', 'run', 'training_pipeline', 'train_model', 'manual__2025-07-28T21:02:54.640240+00:00', '--job-id', '39', '--raw', '--subdir', 'DAGS_FOLDER/training_pipeline.py', '--cfg-path', '/tmp/tmp6yen8p45']
[2025-07-28T21:03:45.002+0000] {standard_task_runner.py:63} INFO - Started process 57098 to run task
[2025-07-28T21:03:45.002+0000] {standard_task_runner.py:91} INFO - Job 39: Subtask train_model
[2025-07-28T21:03:45.029+0000] {logging_mixin.py:188} WARNING - /home/***/.local/lib/python3.12/site-packages/***/settings.py:195 DeprecationWarning: The sql_alchemy_conn option in [core] has been moved to the sql_alchemy_conn option in [database] - the old setting has been used, but please update your config.
[2025-07-28T21:03:45.093+0000] {task_command.py:426} INFO - Running <TaskInstance: training_pipeline.train_model manual__2025-07-28T21:02:54.640240+00:00 [running]> on host d78ad09e75e4
[2025-07-28T21:03:45.261+0000] {taskinstance.py:2644} INFO - Exporting env vars: AIRFLOW_CTX_DAG_EMAIL='mlops_team@example.com' AIRFLOW_CTX_DAG_OWNER='mlops' AIRFLOW_CTX_DAG_ID='training_pipeline' AIRFLOW_CTX_TASK_ID='train_model' AIRFLOW_CTX_EXECUTION_DATE='2025-07-28T21:02:54.640240+00:00' AIRFLOW_CTX_TRY_NUMBER='1' AIRFLOW_CTX_DAG_RUN_ID='manual__2025-07-28T21:02:54.640240+00:00'
[2025-07-28T21:03:45.263+0000] {taskinstance.py:430} INFO - ::endgroup::
[2025-07-28T21:03:45.420+0000] {data_processing.py:40} INFO - Loaded 288 records from S3: data/historical_BTC_USD_20250728101554.csv
[2025-07-28T21:03:45.489+0000] {data_processing.py:40} INFO - Loaded 8640 records from S3: data/historical_BTC_USD_20250728101811.csv
[2025-07-28T21:03:45.533+0000] {data_processing.py:40} INFO - Loaded 8640 records from S3: data/historical_BTC_USD_20250728101831.csv
[2025-07-28T21:03:45.558+0000] {data_processing.py:40} INFO - Loaded 288 records from S3: data/historical_BTC_USD_20250728105614.csv
[2025-07-28T21:03:45.616+0000] {data_processing.py:40} INFO - Loaded 8640 records from S3: data/historical_BTC_USD_20250728110017.csv
[2025-07-28T21:03:45.643+0000] {data_processing.py:40} INFO - Loaded 288 records from S3: data/historical_BTC_USD_20250728110436.csv
[2025-07-28T21:03:45.670+0000] {data_processing.py:40} INFO - Loaded 288 records from S3: data/historical_BTC_USD_20250728111630.csv
[2025-07-28T21:03:45.703+0000] {data_processing.py:40} INFO - Loaded 288 records from S3: data/historical_BTC_USD_20250728112512.csv
[2025-07-28T21:03:45.771+0000] {data_processing.py:40} INFO - Loaded 8640 records from S3: data/historical_BTC_USD_20250728113121.csv
[2025-07-28T21:03:45.803+0000] {data_processing.py:40} INFO - Loaded 288 records from S3: data/historical_BTC_USD_20250728113444.csv
[2025-07-28T21:03:45.838+0000] {data_processing.py:40} INFO - Loaded 288 records from S3: data/historical_BTC_USD_20250728114226.csv
[2025-07-28T21:03:45.922+0000] {data_processing.py:40} INFO - Loaded 8640 records from S3: data/historical_BTC_USD_20250728120012.csv
[2025-07-28T21:03:45.990+0000] {data_processing.py:40} INFO - Loaded 8640 records from S3: data/historical_BTC_USD_20250728133614.csv
[2025-07-28T21:03:46.055+0000] {data_processing.py:40} INFO - Loaded 8640 records from S3: data/historical_BTC_USD_20250728140029.csv
[2025-07-28T21:03:46.103+0000] {data_processing.py:40} INFO - Loaded 8640 records from S3: data/historical_BTC_USD_20250728150011.csv
[2025-07-28T21:03:46.152+0000] {data_processing.py:40} INFO - Loaded 8640 records from S3: data/historical_BTC_USD_20250728153157.csv
[2025-07-28T21:03:46.178+0000] {data_processing.py:40} INFO - Loaded 288 records from S3: data/historical_BTC_USD_20250728153357.csv
[2025-07-28T21:03:46.201+0000] {data_processing.py:40} INFO - Loaded 288 records from S3: data/historical_BTC_USD_20250728154411.csv
[2025-07-28T21:03:46.228+0000] {data_processing.py:40} INFO - Loaded 288 records from S3: data/historical_BTC_USD_20250728154903.csv
[2025-07-28T21:03:46.293+0000] {data_processing.py:40} INFO - Loaded 8640 records from S3: data/historical_BTC_USD_20250728160214.csv
[2025-07-28T21:03:46.321+0000] {data_processing.py:40} INFO - Loaded 288 records from S3: data/historical_BTC_USD_20250728160216.csv
[2025-07-28T21:03:46.347+0000] {data_processing.py:40} INFO - Loaded 288 records from S3: data/historical_BTC_USD_20250728160822.csv
[2025-07-28T21:03:46.371+0000] {data_processing.py:40} INFO - Loaded 288 records from S3: data/historical_BTC_USD_20250728161845.csv
[2025-07-28T21:03:46.396+0000] {data_processing.py:40} INFO - Loaded 288 records from S3: data/historical_BTC_USD_20250728162615.csv
[2025-07-28T21:03:46.425+0000] {data_processing.py:40} INFO - Loaded 288 records from S3: data/historical_BTC_USD_20250728163844.csv
[2025-07-28T21:03:46.507+0000] {data_processing.py:40} INFO - Loaded 8640 records from S3: data/historical_BTC_USD_20250728181838.csv
[2025-07-28T21:03:46.533+0000] {data_processing.py:40} INFO - Loaded 288 records from S3: data/historical_BTC_USD_20250728181859.csv
[2025-07-28T21:03:46.587+0000] {data_processing.py:40} INFO - Loaded 8640 records from S3: data/historical_BTC_USD_20250728181903.csv
[2025-07-28T21:03:46.613+0000] {data_processing.py:40} INFO - Loaded 288 records from S3: data/historical_BTC_USD_20250728182842.csv
[2025-07-28T21:03:46.639+0000] {data_processing.py:40} INFO - Loaded 288 records from S3: data/historical_BTC_USD_20250728185243.csv
[2025-07-28T21:03:46.662+0000] {data_processing.py:40} INFO - Loaded 288 records from S3: data/historical_BTC_USD_20250728185839.csv
[2025-07-28T21:03:46.727+0000] {data_processing.py:40} INFO - Loaded 8640 records from S3: data/historical_BTC_USD_20250728190017.csv
[2025-07-28T21:03:46.756+0000] {data_processing.py:40} INFO - Loaded 288 records from S3: data/historical_BTC_USD_20250728190526.csv
[2025-07-28T21:03:46.787+0000] {data_processing.py:40} INFO - Loaded 288 records from S3: data/historical_BTC_USD_20250728191208.csv
[2025-07-28T21:03:46.818+0000] {data_processing.py:40} INFO - Loaded 288 records from S3: data/historical_BTC_USD_20250728192202.csv
[2025-07-28T21:03:46.847+0000] {data_processing.py:40} INFO - Loaded 288 records from S3: data/historical_BTC_USD_20250728193908.csv
[2025-07-28T21:03:46.878+0000] {data_processing.py:40} INFO - Loaded 288 records from S3: data/historical_BTC_USD_20250728195054.csv
[2025-07-28T21:03:46.933+0000] {data_processing.py:40} INFO - Loaded 8669 records from S3: data/historical_BTC_USD_20250728200000.csv
[2025-07-28T21:03:46.957+0000] {data_processing.py:40} INFO - Loaded 288 records from S3: data/historical_BTC_USD_20250728200240.csv
[2025-07-28T21:03:47.018+0000] {data_processing.py:40} INFO - Loaded 8640 records from S3: data/historical_BTC_USD_20250728200258.csv
[2025-07-28T21:03:47.044+0000] {data_processing.py:40} INFO - Loaded 288 records from S3: data/historical_BTC_USD_20250728200725.csv
[2025-07-28T21:03:47.070+0000] {data_processing.py:40} INFO - Loaded 288 records from S3: data/historical_BTC_USD_20250728204015.csv
[2025-07-28T21:03:47.100+0000] {data_processing.py:40} INFO - Loaded 288 records from S3: data/historical_BTC_USD_20250728204041.csv
[2025-07-28T21:03:47.133+0000] {data_processing.py:40} INFO - Loaded 288 records from S3: data/historical_BTC_USD_20250728204632.csv
[2025-07-28T21:03:47.222+0000] {data_processing.py:40} INFO - Loaded 11560 records from S3: data/historical_BTC_USD_20250728204643.csv
[2025-07-28T21:03:47.250+0000] {data_processing.py:40} INFO - Loaded 288 records from S3: data/historical_BTC_USD_20250728210317.csv
[2025-07-28T21:03:47.318+0000] {data_processing.py:84} INFO - Combined 20290 records for BTC-USD
[2025-07-28T21:03:47.950+0000] {data_processing.py:162} INFO - Removed 50 rows with NaN values. Final shape: (20240, 84)
[2025-07-28T21:03:47.973+0000] {logging_mixin.py:188} WARNING - /opt/***/src/data_processing.py:230 FutureWarning: DataFrame.fillna with 'method' is deprecated and will raise in a future version. Use obj.ffill() or obj.bfill() instead.
[2025-07-28T21:03:48.516+0000] {logging_mixin.py:188} WARNING - /opt/***/src/data_processing.py:177 FutureWarning: DataFrame.fillna with 'method' is deprecated and will raise in a future version. Use obj.ffill() or obj.bfill() instead.
[2025-07-28T21:03:48.553+0000] {data_processing.py:179} INFO - Prepared features: (20240, 80), Target: (20240,)
[2025-07-28T21:03:48.554+0000] {data_processing.py:180} INFO - Feature columns: 80
[2025-07-28T21:03:48.660+0000] {data_processing.py:202} INFO - Saved preprocessor to S3: s3://crypto-mlops-bucket/models/preprocessors/scaler_BTC_USD.pickle
[2025-07-28T21:03:48.837+0000] {logging_mixin.py:188} WARNING - 2025/07/28 21:03:48 WARNING mlflow.utils.git_utils: Failed to import Git (the Git executable is probably not on your PATH), so Git SHA is not available. Error: Failed to initialize: Bad git executable.
The git executable must be specified in one of the following ways:
    - be included in your $PATH
    - be set via $GIT_PYTHON_GIT_EXECUTABLE
    - explicitly set via git.refresh(<full-path-to-git-executable>)

All git commands will error until this is rectified.

This initial message can be silenced or aggravated in the future by setting the
$GIT_PYTHON_REFRESH environment variable. Use one of the following values:
    - quiet|q|silence|s|silent|none|n|0: for no message or exception
    - warn|w|warning|log|l|1: for a warning message (logging level CRITICAL, displayed by default)
    - error|e|exception|raise|r|2: for a raised exception

Example:
    export GIT_PYTHON_REFRESH=quiet
[2025-07-28T21:03:49.563+0000] {model.py:70} INFO - Starting hyperparameter optimization with 100 trials
[2025-07-28T21:03:51.354+0000] {logging_mixin.py:188} INFO - Training until validation scores don't improve for 100 rounds
[2025-07-28T21:04:38.374+0000] {logging_mixin.py:188} INFO - Early stopping, best iteration is:
[1]	valid_0's rmse: 0.104984
[2025-07-28T21:04:38.731+0000] {logging_mixin.py:188} INFO - Training until validation scores don't improve for 100 rounds
[2025-07-28T21:05:39.338+0000] {logging_mixin.py:188} INFO - Early stopping, best iteration is:
[1]	valid_0's rmse: 0.104875
[2025-07-28T21:05:42.630+0000] {logging_mixin.py:188} INFO - Training until validation scores don't improve for 100 rounds
[2025-07-28T21:07:51.663+0000] {logging_mixin.py:188} INFO - Early stopping, best iteration is:
[2]	valid_0's rmse: 0.105058
[2025-07-28T21:07:51.973+0000] {logging_mixin.py:188} INFO - Training until validation scores don't improve for 100 rounds
[2025-07-28T21:07:52.624+0000] {logging_mixin.py:188} INFO - Early stopping, best iteration is:
[1]	valid_0's rmse: 0.10486
[2025-07-28T21:07:52.793+0000] {logging_mixin.py:188} INFO - Training until validation scores don't improve for 100 rounds
[2025-07-28T21:07:53.174+0000] {logging_mixin.py:188} INFO - Early stopping, best iteration is:
[2]	valid_0's rmse: 0.104878
[2025-07-28T21:07:53.340+0000] {logging_mixin.py:188} INFO - Training until validation scores don't improve for 100 rounds
[2025-07-28T21:07:54.096+0000] {logging_mixin.py:188} INFO - Early stopping, best iteration is:
[1]	valid_0's rmse: 0.104971
[2025-07-28T21:07:54.290+0000] {logging_mixin.py:188} INFO - Training until validation scores don't improve for 100 rounds
[2025-07-28T21:07:55.368+0000] {logging_mixin.py:188} INFO - Early stopping, best iteration is:
[1]	valid_0's rmse: 0.105004
[2025-07-28T21:07:55.511+0000] {logging_mixin.py:188} INFO - Training until validation scores don't improve for 100 rounds
[2025-07-28T21:07:56.150+0000] {logging_mixin.py:188} INFO - Early stopping, best iteration is:
[1]	valid_0's rmse: 0.104839
[2025-07-28T21:07:56.334+0000] {logging_mixin.py:188} INFO - Training until validation scores don't improve for 100 rounds
[2025-07-28T21:07:57.044+0000] {logging_mixin.py:188} INFO - Early stopping, best iteration is:
[1]	valid_0's rmse: 0.104879
[2025-07-28T21:07:57.287+0000] {logging_mixin.py:188} INFO - Training until validation scores don't improve for 100 rounds
[2025-07-28T21:07:58.863+0000] {logging_mixin.py:188} INFO - Early stopping, best iteration is:
[1]	valid_0's rmse: 0.105012
[2025-07-28T21:07:59.411+0000] {logging_mixin.py:188} INFO - Training until validation scores don't improve for 100 rounds
[2025-07-28T21:08:08.111+0000] {logging_mixin.py:188} INFO - Early stopping, best iteration is:
[2]	valid_0's rmse: 0.104881
[2025-07-28T21:08:08.319+0000] {logging_mixin.py:188} INFO - Training until validation scores don't improve for 100 rounds
[2025-07-28T21:08:10.511+0000] {logging_mixin.py:188} INFO - Early stopping, best iteration is:
[1]	valid_0's rmse: 0.104882
[2025-07-28T21:08:10.662+0000] {logging_mixin.py:188} INFO - Training until validation scores don't improve for 100 rounds
[2025-07-28T21:08:11.298+0000] {logging_mixin.py:188} INFO - Early stopping, best iteration is:
[2]	valid_0's rmse: 0.105049
[2025-07-28T21:08:11.481+0000] {logging_mixin.py:188} INFO - Training until validation scores don't improve for 100 rounds
[2025-07-28T21:08:11.852+0000] {logging_mixin.py:188} INFO - Early stopping, best iteration is:
[1]	valid_0's rmse: 0.104867
[2025-07-28T21:08:12.076+0000] {logging_mixin.py:188} INFO - Training until validation scores don't improve for 100 rounds
[2025-07-28T21:08:12.511+0000] {logging_mixin.py:188} INFO - Early stopping, best iteration is:
[1]	valid_0's rmse: 0.104883
[2025-07-28T21:08:12.665+0000] {logging_mixin.py:188} INFO - Training until validation scores don't improve for 100 rounds
[2025-07-28T21:08:13.058+0000] {logging_mixin.py:188} INFO - Early stopping, best iteration is:
[1]	valid_0's rmse: 0.104907
[2025-07-28T21:08:13.194+0000] {logging_mixin.py:188} INFO - Training until validation scores don't improve for 100 rounds
[2025-07-28T21:08:14.087+0000] {logging_mixin.py:188} INFO - Early stopping, best iteration is:
[1]	valid_0's rmse: 0.105338
[2025-07-28T21:08:14.298+0000] {logging_mixin.py:188} INFO - Training until validation scores don't improve for 100 rounds
[2025-07-28T21:08:14.568+0000] {logging_mixin.py:188} INFO - Early stopping, best iteration is:
[1]	valid_0's rmse: 0.104889
[2025-07-28T21:08:14.788+0000] {logging_mixin.py:188} INFO - Training until validation scores don't improve for 100 rounds
[2025-07-28T21:08:15.156+0000] {logging_mixin.py:188} INFO - Early stopping, best iteration is:
[1]	valid_0's rmse: 0.104961
[2025-07-28T21:08:15.322+0000] {logging_mixin.py:188} INFO - Training until validation scores don't improve for 100 rounds
[2025-07-28T21:08:15.785+0000] {logging_mixin.py:188} INFO - Early stopping, best iteration is:
[1]	valid_0's rmse: 0.104876
[2025-07-28T21:08:15.939+0000] {logging_mixin.py:188} INFO - Training until validation scores don't improve for 100 rounds
[2025-07-28T21:08:16.559+0000] {logging_mixin.py:188} INFO - Early stopping, best iteration is:
[1]	valid_0's rmse: 0.105001
[2025-07-28T21:08:16.729+0000] {logging_mixin.py:188} INFO - Training until validation scores don't improve for 100 rounds
[2025-07-28T21:08:17.222+0000] {logging_mixin.py:188} INFO - Early stopping, best iteration is:
[1]	valid_0's rmse: 0.104854
[2025-07-28T21:08:17.429+0000] {logging_mixin.py:188} INFO - Training until validation scores don't improve for 100 rounds
[2025-07-28T21:08:21.174+0000] {logging_mixin.py:188} INFO - Early stopping, best iteration is:
[4]	valid_0's rmse: 0.104902
[2025-07-28T21:08:22.153+0000] {logging_mixin.py:188} INFO - Training until validation scores don't improve for 100 rounds
[2025-07-28T21:08:27.922+0000] {logging_mixin.py:188} INFO - Early stopping, best iteration is:
[2]	valid_0's rmse: 0.104874
[2025-07-28T21:08:28.096+0000] {logging_mixin.py:188} INFO - Training until validation scores don't improve for 100 rounds
[2025-07-28T21:08:29.957+0000] {logging_mixin.py:188} INFO - Early stopping, best iteration is:
[1]	valid_0's rmse: 0.104908
[2025-07-28T21:08:30.108+0000] {logging_mixin.py:188} INFO - Training until validation scores don't improve for 100 rounds
[2025-07-28T21:08:30.966+0000] {logging_mixin.py:188} INFO - Early stopping, best iteration is:
[1]	valid_0's rmse: 0.104892
[2025-07-28T21:08:31.134+0000] {logging_mixin.py:188} INFO - Training until validation scores don't improve for 100 rounds
[2025-07-28T21:08:32.055+0000] {logging_mixin.py:188} INFO - Early stopping, best iteration is:
[1]	valid_0's rmse: 0.104912
[2025-07-28T21:08:32.211+0000] {logging_mixin.py:188} INFO - Training until validation scores don't improve for 100 rounds
[2025-07-28T21:08:32.856+0000] {logging_mixin.py:188} INFO - Early stopping, best iteration is:
[1]	valid_0's rmse: 0.104849
[2025-07-28T21:08:33.006+0000] {logging_mixin.py:188} INFO - Training until validation scores don't improve for 100 rounds
[2025-07-28T21:08:33.532+0000] {logging_mixin.py:188} INFO - Early stopping, best iteration is:
[15]	valid_0's rmse: 0.104867
[2025-07-28T21:08:33.695+0000] {logging_mixin.py:188} INFO - Training until validation scores don't improve for 100 rounds
[2025-07-28T21:08:34.174+0000] {logging_mixin.py:188} INFO - Early stopping, best iteration is:
[1]	valid_0's rmse: 0.104874
[2025-07-28T21:08:34.326+0000] {logging_mixin.py:188} INFO - Training until validation scores don't improve for 100 rounds
[2025-07-28T21:08:35.944+0000] {logging_mixin.py:188} INFO - Early stopping, best iteration is:
[1]	valid_0's rmse: 0.104896
[2025-07-28T21:08:36.113+0000] {logging_mixin.py:188} INFO - Training until validation scores don't improve for 100 rounds
[2025-07-28T21:08:41.706+0000] {logging_mixin.py:188} INFO - Early stopping, best iteration is:
[1]	valid_0's rmse: 0.104901
[2025-07-28T21:08:41.925+0000] {logging_mixin.py:188} INFO - Training until validation scores don't improve for 100 rounds
[2025-07-28T21:08:42.198+0000] {logging_mixin.py:188} INFO - Early stopping, best iteration is:
[1]	valid_0's rmse: 0.104887
[2025-07-28T21:08:42.413+0000] {logging_mixin.py:188} INFO - Training until validation scores don't improve for 100 rounds
[2025-07-28T21:08:43.647+0000] {logging_mixin.py:188} INFO - Early stopping, best iteration is:
[5]	valid_0's rmse: 0.104829
[2025-07-28T21:08:43.818+0000] {logging_mixin.py:188} INFO - Training until validation scores don't improve for 100 rounds
[2025-07-28T21:08:44.505+0000] {logging_mixin.py:188} INFO - Early stopping, best iteration is:
[13]	valid_0's rmse: 0.104839
[2025-07-28T21:08:44.684+0000] {logging_mixin.py:188} INFO - Training until validation scores don't improve for 100 rounds
[2025-07-28T21:08:45.084+0000] {logging_mixin.py:188} INFO - Early stopping, best iteration is:
[13]	valid_0's rmse: 0.104821
[2025-07-28T21:08:45.227+0000] {logging_mixin.py:188} INFO - Training until validation scores don't improve for 100 rounds
[2025-07-28T21:08:45.792+0000] {logging_mixin.py:188} INFO - Early stopping, best iteration is:
[11]	valid_0's rmse: 0.104766
[2025-07-28T21:08:45.945+0000] {logging_mixin.py:188} INFO - Training until validation scores don't improve for 100 rounds
[2025-07-28T21:08:46.305+0000] {logging_mixin.py:188} INFO - Early stopping, best iteration is:
[7]	valid_0's rmse: 0.10482
[2025-07-28T21:08:46.451+0000] {logging_mixin.py:188} INFO - Training until validation scores don't improve for 100 rounds
[2025-07-28T21:08:47.527+0000] {logging_mixin.py:188} INFO - Early stopping, best iteration is:
[7]	valid_0's rmse: 0.10482
[2025-07-28T21:08:47.710+0000] {logging_mixin.py:188} INFO - Training until validation scores don't improve for 100 rounds
[2025-07-28T21:08:50.866+0000] {logging_mixin.py:188} INFO - Early stopping, best iteration is:
[10]	valid_0's rmse: 0.104821
[2025-07-28T21:08:51.049+0000] {logging_mixin.py:188} INFO - Training until validation scores don't improve for 100 rounds
[2025-07-28T21:08:51.961+0000] {logging_mixin.py:188} INFO - Early stopping, best iteration is:
[52]	valid_0's rmse: 0.104824
[2025-07-28T21:08:52.128+0000] {logging_mixin.py:188} INFO - Training until validation scores don't improve for 100 rounds
[2025-07-28T21:08:52.506+0000] {logging_mixin.py:188} INFO - Early stopping, best iteration is:
[6]	valid_0's rmse: 0.104847
[2025-07-28T21:08:52.851+0000] {logging_mixin.py:188} INFO - Training until validation scores don't improve for 100 rounds
[2025-07-28T21:08:53.307+0000] {logging_mixin.py:188} INFO - Early stopping, best iteration is:
[26]	valid_0's rmse: 0.104814
[2025-07-28T21:08:53.444+0000] {logging_mixin.py:188} INFO - Training until validation scores don't improve for 100 rounds
[2025-07-28T21:08:53.496+0000] {logging_mixin.py:188} INFO - Early stopping, best iteration is:
[3]	valid_0's rmse: 0.104854
[2025-07-28T21:08:53.655+0000] {logging_mixin.py:188} INFO - Training until validation scores don't improve for 100 rounds
[2025-07-28T21:08:53.898+0000] {logging_mixin.py:188} INFO - Early stopping, best iteration is:
[1]	valid_0's rmse: 0.104886
[2025-07-28T21:08:54.044+0000] {logging_mixin.py:188} INFO - Training until validation scores don't improve for 100 rounds
[2025-07-28T21:08:54.297+0000] {logging_mixin.py:188} INFO - Early stopping, best iteration is:
[5]	valid_0's rmse: 0.10486
[2025-07-28T21:08:54.437+0000] {logging_mixin.py:188} INFO - Training until validation scores don't improve for 100 rounds
[2025-07-28T21:08:54.858+0000] {logging_mixin.py:188} INFO - Early stopping, best iteration is:
[10]	valid_0's rmse: 0.104787
[2025-07-28T21:08:55.024+0000] {logging_mixin.py:188} INFO - Training until validation scores don't improve for 100 rounds
[2025-07-28T21:08:55.487+0000] {logging_mixin.py:188} INFO - Early stopping, best iteration is:
[6]	valid_0's rmse: 0.10487
[2025-07-28T21:08:55.641+0000] {logging_mixin.py:188} INFO - Training until validation scores don't improve for 100 rounds
[2025-07-28T21:08:55.980+0000] {logging_mixin.py:188} INFO - Early stopping, best iteration is:
[8]	valid_0's rmse: 0.104785
[2025-07-28T21:08:56.123+0000] {logging_mixin.py:188} INFO - Training until validation scores don't improve for 100 rounds
[2025-07-28T21:08:56.466+0000] {logging_mixin.py:188} INFO - Early stopping, best iteration is:
[8]	valid_0's rmse: 0.104844
[2025-07-28T21:08:57.925+0000] {logging_mixin.py:188} INFO - Training until validation scores don't improve for 100 rounds
[2025-07-28T21:09:06.875+0000] {logging_mixin.py:188} INFO - Early stopping, best iteration is:
[1]	valid_0's rmse: 0.104866
[2025-07-28T21:09:07.028+0000] {logging_mixin.py:188} INFO - Training until validation scores don't improve for 100 rounds
[2025-07-28T21:09:07.613+0000] {logging_mixin.py:188} INFO - Early stopping, best iteration is:
[3]	valid_0's rmse: 0.104833
[2025-07-28T21:09:07.839+0000] {logging_mixin.py:188} INFO - Training until validation scores don't improve for 100 rounds
[2025-07-28T21:09:08.567+0000] {logging_mixin.py:188} INFO - Early stopping, best iteration is:
[7]	valid_0's rmse: 0.104844
[2025-07-28T21:09:08.807+0000] {logging_mixin.py:188} INFO - Training until validation scores don't improve for 100 rounds
[2025-07-28T21:09:10.159+0000] {logging_mixin.py:188} INFO - Early stopping, best iteration is:
[2]	valid_0's rmse: 0.104889
[2025-07-28T21:09:10.318+0000] {logging_mixin.py:188} INFO - Training until validation scores don't improve for 100 rounds
[2025-07-28T21:09:10.827+0000] {logging_mixin.py:188} INFO - Early stopping, best iteration is:
[4]	valid_0's rmse: 0.104877
[2025-07-28T21:09:10.981+0000] {logging_mixin.py:188} INFO - Training until validation scores don't improve for 100 rounds
[2025-07-28T21:09:15.853+0000] {logging_mixin.py:188} INFO - Early stopping, best iteration is:
[11]	valid_0's rmse: 0.104763
[2025-07-28T21:09:16.617+0000] {logging_mixin.py:188} INFO - Training until validation scores don't improve for 100 rounds
[2025-07-28T21:09:17.108+0000] {logging_mixin.py:188} INFO - Early stopping, best iteration is:
[3]	valid_0's rmse: 0.104862
[2025-07-28T21:09:17.292+0000] {logging_mixin.py:188} INFO - Training until validation scores don't improve for 100 rounds
[2025-07-28T21:09:17.590+0000] {logging_mixin.py:188} INFO - Early stopping, best iteration is:
[1]	valid_0's rmse: 0.10489
[2025-07-28T21:09:17.796+0000] {logging_mixin.py:188} INFO - Training until validation scores don't improve for 100 rounds
[2025-07-28T21:09:17.991+0000] {logging_mixin.py:188} INFO - Early stopping, best iteration is:
[1]	valid_0's rmse: 0.104867
[2025-07-28T21:09:18.152+0000] {logging_mixin.py:188} INFO - Training until validation scores don't improve for 100 rounds
[2025-07-28T21:09:18.665+0000] {logging_mixin.py:188} INFO - Early stopping, best iteration is:
[11]	valid_0's rmse: 0.10486
[2025-07-28T21:09:18.869+0000] {logging_mixin.py:188} INFO - Training until validation scores don't improve for 100 rounds
[2025-07-28T21:09:20.076+0000] {logging_mixin.py:188} INFO - Early stopping, best iteration is:
[6]	valid_0's rmse: 0.104852
[2025-07-28T21:09:20.295+0000] {logging_mixin.py:188} INFO - Training until validation scores don't improve for 100 rounds
[2025-07-28T21:09:21.085+0000] {logging_mixin.py:188} INFO - Early stopping, best iteration is:
[1]	valid_0's rmse: 0.104899
[2025-07-28T21:09:21.228+0000] {logging_mixin.py:188} INFO - Training until validation scores don't improve for 100 rounds
[2025-07-28T21:09:21.668+0000] {logging_mixin.py:188} INFO - Early stopping, best iteration is:
[76]	valid_0's rmse: 0.104846
[2025-07-28T21:09:21.860+0000] {logging_mixin.py:188} INFO - Training until validation scores don't improve for 100 rounds
[2025-07-28T21:09:22.183+0000] {logging_mixin.py:188} INFO - Early stopping, best iteration is:
[12]	valid_0's rmse: 0.104821
[2025-07-28T21:09:22.349+0000] {logging_mixin.py:188} INFO - Training until validation scores don't improve for 100 rounds
[2025-07-28T21:09:22.591+0000] {logging_mixin.py:188} INFO - Early stopping, best iteration is:
[4]	valid_0's rmse: 0.104869
[2025-07-28T21:09:22.800+0000] {logging_mixin.py:188} INFO - Training until validation scores don't improve for 100 rounds
[2025-07-28T21:09:23.359+0000] {logging_mixin.py:188} INFO - Early stopping, best iteration is:
[8]	valid_0's rmse: 0.104804
[2025-07-28T21:09:23.513+0000] {logging_mixin.py:188} INFO - Training until validation scores don't improve for 100 rounds
[2025-07-28T21:09:23.940+0000] {logging_mixin.py:188} INFO - Early stopping, best iteration is:
[9]	valid_0's rmse: 0.104767
[2025-07-28T21:09:24.075+0000] {logging_mixin.py:188} INFO - Training until validation scores don't improve for 100 rounds
[2025-07-28T21:09:24.467+0000] {logging_mixin.py:188} INFO - Early stopping, best iteration is:
[2]	valid_0's rmse: 0.104893
[2025-07-28T21:09:24.623+0000] {logging_mixin.py:188} INFO - Training until validation scores don't improve for 100 rounds
[2025-07-28T21:09:25.105+0000] {logging_mixin.py:188} INFO - Early stopping, best iteration is:
[1]	valid_0's rmse: 0.104883
[2025-07-28T21:09:25.300+0000] {logging_mixin.py:188} INFO - Training until validation scores don't improve for 100 rounds
[2025-07-28T21:09:25.585+0000] {logging_mixin.py:188} INFO - Early stopping, best iteration is:
[1]	valid_0's rmse: 0.104856
[2025-07-28T21:09:25.787+0000] {logging_mixin.py:188} INFO - Training until validation scores don't improve for 100 rounds
[2025-07-28T21:09:26.137+0000] {logging_mixin.py:188} INFO - Early stopping, best iteration is:
[1]	valid_0's rmse: 0.104929
[2025-07-28T21:09:26.309+0000] {logging_mixin.py:188} INFO - Training until validation scores don't improve for 100 rounds
[2025-07-28T21:09:26.682+0000] {logging_mixin.py:188} INFO - Early stopping, best iteration is:
[17]	valid_0's rmse: 0.104839
[2025-07-28T21:09:26.827+0000] {logging_mixin.py:188} INFO - Training until validation scores don't improve for 100 rounds
[2025-07-28T21:09:27.304+0000] {logging_mixin.py:188} INFO - Early stopping, best iteration is:
[1]	valid_0's rmse: 0.104889
[2025-07-28T21:09:27.455+0000] {logging_mixin.py:188} INFO - Training until validation scores don't improve for 100 rounds
[2025-07-28T21:09:27.830+0000] {logging_mixin.py:188} INFO - Early stopping, best iteration is:
[9]	valid_0's rmse: 0.10483
[2025-07-28T21:09:27.981+0000] {logging_mixin.py:188} INFO - Training until validation scores don't improve for 100 rounds
[2025-07-28T21:09:28.389+0000] {logging_mixin.py:188} INFO - Early stopping, best iteration is:
[6]	valid_0's rmse: 0.104816
[2025-07-28T21:09:28.531+0000] {logging_mixin.py:188} INFO - Training until validation scores don't improve for 100 rounds
[2025-07-28T21:09:29.960+0000] {logging_mixin.py:188} INFO - Early stopping, best iteration is:
[4]	valid_0's rmse: 0.104883
[2025-07-28T21:09:30.166+0000] {logging_mixin.py:188} INFO - Training until validation scores don't improve for 100 rounds
[2025-07-28T21:09:30.900+0000] {logging_mixin.py:188} INFO - Early stopping, best iteration is:
[1]	valid_0's rmse: 0.104863
[2025-07-28T21:09:31.131+0000] {logging_mixin.py:188} INFO - Training until validation scores don't improve for 100 rounds
[2025-07-28T21:09:31.611+0000] {logging_mixin.py:188} INFO - Early stopping, best iteration is:
[1]	valid_0's rmse: 0.104983
[2025-07-28T21:09:31.809+0000] {logging_mixin.py:188} INFO - Training until validation scores don't improve for 100 rounds
[2025-07-28T21:09:32.825+0000] {logging_mixin.py:188} INFO - Early stopping, best iteration is:
[4]	valid_0's rmse: 0.10485
[2025-07-28T21:09:33.024+0000] {logging_mixin.py:188} INFO - Training until validation scores don't improve for 100 rounds
[2025-07-28T21:09:33.473+0000] {logging_mixin.py:188} INFO - Early stopping, best iteration is:
[1]	valid_0's rmse: 0.104895
[2025-07-28T21:09:33.639+0000] {logging_mixin.py:188} INFO - Training until validation scores don't improve for 100 rounds
[2025-07-28T21:09:34.051+0000] {logging_mixin.py:188} INFO - Early stopping, best iteration is:
[7]	valid_0's rmse: 0.104801
[2025-07-28T21:09:34.207+0000] {logging_mixin.py:188} INFO - Training until validation scores don't improve for 100 rounds
[2025-07-28T21:09:34.620+0000] {logging_mixin.py:188} INFO - Early stopping, best iteration is:
[3]	valid_0's rmse: 0.104929
[2025-07-28T21:09:34.936+0000] {logging_mixin.py:188} INFO - Training until validation scores don't improve for 100 rounds
[2025-07-28T21:09:44.074+0000] {logging_mixin.py:188} INFO - Early stopping, best iteration is:
[1]	valid_0's rmse: 0.104891
[2025-07-28T21:09:44.212+0000] {logging_mixin.py:188} INFO - Training until validation scores don't improve for 100 rounds
[2025-07-28T21:09:44.734+0000] {logging_mixin.py:188} INFO - Early stopping, best iteration is:
[15]	valid_0's rmse: 0.104828
[2025-07-28T21:09:44.879+0000] {logging_mixin.py:188} INFO - Training until validation scores don't improve for 100 rounds
[2025-07-28T21:09:45.362+0000] {logging_mixin.py:188} INFO - Early stopping, best iteration is:
[2]	valid_0's rmse: 0.104889
[2025-07-28T21:09:45.538+0000] {logging_mixin.py:188} INFO - Training until validation scores don't improve for 100 rounds
[2025-07-28T21:09:45.920+0000] {logging_mixin.py:188} INFO - Early stopping, best iteration is:
[2]	valid_0's rmse: 0.104797
[2025-07-28T21:09:46.155+0000] {logging_mixin.py:188} INFO - Training until validation scores don't improve for 100 rounds
[2025-07-28T21:09:54.140+0000] {logging_mixin.py:188} INFO - Early stopping, best iteration is:
[1]	valid_0's rmse: 0.104882
[2025-07-28T21:09:54.344+0000] {logging_mixin.py:188} INFO - Training until validation scores don't improve for 100 rounds
[2025-07-28T21:09:56.205+0000] {logging_mixin.py:188} INFO - Early stopping, best iteration is:
[1]	valid_0's rmse: 0.104872
[2025-07-28T21:09:56.341+0000] {logging_mixin.py:188} INFO - Training until validation scores don't improve for 100 rounds
[2025-07-28T21:09:56.649+0000] {logging_mixin.py:188} INFO - Early stopping, best iteration is:
[1]	valid_0's rmse: 0.104831
[2025-07-28T21:09:56.823+0000] {logging_mixin.py:188} INFO - Training until validation scores don't improve for 100 rounds
[2025-07-28T21:09:57.336+0000] {logging_mixin.py:188} INFO - Early stopping, best iteration is:
[1]	valid_0's rmse: 0.104813
[2025-07-28T21:09:57.478+0000] {logging_mixin.py:188} INFO - Training until validation scores don't improve for 100 rounds
[2025-07-28T21:09:58.611+0000] {logging_mixin.py:188} INFO - Early stopping, best iteration is:
[1]	valid_0's rmse: 0.104799
[2025-07-28T21:09:58.874+0000] {logging_mixin.py:188} INFO - Training until validation scores don't improve for 100 rounds
[2025-07-28T21:10:00.349+0000] {logging_mixin.py:188} INFO - Early stopping, best iteration is:
[1]	valid_0's rmse: 0.104812
[2025-07-28T21:10:00.490+0000] {logging_mixin.py:188} INFO - Training until validation scores don't improve for 100 rounds
[2025-07-28T21:10:01.076+0000] {logging_mixin.py:188} INFO - Early stopping, best iteration is:
[1]	valid_0's rmse: 0.105089
[2025-07-28T21:10:01.242+0000] {logging_mixin.py:188} INFO - Training until validation scores don't improve for 100 rounds
[2025-07-28T21:10:02.001+0000] {logging_mixin.py:188} INFO - Early stopping, best iteration is:
[1]	valid_0's rmse: 0.10483
[2025-07-28T21:10:02.148+0000] {logging_mixin.py:188} INFO - Training until validation scores don't improve for 100 rounds
[2025-07-28T21:10:02.554+0000] {logging_mixin.py:188} INFO - Early stopping, best iteration is:
[2]	valid_0's rmse: 0.104889
[2025-07-28T21:10:02.693+0000] {logging_mixin.py:188} INFO - Training until validation scores don't improve for 100 rounds
[2025-07-28T21:10:03.519+0000] {logging_mixin.py:188} INFO - Early stopping, best iteration is:
[1]	valid_0's rmse: 0.104936
[2025-07-28T21:10:03.686+0000] {logging_mixin.py:188} INFO - Training until validation scores don't improve for 100 rounds
[2025-07-28T21:10:04.153+0000] {logging_mixin.py:188} INFO - Early stopping, best iteration is:
[3]	valid_0's rmse: 0.104902
[2025-07-28T21:10:04.322+0000] {logging_mixin.py:188} INFO - Training until validation scores don't improve for 100 rounds
[2025-07-28T21:10:04.912+0000] {logging_mixin.py:188} INFO - Early stopping, best iteration is:
[1]	valid_0's rmse: 0.104884
[2025-07-28T21:10:05.080+0000] {logging_mixin.py:188} INFO - Training until validation scores don't improve for 100 rounds
[2025-07-28T21:10:05.519+0000] {logging_mixin.py:188} INFO - Early stopping, best iteration is:
[1]	valid_0's rmse: 0.104854
[2025-07-28T21:10:05.709+0000] {logging_mixin.py:188} INFO - Training until validation scores don't improve for 100 rounds
[2025-07-28T21:10:06.739+0000] {logging_mixin.py:188} INFO - Early stopping, best iteration is:
[1]	valid_0's rmse: 0.104985
[2025-07-28T21:10:06.806+0000] {model.py:78} INFO - Best parameters: {'num_leaves': 32, 'learning_rate': 0.05328320897080953, 'feature_fraction': 0.9046071218687829, 'bagging_fraction': 0.6746274423224378, 'bagging_freq': 2, 'min_child_samples': 82, 'max_depth': 6, 'reg_alpha': 0.5049368953101641, 'reg_lambda': 0.8200692872580048}
[2025-07-28T21:10:06.808+0000] {model.py:79} INFO - Best RMSE: 0.1048
[2025-07-28T21:10:07.417+0000] {logging_mixin.py:188} INFO - Training until validation scores don't improve for 100 rounds
[2025-07-28T21:10:09.348+0000] {logging_mixin.py:188} INFO - [100]	train's rmse: 0.235187	val's rmse: 0.106103
[2025-07-28T21:10:09.441+0000] {logging_mixin.py:188} INFO - Early stopping, best iteration is:
[11]	train's rmse: 0.244392	val's rmse: 0.104763
[2025-07-28T21:10:09.777+0000] {credentials.py:1147} INFO - Found credentials in environment variables.
[2025-07-28T21:10:20.051+0000] {logging_mixin.py:188} WARNING - 2025/07/28 21:10:20 WARNING mlflow.models.model: Model logged without a signature and input example. Please set `input_example` parameter when logging the model to auto infer the model signature.
[2025-07-28T21:10:20.295+0000] {logging_mixin.py:188} WARNING - Registered model 'crypto_lightgbm_model_BTC_USD' already exists. Creating a new version of this model...
[2025-07-28T21:10:20.417+0000] {logging_mixin.py:188} WARNING - 2025/07/28 21:10:20 INFO mlflow.store.model_registry.abstract_store: Waiting up to 300 seconds for model version to finish creation. Model name: crypto_lightgbm_model_BTC_USD, version 4
[2025-07-28T21:10:20.419+0000] {logging_mixin.py:188} WARNING - Created version '4' of model 'crypto_lightgbm_model_BTC_USD'.
[2025-07-28T21:10:20.421+0000] {model.py:168} INFO - Training completed. MLflow run ID: 5a48310f681e4045ae1db65f681b42f1
[2025-07-28T21:10:20.452+0000] {logging_mixin.py:188} INFO - 🏃 View run lightgbm_training_BTC-USD_20250728_210348 at: http://mlflow:5000/#/experiments/0/runs/5a48310f681e4045ae1db65f681b42f1
[2025-07-28T21:10:20.452+0000] {logging_mixin.py:188} INFO - 🧪 View experiment at: http://mlflow:5000/#/experiments/0
[2025-07-28T21:10:20.480+0000] {training_pipeline.py:126} INFO - Métriques nettoyées: {'train_rmse': 0.244392, 'val_rmse': 0.104763, 'train_mae': 0.102105, 'val_mae': 0.075392, 'train_r2': 0.009858, 'val_r2': 0.00183}
[2025-07-28T21:10:20.542+0000] {model.py:235} INFO - Saved model to S3: s3://crypto-mlops-bucket/models/BTC-USD/model_5a48310f681e4045ae1db65f681b42f1.txt
[2025-07-28T21:10:20.572+0000] {python.py:237} INFO - Done. Returned value was: None
[2025-07-28T21:10:20.601+0000] {taskinstance.py:441} INFO - ::group::Post task execution logs
[2025-07-28T21:10:20.756+0000] {taskinstance.py:1205} INFO - Marking task as SUCCESS. dag_id=training_pipeline, task_id=train_model, execution_date=20250728T210254, start_date=20250728T210344, end_date=20250728T211020
[2025-07-28T21:10:20.947+0000] {local_task_job_runner.py:240} INFO - Task exited with return code 0
[2025-07-28T21:10:21.106+0000] {taskinstance.py:3482} INFO - 1 downstream tasks scheduled from follow-on schedule check
[2025-07-28T21:10:21.109+0000] {local_task_job_runner.py:222} INFO - ::endgroup::
