[2025-07-28T10:16:05.759+0000] {local_task_job_runner.py:120} INFO - ::group::Pre task execution logs
[2025-07-28T10:16:05.819+0000] {taskinstance.py:2073} INFO - Dependencies all met for dep_context=non-requeueable deps ti=<TaskInstance: training_pipeline.train_model manual__2025-07-28T10:15:44.398526+00:00 [queued]>
[2025-07-28T10:16:05.833+0000] {taskinstance.py:2073} INFO - Dependencies all met for dep_context=requeueable deps ti=<TaskInstance: training_pipeline.train_model manual__2025-07-28T10:15:44.398526+00:00 [queued]>
[2025-07-28T10:16:05.834+0000] {taskinstance.py:2303} INFO - Starting attempt 1 of 4
[2025-07-28T10:16:05.856+0000] {taskinstance.py:2327} INFO - Executing <Task(PythonOperator): train_model> on 2025-07-28 10:15:44.398526+00:00
[2025-07-28T10:16:05.875+0000] {standard_task_runner.py:90} INFO - Running: ['***', 'tasks', 'run', 'training_pipeline', 'train_model', 'manual__2025-07-28T10:15:44.398526+00:00', '--job-id', '5', '--raw', '--subdir', 'DAGS_FOLDER/training_pipeline.py', '--cfg-path', '/tmp/tmpov2i4u4v']
[2025-07-28T10:16:05.878+0000] {standard_task_runner.py:91} INFO - Job 5: Subtask train_model
[2025-07-28T10:16:05.880+0000] {logging_mixin.py:188} WARNING - /home/***/.local/lib/python3.12/site-packages/***/task/task_runner/standard_task_runner.py:61 DeprecationWarning: This process (pid=928) is multi-threaded, use of fork() may lead to deadlocks in the child.
[2025-07-28T10:16:05.881+0000] {standard_task_runner.py:63} INFO - Started process 946 to run task
[2025-07-28T10:16:05.904+0000] {logging_mixin.py:188} WARNING - /home/***/.local/lib/python3.12/site-packages/***/settings.py:195 DeprecationWarning: The sql_alchemy_conn option in [core] has been moved to the sql_alchemy_conn option in [database] - the old setting has been used, but please update your config.
[2025-07-28T10:16:05.949+0000] {task_command.py:426} INFO - Running <TaskInstance: training_pipeline.train_model manual__2025-07-28T10:15:44.398526+00:00 [running]> on host d78ad09e75e4
[2025-07-28T10:16:06.060+0000] {taskinstance.py:2644} INFO - Exporting env vars: AIRFLOW_CTX_DAG_EMAIL='mlops_team@example.com' AIRFLOW_CTX_DAG_OWNER='mlops' AIRFLOW_CTX_DAG_ID='training_pipeline' AIRFLOW_CTX_TASK_ID='train_model' AIRFLOW_CTX_EXECUTION_DATE='2025-07-28T10:15:44.398526+00:00' AIRFLOW_CTX_TRY_NUMBER='1' AIRFLOW_CTX_DAG_RUN_ID='manual__2025-07-28T10:15:44.398526+00:00'
[2025-07-28T10:16:06.063+0000] {taskinstance.py:430} INFO - ::endgroup::
[2025-07-28T10:16:06.155+0000] {data_processing.py:40} INFO - Loaded 288 records from S3: data/historical_BTC_USD_20250728101554.csv
[2025-07-28T10:16:06.159+0000] {data_processing.py:84} INFO - Combined 288 records for BTC-USD
[2025-07-28T10:16:06.234+0000] {data_processing.py:162} INFO - Removed 50 rows with NaN values. Final shape: (238, 84)
[2025-07-28T10:16:06.239+0000] {logging_mixin.py:188} WARNING - /opt/***/src/data_processing.py:230 FutureWarning: DataFrame.fillna with 'method' is deprecated and will raise in a future version. Use obj.ffill() or obj.bfill() instead.
[2025-07-28T10:16:06.247+0000] {logging_mixin.py:188} WARNING - /opt/***/src/data_processing.py:177 FutureWarning: DataFrame.fillna with 'method' is deprecated and will raise in a future version. Use obj.ffill() or obj.bfill() instead.
[2025-07-28T10:16:06.248+0000] {data_processing.py:179} INFO - Prepared features: (238, 80), Target: (238,)
[2025-07-28T10:16:06.249+0000] {data_processing.py:180} INFO - Feature columns: 80
[2025-07-28T10:16:06.275+0000] {data_processing.py:202} INFO - Saved preprocessor to S3: s3://crypto-mlops-bucket/models/preprocessors/scaler_BTC_USD.pickle
[2025-07-28T10:16:06.397+0000] {logging_mixin.py:188} WARNING - 2025/07/28 10:16:06 WARNING mlflow.utils.git_utils: Failed to import Git (the Git executable is probably not on your PATH), so Git SHA is not available. Error: Failed to initialize: Bad git executable.
The git executable must be specified in one of the following ways:
    - be included in your $PATH
    - be set via $GIT_PYTHON_GIT_EXECUTABLE
    - explicitly set via git.refresh(<full-path-to-git-executable>)

All git commands will error until this is rectified.

This initial message can be silenced or aggravated in the future by setting the
$GIT_PYTHON_REFRESH environment variable. Use one of the following values:
    - quiet|q|silence|s|silent|none|n|0: for no message or exception
    - warn|w|warning|log|l|1: for a warning message (logging level CRITICAL, displayed by default)
    - error|e|exception|raise|r|2: for a raised exception

Example:
    export GIT_PYTHON_REFRESH=quiet
[2025-07-28T10:16:06.513+0000] {model.py:70} INFO - Starting hyperparameter optimization with 100 trials
[2025-07-28T10:16:06.674+0000] {logging_mixin.py:188} INFO - Training until validation scores don't improve for 100 rounds
[2025-07-28T10:16:08.507+0000] {logging_mixin.py:188} INFO - Early stopping, best iteration is:
[126]	valid_0's rmse: 0.080214
[2025-07-28T10:16:08.541+0000] {logging_mixin.py:188} INFO - Training until validation scores don't improve for 100 rounds
[2025-07-28T10:16:08.846+0000] {logging_mixin.py:188} INFO - Early stopping, best iteration is:
[2]	valid_0's rmse: 0.0806965
[2025-07-28T10:16:08.869+0000] {logging_mixin.py:188} INFO - Training until validation scores don't improve for 100 rounds
[2025-07-28T10:16:09.154+0000] {logging_mixin.py:188} INFO - Early stopping, best iteration is:
[1]	valid_0's rmse: 0.0806965
[2025-07-28T10:16:09.204+0000] {logging_mixin.py:188} INFO - Training until validation scores don't improve for 100 rounds
[2025-07-28T10:16:09.302+0000] {logging_mixin.py:188} INFO - Early stopping, best iteration is:
[1]	valid_0's rmse: 0.0805962
[2025-07-28T10:16:09.396+0000] {logging_mixin.py:188} INFO - Training until validation scores don't improve for 100 rounds
[2025-07-28T10:16:11.656+0000] {logging_mixin.py:188} INFO - Early stopping, best iteration is:
[27]	valid_0's rmse: 0.0798091
[2025-07-28T10:16:11.821+0000] {logging_mixin.py:188} INFO - Training until validation scores don't improve for 100 rounds
[2025-07-28T10:16:16.357+0000] {logging_mixin.py:188} INFO - Early stopping, best iteration is:
[1]	valid_0's rmse: 0.0807891
[2025-07-28T10:16:16.402+0000] {logging_mixin.py:188} INFO - Training until validation scores don't improve for 100 rounds
[2025-07-28T10:16:17.068+0000] {logging_mixin.py:188} INFO - Early stopping, best iteration is:
[1]	valid_0's rmse: 0.0807229
[2025-07-28T10:16:17.111+0000] {logging_mixin.py:188} INFO - Training until validation scores don't improve for 100 rounds
[2025-07-28T10:16:18.316+0000] {logging_mixin.py:188} INFO - Early stopping, best iteration is:
[126]	valid_0's rmse: 0.0797621
[2025-07-28T10:16:18.373+0000] {logging_mixin.py:188} INFO - Training until validation scores don't improve for 100 rounds
[2025-07-28T10:16:18.898+0000] {logging_mixin.py:188} INFO - Early stopping, best iteration is:
[20]	valid_0's rmse: 0.0797627
[2025-07-28T10:16:18.941+0000] {logging_mixin.py:188} INFO - Training until validation scores don't improve for 100 rounds
[2025-07-28T10:16:19.229+0000] {logging_mixin.py:188} INFO - Early stopping, best iteration is:
[3]	valid_0's rmse: 0.0806965
[2025-07-28T10:16:19.340+0000] {logging_mixin.py:188} INFO - Training until validation scores don't improve for 100 rounds
[2025-07-28T10:16:20.058+0000] {logging_mixin.py:188} INFO - Early stopping, best iteration is:
[14]	valid_0's rmse: 0.080189
[2025-07-28T10:16:20.152+0000] {logging_mixin.py:188} INFO - Training until validation scores don't improve for 100 rounds
[2025-07-28T10:16:20.718+0000] {logging_mixin.py:188} INFO - Early stopping, best iteration is:
[1]	valid_0's rmse: 0.0811094
[2025-07-28T10:16:20.806+0000] {logging_mixin.py:188} INFO - Training until validation scores don't improve for 100 rounds
[2025-07-28T10:16:21.652+0000] {logging_mixin.py:188} INFO - Early stopping, best iteration is:
[73]	valid_0's rmse: 0.0800045
[2025-07-28T10:16:21.813+0000] {logging_mixin.py:188} INFO - Training until validation scores don't improve for 100 rounds
[2025-07-28T10:16:22.145+0000] {logging_mixin.py:188} INFO - Early stopping, best iteration is:
[1]	valid_0's rmse: 0.0811473
[2025-07-28T10:16:22.237+0000] {logging_mixin.py:188} INFO - Training until validation scores don't improve for 100 rounds
[2025-07-28T10:16:22.445+0000] {logging_mixin.py:188} INFO - Early stopping, best iteration is:
[1]	valid_0's rmse: 0.0809229
[2025-07-28T10:16:22.539+0000] {logging_mixin.py:188} INFO - Training until validation scores don't improve for 100 rounds
[2025-07-28T10:16:28.524+0000] {logging_mixin.py:188} INFO - Early stopping, best iteration is:
[92]	valid_0's rmse: 0.0804058
[2025-07-28T10:16:28.919+0000] {logging_mixin.py:188} INFO - Training until validation scores don't improve for 100 rounds
[2025-07-28T10:16:38.306+0000] {logging_mixin.py:188} INFO - Early stopping, best iteration is:
[2]	valid_0's rmse: 0.0806965
[2025-07-28T10:16:39.359+0000] {logging_mixin.py:188} INFO - Training until validation scores don't improve for 100 rounds
[2025-07-28T10:16:44.693+0000] {logging_mixin.py:188} INFO - Early stopping, best iteration is:
[1]	valid_0's rmse: 0.0813117
[2025-07-28T10:16:44.885+0000] {logging_mixin.py:188} INFO - Training until validation scores don't improve for 100 rounds
[2025-07-28T10:16:46.178+0000] {logging_mixin.py:188} INFO - Early stopping, best iteration is:
[22]	valid_0's rmse: 0.0796279
[2025-07-28T10:16:46.641+0000] {logging_mixin.py:188} INFO - Training until validation scores don't improve for 100 rounds
[2025-07-28T10:16:46.684+0000] {logging_mixin.py:188} INFO - Early stopping, best iteration is:
[1]	valid_0's rmse: 0.0818314
[2025-07-28T10:16:47.002+0000] {logging_mixin.py:188} INFO - Training until validation scores don't improve for 100 rounds
[2025-07-28T10:16:47.181+0000] {logging_mixin.py:188} INFO - Early stopping, best iteration is:
[1]	valid_0's rmse: 0.0806712
[2025-07-28T10:16:47.374+0000] {logging_mixin.py:188} INFO - Training until validation scores don't improve for 100 rounds
[2025-07-28T10:16:50.029+0000] {logging_mixin.py:188} INFO - Early stopping, best iteration is:
[41]	valid_0's rmse: 0.0794289
[2025-07-28T10:16:50.124+0000] {logging_mixin.py:188} INFO - Training until validation scores don't improve for 100 rounds
[2025-07-28T10:16:50.171+0000] {logging_mixin.py:188} INFO - Early stopping, best iteration is:
[2]	valid_0's rmse: 0.0804996
[2025-07-28T10:16:50.303+0000] {logging_mixin.py:188} INFO - Training until validation scores don't improve for 100 rounds
[2025-07-28T10:16:50.857+0000] {logging_mixin.py:188} INFO - Early stopping, best iteration is:
[175]	valid_0's rmse: 0.078804
[2025-07-28T10:16:50.970+0000] {logging_mixin.py:188} INFO - Training until validation scores don't improve for 100 rounds
[2025-07-28T10:16:51.145+0000] {logging_mixin.py:188} INFO - Early stopping, best iteration is:
[10]	valid_0's rmse: 0.0807824
[2025-07-28T10:16:51.225+0000] {logging_mixin.py:188} INFO - Training until validation scores don't improve for 100 rounds
[2025-07-28T10:16:51.710+0000] {logging_mixin.py:188} INFO - Early stopping, best iteration is:
[77]	valid_0's rmse: 0.0800001
[2025-07-28T10:16:51.810+0000] {logging_mixin.py:188} INFO - Training until validation scores don't improve for 100 rounds
[2025-07-28T10:16:51.857+0000] {logging_mixin.py:188} INFO - Early stopping, best iteration is:
[47]	valid_0's rmse: 0.0806171
[2025-07-28T10:16:51.960+0000] {logging_mixin.py:188} INFO - Training until validation scores don't improve for 100 rounds
[2025-07-28T10:16:52.376+0000] {logging_mixin.py:188} INFO - Early stopping, best iteration is:
[92]	valid_0's rmse: 0.0806151
[2025-07-28T10:16:52.469+0000] {logging_mixin.py:188} INFO - Training until validation scores don't improve for 100 rounds
[2025-07-28T10:16:52.712+0000] {logging_mixin.py:188} INFO - Early stopping, best iteration is:
[3]	valid_0's rmse: 0.0806965
[2025-07-28T10:16:52.832+0000] {logging_mixin.py:188} INFO - Training until validation scores don't improve for 100 rounds
[2025-07-28T10:16:54.019+0000] {logging_mixin.py:188} INFO - Early stopping, best iteration is:
[14]	valid_0's rmse: 0.0795488
[2025-07-28T10:16:54.194+0000] {logging_mixin.py:188} INFO - Training until validation scores don't improve for 100 rounds
[2025-07-28T10:16:54.374+0000] {logging_mixin.py:188} INFO - Early stopping, best iteration is:
[1]	valid_0's rmse: 0.0809801
[2025-07-28T10:16:54.454+0000] {logging_mixin.py:188} INFO - Training until validation scores don't improve for 100 rounds
[2025-07-28T10:16:54.524+0000] {logging_mixin.py:188} INFO - Early stopping, best iteration is:
[68]	valid_0's rmse: 0.0800866
[2025-07-28T10:16:54.602+0000] {logging_mixin.py:188} INFO - Training until validation scores don't improve for 100 rounds
[2025-07-28T10:16:54.638+0000] {logging_mixin.py:188} INFO - Early stopping, best iteration is:
[11]	valid_0's rmse: 0.0802954
[2025-07-28T10:16:54.731+0000] {logging_mixin.py:188} INFO - Training until validation scores don't improve for 100 rounds
[2025-07-28T10:16:54.976+0000] {logging_mixin.py:188} INFO - Early stopping, best iteration is:
[82]	valid_0's rmse: 0.0802249
[2025-07-28T10:16:55.086+0000] {logging_mixin.py:188} INFO - Training until validation scores don't improve for 100 rounds
[2025-07-28T10:16:55.140+0000] {logging_mixin.py:188} INFO - Early stopping, best iteration is:
[1]	valid_0's rmse: 0.08089
[2025-07-28T10:16:55.234+0000] {logging_mixin.py:188} INFO - Training until validation scores don't improve for 100 rounds
[2025-07-28T10:16:55.312+0000] {logging_mixin.py:188} INFO - Early stopping, best iteration is:
[1]	valid_0's rmse: 0.080699
[2025-07-28T10:16:55.396+0000] {logging_mixin.py:188} INFO - Training until validation scores don't improve for 100 rounds
[2025-07-28T10:16:55.447+0000] {logging_mixin.py:188} INFO - Early stopping, best iteration is:
[2]	valid_0's rmse: 0.0805016
[2025-07-28T10:16:55.533+0000] {logging_mixin.py:188} INFO - Training until validation scores don't improve for 100 rounds
[2025-07-28T10:16:56.033+0000] {logging_mixin.py:188} INFO - Early stopping, best iteration is:
[10]	valid_0's rmse: 0.0797742
[2025-07-28T10:16:56.116+0000] {logging_mixin.py:188} INFO - Training until validation scores don't improve for 100 rounds
[2025-07-28T10:16:56.165+0000] {logging_mixin.py:188} INFO - Early stopping, best iteration is:
[81]	valid_0's rmse: 0.0786728
[2025-07-28T10:16:56.319+0000] {logging_mixin.py:188} INFO - Training until validation scores don't improve for 100 rounds
[2025-07-28T10:16:56.409+0000] {logging_mixin.py:188} INFO - Early stopping, best iteration is:
[160]	valid_0's rmse: 0.0799718
[2025-07-28T10:16:56.502+0000] {logging_mixin.py:188} INFO - Training until validation scores don't improve for 100 rounds
[2025-07-28T10:16:56.602+0000] {logging_mixin.py:188} INFO - Early stopping, best iteration is:
[3]	valid_0's rmse: 0.0804609
[2025-07-28T10:16:56.681+0000] {logging_mixin.py:188} INFO - Training until validation scores don't improve for 100 rounds
[2025-07-28T10:16:56.967+0000] {logging_mixin.py:188} INFO - Early stopping, best iteration is:
[125]	valid_0's rmse: 0.0803618
[2025-07-28T10:16:57.129+0000] {logging_mixin.py:188} INFO - Training until validation scores don't improve for 100 rounds
[2025-07-28T10:16:57.192+0000] {logging_mixin.py:188} INFO - Early stopping, best iteration is:
[150]	valid_0's rmse: 0.0789978
[2025-07-28T10:16:57.316+0000] {logging_mixin.py:188} INFO - Training until validation scores don't improve for 100 rounds
[2025-07-28T10:16:57.372+0000] {logging_mixin.py:188} INFO - Early stopping, best iteration is:
[175]	valid_0's rmse: 0.0797413
[2025-07-28T10:16:57.509+0000] {logging_mixin.py:188} INFO - Training until validation scores don't improve for 100 rounds
[2025-07-28T10:16:57.568+0000] {logging_mixin.py:188} INFO - Early stopping, best iteration is:
[80]	valid_0's rmse: 0.0804962
[2025-07-28T10:16:58.282+0000] {logging_mixin.py:188} INFO - Training until validation scores don't improve for 100 rounds
[2025-07-28T10:16:58.840+0000] {logging_mixin.py:188} INFO - Early stopping, best iteration is:
[1]	valid_0's rmse: 0.0806906
[2025-07-28T10:16:59.176+0000] {logging_mixin.py:188} INFO - Training until validation scores don't improve for 100 rounds
[2025-07-28T10:16:59.947+0000] {logging_mixin.py:188} INFO - Early stopping, best iteration is:
[16]	valid_0's rmse: 0.0804921
[2025-07-28T10:17:00.087+0000] {logging_mixin.py:188} INFO - Training until validation scores don't improve for 100 rounds
[2025-07-28T10:17:00.922+0000] {logging_mixin.py:188} INFO - Early stopping, best iteration is:
[1]	valid_0's rmse: 0.0806315
[2025-07-28T10:17:01.153+0000] {logging_mixin.py:188} INFO - Training until validation scores don't improve for 100 rounds
[2025-07-28T10:17:01.657+0000] {logging_mixin.py:188} INFO - Early stopping, best iteration is:
[60]	valid_0's rmse: 0.0783397
[2025-07-28T10:17:01.828+0000] {logging_mixin.py:188} INFO - Training until validation scores don't improve for 100 rounds
[2025-07-28T10:17:02.369+0000] {logging_mixin.py:188} INFO - Early stopping, best iteration is:
[64]	valid_0's rmse: 0.0787213
[2025-07-28T10:17:02.513+0000] {logging_mixin.py:188} INFO - Training until validation scores don't improve for 100 rounds
[2025-07-28T10:17:06.534+0000] {logging_mixin.py:188} INFO - Early stopping, best iteration is:
[122]	valid_0's rmse: 0.0803177
[2025-07-28T10:17:05.377+0000] {logging_mixin.py:188} INFO - Training until validation scores don't improve for 100 rounds
[2025-07-28T10:17:07.141+0000] {logging_mixin.py:188} INFO - Early stopping, best iteration is:
[128]	valid_0's rmse: 0.0800806
[2025-07-28T10:17:07.385+0000] {logging_mixin.py:188} INFO - Training until validation scores don't improve for 100 rounds
[2025-07-28T10:17:07.400+0000] {logging_mixin.py:188} INFO - Early stopping, best iteration is:
[1]	valid_0's rmse: 0.080705
[2025-07-28T10:17:07.509+0000] {logging_mixin.py:188} INFO - Training until validation scores don't improve for 100 rounds
[2025-07-28T10:17:07.802+0000] {logging_mixin.py:188} INFO - Early stopping, best iteration is:
[115]	valid_0's rmse: 0.0794599
[2025-07-28T10:17:07.885+0000] {logging_mixin.py:188} INFO - Training until validation scores don't improve for 100 rounds
[2025-07-28T10:17:08.211+0000] {logging_mixin.py:188} INFO - Early stopping, best iteration is:
[35]	valid_0's rmse: 0.0798756
[2025-07-28T10:17:08.311+0000] {logging_mixin.py:188} INFO - Training until validation scores don't improve for 100 rounds
[2025-07-28T10:17:08.355+0000] {logging_mixin.py:188} INFO - Early stopping, best iteration is:
[96]	valid_0's rmse: 0.0803484
[2025-07-28T10:17:08.442+0000] {logging_mixin.py:188} INFO - Training until validation scores don't improve for 100 rounds
[2025-07-28T10:17:08.514+0000] {logging_mixin.py:188} INFO - Early stopping, best iteration is:
[35]	valid_0's rmse: 0.0806904
[2025-07-28T10:17:08.595+0000] {logging_mixin.py:188} INFO - Training until validation scores don't improve for 100 rounds
[2025-07-28T10:17:08.642+0000] {logging_mixin.py:188} INFO - Early stopping, best iteration is:
[92]	valid_0's rmse: 0.0797294
[2025-07-28T10:17:08.856+0000] {logging_mixin.py:188} INFO - Training until validation scores don't improve for 100 rounds
[2025-07-28T10:17:09.140+0000] {logging_mixin.py:188} INFO - Early stopping, best iteration is:
[46]	valid_0's rmse: 0.0796709
[2025-07-28T10:17:09.234+0000] {logging_mixin.py:188} INFO - Training until validation scores don't improve for 100 rounds
[2025-07-28T10:17:09.339+0000] {logging_mixin.py:188} INFO - Early stopping, best iteration is:
[37]	valid_0's rmse: 0.0805185
[2025-07-28T10:17:09.439+0000] {logging_mixin.py:188} INFO - Training until validation scores don't improve for 100 rounds
[2025-07-28T10:17:13.537+0000] {logging_mixin.py:188} INFO - Early stopping, best iteration is:
[90]	valid_0's rmse: 0.0802581
[2025-07-28T10:17:13.718+0000] {logging_mixin.py:188} INFO - Training until validation scores don't improve for 100 rounds
[2025-07-28T10:17:23.861+0000] {logging_mixin.py:188} INFO - Early stopping, best iteration is:
[115]	valid_0's rmse: 0.0795796
[2025-07-28T10:17:24.532+0000] {logging_mixin.py:188} INFO - Training until validation scores don't improve for 100 rounds
[2025-07-28T10:17:24.661+0000] {logging_mixin.py:188} INFO - Early stopping, best iteration is:
[31]	valid_0's rmse: 0.0805443
[2025-07-28T10:17:25.014+0000] {logging_mixin.py:188} INFO - Training until validation scores don't improve for 100 rounds
[2025-07-28T10:17:25.080+0000] {logging_mixin.py:188} INFO - Early stopping, best iteration is:
[101]	valid_0's rmse: 0.0805109
[2025-07-28T10:17:25.308+0000] {logging_mixin.py:188} INFO - Training until validation scores don't improve for 100 rounds
[2025-07-28T10:17:25.344+0000] {logging_mixin.py:188} INFO - Early stopping, best iteration is:
[70]	valid_0's rmse: 0.0802386
[2025-07-28T10:17:25.432+0000] {logging_mixin.py:188} INFO - Training until validation scores don't improve for 100 rounds
[2025-07-28T10:17:25.516+0000] {logging_mixin.py:188} INFO - Early stopping, best iteration is:
[94]	valid_0's rmse: 0.0800115
[2025-07-28T10:17:25.616+0000] {logging_mixin.py:188} INFO - Training until validation scores don't improve for 100 rounds
[2025-07-28T10:17:25.713+0000] {logging_mixin.py:188} INFO - Early stopping, best iteration is:
[1]	valid_0's rmse: 0.0806567
[2025-07-28T10:17:25.825+0000] {logging_mixin.py:188} INFO - Training until validation scores don't improve for 100 rounds
[2025-07-28T10:17:26.062+0000] {logging_mixin.py:188} INFO - Early stopping, best iteration is:
[115]	valid_0's rmse: 0.0785641
[2025-07-28T10:17:26.151+0000] {logging_mixin.py:188} INFO - Training until validation scores don't improve for 100 rounds
[2025-07-28T10:17:26.302+0000] {logging_mixin.py:188} INFO - Early stopping, best iteration is:
[192]	valid_0's rmse: 0.0788167
[2025-07-28T10:17:26.390+0000] {logging_mixin.py:188} INFO - Training until validation scores don't improve for 100 rounds
[2025-07-28T10:17:26.470+0000] {logging_mixin.py:188} INFO - Early stopping, best iteration is:
[96]	valid_0's rmse: 0.079846
[2025-07-28T10:17:26.551+0000] {logging_mixin.py:188} INFO - Training until validation scores don't improve for 100 rounds
[2025-07-28T10:17:26.585+0000] {logging_mixin.py:188} INFO - Early stopping, best iteration is:
[1]	valid_0's rmse: 0.0806017
[2025-07-28T10:17:26.702+0000] {logging_mixin.py:188} INFO - Training until validation scores don't improve for 100 rounds
[2025-07-28T10:17:26.736+0000] {logging_mixin.py:188} INFO - Early stopping, best iteration is:
[11]	valid_0's rmse: 0.0804425
[2025-07-28T10:17:26.836+0000] {logging_mixin.py:188} INFO - Training until validation scores don't improve for 100 rounds
[2025-07-28T10:17:27.126+0000] {logging_mixin.py:188} INFO - Early stopping, best iteration is:
[72]	valid_0's rmse: 0.0807728
[2025-07-28T10:17:27.214+0000] {logging_mixin.py:188} INFO - Training until validation scores don't improve for 100 rounds
[2025-07-28T10:17:27.314+0000] {logging_mixin.py:188} INFO - Early stopping, best iteration is:
[12]	valid_0's rmse: 0.0802775
[2025-07-28T10:17:27.398+0000] {logging_mixin.py:188} INFO - Training until validation scores don't improve for 100 rounds
[2025-07-28T10:17:27.446+0000] {logging_mixin.py:188} INFO - Early stopping, best iteration is:
[49]	valid_0's rmse: 0.0803459
[2025-07-28T10:17:27.535+0000] {logging_mixin.py:188} INFO - Training until validation scores don't improve for 100 rounds
[2025-07-28T10:17:27.581+0000] {logging_mixin.py:188} INFO - Early stopping, best iteration is:
[57]	valid_0's rmse: 0.0800179
[2025-07-28T10:17:27.664+0000] {logging_mixin.py:188} INFO - Training until validation scores don't improve for 100 rounds
[2025-07-28T10:17:27.719+0000] {logging_mixin.py:188} INFO - Early stopping, best iteration is:
[140]	valid_0's rmse: 0.0794815
[2025-07-28T10:17:27.859+0000] {logging_mixin.py:188} INFO - Training until validation scores don't improve for 100 rounds
[2025-07-28T10:17:28.196+0000] {logging_mixin.py:188} INFO - Early stopping, best iteration is:
[23]	valid_0's rmse: 0.0794914
[2025-07-28T10:17:28.299+0000] {logging_mixin.py:188} INFO - Training until validation scores don't improve for 100 rounds
[2025-07-28T10:17:28.338+0000] {logging_mixin.py:188} INFO - Early stopping, best iteration is:
[12]	valid_0's rmse: 0.0803873
[2025-07-28T10:17:28.432+0000] {logging_mixin.py:188} INFO - Training until validation scores don't improve for 100 rounds
[2025-07-28T10:17:28.501+0000] {logging_mixin.py:188} INFO - Early stopping, best iteration is:
[13]	valid_0's rmse: 0.0801175
[2025-07-28T10:17:28.596+0000] {logging_mixin.py:188} INFO - Training until validation scores don't improve for 100 rounds
[2025-07-28T10:17:28.652+0000] {logging_mixin.py:188} INFO - Early stopping, best iteration is:
[113]	valid_0's rmse: 0.0802651
[2025-07-28T10:17:28.801+0000] {logging_mixin.py:188} INFO - Training until validation scores don't improve for 100 rounds
[2025-07-28T10:17:28.840+0000] {logging_mixin.py:188} INFO - Early stopping, best iteration is:
[115]	valid_0's rmse: 0.0800552
[2025-07-28T10:17:28.928+0000] {logging_mixin.py:188} INFO - Training until validation scores don't improve for 100 rounds
[2025-07-28T10:17:28.982+0000] {logging_mixin.py:188} INFO - Early stopping, best iteration is:
[60]	valid_0's rmse: 0.0798403
[2025-07-28T10:17:29.079+0000] {logging_mixin.py:188} INFO - Training until validation scores don't improve for 100 rounds
[2025-07-28T10:17:29.127+0000] {logging_mixin.py:188} INFO - Early stopping, best iteration is:
[1]	valid_0's rmse: 0.0806981
[2025-07-28T10:17:29.224+0000] {logging_mixin.py:188} INFO - Training until validation scores don't improve for 100 rounds
[2025-07-28T10:17:29.310+0000] {logging_mixin.py:188} INFO - Early stopping, best iteration is:
[28]	valid_0's rmse: 0.0804115
[2025-07-28T10:17:29.412+0000] {logging_mixin.py:188} INFO - Training until validation scores don't improve for 100 rounds
[2025-07-28T10:17:29.448+0000] {logging_mixin.py:188} INFO - Early stopping, best iteration is:
[1]	valid_0's rmse: 0.0806507
[2025-07-28T10:17:29.538+0000] {logging_mixin.py:188} INFO - Training until validation scores don't improve for 100 rounds
[2025-07-28T10:17:29.948+0000] {logging_mixin.py:188} INFO - Early stopping, best iteration is:
[175]	valid_0's rmse: 0.0795151
[2025-07-28T10:17:30.062+0000] {logging_mixin.py:188} INFO - Training until validation scores don't improve for 100 rounds
[2025-07-28T10:17:30.948+0000] {logging_mixin.py:188} INFO - Early stopping, best iteration is:
[115]	valid_0's rmse: 0.0786655
[2025-07-28T10:17:31.075+0000] {logging_mixin.py:188} INFO - Training until validation scores don't improve for 100 rounds
[2025-07-28T10:17:31.607+0000] {logging_mixin.py:188} INFO - Early stopping, best iteration is:
[64]	valid_0's rmse: 0.0781475
[2025-07-28T10:17:31.711+0000] {logging_mixin.py:188} INFO - Training until validation scores don't improve for 100 rounds
[2025-07-28T10:17:31.914+0000] {logging_mixin.py:188} INFO - Early stopping, best iteration is:
[78]	valid_0's rmse: 0.0774649
[2025-07-28T10:17:32.003+0000] {logging_mixin.py:188} INFO - Training until validation scores don't improve for 100 rounds
[2025-07-28T10:17:32.042+0000] {logging_mixin.py:188} INFO - Early stopping, best iteration is:
[1]	valid_0's rmse: 0.0811138
[2025-07-28T10:17:32.140+0000] {logging_mixin.py:188} INFO - Training until validation scores don't improve for 100 rounds
[2025-07-28T10:17:32.438+0000] {logging_mixin.py:188} INFO - Early stopping, best iteration is:
[48]	valid_0's rmse: 0.0782576
[2025-07-28T10:17:32.527+0000] {logging_mixin.py:188} INFO - Training until validation scores don't improve for 100 rounds
[2025-07-28T10:17:32.575+0000] {logging_mixin.py:188} INFO - Early stopping, best iteration is:
[54]	valid_0's rmse: 0.078048
[2025-07-28T10:17:32.681+0000] {logging_mixin.py:188} INFO - Training until validation scores don't improve for 100 rounds
[2025-07-28T10:17:32.727+0000] {logging_mixin.py:188} INFO - Early stopping, best iteration is:
[55]	valid_0's rmse: 0.0791531
[2025-07-28T10:17:32.819+0000] {logging_mixin.py:188} INFO - Training until validation scores don't improve for 100 rounds
[2025-07-28T10:17:32.864+0000] {logging_mixin.py:188} INFO - Early stopping, best iteration is:
[1]	valid_0's rmse: 0.0809052
[2025-07-28T10:17:32.952+0000] {logging_mixin.py:188} INFO - Training until validation scores don't improve for 100 rounds
[2025-07-28T10:17:32.999+0000] {logging_mixin.py:188} INFO - Early stopping, best iteration is:
[71]	valid_0's rmse: 0.0769445
[2025-07-28T10:17:33.093+0000] {logging_mixin.py:188} INFO - Training until validation scores don't improve for 100 rounds
[2025-07-28T10:17:33.211+0000] {logging_mixin.py:188} INFO - Early stopping, best iteration is:
[60]	valid_0's rmse: 0.0784804
[2025-07-28T10:17:33.319+0000] {logging_mixin.py:188} INFO - Training until validation scores don't improve for 100 rounds
[2025-07-28T10:17:33.460+0000] {logging_mixin.py:188} INFO - Early stopping, best iteration is:
[60]	valid_0's rmse: 0.0788217
[2025-07-28T10:17:33.547+0000] {logging_mixin.py:188} INFO - Training until validation scores don't improve for 100 rounds
[2025-07-28T10:17:33.590+0000] {logging_mixin.py:188} INFO - Early stopping, best iteration is:
[1]	valid_0's rmse: 0.0807938
[2025-07-28T10:17:33.684+0000] {logging_mixin.py:188} INFO - Training until validation scores don't improve for 100 rounds
[2025-07-28T10:17:33.723+0000] {logging_mixin.py:188} INFO - Early stopping, best iteration is:
[3]	valid_0's rmse: 0.0806581
[2025-07-28T10:17:33.730+0000] {model.py:78} INFO - Best parameters: {'num_leaves': 76, 'learning_rate': 0.07301419267325135, 'feature_fraction': 0.8472444689407833, 'bagging_fraction': 0.673289656412146, 'bagging_freq': 3, 'min_child_samples': 33, 'max_depth': 3, 'reg_alpha': 0.1616857769185137, 'reg_lambda': 0.9634837804150329}
[2025-07-28T10:17:33.731+0000] {model.py:79} INFO - Best RMSE: 0.0769
[2025-07-28T10:17:33.804+0000] {logging_mixin.py:188} INFO - Training until validation scores don't improve for 100 rounds
[2025-07-28T10:17:33.851+0000] {logging_mixin.py:188} INFO - [100]	train's rmse: 0.0660614	val's rmse: 0.0793947
[2025-07-28T10:17:33.990+0000] {credentials.py:1147} INFO - Found credentials in environment variables.
[2025-07-28T10:17:40.423+0000] {logging_mixin.py:188} WARNING - 2025/07/28 10:17:40 WARNING mlflow.models.model: Model logged without a signature and input example. Please set `input_example` parameter when logging the model to auto infer the model signature.
[2025-07-28T10:17:40.746+0000] {logging_mixin.py:188} WARNING - Registered model 'crypto_lightgbm_model_BTC_USD' already exists. Creating a new version of this model...
[2025-07-28T10:17:40.863+0000] {logging_mixin.py:188} WARNING - 2025/07/28 10:17:40 INFO mlflow.store.model_registry.abstract_store: Waiting up to 300 seconds for model version to finish creation. Model name: crypto_lightgbm_model_BTC_USD, version 2
[2025-07-28T10:17:40.864+0000] {logging_mixin.py:188} WARNING - Created version '2' of model 'crypto_lightgbm_model_BTC_USD'.
[2025-07-28T10:17:40.866+0000] {model.py:168} INFO - Training completed. MLflow run ID: 80d114769d4a4ffbbc9916aa87d8d414
[2025-07-28T10:17:40.923+0000] {logging_mixin.py:188} INFO - 🏃 View run lightgbm_training_BTC-USD_20250728_101606 at: http://mlflow:5000/#/experiments/0/runs/80d114769d4a4ffbbc9916aa87d8d414
[2025-07-28T10:17:40.924+0000] {logging_mixin.py:188} INFO - 🧪 View experiment at: http://mlflow:5000/#/experiments/0
[2025-07-28T10:17:40.964+0000] {training_pipeline.py:126} INFO - Métriques nettoyées: {'train_rmse': 0.07029, 'val_rmse': 0.076944, 'train_mae': 0.052207, 'val_mae': 0.05598, 'train_r2': 0.341973, 'val_r2': 0.050293}
[2025-07-28T10:17:41.041+0000] {model.py:235} INFO - Saved model to S3: s3://crypto-mlops-bucket/models/BTC-USD/model_80d114769d4a4ffbbc9916aa87d8d414.txt
[2025-07-28T10:17:41.044+0000] {python.py:237} INFO - Done. Returned value was: None
[2025-07-28T10:17:41.048+0000] {taskinstance.py:441} INFO - ::group::Post task execution logs
[2025-07-28T10:17:41.069+0000] {taskinstance.py:1205} INFO - Marking task as SUCCESS. dag_id=training_pipeline, task_id=train_model, execution_date=20250728T101544, start_date=20250728T101605, end_date=20250728T101741
[2025-07-28T10:17:41.146+0000] {local_task_job_runner.py:240} INFO - Task exited with return code 0
[2025-07-28T10:17:41.185+0000] {taskinstance.py:3482} INFO - 1 downstream tasks scheduled from follow-on schedule check
[2025-07-28T10:17:41.189+0000] {local_task_job_runner.py:222} INFO - ::endgroup::
