[2025-07-27T19:59:13.362+0000] {local_task_job_runner.py:120} INFO - ::group::Pre task execution logs
[2025-07-27T19:59:13.409+0000] {taskinstance.py:2073} INFO - Dependencies all met for dep_context=non-requeueable deps ti=<TaskInstance: training_pipeline.train_model manual__2025-07-27T19:58:54.539395+00:00 [queued]>
[2025-07-27T19:59:13.423+0000] {taskinstance.py:2073} INFO - Dependencies all met for dep_context=requeueable deps ti=<TaskInstance: training_pipeline.train_model manual__2025-07-27T19:58:54.539395+00:00 [queued]>
[2025-07-27T19:59:13.457+0000] {taskinstance.py:2303} INFO - Starting attempt 1 of 4
[2025-07-27T19:59:13.476+0000] {taskinstance.py:2327} INFO - Executing <Task(PythonOperator): train_model> on 2025-07-27 19:58:54.539395+00:00
[2025-07-27T19:59:13.496+0000] {logging_mixin.py:188} WARNING - /home/***/.local/lib/python3.12/site-packages/***/task/task_runner/standard_task_runner.py:61 DeprecationWarning: This process (pid=322) is multi-threaded, use of fork() may lead to deadlocks in the child.
[2025-07-27T19:59:13.494+0000] {standard_task_runner.py:90} INFO - Running: ['***', 'tasks', 'run', 'training_pipeline', 'train_model', 'manual__2025-07-27T19:58:54.539395+00:00', '--job-id', '5', '--raw', '--subdir', 'DAGS_FOLDER/training_pipeline.py', '--cfg-path', '/tmp/tmplvd7p4_x']
[2025-07-27T19:59:13.499+0000] {standard_task_runner.py:63} INFO - Started process 339 to run task
[2025-07-27T19:59:13.499+0000] {standard_task_runner.py:91} INFO - Job 5: Subtask train_model
[2025-07-27T19:59:13.526+0000] {logging_mixin.py:188} WARNING - /home/***/.local/lib/python3.12/site-packages/***/settings.py:195 DeprecationWarning: The sql_alchemy_conn option in [core] has been moved to the sql_alchemy_conn option in [database] - the old setting has been used, but please update your config.
[2025-07-27T19:59:13.583+0000] {task_command.py:426} INFO - Running <TaskInstance: training_pipeline.train_model manual__2025-07-27T19:58:54.539395+00:00 [running]> on host f9a2821ac4f4
[2025-07-27T19:59:13.747+0000] {taskinstance.py:2644} INFO - Exporting env vars: AIRFLOW_CTX_DAG_EMAIL='mlops_team@example.com' AIRFLOW_CTX_DAG_OWNER='mlops' AIRFLOW_CTX_DAG_ID='training_pipeline' AIRFLOW_CTX_TASK_ID='train_model' AIRFLOW_CTX_EXECUTION_DATE='2025-07-27T19:58:54.539395+00:00' AIRFLOW_CTX_TRY_NUMBER='1' AIRFLOW_CTX_DAG_RUN_ID='manual__2025-07-27T19:58:54.539395+00:00'
[2025-07-27T19:59:13.749+0000] {taskinstance.py:430} INFO - ::endgroup::
[2025-07-27T19:59:13.136+0000] {data_processing.py:40} INFO - Loaded 288 records from S3: data/historical_BTC_USD_20250727195904.csv
[2025-07-27T19:59:13.142+0000] {data_processing.py:84} INFO - Combined 288 records for BTC-USD
[2025-07-27T19:59:12.066+0000] {data_processing.py:162} INFO - Removed 50 rows with NaN values. Final shape: (238, 84)
[2025-07-27T19:59:12.070+0000] {logging_mixin.py:188} WARNING - /opt/***/src/data_processing.py:230 FutureWarning: DataFrame.fillna with 'method' is deprecated and will raise in a future version. Use obj.ffill() or obj.bfill() instead.
[2025-07-27T19:59:12.077+0000] {logging_mixin.py:188} WARNING - /opt/***/src/data_processing.py:177 FutureWarning: DataFrame.fillna with 'method' is deprecated and will raise in a future version. Use obj.ffill() or obj.bfill() instead.
[2025-07-27T19:59:12.078+0000] {data_processing.py:179} INFO - Prepared features: (238, 80), Target: (238,)
[2025-07-27T19:59:12.079+0000] {data_processing.py:180} INFO - Feature columns: 80
[2025-07-27T19:59:12.105+0000] {data_processing.py:202} INFO - Saved preprocessor to S3: s3://crypto-mlops-bucket/models/preprocessors/scaler_BTC_USD.pickle
[2025-07-27T19:59:12.233+0000] {logging_mixin.py:188} WARNING - 2025/07/27 19:59:12 WARNING mlflow.utils.git_utils: Failed to import Git (the Git executable is probably not on your PATH), so Git SHA is not available. Error: Failed to initialize: Bad git executable.
The git executable must be specified in one of the following ways:
    - be included in your $PATH
    - be set via $GIT_PYTHON_GIT_EXECUTABLE
    - explicitly set via git.refresh(<full-path-to-git-executable>)

All git commands will error until this is rectified.

This initial message can be silenced or aggravated in the future by setting the
$GIT_PYTHON_REFRESH environment variable. Use one of the following values:
    - quiet|q|silence|s|silent|none|n|0: for no message or exception
    - warn|w|warning|log|l|1: for a warning message (logging level CRITICAL, displayed by default)
    - error|e|exception|raise|r|2: for a raised exception

Example:
    export GIT_PYTHON_REFRESH=quiet
[2025-07-27T19:59:12.373+0000] {model.py:70} INFO - Starting hyperparameter optimization with 100 trials
[2025-07-27T19:59:12.603+0000] {logging_mixin.py:188} INFO - Training until validation scores don't improve for 100 rounds
[2025-07-27T19:59:12.809+0000] {logging_mixin.py:188} INFO - Early stopping, best iteration is:
[75]	valid_0's rmse: 0.110079
[2025-07-27T19:59:12.843+0000] {logging_mixin.py:188} INFO - Training until validation scores don't improve for 100 rounds
[2025-07-27T19:59:13.045+0000] {logging_mixin.py:188} INFO - Early stopping, best iteration is:
[5]	valid_0's rmse: 0.110342
[2025-07-27T19:59:13.111+0000] {logging_mixin.py:188} INFO - Training until validation scores don't improve for 100 rounds
[2025-07-27T19:59:13.169+0000] {logging_mixin.py:188} INFO - Early stopping, best iteration is:
[44]	valid_0's rmse: 0.109794
[2025-07-27T19:59:13.215+0000] {logging_mixin.py:188} INFO - Training until validation scores don't improve for 100 rounds
[2025-07-27T19:59:13.258+0000] {logging_mixin.py:188} INFO - Early stopping, best iteration is:
[2]	valid_0's rmse: 0.110296
[2025-07-27T19:59:13.293+0000] {logging_mixin.py:188} INFO - Training until validation scores don't improve for 100 rounds
[2025-07-27T19:59:13.365+0000] {logging_mixin.py:188} INFO - Early stopping, best iteration is:
[5]	valid_0's rmse: 0.110474
[2025-07-27T19:59:13.410+0000] {logging_mixin.py:188} INFO - Training until validation scores don't improve for 100 rounds
[2025-07-27T19:59:14.073+0000] {logging_mixin.py:188} INFO - Early stopping, best iteration is:
[35]	valid_0's rmse: 0.110266
[2025-07-27T19:59:14.123+0000] {logging_mixin.py:188} INFO - Training until validation scores don't improve for 100 rounds
[2025-07-27T19:59:15.721+0000] {logging_mixin.py:188} INFO - Early stopping, best iteration is:
[40]	valid_0's rmse: 0.110291
[2025-07-27T19:59:15.843+0000] {logging_mixin.py:188} INFO - Training until validation scores don't improve for 100 rounds
[2025-07-27T19:59:16.111+0000] {logging_mixin.py:188} INFO - Early stopping, best iteration is:
[1]	valid_0's rmse: 0.110367
[2025-07-27T19:59:16.134+0000] {logging_mixin.py:188} INFO - Training until validation scores don't improve for 100 rounds
[2025-07-27T19:59:16.225+0000] {logging_mixin.py:188} INFO - Early stopping, best iteration is:
[1]	valid_0's rmse: 0.110283
[2025-07-27T19:59:16.310+0000] {logging_mixin.py:188} INFO - Training until validation scores don't improve for 100 rounds
[2025-07-27T19:59:16.369+0000] {logging_mixin.py:188} INFO - Early stopping, best iteration is:
[1]	valid_0's rmse: 0.110316
[2025-07-27T19:59:16.454+0000] {logging_mixin.py:188} INFO - Training until validation scores don't improve for 100 rounds
[2025-07-27T19:59:16.827+0000] {logging_mixin.py:188} INFO - Early stopping, best iteration is:
[57]	valid_0's rmse: 0.110296
[2025-07-27T19:59:16.904+0000] {logging_mixin.py:188} INFO - Training until validation scores don't improve for 100 rounds
[2025-07-27T19:59:16.964+0000] {logging_mixin.py:188} INFO - Early stopping, best iteration is:
[11]	valid_0's rmse: 0.110039
[2025-07-27T19:59:17.077+0000] {logging_mixin.py:188} INFO - Training until validation scores don't improve for 100 rounds
[2025-07-27T19:59:17.119+0000] {logging_mixin.py:188} INFO - Early stopping, best iteration is:
[29]	valid_0's rmse: 0.110161
[2025-07-27T19:59:17.192+0000] {logging_mixin.py:188} INFO - Training until validation scores don't improve for 100 rounds
[2025-07-27T19:59:17.207+0000] {logging_mixin.py:188} INFO - Early stopping, best iteration is:
[10]	valid_0's rmse: 0.110089
[2025-07-27T19:59:17.333+0000] {logging_mixin.py:188} INFO - Training until validation scores don't improve for 100 rounds
[2025-07-27T19:59:17.656+0000] {logging_mixin.py:188} INFO - Early stopping, best iteration is:
[8]	valid_0's rmse: 0.110283
[2025-07-27T19:59:17.723+0000] {logging_mixin.py:188} INFO - Training until validation scores don't improve for 100 rounds
[2025-07-27T19:59:17.739+0000] {logging_mixin.py:188} INFO - Early stopping, best iteration is:
[14]	valid_0's rmse: 0.110296
[2025-07-27T19:59:17.858+0000] {logging_mixin.py:188} INFO - Training until validation scores don't improve for 100 rounds
[2025-07-27T19:59:17.884+0000] {logging_mixin.py:188} INFO - Early stopping, best iteration is:
[23]	valid_0's rmse: 0.110089
[2025-07-27T19:59:17.968+0000] {logging_mixin.py:188} INFO - Training until validation scores don't improve for 100 rounds
[2025-07-27T19:59:18.142+0000] {logging_mixin.py:188} INFO - Early stopping, best iteration is:
[3]	valid_0's rmse: 0.110146
[2025-07-27T19:59:18.307+0000] {logging_mixin.py:188} INFO - Training until validation scores don't improve for 100 rounds
[2025-07-27T19:59:18.538+0000] {logging_mixin.py:188} INFO - Early stopping, best iteration is:
[12]	valid_0's rmse: 0.110121
[2025-07-27T19:59:18.613+0000] {logging_mixin.py:188} INFO - Training until validation scores don't improve for 100 rounds
[2025-07-27T19:59:18.632+0000] {logging_mixin.py:188} INFO - Early stopping, best iteration is:
[31]	valid_0's rmse: 0.110296
[2025-07-27T19:59:18.704+0000] {logging_mixin.py:188} INFO - Training until validation scores don't improve for 100 rounds
[2025-07-27T19:59:18.730+0000] {logging_mixin.py:188} INFO - Early stopping, best iteration is:
[3]	valid_0's rmse: 0.109969
[2025-07-27T19:59:18.814+0000] {logging_mixin.py:188} INFO - Training until validation scores don't improve for 100 rounds
[2025-07-27T19:59:18.970+0000] {logging_mixin.py:188} INFO - Early stopping, best iteration is:
[19]	valid_0's rmse: 0.109997
[2025-07-27T19:59:19.070+0000] {logging_mixin.py:188} INFO - Training until validation scores don't improve for 100 rounds
[2025-07-27T19:59:19.181+0000] {logging_mixin.py:188} INFO - Early stopping, best iteration is:
[4]	valid_0's rmse: 0.110477
[2025-07-27T19:59:19.308+0000] {logging_mixin.py:188} INFO - Training until validation scores don't improve for 100 rounds
[2025-07-27T19:59:19.325+0000] {logging_mixin.py:188} INFO - Early stopping, best iteration is:
[8]	valid_0's rmse: 0.110106
[2025-07-27T19:59:19.439+0000] {logging_mixin.py:188} INFO - Training until validation scores don't improve for 100 rounds
[2025-07-27T19:59:19.825+0000] {logging_mixin.py:188} INFO - Early stopping, best iteration is:
[3]	valid_0's rmse: 0.110021
[2025-07-27T19:59:19.942+0000] {logging_mixin.py:188} INFO - Training until validation scores don't improve for 100 rounds
[2025-07-27T19:59:19.971+0000] {logging_mixin.py:188} INFO - Early stopping, best iteration is:
[24]	valid_0's rmse: 0.109974
[2025-07-27T19:59:20.053+0000] {logging_mixin.py:188} INFO - Training until validation scores don't improve for 100 rounds
[2025-07-27T19:59:20.066+0000] {logging_mixin.py:188} INFO - Early stopping, best iteration is:
[1]	valid_0's rmse: 0.110296
[2025-07-27T19:59:20.145+0000] {logging_mixin.py:188} INFO - Training until validation scores don't improve for 100 rounds
[2025-07-27T19:59:20.173+0000] {logging_mixin.py:188} INFO - Early stopping, best iteration is:
[49]	valid_0's rmse: 0.110144
[2025-07-27T19:59:20.309+0000] {logging_mixin.py:188} INFO - Training until validation scores don't improve for 100 rounds
[2025-07-27T19:59:21.011+0000] {logging_mixin.py:188} INFO - Early stopping, best iteration is:
[4]	valid_0's rmse: 0.110443
[2025-07-27T19:59:22.206+0000] {logging_mixin.py:188} INFO - Training until validation scores don't improve for 100 rounds
[2025-07-27T19:59:26.448+0000] {logging_mixin.py:188} INFO - Early stopping, best iteration is:
[1]	valid_0's rmse: 0.110296
[2025-07-27T19:59:27.015+0000] {logging_mixin.py:188} INFO - Training until validation scores don't improve for 100 rounds
[2025-07-27T19:59:27.562+0000] {logging_mixin.py:188} INFO - Early stopping, best iteration is:
[1]	valid_0's rmse: 0.110138
[2025-07-27T19:59:27.888+0000] {logging_mixin.py:188} INFO - Training until validation scores don't improve for 100 rounds
[2025-07-27T19:59:29.173+0000] {logging_mixin.py:188} INFO - Early stopping, best iteration is:
[27]	valid_0's rmse: 0.109703
[2025-07-27T19:59:29.486+0000] {logging_mixin.py:188} INFO - Training until validation scores don't improve for 100 rounds
[2025-07-27T19:59:29.513+0000] {logging_mixin.py:188} INFO - Early stopping, best iteration is:
[1]	valid_0's rmse: 0.110126
[2025-07-27T19:59:29.802+0000] {logging_mixin.py:188} INFO - Training until validation scores don't improve for 100 rounds
[2025-07-27T19:59:29.947+0000] {logging_mixin.py:188} INFO - Early stopping, best iteration is:
[86]	valid_0's rmse: 0.110296
[2025-07-27T19:59:30.064+0000] {logging_mixin.py:188} INFO - Training until validation scores don't improve for 100 rounds
[2025-07-27T19:59:30.110+0000] {logging_mixin.py:188} INFO - Early stopping, best iteration is:
[31]	valid_0's rmse: 0.109754
[2025-07-27T19:59:30.323+0000] {logging_mixin.py:188} INFO - Training until validation scores don't improve for 100 rounds
[2025-07-27T19:59:30.360+0000] {logging_mixin.py:188} INFO - Early stopping, best iteration is:
[12]	valid_0's rmse: 0.110031
[2025-07-27T19:59:30.439+0000] {logging_mixin.py:188} INFO - Training until validation scores don't improve for 100 rounds
[2025-07-27T19:59:30.456+0000] {logging_mixin.py:188} INFO - Early stopping, best iteration is:
[12]	valid_0's rmse: 0.110139
[2025-07-27T19:59:30.541+0000] {logging_mixin.py:188} INFO - Training until validation scores don't improve for 100 rounds
[2025-07-27T19:59:30.567+0000] {logging_mixin.py:188} INFO - Early stopping, best iteration is:
[43]	valid_0's rmse: 0.110084
[2025-07-27T19:59:30.679+0000] {logging_mixin.py:188} INFO - Training until validation scores don't improve for 100 rounds
[2025-07-27T19:59:31.166+0000] {logging_mixin.py:188} INFO - Early stopping, best iteration is:
[15]	valid_0's rmse: 0.110296
[2025-07-27T19:59:31.321+0000] {logging_mixin.py:188} INFO - Training until validation scores don't improve for 100 rounds
[2025-07-27T19:59:31.497+0000] {logging_mixin.py:188} INFO - Early stopping, best iteration is:
[2]	valid_0's rmse: 0.110296
[2025-07-27T19:59:31.598+0000] {logging_mixin.py:188} INFO - Training until validation scores don't improve for 100 rounds
[2025-07-27T19:59:31.951+0000] {logging_mixin.py:188} INFO - Early stopping, best iteration is:
[1]	valid_0's rmse: 0.110296
[2025-07-27T19:59:32.077+0000] {logging_mixin.py:188} INFO - Training until validation scores don't improve for 100 rounds
[2025-07-27T19:59:32.320+0000] {logging_mixin.py:188} INFO - Early stopping, best iteration is:
[6]	valid_0's rmse: 0.11001
[2025-07-27T19:59:32.415+0000] {logging_mixin.py:188} INFO - Training until validation scores don't improve for 100 rounds
[2025-07-27T19:59:32.438+0000] {logging_mixin.py:188} INFO - Early stopping, best iteration is:
[26]	valid_0's rmse: 0.109784
[2025-07-27T19:59:32.520+0000] {logging_mixin.py:188} INFO - Training until validation scores don't improve for 100 rounds
[2025-07-27T19:59:32.543+0000] {logging_mixin.py:188} INFO - Early stopping, best iteration is:
[1]	valid_0's rmse: 0.110113
[2025-07-27T19:59:32.639+0000] {logging_mixin.py:188} INFO - Training until validation scores don't improve for 100 rounds
[2025-07-27T19:59:32.915+0000] {logging_mixin.py:188} INFO - Early stopping, best iteration is:
[1]	valid_0's rmse: 0.110124
[2025-07-27T19:59:32.999+0000] {logging_mixin.py:188} INFO - Training until validation scores don't improve for 100 rounds
[2025-07-27T19:59:33.054+0000] {logging_mixin.py:188} INFO - Early stopping, best iteration is:
[3]	valid_0's rmse: 0.109998
[2025-07-27T19:59:33.145+0000] {logging_mixin.py:188} INFO - Training until validation scores don't improve for 100 rounds
[2025-07-27T19:59:33.168+0000] {logging_mixin.py:188} INFO - Early stopping, best iteration is:
[18]	valid_0's rmse: 0.110513
[2025-07-27T19:59:33.305+0000] {logging_mixin.py:188} INFO - Training until validation scores don't improve for 100 rounds
[2025-07-27T19:59:33.322+0000] {logging_mixin.py:188} INFO - Early stopping, best iteration is:
[5]	valid_0's rmse: 0.110165
[2025-07-27T19:59:33.424+0000] {logging_mixin.py:188} INFO - Training until validation scores don't improve for 100 rounds
[2025-07-27T19:59:33.674+0000] {logging_mixin.py:188} INFO - Early stopping, best iteration is:
[2]	valid_0's rmse: 0.110108
[2025-07-27T19:59:33.818+0000] {logging_mixin.py:188} INFO - Training until validation scores don't improve for 100 rounds
[2025-07-27T19:59:34.072+0000] {logging_mixin.py:188} INFO - Early stopping, best iteration is:
[11]	valid_0's rmse: 0.110296
[2025-07-27T19:59:34.173+0000] {logging_mixin.py:188} INFO - Training until validation scores don't improve for 100 rounds
[2025-07-27T19:59:34.496+0000] {logging_mixin.py:188} INFO - Early stopping, best iteration is:
[9]	valid_0's rmse: 0.110249
[2025-07-27T19:59:34.608+0000] {logging_mixin.py:188} INFO - Training until validation scores don't improve for 100 rounds
[2025-07-27T19:59:35.413+0000] {logging_mixin.py:188} INFO - Early stopping, best iteration is:
[23]	valid_0's rmse: 0.109922
[2025-07-27T19:59:35.655+0000] {logging_mixin.py:188} INFO - Training until validation scores don't improve for 100 rounds
[2025-07-27T19:59:35.671+0000] {logging_mixin.py:188} INFO - Early stopping, best iteration is:
[4]	valid_0's rmse: 0.110031
[2025-07-27T19:59:35.845+0000] {logging_mixin.py:188} INFO - Training until validation scores don't improve for 100 rounds
[2025-07-27T19:59:35.946+0000] {logging_mixin.py:188} INFO - Early stopping, best iteration is:
[1]	valid_0's rmse: 0.110125
[2025-07-27T19:59:36.099+0000] {logging_mixin.py:188} INFO - Training until validation scores don't improve for 100 rounds
[2025-07-27T19:59:36.405+0000] {logging_mixin.py:188} INFO - Early stopping, best iteration is:
[7]	valid_0's rmse: 0.110043
[2025-07-27T19:59:36.494+0000] {logging_mixin.py:188} INFO - Training until validation scores don't improve for 100 rounds
[2025-07-27T19:59:36.520+0000] {logging_mixin.py:188} INFO - Early stopping, best iteration is:
[1]	valid_0's rmse: 0.110179
[2025-07-27T19:59:36.603+0000] {logging_mixin.py:188} INFO - Training until validation scores don't improve for 100 rounds
[2025-07-27T19:59:36.810+0000] {logging_mixin.py:188} INFO - Early stopping, best iteration is:
[3]	valid_0's rmse: 0.110145
[2025-07-27T19:59:36.921+0000] {logging_mixin.py:188} INFO - Training until validation scores don't improve for 100 rounds
[2025-07-27T19:59:37.418+0000] {logging_mixin.py:188} INFO - Early stopping, best iteration is:
[108]	valid_0's rmse: 0.110174
[2025-07-27T19:59:37.512+0000] {logging_mixin.py:188} INFO - Training until validation scores don't improve for 100 rounds
[2025-07-27T19:59:37.532+0000] {logging_mixin.py:188} INFO - Early stopping, best iteration is:
[14]	valid_0's rmse: 0.110296
[2025-07-27T19:59:37.642+0000] {logging_mixin.py:188} INFO - Training until validation scores don't improve for 100 rounds
[2025-07-27T19:59:37.804+0000] {logging_mixin.py:188} INFO - Early stopping, best iteration is:
[4]	valid_0's rmse: 0.110049
[2025-07-27T19:59:37.910+0000] {logging_mixin.py:188} INFO - Training until validation scores don't improve for 100 rounds
[2025-07-27T19:59:38.352+0000] {logging_mixin.py:188} INFO - Early stopping, best iteration is:
[5]	valid_0's rmse: 0.110123
[2025-07-27T19:59:38.439+0000] {logging_mixin.py:188} INFO - Training until validation scores don't improve for 100 rounds
[2025-07-27T19:59:38.500+0000] {logging_mixin.py:188} INFO - Early stopping, best iteration is:
[24]	valid_0's rmse: 0.10996
[2025-07-27T19:59:38.601+0000] {logging_mixin.py:188} INFO - Training until validation scores don't improve for 100 rounds
[2025-07-27T19:59:38.680+0000] {logging_mixin.py:188} INFO - Early stopping, best iteration is:
[25]	valid_0's rmse: 0.109968
[2025-07-27T19:59:38.806+0000] {logging_mixin.py:188} INFO - Training until validation scores don't improve for 100 rounds
[2025-07-27T19:59:38.837+0000] {logging_mixin.py:188} INFO - Early stopping, best iteration is:
[1]	valid_0's rmse: 0.110171
[2025-07-27T19:59:38.952+0000] {logging_mixin.py:188} INFO - Training until validation scores don't improve for 100 rounds
[2025-07-27T19:59:39.098+0000] {logging_mixin.py:188} INFO - Early stopping, best iteration is:
[4]	valid_0's rmse: 0.110661
[2025-07-27T19:59:39.185+0000] {logging_mixin.py:188} INFO - Training until validation scores don't improve for 100 rounds
[2025-07-27T19:59:39.217+0000] {logging_mixin.py:188} INFO - Early stopping, best iteration is:
[11]	valid_0's rmse: 0.110162
[2025-07-27T19:59:39.312+0000] {logging_mixin.py:188} INFO - Training until validation scores don't improve for 100 rounds
[2025-07-27T19:59:39.359+0000] {logging_mixin.py:188} INFO - Early stopping, best iteration is:
[5]	valid_0's rmse: 0.110495
[2025-07-27T19:59:39.490+0000] {logging_mixin.py:188} INFO - Training until validation scores don't improve for 100 rounds
[2025-07-27T19:59:39.836+0000] {logging_mixin.py:188} INFO - Early stopping, best iteration is:
[4]	valid_0's rmse: 0.110631
[2025-07-27T19:59:39.927+0000] {logging_mixin.py:188} INFO - Training until validation scores don't improve for 100 rounds
[2025-07-27T19:59:39.953+0000] {logging_mixin.py:188} INFO - Early stopping, best iteration is:
[5]	valid_0's rmse: 0.11051
[2025-07-27T19:59:40.040+0000] {logging_mixin.py:188} INFO - Training until validation scores don't improve for 100 rounds
[2025-07-27T19:59:40.068+0000] {logging_mixin.py:188} INFO - Early stopping, best iteration is:
[2]	valid_0's rmse: 0.110924
[2025-07-27T19:59:40.168+0000] {logging_mixin.py:188} INFO - Training until validation scores don't improve for 100 rounds
[2025-07-27T19:59:40.439+0000] {logging_mixin.py:188} INFO - Early stopping, best iteration is:
[4]	valid_0's rmse: 0.110053
[2025-07-27T19:59:40.523+0000] {logging_mixin.py:188} INFO - Training until validation scores don't improve for 100 rounds
[2025-07-27T19:59:40.542+0000] {logging_mixin.py:188} INFO - Early stopping, best iteration is:
[26]	valid_0's rmse: 0.110041
[2025-07-27T19:59:40.624+0000] {logging_mixin.py:188} INFO - Training until validation scores don't improve for 100 rounds
[2025-07-27T19:59:40.693+0000] {logging_mixin.py:188} INFO - Early stopping, best iteration is:
[129]	valid_0's rmse: 0.110045
[2025-07-27T19:59:40.811+0000] {logging_mixin.py:188} INFO - Training until validation scores don't improve for 100 rounds
[2025-07-27T19:59:41.040+0000] {logging_mixin.py:188} INFO - Early stopping, best iteration is:
[7]	valid_0's rmse: 0.11012
[2025-07-27T19:59:41.120+0000] {logging_mixin.py:188} INFO - Training until validation scores don't improve for 100 rounds
[2025-07-27T19:59:41.236+0000] {logging_mixin.py:188} INFO - Early stopping, best iteration is:
[10]	valid_0's rmse: 0.110068
[2025-07-27T19:59:41.356+0000] {logging_mixin.py:188} INFO - Training until validation scores don't improve for 100 rounds
[2025-07-27T19:59:41.667+0000] {logging_mixin.py:188} INFO - Early stopping, best iteration is:
[66]	valid_0's rmse: 0.110178
[2025-07-27T19:59:41.807+0000] {logging_mixin.py:188} INFO - Training until validation scores don't improve for 100 rounds
[2025-07-27T19:59:40.369+0000] {logging_mixin.py:188} INFO - Early stopping, best iteration is:
[49]	valid_0's rmse: 0.110296
[2025-07-27T19:59:40.457+0000] {logging_mixin.py:188} INFO - Training until validation scores don't improve for 100 rounds
[2025-07-27T19:59:40.481+0000] {logging_mixin.py:188} INFO - Early stopping, best iteration is:
[23]	valid_0's rmse: 0.110144
[2025-07-27T19:59:40.566+0000] {logging_mixin.py:188} INFO - Training until validation scores don't improve for 100 rounds
[2025-07-27T19:59:40.598+0000] {logging_mixin.py:188} INFO - Early stopping, best iteration is:
[2]	valid_0's rmse: 0.110114
[2025-07-27T19:59:40.694+0000] {logging_mixin.py:188} INFO - Training until validation scores don't improve for 100 rounds
[2025-07-27T19:59:40.861+0000] {logging_mixin.py:188} INFO - Early stopping, best iteration is:
[1]	valid_0's rmse: 0.110116
[2025-07-27T19:59:40.940+0000] {logging_mixin.py:188} INFO - Training until validation scores don't improve for 100 rounds
[2025-07-27T19:59:40.949+0000] {logging_mixin.py:188} INFO - Early stopping, best iteration is:
[12]	valid_0's rmse: 0.110296
[2025-07-27T19:59:41.063+0000] {logging_mixin.py:188} INFO - Training until validation scores don't improve for 100 rounds
[2025-07-27T19:59:41.484+0000] {logging_mixin.py:188} INFO - Early stopping, best iteration is:
[4]	valid_0's rmse: 0.110029
[2025-07-27T19:59:41.583+0000] {logging_mixin.py:188} INFO - Training until validation scores don't improve for 100 rounds
[2025-07-27T19:59:41.601+0000] {logging_mixin.py:188} INFO - Early stopping, best iteration is:
[4]	valid_0's rmse: 0.110025
[2025-07-27T19:59:41.698+0000] {logging_mixin.py:188} INFO - Training until validation scores don't improve for 100 rounds
[2025-07-27T19:59:41.774+0000] {logging_mixin.py:188} INFO - Early stopping, best iteration is:
[22]	valid_0's rmse: 0.110296
[2025-07-27T19:59:41.924+0000] {logging_mixin.py:188} INFO - Training until validation scores don't improve for 100 rounds
[2025-07-27T19:59:42.149+0000] {logging_mixin.py:188} INFO - Early stopping, best iteration is:
[12]	valid_0's rmse: 0.110016
[2025-07-27T19:59:42.269+0000] {logging_mixin.py:188} INFO - Training until validation scores don't improve for 100 rounds
[2025-07-27T19:59:42.284+0000] {logging_mixin.py:188} INFO - Early stopping, best iteration is:
[5]	valid_0's rmse: 0.110296
[2025-07-27T19:59:42.422+0000] {logging_mixin.py:188} INFO - Training until validation scores don't improve for 100 rounds
[2025-07-27T19:59:43.141+0000] {logging_mixin.py:188} INFO - Early stopping, best iteration is:
[6]	valid_0's rmse: 0.110176
[2025-07-27T19:59:43.409+0000] {logging_mixin.py:188} INFO - Training until validation scores don't improve for 100 rounds
[2025-07-27T19:59:43.631+0000] {logging_mixin.py:188} INFO - Early stopping, best iteration is:
[16]	valid_0's rmse: 0.110296
[2025-07-27T19:59:43.855+0000] {logging_mixin.py:188} INFO - Training until validation scores don't improve for 100 rounds
[2025-07-27T19:59:44.188+0000] {logging_mixin.py:188} INFO - Early stopping, best iteration is:
[31]	valid_0's rmse: 0.11003
[2025-07-27T19:59:44.318+0000] {logging_mixin.py:188} INFO - Training until validation scores don't improve for 100 rounds
[2025-07-27T19:59:44.470+0000] {logging_mixin.py:188} INFO - Early stopping, best iteration is:
[2]	valid_0's rmse: 0.110062
[2025-07-27T19:59:44.560+0000] {logging_mixin.py:188} INFO - Training until validation scores don't improve for 100 rounds
[2025-07-27T19:59:44.593+0000] {logging_mixin.py:188} INFO - Early stopping, best iteration is:
[6]	valid_0's rmse: 0.109878
[2025-07-27T19:59:44.681+0000] {logging_mixin.py:188} INFO - Training until validation scores don't improve for 100 rounds
[2025-07-27T19:59:44.708+0000] {logging_mixin.py:188} INFO - Early stopping, best iteration is:
[8]	valid_0's rmse: 0.110135
[2025-07-27T19:59:44.853+0000] {logging_mixin.py:188} INFO - Training until validation scores don't improve for 100 rounds
[2025-07-27T19:59:45.168+0000] {logging_mixin.py:188} INFO - Early stopping, best iteration is:
[1]	valid_0's rmse: 0.1101
[2025-07-27T19:59:45.308+0000] {logging_mixin.py:188} INFO - Training until validation scores don't improve for 100 rounds
[2025-07-27T19:59:45.505+0000] {logging_mixin.py:188} INFO - Early stopping, best iteration is:
[185]	valid_0's rmse: 0.109983
[2025-07-27T19:59:45.593+0000] {logging_mixin.py:188} INFO - Training until validation scores don't improve for 100 rounds
[2025-07-27T19:59:45.622+0000] {logging_mixin.py:188} INFO - Early stopping, best iteration is:
[3]	valid_0's rmse: 0.110871
[2025-07-27T19:59:45.817+0000] {logging_mixin.py:188} INFO - Training until validation scores don't improve for 100 rounds
[2025-07-27T19:59:45.838+0000] {logging_mixin.py:188} INFO - Early stopping, best iteration is:
[20]	valid_0's rmse: 0.110053
[2025-07-27T19:59:45.944+0000] {logging_mixin.py:188} INFO - Training until validation scores don't improve for 100 rounds
[2025-07-27T19:59:46.182+0000] {logging_mixin.py:188} INFO - Early stopping, best iteration is:
[5]	valid_0's rmse: 0.110054
[2025-07-27T19:59:46.312+0000] {logging_mixin.py:188} INFO - Training until validation scores don't improve for 100 rounds
[2025-07-27T19:59:46.577+0000] {logging_mixin.py:188} INFO - Early stopping, best iteration is:
[29]	valid_0's rmse: 0.110117
[2025-07-27T19:59:46.695+0000] {logging_mixin.py:188} INFO - Training until validation scores don't improve for 100 rounds
[2025-07-27T19:59:46.729+0000] {logging_mixin.py:188} INFO - Early stopping, best iteration is:
[54]	valid_0's rmse: 0.110029
[2025-07-27T19:59:46.839+0000] {logging_mixin.py:188} INFO - Training until validation scores don't improve for 100 rounds
[2025-07-27T19:59:46.858+0000] {logging_mixin.py:188} INFO - Early stopping, best iteration is:
[12]	valid_0's rmse: 0.109941
[2025-07-27T19:59:46.865+0000] {model.py:78} INFO - Best parameters: {'num_leaves': 91, 'learning_rate': 0.24949976102765464, 'feature_fraction': 0.9645409250451812, 'bagging_fraction': 0.9597826958325693, 'bagging_freq': 3, 'min_child_samples': 72, 'max_depth': 5, 'reg_alpha': 0.07099928882674172, 'reg_lambda': 0.8135034557200098}
[2025-07-27T19:59:46.866+0000] {model.py:79} INFO - Best RMSE: 0.1097
[2025-07-27T19:59:46.952+0000] {logging_mixin.py:188} WARNING - /home/***/.local/lib/python3.12/site-packages/lightgbm/engine.py:204 UserWarning: Found `num_boost_round` in params. Will use it instead of argument
[2025-07-27T19:59:46.996+0000] {logging_mixin.py:188} INFO - Training until validation scores don't improve for 100 rounds
[2025-07-27T19:59:47.420+0000] {logging_mixin.py:188} INFO - [100]	train's rmse: 0.0391859	val's rmse: 0.110512
[2025-07-27T19:59:47.555+0000] {credentials.py:1147} INFO - Found credentials in environment variables.
[2025-07-27T19:59:54.017+0000] {logging_mixin.py:188} WARNING - 2025/07/27 19:59:54 WARNING mlflow.models.model: Model logged without a signature and input example. Please set `input_example` parameter when logging the model to auto infer the model signature.
[2025-07-27T19:59:54.268+0000] {logging_mixin.py:188} WARNING - Successfully registered model 'crypto_lightgbm_model_BTC_USD'.
[2025-07-27T19:59:54.339+0000] {logging_mixin.py:188} WARNING - 2025/07/27 19:59:54 INFO mlflow.store.model_registry.abstract_store: Waiting up to 300 seconds for model version to finish creation. Model name: crypto_lightgbm_model_BTC_USD, version 1
[2025-07-27T19:59:54.340+0000] {logging_mixin.py:188} WARNING - Created version '1' of model 'crypto_lightgbm_model_BTC_USD'.
[2025-07-27T19:59:54.342+0000] {model.py:168} INFO - Training completed. MLflow run ID: 17e60213ec4b4f439984b69866c935cb
[2025-07-27T19:59:54.378+0000] {logging_mixin.py:188} WARNING - 2025/07/27 19:59:54 INFO mlflow.tracking._tracking_service.client: 🏃 View run lightgbm_training_BTC-USD_20250727_195912 at: http://mlflow:5000/#/experiments/0/runs/17e60213ec4b4f439984b69866c935cb.
[2025-07-27T19:59:54.379+0000] {logging_mixin.py:188} WARNING - 2025/07/27 19:59:54 INFO mlflow.tracking._tracking_service.client: 🧪 View experiment at: http://mlflow:5000/#/experiments/0.
[2025-07-27T19:59:54.440+0000] {training_pipeline.py:126} INFO - Métriques nettoyées: {'train_rmse': 0.042996, 'val_rmse': 0.109703, 'train_mae': 0.032449, 'val_mae': 0.079391, 'train_r2': 0.17537, 'val_r2': 0.009839}
[2025-07-27T19:59:54.486+0000] {model.py:235} INFO - Saved model to S3: s3://crypto-mlops-bucket/models/BTC-USD/model_17e60213ec4b4f439984b69866c935cb.txt
[2025-07-27T19:59:54.489+0000] {python.py:237} INFO - Done. Returned value was: None
[2025-07-27T19:59:54.492+0000] {taskinstance.py:441} INFO - ::group::Post task execution logs
[2025-07-27T19:59:54.515+0000] {taskinstance.py:1205} INFO - Marking task as SUCCESS. dag_id=training_pipeline, task_id=train_model, execution_date=20250727T195854, start_date=20250727T195913, end_date=20250727T195954
[2025-07-27T19:59:54.627+0000] {local_task_job_runner.py:240} INFO - Task exited with return code 0
[2025-07-27T19:59:54.652+0000] {taskinstance.py:3482} INFO - 1 downstream tasks scheduled from follow-on schedule check
[2025-07-27T19:59:54.688+0000] {local_task_job_runner.py:222} INFO - ::endgroup::
