[2025-07-31T15:45:41.945+0000] {local_task_job_runner.py:120} INFO - ::group::Pre task execution logs
[2025-07-31T15:45:41.983+0000] {taskinstance.py:2073} INFO - Dependencies all met for dep_context=non-requeueable deps ti=<TaskInstance: training_pipeline.process_data manual__2025-07-31T15:45:23.306773+00:00 [queued]>
[2025-07-31T15:45:41.993+0000] {taskinstance.py:2073} INFO - Dependencies all met for dep_context=requeueable deps ti=<TaskInstance: training_pipeline.process_data manual__2025-07-31T15:45:23.306773+00:00 [queued]>
[2025-07-31T15:45:41.994+0000] {taskinstance.py:2303} INFO - Starting attempt 1 of 4
[2025-07-31T15:45:42.008+0000] {taskinstance.py:2327} INFO - Executing <Task(PythonOperator): process_data> on 2025-07-31 15:45:23.306773+00:00
[2025-07-31T15:45:42.030+0000] {logging_mixin.py:188} WARNING - /home/***/.local/lib/python3.12/site-packages/***/task/task_runner/standard_task_runner.py:61 DeprecationWarning: This process (pid=11144) is multi-threaded, use of fork() may lead to deadlocks in the child.
[2025-07-31T15:45:42.029+0000] {standard_task_runner.py:90} INFO - Running: ['***', 'tasks', 'run', 'training_pipeline', 'process_data', 'manual__2025-07-31T15:45:23.306773+00:00', '--job-id', '225', '--raw', '--subdir', 'DAGS_FOLDER/training_pipeline.py', '--cfg-path', '/tmp/tmpctp5ali1']
[2025-07-31T15:45:42.031+0000] {standard_task_runner.py:63} INFO - Started process 11198 to run task
[2025-07-31T15:45:42.032+0000] {standard_task_runner.py:91} INFO - Job 225: Subtask process_data
[2025-07-31T15:45:42.050+0000] {logging_mixin.py:188} WARNING - /home/***/.local/lib/python3.12/site-packages/***/settings.py:195 DeprecationWarning: The sql_alchemy_conn option in [core] has been moved to the sql_alchemy_conn option in [database] - the old setting has been used, but please update your config.
[2025-07-31T15:45:42.095+0000] {task_command.py:426} INFO - Running <TaskInstance: training_pipeline.process_data manual__2025-07-31T15:45:23.306773+00:00 [running]> on host 44c57df83f33
[2025-07-31T15:45:42.215+0000] {taskinstance.py:2644} INFO - Exporting env vars: AIRFLOW_CTX_DAG_EMAIL='mlops_team@example.com' AIRFLOW_CTX_DAG_OWNER='mlops' AIRFLOW_CTX_DAG_ID='training_pipeline' AIRFLOW_CTX_TASK_ID='process_data' AIRFLOW_CTX_EXECUTION_DATE='2025-07-31T15:45:23.306773+00:00' AIRFLOW_CTX_TRY_NUMBER='1' AIRFLOW_CTX_DAG_RUN_ID='manual__2025-07-31T15:45:23.306773+00:00'
[2025-07-31T15:45:42.216+0000] {taskinstance.py:430} INFO - ::endgroup::
[2025-07-31T15:45:42.380+0000] {data_processing.py:41} INFO - Loaded 8669 records from S3: data/historical_BTC_USD_20250731120000.csv
[2025-07-31T15:45:42.428+0000] {data_processing.py:41} INFO - Loaded 8669 records from S3: data/historical_BTC_USD_20250731130000.csv
[2025-07-31T15:45:42.446+0000] {data_processing.py:41} INFO - Loaded 288 records from S3: data/historical_BTC_USD_20250731130525.csv
[2025-07-31T15:45:42.499+0000] {data_processing.py:41} INFO - Loaded 8640 records from S3: data/historical_BTC_USD_20250731131241.csv
[2025-07-31T15:45:42.539+0000] {data_processing.py:41} INFO - Loaded 8640 records from S3: data/historical_BTC_USD_20250731133338.csv
[2025-07-31T15:45:42.581+0000] {data_processing.py:41} INFO - Loaded 8669 records from S3: data/historical_BTC_USD_20250731140000.csv
[2025-07-31T15:45:42.633+0000] {data_processing.py:41} INFO - Loaded 8640 records from S3: data/historical_BTC_USD_20250731142123.csv
[2025-07-31T15:45:42.677+0000] {data_processing.py:41} INFO - Loaded 8640 records from S3: data/historical_BTC_USD_20250731152644.csv
[2025-07-31T15:45:42.697+0000] {data_processing.py:41} INFO - Loaded 288 records from S3: data/historical_BTC_USD_20250731154536.csv
[2025-07-31T15:45:42.715+0000] {data_processing.py:84} INFO - Combined 8686 records for BTC-USD
[2025-07-31T15:45:42.882+0000] {data_processing.py:168} INFO - Removed 50 rows with NaN values. Final shape: (8636, 84)
[2025-07-31T15:45:42.889+0000] {logging_mixin.py:188} WARNING - /opt/***/src/data_processing.py:238 FutureWarning: DataFrame.fillna with 'method' is deprecated and will raise in a future version. Use obj.ffill() or obj.bfill() instead.
[2025-07-31T15:45:42.922+0000] {logging_mixin.py:188} WARNING - /opt/***/src/data_processing.py:187 FutureWarning: DataFrame.fillna with 'method' is deprecated and will raise in a future version. Use obj.ffill() or obj.bfill() instead.
[2025-07-31T15:45:42.931+0000] {data_processing.py:189} INFO - Prepared features: (8636, 80), Target: (8636,)
[2025-07-31T15:45:42.932+0000] {data_processing.py:190} INFO - Feature columns: 80
[2025-07-31T15:45:42.965+0000] {data_processing.py:211} INFO - Saved preprocessor to S3: s3://crypto-mlops-bucket/models/preprocessors/scaler_BTC_USD.pickle
[2025-07-31T15:45:42.969+0000] {python.py:237} INFO - Done. Returned value was: None
[2025-07-31T15:45:42.970+0000] {taskinstance.py:441} INFO - ::group::Post task execution logs
[2025-07-31T15:45:42.983+0000] {taskinstance.py:1205} INFO - Marking task as SUCCESS. dag_id=training_pipeline, task_id=process_data, execution_date=20250731T154523, start_date=20250731T154541, end_date=20250731T154542
[2025-07-31T15:45:43.039+0000] {local_task_job_runner.py:240} INFO - Task exited with return code 0
[2025-07-31T15:45:43.069+0000] {taskinstance.py:3482} INFO - 1 downstream tasks scheduled from follow-on schedule check
[2025-07-31T15:45:43.075+0000] {local_task_job_runner.py:222} INFO - ::endgroup::
