[2025-07-28T22:00:07.312+0000] {local_task_job_runner.py:120} INFO - ::group::Pre task execution logs
[2025-07-28T22:00:07.372+0000] {taskinstance.py:2073} INFO - Dependencies all met for dep_context=non-requeueable deps ti=<TaskInstance: preprocessing_hourly.preprocess_and_predict scheduled__2025-07-28T21:00:00+00:00 [queued]>
[2025-07-28T22:00:07.384+0000] {taskinstance.py:2073} INFO - Dependencies all met for dep_context=requeueable deps ti=<TaskInstance: preprocessing_hourly.preprocess_and_predict scheduled__2025-07-28T21:00:00+00:00 [queued]>
[2025-07-28T22:00:07.385+0000] {taskinstance.py:2303} INFO - Starting attempt 1 of 2
[2025-07-28T22:00:07.405+0000] {taskinstance.py:2327} INFO - Executing <Task(PythonOperator): preprocess_and_predict> on 2025-07-28 21:00:00+00:00
[2025-07-28T22:00:07.427+0000] {logging_mixin.py:188} WARNING - /home/***/.local/lib/python3.12/site-packages/***/task/task_runner/standard_task_runner.py:61 DeprecationWarning: This process (pid=61345) is multi-threaded, use of fork() may lead to deadlocks in the child.
[2025-07-28T22:00:07.427+0000] {standard_task_runner.py:90} INFO - Running: ['***', 'tasks', 'run', 'preprocessing_hourly', 'preprocess_and_predict', 'scheduled__2025-07-28T21:00:00+00:00', '--job-id', '47', '--raw', '--subdir', 'DAGS_FOLDER/ingestion_inference.py', '--cfg-path', '/tmp/tmpg0pat6ww']
[2025-07-28T22:00:07.429+0000] {standard_task_runner.py:63} INFO - Started process 61363 to run task
[2025-07-28T22:00:07.429+0000] {standard_task_runner.py:91} INFO - Job 47: Subtask preprocess_and_predict
[2025-07-28T22:00:07.446+0000] {logging_mixin.py:188} WARNING - /home/***/.local/lib/python3.12/site-packages/***/settings.py:195 DeprecationWarning: The sql_alchemy_conn option in [core] has been moved to the sql_alchemy_conn option in [database] - the old setting has been used, but please update your config.
[2025-07-28T22:00:07.490+0000] {task_command.py:426} INFO - Running <TaskInstance: preprocessing_hourly.preprocess_and_predict scheduled__2025-07-28T21:00:00+00:00 [running]> on host d78ad09e75e4
[2025-07-28T22:00:07.615+0000] {taskinstance.py:2644} INFO - Exporting env vars: AIRFLOW_CTX_DAG_OWNER='mlops' AIRFLOW_CTX_DAG_ID='preprocessing_hourly' AIRFLOW_CTX_TASK_ID='preprocess_and_predict' AIRFLOW_CTX_EXECUTION_DATE='2025-07-28T21:00:00+00:00' AIRFLOW_CTX_TRY_NUMBER='1' AIRFLOW_CTX_DAG_RUN_ID='scheduled__2025-07-28T21:00:00+00:00'
[2025-07-28T22:00:07.617+0000] {taskinstance.py:430} INFO - ::endgroup::
[2025-07-28T22:00:07.635+0000] {logging_mixin.py:188} WARNING - /home/***/.local/lib/python3.12/site-packages/***/utils/context.py:320 AirflowContextDeprecationWarning: Accessing 'execution_date' from the template is deprecated and will be removed in a future version. Please use 'data_interval_start' or 'logical_date' instead.
[2025-07-28T22:00:07.636+0000] {ingestion_inference.py:67} INFO - [DEBUG] Execution date: 2025-07-28 21:00:00+00:00 (type=<class 'Proxy'>)
[2025-07-28T22:00:07.660+0000] {ingestion_inference.py:56} INFO - Bucket crypto-mlops-bucket exists
[2025-07-28T22:00:07.661+0000] {ingestion_inference.py:74} INFO - === Début du préprocessing ===
[2025-07-28T22:00:07.974+0000] {data_ingestion.py:62} INFO - Fetched 301 candles for BTC-USD from 2025-06-28 21:00:00+00:00 to 2025-06-29 22:00:00+00:00
[2025-07-28T22:00:08.205+0000] {data_ingestion.py:62} INFO - Fetched 301 candles for BTC-USD from 2025-06-29 22:00:00+00:00 to 2025-06-30 23:00:00+00:00
[2025-07-28T22:00:08.664+0000] {data_ingestion.py:62} INFO - Fetched 301 candles for BTC-USD from 2025-06-30 23:00:00+00:00 to 2025-07-02 00:00:00+00:00
[2025-07-28T22:00:08.858+0000] {data_ingestion.py:62} INFO - Fetched 301 candles for BTC-USD from 2025-07-02 00:00:00+00:00 to 2025-07-03 01:00:00+00:00
[2025-07-28T22:00:09.065+0000] {data_ingestion.py:62} INFO - Fetched 301 candles for BTC-USD from 2025-07-03 01:00:00+00:00 to 2025-07-04 02:00:00+00:00
[2025-07-28T22:00:09.256+0000] {data_ingestion.py:62} INFO - Fetched 301 candles for BTC-USD from 2025-07-04 02:00:00+00:00 to 2025-07-05 03:00:00+00:00
[2025-07-28T22:00:09.657+0000] {data_ingestion.py:62} INFO - Fetched 301 candles for BTC-USD from 2025-07-05 03:00:00+00:00 to 2025-07-06 04:00:00+00:00
[2025-07-28T22:00:10.058+0000] {data_ingestion.py:62} INFO - Fetched 301 candles for BTC-USD from 2025-07-06 04:00:00+00:00 to 2025-07-07 05:00:00+00:00
[2025-07-28T22:00:10.287+0000] {data_ingestion.py:62} INFO - Fetched 301 candles for BTC-USD from 2025-07-07 05:00:00+00:00 to 2025-07-08 06:00:00+00:00
[2025-07-28T22:00:10.707+0000] {data_ingestion.py:62} INFO - Fetched 301 candles for BTC-USD from 2025-07-08 06:00:00+00:00 to 2025-07-09 07:00:00+00:00
[2025-07-28T22:00:10.903+0000] {data_ingestion.py:62} INFO - Fetched 301 candles for BTC-USD from 2025-07-09 07:00:00+00:00 to 2025-07-10 08:00:00+00:00
[2025-07-28T22:00:11.145+0000] {data_ingestion.py:62} INFO - Fetched 301 candles for BTC-USD from 2025-07-10 08:00:00+00:00 to 2025-07-11 09:00:00+00:00
[2025-07-28T22:00:11.344+0000] {data_ingestion.py:62} INFO - Fetched 301 candles for BTC-USD from 2025-07-11 09:00:00+00:00 to 2025-07-12 10:00:00+00:00
[2025-07-28T22:00:11.533+0000] {data_ingestion.py:62} INFO - Fetched 301 candles for BTC-USD from 2025-07-12 10:00:00+00:00 to 2025-07-13 11:00:00+00:00
[2025-07-28T22:00:11.739+0000] {data_ingestion.py:62} INFO - Fetched 301 candles for BTC-USD from 2025-07-13 11:00:00+00:00 to 2025-07-14 12:00:00+00:00
[2025-07-28T22:00:11.940+0000] {data_ingestion.py:62} INFO - Fetched 301 candles for BTC-USD from 2025-07-14 12:00:00+00:00 to 2025-07-15 13:00:00+00:00
[2025-07-28T22:00:12.400+0000] {data_ingestion.py:62} INFO - Fetched 301 candles for BTC-USD from 2025-07-15 13:00:00+00:00 to 2025-07-16 14:00:00+00:00
[2025-07-28T22:00:12.591+0000] {data_ingestion.py:62} INFO - Fetched 301 candles for BTC-USD from 2025-07-16 14:00:00+00:00 to 2025-07-17 15:00:00+00:00
[2025-07-28T22:00:12.788+0000] {data_ingestion.py:62} INFO - Fetched 301 candles for BTC-USD from 2025-07-17 15:00:00+00:00 to 2025-07-18 16:00:00+00:00
[2025-07-28T22:00:12.995+0000] {data_ingestion.py:62} INFO - Fetched 301 candles for BTC-USD from 2025-07-18 16:00:00+00:00 to 2025-07-19 17:00:00+00:00
[2025-07-28T22:00:13.457+0000] {data_ingestion.py:62} INFO - Fetched 301 candles for BTC-USD from 2025-07-19 17:00:00+00:00 to 2025-07-20 18:00:00+00:00
[2025-07-28T22:00:13.646+0000] {data_ingestion.py:62} INFO - Fetched 301 candles for BTC-USD from 2025-07-20 18:00:00+00:00 to 2025-07-21 19:00:00+00:00
[2025-07-28T22:00:13.830+0000] {data_ingestion.py:62} INFO - Fetched 301 candles for BTC-USD from 2025-07-21 19:00:00+00:00 to 2025-07-22 20:00:00+00:00
[2025-07-28T22:00:14.028+0000] {data_ingestion.py:62} INFO - Fetched 301 candles for BTC-USD from 2025-07-22 20:00:00+00:00 to 2025-07-23 21:00:00+00:00
[2025-07-28T22:00:14.230+0000] {data_ingestion.py:62} INFO - Fetched 301 candles for BTC-USD from 2025-07-23 21:00:00+00:00 to 2025-07-24 22:00:00+00:00
[2025-07-28T22:00:14.420+0000] {data_ingestion.py:62} INFO - Fetched 301 candles for BTC-USD from 2025-07-24 22:00:00+00:00 to 2025-07-25 23:00:00+00:00
[2025-07-28T22:00:14.630+0000] {data_ingestion.py:62} INFO - Fetched 301 candles for BTC-USD from 2025-07-25 23:00:00+00:00 to 2025-07-27 00:00:00+00:00
[2025-07-28T22:00:14.845+0000] {data_ingestion.py:62} INFO - Fetched 301 candles for BTC-USD from 2025-07-27 00:00:00+00:00 to 2025-07-28 01:00:00+00:00
[2025-07-28T22:00:15.034+0000] {data_ingestion.py:62} INFO - Fetched 241 candles for BTC-USD from 2025-07-28 01:00:00+00:00 to 2025-07-28 21:00:00+00:00
[2025-07-28T22:00:15.297+0000] {data_ingestion.py:103} INFO - Saved data to S3: s3://crypto-mlops-bucket/data/historical_BTC_USD_20250728210000.csv
[2025-07-28T22:00:15.499+0000] {data_ingestion.py:62} INFO - Fetched 301 candles for ETH-USD from 2025-06-28 21:00:00+00:00 to 2025-06-29 22:00:00+00:00
[2025-07-28T22:00:15.707+0000] {data_ingestion.py:62} INFO - Fetched 301 candles for ETH-USD from 2025-06-29 22:00:00+00:00 to 2025-06-30 23:00:00+00:00
[2025-07-28T22:00:15.871+0000] {data_ingestion.py:62} INFO - Fetched 301 candles for ETH-USD from 2025-06-30 23:00:00+00:00 to 2025-07-02 00:00:00+00:00
[2025-07-28T22:00:16.035+0000] {data_ingestion.py:62} INFO - Fetched 301 candles for ETH-USD from 2025-07-02 00:00:00+00:00 to 2025-07-03 01:00:00+00:00
[2025-07-28T22:00:16.500+0000] {data_ingestion.py:62} INFO - Fetched 301 candles for ETH-USD from 2025-07-03 01:00:00+00:00 to 2025-07-04 02:00:00+00:00
[2025-07-28T22:00:16.683+0000] {data_ingestion.py:62} INFO - Fetched 301 candles for ETH-USD from 2025-07-04 02:00:00+00:00 to 2025-07-05 03:00:00+00:00
[2025-07-28T22:00:16.887+0000] {data_ingestion.py:62} INFO - Fetched 301 candles for ETH-USD from 2025-07-05 03:00:00+00:00 to 2025-07-06 04:00:00+00:00
[2025-07-28T22:00:17.350+0000] {data_ingestion.py:62} INFO - Fetched 301 candles for ETH-USD from 2025-07-06 04:00:00+00:00 to 2025-07-07 05:00:00+00:00
[2025-07-28T22:00:17.519+0000] {data_ingestion.py:62} INFO - Fetched 301 candles for ETH-USD from 2025-07-07 05:00:00+00:00 to 2025-07-08 06:00:00+00:00
[2025-07-28T22:00:17.782+0000] {data_ingestion.py:62} INFO - Fetched 301 candles for ETH-USD from 2025-07-08 06:00:00+00:00 to 2025-07-09 07:00:00+00:00
[2025-07-28T22:00:17.971+0000] {data_ingestion.py:62} INFO - Fetched 301 candles for ETH-USD from 2025-07-09 07:00:00+00:00 to 2025-07-10 08:00:00+00:00
[2025-07-28T22:00:18.194+0000] {data_ingestion.py:62} INFO - Fetched 301 candles for ETH-USD from 2025-07-10 08:00:00+00:00 to 2025-07-11 09:00:00+00:00
[2025-07-28T22:00:18.587+0000] {data_ingestion.py:62} INFO - Fetched 301 candles for ETH-USD from 2025-07-11 09:00:00+00:00 to 2025-07-12 10:00:00+00:00
[2025-07-28T22:00:18.996+0000] {data_ingestion.py:62} INFO - Fetched 301 candles for ETH-USD from 2025-07-12 10:00:00+00:00 to 2025-07-13 11:00:00+00:00
[2025-07-28T22:00:19.157+0000] {data_ingestion.py:62} INFO - Fetched 301 candles for ETH-USD from 2025-07-13 11:00:00+00:00 to 2025-07-14 12:00:00+00:00
[2025-07-28T22:00:19.553+0000] {data_ingestion.py:62} INFO - Fetched 301 candles for ETH-USD from 2025-07-14 12:00:00+00:00 to 2025-07-15 13:00:00+00:00
[2025-07-28T22:00:19.795+0000] {data_ingestion.py:62} INFO - Fetched 301 candles for ETH-USD from 2025-07-15 13:00:00+00:00 to 2025-07-16 14:00:00+00:00
[2025-07-28T22:00:20.271+0000] {data_ingestion.py:62} INFO - Fetched 301 candles for ETH-USD from 2025-07-16 14:00:00+00:00 to 2025-07-17 15:00:00+00:00
[2025-07-28T22:00:20.437+0000] {data_ingestion.py:62} INFO - Fetched 301 candles for ETH-USD from 2025-07-17 15:00:00+00:00 to 2025-07-18 16:00:00+00:00
[2025-07-28T22:00:20.630+0000] {data_ingestion.py:62} INFO - Fetched 301 candles for ETH-USD from 2025-07-18 16:00:00+00:00 to 2025-07-19 17:00:00+00:00
[2025-07-28T22:00:20.839+0000] {data_ingestion.py:62} INFO - Fetched 301 candles for ETH-USD from 2025-07-19 17:00:00+00:00 to 2025-07-20 18:00:00+00:00
[2025-07-28T22:00:21.244+0000] {data_ingestion.py:62} INFO - Fetched 301 candles for ETH-USD from 2025-07-20 18:00:00+00:00 to 2025-07-21 19:00:00+00:00
[2025-07-28T22:00:21.415+0000] {data_ingestion.py:62} INFO - Fetched 301 candles for ETH-USD from 2025-07-21 19:00:00+00:00 to 2025-07-22 20:00:00+00:00
[2025-07-28T22:00:21.620+0000] {data_ingestion.py:62} INFO - Fetched 301 candles for ETH-USD from 2025-07-22 20:00:00+00:00 to 2025-07-23 21:00:00+00:00
[2025-07-28T22:00:21.793+0000] {data_ingestion.py:62} INFO - Fetched 301 candles for ETH-USD from 2025-07-23 21:00:00+00:00 to 2025-07-24 22:00:00+00:00
[2025-07-28T22:00:21.958+0000] {data_ingestion.py:62} INFO - Fetched 301 candles for ETH-USD from 2025-07-24 22:00:00+00:00 to 2025-07-25 23:00:00+00:00
[2025-07-28T22:00:22.199+0000] {data_ingestion.py:62} INFO - Fetched 301 candles for ETH-USD from 2025-07-25 23:00:00+00:00 to 2025-07-27 00:00:00+00:00
[2025-07-28T22:00:22.374+0000] {data_ingestion.py:62} INFO - Fetched 301 candles for ETH-USD from 2025-07-27 00:00:00+00:00 to 2025-07-28 01:00:00+00:00
[2025-07-28T22:00:22.552+0000] {data_ingestion.py:62} INFO - Fetched 241 candles for ETH-USD from 2025-07-28 01:00:00+00:00 to 2025-07-28 21:00:00+00:00
[2025-07-28T22:00:22.648+0000] {data_ingestion.py:103} INFO - Saved data to S3: s3://crypto-mlops-bucket/data/historical_ETH_USD_20250728210000.csv
[2025-07-28T22:00:22.649+0000] {ingestion_inference.py:79} INFO - Données brutes récupérées : shape=(8669, 7)
[2025-07-28T22:00:22.793+0000] {data_processing.py:40} INFO - Loaded 11560 records from S3: data/historical_BTC_USD_20250328000000.csv
[2025-07-28T22:00:22.809+0000] {data_processing.py:40} INFO - Loaded 288 records from S3: data/historical_BTC_USD_20250728101554.csv
[2025-07-28T22:00:22.843+0000] {data_processing.py:40} INFO - Loaded 8640 records from S3: data/historical_BTC_USD_20250728101811.csv
[2025-07-28T22:00:22.873+0000] {data_processing.py:40} INFO - Loaded 8640 records from S3: data/historical_BTC_USD_20250728101831.csv
[2025-07-28T22:00:22.887+0000] {data_processing.py:40} INFO - Loaded 288 records from S3: data/historical_BTC_USD_20250728105614.csv
[2025-07-28T22:00:22.919+0000] {data_processing.py:40} INFO - Loaded 8640 records from S3: data/historical_BTC_USD_20250728110017.csv
[2025-07-28T22:00:22.935+0000] {data_processing.py:40} INFO - Loaded 288 records from S3: data/historical_BTC_USD_20250728110436.csv
[2025-07-28T22:00:22.949+0000] {data_processing.py:40} INFO - Loaded 288 records from S3: data/historical_BTC_USD_20250728111630.csv
[2025-07-28T22:00:22.962+0000] {data_processing.py:40} INFO - Loaded 288 records from S3: data/historical_BTC_USD_20250728112512.csv
[2025-07-28T22:00:22.993+0000] {data_processing.py:40} INFO - Loaded 8640 records from S3: data/historical_BTC_USD_20250728113121.csv
[2025-07-28T22:00:23.009+0000] {data_processing.py:40} INFO - Loaded 288 records from S3: data/historical_BTC_USD_20250728113444.csv
[2025-07-28T22:00:23.022+0000] {data_processing.py:40} INFO - Loaded 288 records from S3: data/historical_BTC_USD_20250728114226.csv
[2025-07-28T22:00:23.053+0000] {data_processing.py:40} INFO - Loaded 8640 records from S3: data/historical_BTC_USD_20250728120012.csv
[2025-07-28T22:00:23.083+0000] {data_processing.py:40} INFO - Loaded 8640 records from S3: data/historical_BTC_USD_20250728133614.csv
[2025-07-28T22:00:23.115+0000] {data_processing.py:40} INFO - Loaded 8640 records from S3: data/historical_BTC_USD_20250728140029.csv
[2025-07-28T22:00:23.149+0000] {data_processing.py:40} INFO - Loaded 8640 records from S3: data/historical_BTC_USD_20250728150011.csv
[2025-07-28T22:00:23.184+0000] {data_processing.py:40} INFO - Loaded 8640 records from S3: data/historical_BTC_USD_20250728153157.csv
[2025-07-28T22:00:23.199+0000] {data_processing.py:40} INFO - Loaded 288 records from S3: data/historical_BTC_USD_20250728153357.csv
[2025-07-28T22:00:23.214+0000] {data_processing.py:40} INFO - Loaded 288 records from S3: data/historical_BTC_USD_20250728154411.csv
[2025-07-28T22:00:23.230+0000] {data_processing.py:40} INFO - Loaded 288 records from S3: data/historical_BTC_USD_20250728154903.csv
[2025-07-28T22:00:23.266+0000] {data_processing.py:40} INFO - Loaded 8640 records from S3: data/historical_BTC_USD_20250728160214.csv
[2025-07-28T22:00:23.282+0000] {data_processing.py:40} INFO - Loaded 288 records from S3: data/historical_BTC_USD_20250728160216.csv
[2025-07-28T22:00:23.298+0000] {data_processing.py:40} INFO - Loaded 288 records from S3: data/historical_BTC_USD_20250728160822.csv
[2025-07-28T22:00:23.315+0000] {data_processing.py:40} INFO - Loaded 288 records from S3: data/historical_BTC_USD_20250728161845.csv
[2025-07-28T22:00:23.329+0000] {data_processing.py:40} INFO - Loaded 288 records from S3: data/historical_BTC_USD_20250728162615.csv
[2025-07-28T22:00:23.344+0000] {data_processing.py:40} INFO - Loaded 288 records from S3: data/historical_BTC_USD_20250728163844.csv
[2025-07-28T22:00:23.380+0000] {data_processing.py:40} INFO - Loaded 8640 records from S3: data/historical_BTC_USD_20250728181838.csv
[2025-07-28T22:00:23.395+0000] {data_processing.py:40} INFO - Loaded 288 records from S3: data/historical_BTC_USD_20250728181859.csv
[2025-07-28T22:00:23.425+0000] {data_processing.py:40} INFO - Loaded 8640 records from S3: data/historical_BTC_USD_20250728181903.csv
[2025-07-28T22:00:23.441+0000] {data_processing.py:40} INFO - Loaded 288 records from S3: data/historical_BTC_USD_20250728182842.csv
[2025-07-28T22:00:23.457+0000] {data_processing.py:40} INFO - Loaded 288 records from S3: data/historical_BTC_USD_20250728185243.csv
[2025-07-28T22:00:23.473+0000] {data_processing.py:40} INFO - Loaded 288 records from S3: data/historical_BTC_USD_20250728185839.csv
[2025-07-28T22:00:23.512+0000] {data_processing.py:40} INFO - Loaded 8640 records from S3: data/historical_BTC_USD_20250728190017.csv
[2025-07-28T22:00:23.528+0000] {data_processing.py:40} INFO - Loaded 288 records from S3: data/historical_BTC_USD_20250728190526.csv
[2025-07-28T22:00:23.543+0000] {data_processing.py:40} INFO - Loaded 288 records from S3: data/historical_BTC_USD_20250728191208.csv
[2025-07-28T22:00:23.559+0000] {data_processing.py:40} INFO - Loaded 288 records from S3: data/historical_BTC_USD_20250728192202.csv
[2025-07-28T22:00:23.575+0000] {data_processing.py:40} INFO - Loaded 288 records from S3: data/historical_BTC_USD_20250728193908.csv
[2025-07-28T22:00:23.590+0000] {data_processing.py:40} INFO - Loaded 288 records from S3: data/historical_BTC_USD_20250728195054.csv
[2025-07-28T22:00:23.627+0000] {data_processing.py:40} INFO - Loaded 8669 records from S3: data/historical_BTC_USD_20250728200000.csv
[2025-07-28T22:00:23.643+0000] {data_processing.py:40} INFO - Loaded 288 records from S3: data/historical_BTC_USD_20250728200240.csv
[2025-07-28T22:00:23.692+0000] {data_processing.py:40} INFO - Loaded 8640 records from S3: data/historical_BTC_USD_20250728200258.csv
[2025-07-28T22:00:23.708+0000] {data_processing.py:40} INFO - Loaded 288 records from S3: data/historical_BTC_USD_20250728200725.csv
[2025-07-28T22:00:23.723+0000] {data_processing.py:40} INFO - Loaded 288 records from S3: data/historical_BTC_USD_20250728204015.csv
[2025-07-28T22:00:23.749+0000] {data_processing.py:40} INFO - Loaded 288 records from S3: data/historical_BTC_USD_20250728204041.csv
[2025-07-28T22:00:23.766+0000] {data_processing.py:40} INFO - Loaded 288 records from S3: data/historical_BTC_USD_20250728204632.csv
[2025-07-28T22:00:23.807+0000] {data_processing.py:40} INFO - Loaded 11560 records from S3: data/historical_BTC_USD_20250728204643.csv
[2025-07-28T22:00:23.834+0000] {data_processing.py:40} INFO - Loaded 8669 records from S3: data/historical_BTC_USD_20250728210000.csv
[2025-07-28T22:00:23.851+0000] {data_processing.py:40} INFO - Loaded 288 records from S3: data/historical_BTC_USD_20250728210317.csv
[2025-07-28T22:00:23.867+0000] {data_processing.py:40} INFO - Loaded 288 records from S3: data/historical_BTC_USD_20250728211037.csv
[2025-07-28T22:00:23.882+0000] {data_processing.py:40} INFO - Loaded 288 records from S3: data/historical_BTC_USD_20250728211256.csv
[2025-07-28T22:00:23.897+0000] {data_processing.py:40} INFO - Loaded 287 records from S3: data/historical_BTC_USD_20250728212005.csv
[2025-07-28T22:00:23.983+0000] {data_processing.py:84} INFO - Combined 20293 records for BTC-USD
[2025-07-28T22:00:23.988+0000] {ingestion_inference.py:83} INFO - Données combinées : shape=(20293, 7)
[2025-07-28T22:00:24.445+0000] {data_processing.py:162} INFO - Removed 50 rows with NaN values. Final shape: (20243, 84)
[2025-07-28T22:00:24.446+0000] {ingestion_inference.py:86} INFO - Features : shape=(20243, 84)
[2025-07-28T22:00:24.458+0000] {ingestion_inference.py:90} INFO - Scaler chargé
[2025-07-28T22:00:24.508+0000] {logging_mixin.py:188} WARNING - /opt/***/src/data_processing.py:177 FutureWarning: DataFrame.fillna with 'method' is deprecated and will raise in a future version. Use obj.ffill() or obj.bfill() instead.
[2025-07-28T22:00:24.541+0000] {data_processing.py:179} INFO - Prepared features: (20243, 80), Target: (20243,)
[2025-07-28T22:00:24.542+0000] {data_processing.py:180} INFO - Feature columns: 80
[2025-07-28T22:00:24.611+0000] {ingestion_inference.py:100} INFO - Last row : shape=(1, 81)
[2025-07-28T22:00:24.706+0000] {ingestion_inference.py:110} INFO - ✅ Features uploaded → s3://crypto-mlops-bucket/features/date=2025-07-28/hour=21/features.parquet
[2025-07-28T22:00:24.718+0000] {ingestion_inference.py:121} INFO - ✅ Target uploaded → s3://crypto-mlops-bucket/targets/date=2025-07-28/hour=21/target.parquet
[2025-07-28T22:00:24.289+0000] {credentials.py:1147} INFO - Found credentials in environment variables.
[2025-07-28T22:00:24.402+0000] {logging_mixin.py:188} WARNING - Downloading artifacts:   0%|          | 0/5 [00:00<?, ?it/s]
[2025-07-28T22:00:24.432+0000] {logging_mixin.py:188} WARNING - Downloading artifacts:  20%|##        | 1/5 [00:00<00:00, 35.53it/s]
[2025-07-28T22:00:24.433+0000] {logging_mixin.py:188} WARNING - Downloading artifacts:  40%|####      | 2/5 [00:00<00:00, 67.47it/s]
[2025-07-28T22:00:24.434+0000] {logging_mixin.py:188} WARNING - Downloading artifacts:  60%|######    | 3/5 [00:00<00:00, 98.21it/s]
[2025-07-28T22:00:24.446+0000] {logging_mixin.py:188} WARNING - Downloading artifacts:  80%|########  | 4/5 [00:00<00:00, 93.68it/s]
[2025-07-28T22:00:24.447+0000] {logging_mixin.py:188} WARNING - Downloading artifacts: 100%|##########| 5/5 [00:00<00:00, 113.73it/s]
[2025-07-28T22:00:24.448+0000] {logging_mixin.py:188} WARNING - Downloading artifacts: 100%|##########| 5/5 [00:00<00:00, 111.19it/s]
[2025-07-28T22:00:24.770+0000] {ingestion_inference.py:134} INFO - ✅ Model loaded: crypto_lightgbm_model_BTC_USD, version 5
[2025-07-28T22:00:24.805+0000] {ingestion_inference.py:154} INFO - ✅ Prediction uploaded → s3://crypto-mlops-bucket/predictions/date=2025-07-28/hour=21/prediction.parquet
[2025-07-28T22:00:24.806+0000] {ingestion_inference.py:156} INFO - === Fin du préprocessing & prédiction ===
[2025-07-28T22:00:24.815+0000] {python.py:237} INFO - Done. Returned value was: None
[2025-07-28T22:00:24.817+0000] {taskinstance.py:441} INFO - ::group::Post task execution logs
[2025-07-28T22:00:24.830+0000] {taskinstance.py:1205} INFO - Marking task as SUCCESS. dag_id=preprocessing_hourly, task_id=preprocess_and_predict, execution_date=20250728T210000, start_date=20250728T220007, end_date=20250728T220024
[2025-07-28T22:00:24.899+0000] {local_task_job_runner.py:240} INFO - Task exited with return code 0
[2025-07-28T22:00:24.919+0000] {taskinstance.py:3482} INFO - 0 downstream tasks scheduled from follow-on schedule check
[2025-07-28T22:00:24.922+0000] {local_task_job_runner.py:222} INFO - ::endgroup::
