[2025-07-31T12:40:55.458+0000] {local_task_job_runner.py:120} INFO - ::group::Pre task execution logs
[2025-07-31T12:40:55.520+0000] {taskinstance.py:2073} INFO - Dependencies all met for dep_context=non-requeueable deps ti=<TaskInstance: training_pipeline.promote_model triggered_by_drift_20250731_123357 [queued]>
[2025-07-31T12:40:55.530+0000] {taskinstance.py:2073} INFO - Dependencies all met for dep_context=requeueable deps ti=<TaskInstance: training_pipeline.promote_model triggered_by_drift_20250731_123357 [queued]>
[2025-07-31T12:40:55.532+0000] {taskinstance.py:2303} INFO - Starting attempt 1 of 4
[2025-07-31T12:40:55.556+0000] {taskinstance.py:2327} INFO - Executing <Task(PythonOperator): promote_model> on 2025-07-31 12:33:57+00:00
[2025-07-31T12:40:55.577+0000] {logging_mixin.py:188} WARNING - /home/***/.local/lib/python3.12/site-packages/***/task/task_runner/standard_task_runner.py:61 DeprecationWarning: This process (pid=12305) is multi-threaded, use of fork() may lead to deadlocks in the child.
[2025-07-31T12:40:55.578+0000] {standard_task_runner.py:63} INFO - Started process 12323 to run task
[2025-07-31T12:40:55.579+0000] {standard_task_runner.py:90} INFO - Running: ['***', 'tasks', 'run', 'training_pipeline', 'promote_model', 'triggered_by_drift_20250731_123357', '--job-id', '155', '--raw', '--subdir', 'DAGS_FOLDER/training_pipeline.py', '--cfg-path', '/tmp/tmpvj3rwuqe']
[2025-07-31T12:40:55.581+0000] {standard_task_runner.py:91} INFO - Job 155: Subtask promote_model
[2025-07-31T12:40:55.597+0000] {logging_mixin.py:188} WARNING - /home/***/.local/lib/python3.12/site-packages/***/settings.py:195 DeprecationWarning: The sql_alchemy_conn option in [core] has been moved to the sql_alchemy_conn option in [database] - the old setting has been used, but please update your config.
[2025-07-31T12:40:55.639+0000] {task_command.py:426} INFO - Running <TaskInstance: training_pipeline.promote_model triggered_by_drift_20250731_123357 [running]> on host 44c57df83f33
[2025-07-31T12:40:55.766+0000] {taskinstance.py:2644} INFO - Exporting env vars: AIRFLOW_CTX_DAG_EMAIL='mlops_team@example.com' AIRFLOW_CTX_DAG_OWNER='mlops' AIRFLOW_CTX_DAG_ID='training_pipeline' AIRFLOW_CTX_TASK_ID='promote_model' AIRFLOW_CTX_EXECUTION_DATE='2025-07-31T12:33:57+00:00' AIRFLOW_CTX_TRY_NUMBER='1' AIRFLOW_CTX_DAG_RUN_ID='triggered_by_drift_20250731_123357'
[2025-07-31T12:40:55.771+0000] {taskinstance.py:430} INFO - ::endgroup::
[2025-07-31T12:40:55.917+0000] {training_pipeline.py:163} INFO - ✅ Connexion MLflow OK: http://mlflow:5000
[2025-07-31T12:40:56.025+0000] {training_pipeline.py:190} INFO - 👉 Promotion version 14
[2025-07-31T12:40:56.053+0000] {training_pipeline.py:196} INFO - ✅ Modèle promu : alias 'production' pointé vers version 14
[2025-07-31T12:40:56.054+0000] {python.py:237} INFO - Done. Returned value was: None
[2025-07-31T12:40:56.055+0000] {taskinstance.py:441} INFO - ::group::Post task execution logs
[2025-07-31T12:40:56.067+0000] {taskinstance.py:1205} INFO - Marking task as SUCCESS. dag_id=training_pipeline, task_id=promote_model, execution_date=20250731T123357, start_date=20250731T124055, end_date=20250731T124056
[2025-07-31T12:40:56.131+0000] {local_task_job_runner.py:240} INFO - Task exited with return code 0
[2025-07-31T12:40:56.153+0000] {taskinstance.py:3482} INFO - 0 downstream tasks scheduled from follow-on schedule check
[2025-07-31T12:40:56.163+0000] {local_task_job_runner.py:222} INFO - ::endgroup::
