[2025-07-27T14:33:02.065+0000] {local_task_job_runner.py:120} INFO - ::group::Pre task execution logs
[2025-07-27T14:33:02.107+0000] {taskinstance.py:2073} INFO - Dependencies all met for dep_context=non-requeueable deps ti=<TaskInstance: training_pipeline.ingest_data manual__2025-07-27T14:32:54.841573+00:00 [queued]>
[2025-07-27T14:33:02.116+0000] {taskinstance.py:2073} INFO - Dependencies all met for dep_context=requeueable deps ti=<TaskInstance: training_pipeline.ingest_data manual__2025-07-27T14:32:54.841573+00:00 [queued]>
[2025-07-27T14:33:02.117+0000] {taskinstance.py:2303} INFO - Starting attempt 1 of 4
[2025-07-27T14:33:02.132+0000] {taskinstance.py:2327} INFO - Executing <Task(PythonOperator): ingest_data> on 2025-07-27 14:32:54.841573+00:00
[2025-07-27T14:33:02.146+0000] {standard_task_runner.py:90} INFO - Running: ['***', 'tasks', 'run', 'training_pipeline', 'ingest_data', 'manual__2025-07-27T14:32:54.841573+00:00', '--job-id', '3', '--raw', '--subdir', 'DAGS_FOLDER/training_pipeline.py', '--cfg-path', '/tmp/tmp8hg8bpse']
[2025-07-27T14:33:02.148+0000] {logging_mixin.py:188} WARNING - /home/***/.local/lib/python3.12/site-packages/***/task/task_runner/standard_task_runner.py:61 DeprecationWarning: This process (pid=285) is multi-threaded, use of fork() may lead to deadlocks in the child.
[2025-07-27T14:33:02.150+0000] {standard_task_runner.py:91} INFO - Job 3: Subtask ingest_data
[2025-07-27T14:33:02.150+0000] {standard_task_runner.py:63} INFO - Started process 302 to run task
[2025-07-27T14:33:02.168+0000] {logging_mixin.py:188} WARNING - /home/***/.local/lib/python3.12/site-packages/***/settings.py:195 DeprecationWarning: The sql_alchemy_conn option in [core] has been moved to the sql_alchemy_conn option in [database] - the old setting has been used, but please update your config.
[2025-07-27T14:33:02.212+0000] {task_command.py:426} INFO - Running <TaskInstance: training_pipeline.ingest_data manual__2025-07-27T14:32:54.841573+00:00 [running]> on host f23cf99e70e9
[2025-07-27T14:33:02.314+0000] {taskinstance.py:2644} INFO - Exporting env vars: AIRFLOW_CTX_DAG_EMAIL='mlops_team@example.com' AIRFLOW_CTX_DAG_OWNER='mlops' AIRFLOW_CTX_DAG_ID='training_pipeline' AIRFLOW_CTX_TASK_ID='ingest_data' AIRFLOW_CTX_EXECUTION_DATE='2025-07-27T14:32:54.841573+00:00' AIRFLOW_CTX_TRY_NUMBER='1' AIRFLOW_CTX_DAG_RUN_ID='manual__2025-07-27T14:32:54.841573+00:00'
[2025-07-27T14:33:02.317+0000] {taskinstance.py:430} INFO - ::endgroup::
[2025-07-27T14:33:02.558+0000] {data_ingestion.py:62} INFO - Fetched 288 candles for BTC-USD from 2025-07-26 14:33:02.348123 to 2025-07-27 14:33:02.348123
[2025-07-27T14:33:02.879+0000] {data_ingestion.py:103} INFO - Saved data to S3: s3://crypto-mlops-bucket/data/historical_BTC_USD_20250727143302.csv
[2025-07-27T14:33:03.099+0000] {data_ingestion.py:62} INFO - Fetched 288 candles for ETH-USD from 2025-07-26 14:33:02.348123 to 2025-07-27 14:33:02.348123
[2025-07-27T14:33:03.113+0000] {data_ingestion.py:103} INFO - Saved data to S3: s3://crypto-mlops-bucket/data/historical_ETH_USD_20250727143303.csv
[2025-07-27T14:33:03.115+0000] {python.py:237} INFO - Done. Returned value was: None
[2025-07-27T14:33:03.116+0000] {taskinstance.py:441} INFO - ::group::Post task execution logs
[2025-07-27T14:33:03.128+0000] {taskinstance.py:1205} INFO - Marking task as SUCCESS. dag_id=training_pipeline, task_id=ingest_data, execution_date=20250727T143254, start_date=20250727T143302, end_date=20250727T143303
[2025-07-27T14:33:03.176+0000] {local_task_job_runner.py:240} INFO - Task exited with return code 0
[2025-07-27T14:33:03.207+0000] {taskinstance.py:3482} INFO - 1 downstream tasks scheduled from follow-on schedule check
[2025-07-27T14:33:03.210+0000] {local_task_job_runner.py:222} INFO - ::endgroup::
