[2025-07-29T20:43:27.350+0000] {local_task_job_runner.py:120} INFO - ::group::Pre task execution logs
[2025-07-29T20:43:27.401+0000] {taskinstance.py:2073} INFO - Dependencies all met for dep_context=non-requeueable deps ti=<TaskInstance: training_pipeline.process_data triggered_by_drift_20250729_204306 [queued]>
[2025-07-29T20:43:27.415+0000] {taskinstance.py:2073} INFO - Dependencies all met for dep_context=requeueable deps ti=<TaskInstance: training_pipeline.process_data triggered_by_drift_20250729_204306 [queued]>
[2025-07-29T20:43:27.434+0000] {taskinstance.py:2303} INFO - Starting attempt 1 of 4
[2025-07-29T20:43:27.452+0000] {taskinstance.py:2327} INFO - Executing <Task(PythonOperator): process_data> on 2025-07-29 20:43:06+00:00
[2025-07-29T20:43:27.473+0000] {standard_task_runner.py:90} INFO - Running: ['***', 'tasks', 'run', 'training_pipeline', 'process_data', 'triggered_by_drift_20250729_204306', '--job-id', '17', '--raw', '--subdir', 'DAGS_FOLDER/training_pipeline.py', '--cfg-path', '/tmp/tmpeptev_og']
[2025-07-29T20:43:27.479+0000] {standard_task_runner.py:91} INFO - Job 17: Subtask process_data
[2025-07-29T20:43:27.483+0000] {logging_mixin.py:188} WARNING - /home/***/.local/lib/python3.12/site-packages/***/task/task_runner/standard_task_runner.py:61 DeprecationWarning: This process (pid=10425) is multi-threaded, use of fork() may lead to deadlocks in the child.
[2025-07-29T20:43:27.485+0000] {standard_task_runner.py:63} INFO - Started process 10451 to run task
[2025-07-29T20:43:27.522+0000] {logging_mixin.py:188} WARNING - /home/***/.local/lib/python3.12/site-packages/***/settings.py:195 DeprecationWarning: The sql_alchemy_conn option in [core] has been moved to the sql_alchemy_conn option in [database] - the old setting has been used, but please update your config.
[2025-07-29T20:43:27.575+0000] {task_command.py:426} INFO - Running <TaskInstance: training_pipeline.process_data triggered_by_drift_20250729_204306 [running]> on host d78ad09e75e4
[2025-07-29T20:43:27.771+0000] {taskinstance.py:2644} INFO - Exporting env vars: AIRFLOW_CTX_DAG_EMAIL='mlops_team@example.com' AIRFLOW_CTX_DAG_OWNER='mlops' AIRFLOW_CTX_DAG_ID='training_pipeline' AIRFLOW_CTX_TASK_ID='process_data' AIRFLOW_CTX_EXECUTION_DATE='2025-07-29T20:43:06+00:00' AIRFLOW_CTX_TRY_NUMBER='1' AIRFLOW_CTX_DAG_RUN_ID='triggered_by_drift_20250729_204306'
[2025-07-29T20:43:27.774+0000] {taskinstance.py:430} INFO - ::endgroup::
[2025-07-29T20:43:28.052+0000] {data_processing.py:40} INFO - Loaded 11560 records from S3: data/historical_BTC_USD_20250328000000.csv
[2025-07-29T20:43:28.132+0000] {data_processing.py:40} INFO - Loaded 8669 records from S3: data/historical_BTC_USD_20250729180000.csv
[2025-07-29T20:43:28.210+0000] {data_processing.py:40} INFO - Loaded 8669 records from S3: data/historical_BTC_USD_20250729190000.csv
[2025-07-29T20:43:28.229+0000] {data_processing.py:40} INFO - Loaded 288 records from S3: data/historical_BTC_USD_20250729195030.csv
[2025-07-29T20:43:28.298+0000] {data_processing.py:40} INFO - Loaded 8640 records from S3: data/historical_BTC_USD_20250729195705.csv
[2025-07-29T20:43:28.405+0000] {data_processing.py:40} INFO - Loaded 8640 records from S3: data/historical_BTC_USD_20250729200813.csv
[2025-07-29T20:43:28.425+0000] {logging_mixin.py:188} WARNING - /opt/***/src/data_processing.py:39 UserWarning: Could not infer format, so each element will be parsed individually, falling back to `dateutil`. To ensure parsing is consistent and as-expected, please specify a format.
[2025-07-29T20:43:28.428+0000] {data_processing.py:40} INFO - Loaded 288 records from S3: data/historical_BTC_USD_20250729202101.csv
[2025-07-29T20:43:28.447+0000] {data_processing.py:40} INFO - Loaded 288 records from S3: data/historical_BTC_USD_20250729202646.csv
[2025-07-29T20:43:28.467+0000] {data_processing.py:40} INFO - Loaded 288 records from S3: data/historical_BTC_USD_20250729202706.csv
[2025-07-29T20:43:28.486+0000] {data_processing.py:40} INFO - Loaded 288 records from S3: data/historical_BTC_USD_20250729202727.csv
[2025-07-29T20:43:28.503+0000] {data_processing.py:40} INFO - Loaded 288 records from S3: data/historical_BTC_USD_20250729202748.csv
[2025-07-29T20:43:28.522+0000] {data_processing.py:40} INFO - Loaded 287 records from S3: data/historical_BTC_USD_20250729203009.csv
[2025-07-29T20:43:28.541+0000] {data_processing.py:40} INFO - Loaded 288 records from S3: data/historical_BTC_USD_20250729203104.csv
[2025-07-29T20:43:28.562+0000] {data_processing.py:40} INFO - Loaded 288 records from S3: data/historical_BTC_USD_20250729203305.csv
[2025-07-29T20:43:28.584+0000] {data_processing.py:40} INFO - Loaded 288 records from S3: data/historical_BTC_USD_20250729204321.csv
[2025-07-29T20:43:28.607+0000] {data_processing.py:84} INFO - Combined 20194 records for BTC-USD
[2025-07-29T20:43:29.379+0000] {data_processing.py:162} INFO - Removed 50 rows with NaN values. Final shape: (20144, 84)
[2025-07-29T20:43:29.393+0000] {logging_mixin.py:188} WARNING - /opt/***/src/data_processing.py:230 FutureWarning: DataFrame.fillna with 'method' is deprecated and will raise in a future version. Use obj.ffill() or obj.bfill() instead.
[2025-07-29T20:43:29.492+0000] {logging_mixin.py:188} WARNING - /opt/***/src/data_processing.py:177 FutureWarning: DataFrame.fillna with 'method' is deprecated and will raise in a future version. Use obj.ffill() or obj.bfill() instead.
[2025-07-29T20:43:29.522+0000] {data_processing.py:179} INFO - Prepared features: (20144, 80), Target: (20144,)
[2025-07-29T20:43:29.523+0000] {data_processing.py:180} INFO - Feature columns: 80
[2025-07-29T20:43:29.614+0000] {data_processing.py:202} INFO - Saved preprocessor to S3: s3://crypto-mlops-bucket/models/preprocessors/scaler_BTC_USD.pickle
[2025-07-29T20:43:29.623+0000] {python.py:237} INFO - Done. Returned value was: None
[2025-07-29T20:43:29.624+0000] {taskinstance.py:441} INFO - ::group::Post task execution logs
[2025-07-29T20:43:29.641+0000] {taskinstance.py:1205} INFO - Marking task as SUCCESS. dag_id=training_pipeline, task_id=process_data, execution_date=20250729T204306, start_date=20250729T204327, end_date=20250729T204329
[2025-07-29T20:43:29.689+0000] {local_task_job_runner.py:240} INFO - Task exited with return code 0
[2025-07-29T20:43:29.737+0000] {taskinstance.py:3482} INFO - 1 downstream tasks scheduled from follow-on schedule check
[2025-07-29T20:43:29.752+0000] {local_task_job_runner.py:222} INFO - ::endgroup::
