[2025-07-31T13:05:16.448+0000] {local_task_job_runner.py:120} INFO - ::group::Pre task execution logs
[2025-07-31T13:05:16.514+0000] {taskinstance.py:2073} INFO - Dependencies all met for dep_context=non-requeueable deps ti=<TaskInstance: training_pipeline.create_bucket manual__2025-07-31T13:05:07.186072+00:00 [queued]>
[2025-07-31T13:05:16.531+0000] {taskinstance.py:2073} INFO - Dependencies all met for dep_context=requeueable deps ti=<TaskInstance: training_pipeline.create_bucket manual__2025-07-31T13:05:07.186072+00:00 [queued]>
[2025-07-31T13:05:16.565+0000] {taskinstance.py:2303} INFO - Starting attempt 1 of 4
[2025-07-31T13:05:16.592+0000] {taskinstance.py:2327} INFO - Executing <Task(PythonOperator): create_bucket> on 2025-07-31 13:05:07.186072+00:00
[2025-07-31T13:05:16.650+0000] {standard_task_runner.py:90} INFO - Running: ['***', 'tasks', 'run', 'training_pipeline', 'create_bucket', 'manual__2025-07-31T13:05:07.186072+00:00', '--job-id', '191', '--raw', '--subdir', 'DAGS_FOLDER/training_pipeline.py', '--cfg-path', '/tmp/tmpz3qpkji9']
[2025-07-31T13:05:16.679+0000] {logging_mixin.py:188} WARNING - /home/***/.local/lib/python3.12/site-packages/***/task/task_runner/standard_task_runner.py:61 DeprecationWarning: This process (pid=2021) is multi-threaded, use of fork() may lead to deadlocks in the child.
[2025-07-31T13:05:16.708+0000] {standard_task_runner.py:91} INFO - Job 191: Subtask create_bucket
[2025-07-31T13:05:16.709+0000] {standard_task_runner.py:63} INFO - Started process 2063 to run task
[2025-07-31T13:05:16.867+0000] {logging_mixin.py:188} WARNING - /home/***/.local/lib/python3.12/site-packages/***/settings.py:195 DeprecationWarning: The sql_alchemy_conn option in [core] has been moved to the sql_alchemy_conn option in [database] - the old setting has been used, but please update your config.
[2025-07-31T13:05:17.085+0000] {task_command.py:426} INFO - Running <TaskInstance: training_pipeline.create_bucket manual__2025-07-31T13:05:07.186072+00:00 [running]> on host 44c57df83f33
[2025-07-31T13:05:17.449+0000] {taskinstance.py:2644} INFO - Exporting env vars: AIRFLOW_CTX_DAG_EMAIL='mlops_team@example.com' AIRFLOW_CTX_DAG_OWNER='mlops' AIRFLOW_CTX_DAG_ID='training_pipeline' AIRFLOW_CTX_TASK_ID='create_bucket' AIRFLOW_CTX_EXECUTION_DATE='2025-07-31T13:05:07.186072+00:00' AIRFLOW_CTX_TRY_NUMBER='1' AIRFLOW_CTX_DAG_RUN_ID='manual__2025-07-31T13:05:07.186072+00:00'
[2025-07-31T13:05:17.451+0000] {taskinstance.py:430} INFO - ::endgroup::
[2025-07-31T13:05:17.533+0000] {training_pipeline.py:42} INFO - Bucket crypto-mlops-bucket déjà existant ✅
[2025-07-31T13:05:17.535+0000] {python.py:237} INFO - Done. Returned value was: None
[2025-07-31T13:05:17.536+0000] {taskinstance.py:441} INFO - ::group::Post task execution logs
[2025-07-31T13:05:17.557+0000] {taskinstance.py:1205} INFO - Marking task as SUCCESS. dag_id=training_pipeline, task_id=create_bucket, execution_date=20250731T130507, start_date=20250731T130516, end_date=20250731T130517
[2025-07-31T13:05:17.608+0000] {local_task_job_runner.py:240} INFO - Task exited with return code 0
[2025-07-31T13:05:17.655+0000] {taskinstance.py:3482} INFO - 1 downstream tasks scheduled from follow-on schedule check
[2025-07-31T13:05:17.659+0000] {local_task_job_runner.py:222} INFO - ::endgroup::
