[2025-07-31T20:03:11.634+0000] {local_task_job_runner.py:120} INFO - ::group::Pre task execution logs
[2025-07-31T20:03:11.689+0000] {taskinstance.py:2073} INFO - Dependencies all met for dep_context=non-requeueable deps ti=<TaskInstance: drift_monitoring_dag.check_drift_and_trigger scheduled__2025-07-31T19:00:00+00:00 [queued]>
[2025-07-31T20:03:11.704+0000] {taskinstance.py:2073} INFO - Dependencies all met for dep_context=requeueable deps ti=<TaskInstance: drift_monitoring_dag.check_drift_and_trigger scheduled__2025-07-31T19:00:00+00:00 [queued]>
[2025-07-31T20:03:11.705+0000] {taskinstance.py:2303} INFO - Starting attempt 1 of 2
[2025-07-31T20:03:11.725+0000] {taskinstance.py:2327} INFO - Executing <Task(PythonOperator): check_drift_and_trigger> on 2025-07-31 19:00:00+00:00
[2025-07-31T20:03:11.762+0000] {logging_mixin.py:188} WARNING - /home/***/.local/lib/python3.12/site-packages/***/task/task_runner/standard_task_runner.py:61 DeprecationWarning: This process (pid=15617) is multi-threaded, use of fork() may lead to deadlocks in the child.
[2025-07-31T20:03:11.761+0000] {standard_task_runner.py:90} INFO - Running: ['***', 'tasks', 'run', 'drift_monitoring_dag', 'check_drift_and_trigger', 'scheduled__2025-07-31T19:00:00+00:00', '--job-id', '242', '--raw', '--subdir', 'DAGS_FOLDER/drift_monitoring.py', '--cfg-path', '/tmp/tmp9vdfff4j']
[2025-07-31T20:03:11.763+0000] {standard_task_runner.py:63} INFO - Started process 15715 to run task
[2025-07-31T20:03:11.764+0000] {standard_task_runner.py:91} INFO - Job 242: Subtask check_drift_and_trigger
[2025-07-31T20:03:11.783+0000] {logging_mixin.py:188} WARNING - /home/***/.local/lib/python3.12/site-packages/***/settings.py:195 DeprecationWarning: The sql_alchemy_conn option in [core] has been moved to the sql_alchemy_conn option in [database] - the old setting has been used, but please update your config.
[2025-07-31T20:03:11.825+0000] {task_command.py:426} INFO - Running <TaskInstance: drift_monitoring_dag.check_drift_and_trigger scheduled__2025-07-31T19:00:00+00:00 [running]> on host 44c57df83f33
[2025-07-31T20:03:11.961+0000] {taskinstance.py:2644} INFO - Exporting env vars: AIRFLOW_CTX_DAG_OWNER='***' AIRFLOW_CTX_DAG_ID='drift_monitoring_dag' AIRFLOW_CTX_TASK_ID='check_drift_and_trigger' AIRFLOW_CTX_EXECUTION_DATE='2025-07-31T19:00:00+00:00' AIRFLOW_CTX_TRY_NUMBER='1' AIRFLOW_CTX_DAG_RUN_ID='scheduled__2025-07-31T19:00:00+00:00'
[2025-07-31T20:03:11.964+0000] {taskinstance.py:430} INFO - ::endgroup::
[2025-07-31T20:03:12.059+0000] {drift_monitoring.py:59} WARNING - File not found: s3://crypto-mlops-bucket/predictions/date=2025-07-31/hour=20/prediction.parquet
[2025-07-31T20:03:12.078+0000] {drift_monitoring.py:59} WARNING - File not found: s3://crypto-mlops-bucket/targets/date=2025-07-31/hour=20/target.parquet
[2025-07-31T20:03:12.095+0000] {drift_monitoring.py:59} WARNING - File not found: s3://crypto-mlops-bucket/predictions/date=2025-07-31/hour=19/prediction.parquet
[2025-07-31T20:03:12.110+0000] {drift_monitoring.py:59} WARNING - File not found: s3://crypto-mlops-bucket/targets/date=2025-07-31/hour=19/target.parquet
[2025-07-31T20:03:12.129+0000] {drift_monitoring.py:59} WARNING - File not found: s3://crypto-mlops-bucket/predictions/date=2025-07-31/hour=18/prediction.parquet
[2025-07-31T20:03:12.145+0000] {drift_monitoring.py:59} WARNING - File not found: s3://crypto-mlops-bucket/targets/date=2025-07-31/hour=18/target.parquet
[2025-07-31T20:03:12.171+0000] {drift_monitoring.py:59} WARNING - File not found: s3://crypto-mlops-bucket/predictions/date=2025-07-31/hour=17/prediction.parquet
[2025-07-31T20:03:12.190+0000] {drift_monitoring.py:59} WARNING - File not found: s3://crypto-mlops-bucket/targets/date=2025-07-31/hour=17/target.parquet
[2025-07-31T20:03:12.213+0000] {drift_monitoring.py:59} WARNING - File not found: s3://crypto-mlops-bucket/predictions/date=2025-07-31/hour=16/prediction.parquet
[2025-07-31T20:03:12.232+0000] {drift_monitoring.py:59} WARNING - File not found: s3://crypto-mlops-bucket/targets/date=2025-07-31/hour=16/target.parquet
[2025-07-31T20:03:12.392+0000] {drift_monitoring.py:59} WARNING - File not found: s3://crypto-mlops-bucket/targets/date=2025-07-31/hour=15/target.parquet
[2025-07-31T20:03:12.495+0000] {drift_monitoring.py:59} WARNING - File not found: s3://crypto-mlops-bucket/predictions/date=2025-07-31/hour=12/prediction.parquet
[2025-07-31T20:03:12.529+0000] {drift_monitoring.py:59} WARNING - File not found: s3://crypto-mlops-bucket/predictions/date=2025-07-31/hour=11/prediction.parquet
[2025-07-31T20:03:12.544+0000] {drift_monitoring.py:59} WARNING - File not found: s3://crypto-mlops-bucket/targets/date=2025-07-31/hour=11/target.parquet
[2025-07-31T20:03:12.559+0000] {drift_monitoring.py:59} WARNING - File not found: s3://crypto-mlops-bucket/predictions/date=2025-07-31/hour=10/prediction.parquet
[2025-07-31T20:03:12.573+0000] {drift_monitoring.py:59} WARNING - File not found: s3://crypto-mlops-bucket/targets/date=2025-07-31/hour=10/target.parquet
[2025-07-31T20:03:12.586+0000] {drift_monitoring.py:59} WARNING - File not found: s3://crypto-mlops-bucket/predictions/date=2025-07-31/hour=09/prediction.parquet
[2025-07-31T20:03:12.600+0000] {drift_monitoring.py:59} WARNING - File not found: s3://crypto-mlops-bucket/targets/date=2025-07-31/hour=09/target.parquet
[2025-07-31T20:03:12.614+0000] {drift_monitoring.py:59} WARNING - File not found: s3://crypto-mlops-bucket/predictions/date=2025-07-31/hour=08/prediction.parquet
[2025-07-31T20:03:12.632+0000] {drift_monitoring.py:59} WARNING - File not found: s3://crypto-mlops-bucket/targets/date=2025-07-31/hour=08/target.parquet
[2025-07-31T20:03:12.647+0000] {drift_monitoring.py:59} WARNING - File not found: s3://crypto-mlops-bucket/predictions/date=2025-07-31/hour=07/prediction.parquet
[2025-07-31T20:03:12.661+0000] {drift_monitoring.py:59} WARNING - File not found: s3://crypto-mlops-bucket/targets/date=2025-07-31/hour=07/target.parquet
[2025-07-31T20:03:12.676+0000] {drift_monitoring.py:59} WARNING - File not found: s3://crypto-mlops-bucket/predictions/date=2025-07-31/hour=06/prediction.parquet
[2025-07-31T20:03:12.692+0000] {drift_monitoring.py:59} WARNING - File not found: s3://crypto-mlops-bucket/targets/date=2025-07-31/hour=06/target.parquet
[2025-07-31T20:03:12.708+0000] {drift_monitoring.py:59} WARNING - File not found: s3://crypto-mlops-bucket/predictions/date=2025-07-31/hour=05/prediction.parquet
[2025-07-31T20:03:12.726+0000] {drift_monitoring.py:59} WARNING - File not found: s3://crypto-mlops-bucket/targets/date=2025-07-31/hour=05/target.parquet
[2025-07-31T20:03:12.741+0000] {drift_monitoring.py:59} WARNING - File not found: s3://crypto-mlops-bucket/predictions/date=2025-07-31/hour=04/prediction.parquet
[2025-07-31T20:03:12.758+0000] {drift_monitoring.py:59} WARNING - File not found: s3://crypto-mlops-bucket/targets/date=2025-07-31/hour=04/target.parquet
[2025-07-31T20:03:12.775+0000] {drift_monitoring.py:59} WARNING - File not found: s3://crypto-mlops-bucket/predictions/date=2025-07-31/hour=03/prediction.parquet
[2025-07-31T20:03:12.790+0000] {drift_monitoring.py:59} WARNING - File not found: s3://crypto-mlops-bucket/targets/date=2025-07-31/hour=03/target.parquet
[2025-07-31T20:03:12.805+0000] {drift_monitoring.py:59} WARNING - File not found: s3://crypto-mlops-bucket/predictions/date=2025-07-31/hour=02/prediction.parquet
[2025-07-31T20:03:12.822+0000] {drift_monitoring.py:59} WARNING - File not found: s3://crypto-mlops-bucket/targets/date=2025-07-31/hour=02/target.parquet
[2025-07-31T20:03:12.837+0000] {drift_monitoring.py:59} WARNING - File not found: s3://crypto-mlops-bucket/predictions/date=2025-07-31/hour=01/prediction.parquet
[2025-07-31T20:03:12.854+0000] {drift_monitoring.py:59} WARNING - File not found: s3://crypto-mlops-bucket/targets/date=2025-07-31/hour=01/target.parquet
[2025-07-31T20:03:12.868+0000] {drift_monitoring.py:59} WARNING - File not found: s3://crypto-mlops-bucket/predictions/date=2025-07-31/hour=00/prediction.parquet
[2025-07-31T20:03:12.881+0000] {drift_monitoring.py:59} WARNING - File not found: s3://crypto-mlops-bucket/targets/date=2025-07-31/hour=00/target.parquet
[2025-07-31T20:03:12.895+0000] {drift_monitoring.py:59} WARNING - File not found: s3://crypto-mlops-bucket/predictions/date=2025-07-30/hour=23/prediction.parquet
[2025-07-31T20:03:12.909+0000] {drift_monitoring.py:59} WARNING - File not found: s3://crypto-mlops-bucket/targets/date=2025-07-30/hour=23/target.parquet
[2025-07-31T20:03:12.922+0000] {drift_monitoring.py:59} WARNING - File not found: s3://crypto-mlops-bucket/predictions/date=2025-07-30/hour=22/prediction.parquet
[2025-07-31T20:03:12.936+0000] {drift_monitoring.py:59} WARNING - File not found: s3://crypto-mlops-bucket/targets/date=2025-07-30/hour=22/target.parquet
[2025-07-31T20:03:12.951+0000] {drift_monitoring.py:59} WARNING - File not found: s3://crypto-mlops-bucket/predictions/date=2025-07-30/hour=21/prediction.parquet
[2025-07-31T20:03:12.965+0000] {drift_monitoring.py:59} WARNING - File not found: s3://crypto-mlops-bucket/targets/date=2025-07-30/hour=21/target.parquet
[2025-07-31T20:03:12.980+0000] {drift_monitoring.py:59} WARNING - File not found: s3://crypto-mlops-bucket/predictions/date=2025-07-30/hour=20/prediction.parquet
[2025-07-31T20:03:13.002+0000] {drift_monitoring.py:59} WARNING - File not found: s3://crypto-mlops-bucket/targets/date=2025-07-30/hour=20/target.parquet
[2025-07-31T20:03:13.022+0000] {drift_monitoring.py:59} WARNING - File not found: s3://crypto-mlops-bucket/predictions/date=2025-07-30/hour=19/prediction.parquet
[2025-07-31T20:03:13.041+0000] {drift_monitoring.py:59} WARNING - File not found: s3://crypto-mlops-bucket/targets/date=2025-07-30/hour=19/target.parquet
[2025-07-31T20:03:13.056+0000] {drift_monitoring.py:59} WARNING - File not found: s3://crypto-mlops-bucket/predictions/date=2025-07-30/hour=18/prediction.parquet
[2025-07-31T20:03:13.071+0000] {drift_monitoring.py:59} WARNING - File not found: s3://crypto-mlops-bucket/targets/date=2025-07-30/hour=18/target.parquet
[2025-07-31T20:03:13.084+0000] {drift_monitoring.py:59} WARNING - File not found: s3://crypto-mlops-bucket/predictions/date=2025-07-30/hour=17/prediction.parquet
[2025-07-31T20:03:13.098+0000] {drift_monitoring.py:59} WARNING - File not found: s3://crypto-mlops-bucket/targets/date=2025-07-30/hour=17/target.parquet
[2025-07-31T20:03:13.111+0000] {drift_monitoring.py:59} WARNING - File not found: s3://crypto-mlops-bucket/predictions/date=2025-07-30/hour=16/prediction.parquet
[2025-07-31T20:03:13.126+0000] {drift_monitoring.py:59} WARNING - File not found: s3://crypto-mlops-bucket/targets/date=2025-07-30/hour=16/target.parquet
[2025-07-31T20:03:13.138+0000] {drift_monitoring.py:59} WARNING - File not found: s3://crypto-mlops-bucket/predictions/date=2025-07-30/hour=15/prediction.parquet
[2025-07-31T20:03:13.151+0000] {drift_monitoring.py:59} WARNING - File not found: s3://crypto-mlops-bucket/targets/date=2025-07-30/hour=15/target.parquet
[2025-07-31T20:03:13.165+0000] {drift_monitoring.py:59} WARNING - File not found: s3://crypto-mlops-bucket/predictions/date=2025-07-30/hour=14/prediction.parquet
[2025-07-31T20:03:13.181+0000] {drift_monitoring.py:59} WARNING - File not found: s3://crypto-mlops-bucket/targets/date=2025-07-30/hour=14/target.parquet
[2025-07-31T20:03:13.195+0000] {drift_monitoring.py:59} WARNING - File not found: s3://crypto-mlops-bucket/predictions/date=2025-07-30/hour=13/prediction.parquet
[2025-07-31T20:03:13.209+0000] {drift_monitoring.py:59} WARNING - File not found: s3://crypto-mlops-bucket/targets/date=2025-07-30/hour=13/target.parquet
[2025-07-31T20:03:13.224+0000] {drift_monitoring.py:59} WARNING - File not found: s3://crypto-mlops-bucket/predictions/date=2025-07-30/hour=12/prediction.parquet
[2025-07-31T20:03:13.241+0000] {drift_monitoring.py:59} WARNING - File not found: s3://crypto-mlops-bucket/targets/date=2025-07-30/hour=12/target.parquet
[2025-07-31T20:03:13.258+0000] {drift_monitoring.py:59} WARNING - File not found: s3://crypto-mlops-bucket/predictions/date=2025-07-30/hour=11/prediction.parquet
[2025-07-31T20:03:13.275+0000] {drift_monitoring.py:59} WARNING - File not found: s3://crypto-mlops-bucket/targets/date=2025-07-30/hour=11/target.parquet
[2025-07-31T20:03:13.291+0000] {drift_monitoring.py:59} WARNING - File not found: s3://crypto-mlops-bucket/predictions/date=2025-07-30/hour=10/prediction.parquet
[2025-07-31T20:03:13.305+0000] {drift_monitoring.py:59} WARNING - File not found: s3://crypto-mlops-bucket/targets/date=2025-07-30/hour=10/target.parquet
[2025-07-31T20:03:13.320+0000] {drift_monitoring.py:59} WARNING - File not found: s3://crypto-mlops-bucket/predictions/date=2025-07-30/hour=09/prediction.parquet
[2025-07-31T20:03:13.334+0000] {drift_monitoring.py:59} WARNING - File not found: s3://crypto-mlops-bucket/targets/date=2025-07-30/hour=09/target.parquet
[2025-07-31T20:03:13.348+0000] {drift_monitoring.py:59} WARNING - File not found: s3://crypto-mlops-bucket/predictions/date=2025-07-30/hour=08/prediction.parquet
[2025-07-31T20:03:13.362+0000] {drift_monitoring.py:59} WARNING - File not found: s3://crypto-mlops-bucket/targets/date=2025-07-30/hour=08/target.parquet
[2025-07-31T20:03:13.377+0000] {drift_monitoring.py:59} WARNING - File not found: s3://crypto-mlops-bucket/predictions/date=2025-07-30/hour=07/prediction.parquet
[2025-07-31T20:03:13.390+0000] {drift_monitoring.py:59} WARNING - File not found: s3://crypto-mlops-bucket/targets/date=2025-07-30/hour=07/target.parquet
[2025-07-31T20:03:13.403+0000] {drift_monitoring.py:59} WARNING - File not found: s3://crypto-mlops-bucket/predictions/date=2025-07-30/hour=06/prediction.parquet
[2025-07-31T20:03:13.417+0000] {drift_monitoring.py:59} WARNING - File not found: s3://crypto-mlops-bucket/targets/date=2025-07-30/hour=06/target.parquet
[2025-07-31T20:03:13.431+0000] {drift_monitoring.py:59} WARNING - File not found: s3://crypto-mlops-bucket/predictions/date=2025-07-30/hour=05/prediction.parquet
[2025-07-31T20:03:13.444+0000] {drift_monitoring.py:59} WARNING - File not found: s3://crypto-mlops-bucket/targets/date=2025-07-30/hour=05/target.parquet
[2025-07-31T20:03:13.458+0000] {drift_monitoring.py:59} WARNING - File not found: s3://crypto-mlops-bucket/predictions/date=2025-07-30/hour=04/prediction.parquet
[2025-07-31T20:03:13.472+0000] {drift_monitoring.py:59} WARNING - File not found: s3://crypto-mlops-bucket/targets/date=2025-07-30/hour=04/target.parquet
[2025-07-31T20:03:13.486+0000] {drift_monitoring.py:59} WARNING - File not found: s3://crypto-mlops-bucket/predictions/date=2025-07-30/hour=03/prediction.parquet
[2025-07-31T20:03:13.500+0000] {drift_monitoring.py:59} WARNING - File not found: s3://crypto-mlops-bucket/targets/date=2025-07-30/hour=03/target.parquet
[2025-07-31T20:03:13.514+0000] {drift_monitoring.py:59} WARNING - File not found: s3://crypto-mlops-bucket/predictions/date=2025-07-30/hour=02/prediction.parquet
[2025-07-31T20:03:13.535+0000] {drift_monitoring.py:59} WARNING - File not found: s3://crypto-mlops-bucket/targets/date=2025-07-30/hour=02/target.parquet
[2025-07-31T20:03:13.588+0000] {drift_monitoring.py:59} WARNING - File not found: s3://crypto-mlops-bucket/predictions/date=2025-07-30/hour=01/prediction.parquet
[2025-07-31T20:03:13.614+0000] {drift_monitoring.py:59} WARNING - File not found: s3://crypto-mlops-bucket/targets/date=2025-07-30/hour=01/target.parquet
[2025-07-31T20:03:13.633+0000] {drift_monitoring.py:59} WARNING - File not found: s3://crypto-mlops-bucket/predictions/date=2025-07-30/hour=00/prediction.parquet
[2025-07-31T20:03:13.650+0000] {drift_monitoring.py:59} WARNING - File not found: s3://crypto-mlops-bucket/targets/date=2025-07-30/hour=00/target.parquet
[2025-07-31T20:03:13.665+0000] {drift_monitoring.py:59} WARNING - File not found: s3://crypto-mlops-bucket/predictions/date=2025-07-29/hour=23/prediction.parquet
[2025-07-31T20:03:13.680+0000] {drift_monitoring.py:59} WARNING - File not found: s3://crypto-mlops-bucket/targets/date=2025-07-29/hour=23/target.parquet
[2025-07-31T20:03:13.695+0000] {drift_monitoring.py:59} WARNING - File not found: s3://crypto-mlops-bucket/predictions/date=2025-07-29/hour=22/prediction.parquet
[2025-07-31T20:03:13.712+0000] {drift_monitoring.py:59} WARNING - File not found: s3://crypto-mlops-bucket/targets/date=2025-07-29/hour=22/target.parquet
[2025-07-31T20:03:13.728+0000] {drift_monitoring.py:59} WARNING - File not found: s3://crypto-mlops-bucket/predictions/date=2025-07-29/hour=21/prediction.parquet
[2025-07-31T20:03:13.742+0000] {drift_monitoring.py:59} WARNING - File not found: s3://crypto-mlops-bucket/targets/date=2025-07-29/hour=21/target.parquet
[2025-07-31T20:03:13.758+0000] {drift_monitoring.py:59} WARNING - File not found: s3://crypto-mlops-bucket/predictions/date=2025-07-29/hour=20/prediction.parquet
[2025-07-31T20:03:13.770+0000] {drift_monitoring.py:59} WARNING - File not found: s3://crypto-mlops-bucket/targets/date=2025-07-29/hour=20/target.parquet
[2025-07-31T20:03:13.785+0000] {drift_monitoring.py:59} WARNING - File not found: s3://crypto-mlops-bucket/predictions/date=2025-07-29/hour=19/prediction.parquet
[2025-07-31T20:03:13.800+0000] {drift_monitoring.py:59} WARNING - File not found: s3://crypto-mlops-bucket/targets/date=2025-07-29/hour=19/target.parquet
[2025-07-31T20:03:13.816+0000] {drift_monitoring.py:59} WARNING - File not found: s3://crypto-mlops-bucket/predictions/date=2025-07-29/hour=18/prediction.parquet
[2025-07-31T20:03:13.830+0000] {drift_monitoring.py:59} WARNING - File not found: s3://crypto-mlops-bucket/targets/date=2025-07-29/hour=18/target.parquet
[2025-07-31T20:03:13.845+0000] {drift_monitoring.py:59} WARNING - File not found: s3://crypto-mlops-bucket/predictions/date=2025-07-29/hour=17/prediction.parquet
[2025-07-31T20:03:13.861+0000] {drift_monitoring.py:59} WARNING - File not found: s3://crypto-mlops-bucket/targets/date=2025-07-29/hour=17/target.parquet
[2025-07-31T20:03:13.875+0000] {drift_monitoring.py:59} WARNING - File not found: s3://crypto-mlops-bucket/predictions/date=2025-07-29/hour=16/prediction.parquet
[2025-07-31T20:03:13.890+0000] {drift_monitoring.py:59} WARNING - File not found: s3://crypto-mlops-bucket/targets/date=2025-07-29/hour=16/target.parquet
[2025-07-31T20:03:13.904+0000] {drift_monitoring.py:59} WARNING - File not found: s3://crypto-mlops-bucket/predictions/date=2025-07-29/hour=15/prediction.parquet
[2025-07-31T20:03:13.919+0000] {drift_monitoring.py:59} WARNING - File not found: s3://crypto-mlops-bucket/targets/date=2025-07-29/hour=15/target.parquet
[2025-07-31T20:03:13.935+0000] {drift_monitoring.py:59} WARNING - File not found: s3://crypto-mlops-bucket/predictions/date=2025-07-29/hour=14/prediction.parquet
[2025-07-31T20:03:13.948+0000] {drift_monitoring.py:59} WARNING - File not found: s3://crypto-mlops-bucket/targets/date=2025-07-29/hour=14/target.parquet
[2025-07-31T20:03:13.963+0000] {drift_monitoring.py:59} WARNING - File not found: s3://crypto-mlops-bucket/predictions/date=2025-07-29/hour=13/prediction.parquet
[2025-07-31T20:03:13.977+0000] {drift_monitoring.py:59} WARNING - File not found: s3://crypto-mlops-bucket/targets/date=2025-07-29/hour=13/target.parquet
[2025-07-31T20:03:13.990+0000] {drift_monitoring.py:59} WARNING - File not found: s3://crypto-mlops-bucket/predictions/date=2025-07-29/hour=12/prediction.parquet
[2025-07-31T20:03:14.003+0000] {drift_monitoring.py:59} WARNING - File not found: s3://crypto-mlops-bucket/targets/date=2025-07-29/hour=12/target.parquet
[2025-07-31T20:03:14.015+0000] {drift_monitoring.py:59} WARNING - File not found: s3://crypto-mlops-bucket/predictions/date=2025-07-29/hour=11/prediction.parquet
[2025-07-31T20:03:14.034+0000] {drift_monitoring.py:59} WARNING - File not found: s3://crypto-mlops-bucket/targets/date=2025-07-29/hour=11/target.parquet
[2025-07-31T20:03:14.050+0000] {drift_monitoring.py:59} WARNING - File not found: s3://crypto-mlops-bucket/predictions/date=2025-07-29/hour=10/prediction.parquet
[2025-07-31T20:03:14.067+0000] {drift_monitoring.py:59} WARNING - File not found: s3://crypto-mlops-bucket/targets/date=2025-07-29/hour=10/target.parquet
[2025-07-31T20:03:14.083+0000] {drift_monitoring.py:59} WARNING - File not found: s3://crypto-mlops-bucket/predictions/date=2025-07-29/hour=09/prediction.parquet
[2025-07-31T20:03:14.099+0000] {drift_monitoring.py:59} WARNING - File not found: s3://crypto-mlops-bucket/targets/date=2025-07-29/hour=09/target.parquet
[2025-07-31T20:03:14.116+0000] {drift_monitoring.py:59} WARNING - File not found: s3://crypto-mlops-bucket/predictions/date=2025-07-29/hour=08/prediction.parquet
[2025-07-31T20:03:14.133+0000] {drift_monitoring.py:59} WARNING - File not found: s3://crypto-mlops-bucket/targets/date=2025-07-29/hour=08/target.parquet
[2025-07-31T20:03:14.149+0000] {drift_monitoring.py:59} WARNING - File not found: s3://crypto-mlops-bucket/predictions/date=2025-07-29/hour=07/prediction.parquet
[2025-07-31T20:03:14.167+0000] {drift_monitoring.py:59} WARNING - File not found: s3://crypto-mlops-bucket/targets/date=2025-07-29/hour=07/target.parquet
[2025-07-31T20:03:14.182+0000] {drift_monitoring.py:59} WARNING - File not found: s3://crypto-mlops-bucket/predictions/date=2025-07-29/hour=06/prediction.parquet
[2025-07-31T20:03:14.197+0000] {drift_monitoring.py:59} WARNING - File not found: s3://crypto-mlops-bucket/targets/date=2025-07-29/hour=06/target.parquet
[2025-07-31T20:03:14.213+0000] {drift_monitoring.py:59} WARNING - File not found: s3://crypto-mlops-bucket/predictions/date=2025-07-29/hour=05/prediction.parquet
[2025-07-31T20:03:14.227+0000] {drift_monitoring.py:59} WARNING - File not found: s3://crypto-mlops-bucket/targets/date=2025-07-29/hour=05/target.parquet
[2025-07-31T20:03:14.242+0000] {drift_monitoring.py:59} WARNING - File not found: s3://crypto-mlops-bucket/predictions/date=2025-07-29/hour=04/prediction.parquet
[2025-07-31T20:03:14.255+0000] {drift_monitoring.py:59} WARNING - File not found: s3://crypto-mlops-bucket/targets/date=2025-07-29/hour=04/target.parquet
[2025-07-31T20:03:14.269+0000] {drift_monitoring.py:59} WARNING - File not found: s3://crypto-mlops-bucket/predictions/date=2025-07-29/hour=03/prediction.parquet
[2025-07-31T20:03:14.282+0000] {drift_monitoring.py:59} WARNING - File not found: s3://crypto-mlops-bucket/targets/date=2025-07-29/hour=03/target.parquet
[2025-07-31T20:03:14.295+0000] {drift_monitoring.py:59} WARNING - File not found: s3://crypto-mlops-bucket/predictions/date=2025-07-29/hour=02/prediction.parquet
[2025-07-31T20:03:14.308+0000] {drift_monitoring.py:59} WARNING - File not found: s3://crypto-mlops-bucket/targets/date=2025-07-29/hour=02/target.parquet
[2025-07-31T20:03:14.322+0000] {drift_monitoring.py:59} WARNING - File not found: s3://crypto-mlops-bucket/predictions/date=2025-07-29/hour=01/prediction.parquet
[2025-07-31T20:03:14.342+0000] {drift_monitoring.py:59} WARNING - File not found: s3://crypto-mlops-bucket/targets/date=2025-07-29/hour=01/target.parquet
[2025-07-31T20:03:14.356+0000] {drift_monitoring.py:59} WARNING - File not found: s3://crypto-mlops-bucket/predictions/date=2025-07-29/hour=00/prediction.parquet
[2025-07-31T20:03:14.370+0000] {drift_monitoring.py:59} WARNING - File not found: s3://crypto-mlops-bucket/targets/date=2025-07-29/hour=00/target.parquet
[2025-07-31T20:03:14.384+0000] {drift_monitoring.py:59} WARNING - File not found: s3://crypto-mlops-bucket/predictions/date=2025-07-28/hour=23/prediction.parquet
[2025-07-31T20:03:14.399+0000] {drift_monitoring.py:59} WARNING - File not found: s3://crypto-mlops-bucket/targets/date=2025-07-28/hour=23/target.parquet
[2025-07-31T20:03:14.412+0000] {drift_monitoring.py:59} WARNING - File not found: s3://crypto-mlops-bucket/predictions/date=2025-07-28/hour=22/prediction.parquet
[2025-07-31T20:03:14.425+0000] {drift_monitoring.py:59} WARNING - File not found: s3://crypto-mlops-bucket/targets/date=2025-07-28/hour=22/target.parquet
[2025-07-31T20:03:14.439+0000] {drift_monitoring.py:59} WARNING - File not found: s3://crypto-mlops-bucket/predictions/date=2025-07-28/hour=21/prediction.parquet
[2025-07-31T20:03:14.454+0000] {drift_monitoring.py:59} WARNING - File not found: s3://crypto-mlops-bucket/targets/date=2025-07-28/hour=21/target.parquet
[2025-07-31T20:03:14.468+0000] {drift_monitoring.py:59} WARNING - File not found: s3://crypto-mlops-bucket/predictions/date=2025-07-28/hour=20/prediction.parquet
[2025-07-31T20:03:14.482+0000] {drift_monitoring.py:59} WARNING - File not found: s3://crypto-mlops-bucket/targets/date=2025-07-28/hour=20/target.parquet
[2025-07-31T20:03:14.494+0000] {drift_monitoring.py:59} WARNING - File not found: s3://crypto-mlops-bucket/predictions/date=2025-07-28/hour=19/prediction.parquet
[2025-07-31T20:03:14.508+0000] {drift_monitoring.py:59} WARNING - File not found: s3://crypto-mlops-bucket/targets/date=2025-07-28/hour=19/target.parquet
[2025-07-31T20:03:14.522+0000] {drift_monitoring.py:59} WARNING - File not found: s3://crypto-mlops-bucket/predictions/date=2025-07-28/hour=18/prediction.parquet
[2025-07-31T20:03:14.536+0000] {drift_monitoring.py:59} WARNING - File not found: s3://crypto-mlops-bucket/targets/date=2025-07-28/hour=18/target.parquet
[2025-07-31T20:03:14.551+0000] {drift_monitoring.py:59} WARNING - File not found: s3://crypto-mlops-bucket/predictions/date=2025-07-28/hour=17/prediction.parquet
[2025-07-31T20:03:14.567+0000] {drift_monitoring.py:59} WARNING - File not found: s3://crypto-mlops-bucket/targets/date=2025-07-28/hour=17/target.parquet
[2025-07-31T20:03:14.581+0000] {drift_monitoring.py:59} WARNING - File not found: s3://crypto-mlops-bucket/predictions/date=2025-07-28/hour=16/prediction.parquet
[2025-07-31T20:03:14.597+0000] {drift_monitoring.py:59} WARNING - File not found: s3://crypto-mlops-bucket/targets/date=2025-07-28/hour=16/target.parquet
[2025-07-31T20:03:14.615+0000] {drift_monitoring.py:59} WARNING - File not found: s3://crypto-mlops-bucket/predictions/date=2025-07-28/hour=15/prediction.parquet
[2025-07-31T20:03:14.632+0000] {drift_monitoring.py:59} WARNING - File not found: s3://crypto-mlops-bucket/targets/date=2025-07-28/hour=15/target.parquet
[2025-07-31T20:03:14.647+0000] {drift_monitoring.py:59} WARNING - File not found: s3://crypto-mlops-bucket/predictions/date=2025-07-28/hour=14/prediction.parquet
[2025-07-31T20:03:14.664+0000] {drift_monitoring.py:59} WARNING - File not found: s3://crypto-mlops-bucket/targets/date=2025-07-28/hour=14/target.parquet
[2025-07-31T20:03:14.679+0000] {drift_monitoring.py:59} WARNING - File not found: s3://crypto-mlops-bucket/predictions/date=2025-07-28/hour=13/prediction.parquet
[2025-07-31T20:03:14.702+0000] {drift_monitoring.py:59} WARNING - File not found: s3://crypto-mlops-bucket/targets/date=2025-07-28/hour=13/target.parquet
[2025-07-31T20:03:14.720+0000] {drift_monitoring.py:59} WARNING - File not found: s3://crypto-mlops-bucket/predictions/date=2025-07-28/hour=12/prediction.parquet
[2025-07-31T20:03:14.744+0000] {drift_monitoring.py:59} WARNING - File not found: s3://crypto-mlops-bucket/targets/date=2025-07-28/hour=12/target.parquet
[2025-07-31T20:03:14.774+0000] {drift_monitoring.py:59} WARNING - File not found: s3://crypto-mlops-bucket/predictions/date=2025-07-28/hour=11/prediction.parquet
[2025-07-31T20:03:14.799+0000] {drift_monitoring.py:59} WARNING - File not found: s3://crypto-mlops-bucket/targets/date=2025-07-28/hour=11/target.parquet
[2025-07-31T20:03:14.820+0000] {drift_monitoring.py:59} WARNING - File not found: s3://crypto-mlops-bucket/predictions/date=2025-07-28/hour=10/prediction.parquet
[2025-07-31T20:03:14.837+0000] {drift_monitoring.py:59} WARNING - File not found: s3://crypto-mlops-bucket/targets/date=2025-07-28/hour=10/target.parquet
[2025-07-31T20:03:14.853+0000] {drift_monitoring.py:59} WARNING - File not found: s3://crypto-mlops-bucket/predictions/date=2025-07-28/hour=09/prediction.parquet
[2025-07-31T20:03:14.871+0000] {drift_monitoring.py:59} WARNING - File not found: s3://crypto-mlops-bucket/targets/date=2025-07-28/hour=09/target.parquet
[2025-07-31T20:03:14.888+0000] {drift_monitoring.py:59} WARNING - File not found: s3://crypto-mlops-bucket/predictions/date=2025-07-28/hour=08/prediction.parquet
[2025-07-31T20:03:14.902+0000] {drift_monitoring.py:59} WARNING - File not found: s3://crypto-mlops-bucket/targets/date=2025-07-28/hour=08/target.parquet
[2025-07-31T20:03:14.919+0000] {drift_monitoring.py:59} WARNING - File not found: s3://crypto-mlops-bucket/predictions/date=2025-07-28/hour=07/prediction.parquet
[2025-07-31T20:03:14.934+0000] {drift_monitoring.py:59} WARNING - File not found: s3://crypto-mlops-bucket/targets/date=2025-07-28/hour=07/target.parquet
[2025-07-31T20:03:14.948+0000] {drift_monitoring.py:59} WARNING - File not found: s3://crypto-mlops-bucket/predictions/date=2025-07-28/hour=06/prediction.parquet
[2025-07-31T20:03:14.963+0000] {drift_monitoring.py:59} WARNING - File not found: s3://crypto-mlops-bucket/targets/date=2025-07-28/hour=06/target.parquet
[2025-07-31T20:03:14.977+0000] {drift_monitoring.py:59} WARNING - File not found: s3://crypto-mlops-bucket/predictions/date=2025-07-28/hour=05/prediction.parquet
[2025-07-31T20:03:14.993+0000] {drift_monitoring.py:59} WARNING - File not found: s3://crypto-mlops-bucket/targets/date=2025-07-28/hour=05/target.parquet
[2025-07-31T20:03:15.007+0000] {drift_monitoring.py:59} WARNING - File not found: s3://crypto-mlops-bucket/predictions/date=2025-07-28/hour=04/prediction.parquet
[2025-07-31T20:03:15.028+0000] {drift_monitoring.py:59} WARNING - File not found: s3://crypto-mlops-bucket/targets/date=2025-07-28/hour=04/target.parquet
[2025-07-31T20:03:15.045+0000] {drift_monitoring.py:59} WARNING - File not found: s3://crypto-mlops-bucket/predictions/date=2025-07-28/hour=03/prediction.parquet
[2025-07-31T20:03:15.060+0000] {drift_monitoring.py:59} WARNING - File not found: s3://crypto-mlops-bucket/targets/date=2025-07-28/hour=03/target.parquet
[2025-07-31T20:03:15.074+0000] {drift_monitoring.py:59} WARNING - File not found: s3://crypto-mlops-bucket/predictions/date=2025-07-28/hour=02/prediction.parquet
[2025-07-31T20:03:15.089+0000] {drift_monitoring.py:59} WARNING - File not found: s3://crypto-mlops-bucket/targets/date=2025-07-28/hour=02/target.parquet
[2025-07-31T20:03:15.104+0000] {drift_monitoring.py:59} WARNING - File not found: s3://crypto-mlops-bucket/predictions/date=2025-07-28/hour=01/prediction.parquet
[2025-07-31T20:03:15.127+0000] {drift_monitoring.py:59} WARNING - File not found: s3://crypto-mlops-bucket/targets/date=2025-07-28/hour=01/target.parquet
[2025-07-31T20:03:15.149+0000] {drift_monitoring.py:59} WARNING - File not found: s3://crypto-mlops-bucket/predictions/date=2025-07-28/hour=00/prediction.parquet
[2025-07-31T20:03:15.170+0000] {drift_monitoring.py:59} WARNING - File not found: s3://crypto-mlops-bucket/targets/date=2025-07-28/hour=00/target.parquet
[2025-07-31T20:03:15.190+0000] {drift_monitoring.py:59} WARNING - File not found: s3://crypto-mlops-bucket/predictions/date=2025-07-27/hour=23/prediction.parquet
[2025-07-31T20:03:15.212+0000] {drift_monitoring.py:59} WARNING - File not found: s3://crypto-mlops-bucket/targets/date=2025-07-27/hour=23/target.parquet
[2025-07-31T20:03:15.232+0000] {drift_monitoring.py:59} WARNING - File not found: s3://crypto-mlops-bucket/predictions/date=2025-07-27/hour=22/prediction.parquet
[2025-07-31T20:03:15.252+0000] {drift_monitoring.py:59} WARNING - File not found: s3://crypto-mlops-bucket/targets/date=2025-07-27/hour=22/target.parquet
[2025-07-31T20:03:15.267+0000] {drift_monitoring.py:59} WARNING - File not found: s3://crypto-mlops-bucket/predictions/date=2025-07-27/hour=21/prediction.parquet
[2025-07-31T20:03:15.291+0000] {drift_monitoring.py:59} WARNING - File not found: s3://crypto-mlops-bucket/targets/date=2025-07-27/hour=21/target.parquet
[2025-07-31T20:03:15.310+0000] {drift_monitoring.py:59} WARNING - File not found: s3://crypto-mlops-bucket/predictions/date=2025-07-27/hour=20/prediction.parquet
[2025-07-31T20:03:15.328+0000] {drift_monitoring.py:59} WARNING - File not found: s3://crypto-mlops-bucket/targets/date=2025-07-27/hour=20/target.parquet
[2025-07-31T20:03:15.350+0000] {drift_monitoring.py:59} WARNING - File not found: s3://crypto-mlops-bucket/predictions/date=2025-07-27/hour=19/prediction.parquet
[2025-07-31T20:03:15.372+0000] {drift_monitoring.py:59} WARNING - File not found: s3://crypto-mlops-bucket/targets/date=2025-07-27/hour=19/target.parquet
[2025-07-31T20:03:15.390+0000] {drift_monitoring.py:59} WARNING - File not found: s3://crypto-mlops-bucket/predictions/date=2025-07-27/hour=18/prediction.parquet
[2025-07-31T20:03:15.412+0000] {drift_monitoring.py:59} WARNING - File not found: s3://crypto-mlops-bucket/targets/date=2025-07-27/hour=18/target.parquet
[2025-07-31T20:03:15.432+0000] {drift_monitoring.py:59} WARNING - File not found: s3://crypto-mlops-bucket/predictions/date=2025-07-27/hour=17/prediction.parquet
[2025-07-31T20:03:15.452+0000] {drift_monitoring.py:59} WARNING - File not found: s3://crypto-mlops-bucket/targets/date=2025-07-27/hour=17/target.parquet
[2025-07-31T20:03:15.474+0000] {drift_monitoring.py:59} WARNING - File not found: s3://crypto-mlops-bucket/predictions/date=2025-07-27/hour=16/prediction.parquet
[2025-07-31T20:03:15.496+0000] {drift_monitoring.py:59} WARNING - File not found: s3://crypto-mlops-bucket/targets/date=2025-07-27/hour=16/target.parquet
[2025-07-31T20:03:15.522+0000] {drift_monitoring.py:59} WARNING - File not found: s3://crypto-mlops-bucket/predictions/date=2025-07-27/hour=15/prediction.parquet
[2025-07-31T20:03:15.547+0000] {drift_monitoring.py:59} WARNING - File not found: s3://crypto-mlops-bucket/targets/date=2025-07-27/hour=15/target.parquet
[2025-07-31T20:03:15.568+0000] {drift_monitoring.py:59} WARNING - File not found: s3://crypto-mlops-bucket/predictions/date=2025-07-27/hour=14/prediction.parquet
[2025-07-31T20:03:15.594+0000] {drift_monitoring.py:59} WARNING - File not found: s3://crypto-mlops-bucket/targets/date=2025-07-27/hour=14/target.parquet
[2025-07-31T20:03:15.620+0000] {drift_monitoring.py:59} WARNING - File not found: s3://crypto-mlops-bucket/predictions/date=2025-07-27/hour=13/prediction.parquet
[2025-07-31T20:03:15.644+0000] {drift_monitoring.py:59} WARNING - File not found: s3://crypto-mlops-bucket/targets/date=2025-07-27/hour=13/target.parquet
[2025-07-31T20:03:15.677+0000] {drift_monitoring.py:59} WARNING - File not found: s3://crypto-mlops-bucket/predictions/date=2025-07-27/hour=12/prediction.parquet
[2025-07-31T20:03:15.695+0000] {drift_monitoring.py:59} WARNING - File not found: s3://crypto-mlops-bucket/targets/date=2025-07-27/hour=12/target.parquet
[2025-07-31T20:03:15.712+0000] {drift_monitoring.py:59} WARNING - File not found: s3://crypto-mlops-bucket/predictions/date=2025-07-27/hour=11/prediction.parquet
[2025-07-31T20:03:15.728+0000] {drift_monitoring.py:59} WARNING - File not found: s3://crypto-mlops-bucket/targets/date=2025-07-27/hour=11/target.parquet
[2025-07-31T20:03:15.746+0000] {drift_monitoring.py:59} WARNING - File not found: s3://crypto-mlops-bucket/predictions/date=2025-07-27/hour=10/prediction.parquet
[2025-07-31T20:03:15.768+0000] {drift_monitoring.py:59} WARNING - File not found: s3://crypto-mlops-bucket/targets/date=2025-07-27/hour=10/target.parquet
[2025-07-31T20:03:15.796+0000] {drift_monitoring.py:59} WARNING - File not found: s3://crypto-mlops-bucket/predictions/date=2025-07-27/hour=09/prediction.parquet
[2025-07-31T20:03:15.825+0000] {drift_monitoring.py:59} WARNING - File not found: s3://crypto-mlops-bucket/targets/date=2025-07-27/hour=09/target.parquet
[2025-07-31T20:03:15.851+0000] {drift_monitoring.py:59} WARNING - File not found: s3://crypto-mlops-bucket/predictions/date=2025-07-27/hour=08/prediction.parquet
[2025-07-31T20:03:15.871+0000] {drift_monitoring.py:59} WARNING - File not found: s3://crypto-mlops-bucket/targets/date=2025-07-27/hour=08/target.parquet
[2025-07-31T20:03:15.891+0000] {drift_monitoring.py:59} WARNING - File not found: s3://crypto-mlops-bucket/predictions/date=2025-07-27/hour=07/prediction.parquet
[2025-07-31T20:03:15.916+0000] {drift_monitoring.py:59} WARNING - File not found: s3://crypto-mlops-bucket/targets/date=2025-07-27/hour=07/target.parquet
[2025-07-31T20:03:15.940+0000] {drift_monitoring.py:59} WARNING - File not found: s3://crypto-mlops-bucket/predictions/date=2025-07-27/hour=06/prediction.parquet
[2025-07-31T20:03:15.965+0000] {drift_monitoring.py:59} WARNING - File not found: s3://crypto-mlops-bucket/targets/date=2025-07-27/hour=06/target.parquet
[2025-07-31T20:03:15.988+0000] {drift_monitoring.py:59} WARNING - File not found: s3://crypto-mlops-bucket/predictions/date=2025-07-27/hour=05/prediction.parquet
[2025-07-31T20:03:16.007+0000] {drift_monitoring.py:59} WARNING - File not found: s3://crypto-mlops-bucket/targets/date=2025-07-27/hour=05/target.parquet
[2025-07-31T20:03:16.023+0000] {drift_monitoring.py:59} WARNING - File not found: s3://crypto-mlops-bucket/predictions/date=2025-07-27/hour=04/prediction.parquet
[2025-07-31T20:03:16.040+0000] {drift_monitoring.py:59} WARNING - File not found: s3://crypto-mlops-bucket/targets/date=2025-07-27/hour=04/target.parquet
[2025-07-31T20:03:16.055+0000] {drift_monitoring.py:59} WARNING - File not found: s3://crypto-mlops-bucket/predictions/date=2025-07-27/hour=03/prediction.parquet
[2025-07-31T20:03:16.073+0000] {drift_monitoring.py:59} WARNING - File not found: s3://crypto-mlops-bucket/targets/date=2025-07-27/hour=03/target.parquet
[2025-07-31T20:03:16.087+0000] {drift_monitoring.py:59} WARNING - File not found: s3://crypto-mlops-bucket/predictions/date=2025-07-27/hour=02/prediction.parquet
[2025-07-31T20:03:16.102+0000] {drift_monitoring.py:59} WARNING - File not found: s3://crypto-mlops-bucket/targets/date=2025-07-27/hour=02/target.parquet
[2025-07-31T20:03:16.118+0000] {drift_monitoring.py:59} WARNING - File not found: s3://crypto-mlops-bucket/predictions/date=2025-07-27/hour=01/prediction.parquet
[2025-07-31T20:03:16.137+0000] {drift_monitoring.py:59} WARNING - File not found: s3://crypto-mlops-bucket/targets/date=2025-07-27/hour=01/target.parquet
[2025-07-31T20:03:16.152+0000] {drift_monitoring.py:59} WARNING - File not found: s3://crypto-mlops-bucket/predictions/date=2025-07-27/hour=00/prediction.parquet
[2025-07-31T20:03:16.168+0000] {drift_monitoring.py:59} WARNING - File not found: s3://crypto-mlops-bucket/targets/date=2025-07-27/hour=00/target.parquet
[2025-07-31T20:03:16.185+0000] {drift_monitoring.py:59} WARNING - File not found: s3://crypto-mlops-bucket/predictions/date=2025-07-26/hour=23/prediction.parquet
[2025-07-31T20:03:16.202+0000] {drift_monitoring.py:59} WARNING - File not found: s3://crypto-mlops-bucket/targets/date=2025-07-26/hour=23/target.parquet
[2025-07-31T20:03:16.217+0000] {drift_monitoring.py:59} WARNING - File not found: s3://crypto-mlops-bucket/predictions/date=2025-07-26/hour=22/prediction.parquet
[2025-07-31T20:03:16.231+0000] {drift_monitoring.py:59} WARNING - File not found: s3://crypto-mlops-bucket/targets/date=2025-07-26/hour=22/target.parquet
[2025-07-31T20:03:16.248+0000] {drift_monitoring.py:59} WARNING - File not found: s3://crypto-mlops-bucket/predictions/date=2025-07-26/hour=21/prediction.parquet
[2025-07-31T20:03:16.262+0000] {drift_monitoring.py:59} WARNING - File not found: s3://crypto-mlops-bucket/targets/date=2025-07-26/hour=21/target.parquet
[2025-07-31T20:03:16.277+0000] {drift_monitoring.py:59} WARNING - File not found: s3://crypto-mlops-bucket/predictions/date=2025-07-26/hour=20/prediction.parquet
[2025-07-31T20:03:16.291+0000] {drift_monitoring.py:59} WARNING - File not found: s3://crypto-mlops-bucket/targets/date=2025-07-26/hour=20/target.parquet
[2025-07-31T20:03:16.309+0000] {drift_monitoring.py:59} WARNING - File not found: s3://crypto-mlops-bucket/predictions/date=2025-07-26/hour=19/prediction.parquet
[2025-07-31T20:03:16.326+0000] {drift_monitoring.py:59} WARNING - File not found: s3://crypto-mlops-bucket/targets/date=2025-07-26/hour=19/target.parquet
[2025-07-31T20:03:16.343+0000] {drift_monitoring.py:59} WARNING - File not found: s3://crypto-mlops-bucket/predictions/date=2025-07-26/hour=18/prediction.parquet
[2025-07-31T20:03:16.362+0000] {drift_monitoring.py:59} WARNING - File not found: s3://crypto-mlops-bucket/targets/date=2025-07-26/hour=18/target.parquet
[2025-07-31T20:03:16.382+0000] {drift_monitoring.py:59} WARNING - File not found: s3://crypto-mlops-bucket/predictions/date=2025-07-26/hour=17/prediction.parquet
[2025-07-31T20:03:16.401+0000] {drift_monitoring.py:59} WARNING - File not found: s3://crypto-mlops-bucket/targets/date=2025-07-26/hour=17/target.parquet
[2025-07-31T20:03:16.417+0000] {drift_monitoring.py:59} WARNING - File not found: s3://crypto-mlops-bucket/predictions/date=2025-07-26/hour=16/prediction.parquet
[2025-07-31T20:03:16.434+0000] {drift_monitoring.py:59} WARNING - File not found: s3://crypto-mlops-bucket/targets/date=2025-07-26/hour=16/target.parquet
[2025-07-31T20:03:16.451+0000] {drift_monitoring.py:59} WARNING - File not found: s3://crypto-mlops-bucket/predictions/date=2025-07-26/hour=15/prediction.parquet
[2025-07-31T20:03:16.467+0000] {drift_monitoring.py:59} WARNING - File not found: s3://crypto-mlops-bucket/targets/date=2025-07-26/hour=15/target.parquet
[2025-07-31T20:03:16.482+0000] {drift_monitoring.py:59} WARNING - File not found: s3://crypto-mlops-bucket/predictions/date=2025-07-26/hour=14/prediction.parquet
[2025-07-31T20:03:16.499+0000] {drift_monitoring.py:59} WARNING - File not found: s3://crypto-mlops-bucket/targets/date=2025-07-26/hour=14/target.parquet
[2025-07-31T20:03:16.515+0000] {drift_monitoring.py:59} WARNING - File not found: s3://crypto-mlops-bucket/predictions/date=2025-07-26/hour=13/prediction.parquet
[2025-07-31T20:03:16.536+0000] {drift_monitoring.py:59} WARNING - File not found: s3://crypto-mlops-bucket/targets/date=2025-07-26/hour=13/target.parquet
[2025-07-31T20:03:16.551+0000] {drift_monitoring.py:59} WARNING - File not found: s3://crypto-mlops-bucket/predictions/date=2025-07-26/hour=12/prediction.parquet
[2025-07-31T20:03:16.570+0000] {drift_monitoring.py:59} WARNING - File not found: s3://crypto-mlops-bucket/targets/date=2025-07-26/hour=12/target.parquet
[2025-07-31T20:03:16.586+0000] {drift_monitoring.py:59} WARNING - File not found: s3://crypto-mlops-bucket/predictions/date=2025-07-26/hour=11/prediction.parquet
[2025-07-31T20:03:16.602+0000] {drift_monitoring.py:59} WARNING - File not found: s3://crypto-mlops-bucket/targets/date=2025-07-26/hour=11/target.parquet
[2025-07-31T20:03:16.617+0000] {drift_monitoring.py:59} WARNING - File not found: s3://crypto-mlops-bucket/predictions/date=2025-07-26/hour=10/prediction.parquet
[2025-07-31T20:03:16.634+0000] {drift_monitoring.py:59} WARNING - File not found: s3://crypto-mlops-bucket/targets/date=2025-07-26/hour=10/target.parquet
[2025-07-31T20:03:16.650+0000] {drift_monitoring.py:59} WARNING - File not found: s3://crypto-mlops-bucket/predictions/date=2025-07-26/hour=09/prediction.parquet
[2025-07-31T20:03:16.666+0000] {drift_monitoring.py:59} WARNING - File not found: s3://crypto-mlops-bucket/targets/date=2025-07-26/hour=09/target.parquet
[2025-07-31T20:03:16.683+0000] {drift_monitoring.py:59} WARNING - File not found: s3://crypto-mlops-bucket/predictions/date=2025-07-26/hour=08/prediction.parquet
[2025-07-31T20:03:16.700+0000] {drift_monitoring.py:59} WARNING - File not found: s3://crypto-mlops-bucket/targets/date=2025-07-26/hour=08/target.parquet
[2025-07-31T20:03:16.716+0000] {drift_monitoring.py:59} WARNING - File not found: s3://crypto-mlops-bucket/predictions/date=2025-07-26/hour=07/prediction.parquet
[2025-07-31T20:03:16.732+0000] {drift_monitoring.py:59} WARNING - File not found: s3://crypto-mlops-bucket/targets/date=2025-07-26/hour=07/target.parquet
[2025-07-31T20:03:16.749+0000] {drift_monitoring.py:59} WARNING - File not found: s3://crypto-mlops-bucket/predictions/date=2025-07-26/hour=06/prediction.parquet
[2025-07-31T20:03:16.765+0000] {drift_monitoring.py:59} WARNING - File not found: s3://crypto-mlops-bucket/targets/date=2025-07-26/hour=06/target.parquet
[2025-07-31T20:03:16.781+0000] {drift_monitoring.py:59} WARNING - File not found: s3://crypto-mlops-bucket/predictions/date=2025-07-26/hour=05/prediction.parquet
[2025-07-31T20:03:16.799+0000] {drift_monitoring.py:59} WARNING - File not found: s3://crypto-mlops-bucket/targets/date=2025-07-26/hour=05/target.parquet
[2025-07-31T20:03:16.819+0000] {drift_monitoring.py:59} WARNING - File not found: s3://crypto-mlops-bucket/predictions/date=2025-07-26/hour=04/prediction.parquet
[2025-07-31T20:03:16.840+0000] {drift_monitoring.py:59} WARNING - File not found: s3://crypto-mlops-bucket/targets/date=2025-07-26/hour=04/target.parquet
[2025-07-31T20:03:16.859+0000] {drift_monitoring.py:59} WARNING - File not found: s3://crypto-mlops-bucket/predictions/date=2025-07-26/hour=03/prediction.parquet
[2025-07-31T20:03:16.882+0000] {drift_monitoring.py:59} WARNING - File not found: s3://crypto-mlops-bucket/targets/date=2025-07-26/hour=03/target.parquet
[2025-07-31T20:03:16.903+0000] {drift_monitoring.py:59} WARNING - File not found: s3://crypto-mlops-bucket/predictions/date=2025-07-26/hour=02/prediction.parquet
[2025-07-31T20:03:16.921+0000] {drift_monitoring.py:59} WARNING - File not found: s3://crypto-mlops-bucket/targets/date=2025-07-26/hour=02/target.parquet
[2025-07-31T20:03:16.943+0000] {drift_monitoring.py:59} WARNING - File not found: s3://crypto-mlops-bucket/predictions/date=2025-07-26/hour=01/prediction.parquet
[2025-07-31T20:03:16.968+0000] {drift_monitoring.py:59} WARNING - File not found: s3://crypto-mlops-bucket/targets/date=2025-07-26/hour=01/target.parquet
[2025-07-31T20:03:16.983+0000] {drift_monitoring.py:59} WARNING - File not found: s3://crypto-mlops-bucket/predictions/date=2025-07-26/hour=00/prediction.parquet
[2025-07-31T20:03:18.525+0000] {drift_monitoring.py:59} WARNING - File not found: s3://crypto-mlops-bucket/targets/date=2025-07-26/hour=00/target.parquet
[2025-07-31T20:03:18.537+0000] {drift_monitoring.py:59} WARNING - File not found: s3://crypto-mlops-bucket/predictions/date=2025-07-25/hour=23/prediction.parquet
[2025-07-31T20:03:18.550+0000] {drift_monitoring.py:59} WARNING - File not found: s3://crypto-mlops-bucket/targets/date=2025-07-25/hour=23/target.parquet
[2025-07-31T20:03:18.563+0000] {drift_monitoring.py:59} WARNING - File not found: s3://crypto-mlops-bucket/predictions/date=2025-07-25/hour=22/prediction.parquet
[2025-07-31T20:03:18.576+0000] {drift_monitoring.py:59} WARNING - File not found: s3://crypto-mlops-bucket/targets/date=2025-07-25/hour=22/target.parquet
[2025-07-31T20:03:18.590+0000] {drift_monitoring.py:59} WARNING - File not found: s3://crypto-mlops-bucket/predictions/date=2025-07-25/hour=21/prediction.parquet
[2025-07-31T20:03:18.605+0000] {drift_monitoring.py:59} WARNING - File not found: s3://crypto-mlops-bucket/targets/date=2025-07-25/hour=21/target.parquet
[2025-07-31T20:03:18.622+0000] {drift_monitoring.py:59} WARNING - File not found: s3://crypto-mlops-bucket/predictions/date=2025-07-25/hour=20/prediction.parquet
[2025-07-31T20:03:18.638+0000] {drift_monitoring.py:59} WARNING - File not found: s3://crypto-mlops-bucket/targets/date=2025-07-25/hour=20/target.parquet
[2025-07-31T20:03:18.655+0000] {drift_monitoring.py:59} WARNING - File not found: s3://crypto-mlops-bucket/predictions/date=2025-07-25/hour=19/prediction.parquet
[2025-07-31T20:03:18.671+0000] {drift_monitoring.py:59} WARNING - File not found: s3://crypto-mlops-bucket/targets/date=2025-07-25/hour=19/target.parquet
[2025-07-31T20:03:18.686+0000] {drift_monitoring.py:59} WARNING - File not found: s3://crypto-mlops-bucket/predictions/date=2025-07-25/hour=18/prediction.parquet
[2025-07-31T20:03:18.704+0000] {drift_monitoring.py:59} WARNING - File not found: s3://crypto-mlops-bucket/targets/date=2025-07-25/hour=18/target.parquet
[2025-07-31T20:03:18.721+0000] {drift_monitoring.py:59} WARNING - File not found: s3://crypto-mlops-bucket/predictions/date=2025-07-25/hour=17/prediction.parquet
[2025-07-31T20:03:18.743+0000] {drift_monitoring.py:59} WARNING - File not found: s3://crypto-mlops-bucket/targets/date=2025-07-25/hour=17/target.parquet
[2025-07-31T20:03:18.787+0000] {drift_monitoring.py:59} WARNING - File not found: s3://crypto-mlops-bucket/predictions/date=2025-07-25/hour=16/prediction.parquet
[2025-07-31T20:03:18.807+0000] {drift_monitoring.py:59} WARNING - File not found: s3://crypto-mlops-bucket/targets/date=2025-07-25/hour=16/target.parquet
[2025-07-31T20:03:18.824+0000] {drift_monitoring.py:59} WARNING - File not found: s3://crypto-mlops-bucket/predictions/date=2025-07-25/hour=15/prediction.parquet
[2025-07-31T20:03:18.841+0000] {drift_monitoring.py:59} WARNING - File not found: s3://crypto-mlops-bucket/targets/date=2025-07-25/hour=15/target.parquet
[2025-07-31T20:03:18.868+0000] {drift_monitoring.py:59} WARNING - File not found: s3://crypto-mlops-bucket/predictions/date=2025-07-25/hour=14/prediction.parquet
[2025-07-31T20:03:18.884+0000] {drift_monitoring.py:59} WARNING - File not found: s3://crypto-mlops-bucket/targets/date=2025-07-25/hour=14/target.parquet
[2025-07-31T20:03:18.899+0000] {drift_monitoring.py:59} WARNING - File not found: s3://crypto-mlops-bucket/predictions/date=2025-07-25/hour=13/prediction.parquet
[2025-07-31T20:03:18.916+0000] {drift_monitoring.py:59} WARNING - File not found: s3://crypto-mlops-bucket/targets/date=2025-07-25/hour=13/target.parquet
[2025-07-31T20:03:18.939+0000] {drift_monitoring.py:59} WARNING - File not found: s3://crypto-mlops-bucket/predictions/date=2025-07-25/hour=12/prediction.parquet
[2025-07-31T20:03:18.957+0000] {drift_monitoring.py:59} WARNING - File not found: s3://crypto-mlops-bucket/targets/date=2025-07-25/hour=12/target.parquet
[2025-07-31T20:03:18.975+0000] {drift_monitoring.py:59} WARNING - File not found: s3://crypto-mlops-bucket/predictions/date=2025-07-25/hour=11/prediction.parquet
[2025-07-31T20:03:18.992+0000] {drift_monitoring.py:59} WARNING - File not found: s3://crypto-mlops-bucket/targets/date=2025-07-25/hour=11/target.parquet
[2025-07-31T20:03:19.012+0000] {drift_monitoring.py:59} WARNING - File not found: s3://crypto-mlops-bucket/predictions/date=2025-07-25/hour=10/prediction.parquet
[2025-07-31T20:03:19.034+0000] {drift_monitoring.py:59} WARNING - File not found: s3://crypto-mlops-bucket/targets/date=2025-07-25/hour=10/target.parquet
[2025-07-31T20:03:19.055+0000] {drift_monitoring.py:59} WARNING - File not found: s3://crypto-mlops-bucket/predictions/date=2025-07-25/hour=09/prediction.parquet
[2025-07-31T20:03:19.070+0000] {drift_monitoring.py:59} WARNING - File not found: s3://crypto-mlops-bucket/targets/date=2025-07-25/hour=09/target.parquet
[2025-07-31T20:03:19.092+0000] {drift_monitoring.py:59} WARNING - File not found: s3://crypto-mlops-bucket/predictions/date=2025-07-25/hour=08/prediction.parquet
[2025-07-31T20:03:19.113+0000] {drift_monitoring.py:59} WARNING - File not found: s3://crypto-mlops-bucket/targets/date=2025-07-25/hour=08/target.parquet
[2025-07-31T20:03:19.128+0000] {drift_monitoring.py:59} WARNING - File not found: s3://crypto-mlops-bucket/predictions/date=2025-07-25/hour=07/prediction.parquet
[2025-07-31T20:03:19.152+0000] {drift_monitoring.py:59} WARNING - File not found: s3://crypto-mlops-bucket/targets/date=2025-07-25/hour=07/target.parquet
[2025-07-31T20:03:19.167+0000] {drift_monitoring.py:59} WARNING - File not found: s3://crypto-mlops-bucket/predictions/date=2025-07-25/hour=06/prediction.parquet
[2025-07-31T20:03:19.184+0000] {drift_monitoring.py:59} WARNING - File not found: s3://crypto-mlops-bucket/targets/date=2025-07-25/hour=06/target.parquet
[2025-07-31T20:03:19.205+0000] {drift_monitoring.py:59} WARNING - File not found: s3://crypto-mlops-bucket/predictions/date=2025-07-25/hour=05/prediction.parquet
[2025-07-31T20:03:19.224+0000] {drift_monitoring.py:59} WARNING - File not found: s3://crypto-mlops-bucket/targets/date=2025-07-25/hour=05/target.parquet
[2025-07-31T20:03:19.240+0000] {drift_monitoring.py:59} WARNING - File not found: s3://crypto-mlops-bucket/predictions/date=2025-07-25/hour=04/prediction.parquet
[2025-07-31T20:03:19.258+0000] {drift_monitoring.py:59} WARNING - File not found: s3://crypto-mlops-bucket/targets/date=2025-07-25/hour=04/target.parquet
[2025-07-31T20:03:19.279+0000] {drift_monitoring.py:59} WARNING - File not found: s3://crypto-mlops-bucket/predictions/date=2025-07-25/hour=03/prediction.parquet
[2025-07-31T20:03:19.293+0000] {drift_monitoring.py:59} WARNING - File not found: s3://crypto-mlops-bucket/targets/date=2025-07-25/hour=03/target.parquet
[2025-07-31T20:03:19.312+0000] {drift_monitoring.py:59} WARNING - File not found: s3://crypto-mlops-bucket/predictions/date=2025-07-25/hour=02/prediction.parquet
[2025-07-31T20:03:19.329+0000] {drift_monitoring.py:59} WARNING - File not found: s3://crypto-mlops-bucket/targets/date=2025-07-25/hour=02/target.parquet
[2025-07-31T20:03:19.348+0000] {drift_monitoring.py:59} WARNING - File not found: s3://crypto-mlops-bucket/predictions/date=2025-07-25/hour=01/prediction.parquet
[2025-07-31T20:03:19.373+0000] {drift_monitoring.py:59} WARNING - File not found: s3://crypto-mlops-bucket/targets/date=2025-07-25/hour=01/target.parquet
[2025-07-31T20:03:19.395+0000] {drift_monitoring.py:59} WARNING - File not found: s3://crypto-mlops-bucket/predictions/date=2025-07-25/hour=00/prediction.parquet
[2025-07-31T20:03:19.417+0000] {drift_monitoring.py:59} WARNING - File not found: s3://crypto-mlops-bucket/targets/date=2025-07-25/hour=00/target.parquet
[2025-07-31T20:03:19.435+0000] {drift_monitoring.py:59} WARNING - File not found: s3://crypto-mlops-bucket/predictions/date=2025-07-24/hour=23/prediction.parquet
[2025-07-31T20:03:19.459+0000] {drift_monitoring.py:59} WARNING - File not found: s3://crypto-mlops-bucket/targets/date=2025-07-24/hour=23/target.parquet
[2025-07-31T20:03:19.474+0000] {drift_monitoring.py:59} WARNING - File not found: s3://crypto-mlops-bucket/predictions/date=2025-07-24/hour=22/prediction.parquet
[2025-07-31T20:03:19.497+0000] {drift_monitoring.py:59} WARNING - File not found: s3://crypto-mlops-bucket/targets/date=2025-07-24/hour=22/target.parquet
[2025-07-31T20:03:19.517+0000] {drift_monitoring.py:59} WARNING - File not found: s3://crypto-mlops-bucket/predictions/date=2025-07-24/hour=21/prediction.parquet
[2025-07-31T20:03:19.528+0000] {drift_monitoring.py:59} WARNING - File not found: s3://crypto-mlops-bucket/targets/date=2025-07-24/hour=21/target.parquet
[2025-07-31T20:03:19.632+0000] {drift_monitoring.py:163} INFO - Mean MAE over last 7 days: 0.0864 (threshold: 0.15)
[2025-07-31T20:03:19.633+0000] {drift_monitoring.py:178} INFO - No significant drift detected.
[2025-07-31T20:03:19.642+0000] {drift_monitoring.py:74} WARNING - Reference metrics not found: s3://crypto-mlops-bucket/metrics/BTC-USD/metrics.parquet
[2025-07-31T20:03:19.643+0000] {drift_monitoring.py:93} WARNING - Reference metrics not available, skipping Evidently report
[2025-07-31T20:03:19.644+0000] {python.py:237} INFO - Done. Returned value was: None
[2025-07-31T20:03:19.645+0000] {taskinstance.py:441} INFO - ::group::Post task execution logs
[2025-07-31T20:03:19.660+0000] {taskinstance.py:1205} INFO - Marking task as SUCCESS. dag_id=drift_monitoring_dag, task_id=check_drift_and_trigger, execution_date=20250731T190000, start_date=20250731T200311, end_date=20250731T200319
[2025-07-31T20:03:19.710+0000] {local_task_job_runner.py:240} INFO - Task exited with return code 0
[2025-07-31T20:03:19.736+0000] {taskinstance.py:3482} INFO - 0 downstream tasks scheduled from follow-on schedule check
[2025-07-31T20:03:19.740+0000] {local_task_job_runner.py:222} INFO - ::endgroup::
