[2025-07-29T21:47:56.790+0000] {local_task_job_runner.py:120} INFO - ::group::Pre task execution logs
[2025-07-29T21:47:56.828+0000] {taskinstance.py:2073} INFO - Dependencies all met for dep_context=non-requeueable deps ti=<TaskInstance: data_drift_monitoring.check_drift_and_generate_report manual__2025-07-29T21:47:52.204896+00:00 [queued]>
[2025-07-29T21:47:56.838+0000] {taskinstance.py:2073} INFO - Dependencies all met for dep_context=requeueable deps ti=<TaskInstance: data_drift_monitoring.check_drift_and_generate_report manual__2025-07-29T21:47:52.204896+00:00 [queued]>
[2025-07-29T21:47:56.870+0000] {taskinstance.py:2303} INFO - Starting attempt 1 of 1
[2025-07-29T21:47:56.897+0000] {taskinstance.py:2327} INFO - Executing <Task(PythonOperator): check_drift_and_generate_report> on 2025-07-29 21:47:52.204896+00:00
[2025-07-29T21:47:56.921+0000] {standard_task_runner.py:90} INFO - Running: ['***', 'tasks', 'run', 'data_drift_monitoring', 'check_drift_and_generate_report', 'manual__2025-07-29T21:47:52.204896+00:00', '--job-id', '31', '--raw', '--subdir', 'DAGS_FOLDER/drift_monitoring.py', '--cfg-path', '/tmp/tmp7ktlk2u0']
[2025-07-29T21:47:56.926+0000] {standard_task_runner.py:91} INFO - Job 31: Subtask check_drift_and_generate_report
[2025-07-29T21:47:56.928+0000] {logging_mixin.py:188} WARNING - /home/***/.local/lib/python3.12/site-packages/***/task/task_runner/standard_task_runner.py:61 DeprecationWarning: This process (pid=15908) is multi-threaded, use of fork() may lead to deadlocks in the child.
[2025-07-29T21:47:56.929+0000] {standard_task_runner.py:63} INFO - Started process 15948 to run task
[2025-07-29T21:47:56.954+0000] {logging_mixin.py:188} WARNING - /home/***/.local/lib/python3.12/site-packages/***/settings.py:195 DeprecationWarning: The sql_alchemy_conn option in [core] has been moved to the sql_alchemy_conn option in [database] - the old setting has been used, but please update your config.
[2025-07-29T21:47:57.002+0000] {task_command.py:426} INFO - Running <TaskInstance: data_drift_monitoring.check_drift_and_generate_report manual__2025-07-29T21:47:52.204896+00:00 [running]> on host d78ad09e75e4
[2025-07-29T21:47:57.182+0000] {taskinstance.py:2644} INFO - Exporting env vars: AIRFLOW_CTX_DAG_OWNER='mlops' AIRFLOW_CTX_DAG_ID='data_drift_monitoring' AIRFLOW_CTX_TASK_ID='check_drift_and_generate_report' AIRFLOW_CTX_EXECUTION_DATE='2025-07-29T21:47:52.204896+00:00' AIRFLOW_CTX_TRY_NUMBER='1' AIRFLOW_CTX_DAG_RUN_ID='manual__2025-07-29T21:47:52.204896+00:00'
[2025-07-29T21:47:57.184+0000] {taskinstance.py:430} INFO - ::endgroup::
[2025-07-29T21:47:57.208+0000] {drift_monitoring.py:248} INFO - Vérification drift de 2025-07-22 20:47:57.208118+00:00 à 2025-07-29 20:47:57.208118+00:00
[2025-07-29T21:47:57.209+0000] {drift_monitoring.py:262} INFO - 📥 Téléchargement predictions/date=2025-07-22/hour=20/prediction.parquet et targets/date=2025-07-22/hour=20/target.parquet
[2025-07-29T21:47:57.238+0000] {drift_monitoring.py:297} WARNING - ⚠️ Fichier manquant : predictions/date=2025-07-22/hour=20/prediction.parquet ou targets/date=2025-07-22/hour=20/target.parquet → ignoré
[2025-07-29T21:47:57.240+0000] {drift_monitoring.py:262} INFO - 📥 Téléchargement predictions/date=2025-07-22/hour=21/prediction.parquet et targets/date=2025-07-22/hour=21/target.parquet
[2025-07-29T21:47:57.253+0000] {drift_monitoring.py:297} WARNING - ⚠️ Fichier manquant : predictions/date=2025-07-22/hour=21/prediction.parquet ou targets/date=2025-07-22/hour=21/target.parquet → ignoré
[2025-07-29T21:47:57.253+0000] {drift_monitoring.py:262} INFO - 📥 Téléchargement predictions/date=2025-07-22/hour=22/prediction.parquet et targets/date=2025-07-22/hour=22/target.parquet
[2025-07-29T21:47:57.265+0000] {drift_monitoring.py:297} WARNING - ⚠️ Fichier manquant : predictions/date=2025-07-22/hour=22/prediction.parquet ou targets/date=2025-07-22/hour=22/target.parquet → ignoré
[2025-07-29T21:47:57.268+0000] {drift_monitoring.py:262} INFO - 📥 Téléchargement predictions/date=2025-07-22/hour=23/prediction.parquet et targets/date=2025-07-22/hour=23/target.parquet
[2025-07-29T21:47:57.292+0000] {drift_monitoring.py:297} WARNING - ⚠️ Fichier manquant : predictions/date=2025-07-22/hour=23/prediction.parquet ou targets/date=2025-07-22/hour=23/target.parquet → ignoré
[2025-07-29T21:47:57.294+0000] {drift_monitoring.py:262} INFO - 📥 Téléchargement predictions/date=2025-07-23/hour=00/prediction.parquet et targets/date=2025-07-23/hour=00/target.parquet
[2025-07-29T21:47:57.316+0000] {drift_monitoring.py:297} WARNING - ⚠️ Fichier manquant : predictions/date=2025-07-23/hour=00/prediction.parquet ou targets/date=2025-07-23/hour=00/target.parquet → ignoré
[2025-07-29T21:47:57.317+0000] {drift_monitoring.py:262} INFO - 📥 Téléchargement predictions/date=2025-07-23/hour=01/prediction.parquet et targets/date=2025-07-23/hour=01/target.parquet
[2025-07-29T21:47:57.336+0000] {drift_monitoring.py:297} WARNING - ⚠️ Fichier manquant : predictions/date=2025-07-23/hour=01/prediction.parquet ou targets/date=2025-07-23/hour=01/target.parquet → ignoré
[2025-07-29T21:47:57.338+0000] {drift_monitoring.py:262} INFO - 📥 Téléchargement predictions/date=2025-07-23/hour=02/prediction.parquet et targets/date=2025-07-23/hour=02/target.parquet
[2025-07-29T21:47:57.362+0000] {drift_monitoring.py:297} WARNING - ⚠️ Fichier manquant : predictions/date=2025-07-23/hour=02/prediction.parquet ou targets/date=2025-07-23/hour=02/target.parquet → ignoré
[2025-07-29T21:47:57.365+0000] {drift_monitoring.py:262} INFO - 📥 Téléchargement predictions/date=2025-07-23/hour=03/prediction.parquet et targets/date=2025-07-23/hour=03/target.parquet
[2025-07-29T21:47:57.387+0000] {drift_monitoring.py:297} WARNING - ⚠️ Fichier manquant : predictions/date=2025-07-23/hour=03/prediction.parquet ou targets/date=2025-07-23/hour=03/target.parquet → ignoré
[2025-07-29T21:47:57.389+0000] {drift_monitoring.py:262} INFO - 📥 Téléchargement predictions/date=2025-07-23/hour=04/prediction.parquet et targets/date=2025-07-23/hour=04/target.parquet
[2025-07-29T21:47:57.412+0000] {drift_monitoring.py:297} WARNING - ⚠️ Fichier manquant : predictions/date=2025-07-23/hour=04/prediction.parquet ou targets/date=2025-07-23/hour=04/target.parquet → ignoré
[2025-07-29T21:47:57.414+0000] {drift_monitoring.py:262} INFO - 📥 Téléchargement predictions/date=2025-07-23/hour=05/prediction.parquet et targets/date=2025-07-23/hour=05/target.parquet
[2025-07-29T21:47:57.434+0000] {drift_monitoring.py:297} WARNING - ⚠️ Fichier manquant : predictions/date=2025-07-23/hour=05/prediction.parquet ou targets/date=2025-07-23/hour=05/target.parquet → ignoré
[2025-07-29T21:47:57.436+0000] {drift_monitoring.py:262} INFO - 📥 Téléchargement predictions/date=2025-07-23/hour=06/prediction.parquet et targets/date=2025-07-23/hour=06/target.parquet
[2025-07-29T21:47:57.464+0000] {drift_monitoring.py:297} WARNING - ⚠️ Fichier manquant : predictions/date=2025-07-23/hour=06/prediction.parquet ou targets/date=2025-07-23/hour=06/target.parquet → ignoré
[2025-07-29T21:47:57.465+0000] {drift_monitoring.py:262} INFO - 📥 Téléchargement predictions/date=2025-07-23/hour=07/prediction.parquet et targets/date=2025-07-23/hour=07/target.parquet
[2025-07-29T21:47:57.490+0000] {drift_monitoring.py:297} WARNING - ⚠️ Fichier manquant : predictions/date=2025-07-23/hour=07/prediction.parquet ou targets/date=2025-07-23/hour=07/target.parquet → ignoré
[2025-07-29T21:47:57.492+0000] {drift_monitoring.py:262} INFO - 📥 Téléchargement predictions/date=2025-07-23/hour=08/prediction.parquet et targets/date=2025-07-23/hour=08/target.parquet
[2025-07-29T21:47:57.515+0000] {drift_monitoring.py:297} WARNING - ⚠️ Fichier manquant : predictions/date=2025-07-23/hour=08/prediction.parquet ou targets/date=2025-07-23/hour=08/target.parquet → ignoré
[2025-07-29T21:47:57.517+0000] {drift_monitoring.py:262} INFO - 📥 Téléchargement predictions/date=2025-07-23/hour=09/prediction.parquet et targets/date=2025-07-23/hour=09/target.parquet
[2025-07-29T21:47:57.539+0000] {drift_monitoring.py:297} WARNING - ⚠️ Fichier manquant : predictions/date=2025-07-23/hour=09/prediction.parquet ou targets/date=2025-07-23/hour=09/target.parquet → ignoré
[2025-07-29T21:47:57.542+0000] {drift_monitoring.py:262} INFO - 📥 Téléchargement predictions/date=2025-07-23/hour=10/prediction.parquet et targets/date=2025-07-23/hour=10/target.parquet
[2025-07-29T21:47:57.581+0000] {drift_monitoring.py:297} WARNING - ⚠️ Fichier manquant : predictions/date=2025-07-23/hour=10/prediction.parquet ou targets/date=2025-07-23/hour=10/target.parquet → ignoré
[2025-07-29T21:47:57.583+0000] {drift_monitoring.py:262} INFO - 📥 Téléchargement predictions/date=2025-07-23/hour=11/prediction.parquet et targets/date=2025-07-23/hour=11/target.parquet
[2025-07-29T21:47:57.613+0000] {drift_monitoring.py:297} WARNING - ⚠️ Fichier manquant : predictions/date=2025-07-23/hour=11/prediction.parquet ou targets/date=2025-07-23/hour=11/target.parquet → ignoré
[2025-07-29T21:47:57.615+0000] {drift_monitoring.py:262} INFO - 📥 Téléchargement predictions/date=2025-07-23/hour=12/prediction.parquet et targets/date=2025-07-23/hour=12/target.parquet
[2025-07-29T21:47:57.634+0000] {drift_monitoring.py:297} WARNING - ⚠️ Fichier manquant : predictions/date=2025-07-23/hour=12/prediction.parquet ou targets/date=2025-07-23/hour=12/target.parquet → ignoré
[2025-07-29T21:47:57.635+0000] {drift_monitoring.py:262} INFO - 📥 Téléchargement predictions/date=2025-07-23/hour=13/prediction.parquet et targets/date=2025-07-23/hour=13/target.parquet
[2025-07-29T21:47:57.653+0000] {drift_monitoring.py:297} WARNING - ⚠️ Fichier manquant : predictions/date=2025-07-23/hour=13/prediction.parquet ou targets/date=2025-07-23/hour=13/target.parquet → ignoré
[2025-07-29T21:47:57.655+0000] {drift_monitoring.py:262} INFO - 📥 Téléchargement predictions/date=2025-07-23/hour=14/prediction.parquet et targets/date=2025-07-23/hour=14/target.parquet
[2025-07-29T21:47:57.676+0000] {drift_monitoring.py:297} WARNING - ⚠️ Fichier manquant : predictions/date=2025-07-23/hour=14/prediction.parquet ou targets/date=2025-07-23/hour=14/target.parquet → ignoré
[2025-07-29T21:47:57.677+0000] {drift_monitoring.py:262} INFO - 📥 Téléchargement predictions/date=2025-07-23/hour=15/prediction.parquet et targets/date=2025-07-23/hour=15/target.parquet
[2025-07-29T21:47:57.716+0000] {drift_monitoring.py:297} WARNING - ⚠️ Fichier manquant : predictions/date=2025-07-23/hour=15/prediction.parquet ou targets/date=2025-07-23/hour=15/target.parquet → ignoré
[2025-07-29T21:47:57.720+0000] {drift_monitoring.py:262} INFO - 📥 Téléchargement predictions/date=2025-07-23/hour=16/prediction.parquet et targets/date=2025-07-23/hour=16/target.parquet
[2025-07-29T21:47:57.748+0000] {drift_monitoring.py:297} WARNING - ⚠️ Fichier manquant : predictions/date=2025-07-23/hour=16/prediction.parquet ou targets/date=2025-07-23/hour=16/target.parquet → ignoré
[2025-07-29T21:47:57.754+0000] {drift_monitoring.py:262} INFO - 📥 Téléchargement predictions/date=2025-07-23/hour=17/prediction.parquet et targets/date=2025-07-23/hour=17/target.parquet
[2025-07-29T21:47:57.779+0000] {drift_monitoring.py:297} WARNING - ⚠️ Fichier manquant : predictions/date=2025-07-23/hour=17/prediction.parquet ou targets/date=2025-07-23/hour=17/target.parquet → ignoré
[2025-07-29T21:47:57.782+0000] {drift_monitoring.py:262} INFO - 📥 Téléchargement predictions/date=2025-07-23/hour=18/prediction.parquet et targets/date=2025-07-23/hour=18/target.parquet
[2025-07-29T21:47:57.803+0000] {drift_monitoring.py:297} WARNING - ⚠️ Fichier manquant : predictions/date=2025-07-23/hour=18/prediction.parquet ou targets/date=2025-07-23/hour=18/target.parquet → ignoré
[2025-07-29T21:47:57.804+0000] {drift_monitoring.py:262} INFO - 📥 Téléchargement predictions/date=2025-07-23/hour=19/prediction.parquet et targets/date=2025-07-23/hour=19/target.parquet
[2025-07-29T21:47:57.821+0000] {drift_monitoring.py:297} WARNING - ⚠️ Fichier manquant : predictions/date=2025-07-23/hour=19/prediction.parquet ou targets/date=2025-07-23/hour=19/target.parquet → ignoré
[2025-07-29T21:47:57.823+0000] {drift_monitoring.py:262} INFO - 📥 Téléchargement predictions/date=2025-07-23/hour=20/prediction.parquet et targets/date=2025-07-23/hour=20/target.parquet
[2025-07-29T21:47:57.841+0000] {drift_monitoring.py:297} WARNING - ⚠️ Fichier manquant : predictions/date=2025-07-23/hour=20/prediction.parquet ou targets/date=2025-07-23/hour=20/target.parquet → ignoré
[2025-07-29T21:47:57.843+0000] {drift_monitoring.py:262} INFO - 📥 Téléchargement predictions/date=2025-07-23/hour=21/prediction.parquet et targets/date=2025-07-23/hour=21/target.parquet
[2025-07-29T21:47:57.861+0000] {drift_monitoring.py:297} WARNING - ⚠️ Fichier manquant : predictions/date=2025-07-23/hour=21/prediction.parquet ou targets/date=2025-07-23/hour=21/target.parquet → ignoré
[2025-07-29T21:47:57.862+0000] {drift_monitoring.py:262} INFO - 📥 Téléchargement predictions/date=2025-07-23/hour=22/prediction.parquet et targets/date=2025-07-23/hour=22/target.parquet
[2025-07-29T21:47:57.880+0000] {drift_monitoring.py:297} WARNING - ⚠️ Fichier manquant : predictions/date=2025-07-23/hour=22/prediction.parquet ou targets/date=2025-07-23/hour=22/target.parquet → ignoré
[2025-07-29T21:47:57.881+0000] {drift_monitoring.py:262} INFO - 📥 Téléchargement predictions/date=2025-07-23/hour=23/prediction.parquet et targets/date=2025-07-23/hour=23/target.parquet
[2025-07-29T21:47:57.899+0000] {drift_monitoring.py:297} WARNING - ⚠️ Fichier manquant : predictions/date=2025-07-23/hour=23/prediction.parquet ou targets/date=2025-07-23/hour=23/target.parquet → ignoré
[2025-07-29T21:47:57.901+0000] {drift_monitoring.py:262} INFO - 📥 Téléchargement predictions/date=2025-07-24/hour=00/prediction.parquet et targets/date=2025-07-24/hour=00/target.parquet
[2025-07-29T21:47:57.921+0000] {drift_monitoring.py:297} WARNING - ⚠️ Fichier manquant : predictions/date=2025-07-24/hour=00/prediction.parquet ou targets/date=2025-07-24/hour=00/target.parquet → ignoré
[2025-07-29T21:47:57.922+0000] {drift_monitoring.py:262} INFO - 📥 Téléchargement predictions/date=2025-07-24/hour=01/prediction.parquet et targets/date=2025-07-24/hour=01/target.parquet
[2025-07-29T21:47:57.939+0000] {drift_monitoring.py:297} WARNING - ⚠️ Fichier manquant : predictions/date=2025-07-24/hour=01/prediction.parquet ou targets/date=2025-07-24/hour=01/target.parquet → ignoré
[2025-07-29T21:47:57.940+0000] {drift_monitoring.py:262} INFO - 📥 Téléchargement predictions/date=2025-07-24/hour=02/prediction.parquet et targets/date=2025-07-24/hour=02/target.parquet
[2025-07-29T21:47:57.957+0000] {drift_monitoring.py:297} WARNING - ⚠️ Fichier manquant : predictions/date=2025-07-24/hour=02/prediction.parquet ou targets/date=2025-07-24/hour=02/target.parquet → ignoré
[2025-07-29T21:47:57.958+0000] {drift_monitoring.py:262} INFO - 📥 Téléchargement predictions/date=2025-07-24/hour=03/prediction.parquet et targets/date=2025-07-24/hour=03/target.parquet
[2025-07-29T21:47:57.974+0000] {drift_monitoring.py:297} WARNING - ⚠️ Fichier manquant : predictions/date=2025-07-24/hour=03/prediction.parquet ou targets/date=2025-07-24/hour=03/target.parquet → ignoré
[2025-07-29T21:47:57.976+0000] {drift_monitoring.py:262} INFO - 📥 Téléchargement predictions/date=2025-07-24/hour=04/prediction.parquet et targets/date=2025-07-24/hour=04/target.parquet
[2025-07-29T21:47:57.991+0000] {drift_monitoring.py:297} WARNING - ⚠️ Fichier manquant : predictions/date=2025-07-24/hour=04/prediction.parquet ou targets/date=2025-07-24/hour=04/target.parquet → ignoré
[2025-07-29T21:47:57.993+0000] {drift_monitoring.py:262} INFO - 📥 Téléchargement predictions/date=2025-07-24/hour=05/prediction.parquet et targets/date=2025-07-24/hour=05/target.parquet
[2025-07-29T21:47:58.008+0000] {drift_monitoring.py:297} WARNING - ⚠️ Fichier manquant : predictions/date=2025-07-24/hour=05/prediction.parquet ou targets/date=2025-07-24/hour=05/target.parquet → ignoré
[2025-07-29T21:47:58.009+0000] {drift_monitoring.py:262} INFO - 📥 Téléchargement predictions/date=2025-07-24/hour=06/prediction.parquet et targets/date=2025-07-24/hour=06/target.parquet
[2025-07-29T21:47:58.025+0000] {drift_monitoring.py:297} WARNING - ⚠️ Fichier manquant : predictions/date=2025-07-24/hour=06/prediction.parquet ou targets/date=2025-07-24/hour=06/target.parquet → ignoré
[2025-07-29T21:47:58.026+0000] {drift_monitoring.py:262} INFO - 📥 Téléchargement predictions/date=2025-07-24/hour=07/prediction.parquet et targets/date=2025-07-24/hour=07/target.parquet
[2025-07-29T21:47:58.041+0000] {drift_monitoring.py:297} WARNING - ⚠️ Fichier manquant : predictions/date=2025-07-24/hour=07/prediction.parquet ou targets/date=2025-07-24/hour=07/target.parquet → ignoré
[2025-07-29T21:47:58.042+0000] {drift_monitoring.py:262} INFO - 📥 Téléchargement predictions/date=2025-07-24/hour=08/prediction.parquet et targets/date=2025-07-24/hour=08/target.parquet
[2025-07-29T21:47:58.056+0000] {drift_monitoring.py:297} WARNING - ⚠️ Fichier manquant : predictions/date=2025-07-24/hour=08/prediction.parquet ou targets/date=2025-07-24/hour=08/target.parquet → ignoré
[2025-07-29T21:47:58.057+0000] {drift_monitoring.py:262} INFO - 📥 Téléchargement predictions/date=2025-07-24/hour=09/prediction.parquet et targets/date=2025-07-24/hour=09/target.parquet
[2025-07-29T21:47:58.073+0000] {drift_monitoring.py:297} WARNING - ⚠️ Fichier manquant : predictions/date=2025-07-24/hour=09/prediction.parquet ou targets/date=2025-07-24/hour=09/target.parquet → ignoré
[2025-07-29T21:47:58.074+0000] {drift_monitoring.py:262} INFO - 📥 Téléchargement predictions/date=2025-07-24/hour=10/prediction.parquet et targets/date=2025-07-24/hour=10/target.parquet
[2025-07-29T21:47:58.088+0000] {drift_monitoring.py:297} WARNING - ⚠️ Fichier manquant : predictions/date=2025-07-24/hour=10/prediction.parquet ou targets/date=2025-07-24/hour=10/target.parquet → ignoré
[2025-07-29T21:47:58.089+0000] {drift_monitoring.py:262} INFO - 📥 Téléchargement predictions/date=2025-07-24/hour=11/prediction.parquet et targets/date=2025-07-24/hour=11/target.parquet
[2025-07-29T21:47:58.104+0000] {drift_monitoring.py:297} WARNING - ⚠️ Fichier manquant : predictions/date=2025-07-24/hour=11/prediction.parquet ou targets/date=2025-07-24/hour=11/target.parquet → ignoré
[2025-07-29T21:47:58.106+0000] {drift_monitoring.py:262} INFO - 📥 Téléchargement predictions/date=2025-07-24/hour=12/prediction.parquet et targets/date=2025-07-24/hour=12/target.parquet
[2025-07-29T21:47:58.123+0000] {drift_monitoring.py:297} WARNING - ⚠️ Fichier manquant : predictions/date=2025-07-24/hour=12/prediction.parquet ou targets/date=2025-07-24/hour=12/target.parquet → ignoré
[2025-07-29T21:47:58.124+0000] {drift_monitoring.py:262} INFO - 📥 Téléchargement predictions/date=2025-07-24/hour=13/prediction.parquet et targets/date=2025-07-24/hour=13/target.parquet
[2025-07-29T21:47:58.139+0000] {drift_monitoring.py:297} WARNING - ⚠️ Fichier manquant : predictions/date=2025-07-24/hour=13/prediction.parquet ou targets/date=2025-07-24/hour=13/target.parquet → ignoré
[2025-07-29T21:47:58.140+0000] {drift_monitoring.py:262} INFO - 📥 Téléchargement predictions/date=2025-07-24/hour=14/prediction.parquet et targets/date=2025-07-24/hour=14/target.parquet
[2025-07-29T21:47:58.156+0000] {drift_monitoring.py:297} WARNING - ⚠️ Fichier manquant : predictions/date=2025-07-24/hour=14/prediction.parquet ou targets/date=2025-07-24/hour=14/target.parquet → ignoré
[2025-07-29T21:47:58.157+0000] {drift_monitoring.py:262} INFO - 📥 Téléchargement predictions/date=2025-07-24/hour=15/prediction.parquet et targets/date=2025-07-24/hour=15/target.parquet
[2025-07-29T21:47:58.172+0000] {drift_monitoring.py:297} WARNING - ⚠️ Fichier manquant : predictions/date=2025-07-24/hour=15/prediction.parquet ou targets/date=2025-07-24/hour=15/target.parquet → ignoré
[2025-07-29T21:47:58.173+0000] {drift_monitoring.py:262} INFO - 📥 Téléchargement predictions/date=2025-07-24/hour=16/prediction.parquet et targets/date=2025-07-24/hour=16/target.parquet
[2025-07-29T21:47:58.188+0000] {drift_monitoring.py:297} WARNING - ⚠️ Fichier manquant : predictions/date=2025-07-24/hour=16/prediction.parquet ou targets/date=2025-07-24/hour=16/target.parquet → ignoré
[2025-07-29T21:47:58.189+0000] {drift_monitoring.py:262} INFO - 📥 Téléchargement predictions/date=2025-07-24/hour=17/prediction.parquet et targets/date=2025-07-24/hour=17/target.parquet
[2025-07-29T21:47:58.202+0000] {drift_monitoring.py:297} WARNING - ⚠️ Fichier manquant : predictions/date=2025-07-24/hour=17/prediction.parquet ou targets/date=2025-07-24/hour=17/target.parquet → ignoré
[2025-07-29T21:47:58.203+0000] {drift_monitoring.py:262} INFO - 📥 Téléchargement predictions/date=2025-07-24/hour=18/prediction.parquet et targets/date=2025-07-24/hour=18/target.parquet
[2025-07-29T21:47:58.220+0000] {drift_monitoring.py:297} WARNING - ⚠️ Fichier manquant : predictions/date=2025-07-24/hour=18/prediction.parquet ou targets/date=2025-07-24/hour=18/target.parquet → ignoré
[2025-07-29T21:47:58.221+0000] {drift_monitoring.py:262} INFO - 📥 Téléchargement predictions/date=2025-07-24/hour=19/prediction.parquet et targets/date=2025-07-24/hour=19/target.parquet
[2025-07-29T21:47:58.236+0000] {drift_monitoring.py:297} WARNING - ⚠️ Fichier manquant : predictions/date=2025-07-24/hour=19/prediction.parquet ou targets/date=2025-07-24/hour=19/target.parquet → ignoré
[2025-07-29T21:47:58.237+0000] {drift_monitoring.py:262} INFO - 📥 Téléchargement predictions/date=2025-07-24/hour=20/prediction.parquet et targets/date=2025-07-24/hour=20/target.parquet
[2025-07-29T21:47:58.254+0000] {drift_monitoring.py:297} WARNING - ⚠️ Fichier manquant : predictions/date=2025-07-24/hour=20/prediction.parquet ou targets/date=2025-07-24/hour=20/target.parquet → ignoré
[2025-07-29T21:47:58.255+0000] {drift_monitoring.py:262} INFO - 📥 Téléchargement predictions/date=2025-07-24/hour=21/prediction.parquet et targets/date=2025-07-24/hour=21/target.parquet
[2025-07-29T21:47:58.270+0000] {drift_monitoring.py:297} WARNING - ⚠️ Fichier manquant : predictions/date=2025-07-24/hour=21/prediction.parquet ou targets/date=2025-07-24/hour=21/target.parquet → ignoré
[2025-07-29T21:47:58.271+0000] {drift_monitoring.py:262} INFO - 📥 Téléchargement predictions/date=2025-07-24/hour=22/prediction.parquet et targets/date=2025-07-24/hour=22/target.parquet
[2025-07-29T21:47:58.287+0000] {drift_monitoring.py:297} WARNING - ⚠️ Fichier manquant : predictions/date=2025-07-24/hour=22/prediction.parquet ou targets/date=2025-07-24/hour=22/target.parquet → ignoré
[2025-07-29T21:47:58.289+0000] {drift_monitoring.py:262} INFO - 📥 Téléchargement predictions/date=2025-07-24/hour=23/prediction.parquet et targets/date=2025-07-24/hour=23/target.parquet
[2025-07-29T21:47:58.305+0000] {drift_monitoring.py:297} WARNING - ⚠️ Fichier manquant : predictions/date=2025-07-24/hour=23/prediction.parquet ou targets/date=2025-07-24/hour=23/target.parquet → ignoré
[2025-07-29T21:47:58.307+0000] {drift_monitoring.py:262} INFO - 📥 Téléchargement predictions/date=2025-07-25/hour=00/prediction.parquet et targets/date=2025-07-25/hour=00/target.parquet
[2025-07-29T21:47:58.323+0000] {drift_monitoring.py:297} WARNING - ⚠️ Fichier manquant : predictions/date=2025-07-25/hour=00/prediction.parquet ou targets/date=2025-07-25/hour=00/target.parquet → ignoré
[2025-07-29T21:47:58.324+0000] {drift_monitoring.py:262} INFO - 📥 Téléchargement predictions/date=2025-07-25/hour=01/prediction.parquet et targets/date=2025-07-25/hour=01/target.parquet
[2025-07-29T21:47:58.338+0000] {drift_monitoring.py:297} WARNING - ⚠️ Fichier manquant : predictions/date=2025-07-25/hour=01/prediction.parquet ou targets/date=2025-07-25/hour=01/target.parquet → ignoré
[2025-07-29T21:47:58.339+0000] {drift_monitoring.py:262} INFO - 📥 Téléchargement predictions/date=2025-07-25/hour=02/prediction.parquet et targets/date=2025-07-25/hour=02/target.parquet
[2025-07-29T21:47:58.352+0000] {drift_monitoring.py:297} WARNING - ⚠️ Fichier manquant : predictions/date=2025-07-25/hour=02/prediction.parquet ou targets/date=2025-07-25/hour=02/target.parquet → ignoré
[2025-07-29T21:47:58.354+0000] {drift_monitoring.py:262} INFO - 📥 Téléchargement predictions/date=2025-07-25/hour=03/prediction.parquet et targets/date=2025-07-25/hour=03/target.parquet
[2025-07-29T21:47:58.369+0000] {drift_monitoring.py:297} WARNING - ⚠️ Fichier manquant : predictions/date=2025-07-25/hour=03/prediction.parquet ou targets/date=2025-07-25/hour=03/target.parquet → ignoré
[2025-07-29T21:47:58.370+0000] {drift_monitoring.py:262} INFO - 📥 Téléchargement predictions/date=2025-07-25/hour=04/prediction.parquet et targets/date=2025-07-25/hour=04/target.parquet
[2025-07-29T21:47:58.384+0000] {drift_monitoring.py:297} WARNING - ⚠️ Fichier manquant : predictions/date=2025-07-25/hour=04/prediction.parquet ou targets/date=2025-07-25/hour=04/target.parquet → ignoré
[2025-07-29T21:47:58.385+0000] {drift_monitoring.py:262} INFO - 📥 Téléchargement predictions/date=2025-07-25/hour=05/prediction.parquet et targets/date=2025-07-25/hour=05/target.parquet
[2025-07-29T21:47:58.398+0000] {drift_monitoring.py:297} WARNING - ⚠️ Fichier manquant : predictions/date=2025-07-25/hour=05/prediction.parquet ou targets/date=2025-07-25/hour=05/target.parquet → ignoré
[2025-07-29T21:47:58.399+0000] {drift_monitoring.py:262} INFO - 📥 Téléchargement predictions/date=2025-07-25/hour=06/prediction.parquet et targets/date=2025-07-25/hour=06/target.parquet
[2025-07-29T21:47:58.412+0000] {drift_monitoring.py:297} WARNING - ⚠️ Fichier manquant : predictions/date=2025-07-25/hour=06/prediction.parquet ou targets/date=2025-07-25/hour=06/target.parquet → ignoré
[2025-07-29T21:47:58.413+0000] {drift_monitoring.py:262} INFO - 📥 Téléchargement predictions/date=2025-07-25/hour=07/prediction.parquet et targets/date=2025-07-25/hour=07/target.parquet
[2025-07-29T21:47:58.426+0000] {drift_monitoring.py:297} WARNING - ⚠️ Fichier manquant : predictions/date=2025-07-25/hour=07/prediction.parquet ou targets/date=2025-07-25/hour=07/target.parquet → ignoré
[2025-07-29T21:47:58.427+0000] {drift_monitoring.py:262} INFO - 📥 Téléchargement predictions/date=2025-07-25/hour=08/prediction.parquet et targets/date=2025-07-25/hour=08/target.parquet
[2025-07-29T21:47:58.443+0000] {drift_monitoring.py:297} WARNING - ⚠️ Fichier manquant : predictions/date=2025-07-25/hour=08/prediction.parquet ou targets/date=2025-07-25/hour=08/target.parquet → ignoré
[2025-07-29T21:47:58.444+0000] {drift_monitoring.py:262} INFO - 📥 Téléchargement predictions/date=2025-07-25/hour=09/prediction.parquet et targets/date=2025-07-25/hour=09/target.parquet
[2025-07-29T21:47:58.458+0000] {drift_monitoring.py:297} WARNING - ⚠️ Fichier manquant : predictions/date=2025-07-25/hour=09/prediction.parquet ou targets/date=2025-07-25/hour=09/target.parquet → ignoré
[2025-07-29T21:47:58.459+0000] {drift_monitoring.py:262} INFO - 📥 Téléchargement predictions/date=2025-07-25/hour=10/prediction.parquet et targets/date=2025-07-25/hour=10/target.parquet
[2025-07-29T21:47:58.472+0000] {drift_monitoring.py:297} WARNING - ⚠️ Fichier manquant : predictions/date=2025-07-25/hour=10/prediction.parquet ou targets/date=2025-07-25/hour=10/target.parquet → ignoré
[2025-07-29T21:47:58.473+0000] {drift_monitoring.py:262} INFO - 📥 Téléchargement predictions/date=2025-07-25/hour=11/prediction.parquet et targets/date=2025-07-25/hour=11/target.parquet
[2025-07-29T21:47:58.484+0000] {drift_monitoring.py:297} WARNING - ⚠️ Fichier manquant : predictions/date=2025-07-25/hour=11/prediction.parquet ou targets/date=2025-07-25/hour=11/target.parquet → ignoré
[2025-07-29T21:47:58.486+0000] {drift_monitoring.py:262} INFO - 📥 Téléchargement predictions/date=2025-07-25/hour=12/prediction.parquet et targets/date=2025-07-25/hour=12/target.parquet
[2025-07-29T21:47:58.531+0000] {drift_monitoring.py:297} WARNING - ⚠️ Fichier manquant : predictions/date=2025-07-25/hour=12/prediction.parquet ou targets/date=2025-07-25/hour=12/target.parquet → ignoré
[2025-07-29T21:47:58.532+0000] {drift_monitoring.py:262} INFO - 📥 Téléchargement predictions/date=2025-07-25/hour=13/prediction.parquet et targets/date=2025-07-25/hour=13/target.parquet
[2025-07-29T21:47:58.544+0000] {drift_monitoring.py:297} WARNING - ⚠️ Fichier manquant : predictions/date=2025-07-25/hour=13/prediction.parquet ou targets/date=2025-07-25/hour=13/target.parquet → ignoré
[2025-07-29T21:47:58.545+0000] {drift_monitoring.py:262} INFO - 📥 Téléchargement predictions/date=2025-07-25/hour=14/prediction.parquet et targets/date=2025-07-25/hour=14/target.parquet
[2025-07-29T21:47:58.558+0000] {drift_monitoring.py:297} WARNING - ⚠️ Fichier manquant : predictions/date=2025-07-25/hour=14/prediction.parquet ou targets/date=2025-07-25/hour=14/target.parquet → ignoré
[2025-07-29T21:47:58.559+0000] {drift_monitoring.py:262} INFO - 📥 Téléchargement predictions/date=2025-07-25/hour=15/prediction.parquet et targets/date=2025-07-25/hour=15/target.parquet
[2025-07-29T21:47:58.573+0000] {drift_monitoring.py:297} WARNING - ⚠️ Fichier manquant : predictions/date=2025-07-25/hour=15/prediction.parquet ou targets/date=2025-07-25/hour=15/target.parquet → ignoré
[2025-07-29T21:47:58.574+0000] {drift_monitoring.py:262} INFO - 📥 Téléchargement predictions/date=2025-07-25/hour=16/prediction.parquet et targets/date=2025-07-25/hour=16/target.parquet
[2025-07-29T21:47:58.586+0000] {drift_monitoring.py:297} WARNING - ⚠️ Fichier manquant : predictions/date=2025-07-25/hour=16/prediction.parquet ou targets/date=2025-07-25/hour=16/target.parquet → ignoré
[2025-07-29T21:47:58.587+0000] {drift_monitoring.py:262} INFO - 📥 Téléchargement predictions/date=2025-07-25/hour=17/prediction.parquet et targets/date=2025-07-25/hour=17/target.parquet
[2025-07-29T21:47:58.603+0000] {drift_monitoring.py:297} WARNING - ⚠️ Fichier manquant : predictions/date=2025-07-25/hour=17/prediction.parquet ou targets/date=2025-07-25/hour=17/target.parquet → ignoré
[2025-07-29T21:47:58.604+0000] {drift_monitoring.py:262} INFO - 📥 Téléchargement predictions/date=2025-07-25/hour=18/prediction.parquet et targets/date=2025-07-25/hour=18/target.parquet
[2025-07-29T21:47:58.617+0000] {drift_monitoring.py:297} WARNING - ⚠️ Fichier manquant : predictions/date=2025-07-25/hour=18/prediction.parquet ou targets/date=2025-07-25/hour=18/target.parquet → ignoré
[2025-07-29T21:47:58.618+0000] {drift_monitoring.py:262} INFO - 📥 Téléchargement predictions/date=2025-07-25/hour=19/prediction.parquet et targets/date=2025-07-25/hour=19/target.parquet
[2025-07-29T21:47:58.631+0000] {drift_monitoring.py:297} WARNING - ⚠️ Fichier manquant : predictions/date=2025-07-25/hour=19/prediction.parquet ou targets/date=2025-07-25/hour=19/target.parquet → ignoré
[2025-07-29T21:47:58.632+0000] {drift_monitoring.py:262} INFO - 📥 Téléchargement predictions/date=2025-07-25/hour=20/prediction.parquet et targets/date=2025-07-25/hour=20/target.parquet
[2025-07-29T21:47:58.646+0000] {drift_monitoring.py:297} WARNING - ⚠️ Fichier manquant : predictions/date=2025-07-25/hour=20/prediction.parquet ou targets/date=2025-07-25/hour=20/target.parquet → ignoré
[2025-07-29T21:47:58.647+0000] {drift_monitoring.py:262} INFO - 📥 Téléchargement predictions/date=2025-07-25/hour=21/prediction.parquet et targets/date=2025-07-25/hour=21/target.parquet
[2025-07-29T21:47:58.662+0000] {drift_monitoring.py:297} WARNING - ⚠️ Fichier manquant : predictions/date=2025-07-25/hour=21/prediction.parquet ou targets/date=2025-07-25/hour=21/target.parquet → ignoré
[2025-07-29T21:47:58.664+0000] {drift_monitoring.py:262} INFO - 📥 Téléchargement predictions/date=2025-07-25/hour=22/prediction.parquet et targets/date=2025-07-25/hour=22/target.parquet
[2025-07-29T21:47:58.683+0000] {drift_monitoring.py:297} WARNING - ⚠️ Fichier manquant : predictions/date=2025-07-25/hour=22/prediction.parquet ou targets/date=2025-07-25/hour=22/target.parquet → ignoré
[2025-07-29T21:47:58.684+0000] {drift_monitoring.py:262} INFO - 📥 Téléchargement predictions/date=2025-07-25/hour=23/prediction.parquet et targets/date=2025-07-25/hour=23/target.parquet
[2025-07-29T21:47:58.703+0000] {drift_monitoring.py:297} WARNING - ⚠️ Fichier manquant : predictions/date=2025-07-25/hour=23/prediction.parquet ou targets/date=2025-07-25/hour=23/target.parquet → ignoré
[2025-07-29T21:47:58.705+0000] {drift_monitoring.py:262} INFO - 📥 Téléchargement predictions/date=2025-07-26/hour=00/prediction.parquet et targets/date=2025-07-26/hour=00/target.parquet
[2025-07-29T21:47:58.722+0000] {drift_monitoring.py:297} WARNING - ⚠️ Fichier manquant : predictions/date=2025-07-26/hour=00/prediction.parquet ou targets/date=2025-07-26/hour=00/target.parquet → ignoré
[2025-07-29T21:47:58.723+0000] {drift_monitoring.py:262} INFO - 📥 Téléchargement predictions/date=2025-07-26/hour=01/prediction.parquet et targets/date=2025-07-26/hour=01/target.parquet
[2025-07-29T21:47:58.743+0000] {drift_monitoring.py:297} WARNING - ⚠️ Fichier manquant : predictions/date=2025-07-26/hour=01/prediction.parquet ou targets/date=2025-07-26/hour=01/target.parquet → ignoré
[2025-07-29T21:47:58.745+0000] {drift_monitoring.py:262} INFO - 📥 Téléchargement predictions/date=2025-07-26/hour=02/prediction.parquet et targets/date=2025-07-26/hour=02/target.parquet
[2025-07-29T21:47:58.763+0000] {drift_monitoring.py:297} WARNING - ⚠️ Fichier manquant : predictions/date=2025-07-26/hour=02/prediction.parquet ou targets/date=2025-07-26/hour=02/target.parquet → ignoré
[2025-07-29T21:47:58.764+0000] {drift_monitoring.py:262} INFO - 📥 Téléchargement predictions/date=2025-07-26/hour=03/prediction.parquet et targets/date=2025-07-26/hour=03/target.parquet
[2025-07-29T21:47:58.782+0000] {drift_monitoring.py:297} WARNING - ⚠️ Fichier manquant : predictions/date=2025-07-26/hour=03/prediction.parquet ou targets/date=2025-07-26/hour=03/target.parquet → ignoré
[2025-07-29T21:47:58.783+0000] {drift_monitoring.py:262} INFO - 📥 Téléchargement predictions/date=2025-07-26/hour=04/prediction.parquet et targets/date=2025-07-26/hour=04/target.parquet
[2025-07-29T21:47:58.797+0000] {drift_monitoring.py:297} WARNING - ⚠️ Fichier manquant : predictions/date=2025-07-26/hour=04/prediction.parquet ou targets/date=2025-07-26/hour=04/target.parquet → ignoré
[2025-07-29T21:47:58.799+0000] {drift_monitoring.py:262} INFO - 📥 Téléchargement predictions/date=2025-07-26/hour=05/prediction.parquet et targets/date=2025-07-26/hour=05/target.parquet
[2025-07-29T21:47:58.815+0000] {drift_monitoring.py:297} WARNING - ⚠️ Fichier manquant : predictions/date=2025-07-26/hour=05/prediction.parquet ou targets/date=2025-07-26/hour=05/target.parquet → ignoré
[2025-07-29T21:47:58.816+0000] {drift_monitoring.py:262} INFO - 📥 Téléchargement predictions/date=2025-07-26/hour=06/prediction.parquet et targets/date=2025-07-26/hour=06/target.parquet
[2025-07-29T21:47:58.831+0000] {drift_monitoring.py:297} WARNING - ⚠️ Fichier manquant : predictions/date=2025-07-26/hour=06/prediction.parquet ou targets/date=2025-07-26/hour=06/target.parquet → ignoré
[2025-07-29T21:47:58.844+0000] {drift_monitoring.py:262} INFO - 📥 Téléchargement predictions/date=2025-07-26/hour=07/prediction.parquet et targets/date=2025-07-26/hour=07/target.parquet
[2025-07-29T21:47:58.857+0000] {drift_monitoring.py:297} WARNING - ⚠️ Fichier manquant : predictions/date=2025-07-26/hour=07/prediction.parquet ou targets/date=2025-07-26/hour=07/target.parquet → ignoré
[2025-07-29T21:47:58.858+0000] {drift_monitoring.py:262} INFO - 📥 Téléchargement predictions/date=2025-07-26/hour=08/prediction.parquet et targets/date=2025-07-26/hour=08/target.parquet
[2025-07-29T21:47:58.870+0000] {drift_monitoring.py:297} WARNING - ⚠️ Fichier manquant : predictions/date=2025-07-26/hour=08/prediction.parquet ou targets/date=2025-07-26/hour=08/target.parquet → ignoré
[2025-07-29T21:47:58.871+0000] {drift_monitoring.py:262} INFO - 📥 Téléchargement predictions/date=2025-07-26/hour=09/prediction.parquet et targets/date=2025-07-26/hour=09/target.parquet
[2025-07-29T21:47:58.883+0000] {drift_monitoring.py:297} WARNING - ⚠️ Fichier manquant : predictions/date=2025-07-26/hour=09/prediction.parquet ou targets/date=2025-07-26/hour=09/target.parquet → ignoré
[2025-07-29T21:47:58.884+0000] {drift_monitoring.py:262} INFO - 📥 Téléchargement predictions/date=2025-07-26/hour=10/prediction.parquet et targets/date=2025-07-26/hour=10/target.parquet
[2025-07-29T21:47:58.897+0000] {drift_monitoring.py:297} WARNING - ⚠️ Fichier manquant : predictions/date=2025-07-26/hour=10/prediction.parquet ou targets/date=2025-07-26/hour=10/target.parquet → ignoré
[2025-07-29T21:47:58.897+0000] {drift_monitoring.py:262} INFO - 📥 Téléchargement predictions/date=2025-07-26/hour=11/prediction.parquet et targets/date=2025-07-26/hour=11/target.parquet
[2025-07-29T21:47:58.910+0000] {drift_monitoring.py:297} WARNING - ⚠️ Fichier manquant : predictions/date=2025-07-26/hour=11/prediction.parquet ou targets/date=2025-07-26/hour=11/target.parquet → ignoré
[2025-07-29T21:47:58.911+0000] {drift_monitoring.py:262} INFO - 📥 Téléchargement predictions/date=2025-07-26/hour=12/prediction.parquet et targets/date=2025-07-26/hour=12/target.parquet
[2025-07-29T21:47:58.923+0000] {drift_monitoring.py:297} WARNING - ⚠️ Fichier manquant : predictions/date=2025-07-26/hour=12/prediction.parquet ou targets/date=2025-07-26/hour=12/target.parquet → ignoré
[2025-07-29T21:47:58.924+0000] {drift_monitoring.py:262} INFO - 📥 Téléchargement predictions/date=2025-07-26/hour=13/prediction.parquet et targets/date=2025-07-26/hour=13/target.parquet
[2025-07-29T21:47:58.936+0000] {drift_monitoring.py:297} WARNING - ⚠️ Fichier manquant : predictions/date=2025-07-26/hour=13/prediction.parquet ou targets/date=2025-07-26/hour=13/target.parquet → ignoré
[2025-07-29T21:47:58.937+0000] {drift_monitoring.py:262} INFO - 📥 Téléchargement predictions/date=2025-07-26/hour=14/prediction.parquet et targets/date=2025-07-26/hour=14/target.parquet
[2025-07-29T21:47:58.950+0000] {drift_monitoring.py:297} WARNING - ⚠️ Fichier manquant : predictions/date=2025-07-26/hour=14/prediction.parquet ou targets/date=2025-07-26/hour=14/target.parquet → ignoré
[2025-07-29T21:47:58.951+0000] {drift_monitoring.py:262} INFO - 📥 Téléchargement predictions/date=2025-07-26/hour=15/prediction.parquet et targets/date=2025-07-26/hour=15/target.parquet
[2025-07-29T21:47:58.963+0000] {drift_monitoring.py:297} WARNING - ⚠️ Fichier manquant : predictions/date=2025-07-26/hour=15/prediction.parquet ou targets/date=2025-07-26/hour=15/target.parquet → ignoré
[2025-07-29T21:47:58.964+0000] {drift_monitoring.py:262} INFO - 📥 Téléchargement predictions/date=2025-07-26/hour=16/prediction.parquet et targets/date=2025-07-26/hour=16/target.parquet
[2025-07-29T21:47:58.976+0000] {drift_monitoring.py:297} WARNING - ⚠️ Fichier manquant : predictions/date=2025-07-26/hour=16/prediction.parquet ou targets/date=2025-07-26/hour=16/target.parquet → ignoré
[2025-07-29T21:47:58.977+0000] {drift_monitoring.py:262} INFO - 📥 Téléchargement predictions/date=2025-07-26/hour=17/prediction.parquet et targets/date=2025-07-26/hour=17/target.parquet
[2025-07-29T21:47:58.988+0000] {drift_monitoring.py:297} WARNING - ⚠️ Fichier manquant : predictions/date=2025-07-26/hour=17/prediction.parquet ou targets/date=2025-07-26/hour=17/target.parquet → ignoré
[2025-07-29T21:47:58.989+0000] {drift_monitoring.py:262} INFO - 📥 Téléchargement predictions/date=2025-07-26/hour=18/prediction.parquet et targets/date=2025-07-26/hour=18/target.parquet
[2025-07-29T21:47:59.002+0000] {drift_monitoring.py:297} WARNING - ⚠️ Fichier manquant : predictions/date=2025-07-26/hour=18/prediction.parquet ou targets/date=2025-07-26/hour=18/target.parquet → ignoré
[2025-07-29T21:47:59.003+0000] {drift_monitoring.py:262} INFO - 📥 Téléchargement predictions/date=2025-07-26/hour=19/prediction.parquet et targets/date=2025-07-26/hour=19/target.parquet
[2025-07-29T21:47:59.016+0000] {drift_monitoring.py:297} WARNING - ⚠️ Fichier manquant : predictions/date=2025-07-26/hour=19/prediction.parquet ou targets/date=2025-07-26/hour=19/target.parquet → ignoré
[2025-07-29T21:47:59.017+0000] {drift_monitoring.py:262} INFO - 📥 Téléchargement predictions/date=2025-07-26/hour=20/prediction.parquet et targets/date=2025-07-26/hour=20/target.parquet
[2025-07-29T21:47:59.030+0000] {drift_monitoring.py:297} WARNING - ⚠️ Fichier manquant : predictions/date=2025-07-26/hour=20/prediction.parquet ou targets/date=2025-07-26/hour=20/target.parquet → ignoré
[2025-07-29T21:47:59.031+0000] {drift_monitoring.py:262} INFO - 📥 Téléchargement predictions/date=2025-07-26/hour=21/prediction.parquet et targets/date=2025-07-26/hour=21/target.parquet
[2025-07-29T21:47:59.043+0000] {drift_monitoring.py:297} WARNING - ⚠️ Fichier manquant : predictions/date=2025-07-26/hour=21/prediction.parquet ou targets/date=2025-07-26/hour=21/target.parquet → ignoré
[2025-07-29T21:47:59.044+0000] {drift_monitoring.py:262} INFO - 📥 Téléchargement predictions/date=2025-07-26/hour=22/prediction.parquet et targets/date=2025-07-26/hour=22/target.parquet
[2025-07-29T21:47:59.055+0000] {drift_monitoring.py:297} WARNING - ⚠️ Fichier manquant : predictions/date=2025-07-26/hour=22/prediction.parquet ou targets/date=2025-07-26/hour=22/target.parquet → ignoré
[2025-07-29T21:47:59.056+0000] {drift_monitoring.py:262} INFO - 📥 Téléchargement predictions/date=2025-07-26/hour=23/prediction.parquet et targets/date=2025-07-26/hour=23/target.parquet
[2025-07-29T21:47:59.067+0000] {drift_monitoring.py:297} WARNING - ⚠️ Fichier manquant : predictions/date=2025-07-26/hour=23/prediction.parquet ou targets/date=2025-07-26/hour=23/target.parquet → ignoré
[2025-07-29T21:47:59.068+0000] {drift_monitoring.py:262} INFO - 📥 Téléchargement predictions/date=2025-07-27/hour=00/prediction.parquet et targets/date=2025-07-27/hour=00/target.parquet
[2025-07-29T21:47:59.081+0000] {drift_monitoring.py:297} WARNING - ⚠️ Fichier manquant : predictions/date=2025-07-27/hour=00/prediction.parquet ou targets/date=2025-07-27/hour=00/target.parquet → ignoré
[2025-07-29T21:47:59.082+0000] {drift_monitoring.py:262} INFO - 📥 Téléchargement predictions/date=2025-07-27/hour=01/prediction.parquet et targets/date=2025-07-27/hour=01/target.parquet
[2025-07-29T21:47:59.094+0000] {drift_monitoring.py:297} WARNING - ⚠️ Fichier manquant : predictions/date=2025-07-27/hour=01/prediction.parquet ou targets/date=2025-07-27/hour=01/target.parquet → ignoré
[2025-07-29T21:47:59.095+0000] {drift_monitoring.py:262} INFO - 📥 Téléchargement predictions/date=2025-07-27/hour=02/prediction.parquet et targets/date=2025-07-27/hour=02/target.parquet
[2025-07-29T21:47:59.106+0000] {drift_monitoring.py:297} WARNING - ⚠️ Fichier manquant : predictions/date=2025-07-27/hour=02/prediction.parquet ou targets/date=2025-07-27/hour=02/target.parquet → ignoré
[2025-07-29T21:47:59.107+0000] {drift_monitoring.py:262} INFO - 📥 Téléchargement predictions/date=2025-07-27/hour=03/prediction.parquet et targets/date=2025-07-27/hour=03/target.parquet
[2025-07-29T21:47:59.119+0000] {drift_monitoring.py:297} WARNING - ⚠️ Fichier manquant : predictions/date=2025-07-27/hour=03/prediction.parquet ou targets/date=2025-07-27/hour=03/target.parquet → ignoré
[2025-07-29T21:47:59.120+0000] {drift_monitoring.py:262} INFO - 📥 Téléchargement predictions/date=2025-07-27/hour=04/prediction.parquet et targets/date=2025-07-27/hour=04/target.parquet
[2025-07-29T21:47:59.133+0000] {drift_monitoring.py:297} WARNING - ⚠️ Fichier manquant : predictions/date=2025-07-27/hour=04/prediction.parquet ou targets/date=2025-07-27/hour=04/target.parquet → ignoré
[2025-07-29T21:47:59.134+0000] {drift_monitoring.py:262} INFO - 📥 Téléchargement predictions/date=2025-07-27/hour=05/prediction.parquet et targets/date=2025-07-27/hour=05/target.parquet
[2025-07-29T21:47:59.146+0000] {drift_monitoring.py:297} WARNING - ⚠️ Fichier manquant : predictions/date=2025-07-27/hour=05/prediction.parquet ou targets/date=2025-07-27/hour=05/target.parquet → ignoré
[2025-07-29T21:47:59.147+0000] {drift_monitoring.py:262} INFO - 📥 Téléchargement predictions/date=2025-07-27/hour=06/prediction.parquet et targets/date=2025-07-27/hour=06/target.parquet
[2025-07-29T21:47:59.158+0000] {drift_monitoring.py:297} WARNING - ⚠️ Fichier manquant : predictions/date=2025-07-27/hour=06/prediction.parquet ou targets/date=2025-07-27/hour=06/target.parquet → ignoré
[2025-07-29T21:47:59.159+0000] {drift_monitoring.py:262} INFO - 📥 Téléchargement predictions/date=2025-07-27/hour=07/prediction.parquet et targets/date=2025-07-27/hour=07/target.parquet
[2025-07-29T21:47:59.170+0000] {drift_monitoring.py:297} WARNING - ⚠️ Fichier manquant : predictions/date=2025-07-27/hour=07/prediction.parquet ou targets/date=2025-07-27/hour=07/target.parquet → ignoré
[2025-07-29T21:47:59.171+0000] {drift_monitoring.py:262} INFO - 📥 Téléchargement predictions/date=2025-07-27/hour=08/prediction.parquet et targets/date=2025-07-27/hour=08/target.parquet
[2025-07-29T21:47:59.183+0000] {drift_monitoring.py:297} WARNING - ⚠️ Fichier manquant : predictions/date=2025-07-27/hour=08/prediction.parquet ou targets/date=2025-07-27/hour=08/target.parquet → ignoré
[2025-07-29T21:47:59.184+0000] {drift_monitoring.py:262} INFO - 📥 Téléchargement predictions/date=2025-07-27/hour=09/prediction.parquet et targets/date=2025-07-27/hour=09/target.parquet
[2025-07-29T21:47:59.197+0000] {drift_monitoring.py:297} WARNING - ⚠️ Fichier manquant : predictions/date=2025-07-27/hour=09/prediction.parquet ou targets/date=2025-07-27/hour=09/target.parquet → ignoré
[2025-07-29T21:47:59.198+0000] {drift_monitoring.py:262} INFO - 📥 Téléchargement predictions/date=2025-07-27/hour=10/prediction.parquet et targets/date=2025-07-27/hour=10/target.parquet
[2025-07-29T21:47:59.210+0000] {drift_monitoring.py:297} WARNING - ⚠️ Fichier manquant : predictions/date=2025-07-27/hour=10/prediction.parquet ou targets/date=2025-07-27/hour=10/target.parquet → ignoré
[2025-07-29T21:47:59.211+0000] {drift_monitoring.py:262} INFO - 📥 Téléchargement predictions/date=2025-07-27/hour=11/prediction.parquet et targets/date=2025-07-27/hour=11/target.parquet
[2025-07-29T21:47:59.223+0000] {drift_monitoring.py:297} WARNING - ⚠️ Fichier manquant : predictions/date=2025-07-27/hour=11/prediction.parquet ou targets/date=2025-07-27/hour=11/target.parquet → ignoré
[2025-07-29T21:47:59.224+0000] {drift_monitoring.py:262} INFO - 📥 Téléchargement predictions/date=2025-07-27/hour=12/prediction.parquet et targets/date=2025-07-27/hour=12/target.parquet
[2025-07-29T21:47:59.236+0000] {drift_monitoring.py:297} WARNING - ⚠️ Fichier manquant : predictions/date=2025-07-27/hour=12/prediction.parquet ou targets/date=2025-07-27/hour=12/target.parquet → ignoré
[2025-07-29T21:47:59.237+0000] {drift_monitoring.py:262} INFO - 📥 Téléchargement predictions/date=2025-07-27/hour=13/prediction.parquet et targets/date=2025-07-27/hour=13/target.parquet
[2025-07-29T21:47:59.249+0000] {drift_monitoring.py:297} WARNING - ⚠️ Fichier manquant : predictions/date=2025-07-27/hour=13/prediction.parquet ou targets/date=2025-07-27/hour=13/target.parquet → ignoré
[2025-07-29T21:47:59.250+0000] {drift_monitoring.py:262} INFO - 📥 Téléchargement predictions/date=2025-07-27/hour=14/prediction.parquet et targets/date=2025-07-27/hour=14/target.parquet
[2025-07-29T21:47:59.262+0000] {drift_monitoring.py:297} WARNING - ⚠️ Fichier manquant : predictions/date=2025-07-27/hour=14/prediction.parquet ou targets/date=2025-07-27/hour=14/target.parquet → ignoré
[2025-07-29T21:47:59.263+0000] {drift_monitoring.py:262} INFO - 📥 Téléchargement predictions/date=2025-07-27/hour=15/prediction.parquet et targets/date=2025-07-27/hour=15/target.parquet
[2025-07-29T21:47:59.276+0000] {drift_monitoring.py:297} WARNING - ⚠️ Fichier manquant : predictions/date=2025-07-27/hour=15/prediction.parquet ou targets/date=2025-07-27/hour=15/target.parquet → ignoré
[2025-07-29T21:47:59.277+0000] {drift_monitoring.py:262} INFO - 📥 Téléchargement predictions/date=2025-07-27/hour=16/prediction.parquet et targets/date=2025-07-27/hour=16/target.parquet
[2025-07-29T21:47:59.289+0000] {drift_monitoring.py:297} WARNING - ⚠️ Fichier manquant : predictions/date=2025-07-27/hour=16/prediction.parquet ou targets/date=2025-07-27/hour=16/target.parquet → ignoré
[2025-07-29T21:47:59.290+0000] {drift_monitoring.py:262} INFO - 📥 Téléchargement predictions/date=2025-07-27/hour=17/prediction.parquet et targets/date=2025-07-27/hour=17/target.parquet
[2025-07-29T21:47:59.303+0000] {drift_monitoring.py:297} WARNING - ⚠️ Fichier manquant : predictions/date=2025-07-27/hour=17/prediction.parquet ou targets/date=2025-07-27/hour=17/target.parquet → ignoré
[2025-07-29T21:47:59.304+0000] {drift_monitoring.py:262} INFO - 📥 Téléchargement predictions/date=2025-07-27/hour=18/prediction.parquet et targets/date=2025-07-27/hour=18/target.parquet
[2025-07-29T21:47:59.317+0000] {drift_monitoring.py:297} WARNING - ⚠️ Fichier manquant : predictions/date=2025-07-27/hour=18/prediction.parquet ou targets/date=2025-07-27/hour=18/target.parquet → ignoré
[2025-07-29T21:47:59.318+0000] {drift_monitoring.py:262} INFO - 📥 Téléchargement predictions/date=2025-07-27/hour=19/prediction.parquet et targets/date=2025-07-27/hour=19/target.parquet
[2025-07-29T21:47:59.331+0000] {drift_monitoring.py:297} WARNING - ⚠️ Fichier manquant : predictions/date=2025-07-27/hour=19/prediction.parquet ou targets/date=2025-07-27/hour=19/target.parquet → ignoré
[2025-07-29T21:47:59.332+0000] {drift_monitoring.py:262} INFO - 📥 Téléchargement predictions/date=2025-07-27/hour=20/prediction.parquet et targets/date=2025-07-27/hour=20/target.parquet
[2025-07-29T21:47:59.343+0000] {drift_monitoring.py:297} WARNING - ⚠️ Fichier manquant : predictions/date=2025-07-27/hour=20/prediction.parquet ou targets/date=2025-07-27/hour=20/target.parquet → ignoré
[2025-07-29T21:47:59.344+0000] {drift_monitoring.py:262} INFO - 📥 Téléchargement predictions/date=2025-07-27/hour=21/prediction.parquet et targets/date=2025-07-27/hour=21/target.parquet
[2025-07-29T21:47:59.355+0000] {drift_monitoring.py:297} WARNING - ⚠️ Fichier manquant : predictions/date=2025-07-27/hour=21/prediction.parquet ou targets/date=2025-07-27/hour=21/target.parquet → ignoré
[2025-07-29T21:47:59.356+0000] {drift_monitoring.py:262} INFO - 📥 Téléchargement predictions/date=2025-07-27/hour=22/prediction.parquet et targets/date=2025-07-27/hour=22/target.parquet
[2025-07-29T21:47:59.368+0000] {drift_monitoring.py:297} WARNING - ⚠️ Fichier manquant : predictions/date=2025-07-27/hour=22/prediction.parquet ou targets/date=2025-07-27/hour=22/target.parquet → ignoré
[2025-07-29T21:47:59.369+0000] {drift_monitoring.py:262} INFO - 📥 Téléchargement predictions/date=2025-07-27/hour=23/prediction.parquet et targets/date=2025-07-27/hour=23/target.parquet
[2025-07-29T21:47:59.381+0000] {drift_monitoring.py:297} WARNING - ⚠️ Fichier manquant : predictions/date=2025-07-27/hour=23/prediction.parquet ou targets/date=2025-07-27/hour=23/target.parquet → ignoré
[2025-07-29T21:47:59.382+0000] {drift_monitoring.py:262} INFO - 📥 Téléchargement predictions/date=2025-07-28/hour=00/prediction.parquet et targets/date=2025-07-28/hour=00/target.parquet
[2025-07-29T21:47:59.394+0000] {drift_monitoring.py:297} WARNING - ⚠️ Fichier manquant : predictions/date=2025-07-28/hour=00/prediction.parquet ou targets/date=2025-07-28/hour=00/target.parquet → ignoré
[2025-07-29T21:47:59.395+0000] {drift_monitoring.py:262} INFO - 📥 Téléchargement predictions/date=2025-07-28/hour=01/prediction.parquet et targets/date=2025-07-28/hour=01/target.parquet
[2025-07-29T21:47:59.409+0000] {drift_monitoring.py:297} WARNING - ⚠️ Fichier manquant : predictions/date=2025-07-28/hour=01/prediction.parquet ou targets/date=2025-07-28/hour=01/target.parquet → ignoré
[2025-07-29T21:47:59.410+0000] {drift_monitoring.py:262} INFO - 📥 Téléchargement predictions/date=2025-07-28/hour=02/prediction.parquet et targets/date=2025-07-28/hour=02/target.parquet
[2025-07-29T21:47:59.423+0000] {drift_monitoring.py:297} WARNING - ⚠️ Fichier manquant : predictions/date=2025-07-28/hour=02/prediction.parquet ou targets/date=2025-07-28/hour=02/target.parquet → ignoré
[2025-07-29T21:47:59.424+0000] {drift_monitoring.py:262} INFO - 📥 Téléchargement predictions/date=2025-07-28/hour=03/prediction.parquet et targets/date=2025-07-28/hour=03/target.parquet
[2025-07-29T21:47:59.437+0000] {drift_monitoring.py:297} WARNING - ⚠️ Fichier manquant : predictions/date=2025-07-28/hour=03/prediction.parquet ou targets/date=2025-07-28/hour=03/target.parquet → ignoré
[2025-07-29T21:47:59.439+0000] {drift_monitoring.py:262} INFO - 📥 Téléchargement predictions/date=2025-07-28/hour=04/prediction.parquet et targets/date=2025-07-28/hour=04/target.parquet
[2025-07-29T21:47:59.451+0000] {drift_monitoring.py:297} WARNING - ⚠️ Fichier manquant : predictions/date=2025-07-28/hour=04/prediction.parquet ou targets/date=2025-07-28/hour=04/target.parquet → ignoré
[2025-07-29T21:47:59.452+0000] {drift_monitoring.py:262} INFO - 📥 Téléchargement predictions/date=2025-07-28/hour=05/prediction.parquet et targets/date=2025-07-28/hour=05/target.parquet
[2025-07-29T21:47:59.464+0000] {drift_monitoring.py:297} WARNING - ⚠️ Fichier manquant : predictions/date=2025-07-28/hour=05/prediction.parquet ou targets/date=2025-07-28/hour=05/target.parquet → ignoré
[2025-07-29T21:47:59.465+0000] {drift_monitoring.py:262} INFO - 📥 Téléchargement predictions/date=2025-07-28/hour=06/prediction.parquet et targets/date=2025-07-28/hour=06/target.parquet
[2025-07-29T21:47:59.476+0000] {drift_monitoring.py:297} WARNING - ⚠️ Fichier manquant : predictions/date=2025-07-28/hour=06/prediction.parquet ou targets/date=2025-07-28/hour=06/target.parquet → ignoré
[2025-07-29T21:47:59.477+0000] {drift_monitoring.py:262} INFO - 📥 Téléchargement predictions/date=2025-07-28/hour=07/prediction.parquet et targets/date=2025-07-28/hour=07/target.parquet
[2025-07-29T21:47:59.490+0000] {drift_monitoring.py:297} WARNING - ⚠️ Fichier manquant : predictions/date=2025-07-28/hour=07/prediction.parquet ou targets/date=2025-07-28/hour=07/target.parquet → ignoré
[2025-07-29T21:47:59.492+0000] {drift_monitoring.py:262} INFO - 📥 Téléchargement predictions/date=2025-07-28/hour=08/prediction.parquet et targets/date=2025-07-28/hour=08/target.parquet
[2025-07-29T21:47:59.504+0000] {drift_monitoring.py:297} WARNING - ⚠️ Fichier manquant : predictions/date=2025-07-28/hour=08/prediction.parquet ou targets/date=2025-07-28/hour=08/target.parquet → ignoré
[2025-07-29T21:47:59.505+0000] {drift_monitoring.py:262} INFO - 📥 Téléchargement predictions/date=2025-07-28/hour=09/prediction.parquet et targets/date=2025-07-28/hour=09/target.parquet
[2025-07-29T21:47:59.518+0000] {drift_monitoring.py:297} WARNING - ⚠️ Fichier manquant : predictions/date=2025-07-28/hour=09/prediction.parquet ou targets/date=2025-07-28/hour=09/target.parquet → ignoré
[2025-07-29T21:47:59.519+0000] {drift_monitoring.py:262} INFO - 📥 Téléchargement predictions/date=2025-07-28/hour=10/prediction.parquet et targets/date=2025-07-28/hour=10/target.parquet
[2025-07-29T21:47:59.531+0000] {drift_monitoring.py:297} WARNING - ⚠️ Fichier manquant : predictions/date=2025-07-28/hour=10/prediction.parquet ou targets/date=2025-07-28/hour=10/target.parquet → ignoré
[2025-07-29T21:47:59.531+0000] {drift_monitoring.py:262} INFO - 📥 Téléchargement predictions/date=2025-07-28/hour=11/prediction.parquet et targets/date=2025-07-28/hour=11/target.parquet
[2025-07-29T21:47:59.544+0000] {drift_monitoring.py:297} WARNING - ⚠️ Fichier manquant : predictions/date=2025-07-28/hour=11/prediction.parquet ou targets/date=2025-07-28/hour=11/target.parquet → ignoré
[2025-07-29T21:47:59.545+0000] {drift_monitoring.py:262} INFO - 📥 Téléchargement predictions/date=2025-07-28/hour=12/prediction.parquet et targets/date=2025-07-28/hour=12/target.parquet
[2025-07-29T21:47:59.556+0000] {drift_monitoring.py:297} WARNING - ⚠️ Fichier manquant : predictions/date=2025-07-28/hour=12/prediction.parquet ou targets/date=2025-07-28/hour=12/target.parquet → ignoré
[2025-07-29T21:47:59.557+0000] {drift_monitoring.py:262} INFO - 📥 Téléchargement predictions/date=2025-07-28/hour=13/prediction.parquet et targets/date=2025-07-28/hour=13/target.parquet
[2025-07-29T21:47:59.568+0000] {drift_monitoring.py:297} WARNING - ⚠️ Fichier manquant : predictions/date=2025-07-28/hour=13/prediction.parquet ou targets/date=2025-07-28/hour=13/target.parquet → ignoré
[2025-07-29T21:47:59.569+0000] {drift_monitoring.py:262} INFO - 📥 Téléchargement predictions/date=2025-07-28/hour=14/prediction.parquet et targets/date=2025-07-28/hour=14/target.parquet
[2025-07-29T21:47:59.581+0000] {drift_monitoring.py:297} WARNING - ⚠️ Fichier manquant : predictions/date=2025-07-28/hour=14/prediction.parquet ou targets/date=2025-07-28/hour=14/target.parquet → ignoré
[2025-07-29T21:47:59.582+0000] {drift_monitoring.py:262} INFO - 📥 Téléchargement predictions/date=2025-07-28/hour=15/prediction.parquet et targets/date=2025-07-28/hour=15/target.parquet
[2025-07-29T21:47:59.593+0000] {drift_monitoring.py:297} WARNING - ⚠️ Fichier manquant : predictions/date=2025-07-28/hour=15/prediction.parquet ou targets/date=2025-07-28/hour=15/target.parquet → ignoré
[2025-07-29T21:47:59.594+0000] {drift_monitoring.py:262} INFO - 📥 Téléchargement predictions/date=2025-07-28/hour=16/prediction.parquet et targets/date=2025-07-28/hour=16/target.parquet
[2025-07-29T21:47:59.607+0000] {drift_monitoring.py:297} WARNING - ⚠️ Fichier manquant : predictions/date=2025-07-28/hour=16/prediction.parquet ou targets/date=2025-07-28/hour=16/target.parquet → ignoré
[2025-07-29T21:47:59.608+0000] {drift_monitoring.py:262} INFO - 📥 Téléchargement predictions/date=2025-07-28/hour=17/prediction.parquet et targets/date=2025-07-28/hour=17/target.parquet
[2025-07-29T21:47:59.621+0000] {drift_monitoring.py:297} WARNING - ⚠️ Fichier manquant : predictions/date=2025-07-28/hour=17/prediction.parquet ou targets/date=2025-07-28/hour=17/target.parquet → ignoré
[2025-07-29T21:47:59.622+0000] {drift_monitoring.py:262} INFO - 📥 Téléchargement predictions/date=2025-07-28/hour=18/prediction.parquet et targets/date=2025-07-28/hour=18/target.parquet
[2025-07-29T21:47:59.634+0000] {drift_monitoring.py:297} WARNING - ⚠️ Fichier manquant : predictions/date=2025-07-28/hour=18/prediction.parquet ou targets/date=2025-07-28/hour=18/target.parquet → ignoré
[2025-07-29T21:47:59.634+0000] {drift_monitoring.py:262} INFO - 📥 Téléchargement predictions/date=2025-07-28/hour=19/prediction.parquet et targets/date=2025-07-28/hour=19/target.parquet
[2025-07-29T21:47:59.647+0000] {drift_monitoring.py:297} WARNING - ⚠️ Fichier manquant : predictions/date=2025-07-28/hour=19/prediction.parquet ou targets/date=2025-07-28/hour=19/target.parquet → ignoré
[2025-07-29T21:47:59.648+0000] {drift_monitoring.py:262} INFO - 📥 Téléchargement predictions/date=2025-07-28/hour=20/prediction.parquet et targets/date=2025-07-28/hour=20/target.parquet
[2025-07-29T21:47:59.664+0000] {drift_monitoring.py:297} WARNING - ⚠️ Fichier manquant : predictions/date=2025-07-28/hour=20/prediction.parquet ou targets/date=2025-07-28/hour=20/target.parquet → ignoré
[2025-07-29T21:47:59.665+0000] {drift_monitoring.py:262} INFO - 📥 Téléchargement predictions/date=2025-07-28/hour=21/prediction.parquet et targets/date=2025-07-28/hour=21/target.parquet
[2025-07-29T21:47:59.682+0000] {drift_monitoring.py:297} WARNING - ⚠️ Fichier manquant : predictions/date=2025-07-28/hour=21/prediction.parquet ou targets/date=2025-07-28/hour=21/target.parquet → ignoré
[2025-07-29T21:47:59.683+0000] {drift_monitoring.py:262} INFO - 📥 Téléchargement predictions/date=2025-07-28/hour=22/prediction.parquet et targets/date=2025-07-28/hour=22/target.parquet
[2025-07-29T21:47:59.698+0000] {drift_monitoring.py:297} WARNING - ⚠️ Fichier manquant : predictions/date=2025-07-28/hour=22/prediction.parquet ou targets/date=2025-07-28/hour=22/target.parquet → ignoré
[2025-07-29T21:47:59.699+0000] {drift_monitoring.py:262} INFO - 📥 Téléchargement predictions/date=2025-07-28/hour=23/prediction.parquet et targets/date=2025-07-28/hour=23/target.parquet
[2025-07-29T21:47:59.714+0000] {drift_monitoring.py:297} WARNING - ⚠️ Fichier manquant : predictions/date=2025-07-28/hour=23/prediction.parquet ou targets/date=2025-07-28/hour=23/target.parquet → ignoré
[2025-07-29T21:47:59.715+0000] {drift_monitoring.py:262} INFO - 📥 Téléchargement predictions/date=2025-07-29/hour=00/prediction.parquet et targets/date=2025-07-29/hour=00/target.parquet
[2025-07-29T21:47:59.731+0000] {drift_monitoring.py:297} WARNING - ⚠️ Fichier manquant : predictions/date=2025-07-29/hour=00/prediction.parquet ou targets/date=2025-07-29/hour=00/target.parquet → ignoré
[2025-07-29T21:47:59.732+0000] {drift_monitoring.py:262} INFO - 📥 Téléchargement predictions/date=2025-07-29/hour=01/prediction.parquet et targets/date=2025-07-29/hour=01/target.parquet
[2025-07-29T21:47:59.747+0000] {drift_monitoring.py:297} WARNING - ⚠️ Fichier manquant : predictions/date=2025-07-29/hour=01/prediction.parquet ou targets/date=2025-07-29/hour=01/target.parquet → ignoré
[2025-07-29T21:47:59.748+0000] {drift_monitoring.py:262} INFO - 📥 Téléchargement predictions/date=2025-07-29/hour=02/prediction.parquet et targets/date=2025-07-29/hour=02/target.parquet
[2025-07-29T21:47:59.764+0000] {drift_monitoring.py:297} WARNING - ⚠️ Fichier manquant : predictions/date=2025-07-29/hour=02/prediction.parquet ou targets/date=2025-07-29/hour=02/target.parquet → ignoré
[2025-07-29T21:47:59.765+0000] {drift_monitoring.py:262} INFO - 📥 Téléchargement predictions/date=2025-07-29/hour=03/prediction.parquet et targets/date=2025-07-29/hour=03/target.parquet
[2025-07-29T21:47:59.779+0000] {drift_monitoring.py:297} WARNING - ⚠️ Fichier manquant : predictions/date=2025-07-29/hour=03/prediction.parquet ou targets/date=2025-07-29/hour=03/target.parquet → ignoré
[2025-07-29T21:47:59.781+0000] {drift_monitoring.py:262} INFO - 📥 Téléchargement predictions/date=2025-07-29/hour=04/prediction.parquet et targets/date=2025-07-29/hour=04/target.parquet
[2025-07-29T21:47:59.793+0000] {drift_monitoring.py:297} WARNING - ⚠️ Fichier manquant : predictions/date=2025-07-29/hour=04/prediction.parquet ou targets/date=2025-07-29/hour=04/target.parquet → ignoré
[2025-07-29T21:47:59.794+0000] {drift_monitoring.py:262} INFO - 📥 Téléchargement predictions/date=2025-07-29/hour=05/prediction.parquet et targets/date=2025-07-29/hour=05/target.parquet
[2025-07-29T21:47:59.809+0000] {drift_monitoring.py:297} WARNING - ⚠️ Fichier manquant : predictions/date=2025-07-29/hour=05/prediction.parquet ou targets/date=2025-07-29/hour=05/target.parquet → ignoré
[2025-07-29T21:47:59.810+0000] {drift_monitoring.py:262} INFO - 📥 Téléchargement predictions/date=2025-07-29/hour=06/prediction.parquet et targets/date=2025-07-29/hour=06/target.parquet
[2025-07-29T21:47:59.823+0000] {drift_monitoring.py:297} WARNING - ⚠️ Fichier manquant : predictions/date=2025-07-29/hour=06/prediction.parquet ou targets/date=2025-07-29/hour=06/target.parquet → ignoré
[2025-07-29T21:47:59.824+0000] {drift_monitoring.py:262} INFO - 📥 Téléchargement predictions/date=2025-07-29/hour=07/prediction.parquet et targets/date=2025-07-29/hour=07/target.parquet
[2025-07-29T21:47:59.835+0000] {drift_monitoring.py:297} WARNING - ⚠️ Fichier manquant : predictions/date=2025-07-29/hour=07/prediction.parquet ou targets/date=2025-07-29/hour=07/target.parquet → ignoré
[2025-07-29T21:47:59.836+0000] {drift_monitoring.py:262} INFO - 📥 Téléchargement predictions/date=2025-07-29/hour=08/prediction.parquet et targets/date=2025-07-29/hour=08/target.parquet
[2025-07-29T21:47:59.880+0000] {drift_monitoring.py:297} WARNING - ⚠️ Fichier manquant : predictions/date=2025-07-29/hour=08/prediction.parquet ou targets/date=2025-07-29/hour=08/target.parquet → ignoré
[2025-07-29T21:47:59.881+0000] {drift_monitoring.py:262} INFO - 📥 Téléchargement predictions/date=2025-07-29/hour=09/prediction.parquet et targets/date=2025-07-29/hour=09/target.parquet
[2025-07-29T21:47:59.891+0000] {drift_monitoring.py:297} WARNING - ⚠️ Fichier manquant : predictions/date=2025-07-29/hour=09/prediction.parquet ou targets/date=2025-07-29/hour=09/target.parquet → ignoré
[2025-07-29T21:47:59.892+0000] {drift_monitoring.py:262} INFO - 📥 Téléchargement predictions/date=2025-07-29/hour=10/prediction.parquet et targets/date=2025-07-29/hour=10/target.parquet
[2025-07-29T21:47:59.902+0000] {drift_monitoring.py:297} WARNING - ⚠️ Fichier manquant : predictions/date=2025-07-29/hour=10/prediction.parquet ou targets/date=2025-07-29/hour=10/target.parquet → ignoré
[2025-07-29T21:47:59.903+0000] {drift_monitoring.py:262} INFO - 📥 Téléchargement predictions/date=2025-07-29/hour=11/prediction.parquet et targets/date=2025-07-29/hour=11/target.parquet
[2025-07-29T21:47:59.916+0000] {drift_monitoring.py:297} WARNING - ⚠️ Fichier manquant : predictions/date=2025-07-29/hour=11/prediction.parquet ou targets/date=2025-07-29/hour=11/target.parquet → ignoré
[2025-07-29T21:47:59.917+0000] {drift_monitoring.py:262} INFO - 📥 Téléchargement predictions/date=2025-07-29/hour=12/prediction.parquet et targets/date=2025-07-29/hour=12/target.parquet
[2025-07-29T21:47:59.934+0000] {drift_monitoring.py:297} WARNING - ⚠️ Fichier manquant : predictions/date=2025-07-29/hour=12/prediction.parquet ou targets/date=2025-07-29/hour=12/target.parquet → ignoré
[2025-07-29T21:47:59.935+0000] {drift_monitoring.py:262} INFO - 📥 Téléchargement predictions/date=2025-07-29/hour=13/prediction.parquet et targets/date=2025-07-29/hour=13/target.parquet
[2025-07-29T21:47:59.952+0000] {drift_monitoring.py:297} WARNING - ⚠️ Fichier manquant : predictions/date=2025-07-29/hour=13/prediction.parquet ou targets/date=2025-07-29/hour=13/target.parquet → ignoré
[2025-07-29T21:47:59.954+0000] {drift_monitoring.py:262} INFO - 📥 Téléchargement predictions/date=2025-07-29/hour=14/prediction.parquet et targets/date=2025-07-29/hour=14/target.parquet
[2025-07-29T21:47:59.971+0000] {drift_monitoring.py:297} WARNING - ⚠️ Fichier manquant : predictions/date=2025-07-29/hour=14/prediction.parquet ou targets/date=2025-07-29/hour=14/target.parquet → ignoré
[2025-07-29T21:47:59.972+0000] {drift_monitoring.py:262} INFO - 📥 Téléchargement predictions/date=2025-07-29/hour=15/prediction.parquet et targets/date=2025-07-29/hour=15/target.parquet
[2025-07-29T21:47:59.990+0000] {drift_monitoring.py:297} WARNING - ⚠️ Fichier manquant : predictions/date=2025-07-29/hour=15/prediction.parquet ou targets/date=2025-07-29/hour=15/target.parquet → ignoré
[2025-07-29T21:47:59.992+0000] {drift_monitoring.py:262} INFO - 📥 Téléchargement predictions/date=2025-07-29/hour=16/prediction.parquet et targets/date=2025-07-29/hour=16/target.parquet
[2025-07-29T21:48:00.008+0000] {drift_monitoring.py:297} WARNING - ⚠️ Fichier manquant : predictions/date=2025-07-29/hour=16/prediction.parquet ou targets/date=2025-07-29/hour=16/target.parquet → ignoré
[2025-07-29T21:48:00.009+0000] {drift_monitoring.py:262} INFO - 📥 Téléchargement predictions/date=2025-07-29/hour=17/prediction.parquet et targets/date=2025-07-29/hour=17/target.parquet
[2025-07-29T21:48:00.023+0000] {drift_monitoring.py:297} WARNING - ⚠️ Fichier manquant : predictions/date=2025-07-29/hour=17/prediction.parquet ou targets/date=2025-07-29/hour=17/target.parquet → ignoré
[2025-07-29T21:48:00.024+0000] {drift_monitoring.py:262} INFO - 📥 Téléchargement predictions/date=2025-07-29/hour=18/prediction.parquet et targets/date=2025-07-29/hour=18/target.parquet
[2025-07-29T21:48:00.036+0000] {drift_monitoring.py:297} WARNING - ⚠️ Fichier manquant : predictions/date=2025-07-29/hour=18/prediction.parquet ou targets/date=2025-07-29/hour=18/target.parquet → ignoré
[2025-07-29T21:48:00.037+0000] {drift_monitoring.py:262} INFO - 📥 Téléchargement predictions/date=2025-07-29/hour=19/prediction.parquet et targets/date=2025-07-29/hour=19/target.parquet
[2025-07-29T21:48:00.191+0000] {drift_monitoring.py:285} INFO - ✅ MAE pour 2025-07-29 19 = 0.1316
[2025-07-29T21:48:00.237+0000] {drift_monitoring.py:262} INFO - 📥 Téléchargement predictions/date=2025-07-29/hour=20/prediction.parquet et targets/date=2025-07-29/hour=20/target.parquet
[2025-07-29T21:48:00.275+0000] {drift_monitoring.py:285} INFO - ✅ MAE pour 2025-07-29 20 = 0.0129
[2025-07-29T21:48:00.277+0000] {drift_monitoring.py:311} INFO - 📊 MAE moyen sur 2 heures : 0.0722 | Seuil : 0.0500
[2025-07-29T21:48:00.337+0000] {logging_mixin.py:188} WARNING - /home/***/.local/lib/python3.12/site-packages/scipy/stats/_stats_py.py:10729 RuntimeWarning: invalid value encountered in scalar divide
[2025-07-29T21:48:00.339+0000] {logging_mixin.py:188} WARNING - /home/***/.local/lib/python3.12/site-packages/scipy/stats/_stats_py.py:10743 RuntimeWarning: invalid value encountered in sqrt
[2025-07-29T21:48:00.342+0000] {logging_mixin.py:188} WARNING - /home/***/.local/lib/python3.12/site-packages/scipy/stats/_stats_py.py:10749 RuntimeWarning: invalid value encountered in scalar divide
[2025-07-29T21:48:00.358+0000] {logging_mixin.py:188} WARNING - /home/***/.local/lib/python3.12/site-packages/scipy/stats/_stats_py.py:10729 RuntimeWarning: invalid value encountered in scalar divide
[2025-07-29T21:48:00.359+0000] {logging_mixin.py:188} WARNING - /home/***/.local/lib/python3.12/site-packages/scipy/stats/_stats_py.py:10743 RuntimeWarning: invalid value encountered in sqrt
[2025-07-29T21:48:00.361+0000] {logging_mixin.py:188} WARNING - /home/***/.local/lib/python3.12/site-packages/scipy/stats/_stats_py.py:10749 RuntimeWarning: invalid value encountered in scalar divide
[2025-07-29T21:48:00.368+0000] {logging_mixin.py:188} WARNING - /home/***/.local/lib/python3.12/site-packages/sklearn/metrics/_regression.py:1266 UndefinedMetricWarning: R^2 score is not well-defined with less than two samples.
[2025-07-29T21:48:00.437+0000] {logging_mixin.py:188} WARNING - /home/***/.local/lib/python3.12/site-packages/scipy/stats/_stats_py.py:10729 RuntimeWarning: invalid value encountered in scalar divide
[2025-07-29T21:48:00.439+0000] {logging_mixin.py:188} WARNING - /home/***/.local/lib/python3.12/site-packages/scipy/stats/_stats_py.py:10743 RuntimeWarning: invalid value encountered in sqrt
[2025-07-29T21:48:00.441+0000] {logging_mixin.py:188} WARNING - /home/***/.local/lib/python3.12/site-packages/scipy/stats/_stats_py.py:10749 RuntimeWarning: invalid value encountered in scalar divide
[2025-07-29T21:48:00.450+0000] {logging_mixin.py:188} WARNING - /home/***/.local/lib/python3.12/site-packages/scipy/stats/_stats_py.py:10729 RuntimeWarning: invalid value encountered in scalar divide
[2025-07-29T21:48:00.452+0000] {logging_mixin.py:188} WARNING - /home/***/.local/lib/python3.12/site-packages/scipy/stats/_stats_py.py:10743 RuntimeWarning: invalid value encountered in sqrt
[2025-07-29T21:48:00.453+0000] {logging_mixin.py:188} WARNING - /home/***/.local/lib/python3.12/site-packages/scipy/stats/_stats_py.py:10749 RuntimeWarning: invalid value encountered in scalar divide
[2025-07-29T21:48:00.482+0000] {logging_mixin.py:188} WARNING - /home/***/.local/lib/python3.12/site-packages/numpy/lib/_function_base_impl.py:2914 RuntimeWarning: Degrees of freedom <= 0 for slice
[2025-07-29T21:48:00.483+0000] {logging_mixin.py:188} WARNING - /home/***/.local/lib/python3.12/site-packages/numpy/lib/_function_base_impl.py:2773 RuntimeWarning: divide by zero encountered in divide
[2025-07-29T21:48:00.485+0000] {logging_mixin.py:188} WARNING - /home/***/.local/lib/python3.12/site-packages/numpy/lib/_function_base_impl.py:2773 RuntimeWarning: invalid value encountered in multiply
[2025-07-29T21:48:00.487+0000] {logging_mixin.py:188} WARNING - /home/***/.local/lib/python3.12/site-packages/numpy/lib/_function_base_impl.py:2914 RuntimeWarning: Degrees of freedom <= 0 for slice
[2025-07-29T21:48:00.489+0000] {logging_mixin.py:188} WARNING - /home/***/.local/lib/python3.12/site-packages/numpy/lib/_function_base_impl.py:2773 RuntimeWarning: divide by zero encountered in divide
[2025-07-29T21:48:00.490+0000] {logging_mixin.py:188} WARNING - /home/***/.local/lib/python3.12/site-packages/numpy/lib/_function_base_impl.py:2773 RuntimeWarning: invalid value encountered in multiply
[2025-07-29T21:48:00.544+0000] {logging_mixin.py:188} WARNING - /home/***/.local/lib/python3.12/site-packages/numpy/lib/_function_base_impl.py:2914 RuntimeWarning: Degrees of freedom <= 0 for slice
[2025-07-29T21:48:00.546+0000] {logging_mixin.py:188} WARNING - /home/***/.local/lib/python3.12/site-packages/numpy/lib/_function_base_impl.py:2773 RuntimeWarning: divide by zero encountered in divide
[2025-07-29T21:48:00.547+0000] {logging_mixin.py:188} WARNING - /home/***/.local/lib/python3.12/site-packages/numpy/lib/_function_base_impl.py:2773 RuntimeWarning: invalid value encountered in multiply
[2025-07-29T21:48:00.551+0000] {logging_mixin.py:188} WARNING - /home/***/.local/lib/python3.12/site-packages/numpy/lib/_function_base_impl.py:2914 RuntimeWarning: Degrees of freedom <= 0 for slice
[2025-07-29T21:48:00.552+0000] {logging_mixin.py:188} WARNING - /home/***/.local/lib/python3.12/site-packages/numpy/lib/_function_base_impl.py:2773 RuntimeWarning: divide by zero encountered in divide
[2025-07-29T21:48:00.554+0000] {logging_mixin.py:188} WARNING - /home/***/.local/lib/python3.12/site-packages/numpy/lib/_function_base_impl.py:2773 RuntimeWarning: invalid value encountered in multiply
[2025-07-29T21:48:00.567+0000] {drift_monitoring.py:108} ERROR - ❌ Erreur lors de la génération du rapport Evidently: got an unexpected keyword argument 'squared'
[2025-07-29T21:48:00.567+0000] {drift_monitoring.py:109} INFO - 🔄 Tentative avec une approche simplifiée...
[2025-07-29T21:48:00.590+0000] {drift_monitoring.py:119} ERROR - ❌ Échec même avec le rapport simplifié: got an unexpected keyword argument 'squared'
[2025-07-29T21:48:00.590+0000] {drift_monitoring.py:324} INFO - 🔄 Génération du rapport de fallback...
[2025-07-29T21:48:00.598+0000] {drift_monitoring.py:239} INFO - ✅ Rapport fallback généré : /opt/***/dags/reports/report_20250729_214800.html
[2025-07-29T21:48:00.599+0000] {drift_monitoring.py:331} WARNING - 🚨 Drift détecté ! MAE moyen = 0.0722 > seuil = 0.0500
[2025-07-29T21:48:00.673+0000] {drift_monitoring.py:338} INFO - ✅ training_pipeline déclenché !
[2025-07-29T21:48:00.674+0000] {python.py:237} INFO - Done. Returned value was: None
[2025-07-29T21:48:00.675+0000] {taskinstance.py:441} INFO - ::group::Post task execution logs
[2025-07-29T21:48:00.688+0000] {taskinstance.py:1205} INFO - Marking task as SUCCESS. dag_id=data_drift_monitoring, task_id=check_drift_and_generate_report, execution_date=20250729T214752, start_date=20250729T214756, end_date=20250729T214800
[2025-07-29T21:48:00.746+0000] {local_task_job_runner.py:240} INFO - Task exited with return code 0
[2025-07-29T21:48:00.769+0000] {taskinstance.py:3482} INFO - 0 downstream tasks scheduled from follow-on schedule check
[2025-07-29T21:48:00.804+0000] {local_task_job_runner.py:222} INFO - ::endgroup::
