[2025-07-31T08:19:38.242+0000] {local_task_job_runner.py:120} INFO - ::group::Pre task execution logs
[2025-07-31T08:19:38.312+0000] {taskinstance.py:2073} INFO - Dependencies all met for dep_context=non-requeueable deps ti=<TaskInstance: preprocessing_hourly.preprocess_and_predict scheduled__2025-07-30T01:00:00+00:00 [queued]>
[2025-07-31T08:19:38.322+0000] {taskinstance.py:2073} INFO - Dependencies all met for dep_context=requeueable deps ti=<TaskInstance: preprocessing_hourly.preprocess_and_predict scheduled__2025-07-30T01:00:00+00:00 [queued]>
[2025-07-31T08:19:38.324+0000] {taskinstance.py:2303} INFO - Starting attempt 2 of 2
[2025-07-31T08:19:38.342+0000] {taskinstance.py:2327} INFO - Executing <Task(PythonOperator): preprocess_and_predict> on 2025-07-30 01:00:00+00:00
[2025-07-31T08:19:38.361+0000] {standard_task_runner.py:90} INFO - Running: ['***', 'tasks', 'run', 'preprocessing_hourly', 'preprocess_and_predict', 'scheduled__2025-07-30T01:00:00+00:00', '--job-id', '127', '--raw', '--subdir', 'DAGS_FOLDER/hourly_inference.py', '--cfg-path', '/tmp/tmpzy2tk7l_']
[2025-07-31T08:19:38.363+0000] {logging_mixin.py:188} WARNING - /home/***/.local/lib/python3.12/site-packages/***/task/task_runner/standard_task_runner.py:61 DeprecationWarning: This process (pid=818) is multi-threaded, use of fork() may lead to deadlocks in the child.
[2025-07-31T08:19:38.364+0000] {standard_task_runner.py:91} INFO - Job 127: Subtask preprocess_and_predict
[2025-07-31T08:19:38.365+0000] {standard_task_runner.py:63} INFO - Started process 836 to run task
[2025-07-31T08:19:38.389+0000] {logging_mixin.py:188} WARNING - /home/***/.local/lib/python3.12/site-packages/***/settings.py:195 DeprecationWarning: The sql_alchemy_conn option in [core] has been moved to the sql_alchemy_conn option in [database] - the old setting has been used, but please update your config.
[2025-07-31T08:19:38.445+0000] {task_command.py:426} INFO - Running <TaskInstance: preprocessing_hourly.preprocess_and_predict scheduled__2025-07-30T01:00:00+00:00 [running]> on host 44c57df83f33
[2025-07-31T08:19:38.565+0000] {taskinstance.py:2644} INFO - Exporting env vars: AIRFLOW_CTX_DAG_OWNER='mlops' AIRFLOW_CTX_DAG_ID='preprocessing_hourly' AIRFLOW_CTX_TASK_ID='preprocess_and_predict' AIRFLOW_CTX_EXECUTION_DATE='2025-07-30T01:00:00+00:00' AIRFLOW_CTX_TRY_NUMBER='2' AIRFLOW_CTX_DAG_RUN_ID='scheduled__2025-07-30T01:00:00+00:00'
[2025-07-31T08:19:38.568+0000] {taskinstance.py:430} INFO - ::endgroup::
[2025-07-31T08:19:38.594+0000] {logging_mixin.py:188} WARNING - /home/***/.local/lib/python3.12/site-packages/***/utils/context.py:320 AirflowContextDeprecationWarning: Accessing 'execution_date' from the template is deprecated and will be removed in a future version. Please use 'data_interval_start' or 'logical_date' instead.
[2025-07-31T08:19:38.595+0000] {hourly_inference.py:70} INFO - [DEBUG] Execution date: 2025-07-30 01:00:00+00:00 (type=<class 'Proxy'>)
[2025-07-31T08:19:38.643+0000] {hourly_inference.py:58} INFO - Bucket crypto-mlops-bucket exists
[2025-07-31T08:19:38.659+0000] {data_ingestion.py:42} INFO - current_start: 2025-06-30 01:00:00+00:00, current_end: 2025-07-01 02:00:00+00:00
[2025-07-31T08:19:39.182+0000] {data_ingestion.py:62} INFO - Fetched 301 candles for BTC-USD from 2025-06-30 01:00:00+00:00 to 2025-07-01 02:00:00+00:00
[2025-07-31T08:19:39.184+0000] {data_ingestion.py:42} INFO - current_start: 2025-07-01 02:00:00+00:00, current_end: 2025-07-02 03:00:00+00:00
[2025-07-31T08:19:39.396+0000] {data_ingestion.py:62} INFO - Fetched 301 candles for BTC-USD from 2025-07-01 02:00:00+00:00 to 2025-07-02 03:00:00+00:00
[2025-07-31T08:19:39.398+0000] {data_ingestion.py:42} INFO - current_start: 2025-07-02 03:00:00+00:00, current_end: 2025-07-03 04:00:00+00:00
[2025-07-31T08:19:39.575+0000] {data_ingestion.py:62} INFO - Fetched 301 candles for BTC-USD from 2025-07-02 03:00:00+00:00 to 2025-07-03 04:00:00+00:00
[2025-07-31T08:19:39.577+0000] {data_ingestion.py:42} INFO - current_start: 2025-07-03 04:00:00+00:00, current_end: 2025-07-04 05:00:00+00:00
[2025-07-31T08:19:40.092+0000] {data_ingestion.py:62} INFO - Fetched 301 candles for BTC-USD from 2025-07-03 04:00:00+00:00 to 2025-07-04 05:00:00+00:00
[2025-07-31T08:19:40.094+0000] {data_ingestion.py:42} INFO - current_start: 2025-07-04 05:00:00+00:00, current_end: 2025-07-05 06:00:00+00:00
[2025-07-31T08:19:40.298+0000] {data_ingestion.py:62} INFO - Fetched 301 candles for BTC-USD from 2025-07-04 05:00:00+00:00 to 2025-07-05 06:00:00+00:00
[2025-07-31T08:19:40.301+0000] {data_ingestion.py:42} INFO - current_start: 2025-07-05 06:00:00+00:00, current_end: 2025-07-06 07:00:00+00:00
[2025-07-31T08:19:40.499+0000] {data_ingestion.py:62} INFO - Fetched 301 candles for BTC-USD from 2025-07-05 06:00:00+00:00 to 2025-07-06 07:00:00+00:00
[2025-07-31T08:19:40.502+0000] {data_ingestion.py:42} INFO - current_start: 2025-07-06 07:00:00+00:00, current_end: 2025-07-07 08:00:00+00:00
[2025-07-31T08:19:40.671+0000] {data_ingestion.py:62} INFO - Fetched 301 candles for BTC-USD from 2025-07-06 07:00:00+00:00 to 2025-07-07 08:00:00+00:00
[2025-07-31T08:19:40.672+0000] {data_ingestion.py:42} INFO - current_start: 2025-07-07 08:00:00+00:00, current_end: 2025-07-08 09:00:00+00:00
[2025-07-31T08:19:40.848+0000] {data_ingestion.py:62} INFO - Fetched 301 candles for BTC-USD from 2025-07-07 08:00:00+00:00 to 2025-07-08 09:00:00+00:00
[2025-07-31T08:19:40.850+0000] {data_ingestion.py:42} INFO - current_start: 2025-07-08 09:00:00+00:00, current_end: 2025-07-09 10:00:00+00:00
[2025-07-31T08:19:41.052+0000] {data_ingestion.py:62} INFO - Fetched 301 candles for BTC-USD from 2025-07-08 09:00:00+00:00 to 2025-07-09 10:00:00+00:00
[2025-07-31T08:19:41.054+0000] {data_ingestion.py:42} INFO - current_start: 2025-07-09 10:00:00+00:00, current_end: 2025-07-10 11:00:00+00:00
[2025-07-31T08:19:41.261+0000] {data_ingestion.py:62} INFO - Fetched 301 candles for BTC-USD from 2025-07-09 10:00:00+00:00 to 2025-07-10 11:00:00+00:00
[2025-07-31T08:19:41.263+0000] {data_ingestion.py:42} INFO - current_start: 2025-07-10 11:00:00+00:00, current_end: 2025-07-11 12:00:00+00:00
[2025-07-31T08:19:41.769+0000] {data_ingestion.py:62} INFO - Fetched 301 candles for BTC-USD from 2025-07-10 11:00:00+00:00 to 2025-07-11 12:00:00+00:00
[2025-07-31T08:19:41.771+0000] {data_ingestion.py:42} INFO - current_start: 2025-07-11 12:00:00+00:00, current_end: 2025-07-12 13:00:00+00:00
[2025-07-31T08:19:42.263+0000] {data_ingestion.py:62} INFO - Fetched 301 candles for BTC-USD from 2025-07-11 12:00:00+00:00 to 2025-07-12 13:00:00+00:00
[2025-07-31T08:19:42.265+0000] {data_ingestion.py:42} INFO - current_start: 2025-07-12 13:00:00+00:00, current_end: 2025-07-13 14:00:00+00:00
[2025-07-31T08:19:40.727+0000] {data_ingestion.py:62} INFO - Fetched 301 candles for BTC-USD from 2025-07-12 13:00:00+00:00 to 2025-07-13 14:00:00+00:00
[2025-07-31T08:19:40.729+0000] {data_ingestion.py:42} INFO - current_start: 2025-07-13 14:00:00+00:00, current_end: 2025-07-14 15:00:00+00:00
[2025-07-31T08:19:40.910+0000] {data_ingestion.py:62} INFO - Fetched 301 candles for BTC-USD from 2025-07-13 14:00:00+00:00 to 2025-07-14 15:00:00+00:00
[2025-07-31T08:19:40.912+0000] {data_ingestion.py:42} INFO - current_start: 2025-07-14 15:00:00+00:00, current_end: 2025-07-15 16:00:00+00:00
[2025-07-31T08:19:41.122+0000] {data_ingestion.py:62} INFO - Fetched 301 candles for BTC-USD from 2025-07-14 15:00:00+00:00 to 2025-07-15 16:00:00+00:00
[2025-07-31T08:19:41.124+0000] {data_ingestion.py:42} INFO - current_start: 2025-07-15 16:00:00+00:00, current_end: 2025-07-16 17:00:00+00:00
[2025-07-31T08:19:41.291+0000] {data_ingestion.py:62} INFO - Fetched 301 candles for BTC-USD from 2025-07-15 16:00:00+00:00 to 2025-07-16 17:00:00+00:00
[2025-07-31T08:19:41.293+0000] {data_ingestion.py:42} INFO - current_start: 2025-07-16 17:00:00+00:00, current_end: 2025-07-17 18:00:00+00:00
[2025-07-31T08:19:41.474+0000] {data_ingestion.py:62} INFO - Fetched 301 candles for BTC-USD from 2025-07-16 17:00:00+00:00 to 2025-07-17 18:00:00+00:00
[2025-07-31T08:19:41.476+0000] {data_ingestion.py:42} INFO - current_start: 2025-07-17 18:00:00+00:00, current_end: 2025-07-18 19:00:00+00:00
[2025-07-31T08:19:41.659+0000] {data_ingestion.py:62} INFO - Fetched 301 candles for BTC-USD from 2025-07-17 18:00:00+00:00 to 2025-07-18 19:00:00+00:00
[2025-07-31T08:19:41.661+0000] {data_ingestion.py:42} INFO - current_start: 2025-07-18 19:00:00+00:00, current_end: 2025-07-19 20:00:00+00:00
[2025-07-31T08:19:42.110+0000] {data_ingestion.py:62} INFO - Fetched 301 candles for BTC-USD from 2025-07-18 19:00:00+00:00 to 2025-07-19 20:00:00+00:00
[2025-07-31T08:19:42.111+0000] {data_ingestion.py:42} INFO - current_start: 2025-07-19 20:00:00+00:00, current_end: 2025-07-20 21:00:00+00:00
[2025-07-31T08:19:42.635+0000] {data_ingestion.py:62} INFO - Fetched 301 candles for BTC-USD from 2025-07-19 20:00:00+00:00 to 2025-07-20 21:00:00+00:00
[2025-07-31T08:19:42.637+0000] {data_ingestion.py:42} INFO - current_start: 2025-07-20 21:00:00+00:00, current_end: 2025-07-21 22:00:00+00:00
[2025-07-31T08:19:42.842+0000] {data_ingestion.py:62} INFO - Fetched 301 candles for BTC-USD from 2025-07-20 21:00:00+00:00 to 2025-07-21 22:00:00+00:00
[2025-07-31T08:19:42.844+0000] {data_ingestion.py:42} INFO - current_start: 2025-07-21 22:00:00+00:00, current_end: 2025-07-22 23:00:00+00:00
[2025-07-31T08:19:43.075+0000] {data_ingestion.py:62} INFO - Fetched 301 candles for BTC-USD from 2025-07-21 22:00:00+00:00 to 2025-07-22 23:00:00+00:00
[2025-07-31T08:19:43.077+0000] {data_ingestion.py:42} INFO - current_start: 2025-07-22 23:00:00+00:00, current_end: 2025-07-24 00:00:00+00:00
[2025-07-31T08:19:43.275+0000] {data_ingestion.py:62} INFO - Fetched 301 candles for BTC-USD from 2025-07-22 23:00:00+00:00 to 2025-07-24 00:00:00+00:00
[2025-07-31T08:19:43.277+0000] {data_ingestion.py:42} INFO - current_start: 2025-07-24 00:00:00+00:00, current_end: 2025-07-25 01:00:00+00:00
[2025-07-31T08:19:43.493+0000] {data_ingestion.py:62} INFO - Fetched 301 candles for BTC-USD from 2025-07-24 00:00:00+00:00 to 2025-07-25 01:00:00+00:00
[2025-07-31T08:19:43.494+0000] {data_ingestion.py:42} INFO - current_start: 2025-07-25 01:00:00+00:00, current_end: 2025-07-26 02:00:00+00:00
[2025-07-31T08:19:43.707+0000] {data_ingestion.py:62} INFO - Fetched 301 candles for BTC-USD from 2025-07-25 01:00:00+00:00 to 2025-07-26 02:00:00+00:00
[2025-07-31T08:19:43.709+0000] {data_ingestion.py:42} INFO - current_start: 2025-07-26 02:00:00+00:00, current_end: 2025-07-27 03:00:00+00:00
[2025-07-31T08:19:43.913+0000] {data_ingestion.py:62} INFO - Fetched 301 candles for BTC-USD from 2025-07-26 02:00:00+00:00 to 2025-07-27 03:00:00+00:00
[2025-07-31T08:19:43.916+0000] {data_ingestion.py:42} INFO - current_start: 2025-07-27 03:00:00+00:00, current_end: 2025-07-28 04:00:00+00:00
[2025-07-31T08:19:44.163+0000] {data_ingestion.py:62} INFO - Fetched 301 candles for BTC-USD from 2025-07-27 03:00:00+00:00 to 2025-07-28 04:00:00+00:00
[2025-07-31T08:19:44.165+0000] {data_ingestion.py:42} INFO - current_start: 2025-07-28 04:00:00+00:00, current_end: 2025-07-29 05:00:00+00:00
[2025-07-31T08:19:44.339+0000] {data_ingestion.py:62} INFO - Fetched 301 candles for BTC-USD from 2025-07-28 04:00:00+00:00 to 2025-07-29 05:00:00+00:00
[2025-07-31T08:19:44.341+0000] {data_ingestion.py:42} INFO - current_start: 2025-07-29 05:00:00+00:00, current_end: 2025-07-30 01:00:00+00:00
[2025-07-31T08:19:44.512+0000] {data_ingestion.py:62} INFO - Fetched 241 candles for BTC-USD from 2025-07-29 05:00:00+00:00 to 2025-07-30 01:00:00+00:00
[2025-07-31T08:19:44.688+0000] {data_ingestion.py:104} INFO - Saved data to S3: s3://crypto-mlops-bucket/data/historical_BTC_USD_20250730010000.csv
[2025-07-31T08:19:44.689+0000] {hourly_inference.py:84} INFO - Données brutes récupérées : shape=(8669, 7)
[2025-07-31T08:19:44.780+0000] {data_processing.py:41} INFO - Loaded 8669 records from S3: data/historical_BTC_USD_20250730010000.csv
[2025-07-31T08:19:44.788+0000] {data_processing.py:84} INFO - Combined 8641 records for BTC-USD
[2025-07-31T08:19:44.789+0000] {hourly_inference.py:88} INFO - Données combinées : shape=(8641, 7)
[2025-07-31T08:19:45.105+0000] {data_processing.py:168} INFO - Removed 50 rows with NaN values. Final shape: (8591, 84)
[2025-07-31T08:19:45.106+0000] {hourly_inference.py:91} INFO - Features : shape=(8591, 84)
[2025-07-31T08:19:45.121+0000] {data_processing.py:229} ERROR - Error loading preprocessor from S3: An error occurred (NoSuchKey) when calling the GetObject operation: The specified key does not exist.
[2025-07-31T08:19:45.245+0000] {logging_mixin.py:188} WARNING - /opt/***/src/data_processing.py:187 FutureWarning: DataFrame.fillna with 'method' is deprecated and will raise in a future version. Use obj.ffill() or obj.bfill() instead.
[2025-07-31T08:19:45.256+0000] {data_processing.py:189} INFO - Prepared features: (8591, 80), Target: (8591,)
[2025-07-31T08:19:45.257+0000] {data_processing.py:190} INFO - Feature columns: 80
[2025-07-31T08:19:45.258+0000] {taskinstance.py:441} INFO - ::group::Post task execution logs
[2025-07-31T08:19:45.259+0000] {taskinstance.py:2890} ERROR - Task failed with exception
Traceback (most recent call last):
  File "/home/airflow/.local/lib/python3.12/site-packages/airflow/models/taskinstance.py", line 465, in _execute_task
    result = _execute_callable(context=context, **execute_callable_kwargs)
             ^^^^^^^^^^^^^^^^^^^^^^^^^^^^^^^^^^^^^^^^^^^^^^^^^^^^^^^^^^^^^
  File "/home/airflow/.local/lib/python3.12/site-packages/airflow/models/taskinstance.py", line 432, in _execute_callable
    return execute_callable(context=context, **execute_callable_kwargs)
           ^^^^^^^^^^^^^^^^^^^^^^^^^^^^^^^^^^^^^^^^^^^^^^^^^^^^^^^^^^^^
  File "/home/airflow/.local/lib/python3.12/site-packages/airflow/models/baseoperator.py", line 400, in wrapper
    return func(self, *args, **kwargs)
           ^^^^^^^^^^^^^^^^^^^^^^^^^^^
  File "/home/airflow/.local/lib/python3.12/site-packages/airflow/operators/python.py", line 235, in execute
    return_value = self.execute_callable()
                   ^^^^^^^^^^^^^^^^^^^^^^^
  File "/home/airflow/.local/lib/python3.12/site-packages/airflow/operators/python.py", line 252, in execute_callable
    return self.python_callable(*self.op_args, **self.op_kwargs)
           ^^^^^^^^^^^^^^^^^^^^^^^^^^^^^^^^^^^^^^^^^^^^^^^^^^^^^
  File "/opt/airflow/dags/hourly_inference.py", line 97, in preprocess_and_predict
    X_scaled = processor.scaler.transform(X)
               ^^^^^^^^^^^^^^^^^^^^^^^^^^^^^
  File "/home/airflow/.local/lib/python3.12/site-packages/sklearn/utils/_set_output.py", line 316, in wrapped
    data_to_wrap = f(self, X, *args, **kwargs)
                   ^^^^^^^^^^^^^^^^^^^^^^^^^^^
  File "/home/airflow/.local/lib/python3.12/site-packages/sklearn/preprocessing/_data.py", line 1042, in transform
    check_is_fitted(self)
  File "/home/airflow/.local/lib/python3.12/site-packages/sklearn/utils/validation.py", line 1661, in check_is_fitted
    raise NotFittedError(msg % {"name": type(estimator).__name__})
sklearn.exceptions.NotFittedError: This StandardScaler instance is not fitted yet. Call 'fit' with appropriate arguments before using this estimator.
[2025-07-31T08:19:45.284+0000] {taskinstance.py:1205} INFO - Marking task as FAILED. dag_id=preprocessing_hourly, task_id=preprocess_and_predict, execution_date=20250730T010000, start_date=20250731T081938, end_date=20250731T081945
[2025-07-31T08:19:45.304+0000] {standard_task_runner.py:110} ERROR - Failed to execute job 127 for task preprocess_and_predict (This StandardScaler instance is not fitted yet. Call 'fit' with appropriate arguments before using this estimator.; 836)
[2025-07-31T08:19:45.346+0000] {local_task_job_runner.py:240} INFO - Task exited with return code 1
[2025-07-31T08:19:45.368+0000] {taskinstance.py:3482} INFO - 0 downstream tasks scheduled from follow-on schedule check
[2025-07-31T08:19:45.371+0000] {local_task_job_runner.py:222} INFO - ::endgroup::
