[2025-07-31T08:14:22.922+0000] {local_task_job_runner.py:120} INFO - ::group::Pre task execution logs
[2025-07-31T08:14:22.968+0000] {taskinstance.py:2073} INFO - Dependencies all met for dep_context=non-requeueable deps ti=<TaskInstance: preprocessing_hourly.preprocess_and_predict scheduled__2025-07-30T01:00:00+00:00 [queued]>
[2025-07-31T08:14:22.981+0000] {taskinstance.py:2073} INFO - Dependencies all met for dep_context=requeueable deps ti=<TaskInstance: preprocessing_hourly.preprocess_and_predict scheduled__2025-07-30T01:00:00+00:00 [queued]>
[2025-07-31T08:14:22.983+0000] {taskinstance.py:2303} INFO - Starting attempt 1 of 2
[2025-07-31T08:14:23.001+0000] {taskinstance.py:2327} INFO - Executing <Task(PythonOperator): preprocess_and_predict> on 2025-07-30 01:00:00+00:00
[2025-07-31T08:14:23.034+0000] {standard_task_runner.py:90} INFO - Running: ['***', 'tasks', 'run', 'preprocessing_hourly', 'preprocess_and_predict', 'scheduled__2025-07-30T01:00:00+00:00', '--job-id', '124', '--raw', '--subdir', 'DAGS_FOLDER/hourly_inference.py', '--cfg-path', '/tmp/tmpy7yww218']
[2025-07-31T08:14:23.036+0000] {logging_mixin.py:188} WARNING - /home/***/.local/lib/python3.12/site-packages/***/task/task_runner/standard_task_runner.py:61 DeprecationWarning: This process (pid=173) is multi-threaded, use of fork() may lead to deadlocks in the child.
[2025-07-31T08:14:23.037+0000] {standard_task_runner.py:91} INFO - Job 124: Subtask preprocess_and_predict
[2025-07-31T08:14:23.038+0000] {standard_task_runner.py:63} INFO - Started process 266 to run task
[2025-07-31T08:14:23.059+0000] {logging_mixin.py:188} WARNING - /home/***/.local/lib/python3.12/site-packages/***/settings.py:195 DeprecationWarning: The sql_alchemy_conn option in [core] has been moved to the sql_alchemy_conn option in [database] - the old setting has been used, but please update your config.
[2025-07-31T08:14:23.123+0000] {task_command.py:426} INFO - Running <TaskInstance: preprocessing_hourly.preprocess_and_predict scheduled__2025-07-30T01:00:00+00:00 [running]> on host 44c57df83f33
[2025-07-31T08:14:23.291+0000] {taskinstance.py:2644} INFO - Exporting env vars: AIRFLOW_CTX_DAG_OWNER='mlops' AIRFLOW_CTX_DAG_ID='preprocessing_hourly' AIRFLOW_CTX_TASK_ID='preprocess_and_predict' AIRFLOW_CTX_EXECUTION_DATE='2025-07-30T01:00:00+00:00' AIRFLOW_CTX_TRY_NUMBER='1' AIRFLOW_CTX_DAG_RUN_ID='scheduled__2025-07-30T01:00:00+00:00'
[2025-07-31T08:14:23.293+0000] {taskinstance.py:430} INFO - ::endgroup::
[2025-07-31T08:14:23.321+0000] {logging_mixin.py:188} WARNING - /home/***/.local/lib/python3.12/site-packages/***/utils/context.py:320 AirflowContextDeprecationWarning: Accessing 'execution_date' from the template is deprecated and will be removed in a future version. Please use 'data_interval_start' or 'logical_date' instead.
[2025-07-31T08:14:23.322+0000] {hourly_inference.py:70} INFO - [DEBUG] Execution date: 2025-07-30 01:00:00+00:00 (type=<class 'Proxy'>)
[2025-07-31T08:14:23.599+0000] {hourly_inference.py:61} INFO - Bucket crypto-mlops-bucket created
[2025-07-31T08:14:23.622+0000] {data_ingestion.py:42} INFO - current_start: 2025-06-30 01:00:00+00:00, current_end: 2025-07-01 02:00:00+00:00
[2025-07-31T08:14:24.232+0000] {data_ingestion.py:62} INFO - Fetched 301 candles for BTC-USD from 2025-06-30 01:00:00+00:00 to 2025-07-01 02:00:00+00:00
[2025-07-31T08:14:24.235+0000] {data_ingestion.py:42} INFO - current_start: 2025-07-01 02:00:00+00:00, current_end: 2025-07-02 03:00:00+00:00
[2025-07-31T08:14:24.464+0000] {data_ingestion.py:62} INFO - Fetched 301 candles for BTC-USD from 2025-07-01 02:00:00+00:00 to 2025-07-02 03:00:00+00:00
[2025-07-31T08:14:24.466+0000] {data_ingestion.py:42} INFO - current_start: 2025-07-02 03:00:00+00:00, current_end: 2025-07-03 04:00:00+00:00
[2025-07-31T08:14:24.646+0000] {data_ingestion.py:62} INFO - Fetched 301 candles for BTC-USD from 2025-07-02 03:00:00+00:00 to 2025-07-03 04:00:00+00:00
[2025-07-31T08:14:24.656+0000] {data_ingestion.py:42} INFO - current_start: 2025-07-03 04:00:00+00:00, current_end: 2025-07-04 05:00:00+00:00
[2025-07-31T08:14:25.285+0000] {data_ingestion.py:62} INFO - Fetched 301 candles for BTC-USD from 2025-07-03 04:00:00+00:00 to 2025-07-04 05:00:00+00:00
[2025-07-31T08:14:25.288+0000] {data_ingestion.py:42} INFO - current_start: 2025-07-04 05:00:00+00:00, current_end: 2025-07-05 06:00:00+00:00
[2025-07-31T08:14:25.616+0000] {data_ingestion.py:62} INFO - Fetched 301 candles for BTC-USD from 2025-07-04 05:00:00+00:00 to 2025-07-05 06:00:00+00:00
[2025-07-31T08:14:25.618+0000] {data_ingestion.py:42} INFO - current_start: 2025-07-05 06:00:00+00:00, current_end: 2025-07-06 07:00:00+00:00
[2025-07-31T08:14:25.832+0000] {data_ingestion.py:62} INFO - Fetched 301 candles for BTC-USD from 2025-07-05 06:00:00+00:00 to 2025-07-06 07:00:00+00:00
[2025-07-31T08:14:25.834+0000] {data_ingestion.py:42} INFO - current_start: 2025-07-06 07:00:00+00:00, current_end: 2025-07-07 08:00:00+00:00
[2025-07-31T08:14:26.007+0000] {data_ingestion.py:62} INFO - Fetched 301 candles for BTC-USD from 2025-07-06 07:00:00+00:00 to 2025-07-07 08:00:00+00:00
[2025-07-31T08:14:26.009+0000] {data_ingestion.py:42} INFO - current_start: 2025-07-07 08:00:00+00:00, current_end: 2025-07-08 09:00:00+00:00
[2025-07-31T08:14:26.559+0000] {data_ingestion.py:62} INFO - Fetched 301 candles for BTC-USD from 2025-07-07 08:00:00+00:00 to 2025-07-08 09:00:00+00:00
[2025-07-31T08:14:26.562+0000] {data_ingestion.py:42} INFO - current_start: 2025-07-08 09:00:00+00:00, current_end: 2025-07-09 10:00:00+00:00
[2025-07-31T08:14:26.838+0000] {data_ingestion.py:62} INFO - Fetched 301 candles for BTC-USD from 2025-07-08 09:00:00+00:00 to 2025-07-09 10:00:00+00:00
[2025-07-31T08:14:26.841+0000] {data_ingestion.py:42} INFO - current_start: 2025-07-09 10:00:00+00:00, current_end: 2025-07-10 11:00:00+00:00
[2025-07-31T08:14:27.076+0000] {data_ingestion.py:62} INFO - Fetched 301 candles for BTC-USD from 2025-07-09 10:00:00+00:00 to 2025-07-10 11:00:00+00:00
[2025-07-31T08:14:27.079+0000] {data_ingestion.py:42} INFO - current_start: 2025-07-10 11:00:00+00:00, current_end: 2025-07-11 12:00:00+00:00
[2025-07-31T08:14:27.294+0000] {data_ingestion.py:62} INFO - Fetched 301 candles for BTC-USD from 2025-07-10 11:00:00+00:00 to 2025-07-11 12:00:00+00:00
[2025-07-31T08:14:27.297+0000] {data_ingestion.py:42} INFO - current_start: 2025-07-11 12:00:00+00:00, current_end: 2025-07-12 13:00:00+00:00
[2025-07-31T08:14:27.917+0000] {data_ingestion.py:62} INFO - Fetched 301 candles for BTC-USD from 2025-07-11 12:00:00+00:00 to 2025-07-12 13:00:00+00:00
[2025-07-31T08:14:27.920+0000] {data_ingestion.py:42} INFO - current_start: 2025-07-12 13:00:00+00:00, current_end: 2025-07-13 14:00:00+00:00
[2025-07-31T08:14:28.112+0000] {data_ingestion.py:62} INFO - Fetched 301 candles for BTC-USD from 2025-07-12 13:00:00+00:00 to 2025-07-13 14:00:00+00:00
[2025-07-31T08:14:28.115+0000] {data_ingestion.py:42} INFO - current_start: 2025-07-13 14:00:00+00:00, current_end: 2025-07-14 15:00:00+00:00
[2025-07-31T08:14:28.315+0000] {data_ingestion.py:62} INFO - Fetched 301 candles for BTC-USD from 2025-07-13 14:00:00+00:00 to 2025-07-14 15:00:00+00:00
[2025-07-31T08:14:28.317+0000] {data_ingestion.py:42} INFO - current_start: 2025-07-14 15:00:00+00:00, current_end: 2025-07-15 16:00:00+00:00
[2025-07-31T08:14:28.523+0000] {data_ingestion.py:62} INFO - Fetched 301 candles for BTC-USD from 2025-07-14 15:00:00+00:00 to 2025-07-15 16:00:00+00:00
[2025-07-31T08:14:28.525+0000] {data_ingestion.py:42} INFO - current_start: 2025-07-15 16:00:00+00:00, current_end: 2025-07-16 17:00:00+00:00
[2025-07-31T08:14:28.759+0000] {data_ingestion.py:62} INFO - Fetched 301 candles for BTC-USD from 2025-07-15 16:00:00+00:00 to 2025-07-16 17:00:00+00:00
[2025-07-31T08:14:28.761+0000] {data_ingestion.py:42} INFO - current_start: 2025-07-16 17:00:00+00:00, current_end: 2025-07-17 18:00:00+00:00
[2025-07-31T08:14:29.002+0000] {data_ingestion.py:62} INFO - Fetched 301 candles for BTC-USD from 2025-07-16 17:00:00+00:00 to 2025-07-17 18:00:00+00:00
[2025-07-31T08:14:29.004+0000] {data_ingestion.py:42} INFO - current_start: 2025-07-17 18:00:00+00:00, current_end: 2025-07-18 19:00:00+00:00
[2025-07-31T08:14:29.177+0000] {data_ingestion.py:62} INFO - Fetched 301 candles for BTC-USD from 2025-07-17 18:00:00+00:00 to 2025-07-18 19:00:00+00:00
[2025-07-31T08:14:29.179+0000] {data_ingestion.py:42} INFO - current_start: 2025-07-18 19:00:00+00:00, current_end: 2025-07-19 20:00:00+00:00
[2025-07-31T08:14:29.489+0000] {data_ingestion.py:62} INFO - Fetched 301 candles for BTC-USD from 2025-07-18 19:00:00+00:00 to 2025-07-19 20:00:00+00:00
[2025-07-31T08:14:29.491+0000] {data_ingestion.py:42} INFO - current_start: 2025-07-19 20:00:00+00:00, current_end: 2025-07-20 21:00:00+00:00
[2025-07-31T08:14:29.708+0000] {data_ingestion.py:62} INFO - Fetched 301 candles for BTC-USD from 2025-07-19 20:00:00+00:00 to 2025-07-20 21:00:00+00:00
[2025-07-31T08:14:29.710+0000] {data_ingestion.py:42} INFO - current_start: 2025-07-20 21:00:00+00:00, current_end: 2025-07-21 22:00:00+00:00
[2025-07-31T08:14:30.213+0000] {data_ingestion.py:62} INFO - Fetched 301 candles for BTC-USD from 2025-07-20 21:00:00+00:00 to 2025-07-21 22:00:00+00:00
[2025-07-31T08:14:30.216+0000] {data_ingestion.py:42} INFO - current_start: 2025-07-21 22:00:00+00:00, current_end: 2025-07-22 23:00:00+00:00
[2025-07-31T08:14:30.417+0000] {data_ingestion.py:62} INFO - Fetched 301 candles for BTC-USD from 2025-07-21 22:00:00+00:00 to 2025-07-22 23:00:00+00:00
[2025-07-31T08:14:30.419+0000] {data_ingestion.py:42} INFO - current_start: 2025-07-22 23:00:00+00:00, current_end: 2025-07-24 00:00:00+00:00
[2025-07-31T08:14:30.631+0000] {data_ingestion.py:62} INFO - Fetched 301 candles for BTC-USD from 2025-07-22 23:00:00+00:00 to 2025-07-24 00:00:00+00:00
[2025-07-31T08:14:30.632+0000] {data_ingestion.py:42} INFO - current_start: 2025-07-24 00:00:00+00:00, current_end: 2025-07-25 01:00:00+00:00
[2025-07-31T08:14:31.109+0000] {data_ingestion.py:62} INFO - Fetched 301 candles for BTC-USD from 2025-07-24 00:00:00+00:00 to 2025-07-25 01:00:00+00:00
[2025-07-31T08:14:31.110+0000] {data_ingestion.py:42} INFO - current_start: 2025-07-25 01:00:00+00:00, current_end: 2025-07-26 02:00:00+00:00
[2025-07-31T08:14:31.320+0000] {data_ingestion.py:62} INFO - Fetched 301 candles for BTC-USD from 2025-07-25 01:00:00+00:00 to 2025-07-26 02:00:00+00:00
[2025-07-31T08:14:31.321+0000] {data_ingestion.py:42} INFO - current_start: 2025-07-26 02:00:00+00:00, current_end: 2025-07-27 03:00:00+00:00
[2025-07-31T08:14:31.523+0000] {data_ingestion.py:62} INFO - Fetched 301 candles for BTC-USD from 2025-07-26 02:00:00+00:00 to 2025-07-27 03:00:00+00:00
[2025-07-31T08:14:31.524+0000] {data_ingestion.py:42} INFO - current_start: 2025-07-27 03:00:00+00:00, current_end: 2025-07-28 04:00:00+00:00
[2025-07-31T08:14:31.745+0000] {data_ingestion.py:62} INFO - Fetched 301 candles for BTC-USD from 2025-07-27 03:00:00+00:00 to 2025-07-28 04:00:00+00:00
[2025-07-31T08:14:31.747+0000] {data_ingestion.py:42} INFO - current_start: 2025-07-28 04:00:00+00:00, current_end: 2025-07-29 05:00:00+00:00
[2025-07-31T08:14:31.923+0000] {data_ingestion.py:62} INFO - Fetched 301 candles for BTC-USD from 2025-07-28 04:00:00+00:00 to 2025-07-29 05:00:00+00:00
[2025-07-31T08:14:31.924+0000] {data_ingestion.py:42} INFO - current_start: 2025-07-29 05:00:00+00:00, current_end: 2025-07-30 01:00:00+00:00
[2025-07-31T08:14:32.135+0000] {data_ingestion.py:62} INFO - Fetched 241 candles for BTC-USD from 2025-07-29 05:00:00+00:00 to 2025-07-30 01:00:00+00:00
[2025-07-31T08:14:32.542+0000] {data_ingestion.py:104} INFO - Saved data to S3: s3://crypto-mlops-bucket/data/historical_BTC_USD_20250730010000.csv
[2025-07-31T08:14:32.543+0000] {hourly_inference.py:84} INFO - Données brutes récupérées : shape=(8669, 7)
[2025-07-31T08:14:32.666+0000] {data_processing.py:41} INFO - Loaded 8669 records from S3: data/historical_BTC_USD_20250730010000.csv
[2025-07-31T08:14:32.678+0000] {data_processing.py:84} INFO - Combined 8641 records for BTC-USD
[2025-07-31T08:14:32.679+0000] {hourly_inference.py:88} INFO - Données combinées : shape=(8641, 7)
[2025-07-31T08:14:32.884+0000] {data_processing.py:168} INFO - Removed 50 rows with NaN values. Final shape: (8591, 84)
[2025-07-31T08:14:32.885+0000] {hourly_inference.py:91} INFO - Features : shape=(8591, 84)
[2025-07-31T08:14:32.903+0000] {data_processing.py:229} ERROR - Error loading preprocessor from S3: An error occurred (NoSuchKey) when calling the GetObject operation: The specified key does not exist.
[2025-07-31T08:14:32.923+0000] {logging_mixin.py:188} WARNING - /opt/***/src/data_processing.py:187 FutureWarning: DataFrame.fillna with 'method' is deprecated and will raise in a future version. Use obj.ffill() or obj.bfill() instead.
[2025-07-31T08:14:32.939+0000] {data_processing.py:189} INFO - Prepared features: (8591, 80), Target: (8591,)
[2025-07-31T08:14:32.940+0000] {data_processing.py:190} INFO - Feature columns: 80
[2025-07-31T08:14:32.941+0000] {taskinstance.py:441} INFO - ::group::Post task execution logs
[2025-07-31T08:14:32.942+0000] {taskinstance.py:2890} ERROR - Task failed with exception
Traceback (most recent call last):
  File "/home/airflow/.local/lib/python3.12/site-packages/airflow/models/taskinstance.py", line 465, in _execute_task
    result = _execute_callable(context=context, **execute_callable_kwargs)
             ^^^^^^^^^^^^^^^^^^^^^^^^^^^^^^^^^^^^^^^^^^^^^^^^^^^^^^^^^^^^^
  File "/home/airflow/.local/lib/python3.12/site-packages/airflow/models/taskinstance.py", line 432, in _execute_callable
    return execute_callable(context=context, **execute_callable_kwargs)
           ^^^^^^^^^^^^^^^^^^^^^^^^^^^^^^^^^^^^^^^^^^^^^^^^^^^^^^^^^^^^
  File "/home/airflow/.local/lib/python3.12/site-packages/airflow/models/baseoperator.py", line 400, in wrapper
    return func(self, *args, **kwargs)
           ^^^^^^^^^^^^^^^^^^^^^^^^^^^
  File "/home/airflow/.local/lib/python3.12/site-packages/airflow/operators/python.py", line 235, in execute
    return_value = self.execute_callable()
                   ^^^^^^^^^^^^^^^^^^^^^^^
  File "/home/airflow/.local/lib/python3.12/site-packages/airflow/operators/python.py", line 252, in execute_callable
    return self.python_callable(*self.op_args, **self.op_kwargs)
           ^^^^^^^^^^^^^^^^^^^^^^^^^^^^^^^^^^^^^^^^^^^^^^^^^^^^^
  File "/opt/airflow/dags/hourly_inference.py", line 97, in preprocess_and_predict
    X_scaled = processor.scaler.transform(X)
               ^^^^^^^^^^^^^^^^^^^^^^^^^^^^^
  File "/home/airflow/.local/lib/python3.12/site-packages/sklearn/utils/_set_output.py", line 316, in wrapped
    data_to_wrap = f(self, X, *args, **kwargs)
                   ^^^^^^^^^^^^^^^^^^^^^^^^^^^
  File "/home/airflow/.local/lib/python3.12/site-packages/sklearn/preprocessing/_data.py", line 1042, in transform
    check_is_fitted(self)
  File "/home/airflow/.local/lib/python3.12/site-packages/sklearn/utils/validation.py", line 1661, in check_is_fitted
    raise NotFittedError(msg % {"name": type(estimator).__name__})
sklearn.exceptions.NotFittedError: This StandardScaler instance is not fitted yet. Call 'fit' with appropriate arguments before using this estimator.
[2025-07-31T08:14:32.979+0000] {taskinstance.py:1205} INFO - Marking task as UP_FOR_RETRY. dag_id=preprocessing_hourly, task_id=preprocess_and_predict, execution_date=20250730T010000, start_date=20250731T081422, end_date=20250731T081432
[2025-07-31T08:14:33.004+0000] {standard_task_runner.py:110} ERROR - Failed to execute job 124 for task preprocess_and_predict (This StandardScaler instance is not fitted yet. Call 'fit' with appropriate arguments before using this estimator.; 266)
[2025-07-31T08:14:33.052+0000] {local_task_job_runner.py:240} INFO - Task exited with return code 1
[2025-07-31T08:14:33.082+0000] {taskinstance.py:3482} INFO - 0 downstream tasks scheduled from follow-on schedule check
[2025-07-31T08:14:33.119+0000] {local_task_job_runner.py:222} INFO - ::endgroup::
