[2025-07-31T15:23:52.303+0000] {local_task_job_runner.py:120} INFO - ::group::Pre task execution logs
[2025-07-31T15:23:52.358+0000] {taskinstance.py:2073} INFO - Dependencies all met for dep_context=non-requeueable deps ti=<TaskInstance: drift_monitoring_dag.check_drift_and_trigger manual__2025-07-31T15:23:43.862251+00:00 [queued]>
[2025-07-31T15:23:52.372+0000] {taskinstance.py:2073} INFO - Dependencies all met for dep_context=requeueable deps ti=<TaskInstance: drift_monitoring_dag.check_drift_and_trigger manual__2025-07-31T15:23:43.862251+00:00 [queued]>
[2025-07-31T15:23:52.406+0000] {taskinstance.py:2303} INFO - Starting attempt 1 of 2
[2025-07-31T15:23:52.431+0000] {taskinstance.py:2327} INFO - Executing <Task(PythonOperator): check_drift_and_trigger> on 2025-07-31 15:23:43.862251+00:00
[2025-07-31T15:23:52.459+0000] {standard_task_runner.py:90} INFO - Running: ['***', 'tasks', 'run', 'drift_monitoring_dag', 'check_drift_and_trigger', 'manual__2025-07-31T15:23:43.862251+00:00', '--job-id', '219', '--raw', '--subdir', 'DAGS_FOLDER/drift_monitoring.py', '--cfg-path', '/tmp/tmpixkn539b']
[2025-07-31T15:23:52.464+0000] {standard_task_runner.py:91} INFO - Job 219: Subtask check_drift_and_trigger
[2025-07-31T15:23:52.470+0000] {logging_mixin.py:188} WARNING - /home/***/.local/lib/python3.12/site-packages/***/task/task_runner/standard_task_runner.py:61 DeprecationWarning: This process (pid=8535) is multi-threaded, use of fork() may lead to deadlocks in the child.
[2025-07-31T15:23:52.471+0000] {standard_task_runner.py:63} INFO - Started process 8555 to run task
[2025-07-31T15:23:52.531+0000] {logging_mixin.py:188} WARNING - /home/***/.local/lib/python3.12/site-packages/***/settings.py:195 DeprecationWarning: The sql_alchemy_conn option in [core] has been moved to the sql_alchemy_conn option in [database] - the old setting has been used, but please update your config.
[2025-07-31T15:23:52.590+0000] {task_command.py:426} INFO - Running <TaskInstance: drift_monitoring_dag.check_drift_and_trigger manual__2025-07-31T15:23:43.862251+00:00 [running]> on host 44c57df83f33
[2025-07-31T15:23:52.758+0000] {taskinstance.py:2644} INFO - Exporting env vars: AIRFLOW_CTX_DAG_OWNER='***' AIRFLOW_CTX_DAG_ID='drift_monitoring_dag' AIRFLOW_CTX_TASK_ID='check_drift_and_trigger' AIRFLOW_CTX_EXECUTION_DATE='2025-07-31T15:23:43.862251+00:00' AIRFLOW_CTX_TRY_NUMBER='1' AIRFLOW_CTX_DAG_RUN_ID='manual__2025-07-31T15:23:43.862251+00:00'
[2025-07-31T15:23:52.760+0000] {taskinstance.py:430} INFO - ::endgroup::
[2025-07-31T15:23:52.812+0000] {drift_monitoring.py:62} WARNING - File not found: s3://crypto-mlops-bucket/predictions/date=2025-07-31/hour=15/prediction.parquet
[2025-07-31T15:23:52.826+0000] {drift_monitoring.py:62} WARNING - File not found: s3://crypto-mlops-bucket/targets/date=2025-07-31/hour=15/target.parquet
[2025-07-31T15:23:52.901+0000] {drift_monitoring.py:62} WARNING - File not found: s3://crypto-mlops-bucket/targets/date=2025-07-31/hour=14/target.parquet
[2025-07-31T15:23:52.994+0000] {drift_monitoring.py:62} WARNING - File not found: s3://crypto-mlops-bucket/predictions/date=2025-07-31/hour=12/prediction.parquet
[2025-07-31T15:23:53.025+0000] {drift_monitoring.py:62} WARNING - File not found: s3://crypto-mlops-bucket/predictions/date=2025-07-31/hour=11/prediction.parquet
[2025-07-31T15:23:53.039+0000] {drift_monitoring.py:62} WARNING - File not found: s3://crypto-mlops-bucket/targets/date=2025-07-31/hour=11/target.parquet
[2025-07-31T15:23:53.054+0000] {drift_monitoring.py:62} WARNING - File not found: s3://crypto-mlops-bucket/predictions/date=2025-07-31/hour=10/prediction.parquet
[2025-07-31T15:23:53.068+0000] {drift_monitoring.py:62} WARNING - File not found: s3://crypto-mlops-bucket/targets/date=2025-07-31/hour=10/target.parquet
[2025-07-31T15:23:53.082+0000] {drift_monitoring.py:62} WARNING - File not found: s3://crypto-mlops-bucket/predictions/date=2025-07-31/hour=09/prediction.parquet
[2025-07-31T15:23:53.099+0000] {drift_monitoring.py:62} WARNING - File not found: s3://crypto-mlops-bucket/targets/date=2025-07-31/hour=09/target.parquet
[2025-07-31T15:23:53.111+0000] {drift_monitoring.py:62} WARNING - File not found: s3://crypto-mlops-bucket/predictions/date=2025-07-31/hour=08/prediction.parquet
[2025-07-31T15:23:53.125+0000] {drift_monitoring.py:62} WARNING - File not found: s3://crypto-mlops-bucket/targets/date=2025-07-31/hour=08/target.parquet
[2025-07-31T15:23:53.138+0000] {drift_monitoring.py:62} WARNING - File not found: s3://crypto-mlops-bucket/predictions/date=2025-07-31/hour=07/prediction.parquet
[2025-07-31T15:23:53.189+0000] {drift_monitoring.py:62} WARNING - File not found: s3://crypto-mlops-bucket/targets/date=2025-07-31/hour=07/target.parquet
[2025-07-31T15:23:53.201+0000] {drift_monitoring.py:62} WARNING - File not found: s3://crypto-mlops-bucket/predictions/date=2025-07-31/hour=06/prediction.parquet
[2025-07-31T15:23:53.214+0000] {drift_monitoring.py:62} WARNING - File not found: s3://crypto-mlops-bucket/targets/date=2025-07-31/hour=06/target.parquet
[2025-07-31T15:23:53.228+0000] {drift_monitoring.py:62} WARNING - File not found: s3://crypto-mlops-bucket/predictions/date=2025-07-31/hour=05/prediction.parquet
[2025-07-31T15:23:53.240+0000] {drift_monitoring.py:62} WARNING - File not found: s3://crypto-mlops-bucket/targets/date=2025-07-31/hour=05/target.parquet
[2025-07-31T15:23:53.254+0000] {drift_monitoring.py:62} WARNING - File not found: s3://crypto-mlops-bucket/predictions/date=2025-07-31/hour=04/prediction.parquet
[2025-07-31T15:23:53.266+0000] {drift_monitoring.py:62} WARNING - File not found: s3://crypto-mlops-bucket/targets/date=2025-07-31/hour=04/target.parquet
[2025-07-31T15:23:53.280+0000] {drift_monitoring.py:62} WARNING - File not found: s3://crypto-mlops-bucket/predictions/date=2025-07-31/hour=03/prediction.parquet
[2025-07-31T15:23:53.293+0000] {drift_monitoring.py:62} WARNING - File not found: s3://crypto-mlops-bucket/targets/date=2025-07-31/hour=03/target.parquet
[2025-07-31T15:23:53.341+0000] {drift_monitoring.py:62} WARNING - File not found: s3://crypto-mlops-bucket/predictions/date=2025-07-31/hour=02/prediction.parquet
[2025-07-31T15:23:53.353+0000] {drift_monitoring.py:62} WARNING - File not found: s3://crypto-mlops-bucket/targets/date=2025-07-31/hour=02/target.parquet
[2025-07-31T15:23:53.366+0000] {drift_monitoring.py:62} WARNING - File not found: s3://crypto-mlops-bucket/predictions/date=2025-07-31/hour=01/prediction.parquet
[2025-07-31T15:23:53.378+0000] {drift_monitoring.py:62} WARNING - File not found: s3://crypto-mlops-bucket/targets/date=2025-07-31/hour=01/target.parquet
[2025-07-31T15:23:53.425+0000] {drift_monitoring.py:62} WARNING - File not found: s3://crypto-mlops-bucket/predictions/date=2025-07-31/hour=00/prediction.parquet
[2025-07-31T15:23:53.438+0000] {drift_monitoring.py:62} WARNING - File not found: s3://crypto-mlops-bucket/targets/date=2025-07-31/hour=00/target.parquet
[2025-07-31T15:23:53.450+0000] {drift_monitoring.py:62} WARNING - File not found: s3://crypto-mlops-bucket/predictions/date=2025-07-30/hour=23/prediction.parquet
[2025-07-31T15:23:53.461+0000] {drift_monitoring.py:62} WARNING - File not found: s3://crypto-mlops-bucket/targets/date=2025-07-30/hour=23/target.parquet
[2025-07-31T15:23:53.474+0000] {drift_monitoring.py:62} WARNING - File not found: s3://crypto-mlops-bucket/predictions/date=2025-07-30/hour=22/prediction.parquet
[2025-07-31T15:23:53.524+0000] {drift_monitoring.py:62} WARNING - File not found: s3://crypto-mlops-bucket/targets/date=2025-07-30/hour=22/target.parquet
[2025-07-31T15:23:53.543+0000] {drift_monitoring.py:62} WARNING - File not found: s3://crypto-mlops-bucket/predictions/date=2025-07-30/hour=21/prediction.parquet
[2025-07-31T15:23:53.558+0000] {drift_monitoring.py:62} WARNING - File not found: s3://crypto-mlops-bucket/targets/date=2025-07-30/hour=21/target.parquet
[2025-07-31T15:23:53.575+0000] {drift_monitoring.py:62} WARNING - File not found: s3://crypto-mlops-bucket/predictions/date=2025-07-30/hour=20/prediction.parquet
[2025-07-31T15:23:53.597+0000] {drift_monitoring.py:62} WARNING - File not found: s3://crypto-mlops-bucket/targets/date=2025-07-30/hour=20/target.parquet
[2025-07-31T15:23:53.614+0000] {drift_monitoring.py:62} WARNING - File not found: s3://crypto-mlops-bucket/predictions/date=2025-07-30/hour=19/prediction.parquet
[2025-07-31T15:23:53.631+0000] {drift_monitoring.py:62} WARNING - File not found: s3://crypto-mlops-bucket/targets/date=2025-07-30/hour=19/target.parquet
[2025-07-31T15:23:53.646+0000] {drift_monitoring.py:62} WARNING - File not found: s3://crypto-mlops-bucket/predictions/date=2025-07-30/hour=18/prediction.parquet
[2025-07-31T15:23:53.663+0000] {drift_monitoring.py:62} WARNING - File not found: s3://crypto-mlops-bucket/targets/date=2025-07-30/hour=18/target.parquet
[2025-07-31T15:23:53.678+0000] {drift_monitoring.py:62} WARNING - File not found: s3://crypto-mlops-bucket/predictions/date=2025-07-30/hour=17/prediction.parquet
[2025-07-31T15:23:53.692+0000] {drift_monitoring.py:62} WARNING - File not found: s3://crypto-mlops-bucket/targets/date=2025-07-30/hour=17/target.parquet
[2025-07-31T15:23:53.704+0000] {drift_monitoring.py:62} WARNING - File not found: s3://crypto-mlops-bucket/predictions/date=2025-07-30/hour=16/prediction.parquet
[2025-07-31T15:23:53.717+0000] {drift_monitoring.py:62} WARNING - File not found: s3://crypto-mlops-bucket/targets/date=2025-07-30/hour=16/target.parquet
[2025-07-31T15:23:53.728+0000] {drift_monitoring.py:62} WARNING - File not found: s3://crypto-mlops-bucket/predictions/date=2025-07-30/hour=15/prediction.parquet
[2025-07-31T15:23:53.741+0000] {drift_monitoring.py:62} WARNING - File not found: s3://crypto-mlops-bucket/targets/date=2025-07-30/hour=15/target.parquet
[2025-07-31T15:23:53.753+0000] {drift_monitoring.py:62} WARNING - File not found: s3://crypto-mlops-bucket/predictions/date=2025-07-30/hour=14/prediction.parquet
[2025-07-31T15:23:53.766+0000] {drift_monitoring.py:62} WARNING - File not found: s3://crypto-mlops-bucket/targets/date=2025-07-30/hour=14/target.parquet
[2025-07-31T15:23:53.778+0000] {drift_monitoring.py:62} WARNING - File not found: s3://crypto-mlops-bucket/predictions/date=2025-07-30/hour=13/prediction.parquet
[2025-07-31T15:23:53.791+0000] {drift_monitoring.py:62} WARNING - File not found: s3://crypto-mlops-bucket/targets/date=2025-07-30/hour=13/target.parquet
[2025-07-31T15:23:53.802+0000] {drift_monitoring.py:62} WARNING - File not found: s3://crypto-mlops-bucket/predictions/date=2025-07-30/hour=12/prediction.parquet
[2025-07-31T15:23:53.814+0000] {drift_monitoring.py:62} WARNING - File not found: s3://crypto-mlops-bucket/targets/date=2025-07-30/hour=12/target.parquet
[2025-07-31T15:23:53.826+0000] {drift_monitoring.py:62} WARNING - File not found: s3://crypto-mlops-bucket/predictions/date=2025-07-30/hour=11/prediction.parquet
[2025-07-31T15:23:53.837+0000] {drift_monitoring.py:62} WARNING - File not found: s3://crypto-mlops-bucket/targets/date=2025-07-30/hour=11/target.parquet
[2025-07-31T15:23:53.850+0000] {drift_monitoring.py:62} WARNING - File not found: s3://crypto-mlops-bucket/predictions/date=2025-07-30/hour=10/prediction.parquet
[2025-07-31T15:23:53.862+0000] {drift_monitoring.py:62} WARNING - File not found: s3://crypto-mlops-bucket/targets/date=2025-07-30/hour=10/target.parquet
[2025-07-31T15:23:53.874+0000] {drift_monitoring.py:62} WARNING - File not found: s3://crypto-mlops-bucket/predictions/date=2025-07-30/hour=09/prediction.parquet
[2025-07-31T15:23:53.887+0000] {drift_monitoring.py:62} WARNING - File not found: s3://crypto-mlops-bucket/targets/date=2025-07-30/hour=09/target.parquet
[2025-07-31T15:23:53.899+0000] {drift_monitoring.py:62} WARNING - File not found: s3://crypto-mlops-bucket/predictions/date=2025-07-30/hour=08/prediction.parquet
[2025-07-31T15:23:53.910+0000] {drift_monitoring.py:62} WARNING - File not found: s3://crypto-mlops-bucket/targets/date=2025-07-30/hour=08/target.parquet
[2025-07-31T15:23:53.923+0000] {drift_monitoring.py:62} WARNING - File not found: s3://crypto-mlops-bucket/predictions/date=2025-07-30/hour=07/prediction.parquet
[2025-07-31T15:23:53.936+0000] {drift_monitoring.py:62} WARNING - File not found: s3://crypto-mlops-bucket/targets/date=2025-07-30/hour=07/target.parquet
[2025-07-31T15:23:53.948+0000] {drift_monitoring.py:62} WARNING - File not found: s3://crypto-mlops-bucket/predictions/date=2025-07-30/hour=06/prediction.parquet
[2025-07-31T15:23:53.962+0000] {drift_monitoring.py:62} WARNING - File not found: s3://crypto-mlops-bucket/targets/date=2025-07-30/hour=06/target.parquet
[2025-07-31T15:23:53.974+0000] {drift_monitoring.py:62} WARNING - File not found: s3://crypto-mlops-bucket/predictions/date=2025-07-30/hour=05/prediction.parquet
[2025-07-31T15:23:53.986+0000] {drift_monitoring.py:62} WARNING - File not found: s3://crypto-mlops-bucket/targets/date=2025-07-30/hour=05/target.parquet
[2025-07-31T15:23:53.999+0000] {drift_monitoring.py:62} WARNING - File not found: s3://crypto-mlops-bucket/predictions/date=2025-07-30/hour=04/prediction.parquet
[2025-07-31T15:23:54.012+0000] {drift_monitoring.py:62} WARNING - File not found: s3://crypto-mlops-bucket/targets/date=2025-07-30/hour=04/target.parquet
[2025-07-31T15:23:54.025+0000] {drift_monitoring.py:62} WARNING - File not found: s3://crypto-mlops-bucket/predictions/date=2025-07-30/hour=03/prediction.parquet
[2025-07-31T15:23:54.038+0000] {drift_monitoring.py:62} WARNING - File not found: s3://crypto-mlops-bucket/targets/date=2025-07-30/hour=03/target.parquet
[2025-07-31T15:23:54.051+0000] {drift_monitoring.py:62} WARNING - File not found: s3://crypto-mlops-bucket/predictions/date=2025-07-30/hour=02/prediction.parquet
[2025-07-31T15:23:54.064+0000] {drift_monitoring.py:62} WARNING - File not found: s3://crypto-mlops-bucket/targets/date=2025-07-30/hour=02/target.parquet
[2025-07-31T15:23:54.078+0000] {drift_monitoring.py:62} WARNING - File not found: s3://crypto-mlops-bucket/predictions/date=2025-07-30/hour=01/prediction.parquet
[2025-07-31T15:23:54.090+0000] {drift_monitoring.py:62} WARNING - File not found: s3://crypto-mlops-bucket/targets/date=2025-07-30/hour=01/target.parquet
[2025-07-31T15:23:54.103+0000] {drift_monitoring.py:62} WARNING - File not found: s3://crypto-mlops-bucket/predictions/date=2025-07-30/hour=00/prediction.parquet
[2025-07-31T15:23:54.116+0000] {drift_monitoring.py:62} WARNING - File not found: s3://crypto-mlops-bucket/targets/date=2025-07-30/hour=00/target.parquet
[2025-07-31T15:23:54.128+0000] {drift_monitoring.py:62} WARNING - File not found: s3://crypto-mlops-bucket/predictions/date=2025-07-29/hour=23/prediction.parquet
[2025-07-31T15:23:54.141+0000] {drift_monitoring.py:62} WARNING - File not found: s3://crypto-mlops-bucket/targets/date=2025-07-29/hour=23/target.parquet
[2025-07-31T15:23:54.153+0000] {drift_monitoring.py:62} WARNING - File not found: s3://crypto-mlops-bucket/predictions/date=2025-07-29/hour=22/prediction.parquet
[2025-07-31T15:23:54.166+0000] {drift_monitoring.py:62} WARNING - File not found: s3://crypto-mlops-bucket/targets/date=2025-07-29/hour=22/target.parquet
[2025-07-31T15:23:54.214+0000] {drift_monitoring.py:62} WARNING - File not found: s3://crypto-mlops-bucket/predictions/date=2025-07-29/hour=21/prediction.parquet
[2025-07-31T15:23:54.231+0000] {drift_monitoring.py:62} WARNING - File not found: s3://crypto-mlops-bucket/targets/date=2025-07-29/hour=21/target.parquet
[2025-07-31T15:23:54.245+0000] {drift_monitoring.py:62} WARNING - File not found: s3://crypto-mlops-bucket/predictions/date=2025-07-29/hour=20/prediction.parquet
[2025-07-31T15:23:54.258+0000] {drift_monitoring.py:62} WARNING - File not found: s3://crypto-mlops-bucket/targets/date=2025-07-29/hour=20/target.parquet
[2025-07-31T15:23:54.270+0000] {drift_monitoring.py:62} WARNING - File not found: s3://crypto-mlops-bucket/predictions/date=2025-07-29/hour=19/prediction.parquet
[2025-07-31T15:23:54.284+0000] {drift_monitoring.py:62} WARNING - File not found: s3://crypto-mlops-bucket/targets/date=2025-07-29/hour=19/target.parquet
[2025-07-31T15:23:54.301+0000] {drift_monitoring.py:62} WARNING - File not found: s3://crypto-mlops-bucket/predictions/date=2025-07-29/hour=18/prediction.parquet
[2025-07-31T15:23:54.314+0000] {drift_monitoring.py:62} WARNING - File not found: s3://crypto-mlops-bucket/targets/date=2025-07-29/hour=18/target.parquet
[2025-07-31T15:23:54.325+0000] {drift_monitoring.py:62} WARNING - File not found: s3://crypto-mlops-bucket/predictions/date=2025-07-29/hour=17/prediction.parquet
[2025-07-31T15:23:54.338+0000] {drift_monitoring.py:62} WARNING - File not found: s3://crypto-mlops-bucket/targets/date=2025-07-29/hour=17/target.parquet
[2025-07-31T15:23:54.350+0000] {drift_monitoring.py:62} WARNING - File not found: s3://crypto-mlops-bucket/predictions/date=2025-07-29/hour=16/prediction.parquet
[2025-07-31T15:23:54.362+0000] {drift_monitoring.py:62} WARNING - File not found: s3://crypto-mlops-bucket/targets/date=2025-07-29/hour=16/target.parquet
[2025-07-31T15:23:54.373+0000] {drift_monitoring.py:62} WARNING - File not found: s3://crypto-mlops-bucket/predictions/date=2025-07-29/hour=15/prediction.parquet
[2025-07-31T15:23:54.384+0000] {drift_monitoring.py:62} WARNING - File not found: s3://crypto-mlops-bucket/targets/date=2025-07-29/hour=15/target.parquet
[2025-07-31T15:23:54.397+0000] {drift_monitoring.py:62} WARNING - File not found: s3://crypto-mlops-bucket/predictions/date=2025-07-29/hour=14/prediction.parquet
[2025-07-31T15:23:54.409+0000] {drift_monitoring.py:62} WARNING - File not found: s3://crypto-mlops-bucket/targets/date=2025-07-29/hour=14/target.parquet
[2025-07-31T15:23:54.421+0000] {drift_monitoring.py:62} WARNING - File not found: s3://crypto-mlops-bucket/predictions/date=2025-07-29/hour=13/prediction.parquet
[2025-07-31T15:23:54.433+0000] {drift_monitoring.py:62} WARNING - File not found: s3://crypto-mlops-bucket/targets/date=2025-07-29/hour=13/target.parquet
[2025-07-31T15:23:54.446+0000] {drift_monitoring.py:62} WARNING - File not found: s3://crypto-mlops-bucket/predictions/date=2025-07-29/hour=12/prediction.parquet
[2025-07-31T15:23:54.458+0000] {drift_monitoring.py:62} WARNING - File not found: s3://crypto-mlops-bucket/targets/date=2025-07-29/hour=12/target.parquet
[2025-07-31T15:23:54.469+0000] {drift_monitoring.py:62} WARNING - File not found: s3://crypto-mlops-bucket/predictions/date=2025-07-29/hour=11/prediction.parquet
[2025-07-31T15:23:54.482+0000] {drift_monitoring.py:62} WARNING - File not found: s3://crypto-mlops-bucket/targets/date=2025-07-29/hour=11/target.parquet
[2025-07-31T15:23:54.494+0000] {drift_monitoring.py:62} WARNING - File not found: s3://crypto-mlops-bucket/predictions/date=2025-07-29/hour=10/prediction.parquet
[2025-07-31T15:23:54.508+0000] {drift_monitoring.py:62} WARNING - File not found: s3://crypto-mlops-bucket/targets/date=2025-07-29/hour=10/target.parquet
[2025-07-31T15:23:54.521+0000] {drift_monitoring.py:62} WARNING - File not found: s3://crypto-mlops-bucket/predictions/date=2025-07-29/hour=09/prediction.parquet
[2025-07-31T15:23:54.534+0000] {drift_monitoring.py:62} WARNING - File not found: s3://crypto-mlops-bucket/targets/date=2025-07-29/hour=09/target.parquet
[2025-07-31T15:23:54.546+0000] {drift_monitoring.py:62} WARNING - File not found: s3://crypto-mlops-bucket/predictions/date=2025-07-29/hour=08/prediction.parquet
[2025-07-31T15:23:54.560+0000] {drift_monitoring.py:62} WARNING - File not found: s3://crypto-mlops-bucket/targets/date=2025-07-29/hour=08/target.parquet
[2025-07-31T15:23:54.575+0000] {drift_monitoring.py:62} WARNING - File not found: s3://crypto-mlops-bucket/predictions/date=2025-07-29/hour=07/prediction.parquet
[2025-07-31T15:23:54.587+0000] {drift_monitoring.py:62} WARNING - File not found: s3://crypto-mlops-bucket/targets/date=2025-07-29/hour=07/target.parquet
[2025-07-31T15:23:54.600+0000] {drift_monitoring.py:62} WARNING - File not found: s3://crypto-mlops-bucket/predictions/date=2025-07-29/hour=06/prediction.parquet
[2025-07-31T15:23:54.613+0000] {drift_monitoring.py:62} WARNING - File not found: s3://crypto-mlops-bucket/targets/date=2025-07-29/hour=06/target.parquet
[2025-07-31T15:23:54.627+0000] {drift_monitoring.py:62} WARNING - File not found: s3://crypto-mlops-bucket/predictions/date=2025-07-29/hour=05/prediction.parquet
[2025-07-31T15:23:54.642+0000] {drift_monitoring.py:62} WARNING - File not found: s3://crypto-mlops-bucket/targets/date=2025-07-29/hour=05/target.parquet
[2025-07-31T15:23:54.657+0000] {drift_monitoring.py:62} WARNING - File not found: s3://crypto-mlops-bucket/predictions/date=2025-07-29/hour=04/prediction.parquet
[2025-07-31T15:23:54.677+0000] {drift_monitoring.py:62} WARNING - File not found: s3://crypto-mlops-bucket/targets/date=2025-07-29/hour=04/target.parquet
[2025-07-31T15:23:54.691+0000] {drift_monitoring.py:62} WARNING - File not found: s3://crypto-mlops-bucket/predictions/date=2025-07-29/hour=03/prediction.parquet
[2025-07-31T15:23:54.705+0000] {drift_monitoring.py:62} WARNING - File not found: s3://crypto-mlops-bucket/targets/date=2025-07-29/hour=03/target.parquet
[2025-07-31T15:23:54.719+0000] {drift_monitoring.py:62} WARNING - File not found: s3://crypto-mlops-bucket/predictions/date=2025-07-29/hour=02/prediction.parquet
[2025-07-31T15:23:54.731+0000] {drift_monitoring.py:62} WARNING - File not found: s3://crypto-mlops-bucket/targets/date=2025-07-29/hour=02/target.parquet
[2025-07-31T15:23:54.742+0000] {drift_monitoring.py:62} WARNING - File not found: s3://crypto-mlops-bucket/predictions/date=2025-07-29/hour=01/prediction.parquet
[2025-07-31T15:23:54.755+0000] {drift_monitoring.py:62} WARNING - File not found: s3://crypto-mlops-bucket/targets/date=2025-07-29/hour=01/target.parquet
[2025-07-31T15:23:54.767+0000] {drift_monitoring.py:62} WARNING - File not found: s3://crypto-mlops-bucket/predictions/date=2025-07-29/hour=00/prediction.parquet
[2025-07-31T15:23:54.778+0000] {drift_monitoring.py:62} WARNING - File not found: s3://crypto-mlops-bucket/targets/date=2025-07-29/hour=00/target.parquet
[2025-07-31T15:23:54.790+0000] {drift_monitoring.py:62} WARNING - File not found: s3://crypto-mlops-bucket/predictions/date=2025-07-28/hour=23/prediction.parquet
[2025-07-31T15:23:54.802+0000] {drift_monitoring.py:62} WARNING - File not found: s3://crypto-mlops-bucket/targets/date=2025-07-28/hour=23/target.parquet
[2025-07-31T15:23:54.814+0000] {drift_monitoring.py:62} WARNING - File not found: s3://crypto-mlops-bucket/predictions/date=2025-07-28/hour=22/prediction.parquet
[2025-07-31T15:23:54.826+0000] {drift_monitoring.py:62} WARNING - File not found: s3://crypto-mlops-bucket/targets/date=2025-07-28/hour=22/target.parquet
[2025-07-31T15:23:54.838+0000] {drift_monitoring.py:62} WARNING - File not found: s3://crypto-mlops-bucket/predictions/date=2025-07-28/hour=21/prediction.parquet
[2025-07-31T15:23:54.850+0000] {drift_monitoring.py:62} WARNING - File not found: s3://crypto-mlops-bucket/targets/date=2025-07-28/hour=21/target.parquet
[2025-07-31T15:23:54.864+0000] {drift_monitoring.py:62} WARNING - File not found: s3://crypto-mlops-bucket/predictions/date=2025-07-28/hour=20/prediction.parquet
[2025-07-31T15:23:54.876+0000] {drift_monitoring.py:62} WARNING - File not found: s3://crypto-mlops-bucket/targets/date=2025-07-28/hour=20/target.parquet
[2025-07-31T15:23:54.888+0000] {drift_monitoring.py:62} WARNING - File not found: s3://crypto-mlops-bucket/predictions/date=2025-07-28/hour=19/prediction.parquet
[2025-07-31T15:23:54.901+0000] {drift_monitoring.py:62} WARNING - File not found: s3://crypto-mlops-bucket/targets/date=2025-07-28/hour=19/target.parquet
[2025-07-31T15:23:54.914+0000] {drift_monitoring.py:62} WARNING - File not found: s3://crypto-mlops-bucket/predictions/date=2025-07-28/hour=18/prediction.parquet
[2025-07-31T15:23:54.926+0000] {drift_monitoring.py:62} WARNING - File not found: s3://crypto-mlops-bucket/targets/date=2025-07-28/hour=18/target.parquet
[2025-07-31T15:23:54.938+0000] {drift_monitoring.py:62} WARNING - File not found: s3://crypto-mlops-bucket/predictions/date=2025-07-28/hour=17/prediction.parquet
[2025-07-31T15:23:54.951+0000] {drift_monitoring.py:62} WARNING - File not found: s3://crypto-mlops-bucket/targets/date=2025-07-28/hour=17/target.parquet
[2025-07-31T15:23:54.964+0000] {drift_monitoring.py:62} WARNING - File not found: s3://crypto-mlops-bucket/predictions/date=2025-07-28/hour=16/prediction.parquet
[2025-07-31T15:23:54.978+0000] {drift_monitoring.py:62} WARNING - File not found: s3://crypto-mlops-bucket/targets/date=2025-07-28/hour=16/target.parquet
[2025-07-31T15:23:54.990+0000] {drift_monitoring.py:62} WARNING - File not found: s3://crypto-mlops-bucket/predictions/date=2025-07-28/hour=15/prediction.parquet
[2025-07-31T15:23:55.003+0000] {drift_monitoring.py:62} WARNING - File not found: s3://crypto-mlops-bucket/targets/date=2025-07-28/hour=15/target.parquet
[2025-07-31T15:23:55.015+0000] {drift_monitoring.py:62} WARNING - File not found: s3://crypto-mlops-bucket/predictions/date=2025-07-28/hour=14/prediction.parquet
[2025-07-31T15:23:55.027+0000] {drift_monitoring.py:62} WARNING - File not found: s3://crypto-mlops-bucket/targets/date=2025-07-28/hour=14/target.parquet
[2025-07-31T15:23:55.039+0000] {drift_monitoring.py:62} WARNING - File not found: s3://crypto-mlops-bucket/predictions/date=2025-07-28/hour=13/prediction.parquet
[2025-07-31T15:23:55.052+0000] {drift_monitoring.py:62} WARNING - File not found: s3://crypto-mlops-bucket/targets/date=2025-07-28/hour=13/target.parquet
[2025-07-31T15:23:55.064+0000] {drift_monitoring.py:62} WARNING - File not found: s3://crypto-mlops-bucket/predictions/date=2025-07-28/hour=12/prediction.parquet
[2025-07-31T15:23:55.076+0000] {drift_monitoring.py:62} WARNING - File not found: s3://crypto-mlops-bucket/targets/date=2025-07-28/hour=12/target.parquet
[2025-07-31T15:23:55.090+0000] {drift_monitoring.py:62} WARNING - File not found: s3://crypto-mlops-bucket/predictions/date=2025-07-28/hour=11/prediction.parquet
[2025-07-31T15:23:55.102+0000] {drift_monitoring.py:62} WARNING - File not found: s3://crypto-mlops-bucket/targets/date=2025-07-28/hour=11/target.parquet
[2025-07-31T15:23:55.114+0000] {drift_monitoring.py:62} WARNING - File not found: s3://crypto-mlops-bucket/predictions/date=2025-07-28/hour=10/prediction.parquet
[2025-07-31T15:23:55.127+0000] {drift_monitoring.py:62} WARNING - File not found: s3://crypto-mlops-bucket/targets/date=2025-07-28/hour=10/target.parquet
[2025-07-31T15:23:55.141+0000] {drift_monitoring.py:62} WARNING - File not found: s3://crypto-mlops-bucket/predictions/date=2025-07-28/hour=09/prediction.parquet
[2025-07-31T15:23:55.154+0000] {drift_monitoring.py:62} WARNING - File not found: s3://crypto-mlops-bucket/targets/date=2025-07-28/hour=09/target.parquet
[2025-07-31T15:23:55.167+0000] {drift_monitoring.py:62} WARNING - File not found: s3://crypto-mlops-bucket/predictions/date=2025-07-28/hour=08/prediction.parquet
[2025-07-31T15:23:55.179+0000] {drift_monitoring.py:62} WARNING - File not found: s3://crypto-mlops-bucket/targets/date=2025-07-28/hour=08/target.parquet
[2025-07-31T15:23:55.191+0000] {drift_monitoring.py:62} WARNING - File not found: s3://crypto-mlops-bucket/predictions/date=2025-07-28/hour=07/prediction.parquet
[2025-07-31T15:23:55.203+0000] {drift_monitoring.py:62} WARNING - File not found: s3://crypto-mlops-bucket/targets/date=2025-07-28/hour=07/target.parquet
[2025-07-31T15:23:55.216+0000] {drift_monitoring.py:62} WARNING - File not found: s3://crypto-mlops-bucket/predictions/date=2025-07-28/hour=06/prediction.parquet
[2025-07-31T15:23:55.228+0000] {drift_monitoring.py:62} WARNING - File not found: s3://crypto-mlops-bucket/targets/date=2025-07-28/hour=06/target.parquet
[2025-07-31T15:23:55.239+0000] {drift_monitoring.py:62} WARNING - File not found: s3://crypto-mlops-bucket/predictions/date=2025-07-28/hour=05/prediction.parquet
[2025-07-31T15:23:55.251+0000] {drift_monitoring.py:62} WARNING - File not found: s3://crypto-mlops-bucket/targets/date=2025-07-28/hour=05/target.parquet
[2025-07-31T15:23:55.263+0000] {drift_monitoring.py:62} WARNING - File not found: s3://crypto-mlops-bucket/predictions/date=2025-07-28/hour=04/prediction.parquet
[2025-07-31T15:23:55.275+0000] {drift_monitoring.py:62} WARNING - File not found: s3://crypto-mlops-bucket/targets/date=2025-07-28/hour=04/target.parquet
[2025-07-31T15:23:55.286+0000] {drift_monitoring.py:62} WARNING - File not found: s3://crypto-mlops-bucket/predictions/date=2025-07-28/hour=03/prediction.parquet
[2025-07-31T15:23:55.298+0000] {drift_monitoring.py:62} WARNING - File not found: s3://crypto-mlops-bucket/targets/date=2025-07-28/hour=03/target.parquet
[2025-07-31T15:23:55.311+0000] {drift_monitoring.py:62} WARNING - File not found: s3://crypto-mlops-bucket/predictions/date=2025-07-28/hour=02/prediction.parquet
[2025-07-31T15:23:55.324+0000] {drift_monitoring.py:62} WARNING - File not found: s3://crypto-mlops-bucket/targets/date=2025-07-28/hour=02/target.parquet
[2025-07-31T15:23:55.337+0000] {drift_monitoring.py:62} WARNING - File not found: s3://crypto-mlops-bucket/predictions/date=2025-07-28/hour=01/prediction.parquet
[2025-07-31T15:23:55.350+0000] {drift_monitoring.py:62} WARNING - File not found: s3://crypto-mlops-bucket/targets/date=2025-07-28/hour=01/target.parquet
[2025-07-31T15:23:55.363+0000] {drift_monitoring.py:62} WARNING - File not found: s3://crypto-mlops-bucket/predictions/date=2025-07-28/hour=00/prediction.parquet
[2025-07-31T15:23:55.375+0000] {drift_monitoring.py:62} WARNING - File not found: s3://crypto-mlops-bucket/targets/date=2025-07-28/hour=00/target.parquet
[2025-07-31T15:23:55.387+0000] {drift_monitoring.py:62} WARNING - File not found: s3://crypto-mlops-bucket/predictions/date=2025-07-27/hour=23/prediction.parquet
[2025-07-31T15:23:55.400+0000] {drift_monitoring.py:62} WARNING - File not found: s3://crypto-mlops-bucket/targets/date=2025-07-27/hour=23/target.parquet
[2025-07-31T15:23:55.412+0000] {drift_monitoring.py:62} WARNING - File not found: s3://crypto-mlops-bucket/predictions/date=2025-07-27/hour=22/prediction.parquet
[2025-07-31T15:23:55.426+0000] {drift_monitoring.py:62} WARNING - File not found: s3://crypto-mlops-bucket/targets/date=2025-07-27/hour=22/target.parquet
[2025-07-31T15:23:55.439+0000] {drift_monitoring.py:62} WARNING - File not found: s3://crypto-mlops-bucket/predictions/date=2025-07-27/hour=21/prediction.parquet
[2025-07-31T15:23:55.451+0000] {drift_monitoring.py:62} WARNING - File not found: s3://crypto-mlops-bucket/targets/date=2025-07-27/hour=21/target.parquet
[2025-07-31T15:23:55.463+0000] {drift_monitoring.py:62} WARNING - File not found: s3://crypto-mlops-bucket/predictions/date=2025-07-27/hour=20/prediction.parquet
[2025-07-31T15:23:55.475+0000] {drift_monitoring.py:62} WARNING - File not found: s3://crypto-mlops-bucket/targets/date=2025-07-27/hour=20/target.parquet
[2025-07-31T15:23:55.490+0000] {drift_monitoring.py:62} WARNING - File not found: s3://crypto-mlops-bucket/predictions/date=2025-07-27/hour=19/prediction.parquet
[2025-07-31T15:23:55.503+0000] {drift_monitoring.py:62} WARNING - File not found: s3://crypto-mlops-bucket/targets/date=2025-07-27/hour=19/target.parquet
[2025-07-31T15:23:55.515+0000] {drift_monitoring.py:62} WARNING - File not found: s3://crypto-mlops-bucket/predictions/date=2025-07-27/hour=18/prediction.parquet
[2025-07-31T15:23:55.528+0000] {drift_monitoring.py:62} WARNING - File not found: s3://crypto-mlops-bucket/targets/date=2025-07-27/hour=18/target.parquet
[2025-07-31T15:23:55.540+0000] {drift_monitoring.py:62} WARNING - File not found: s3://crypto-mlops-bucket/predictions/date=2025-07-27/hour=17/prediction.parquet
[2025-07-31T15:23:55.551+0000] {drift_monitoring.py:62} WARNING - File not found: s3://crypto-mlops-bucket/targets/date=2025-07-27/hour=17/target.parquet
[2025-07-31T15:23:55.564+0000] {drift_monitoring.py:62} WARNING - File not found: s3://crypto-mlops-bucket/predictions/date=2025-07-27/hour=16/prediction.parquet
[2025-07-31T15:23:55.578+0000] {drift_monitoring.py:62} WARNING - File not found: s3://crypto-mlops-bucket/targets/date=2025-07-27/hour=16/target.parquet
[2025-07-31T15:23:55.624+0000] {drift_monitoring.py:62} WARNING - File not found: s3://crypto-mlops-bucket/predictions/date=2025-07-27/hour=15/prediction.parquet
[2025-07-31T15:23:55.636+0000] {drift_monitoring.py:62} WARNING - File not found: s3://crypto-mlops-bucket/targets/date=2025-07-27/hour=15/target.parquet
[2025-07-31T15:23:55.649+0000] {drift_monitoring.py:62} WARNING - File not found: s3://crypto-mlops-bucket/predictions/date=2025-07-27/hour=14/prediction.parquet
[2025-07-31T15:23:55.662+0000] {drift_monitoring.py:62} WARNING - File not found: s3://crypto-mlops-bucket/targets/date=2025-07-27/hour=14/target.parquet
[2025-07-31T15:23:55.675+0000] {drift_monitoring.py:62} WARNING - File not found: s3://crypto-mlops-bucket/predictions/date=2025-07-27/hour=13/prediction.parquet
[2025-07-31T15:23:55.691+0000] {drift_monitoring.py:62} WARNING - File not found: s3://crypto-mlops-bucket/targets/date=2025-07-27/hour=13/target.parquet
[2025-07-31T15:23:55.708+0000] {drift_monitoring.py:62} WARNING - File not found: s3://crypto-mlops-bucket/predictions/date=2025-07-27/hour=12/prediction.parquet
[2025-07-31T15:23:55.722+0000] {drift_monitoring.py:62} WARNING - File not found: s3://crypto-mlops-bucket/targets/date=2025-07-27/hour=12/target.parquet
[2025-07-31T15:23:55.734+0000] {drift_monitoring.py:62} WARNING - File not found: s3://crypto-mlops-bucket/predictions/date=2025-07-27/hour=11/prediction.parquet
[2025-07-31T15:23:55.746+0000] {drift_monitoring.py:62} WARNING - File not found: s3://crypto-mlops-bucket/targets/date=2025-07-27/hour=11/target.parquet
[2025-07-31T15:23:55.759+0000] {drift_monitoring.py:62} WARNING - File not found: s3://crypto-mlops-bucket/predictions/date=2025-07-27/hour=10/prediction.parquet
[2025-07-31T15:23:55.770+0000] {drift_monitoring.py:62} WARNING - File not found: s3://crypto-mlops-bucket/targets/date=2025-07-27/hour=10/target.parquet
[2025-07-31T15:23:55.782+0000] {drift_monitoring.py:62} WARNING - File not found: s3://crypto-mlops-bucket/predictions/date=2025-07-27/hour=09/prediction.parquet
[2025-07-31T15:23:55.795+0000] {drift_monitoring.py:62} WARNING - File not found: s3://crypto-mlops-bucket/targets/date=2025-07-27/hour=09/target.parquet
[2025-07-31T15:23:55.807+0000] {drift_monitoring.py:62} WARNING - File not found: s3://crypto-mlops-bucket/predictions/date=2025-07-27/hour=08/prediction.parquet
[2025-07-31T15:23:55.820+0000] {drift_monitoring.py:62} WARNING - File not found: s3://crypto-mlops-bucket/targets/date=2025-07-27/hour=08/target.parquet
[2025-07-31T15:23:55.831+0000] {drift_monitoring.py:62} WARNING - File not found: s3://crypto-mlops-bucket/predictions/date=2025-07-27/hour=07/prediction.parquet
[2025-07-31T15:23:55.843+0000] {drift_monitoring.py:62} WARNING - File not found: s3://crypto-mlops-bucket/targets/date=2025-07-27/hour=07/target.parquet
[2025-07-31T15:23:55.858+0000] {drift_monitoring.py:62} WARNING - File not found: s3://crypto-mlops-bucket/predictions/date=2025-07-27/hour=06/prediction.parquet
[2025-07-31T15:23:55.872+0000] {drift_monitoring.py:62} WARNING - File not found: s3://crypto-mlops-bucket/targets/date=2025-07-27/hour=06/target.parquet
[2025-07-31T15:23:55.885+0000] {drift_monitoring.py:62} WARNING - File not found: s3://crypto-mlops-bucket/predictions/date=2025-07-27/hour=05/prediction.parquet
[2025-07-31T15:23:55.899+0000] {drift_monitoring.py:62} WARNING - File not found: s3://crypto-mlops-bucket/targets/date=2025-07-27/hour=05/target.parquet
[2025-07-31T15:23:55.913+0000] {drift_monitoring.py:62} WARNING - File not found: s3://crypto-mlops-bucket/predictions/date=2025-07-27/hour=04/prediction.parquet
[2025-07-31T15:23:55.929+0000] {drift_monitoring.py:62} WARNING - File not found: s3://crypto-mlops-bucket/targets/date=2025-07-27/hour=04/target.parquet
[2025-07-31T15:23:55.943+0000] {drift_monitoring.py:62} WARNING - File not found: s3://crypto-mlops-bucket/predictions/date=2025-07-27/hour=03/prediction.parquet
[2025-07-31T15:23:55.956+0000] {drift_monitoring.py:62} WARNING - File not found: s3://crypto-mlops-bucket/targets/date=2025-07-27/hour=03/target.parquet
[2025-07-31T15:23:55.970+0000] {drift_monitoring.py:62} WARNING - File not found: s3://crypto-mlops-bucket/predictions/date=2025-07-27/hour=02/prediction.parquet
[2025-07-31T15:23:55.984+0000] {drift_monitoring.py:62} WARNING - File not found: s3://crypto-mlops-bucket/targets/date=2025-07-27/hour=02/target.parquet
[2025-07-31T15:23:55.997+0000] {drift_monitoring.py:62} WARNING - File not found: s3://crypto-mlops-bucket/predictions/date=2025-07-27/hour=01/prediction.parquet
[2025-07-31T15:23:56.010+0000] {drift_monitoring.py:62} WARNING - File not found: s3://crypto-mlops-bucket/targets/date=2025-07-27/hour=01/target.parquet
[2025-07-31T15:23:56.022+0000] {drift_monitoring.py:62} WARNING - File not found: s3://crypto-mlops-bucket/predictions/date=2025-07-27/hour=00/prediction.parquet
[2025-07-31T15:23:56.035+0000] {drift_monitoring.py:62} WARNING - File not found: s3://crypto-mlops-bucket/targets/date=2025-07-27/hour=00/target.parquet
[2025-07-31T15:23:56.050+0000] {drift_monitoring.py:62} WARNING - File not found: s3://crypto-mlops-bucket/predictions/date=2025-07-26/hour=23/prediction.parquet
[2025-07-31T15:23:56.061+0000] {drift_monitoring.py:62} WARNING - File not found: s3://crypto-mlops-bucket/targets/date=2025-07-26/hour=23/target.parquet
[2025-07-31T15:23:56.073+0000] {drift_monitoring.py:62} WARNING - File not found: s3://crypto-mlops-bucket/predictions/date=2025-07-26/hour=22/prediction.parquet
[2025-07-31T15:23:56.085+0000] {drift_monitoring.py:62} WARNING - File not found: s3://crypto-mlops-bucket/targets/date=2025-07-26/hour=22/target.parquet
[2025-07-31T15:23:56.099+0000] {drift_monitoring.py:62} WARNING - File not found: s3://crypto-mlops-bucket/predictions/date=2025-07-26/hour=21/prediction.parquet
[2025-07-31T15:23:56.111+0000] {drift_monitoring.py:62} WARNING - File not found: s3://crypto-mlops-bucket/targets/date=2025-07-26/hour=21/target.parquet
[2025-07-31T15:23:56.124+0000] {drift_monitoring.py:62} WARNING - File not found: s3://crypto-mlops-bucket/predictions/date=2025-07-26/hour=20/prediction.parquet
[2025-07-31T15:23:56.137+0000] {drift_monitoring.py:62} WARNING - File not found: s3://crypto-mlops-bucket/targets/date=2025-07-26/hour=20/target.parquet
[2025-07-31T15:23:56.184+0000] {drift_monitoring.py:62} WARNING - File not found: s3://crypto-mlops-bucket/predictions/date=2025-07-26/hour=19/prediction.parquet
[2025-07-31T15:23:56.199+0000] {drift_monitoring.py:62} WARNING - File not found: s3://crypto-mlops-bucket/targets/date=2025-07-26/hour=19/target.parquet
[2025-07-31T15:23:56.211+0000] {drift_monitoring.py:62} WARNING - File not found: s3://crypto-mlops-bucket/predictions/date=2025-07-26/hour=18/prediction.parquet
[2025-07-31T15:23:56.223+0000] {drift_monitoring.py:62} WARNING - File not found: s3://crypto-mlops-bucket/targets/date=2025-07-26/hour=18/target.parquet
[2025-07-31T15:23:56.236+0000] {drift_monitoring.py:62} WARNING - File not found: s3://crypto-mlops-bucket/predictions/date=2025-07-26/hour=17/prediction.parquet
[2025-07-31T15:23:56.250+0000] {drift_monitoring.py:62} WARNING - File not found: s3://crypto-mlops-bucket/targets/date=2025-07-26/hour=17/target.parquet
[2025-07-31T15:23:56.263+0000] {drift_monitoring.py:62} WARNING - File not found: s3://crypto-mlops-bucket/predictions/date=2025-07-26/hour=16/prediction.parquet
[2025-07-31T15:23:56.275+0000] {drift_monitoring.py:62} WARNING - File not found: s3://crypto-mlops-bucket/targets/date=2025-07-26/hour=16/target.parquet
[2025-07-31T15:23:56.288+0000] {drift_monitoring.py:62} WARNING - File not found: s3://crypto-mlops-bucket/predictions/date=2025-07-26/hour=15/prediction.parquet
[2025-07-31T15:23:56.300+0000] {drift_monitoring.py:62} WARNING - File not found: s3://crypto-mlops-bucket/targets/date=2025-07-26/hour=15/target.parquet
[2025-07-31T15:23:56.314+0000] {drift_monitoring.py:62} WARNING - File not found: s3://crypto-mlops-bucket/predictions/date=2025-07-26/hour=14/prediction.parquet
[2025-07-31T15:23:56.327+0000] {drift_monitoring.py:62} WARNING - File not found: s3://crypto-mlops-bucket/targets/date=2025-07-26/hour=14/target.parquet
[2025-07-31T15:23:56.340+0000] {drift_monitoring.py:62} WARNING - File not found: s3://crypto-mlops-bucket/predictions/date=2025-07-26/hour=13/prediction.parquet
[2025-07-31T15:23:56.351+0000] {drift_monitoring.py:62} WARNING - File not found: s3://crypto-mlops-bucket/targets/date=2025-07-26/hour=13/target.parquet
[2025-07-31T15:23:56.365+0000] {drift_monitoring.py:62} WARNING - File not found: s3://crypto-mlops-bucket/predictions/date=2025-07-26/hour=12/prediction.parquet
[2025-07-31T15:23:56.383+0000] {drift_monitoring.py:62} WARNING - File not found: s3://crypto-mlops-bucket/targets/date=2025-07-26/hour=12/target.parquet
[2025-07-31T15:23:56.399+0000] {drift_monitoring.py:62} WARNING - File not found: s3://crypto-mlops-bucket/predictions/date=2025-07-26/hour=11/prediction.parquet
[2025-07-31T15:23:56.414+0000] {drift_monitoring.py:62} WARNING - File not found: s3://crypto-mlops-bucket/targets/date=2025-07-26/hour=11/target.parquet
[2025-07-31T15:23:56.429+0000] {drift_monitoring.py:62} WARNING - File not found: s3://crypto-mlops-bucket/predictions/date=2025-07-26/hour=10/prediction.parquet
[2025-07-31T15:23:56.444+0000] {drift_monitoring.py:62} WARNING - File not found: s3://crypto-mlops-bucket/targets/date=2025-07-26/hour=10/target.parquet
[2025-07-31T15:23:56.458+0000] {drift_monitoring.py:62} WARNING - File not found: s3://crypto-mlops-bucket/predictions/date=2025-07-26/hour=09/prediction.parquet
[2025-07-31T15:23:56.471+0000] {drift_monitoring.py:62} WARNING - File not found: s3://crypto-mlops-bucket/targets/date=2025-07-26/hour=09/target.parquet
[2025-07-31T15:23:56.485+0000] {drift_monitoring.py:62} WARNING - File not found: s3://crypto-mlops-bucket/predictions/date=2025-07-26/hour=08/prediction.parquet
[2025-07-31T15:23:56.498+0000] {drift_monitoring.py:62} WARNING - File not found: s3://crypto-mlops-bucket/targets/date=2025-07-26/hour=08/target.parquet
[2025-07-31T15:23:56.513+0000] {drift_monitoring.py:62} WARNING - File not found: s3://crypto-mlops-bucket/predictions/date=2025-07-26/hour=07/prediction.parquet
[2025-07-31T15:23:56.525+0000] {drift_monitoring.py:62} WARNING - File not found: s3://crypto-mlops-bucket/targets/date=2025-07-26/hour=07/target.parquet
[2025-07-31T15:23:56.553+0000] {drift_monitoring.py:62} WARNING - File not found: s3://crypto-mlops-bucket/predictions/date=2025-07-26/hour=06/prediction.parquet
[2025-07-31T15:23:56.565+0000] {drift_monitoring.py:62} WARNING - File not found: s3://crypto-mlops-bucket/targets/date=2025-07-26/hour=06/target.parquet
[2025-07-31T15:23:56.579+0000] {drift_monitoring.py:62} WARNING - File not found: s3://crypto-mlops-bucket/predictions/date=2025-07-26/hour=05/prediction.parquet
[2025-07-31T15:23:56.591+0000] {drift_monitoring.py:62} WARNING - File not found: s3://crypto-mlops-bucket/targets/date=2025-07-26/hour=05/target.parquet
[2025-07-31T15:23:56.603+0000] {drift_monitoring.py:62} WARNING - File not found: s3://crypto-mlops-bucket/predictions/date=2025-07-26/hour=04/prediction.parquet
[2025-07-31T15:23:56.618+0000] {drift_monitoring.py:62} WARNING - File not found: s3://crypto-mlops-bucket/targets/date=2025-07-26/hour=04/target.parquet
[2025-07-31T15:23:56.664+0000] {drift_monitoring.py:62} WARNING - File not found: s3://crypto-mlops-bucket/predictions/date=2025-07-26/hour=03/prediction.parquet
[2025-07-31T15:23:56.675+0000] {drift_monitoring.py:62} WARNING - File not found: s3://crypto-mlops-bucket/targets/date=2025-07-26/hour=03/target.parquet
[2025-07-31T15:23:56.687+0000] {drift_monitoring.py:62} WARNING - File not found: s3://crypto-mlops-bucket/predictions/date=2025-07-26/hour=02/prediction.parquet
[2025-07-31T15:23:56.699+0000] {drift_monitoring.py:62} WARNING - File not found: s3://crypto-mlops-bucket/targets/date=2025-07-26/hour=02/target.parquet
[2025-07-31T15:23:56.711+0000] {drift_monitoring.py:62} WARNING - File not found: s3://crypto-mlops-bucket/predictions/date=2025-07-26/hour=01/prediction.parquet
[2025-07-31T15:23:56.729+0000] {drift_monitoring.py:62} WARNING - File not found: s3://crypto-mlops-bucket/targets/date=2025-07-26/hour=01/target.parquet
[2025-07-31T15:23:56.747+0000] {drift_monitoring.py:62} WARNING - File not found: s3://crypto-mlops-bucket/predictions/date=2025-07-26/hour=00/prediction.parquet
[2025-07-31T15:23:56.759+0000] {drift_monitoring.py:62} WARNING - File not found: s3://crypto-mlops-bucket/targets/date=2025-07-26/hour=00/target.parquet
[2025-07-31T15:23:56.770+0000] {drift_monitoring.py:62} WARNING - File not found: s3://crypto-mlops-bucket/predictions/date=2025-07-25/hour=23/prediction.parquet
[2025-07-31T15:23:56.786+0000] {drift_monitoring.py:62} WARNING - File not found: s3://crypto-mlops-bucket/targets/date=2025-07-25/hour=23/target.parquet
[2025-07-31T15:23:56.798+0000] {drift_monitoring.py:62} WARNING - File not found: s3://crypto-mlops-bucket/predictions/date=2025-07-25/hour=22/prediction.parquet
[2025-07-31T15:23:56.810+0000] {drift_monitoring.py:62} WARNING - File not found: s3://crypto-mlops-bucket/targets/date=2025-07-25/hour=22/target.parquet
[2025-07-31T15:23:56.822+0000] {drift_monitoring.py:62} WARNING - File not found: s3://crypto-mlops-bucket/predictions/date=2025-07-25/hour=21/prediction.parquet
[2025-07-31T15:23:56.836+0000] {drift_monitoring.py:62} WARNING - File not found: s3://crypto-mlops-bucket/targets/date=2025-07-25/hour=21/target.parquet
[2025-07-31T15:23:56.849+0000] {drift_monitoring.py:62} WARNING - File not found: s3://crypto-mlops-bucket/predictions/date=2025-07-25/hour=20/prediction.parquet
[2025-07-31T15:23:56.861+0000] {drift_monitoring.py:62} WARNING - File not found: s3://crypto-mlops-bucket/targets/date=2025-07-25/hour=20/target.parquet
[2025-07-31T15:23:56.874+0000] {drift_monitoring.py:62} WARNING - File not found: s3://crypto-mlops-bucket/predictions/date=2025-07-25/hour=19/prediction.parquet
[2025-07-31T15:23:56.886+0000] {drift_monitoring.py:62} WARNING - File not found: s3://crypto-mlops-bucket/targets/date=2025-07-25/hour=19/target.parquet
[2025-07-31T15:23:56.899+0000] {drift_monitoring.py:62} WARNING - File not found: s3://crypto-mlops-bucket/predictions/date=2025-07-25/hour=18/prediction.parquet
[2025-07-31T15:23:56.911+0000] {drift_monitoring.py:62} WARNING - File not found: s3://crypto-mlops-bucket/targets/date=2025-07-25/hour=18/target.parquet
[2025-07-31T15:23:56.924+0000] {drift_monitoring.py:62} WARNING - File not found: s3://crypto-mlops-bucket/predictions/date=2025-07-25/hour=17/prediction.parquet
[2025-07-31T15:23:56.936+0000] {drift_monitoring.py:62} WARNING - File not found: s3://crypto-mlops-bucket/targets/date=2025-07-25/hour=17/target.parquet
[2025-07-31T15:23:56.947+0000] {drift_monitoring.py:62} WARNING - File not found: s3://crypto-mlops-bucket/predictions/date=2025-07-25/hour=16/prediction.parquet
[2025-07-31T15:23:56.960+0000] {drift_monitoring.py:62} WARNING - File not found: s3://crypto-mlops-bucket/targets/date=2025-07-25/hour=16/target.parquet
[2025-07-31T15:23:57.006+0000] {drift_monitoring.py:62} WARNING - File not found: s3://crypto-mlops-bucket/predictions/date=2025-07-25/hour=15/prediction.parquet
[2025-07-31T15:23:57.018+0000] {drift_monitoring.py:62} WARNING - File not found: s3://crypto-mlops-bucket/targets/date=2025-07-25/hour=15/target.parquet
[2025-07-31T15:23:57.030+0000] {drift_monitoring.py:62} WARNING - File not found: s3://crypto-mlops-bucket/predictions/date=2025-07-25/hour=14/prediction.parquet
[2025-07-31T15:23:57.045+0000] {drift_monitoring.py:62} WARNING - File not found: s3://crypto-mlops-bucket/targets/date=2025-07-25/hour=14/target.parquet
[2025-07-31T15:23:57.069+0000] {drift_monitoring.py:62} WARNING - File not found: s3://crypto-mlops-bucket/predictions/date=2025-07-25/hour=13/prediction.parquet
[2025-07-31T15:23:57.089+0000] {drift_monitoring.py:62} WARNING - File not found: s3://crypto-mlops-bucket/targets/date=2025-07-25/hour=13/target.parquet
[2025-07-31T15:23:57.110+0000] {drift_monitoring.py:62} WARNING - File not found: s3://crypto-mlops-bucket/predictions/date=2025-07-25/hour=12/prediction.parquet
[2025-07-31T15:23:57.130+0000] {drift_monitoring.py:62} WARNING - File not found: s3://crypto-mlops-bucket/targets/date=2025-07-25/hour=12/target.parquet
[2025-07-31T15:23:57.152+0000] {drift_monitoring.py:62} WARNING - File not found: s3://crypto-mlops-bucket/predictions/date=2025-07-25/hour=11/prediction.parquet
[2025-07-31T15:23:57.166+0000] {drift_monitoring.py:62} WARNING - File not found: s3://crypto-mlops-bucket/targets/date=2025-07-25/hour=11/target.parquet
[2025-07-31T15:23:57.182+0000] {drift_monitoring.py:62} WARNING - File not found: s3://crypto-mlops-bucket/predictions/date=2025-07-25/hour=10/prediction.parquet
[2025-07-31T15:23:57.199+0000] {drift_monitoring.py:62} WARNING - File not found: s3://crypto-mlops-bucket/targets/date=2025-07-25/hour=10/target.parquet
[2025-07-31T15:23:57.211+0000] {drift_monitoring.py:62} WARNING - File not found: s3://crypto-mlops-bucket/predictions/date=2025-07-25/hour=09/prediction.parquet
[2025-07-31T15:23:57.223+0000] {drift_monitoring.py:62} WARNING - File not found: s3://crypto-mlops-bucket/targets/date=2025-07-25/hour=09/target.parquet
[2025-07-31T15:23:57.235+0000] {drift_monitoring.py:62} WARNING - File not found: s3://crypto-mlops-bucket/predictions/date=2025-07-25/hour=08/prediction.parquet
[2025-07-31T15:23:57.247+0000] {drift_monitoring.py:62} WARNING - File not found: s3://crypto-mlops-bucket/targets/date=2025-07-25/hour=08/target.parquet
[2025-07-31T15:23:57.261+0000] {drift_monitoring.py:62} WARNING - File not found: s3://crypto-mlops-bucket/predictions/date=2025-07-25/hour=07/prediction.parquet
[2025-07-31T15:23:57.309+0000] {drift_monitoring.py:62} WARNING - File not found: s3://crypto-mlops-bucket/targets/date=2025-07-25/hour=07/target.parquet
[2025-07-31T15:23:57.322+0000] {drift_monitoring.py:62} WARNING - File not found: s3://crypto-mlops-bucket/predictions/date=2025-07-25/hour=06/prediction.parquet
[2025-07-31T15:23:57.336+0000] {drift_monitoring.py:62} WARNING - File not found: s3://crypto-mlops-bucket/targets/date=2025-07-25/hour=06/target.parquet
[2025-07-31T15:23:57.359+0000] {drift_monitoring.py:62} WARNING - File not found: s3://crypto-mlops-bucket/predictions/date=2025-07-25/hour=05/prediction.parquet
[2025-07-31T15:23:57.371+0000] {drift_monitoring.py:62} WARNING - File not found: s3://crypto-mlops-bucket/targets/date=2025-07-25/hour=05/target.parquet
[2025-07-31T15:23:57.385+0000] {drift_monitoring.py:62} WARNING - File not found: s3://crypto-mlops-bucket/predictions/date=2025-07-25/hour=04/prediction.parquet
[2025-07-31T15:23:57.398+0000] {drift_monitoring.py:62} WARNING - File not found: s3://crypto-mlops-bucket/targets/date=2025-07-25/hour=04/target.parquet
[2025-07-31T15:23:57.412+0000] {drift_monitoring.py:62} WARNING - File not found: s3://crypto-mlops-bucket/predictions/date=2025-07-25/hour=03/prediction.parquet
[2025-07-31T15:23:57.425+0000] {drift_monitoring.py:62} WARNING - File not found: s3://crypto-mlops-bucket/targets/date=2025-07-25/hour=03/target.parquet
[2025-07-31T15:23:57.439+0000] {drift_monitoring.py:62} WARNING - File not found: s3://crypto-mlops-bucket/predictions/date=2025-07-25/hour=02/prediction.parquet
[2025-07-31T15:23:57.452+0000] {drift_monitoring.py:62} WARNING - File not found: s3://crypto-mlops-bucket/targets/date=2025-07-25/hour=02/target.parquet
[2025-07-31T15:23:57.465+0000] {drift_monitoring.py:62} WARNING - File not found: s3://crypto-mlops-bucket/predictions/date=2025-07-25/hour=01/prediction.parquet
[2025-07-31T15:23:57.477+0000] {drift_monitoring.py:62} WARNING - File not found: s3://crypto-mlops-bucket/targets/date=2025-07-25/hour=01/target.parquet
[2025-07-31T15:23:57.490+0000] {drift_monitoring.py:62} WARNING - File not found: s3://crypto-mlops-bucket/predictions/date=2025-07-25/hour=00/prediction.parquet
[2025-07-31T15:23:57.505+0000] {drift_monitoring.py:62} WARNING - File not found: s3://crypto-mlops-bucket/targets/date=2025-07-25/hour=00/target.parquet
[2025-07-31T15:23:57.519+0000] {drift_monitoring.py:62} WARNING - File not found: s3://crypto-mlops-bucket/predictions/date=2025-07-24/hour=23/prediction.parquet
[2025-07-31T15:23:57.533+0000] {drift_monitoring.py:62} WARNING - File not found: s3://crypto-mlops-bucket/targets/date=2025-07-24/hour=23/target.parquet
[2025-07-31T15:23:57.545+0000] {drift_monitoring.py:62} WARNING - File not found: s3://crypto-mlops-bucket/predictions/date=2025-07-24/hour=22/prediction.parquet
[2025-07-31T15:23:57.558+0000] {drift_monitoring.py:62} WARNING - File not found: s3://crypto-mlops-bucket/targets/date=2025-07-24/hour=22/target.parquet
[2025-07-31T15:23:57.571+0000] {drift_monitoring.py:62} WARNING - File not found: s3://crypto-mlops-bucket/predictions/date=2025-07-24/hour=21/prediction.parquet
[2025-07-31T15:23:57.582+0000] {drift_monitoring.py:62} WARNING - File not found: s3://crypto-mlops-bucket/targets/date=2025-07-24/hour=21/target.parquet
[2025-07-31T15:23:57.594+0000] {drift_monitoring.py:62} WARNING - File not found: s3://crypto-mlops-bucket/predictions/date=2025-07-24/hour=20/prediction.parquet
[2025-07-31T15:23:57.607+0000] {drift_monitoring.py:62} WARNING - File not found: s3://crypto-mlops-bucket/targets/date=2025-07-24/hour=20/target.parquet
[2025-07-31T15:23:57.620+0000] {drift_monitoring.py:62} WARNING - File not found: s3://crypto-mlops-bucket/predictions/date=2025-07-24/hour=19/prediction.parquet
[2025-07-31T15:23:57.631+0000] {drift_monitoring.py:62} WARNING - File not found: s3://crypto-mlops-bucket/targets/date=2025-07-24/hour=19/target.parquet
[2025-07-31T15:23:57.644+0000] {drift_monitoring.py:62} WARNING - File not found: s3://crypto-mlops-bucket/predictions/date=2025-07-24/hour=18/prediction.parquet
[2025-07-31T15:23:57.657+0000] {drift_monitoring.py:62} WARNING - File not found: s3://crypto-mlops-bucket/targets/date=2025-07-24/hour=18/target.parquet
[2025-07-31T15:23:57.670+0000] {drift_monitoring.py:62} WARNING - File not found: s3://crypto-mlops-bucket/predictions/date=2025-07-24/hour=17/prediction.parquet
[2025-07-31T15:23:57.682+0000] {drift_monitoring.py:62} WARNING - File not found: s3://crypto-mlops-bucket/targets/date=2025-07-24/hour=17/target.parquet
[2025-07-31T15:23:57.694+0000] {drift_monitoring.py:62} WARNING - File not found: s3://crypto-mlops-bucket/predictions/date=2025-07-24/hour=16/prediction.parquet
[2025-07-31T15:23:57.706+0000] {drift_monitoring.py:62} WARNING - File not found: s3://crypto-mlops-bucket/targets/date=2025-07-24/hour=16/target.parquet
[2025-07-31T15:23:57.889+0000] {drift_monitoring.py:153} INFO - Mean MAE over last 7 days: 0.1336 (threshold: 0.15)
[2025-07-31T15:23:57.890+0000] {drift_monitoring.py:168} INFO - No significant drift detected.
[2025-07-31T15:23:57.891+0000] {drift_monitoring.py:74} WARNING - Not enough data to generate Evidently report
[2025-07-31T15:23:57.892+0000] {python.py:237} INFO - Done. Returned value was: None
[2025-07-31T15:23:57.893+0000] {taskinstance.py:441} INFO - ::group::Post task execution logs
[2025-07-31T15:23:57.910+0000] {taskinstance.py:1205} INFO - Marking task as SUCCESS. dag_id=drift_monitoring_dag, task_id=check_drift_and_trigger, execution_date=20250731T152343, start_date=20250731T152352, end_date=20250731T152357
[2025-07-31T15:23:57.986+0000] {local_task_job_runner.py:240} INFO - Task exited with return code 0
[2025-07-31T15:23:58.012+0000] {taskinstance.py:3482} INFO - 0 downstream tasks scheduled from follow-on schedule check
[2025-07-31T15:23:58.048+0000] {local_task_job_runner.py:222} INFO - ::endgroup::
