[2025-07-27T15:14:39.172+0000] {local_task_job_runner.py:120} INFO - ::group::Pre task execution logs
[2025-07-27T15:14:39.223+0000] {taskinstance.py:2073} INFO - Dependencies all met for dep_context=non-requeueable deps ti=<TaskInstance: training_pipeline.process_data manual__2025-07-27T15:14:19.917382+00:00 [queued]>
[2025-07-27T15:14:39.236+0000] {taskinstance.py:2073} INFO - Dependencies all met for dep_context=requeueable deps ti=<TaskInstance: training_pipeline.process_data manual__2025-07-27T15:14:19.917382+00:00 [queued]>
[2025-07-27T15:14:39.237+0000] {taskinstance.py:2303} INFO - Starting attempt 1 of 4
[2025-07-27T15:14:39.255+0000] {taskinstance.py:2327} INFO - Executing <Task(PythonOperator): process_data> on 2025-07-27 15:14:19.917382+00:00
[2025-07-27T15:14:39.276+0000] {logging_mixin.py:188} WARNING - /home/***/.local/lib/python3.12/site-packages/***/task/task_runner/standard_task_runner.py:61 DeprecationWarning: This process (pid=522) is multi-threaded, use of fork() may lead to deadlocks in the child.
[2025-07-27T15:14:39.275+0000] {standard_task_runner.py:90} INFO - Running: ['***', 'tasks', 'run', 'training_pipeline', 'process_data', 'manual__2025-07-27T15:14:19.917382+00:00', '--job-id', '4', '--raw', '--subdir', 'DAGS_FOLDER/training_pipeline.py', '--cfg-path', '/tmp/tmp2o036a3j']
[2025-07-27T15:14:39.279+0000] {standard_task_runner.py:63} INFO - Started process 543 to run task
[2025-07-27T15:14:39.279+0000] {standard_task_runner.py:91} INFO - Job 4: Subtask process_data
[2025-07-27T15:14:39.305+0000] {logging_mixin.py:188} WARNING - /home/***/.local/lib/python3.12/site-packages/***/settings.py:195 DeprecationWarning: The sql_alchemy_conn option in [core] has been moved to the sql_alchemy_conn option in [database] - the old setting has been used, but please update your config.
[2025-07-27T15:14:39.361+0000] {task_command.py:426} INFO - Running <TaskInstance: training_pipeline.process_data manual__2025-07-27T15:14:19.917382+00:00 [running]> on host 617fcbaa19a2
[2025-07-27T15:14:39.476+0000] {taskinstance.py:2644} INFO - Exporting env vars: AIRFLOW_CTX_DAG_EMAIL='mlops_team@example.com' AIRFLOW_CTX_DAG_OWNER='mlops' AIRFLOW_CTX_DAG_ID='training_pipeline' AIRFLOW_CTX_TASK_ID='process_data' AIRFLOW_CTX_EXECUTION_DATE='2025-07-27T15:14:19.917382+00:00' AIRFLOW_CTX_TRY_NUMBER='1' AIRFLOW_CTX_DAG_RUN_ID='manual__2025-07-27T15:14:19.917382+00:00'
[2025-07-27T15:14:39.478+0000] {taskinstance.py:430} INFO - ::endgroup::
[2025-07-27T15:14:39.665+0000] {data_processing.py:40} INFO - Loaded 288 records from S3: data/historical_BTC_USD_20250727151434.csv
[2025-07-27T15:14:39.673+0000] {data_processing.py:84} INFO - Combined 288 records for BTC-USD
[2025-07-27T15:14:39.735+0000] {data_processing.py:162} INFO - Removed 50 rows with NaN values. Final shape: (238, 84)
[2025-07-27T15:14:39.739+0000] {logging_mixin.py:188} WARNING - /opt/***/src/data_processing.py:229 FutureWarning: DataFrame.fillna with 'method' is deprecated and will raise in a future version. Use obj.ffill() or obj.bfill() instead.
[2025-07-27T15:14:39.744+0000] {logging_mixin.py:188} WARNING - /opt/***/src/data_processing.py:177 FutureWarning: DataFrame.fillna with 'method' is deprecated and will raise in a future version. Use obj.ffill() or obj.bfill() instead.
[2025-07-27T15:14:39.746+0000] {data_processing.py:179} INFO - Prepared features: (238, 80), Target: (238,)
[2025-07-27T15:14:39.746+0000] {data_processing.py:180} INFO - Feature columns: 80
[2025-07-27T15:14:39.778+0000] {data_processing.py:202} INFO - Saved preprocessor to S3: s3://crypto-mlops-bucket/models/preprocessors/scaler_BTC_USD.pickle
[2025-07-27T15:14:39.781+0000] {python.py:237} INFO - Done. Returned value was: None
[2025-07-27T15:14:39.783+0000] {taskinstance.py:441} INFO - ::group::Post task execution logs
[2025-07-27T15:14:39.809+0000] {taskinstance.py:1205} INFO - Marking task as SUCCESS. dag_id=training_pipeline, task_id=process_data, execution_date=20250727T151419, start_date=20250727T151439, end_date=20250727T151439
[2025-07-27T15:14:39.877+0000] {local_task_job_runner.py:240} INFO - Task exited with return code 0
[2025-07-27T15:14:39.910+0000] {taskinstance.py:3482} INFO - 1 downstream tasks scheduled from follow-on schedule check
[2025-07-27T15:14:39.914+0000] {local_task_job_runner.py:222} INFO - ::endgroup::
