[2025-07-26T22:03:21.312+0000] {local_task_job_runner.py:120} INFO - ::group::Pre task execution logs
[2025-07-26T22:03:21.347+0000] {taskinstance.py:2073} INFO - Dependencies all met for dep_context=non-requeueable deps ti=<TaskInstance: training_pipeline.promote_model manual__2025-07-26T22:02:32.501418+00:00 [queued]>
[2025-07-26T22:03:21.356+0000] {taskinstance.py:2073} INFO - Dependencies all met for dep_context=requeueable deps ti=<TaskInstance: training_pipeline.promote_model manual__2025-07-26T22:02:32.501418+00:00 [queued]>
[2025-07-26T22:03:21.357+0000] {taskinstance.py:2303} INFO - Starting attempt 1 of 4
[2025-07-26T22:03:21.369+0000] {taskinstance.py:2327} INFO - Executing <Task(PythonOperator): promote_model> on 2025-07-26 22:02:32.501418+00:00
[2025-07-26T22:03:21.386+0000] {logging_mixin.py:188} WARNING - /home/***/.local/lib/python3.12/site-packages/***/task/task_runner/standard_task_runner.py:61 DeprecationWarning: This process (pid=484) is multi-threaded, use of fork() may lead to deadlocks in the child.
[2025-07-26T22:03:21.386+0000] {standard_task_runner.py:90} INFO - Running: ['***', 'tasks', 'run', 'training_pipeline', 'promote_model', 'manual__2025-07-26T22:02:32.501418+00:00', '--job-id', '6', '--raw', '--subdir', 'DAGS_FOLDER/training_pipeline.py', '--cfg-path', '/tmp/tmpayizo1ll']
[2025-07-26T22:03:21.388+0000] {standard_task_runner.py:63} INFO - Started process 504 to run task
[2025-07-26T22:03:21.388+0000] {standard_task_runner.py:91} INFO - Job 6: Subtask promote_model
[2025-07-26T22:03:21.404+0000] {logging_mixin.py:188} WARNING - /home/***/.local/lib/python3.12/site-packages/***/settings.py:195 DeprecationWarning: The sql_alchemy_conn option in [core] has been moved to the sql_alchemy_conn option in [database] - the old setting has been used, but please update your config.
[2025-07-26T22:03:21.440+0000] {task_command.py:426} INFO - Running <TaskInstance: training_pipeline.promote_model manual__2025-07-26T22:02:32.501418+00:00 [running]> on host 56b9bc5380c1
[2025-07-26T22:03:21.543+0000] {taskinstance.py:2644} INFO - Exporting env vars: AIRFLOW_CTX_DAG_EMAIL='mlops_team@example.com' AIRFLOW_CTX_DAG_OWNER='mlops' AIRFLOW_CTX_DAG_ID='training_pipeline' AIRFLOW_CTX_TASK_ID='promote_model' AIRFLOW_CTX_EXECUTION_DATE='2025-07-26T22:02:32.501418+00:00' AIRFLOW_CTX_TRY_NUMBER='1' AIRFLOW_CTX_DAG_RUN_ID='manual__2025-07-26T22:02:32.501418+00:00'
[2025-07-26T22:03:21.545+0000] {taskinstance.py:430} INFO - ::endgroup::
[2025-07-26T22:03:21.623+0000] {training_pipeline.py:152} INFO - ✅ Connexion MLflow réussie sur http://mlflow:5000
[2025-07-26T22:03:21.693+0000] {training_pipeline.py:186} INFO - Promotion du modèle version 1
[2025-07-26T22:03:21.714+0000] {training_pipeline.py:195} INFO - ✅ Modèle promu avec alias 'production'
[2025-07-26T22:03:21.714+0000] {python.py:237} INFO - Done. Returned value was: None
[2025-07-26T22:03:21.715+0000] {taskinstance.py:441} INFO - ::group::Post task execution logs
[2025-07-26T22:03:21.728+0000] {taskinstance.py:1205} INFO - Marking task as SUCCESS. dag_id=training_pipeline, task_id=promote_model, execution_date=20250726T220232, start_date=20250726T220321, end_date=20250726T220321
[2025-07-26T22:03:21.763+0000] {local_task_job_runner.py:240} INFO - Task exited with return code 0
[2025-07-26T22:03:21.781+0000] {taskinstance.py:3482} INFO - 0 downstream tasks scheduled from follow-on schedule check
[2025-07-26T22:03:21.784+0000] {local_task_job_runner.py:222} INFO - ::endgroup::
