[2025-07-31T12:34:08.752+0000] {local_task_job_runner.py:120} INFO - ::group::Pre task execution logs
[2025-07-31T12:34:08.797+0000] {taskinstance.py:2073} INFO - Dependencies all met for dep_context=non-requeueable deps ti=<TaskInstance: training_pipeline.ingest_data triggered_by_drift_20250731_123357 [queued]>
[2025-07-31T12:34:08.809+0000] {taskinstance.py:2073} INFO - Dependencies all met for dep_context=requeueable deps ti=<TaskInstance: training_pipeline.ingest_data triggered_by_drift_20250731_123357 [queued]>
[2025-07-31T12:34:08.813+0000] {taskinstance.py:2303} INFO - Starting attempt 1 of 4
[2025-07-31T12:34:08.833+0000] {taskinstance.py:2327} INFO - Executing <Task(PythonOperator): ingest_data> on 2025-07-31 12:33:57+00:00
[2025-07-31T12:34:08.854+0000] {standard_task_runner.py:90} INFO - Running: ['***', 'tasks', 'run', 'training_pipeline', 'ingest_data', 'triggered_by_drift_20250731_123357', '--job-id', '152', '--raw', '--subdir', 'DAGS_FOLDER/training_pipeline.py', '--cfg-path', '/tmp/tmp3fiwoas_']
[2025-07-31T12:34:08.860+0000] {standard_task_runner.py:91} INFO - Job 152: Subtask ingest_data
[2025-07-31T12:34:08.861+0000] {logging_mixin.py:188} WARNING - /home/***/.local/lib/python3.12/site-packages/***/task/task_runner/standard_task_runner.py:61 DeprecationWarning: This process (pid=11501) is multi-threaded, use of fork() may lead to deadlocks in the child.
[2025-07-31T12:34:08.862+0000] {standard_task_runner.py:63} INFO - Started process 11539 to run task
[2025-07-31T12:34:08.928+0000] {logging_mixin.py:188} WARNING - /home/***/.local/lib/python3.12/site-packages/***/settings.py:195 DeprecationWarning: The sql_alchemy_conn option in [core] has been moved to the sql_alchemy_conn option in [database] - the old setting has been used, but please update your config.
[2025-07-31T12:34:08.999+0000] {task_command.py:426} INFO - Running <TaskInstance: training_pipeline.ingest_data triggered_by_drift_20250731_123357 [running]> on host 44c57df83f33
[2025-07-31T12:34:09.204+0000] {taskinstance.py:2644} INFO - Exporting env vars: AIRFLOW_CTX_DAG_EMAIL='mlops_team@example.com' AIRFLOW_CTX_DAG_OWNER='mlops' AIRFLOW_CTX_DAG_ID='training_pipeline' AIRFLOW_CTX_TASK_ID='ingest_data' AIRFLOW_CTX_EXECUTION_DATE='2025-07-31T12:33:57+00:00' AIRFLOW_CTX_TRY_NUMBER='1' AIRFLOW_CTX_DAG_RUN_ID='triggered_by_drift_20250731_123357'
[2025-07-31T12:34:09.207+0000] {taskinstance.py:430} INFO - ::endgroup::
[2025-07-31T12:34:09.249+0000] {data_ingestion.py:42} INFO - current_start: 2025-07-30 12:34:09.249818, current_end: 2025-07-31 12:34:09.249818
[2025-07-31T12:34:09.448+0000] {data_ingestion.py:62} INFO - Fetched 288 candles for BTC-USD from 2025-07-30 12:34:09.249818 to 2025-07-31 12:34:09.249818
[2025-07-31T12:34:09.531+0000] {data_ingestion.py:104} INFO - Saved data to S3: s3://crypto-mlops-bucket/data/historical_BTC_USD_20250731123409.csv
[2025-07-31T12:34:09.533+0000] {python.py:237} INFO - Done. Returned value was: None
[2025-07-31T12:34:09.534+0000] {taskinstance.py:441} INFO - ::group::Post task execution logs
[2025-07-31T12:34:09.545+0000] {taskinstance.py:1205} INFO - Marking task as SUCCESS. dag_id=training_pipeline, task_id=ingest_data, execution_date=20250731T123357, start_date=20250731T123408, end_date=20250731T123409
[2025-07-31T12:34:09.607+0000] {local_task_job_runner.py:240} INFO - Task exited with return code 0
[2025-07-31T12:34:09.644+0000] {taskinstance.py:3482} INFO - 1 downstream tasks scheduled from follow-on schedule check
[2025-07-31T12:34:09.648+0000] {local_task_job_runner.py:222} INFO - ::endgroup::
