[2025-07-31T13:12:47.731+0000] {local_task_job_runner.py:120} INFO - ::group::Pre task execution logs
[2025-07-31T13:12:47.780+0000] {taskinstance.py:2073} INFO - Dependencies all met for dep_context=non-requeueable deps ti=<TaskInstance: preprocessing_hourly.preprocess_and_predict manual__2025-07-31T13:12:41.946102+00:00 [queued]>
[2025-07-31T13:12:47.793+0000] {taskinstance.py:2073} INFO - Dependencies all met for dep_context=requeueable deps ti=<TaskInstance: preprocessing_hourly.preprocess_and_predict manual__2025-07-31T13:12:41.946102+00:00 [queued]>
[2025-07-31T13:12:47.797+0000] {taskinstance.py:2303} INFO - Starting attempt 1 of 2
[2025-07-31T13:12:47.820+0000] {taskinstance.py:2327} INFO - Executing <Task(PythonOperator): preprocess_and_predict> on 2025-07-31 13:12:41.946102+00:00
[2025-07-31T13:12:47.846+0000] {logging_mixin.py:188} WARNING - /home/***/.local/lib/python3.12/site-packages/***/task/task_runner/standard_task_runner.py:61 DeprecationWarning: This process (pid=2784) is multi-threaded, use of fork() may lead to deadlocks in the child.
[2025-07-31T13:12:47.846+0000] {standard_task_runner.py:90} INFO - Running: ['***', 'tasks', 'run', 'preprocessing_hourly', 'preprocess_and_predict', 'manual__2025-07-31T13:12:41.946102+00:00', '--job-id', '199', '--raw', '--subdir', 'DAGS_FOLDER/hourly_inference.py', '--cfg-path', '/tmp/tmpk3nef4g_']
[2025-07-31T13:12:47.849+0000] {standard_task_runner.py:63} INFO - Started process 2806 to run task
[2025-07-31T13:12:47.849+0000] {standard_task_runner.py:91} INFO - Job 199: Subtask preprocess_and_predict
[2025-07-31T13:12:47.872+0000] {logging_mixin.py:188} WARNING - /home/***/.local/lib/python3.12/site-packages/***/settings.py:195 DeprecationWarning: The sql_alchemy_conn option in [core] has been moved to the sql_alchemy_conn option in [database] - the old setting has been used, but please update your config.
[2025-07-31T13:12:47.933+0000] {task_command.py:426} INFO - Running <TaskInstance: preprocessing_hourly.preprocess_and_predict manual__2025-07-31T13:12:41.946102+00:00 [running]> on host 44c57df83f33
[2025-07-31T13:12:48.084+0000] {taskinstance.py:2644} INFO - Exporting env vars: AIRFLOW_CTX_DAG_OWNER='mlops' AIRFLOW_CTX_DAG_ID='preprocessing_hourly' AIRFLOW_CTX_TASK_ID='preprocess_and_predict' AIRFLOW_CTX_EXECUTION_DATE='2025-07-31T13:12:41.946102+00:00' AIRFLOW_CTX_TRY_NUMBER='1' AIRFLOW_CTX_DAG_RUN_ID='manual__2025-07-31T13:12:41.946102+00:00'
[2025-07-31T13:12:48.087+0000] {taskinstance.py:430} INFO - ::endgroup::
[2025-07-31T13:12:48.110+0000] {logging_mixin.py:188} WARNING - /home/***/.local/lib/python3.12/site-packages/***/utils/context.py:320 AirflowContextDeprecationWarning: Accessing 'execution_date' from the template is deprecated and will be removed in a future version. Please use 'data_interval_start' or 'logical_date' instead.
[2025-07-31T13:12:48.112+0000] {hourly_inference.py:70} INFO - [DEBUG] Execution date: 2025-07-31 13:12:41.946102+00:00 (type=<class 'Proxy'>)
[2025-07-31T13:12:48.132+0000] {hourly_inference.py:58} INFO - Bucket crypto-mlops-bucket exists
[2025-07-31T13:12:48.154+0000] {data_ingestion.py:42} INFO - current_start: 2025-07-01 13:12:41.946102+00:00, current_end: 2025-07-02 14:12:41.946102+00:00
[2025-07-31T13:12:48.379+0000] {data_ingestion.py:62} INFO - Fetched 300 candles for BTC-USD from 2025-07-01 13:12:41.946102+00:00 to 2025-07-02 14:12:41.946102+00:00
[2025-07-31T13:12:48.382+0000] {data_ingestion.py:42} INFO - current_start: 2025-07-02 14:12:41.946102+00:00, current_end: 2025-07-03 15:12:41.946102+00:00
[2025-07-31T13:12:48.638+0000] {data_ingestion.py:62} INFO - Fetched 300 candles for BTC-USD from 2025-07-02 14:12:41.946102+00:00 to 2025-07-03 15:12:41.946102+00:00
[2025-07-31T13:12:48.641+0000] {data_ingestion.py:42} INFO - current_start: 2025-07-03 15:12:41.946102+00:00, current_end: 2025-07-04 16:12:41.946102+00:00
[2025-07-31T13:12:48.867+0000] {data_ingestion.py:62} INFO - Fetched 300 candles for BTC-USD from 2025-07-03 15:12:41.946102+00:00 to 2025-07-04 16:12:41.946102+00:00
[2025-07-31T13:12:48.870+0000] {data_ingestion.py:42} INFO - current_start: 2025-07-04 16:12:41.946102+00:00, current_end: 2025-07-05 17:12:41.946102+00:00
[2025-07-31T13:12:49.042+0000] {data_ingestion.py:62} INFO - Fetched 300 candles for BTC-USD from 2025-07-04 16:12:41.946102+00:00 to 2025-07-05 17:12:41.946102+00:00
[2025-07-31T13:12:49.045+0000] {data_ingestion.py:42} INFO - current_start: 2025-07-05 17:12:41.946102+00:00, current_end: 2025-07-06 18:12:41.946102+00:00
[2025-07-31T13:12:49.522+0000] {data_ingestion.py:62} INFO - Fetched 300 candles for BTC-USD from 2025-07-05 17:12:41.946102+00:00 to 2025-07-06 18:12:41.946102+00:00
[2025-07-31T13:12:49.524+0000] {data_ingestion.py:42} INFO - current_start: 2025-07-06 18:12:41.946102+00:00, current_end: 2025-07-07 19:12:41.946102+00:00
[2025-07-31T13:12:49.721+0000] {data_ingestion.py:62} INFO - Fetched 300 candles for BTC-USD from 2025-07-06 18:12:41.946102+00:00 to 2025-07-07 19:12:41.946102+00:00
[2025-07-31T13:12:49.725+0000] {data_ingestion.py:42} INFO - current_start: 2025-07-07 19:12:41.946102+00:00, current_end: 2025-07-08 20:12:41.946102+00:00
[2025-07-31T13:12:50.029+0000] {data_ingestion.py:62} INFO - Fetched 300 candles for BTC-USD from 2025-07-07 19:12:41.946102+00:00 to 2025-07-08 20:12:41.946102+00:00
[2025-07-31T13:12:50.034+0000] {data_ingestion.py:42} INFO - current_start: 2025-07-08 20:12:41.946102+00:00, current_end: 2025-07-09 21:12:41.946102+00:00
[2025-07-31T13:12:50.474+0000] {data_ingestion.py:62} INFO - Fetched 300 candles for BTC-USD from 2025-07-08 20:12:41.946102+00:00 to 2025-07-09 21:12:41.946102+00:00
[2025-07-31T13:12:50.477+0000] {data_ingestion.py:42} INFO - current_start: 2025-07-09 21:12:41.946102+00:00, current_end: 2025-07-10 22:12:41.946102+00:00
[2025-07-31T13:12:50.685+0000] {data_ingestion.py:62} INFO - Fetched 300 candles for BTC-USD from 2025-07-09 21:12:41.946102+00:00 to 2025-07-10 22:12:41.946102+00:00
[2025-07-31T13:12:50.688+0000] {data_ingestion.py:42} INFO - current_start: 2025-07-10 22:12:41.946102+00:00, current_end: 2025-07-11 23:12:41.946102+00:00
[2025-07-31T13:12:50.898+0000] {data_ingestion.py:62} INFO - Fetched 300 candles for BTC-USD from 2025-07-10 22:12:41.946102+00:00 to 2025-07-11 23:12:41.946102+00:00
[2025-07-31T13:12:50.902+0000] {data_ingestion.py:42} INFO - current_start: 2025-07-11 23:12:41.946102+00:00, current_end: 2025-07-13 00:12:41.946102+00:00
[2025-07-31T13:12:51.107+0000] {data_ingestion.py:62} INFO - Fetched 300 candles for BTC-USD from 2025-07-11 23:12:41.946102+00:00 to 2025-07-13 00:12:41.946102+00:00
[2025-07-31T13:12:51.110+0000] {data_ingestion.py:42} INFO - current_start: 2025-07-13 00:12:41.946102+00:00, current_end: 2025-07-14 01:12:41.946102+00:00
[2025-07-31T13:12:51.674+0000] {data_ingestion.py:62} INFO - Fetched 300 candles for BTC-USD from 2025-07-13 00:12:41.946102+00:00 to 2025-07-14 01:12:41.946102+00:00
[2025-07-31T13:12:51.677+0000] {data_ingestion.py:42} INFO - current_start: 2025-07-14 01:12:41.946102+00:00, current_end: 2025-07-15 02:12:41.946102+00:00
[2025-07-31T13:12:51.882+0000] {data_ingestion.py:62} INFO - Fetched 300 candles for BTC-USD from 2025-07-14 01:12:41.946102+00:00 to 2025-07-15 02:12:41.946102+00:00
[2025-07-31T13:12:51.885+0000] {data_ingestion.py:42} INFO - current_start: 2025-07-15 02:12:41.946102+00:00, current_end: 2025-07-16 03:12:41.946102+00:00
[2025-07-31T13:12:52.096+0000] {data_ingestion.py:62} INFO - Fetched 300 candles for BTC-USD from 2025-07-15 02:12:41.946102+00:00 to 2025-07-16 03:12:41.946102+00:00
[2025-07-31T13:12:52.099+0000] {data_ingestion.py:42} INFO - current_start: 2025-07-16 03:12:41.946102+00:00, current_end: 2025-07-17 04:12:41.946102+00:00
[2025-07-31T13:12:52.304+0000] {data_ingestion.py:62} INFO - Fetched 300 candles for BTC-USD from 2025-07-16 03:12:41.946102+00:00 to 2025-07-17 04:12:41.946102+00:00
[2025-07-31T13:12:52.307+0000] {data_ingestion.py:42} INFO - current_start: 2025-07-17 04:12:41.946102+00:00, current_end: 2025-07-18 05:12:41.946102+00:00
[2025-07-31T13:12:52.517+0000] {data_ingestion.py:62} INFO - Fetched 300 candles for BTC-USD from 2025-07-17 04:12:41.946102+00:00 to 2025-07-18 05:12:41.946102+00:00
[2025-07-31T13:12:52.520+0000] {data_ingestion.py:42} INFO - current_start: 2025-07-18 05:12:41.946102+00:00, current_end: 2025-07-19 06:12:41.946102+00:00
[2025-07-31T13:12:52.936+0000] {data_ingestion.py:62} INFO - Fetched 300 candles for BTC-USD from 2025-07-18 05:12:41.946102+00:00 to 2025-07-19 06:12:41.946102+00:00
[2025-07-31T13:12:52.939+0000] {data_ingestion.py:42} INFO - current_start: 2025-07-19 06:12:41.946102+00:00, current_end: 2025-07-20 07:12:41.946102+00:00
[2025-07-31T13:12:53.163+0000] {data_ingestion.py:62} INFO - Fetched 300 candles for BTC-USD from 2025-07-19 06:12:41.946102+00:00 to 2025-07-20 07:12:41.946102+00:00
[2025-07-31T13:12:53.165+0000] {data_ingestion.py:42} INFO - current_start: 2025-07-20 07:12:41.946102+00:00, current_end: 2025-07-21 08:12:41.946102+00:00
[2025-07-31T13:12:53.368+0000] {data_ingestion.py:62} INFO - Fetched 300 candles for BTC-USD from 2025-07-20 07:12:41.946102+00:00 to 2025-07-21 08:12:41.946102+00:00
[2025-07-31T13:12:53.370+0000] {data_ingestion.py:42} INFO - current_start: 2025-07-21 08:12:41.946102+00:00, current_end: 2025-07-22 09:12:41.946102+00:00
[2025-07-31T13:12:53.558+0000] {data_ingestion.py:62} INFO - Fetched 300 candles for BTC-USD from 2025-07-21 08:12:41.946102+00:00 to 2025-07-22 09:12:41.946102+00:00
[2025-07-31T13:12:53.561+0000] {data_ingestion.py:42} INFO - current_start: 2025-07-22 09:12:41.946102+00:00, current_end: 2025-07-23 10:12:41.946102+00:00
[2025-07-31T13:12:53.756+0000] {data_ingestion.py:62} INFO - Fetched 300 candles for BTC-USD from 2025-07-22 09:12:41.946102+00:00 to 2025-07-23 10:12:41.946102+00:00
[2025-07-31T13:12:53.758+0000] {data_ingestion.py:42} INFO - current_start: 2025-07-23 10:12:41.946102+00:00, current_end: 2025-07-24 11:12:41.946102+00:00
[2025-07-31T13:12:54.337+0000] {data_ingestion.py:62} INFO - Fetched 300 candles for BTC-USD from 2025-07-23 10:12:41.946102+00:00 to 2025-07-24 11:12:41.946102+00:00
[2025-07-31T13:12:54.339+0000] {data_ingestion.py:42} INFO - current_start: 2025-07-24 11:12:41.946102+00:00, current_end: 2025-07-25 12:12:41.946102+00:00
[2025-07-31T13:12:54.557+0000] {data_ingestion.py:62} INFO - Fetched 300 candles for BTC-USD from 2025-07-24 11:12:41.946102+00:00 to 2025-07-25 12:12:41.946102+00:00
[2025-07-31T13:12:54.558+0000] {data_ingestion.py:42} INFO - current_start: 2025-07-25 12:12:41.946102+00:00, current_end: 2025-07-26 13:12:41.946102+00:00
[2025-07-31T13:12:54.736+0000] {data_ingestion.py:62} INFO - Fetched 300 candles for BTC-USD from 2025-07-25 12:12:41.946102+00:00 to 2025-07-26 13:12:41.946102+00:00
[2025-07-31T13:12:54.738+0000] {data_ingestion.py:42} INFO - current_start: 2025-07-26 13:12:41.946102+00:00, current_end: 2025-07-27 14:12:41.946102+00:00
[2025-07-31T13:12:55.219+0000] {data_ingestion.py:62} INFO - Fetched 300 candles for BTC-USD from 2025-07-26 13:12:41.946102+00:00 to 2025-07-27 14:12:41.946102+00:00
[2025-07-31T13:12:55.222+0000] {data_ingestion.py:42} INFO - current_start: 2025-07-27 14:12:41.946102+00:00, current_end: 2025-07-28 15:12:41.946102+00:00
[2025-07-31T13:12:55.395+0000] {data_ingestion.py:62} INFO - Fetched 300 candles for BTC-USD from 2025-07-27 14:12:41.946102+00:00 to 2025-07-28 15:12:41.946102+00:00
[2025-07-31T13:12:55.397+0000] {data_ingestion.py:42} INFO - current_start: 2025-07-28 15:12:41.946102+00:00, current_end: 2025-07-29 16:12:41.946102+00:00
[2025-07-31T13:12:55.602+0000] {data_ingestion.py:62} INFO - Fetched 300 candles for BTC-USD from 2025-07-28 15:12:41.946102+00:00 to 2025-07-29 16:12:41.946102+00:00
[2025-07-31T13:12:55.604+0000] {data_ingestion.py:42} INFO - current_start: 2025-07-29 16:12:41.946102+00:00, current_end: 2025-07-30 17:12:41.946102+00:00
[2025-07-31T13:12:55.793+0000] {data_ingestion.py:62} INFO - Fetched 300 candles for BTC-USD from 2025-07-29 16:12:41.946102+00:00 to 2025-07-30 17:12:41.946102+00:00
[2025-07-31T13:12:55.795+0000] {data_ingestion.py:42} INFO - current_start: 2025-07-30 17:12:41.946102+00:00, current_end: 2025-07-31 13:12:41.946102+00:00
[2025-07-31T13:12:56.250+0000] {data_ingestion.py:62} INFO - Fetched 240 candles for BTC-USD from 2025-07-30 17:12:41.946102+00:00 to 2025-07-31 13:12:41.946102+00:00
[2025-07-31T13:12:56.460+0000] {data_ingestion.py:104} INFO - Saved data to S3: s3://crypto-mlops-bucket/data/historical_BTC_USD_20250731131241.csv
[2025-07-31T13:12:56.461+0000] {hourly_inference.py:84} INFO - Données brutes récupérées : shape=(8640, 7)
[2025-07-31T13:12:56.586+0000] {data_processing.py:41} INFO - Loaded 8669 records from S3: data/historical_BTC_USD_20250731120000.csv
[2025-07-31T13:12:56.610+0000] {data_processing.py:41} INFO - Loaded 288 records from S3: data/historical_BTC_USD_20250731130525.csv
[2025-07-31T13:12:56.691+0000] {data_processing.py:41} INFO - Loaded 8640 records from S3: data/historical_BTC_USD_20250731131241.csv
[2025-07-31T13:12:56.701+0000] {data_processing.py:84} INFO - Combined 8655 records for BTC-USD
[2025-07-31T13:12:56.703+0000] {hourly_inference.py:88} INFO - Données combinées : shape=(8655, 7)
[2025-07-31T13:12:56.901+0000] {data_processing.py:168} INFO - Removed 50 rows with NaN values. Final shape: (8605, 84)
[2025-07-31T13:12:56.903+0000] {hourly_inference.py:91} INFO - Features : shape=(8605, 84)
[2025-07-31T13:12:56.972+0000] {logging_mixin.py:188} WARNING - /opt/***/src/data_processing.py:187 FutureWarning: DataFrame.fillna with 'method' is deprecated and will raise in a future version. Use obj.ffill() or obj.bfill() instead.
[2025-07-31T13:12:56.986+0000] {data_processing.py:189} INFO - Prepared features: (8605, 80), Target: (8605,)
[2025-07-31T13:12:56.988+0000] {data_processing.py:190} INFO - Feature columns: 80
[2025-07-31T13:12:57.010+0000] {hourly_inference.py:106} INFO - Last row : shape=(1, 80)
[2025-07-31T13:12:57.160+0000] {hourly_inference.py:116} INFO - ✅ Features uploaded → s3://crypto-mlops-bucket/features/date=2025-07-31/hour=13/features.parquet
[2025-07-31T13:12:57.185+0000] {hourly_inference.py:131} INFO - ✅ Target uploaded → s3://crypto-mlops-bucket/targets/date=2025-07-31/hour=12/target.parquet
[2025-07-31T13:12:58.255+0000] {credentials.py:1147} INFO - Found credentials in environment variables.
[2025-07-31T13:12:58.552+0000] {logging_mixin.py:188} WARNING - Downloading artifacts:   0%|          | 0/5 [00:00<?, ?it/s]
[2025-07-31T13:12:58.638+0000] {logging_mixin.py:188} WARNING - Downloading artifacts:  20%|##        | 1/5 [00:00<00:00, 11.90it/s]
[2025-07-31T13:12:58.639+0000] {logging_mixin.py:188} WARNING - Downloading artifacts:  40%|####      | 2/5 [00:00<00:00, 23.43it/s]
[2025-07-31T13:12:58.660+0000] {logging_mixin.py:188} WARNING - Downloading artifacts:  60%|######    | 3/5 [00:00<00:00, 28.30it/s]
[2025-07-31T13:12:58.661+0000] {logging_mixin.py:188} WARNING - Downloading artifacts:  60%|######    | 3/5 [00:00<00:00, 28.30it/s]
[2025-07-31T13:12:58.661+0000] {logging_mixin.py:188} WARNING - Downloading artifacts:  80%|########  | 4/5 [00:00<00:00, 28.30it/s]
[2025-07-31T13:12:58.662+0000] {logging_mixin.py:188} WARNING - Downloading artifacts: 100%|##########| 5/5 [00:00<00:00, 28.30it/s]
[2025-07-31T13:12:58.663+0000] {logging_mixin.py:188} WARNING - Downloading artifacts: 100%|##########| 5/5 [00:00<00:00, 45.80it/s]
[2025-07-31T13:12:58.973+0000] {hourly_inference.py:144} INFO - ✅ Model loaded: crypto_lightgbm_model_BTC_USD, version 15
[2025-07-31T13:12:58.996+0000] {hourly_inference.py:164} INFO - ✅ Prediction uploaded → s3://crypto-mlops-bucket/predictions/date=2025-07-31/hour=13/prediction.parquet
[2025-07-31T13:12:59.034+0000] {python.py:237} INFO - Done. Returned value was: None
[2025-07-31T13:12:59.036+0000] {taskinstance.py:441} INFO - ::group::Post task execution logs
[2025-07-31T13:12:59.055+0000] {taskinstance.py:1205} INFO - Marking task as SUCCESS. dag_id=preprocessing_hourly, task_id=preprocess_and_predict, execution_date=20250731T131241, start_date=20250731T131247, end_date=20250731T131259
[2025-07-31T13:12:59.116+0000] {local_task_job_runner.py:240} INFO - Task exited with return code 0
[2025-07-31T13:12:59.146+0000] {taskinstance.py:3482} INFO - 0 downstream tasks scheduled from follow-on schedule check
[2025-07-31T13:12:59.180+0000] {local_task_job_runner.py:222} INFO - ::endgroup::
