[2025-07-31T22:33:51.200+0000] {local_task_job_runner.py:120} INFO - ::group::Pre task execution logs
[2025-07-31T22:33:51.245+0000] {taskinstance.py:2073} INFO - Dependencies all met for dep_context=non-requeueable deps ti=<TaskInstance: drift_monitoring_dag.check_drift_and_trigger manual__2025-07-31T22:33:43.683398+00:00 [queued]>
[2025-07-31T22:33:51.258+0000] {taskinstance.py:2073} INFO - Dependencies all met for dep_context=requeueable deps ti=<TaskInstance: drift_monitoring_dag.check_drift_and_trigger manual__2025-07-31T22:33:43.683398+00:00 [queued]>
[2025-07-31T22:33:51.259+0000] {taskinstance.py:2303} INFO - Starting attempt 1 of 2
[2025-07-31T22:33:51.277+0000] {taskinstance.py:2327} INFO - Executing <Task(PythonOperator): check_drift_and_trigger> on 2025-07-31 22:33:43.683398+00:00
[2025-07-31T22:33:51.296+0000] {logging_mixin.py:188} WARNING - /home/***/.local/lib/python3.12/site-packages/***/task/task_runner/standard_task_runner.py:61 DeprecationWarning: This process (pid=29257) is multi-threaded, use of fork() may lead to deadlocks in the child.
[2025-07-31T22:33:51.295+0000] {standard_task_runner.py:90} INFO - Running: ['***', 'tasks', 'run', 'drift_monitoring_dag', 'check_drift_and_trigger', 'manual__2025-07-31T22:33:43.683398+00:00', '--job-id', '294', '--raw', '--subdir', 'DAGS_FOLDER/drift_monitoring.py', '--cfg-path', '/tmp/tmp3smljfim']
[2025-07-31T22:33:51.298+0000] {standard_task_runner.py:63} INFO - Started process 29315 to run task
[2025-07-31T22:33:51.298+0000] {standard_task_runner.py:91} INFO - Job 294: Subtask check_drift_and_trigger
[2025-07-31T22:33:51.316+0000] {logging_mixin.py:188} WARNING - /home/***/.local/lib/python3.12/site-packages/***/settings.py:195 DeprecationWarning: The sql_alchemy_conn option in [core] has been moved to the sql_alchemy_conn option in [database] - the old setting has been used, but please update your config.
[2025-07-31T22:33:51.359+0000] {task_command.py:426} INFO - Running <TaskInstance: drift_monitoring_dag.check_drift_and_trigger manual__2025-07-31T22:33:43.683398+00:00 [running]> on host 44c57df83f33
[2025-07-31T22:33:51.491+0000] {taskinstance.py:2644} INFO - Exporting env vars: AIRFLOW_CTX_DAG_OWNER='***' AIRFLOW_CTX_DAG_ID='drift_monitoring_dag' AIRFLOW_CTX_TASK_ID='check_drift_and_trigger' AIRFLOW_CTX_EXECUTION_DATE='2025-07-31T22:33:43.683398+00:00' AIRFLOW_CTX_TRY_NUMBER='1' AIRFLOW_CTX_DAG_RUN_ID='manual__2025-07-31T22:33:43.683398+00:00'
[2025-07-31T22:33:51.492+0000] {taskinstance.py:430} INFO - ::endgroup::
[2025-07-31T22:33:51.525+0000] {drift_monitoring.py:58} WARNING - File not found: s3://crypto-mlops-bucket/predictions/date=2025-07-31/hour=22/prediction.parquet
[2025-07-31T22:33:51.535+0000] {drift_monitoring.py:58} WARNING - File not found: s3://crypto-mlops-bucket/targets/date=2025-07-31/hour=22/target.parquet
[2025-07-31T22:33:51.592+0000] {drift_monitoring.py:58} WARNING - File not found: s3://crypto-mlops-bucket/targets/date=2025-07-31/hour=21/target.parquet
[2025-07-31T22:33:51.673+0000] {drift_monitoring.py:58} WARNING - File not found: s3://crypto-mlops-bucket/predictions/date=2025-07-31/hour=18/prediction.parquet
[2025-07-31T22:33:51.712+0000] {drift_monitoring.py:58} WARNING - File not found: s3://crypto-mlops-bucket/predictions/date=2025-07-31/hour=17/prediction.parquet
[2025-07-31T22:33:51.729+0000] {drift_monitoring.py:58} WARNING - File not found: s3://crypto-mlops-bucket/targets/date=2025-07-31/hour=17/target.parquet
[2025-07-31T22:33:51.769+0000] {drift_monitoring.py:58} WARNING - File not found: s3://crypto-mlops-bucket/targets/date=2025-07-31/hour=16/target.parquet
[2025-07-31T22:33:51.892+0000] {drift_monitoring.py:58} WARNING - File not found: s3://crypto-mlops-bucket/predictions/date=2025-07-31/hour=12/prediction.parquet
[2025-07-31T22:33:51.926+0000] {drift_monitoring.py:58} WARNING - File not found: s3://crypto-mlops-bucket/predictions/date=2025-07-31/hour=11/prediction.parquet
[2025-07-31T22:33:51.938+0000] {drift_monitoring.py:58} WARNING - File not found: s3://crypto-mlops-bucket/targets/date=2025-07-31/hour=11/target.parquet
[2025-07-31T22:33:51.951+0000] {drift_monitoring.py:58} WARNING - File not found: s3://crypto-mlops-bucket/predictions/date=2025-07-31/hour=10/prediction.parquet
[2025-07-31T22:33:51.964+0000] {drift_monitoring.py:58} WARNING - File not found: s3://crypto-mlops-bucket/targets/date=2025-07-31/hour=10/target.parquet
[2025-07-31T22:33:51.975+0000] {drift_monitoring.py:58} WARNING - File not found: s3://crypto-mlops-bucket/predictions/date=2025-07-31/hour=09/prediction.parquet
[2025-07-31T22:33:51.989+0000] {drift_monitoring.py:58} WARNING - File not found: s3://crypto-mlops-bucket/targets/date=2025-07-31/hour=09/target.parquet
[2025-07-31T22:33:52.013+0000] {drift_monitoring.py:58} WARNING - File not found: s3://crypto-mlops-bucket/predictions/date=2025-07-31/hour=08/prediction.parquet
[2025-07-31T22:33:52.026+0000] {drift_monitoring.py:58} WARNING - File not found: s3://crypto-mlops-bucket/targets/date=2025-07-31/hour=08/target.parquet
[2025-07-31T22:33:52.040+0000] {drift_monitoring.py:58} WARNING - File not found: s3://crypto-mlops-bucket/predictions/date=2025-07-31/hour=07/prediction.parquet
[2025-07-31T22:33:52.056+0000] {drift_monitoring.py:58} WARNING - File not found: s3://crypto-mlops-bucket/targets/date=2025-07-31/hour=07/target.parquet
[2025-07-31T22:33:52.069+0000] {drift_monitoring.py:58} WARNING - File not found: s3://crypto-mlops-bucket/predictions/date=2025-07-31/hour=06/prediction.parquet
[2025-07-31T22:33:52.082+0000] {drift_monitoring.py:58} WARNING - File not found: s3://crypto-mlops-bucket/targets/date=2025-07-31/hour=06/target.parquet
[2025-07-31T22:33:52.096+0000] {drift_monitoring.py:58} WARNING - File not found: s3://crypto-mlops-bucket/predictions/date=2025-07-31/hour=05/prediction.parquet
[2025-07-31T22:33:52.111+0000] {drift_monitoring.py:58} WARNING - File not found: s3://crypto-mlops-bucket/targets/date=2025-07-31/hour=05/target.parquet
[2025-07-31T22:33:52.129+0000] {drift_monitoring.py:58} WARNING - File not found: s3://crypto-mlops-bucket/predictions/date=2025-07-31/hour=04/prediction.parquet
[2025-07-31T22:33:52.145+0000] {drift_monitoring.py:58} WARNING - File not found: s3://crypto-mlops-bucket/targets/date=2025-07-31/hour=04/target.parquet
[2025-07-31T22:33:52.160+0000] {drift_monitoring.py:58} WARNING - File not found: s3://crypto-mlops-bucket/predictions/date=2025-07-31/hour=03/prediction.parquet
[2025-07-31T22:33:52.182+0000] {drift_monitoring.py:58} WARNING - File not found: s3://crypto-mlops-bucket/targets/date=2025-07-31/hour=03/target.parquet
[2025-07-31T22:33:52.196+0000] {drift_monitoring.py:58} WARNING - File not found: s3://crypto-mlops-bucket/predictions/date=2025-07-31/hour=02/prediction.parquet
[2025-07-31T22:33:52.208+0000] {drift_monitoring.py:58} WARNING - File not found: s3://crypto-mlops-bucket/targets/date=2025-07-31/hour=02/target.parquet
[2025-07-31T22:33:52.222+0000] {drift_monitoring.py:58} WARNING - File not found: s3://crypto-mlops-bucket/predictions/date=2025-07-31/hour=01/prediction.parquet
[2025-07-31T22:33:52.236+0000] {drift_monitoring.py:58} WARNING - File not found: s3://crypto-mlops-bucket/targets/date=2025-07-31/hour=01/target.parquet
[2025-07-31T22:33:52.250+0000] {drift_monitoring.py:58} WARNING - File not found: s3://crypto-mlops-bucket/predictions/date=2025-07-31/hour=00/prediction.parquet
[2025-07-31T22:33:52.265+0000] {drift_monitoring.py:58} WARNING - File not found: s3://crypto-mlops-bucket/targets/date=2025-07-31/hour=00/target.parquet
[2025-07-31T22:33:52.279+0000] {drift_monitoring.py:58} WARNING - File not found: s3://crypto-mlops-bucket/predictions/date=2025-07-30/hour=23/prediction.parquet
[2025-07-31T22:33:52.293+0000] {drift_monitoring.py:58} WARNING - File not found: s3://crypto-mlops-bucket/targets/date=2025-07-30/hour=23/target.parquet
[2025-07-31T22:33:52.307+0000] {drift_monitoring.py:58} WARNING - File not found: s3://crypto-mlops-bucket/predictions/date=2025-07-30/hour=22/prediction.parquet
[2025-07-31T22:33:52.323+0000] {drift_monitoring.py:58} WARNING - File not found: s3://crypto-mlops-bucket/targets/date=2025-07-30/hour=22/target.parquet
[2025-07-31T22:33:52.337+0000] {drift_monitoring.py:58} WARNING - File not found: s3://crypto-mlops-bucket/predictions/date=2025-07-30/hour=21/prediction.parquet
[2025-07-31T22:33:52.351+0000] {drift_monitoring.py:58} WARNING - File not found: s3://crypto-mlops-bucket/targets/date=2025-07-30/hour=21/target.parquet
[2025-07-31T22:33:52.364+0000] {drift_monitoring.py:58} WARNING - File not found: s3://crypto-mlops-bucket/predictions/date=2025-07-30/hour=20/prediction.parquet
[2025-07-31T22:33:52.380+0000] {drift_monitoring.py:58} WARNING - File not found: s3://crypto-mlops-bucket/targets/date=2025-07-30/hour=20/target.parquet
[2025-07-31T22:33:52.397+0000] {drift_monitoring.py:58} WARNING - File not found: s3://crypto-mlops-bucket/predictions/date=2025-07-30/hour=19/prediction.parquet
[2025-07-31T22:33:52.421+0000] {drift_monitoring.py:58} WARNING - File not found: s3://crypto-mlops-bucket/targets/date=2025-07-30/hour=19/target.parquet
[2025-07-31T22:33:52.436+0000] {drift_monitoring.py:58} WARNING - File not found: s3://crypto-mlops-bucket/predictions/date=2025-07-30/hour=18/prediction.parquet
[2025-07-31T22:33:52.452+0000] {drift_monitoring.py:58} WARNING - File not found: s3://crypto-mlops-bucket/targets/date=2025-07-30/hour=18/target.parquet
[2025-07-31T22:33:52.467+0000] {drift_monitoring.py:58} WARNING - File not found: s3://crypto-mlops-bucket/predictions/date=2025-07-30/hour=17/prediction.parquet
[2025-07-31T22:33:52.481+0000] {drift_monitoring.py:58} WARNING - File not found: s3://crypto-mlops-bucket/targets/date=2025-07-30/hour=17/target.parquet
[2025-07-31T22:33:52.495+0000] {drift_monitoring.py:58} WARNING - File not found: s3://crypto-mlops-bucket/predictions/date=2025-07-30/hour=16/prediction.parquet
[2025-07-31T22:33:52.508+0000] {drift_monitoring.py:58} WARNING - File not found: s3://crypto-mlops-bucket/targets/date=2025-07-30/hour=16/target.parquet
[2025-07-31T22:33:52.520+0000] {drift_monitoring.py:58} WARNING - File not found: s3://crypto-mlops-bucket/predictions/date=2025-07-30/hour=15/prediction.parquet
[2025-07-31T22:33:52.532+0000] {drift_monitoring.py:58} WARNING - File not found: s3://crypto-mlops-bucket/targets/date=2025-07-30/hour=15/target.parquet
[2025-07-31T22:33:52.544+0000] {drift_monitoring.py:58} WARNING - File not found: s3://crypto-mlops-bucket/predictions/date=2025-07-30/hour=14/prediction.parquet
[2025-07-31T22:33:52.554+0000] {drift_monitoring.py:58} WARNING - File not found: s3://crypto-mlops-bucket/targets/date=2025-07-30/hour=14/target.parquet
[2025-07-31T22:33:52.565+0000] {drift_monitoring.py:58} WARNING - File not found: s3://crypto-mlops-bucket/predictions/date=2025-07-30/hour=13/prediction.parquet
[2025-07-31T22:33:52.577+0000] {drift_monitoring.py:58} WARNING - File not found: s3://crypto-mlops-bucket/targets/date=2025-07-30/hour=13/target.parquet
[2025-07-31T22:33:52.588+0000] {drift_monitoring.py:58} WARNING - File not found: s3://crypto-mlops-bucket/predictions/date=2025-07-30/hour=12/prediction.parquet
[2025-07-31T22:33:52.599+0000] {drift_monitoring.py:58} WARNING - File not found: s3://crypto-mlops-bucket/targets/date=2025-07-30/hour=12/target.parquet
[2025-07-31T22:33:52.612+0000] {drift_monitoring.py:58} WARNING - File not found: s3://crypto-mlops-bucket/predictions/date=2025-07-30/hour=11/prediction.parquet
[2025-07-31T22:33:52.623+0000] {drift_monitoring.py:58} WARNING - File not found: s3://crypto-mlops-bucket/targets/date=2025-07-30/hour=11/target.parquet
[2025-07-31T22:33:52.635+0000] {drift_monitoring.py:58} WARNING - File not found: s3://crypto-mlops-bucket/predictions/date=2025-07-30/hour=10/prediction.parquet
[2025-07-31T22:33:52.647+0000] {drift_monitoring.py:58} WARNING - File not found: s3://crypto-mlops-bucket/targets/date=2025-07-30/hour=10/target.parquet
[2025-07-31T22:33:52.659+0000] {drift_monitoring.py:58} WARNING - File not found: s3://crypto-mlops-bucket/predictions/date=2025-07-30/hour=09/prediction.parquet
[2025-07-31T22:33:52.672+0000] {drift_monitoring.py:58} WARNING - File not found: s3://crypto-mlops-bucket/targets/date=2025-07-30/hour=09/target.parquet
[2025-07-31T22:33:52.685+0000] {drift_monitoring.py:58} WARNING - File not found: s3://crypto-mlops-bucket/predictions/date=2025-07-30/hour=08/prediction.parquet
[2025-07-31T22:33:52.697+0000] {drift_monitoring.py:58} WARNING - File not found: s3://crypto-mlops-bucket/targets/date=2025-07-30/hour=08/target.parquet
[2025-07-31T22:33:52.710+0000] {drift_monitoring.py:58} WARNING - File not found: s3://crypto-mlops-bucket/predictions/date=2025-07-30/hour=07/prediction.parquet
[2025-07-31T22:33:52.722+0000] {drift_monitoring.py:58} WARNING - File not found: s3://crypto-mlops-bucket/targets/date=2025-07-30/hour=07/target.parquet
[2025-07-31T22:33:52.733+0000] {drift_monitoring.py:58} WARNING - File not found: s3://crypto-mlops-bucket/predictions/date=2025-07-30/hour=06/prediction.parquet
[2025-07-31T22:33:52.747+0000] {drift_monitoring.py:58} WARNING - File not found: s3://crypto-mlops-bucket/targets/date=2025-07-30/hour=06/target.parquet
[2025-07-31T22:33:52.758+0000] {drift_monitoring.py:58} WARNING - File not found: s3://crypto-mlops-bucket/predictions/date=2025-07-30/hour=05/prediction.parquet
[2025-07-31T22:33:52.769+0000] {drift_monitoring.py:58} WARNING - File not found: s3://crypto-mlops-bucket/targets/date=2025-07-30/hour=05/target.parquet
[2025-07-31T22:33:52.781+0000] {drift_monitoring.py:58} WARNING - File not found: s3://crypto-mlops-bucket/predictions/date=2025-07-30/hour=04/prediction.parquet
[2025-07-31T22:33:52.794+0000] {drift_monitoring.py:58} WARNING - File not found: s3://crypto-mlops-bucket/targets/date=2025-07-30/hour=04/target.parquet
[2025-07-31T22:33:52.804+0000] {drift_monitoring.py:58} WARNING - File not found: s3://crypto-mlops-bucket/predictions/date=2025-07-30/hour=03/prediction.parquet
[2025-07-31T22:33:52.815+0000] {drift_monitoring.py:58} WARNING - File not found: s3://crypto-mlops-bucket/targets/date=2025-07-30/hour=03/target.parquet
[2025-07-31T22:33:52.826+0000] {drift_monitoring.py:58} WARNING - File not found: s3://crypto-mlops-bucket/predictions/date=2025-07-30/hour=02/prediction.parquet
[2025-07-31T22:33:52.838+0000] {drift_monitoring.py:58} WARNING - File not found: s3://crypto-mlops-bucket/targets/date=2025-07-30/hour=02/target.parquet
[2025-07-31T22:33:52.851+0000] {drift_monitoring.py:58} WARNING - File not found: s3://crypto-mlops-bucket/predictions/date=2025-07-30/hour=01/prediction.parquet
[2025-07-31T22:33:52.861+0000] {drift_monitoring.py:58} WARNING - File not found: s3://crypto-mlops-bucket/targets/date=2025-07-30/hour=01/target.parquet
[2025-07-31T22:33:52.873+0000] {drift_monitoring.py:58} WARNING - File not found: s3://crypto-mlops-bucket/predictions/date=2025-07-30/hour=00/prediction.parquet
[2025-07-31T22:33:52.884+0000] {drift_monitoring.py:58} WARNING - File not found: s3://crypto-mlops-bucket/targets/date=2025-07-30/hour=00/target.parquet
[2025-07-31T22:33:52.896+0000] {drift_monitoring.py:58} WARNING - File not found: s3://crypto-mlops-bucket/predictions/date=2025-07-29/hour=23/prediction.parquet
[2025-07-31T22:33:52.908+0000] {drift_monitoring.py:58} WARNING - File not found: s3://crypto-mlops-bucket/targets/date=2025-07-29/hour=23/target.parquet
[2025-07-31T22:33:52.920+0000] {drift_monitoring.py:58} WARNING - File not found: s3://crypto-mlops-bucket/predictions/date=2025-07-29/hour=22/prediction.parquet
[2025-07-31T22:33:52.931+0000] {drift_monitoring.py:58} WARNING - File not found: s3://crypto-mlops-bucket/targets/date=2025-07-29/hour=22/target.parquet
[2025-07-31T22:33:52.943+0000] {drift_monitoring.py:58} WARNING - File not found: s3://crypto-mlops-bucket/predictions/date=2025-07-29/hour=21/prediction.parquet
[2025-07-31T22:33:52.955+0000] {drift_monitoring.py:58} WARNING - File not found: s3://crypto-mlops-bucket/targets/date=2025-07-29/hour=21/target.parquet
[2025-07-31T22:33:52.967+0000] {drift_monitoring.py:58} WARNING - File not found: s3://crypto-mlops-bucket/predictions/date=2025-07-29/hour=20/prediction.parquet
[2025-07-31T22:33:52.978+0000] {drift_monitoring.py:58} WARNING - File not found: s3://crypto-mlops-bucket/targets/date=2025-07-29/hour=20/target.parquet
[2025-07-31T22:33:52.989+0000] {drift_monitoring.py:58} WARNING - File not found: s3://crypto-mlops-bucket/predictions/date=2025-07-29/hour=19/prediction.parquet
[2025-07-31T22:33:53.001+0000] {drift_monitoring.py:58} WARNING - File not found: s3://crypto-mlops-bucket/targets/date=2025-07-29/hour=19/target.parquet
[2025-07-31T22:33:53.012+0000] {drift_monitoring.py:58} WARNING - File not found: s3://crypto-mlops-bucket/predictions/date=2025-07-29/hour=18/prediction.parquet
[2025-07-31T22:33:53.023+0000] {drift_monitoring.py:58} WARNING - File not found: s3://crypto-mlops-bucket/targets/date=2025-07-29/hour=18/target.parquet
[2025-07-31T22:33:53.034+0000] {drift_monitoring.py:58} WARNING - File not found: s3://crypto-mlops-bucket/predictions/date=2025-07-29/hour=17/prediction.parquet
[2025-07-31T22:33:53.045+0000] {drift_monitoring.py:58} WARNING - File not found: s3://crypto-mlops-bucket/targets/date=2025-07-29/hour=17/target.parquet
[2025-07-31T22:33:53.056+0000] {drift_monitoring.py:58} WARNING - File not found: s3://crypto-mlops-bucket/predictions/date=2025-07-29/hour=16/prediction.parquet
[2025-07-31T22:33:53.069+0000] {drift_monitoring.py:58} WARNING - File not found: s3://crypto-mlops-bucket/targets/date=2025-07-29/hour=16/target.parquet
[2025-07-31T22:33:53.080+0000] {drift_monitoring.py:58} WARNING - File not found: s3://crypto-mlops-bucket/predictions/date=2025-07-29/hour=15/prediction.parquet
[2025-07-31T22:33:53.091+0000] {drift_monitoring.py:58} WARNING - File not found: s3://crypto-mlops-bucket/targets/date=2025-07-29/hour=15/target.parquet
[2025-07-31T22:33:53.103+0000] {drift_monitoring.py:58} WARNING - File not found: s3://crypto-mlops-bucket/predictions/date=2025-07-29/hour=14/prediction.parquet
[2025-07-31T22:33:53.920+0000] {drift_monitoring.py:58} WARNING - File not found: s3://crypto-mlops-bucket/targets/date=2025-07-29/hour=14/target.parquet
[2025-07-31T22:33:53.933+0000] {drift_monitoring.py:58} WARNING - File not found: s3://crypto-mlops-bucket/predictions/date=2025-07-29/hour=13/prediction.parquet
[2025-07-31T22:33:50.833+0000] {drift_monitoring.py:58} WARNING - File not found: s3://crypto-mlops-bucket/targets/date=2025-07-29/hour=13/target.parquet
[2025-07-31T22:33:50.846+0000] {drift_monitoring.py:58} WARNING - File not found: s3://crypto-mlops-bucket/predictions/date=2025-07-29/hour=12/prediction.parquet
[2025-07-31T22:33:50.863+0000] {drift_monitoring.py:58} WARNING - File not found: s3://crypto-mlops-bucket/targets/date=2025-07-29/hour=12/target.parquet
[2025-07-31T22:33:50.881+0000] {drift_monitoring.py:58} WARNING - File not found: s3://crypto-mlops-bucket/predictions/date=2025-07-29/hour=11/prediction.parquet
[2025-07-31T22:33:50.897+0000] {drift_monitoring.py:58} WARNING - File not found: s3://crypto-mlops-bucket/targets/date=2025-07-29/hour=11/target.parquet
[2025-07-31T22:33:50.911+0000] {drift_monitoring.py:58} WARNING - File not found: s3://crypto-mlops-bucket/predictions/date=2025-07-29/hour=10/prediction.parquet
[2025-07-31T22:33:50.931+0000] {drift_monitoring.py:58} WARNING - File not found: s3://crypto-mlops-bucket/targets/date=2025-07-29/hour=10/target.parquet
[2025-07-31T22:33:50.945+0000] {drift_monitoring.py:58} WARNING - File not found: s3://crypto-mlops-bucket/predictions/date=2025-07-29/hour=09/prediction.parquet
[2025-07-31T22:33:50.959+0000] {drift_monitoring.py:58} WARNING - File not found: s3://crypto-mlops-bucket/targets/date=2025-07-29/hour=09/target.parquet
[2025-07-31T22:33:50.971+0000] {drift_monitoring.py:58} WARNING - File not found: s3://crypto-mlops-bucket/predictions/date=2025-07-29/hour=08/prediction.parquet
[2025-07-31T22:33:50.983+0000] {drift_monitoring.py:58} WARNING - File not found: s3://crypto-mlops-bucket/targets/date=2025-07-29/hour=08/target.parquet
[2025-07-31T22:33:50.995+0000] {drift_monitoring.py:58} WARNING - File not found: s3://crypto-mlops-bucket/predictions/date=2025-07-29/hour=07/prediction.parquet
[2025-07-31T22:33:51.006+0000] {drift_monitoring.py:58} WARNING - File not found: s3://crypto-mlops-bucket/targets/date=2025-07-29/hour=07/target.parquet
[2025-07-31T22:33:51.017+0000] {drift_monitoring.py:58} WARNING - File not found: s3://crypto-mlops-bucket/predictions/date=2025-07-29/hour=06/prediction.parquet
[2025-07-31T22:33:51.028+0000] {drift_monitoring.py:58} WARNING - File not found: s3://crypto-mlops-bucket/targets/date=2025-07-29/hour=06/target.parquet
[2025-07-31T22:33:51.040+0000] {drift_monitoring.py:58} WARNING - File not found: s3://crypto-mlops-bucket/predictions/date=2025-07-29/hour=05/prediction.parquet
[2025-07-31T22:33:51.050+0000] {drift_monitoring.py:58} WARNING - File not found: s3://crypto-mlops-bucket/targets/date=2025-07-29/hour=05/target.parquet
[2025-07-31T22:33:51.060+0000] {drift_monitoring.py:58} WARNING - File not found: s3://crypto-mlops-bucket/predictions/date=2025-07-29/hour=04/prediction.parquet
[2025-07-31T22:33:51.070+0000] {drift_monitoring.py:58} WARNING - File not found: s3://crypto-mlops-bucket/targets/date=2025-07-29/hour=04/target.parquet
[2025-07-31T22:33:51.081+0000] {drift_monitoring.py:58} WARNING - File not found: s3://crypto-mlops-bucket/predictions/date=2025-07-29/hour=03/prediction.parquet
[2025-07-31T22:33:51.092+0000] {drift_monitoring.py:58} WARNING - File not found: s3://crypto-mlops-bucket/targets/date=2025-07-29/hour=03/target.parquet
[2025-07-31T22:33:51.103+0000] {drift_monitoring.py:58} WARNING - File not found: s3://crypto-mlops-bucket/predictions/date=2025-07-29/hour=02/prediction.parquet
[2025-07-31T22:33:51.113+0000] {drift_monitoring.py:58} WARNING - File not found: s3://crypto-mlops-bucket/targets/date=2025-07-29/hour=02/target.parquet
[2025-07-31T22:33:51.139+0000] {drift_monitoring.py:58} WARNING - File not found: s3://crypto-mlops-bucket/predictions/date=2025-07-29/hour=01/prediction.parquet
[2025-07-31T22:33:51.150+0000] {drift_monitoring.py:58} WARNING - File not found: s3://crypto-mlops-bucket/targets/date=2025-07-29/hour=01/target.parquet
[2025-07-31T22:33:51.159+0000] {drift_monitoring.py:58} WARNING - File not found: s3://crypto-mlops-bucket/predictions/date=2025-07-29/hour=00/prediction.parquet
[2025-07-31T22:33:51.169+0000] {drift_monitoring.py:58} WARNING - File not found: s3://crypto-mlops-bucket/targets/date=2025-07-29/hour=00/target.parquet
[2025-07-31T22:33:51.179+0000] {drift_monitoring.py:58} WARNING - File not found: s3://crypto-mlops-bucket/predictions/date=2025-07-28/hour=23/prediction.parquet
[2025-07-31T22:33:51.189+0000] {drift_monitoring.py:58} WARNING - File not found: s3://crypto-mlops-bucket/targets/date=2025-07-28/hour=23/target.parquet
[2025-07-31T22:33:51.199+0000] {drift_monitoring.py:58} WARNING - File not found: s3://crypto-mlops-bucket/predictions/date=2025-07-28/hour=22/prediction.parquet
[2025-07-31T22:33:51.209+0000] {drift_monitoring.py:58} WARNING - File not found: s3://crypto-mlops-bucket/targets/date=2025-07-28/hour=22/target.parquet
[2025-07-31T22:33:51.220+0000] {drift_monitoring.py:58} WARNING - File not found: s3://crypto-mlops-bucket/predictions/date=2025-07-28/hour=21/prediction.parquet
[2025-07-31T22:33:51.231+0000] {drift_monitoring.py:58} WARNING - File not found: s3://crypto-mlops-bucket/targets/date=2025-07-28/hour=21/target.parquet
[2025-07-31T22:33:51.244+0000] {drift_monitoring.py:58} WARNING - File not found: s3://crypto-mlops-bucket/predictions/date=2025-07-28/hour=20/prediction.parquet
[2025-07-31T22:33:51.257+0000] {drift_monitoring.py:58} WARNING - File not found: s3://crypto-mlops-bucket/targets/date=2025-07-28/hour=20/target.parquet
[2025-07-31T22:33:51.270+0000] {drift_monitoring.py:58} WARNING - File not found: s3://crypto-mlops-bucket/predictions/date=2025-07-28/hour=19/prediction.parquet
[2025-07-31T22:33:51.284+0000] {drift_monitoring.py:58} WARNING - File not found: s3://crypto-mlops-bucket/targets/date=2025-07-28/hour=19/target.parquet
[2025-07-31T22:33:51.296+0000] {drift_monitoring.py:58} WARNING - File not found: s3://crypto-mlops-bucket/predictions/date=2025-07-28/hour=18/prediction.parquet
[2025-07-31T22:33:51.308+0000] {drift_monitoring.py:58} WARNING - File not found: s3://crypto-mlops-bucket/targets/date=2025-07-28/hour=18/target.parquet
[2025-07-31T22:33:51.319+0000] {drift_monitoring.py:58} WARNING - File not found: s3://crypto-mlops-bucket/predictions/date=2025-07-28/hour=17/prediction.parquet
[2025-07-31T22:33:51.330+0000] {drift_monitoring.py:58} WARNING - File not found: s3://crypto-mlops-bucket/targets/date=2025-07-28/hour=17/target.parquet
[2025-07-31T22:33:51.343+0000] {drift_monitoring.py:58} WARNING - File not found: s3://crypto-mlops-bucket/predictions/date=2025-07-28/hour=16/prediction.parquet
[2025-07-31T22:33:51.356+0000] {drift_monitoring.py:58} WARNING - File not found: s3://crypto-mlops-bucket/targets/date=2025-07-28/hour=16/target.parquet
[2025-07-31T22:33:51.368+0000] {drift_monitoring.py:58} WARNING - File not found: s3://crypto-mlops-bucket/predictions/date=2025-07-28/hour=15/prediction.parquet
[2025-07-31T22:33:51.380+0000] {drift_monitoring.py:58} WARNING - File not found: s3://crypto-mlops-bucket/targets/date=2025-07-28/hour=15/target.parquet
[2025-07-31T22:33:51.391+0000] {drift_monitoring.py:58} WARNING - File not found: s3://crypto-mlops-bucket/predictions/date=2025-07-28/hour=14/prediction.parquet
[2025-07-31T22:33:51.402+0000] {drift_monitoring.py:58} WARNING - File not found: s3://crypto-mlops-bucket/targets/date=2025-07-28/hour=14/target.parquet
[2025-07-31T22:33:51.412+0000] {drift_monitoring.py:58} WARNING - File not found: s3://crypto-mlops-bucket/predictions/date=2025-07-28/hour=13/prediction.parquet
[2025-07-31T22:33:51.423+0000] {drift_monitoring.py:58} WARNING - File not found: s3://crypto-mlops-bucket/targets/date=2025-07-28/hour=13/target.parquet
[2025-07-31T22:33:51.433+0000] {drift_monitoring.py:58} WARNING - File not found: s3://crypto-mlops-bucket/predictions/date=2025-07-28/hour=12/prediction.parquet
[2025-07-31T22:33:51.444+0000] {drift_monitoring.py:58} WARNING - File not found: s3://crypto-mlops-bucket/targets/date=2025-07-28/hour=12/target.parquet
[2025-07-31T22:33:51.455+0000] {drift_monitoring.py:58} WARNING - File not found: s3://crypto-mlops-bucket/predictions/date=2025-07-28/hour=11/prediction.parquet
[2025-07-31T22:33:51.466+0000] {drift_monitoring.py:58} WARNING - File not found: s3://crypto-mlops-bucket/targets/date=2025-07-28/hour=11/target.parquet
[2025-07-31T22:33:51.476+0000] {drift_monitoring.py:58} WARNING - File not found: s3://crypto-mlops-bucket/predictions/date=2025-07-28/hour=10/prediction.parquet
[2025-07-31T22:33:51.487+0000] {drift_monitoring.py:58} WARNING - File not found: s3://crypto-mlops-bucket/targets/date=2025-07-28/hour=10/target.parquet
[2025-07-31T22:33:51.498+0000] {drift_monitoring.py:58} WARNING - File not found: s3://crypto-mlops-bucket/predictions/date=2025-07-28/hour=09/prediction.parquet
[2025-07-31T22:33:51.508+0000] {drift_monitoring.py:58} WARNING - File not found: s3://crypto-mlops-bucket/targets/date=2025-07-28/hour=09/target.parquet
[2025-07-31T22:33:51.519+0000] {drift_monitoring.py:58} WARNING - File not found: s3://crypto-mlops-bucket/predictions/date=2025-07-28/hour=08/prediction.parquet
[2025-07-31T22:33:51.530+0000] {drift_monitoring.py:58} WARNING - File not found: s3://crypto-mlops-bucket/targets/date=2025-07-28/hour=08/target.parquet
[2025-07-31T22:33:51.541+0000] {drift_monitoring.py:58} WARNING - File not found: s3://crypto-mlops-bucket/predictions/date=2025-07-28/hour=07/prediction.parquet
[2025-07-31T22:33:51.552+0000] {drift_monitoring.py:58} WARNING - File not found: s3://crypto-mlops-bucket/targets/date=2025-07-28/hour=07/target.parquet
[2025-07-31T22:33:51.562+0000] {drift_monitoring.py:58} WARNING - File not found: s3://crypto-mlops-bucket/predictions/date=2025-07-28/hour=06/prediction.parquet
[2025-07-31T22:33:51.573+0000] {drift_monitoring.py:58} WARNING - File not found: s3://crypto-mlops-bucket/targets/date=2025-07-28/hour=06/target.parquet
[2025-07-31T22:33:51.583+0000] {drift_monitoring.py:58} WARNING - File not found: s3://crypto-mlops-bucket/predictions/date=2025-07-28/hour=05/prediction.parquet
[2025-07-31T22:33:51.594+0000] {drift_monitoring.py:58} WARNING - File not found: s3://crypto-mlops-bucket/targets/date=2025-07-28/hour=05/target.parquet
[2025-07-31T22:33:51.604+0000] {drift_monitoring.py:58} WARNING - File not found: s3://crypto-mlops-bucket/predictions/date=2025-07-28/hour=04/prediction.parquet
[2025-07-31T22:33:51.614+0000] {drift_monitoring.py:58} WARNING - File not found: s3://crypto-mlops-bucket/targets/date=2025-07-28/hour=04/target.parquet
[2025-07-31T22:33:51.624+0000] {drift_monitoring.py:58} WARNING - File not found: s3://crypto-mlops-bucket/predictions/date=2025-07-28/hour=03/prediction.parquet
[2025-07-31T22:33:51.634+0000] {drift_monitoring.py:58} WARNING - File not found: s3://crypto-mlops-bucket/targets/date=2025-07-28/hour=03/target.parquet
[2025-07-31T22:33:51.645+0000] {drift_monitoring.py:58} WARNING - File not found: s3://crypto-mlops-bucket/predictions/date=2025-07-28/hour=02/prediction.parquet
[2025-07-31T22:33:51.656+0000] {drift_monitoring.py:58} WARNING - File not found: s3://crypto-mlops-bucket/targets/date=2025-07-28/hour=02/target.parquet
[2025-07-31T22:33:51.666+0000] {drift_monitoring.py:58} WARNING - File not found: s3://crypto-mlops-bucket/predictions/date=2025-07-28/hour=01/prediction.parquet
[2025-07-31T22:33:51.676+0000] {drift_monitoring.py:58} WARNING - File not found: s3://crypto-mlops-bucket/targets/date=2025-07-28/hour=01/target.parquet
[2025-07-31T22:33:51.688+0000] {drift_monitoring.py:58} WARNING - File not found: s3://crypto-mlops-bucket/predictions/date=2025-07-28/hour=00/prediction.parquet
[2025-07-31T22:33:51.698+0000] {drift_monitoring.py:58} WARNING - File not found: s3://crypto-mlops-bucket/targets/date=2025-07-28/hour=00/target.parquet
[2025-07-31T22:33:51.709+0000] {drift_monitoring.py:58} WARNING - File not found: s3://crypto-mlops-bucket/predictions/date=2025-07-27/hour=23/prediction.parquet
[2025-07-31T22:33:51.719+0000] {drift_monitoring.py:58} WARNING - File not found: s3://crypto-mlops-bucket/targets/date=2025-07-27/hour=23/target.parquet
[2025-07-31T22:33:51.730+0000] {drift_monitoring.py:58} WARNING - File not found: s3://crypto-mlops-bucket/predictions/date=2025-07-27/hour=22/prediction.parquet
[2025-07-31T22:33:51.743+0000] {drift_monitoring.py:58} WARNING - File not found: s3://crypto-mlops-bucket/targets/date=2025-07-27/hour=22/target.parquet
[2025-07-31T22:33:51.753+0000] {drift_monitoring.py:58} WARNING - File not found: s3://crypto-mlops-bucket/predictions/date=2025-07-27/hour=21/prediction.parquet
[2025-07-31T22:33:51.765+0000] {drift_monitoring.py:58} WARNING - File not found: s3://crypto-mlops-bucket/targets/date=2025-07-27/hour=21/target.parquet
[2025-07-31T22:33:51.778+0000] {drift_monitoring.py:58} WARNING - File not found: s3://crypto-mlops-bucket/predictions/date=2025-07-27/hour=20/prediction.parquet
[2025-07-31T22:33:51.792+0000] {drift_monitoring.py:58} WARNING - File not found: s3://crypto-mlops-bucket/targets/date=2025-07-27/hour=20/target.parquet
[2025-07-31T22:33:51.805+0000] {drift_monitoring.py:58} WARNING - File not found: s3://crypto-mlops-bucket/predictions/date=2025-07-27/hour=19/prediction.parquet
[2025-07-31T22:33:51.819+0000] {drift_monitoring.py:58} WARNING - File not found: s3://crypto-mlops-bucket/targets/date=2025-07-27/hour=19/target.parquet
[2025-07-31T22:33:51.836+0000] {drift_monitoring.py:58} WARNING - File not found: s3://crypto-mlops-bucket/predictions/date=2025-07-27/hour=18/prediction.parquet
[2025-07-31T22:33:51.851+0000] {drift_monitoring.py:58} WARNING - File not found: s3://crypto-mlops-bucket/targets/date=2025-07-27/hour=18/target.parquet
[2025-07-31T22:33:51.868+0000] {drift_monitoring.py:58} WARNING - File not found: s3://crypto-mlops-bucket/predictions/date=2025-07-27/hour=17/prediction.parquet
[2025-07-31T22:33:51.884+0000] {drift_monitoring.py:58} WARNING - File not found: s3://crypto-mlops-bucket/targets/date=2025-07-27/hour=17/target.parquet
[2025-07-31T22:33:51.898+0000] {drift_monitoring.py:58} WARNING - File not found: s3://crypto-mlops-bucket/predictions/date=2025-07-27/hour=16/prediction.parquet
[2025-07-31T22:33:51.910+0000] {drift_monitoring.py:58} WARNING - File not found: s3://crypto-mlops-bucket/targets/date=2025-07-27/hour=16/target.parquet
[2025-07-31T22:33:51.933+0000] {drift_monitoring.py:58} WARNING - File not found: s3://crypto-mlops-bucket/predictions/date=2025-07-27/hour=15/prediction.parquet
[2025-07-31T22:33:51.945+0000] {drift_monitoring.py:58} WARNING - File not found: s3://crypto-mlops-bucket/targets/date=2025-07-27/hour=15/target.parquet
[2025-07-31T22:33:51.956+0000] {drift_monitoring.py:58} WARNING - File not found: s3://crypto-mlops-bucket/predictions/date=2025-07-27/hour=14/prediction.parquet
[2025-07-31T22:33:51.967+0000] {drift_monitoring.py:58} WARNING - File not found: s3://crypto-mlops-bucket/targets/date=2025-07-27/hour=14/target.parquet
[2025-07-31T22:33:51.978+0000] {drift_monitoring.py:58} WARNING - File not found: s3://crypto-mlops-bucket/predictions/date=2025-07-27/hour=13/prediction.parquet
[2025-07-31T22:33:51.990+0000] {drift_monitoring.py:58} WARNING - File not found: s3://crypto-mlops-bucket/targets/date=2025-07-27/hour=13/target.parquet
[2025-07-31T22:33:52.002+0000] {drift_monitoring.py:58} WARNING - File not found: s3://crypto-mlops-bucket/predictions/date=2025-07-27/hour=12/prediction.parquet
[2025-07-31T22:33:52.014+0000] {drift_monitoring.py:58} WARNING - File not found: s3://crypto-mlops-bucket/targets/date=2025-07-27/hour=12/target.parquet
[2025-07-31T22:33:52.026+0000] {drift_monitoring.py:58} WARNING - File not found: s3://crypto-mlops-bucket/predictions/date=2025-07-27/hour=11/prediction.parquet
[2025-07-31T22:33:52.038+0000] {drift_monitoring.py:58} WARNING - File not found: s3://crypto-mlops-bucket/targets/date=2025-07-27/hour=11/target.parquet
[2025-07-31T22:33:52.050+0000] {drift_monitoring.py:58} WARNING - File not found: s3://crypto-mlops-bucket/predictions/date=2025-07-27/hour=10/prediction.parquet
[2025-07-31T22:33:52.061+0000] {drift_monitoring.py:58} WARNING - File not found: s3://crypto-mlops-bucket/targets/date=2025-07-27/hour=10/target.parquet
[2025-07-31T22:33:52.072+0000] {drift_monitoring.py:58} WARNING - File not found: s3://crypto-mlops-bucket/predictions/date=2025-07-27/hour=09/prediction.parquet
[2025-07-31T22:33:52.083+0000] {drift_monitoring.py:58} WARNING - File not found: s3://crypto-mlops-bucket/targets/date=2025-07-27/hour=09/target.parquet
[2025-07-31T22:33:52.096+0000] {drift_monitoring.py:58} WARNING - File not found: s3://crypto-mlops-bucket/predictions/date=2025-07-27/hour=08/prediction.parquet
[2025-07-31T22:33:52.107+0000] {drift_monitoring.py:58} WARNING - File not found: s3://crypto-mlops-bucket/targets/date=2025-07-27/hour=08/target.parquet
[2025-07-31T22:33:52.118+0000] {drift_monitoring.py:58} WARNING - File not found: s3://crypto-mlops-bucket/predictions/date=2025-07-27/hour=07/prediction.parquet
[2025-07-31T22:33:52.129+0000] {drift_monitoring.py:58} WARNING - File not found: s3://crypto-mlops-bucket/targets/date=2025-07-27/hour=07/target.parquet
[2025-07-31T22:33:52.142+0000] {drift_monitoring.py:58} WARNING - File not found: s3://crypto-mlops-bucket/predictions/date=2025-07-27/hour=06/prediction.parquet
[2025-07-31T22:33:52.153+0000] {drift_monitoring.py:58} WARNING - File not found: s3://crypto-mlops-bucket/targets/date=2025-07-27/hour=06/target.parquet
[2025-07-31T22:33:52.164+0000] {drift_monitoring.py:58} WARNING - File not found: s3://crypto-mlops-bucket/predictions/date=2025-07-27/hour=05/prediction.parquet
[2025-07-31T22:33:52.176+0000] {drift_monitoring.py:58} WARNING - File not found: s3://crypto-mlops-bucket/targets/date=2025-07-27/hour=05/target.parquet
[2025-07-31T22:33:52.186+0000] {drift_monitoring.py:58} WARNING - File not found: s3://crypto-mlops-bucket/predictions/date=2025-07-27/hour=04/prediction.parquet
[2025-07-31T22:33:52.197+0000] {drift_monitoring.py:58} WARNING - File not found: s3://crypto-mlops-bucket/targets/date=2025-07-27/hour=04/target.parquet
[2025-07-31T22:33:52.207+0000] {drift_monitoring.py:58} WARNING - File not found: s3://crypto-mlops-bucket/predictions/date=2025-07-27/hour=03/prediction.parquet
[2025-07-31T22:33:52.217+0000] {drift_monitoring.py:58} WARNING - File not found: s3://crypto-mlops-bucket/targets/date=2025-07-27/hour=03/target.parquet
[2025-07-31T22:33:52.227+0000] {drift_monitoring.py:58} WARNING - File not found: s3://crypto-mlops-bucket/predictions/date=2025-07-27/hour=02/prediction.parquet
[2025-07-31T22:33:52.237+0000] {drift_monitoring.py:58} WARNING - File not found: s3://crypto-mlops-bucket/targets/date=2025-07-27/hour=02/target.parquet
[2025-07-31T22:33:52.248+0000] {drift_monitoring.py:58} WARNING - File not found: s3://crypto-mlops-bucket/predictions/date=2025-07-27/hour=01/prediction.parquet
[2025-07-31T22:33:52.258+0000] {drift_monitoring.py:58} WARNING - File not found: s3://crypto-mlops-bucket/targets/date=2025-07-27/hour=01/target.parquet
[2025-07-31T22:33:52.269+0000] {drift_monitoring.py:58} WARNING - File not found: s3://crypto-mlops-bucket/predictions/date=2025-07-27/hour=00/prediction.parquet
[2025-07-31T22:33:52.279+0000] {drift_monitoring.py:58} WARNING - File not found: s3://crypto-mlops-bucket/targets/date=2025-07-27/hour=00/target.parquet
[2025-07-31T22:33:52.291+0000] {drift_monitoring.py:58} WARNING - File not found: s3://crypto-mlops-bucket/predictions/date=2025-07-26/hour=23/prediction.parquet
[2025-07-31T22:33:52.302+0000] {drift_monitoring.py:58} WARNING - File not found: s3://crypto-mlops-bucket/targets/date=2025-07-26/hour=23/target.parquet
[2025-07-31T22:33:52.313+0000] {drift_monitoring.py:58} WARNING - File not found: s3://crypto-mlops-bucket/predictions/date=2025-07-26/hour=22/prediction.parquet
[2025-07-31T22:33:52.338+0000] {drift_monitoring.py:58} WARNING - File not found: s3://crypto-mlops-bucket/targets/date=2025-07-26/hour=22/target.parquet
[2025-07-31T22:33:52.350+0000] {drift_monitoring.py:58} WARNING - File not found: s3://crypto-mlops-bucket/predictions/date=2025-07-26/hour=21/prediction.parquet
[2025-07-31T22:33:52.361+0000] {drift_monitoring.py:58} WARNING - File not found: s3://crypto-mlops-bucket/targets/date=2025-07-26/hour=21/target.parquet
[2025-07-31T22:33:52.372+0000] {drift_monitoring.py:58} WARNING - File not found: s3://crypto-mlops-bucket/predictions/date=2025-07-26/hour=20/prediction.parquet
[2025-07-31T22:33:52.384+0000] {drift_monitoring.py:58} WARNING - File not found: s3://crypto-mlops-bucket/targets/date=2025-07-26/hour=20/target.parquet
[2025-07-31T22:33:52.397+0000] {drift_monitoring.py:58} WARNING - File not found: s3://crypto-mlops-bucket/predictions/date=2025-07-26/hour=19/prediction.parquet
[2025-07-31T22:33:52.426+0000] {drift_monitoring.py:58} WARNING - File not found: s3://crypto-mlops-bucket/targets/date=2025-07-26/hour=19/target.parquet
[2025-07-31T22:33:52.438+0000] {drift_monitoring.py:58} WARNING - File not found: s3://crypto-mlops-bucket/predictions/date=2025-07-26/hour=18/prediction.parquet
[2025-07-31T22:33:52.450+0000] {drift_monitoring.py:58} WARNING - File not found: s3://crypto-mlops-bucket/targets/date=2025-07-26/hour=18/target.parquet
[2025-07-31T22:33:52.463+0000] {drift_monitoring.py:58} WARNING - File not found: s3://crypto-mlops-bucket/predictions/date=2025-07-26/hour=17/prediction.parquet
[2025-07-31T22:33:52.476+0000] {drift_monitoring.py:58} WARNING - File not found: s3://crypto-mlops-bucket/targets/date=2025-07-26/hour=17/target.parquet
[2025-07-31T22:33:52.488+0000] {drift_monitoring.py:58} WARNING - File not found: s3://crypto-mlops-bucket/predictions/date=2025-07-26/hour=16/prediction.parquet
[2025-07-31T22:33:52.500+0000] {drift_monitoring.py:58} WARNING - File not found: s3://crypto-mlops-bucket/targets/date=2025-07-26/hour=16/target.parquet
[2025-07-31T22:33:52.511+0000] {drift_monitoring.py:58} WARNING - File not found: s3://crypto-mlops-bucket/predictions/date=2025-07-26/hour=15/prediction.parquet
[2025-07-31T22:33:52.522+0000] {drift_monitoring.py:58} WARNING - File not found: s3://crypto-mlops-bucket/targets/date=2025-07-26/hour=15/target.parquet
[2025-07-31T22:33:52.532+0000] {drift_monitoring.py:58} WARNING - File not found: s3://crypto-mlops-bucket/predictions/date=2025-07-26/hour=14/prediction.parquet
[2025-07-31T22:33:52.542+0000] {drift_monitoring.py:58} WARNING - File not found: s3://crypto-mlops-bucket/targets/date=2025-07-26/hour=14/target.parquet
[2025-07-31T22:33:52.552+0000] {drift_monitoring.py:58} WARNING - File not found: s3://crypto-mlops-bucket/predictions/date=2025-07-26/hour=13/prediction.parquet
[2025-07-31T22:33:52.562+0000] {drift_monitoring.py:58} WARNING - File not found: s3://crypto-mlops-bucket/targets/date=2025-07-26/hour=13/target.parquet
[2025-07-31T22:33:52.581+0000] {drift_monitoring.py:58} WARNING - File not found: s3://crypto-mlops-bucket/predictions/date=2025-07-26/hour=12/prediction.parquet
[2025-07-31T22:33:52.592+0000] {drift_monitoring.py:58} WARNING - File not found: s3://crypto-mlops-bucket/targets/date=2025-07-26/hour=12/target.parquet
[2025-07-31T22:33:52.603+0000] {drift_monitoring.py:58} WARNING - File not found: s3://crypto-mlops-bucket/predictions/date=2025-07-26/hour=11/prediction.parquet
[2025-07-31T22:33:52.613+0000] {drift_monitoring.py:58} WARNING - File not found: s3://crypto-mlops-bucket/targets/date=2025-07-26/hour=11/target.parquet
[2025-07-31T22:33:52.623+0000] {drift_monitoring.py:58} WARNING - File not found: s3://crypto-mlops-bucket/predictions/date=2025-07-26/hour=10/prediction.parquet
[2025-07-31T22:33:52.633+0000] {drift_monitoring.py:58} WARNING - File not found: s3://crypto-mlops-bucket/targets/date=2025-07-26/hour=10/target.parquet
[2025-07-31T22:33:52.643+0000] {drift_monitoring.py:58} WARNING - File not found: s3://crypto-mlops-bucket/predictions/date=2025-07-26/hour=09/prediction.parquet
[2025-07-31T22:33:52.653+0000] {drift_monitoring.py:58} WARNING - File not found: s3://crypto-mlops-bucket/targets/date=2025-07-26/hour=09/target.parquet
[2025-07-31T22:33:52.663+0000] {drift_monitoring.py:58} WARNING - File not found: s3://crypto-mlops-bucket/predictions/date=2025-07-26/hour=08/prediction.parquet
[2025-07-31T22:33:52.673+0000] {drift_monitoring.py:58} WARNING - File not found: s3://crypto-mlops-bucket/targets/date=2025-07-26/hour=08/target.parquet
[2025-07-31T22:33:52.684+0000] {drift_monitoring.py:58} WARNING - File not found: s3://crypto-mlops-bucket/predictions/date=2025-07-26/hour=07/prediction.parquet
[2025-07-31T22:33:52.694+0000] {drift_monitoring.py:58} WARNING - File not found: s3://crypto-mlops-bucket/targets/date=2025-07-26/hour=07/target.parquet
[2025-07-31T22:33:52.705+0000] {drift_monitoring.py:58} WARNING - File not found: s3://crypto-mlops-bucket/predictions/date=2025-07-26/hour=06/prediction.parquet
[2025-07-31T22:33:52.716+0000] {drift_monitoring.py:58} WARNING - File not found: s3://crypto-mlops-bucket/targets/date=2025-07-26/hour=06/target.parquet
[2025-07-31T22:33:52.728+0000] {drift_monitoring.py:58} WARNING - File not found: s3://crypto-mlops-bucket/predictions/date=2025-07-26/hour=05/prediction.parquet
[2025-07-31T22:33:52.738+0000] {drift_monitoring.py:58} WARNING - File not found: s3://crypto-mlops-bucket/targets/date=2025-07-26/hour=05/target.parquet
[2025-07-31T22:33:52.749+0000] {drift_monitoring.py:58} WARNING - File not found: s3://crypto-mlops-bucket/predictions/date=2025-07-26/hour=04/prediction.parquet
[2025-07-31T22:33:52.760+0000] {drift_monitoring.py:58} WARNING - File not found: s3://crypto-mlops-bucket/targets/date=2025-07-26/hour=04/target.parquet
[2025-07-31T22:33:52.773+0000] {drift_monitoring.py:58} WARNING - File not found: s3://crypto-mlops-bucket/predictions/date=2025-07-26/hour=03/prediction.parquet
[2025-07-31T22:33:52.785+0000] {drift_monitoring.py:58} WARNING - File not found: s3://crypto-mlops-bucket/targets/date=2025-07-26/hour=03/target.parquet
[2025-07-31T22:33:52.796+0000] {drift_monitoring.py:58} WARNING - File not found: s3://crypto-mlops-bucket/predictions/date=2025-07-26/hour=02/prediction.parquet
[2025-07-31T22:33:52.808+0000] {drift_monitoring.py:58} WARNING - File not found: s3://crypto-mlops-bucket/targets/date=2025-07-26/hour=02/target.parquet
[2025-07-31T22:33:52.818+0000] {drift_monitoring.py:58} WARNING - File not found: s3://crypto-mlops-bucket/predictions/date=2025-07-26/hour=01/prediction.parquet
[2025-07-31T22:33:52.829+0000] {drift_monitoring.py:58} WARNING - File not found: s3://crypto-mlops-bucket/targets/date=2025-07-26/hour=01/target.parquet
[2025-07-31T22:33:52.840+0000] {drift_monitoring.py:58} WARNING - File not found: s3://crypto-mlops-bucket/predictions/date=2025-07-26/hour=00/prediction.parquet
[2025-07-31T22:33:52.851+0000] {drift_monitoring.py:58} WARNING - File not found: s3://crypto-mlops-bucket/targets/date=2025-07-26/hour=00/target.parquet
[2025-07-31T22:33:52.862+0000] {drift_monitoring.py:58} WARNING - File not found: s3://crypto-mlops-bucket/predictions/date=2025-07-25/hour=23/prediction.parquet
[2025-07-31T22:33:52.875+0000] {drift_monitoring.py:58} WARNING - File not found: s3://crypto-mlops-bucket/targets/date=2025-07-25/hour=23/target.parquet
[2025-07-31T22:33:52.887+0000] {drift_monitoring.py:58} WARNING - File not found: s3://crypto-mlops-bucket/predictions/date=2025-07-25/hour=22/prediction.parquet
[2025-07-31T22:33:52.899+0000] {drift_monitoring.py:58} WARNING - File not found: s3://crypto-mlops-bucket/targets/date=2025-07-25/hour=22/target.parquet
[2025-07-31T22:33:52.913+0000] {drift_monitoring.py:58} WARNING - File not found: s3://crypto-mlops-bucket/predictions/date=2025-07-25/hour=21/prediction.parquet
[2025-07-31T22:33:52.934+0000] {drift_monitoring.py:58} WARNING - File not found: s3://crypto-mlops-bucket/targets/date=2025-07-25/hour=21/target.parquet
[2025-07-31T22:33:52.948+0000] {drift_monitoring.py:58} WARNING - File not found: s3://crypto-mlops-bucket/predictions/date=2025-07-25/hour=20/prediction.parquet
[2025-07-31T22:33:52.960+0000] {drift_monitoring.py:58} WARNING - File not found: s3://crypto-mlops-bucket/targets/date=2025-07-25/hour=20/target.parquet
[2025-07-31T22:33:52.972+0000] {drift_monitoring.py:58} WARNING - File not found: s3://crypto-mlops-bucket/predictions/date=2025-07-25/hour=19/prediction.parquet
[2025-07-31T22:33:52.984+0000] {drift_monitoring.py:58} WARNING - File not found: s3://crypto-mlops-bucket/targets/date=2025-07-25/hour=19/target.parquet
[2025-07-31T22:33:52.996+0000] {drift_monitoring.py:58} WARNING - File not found: s3://crypto-mlops-bucket/predictions/date=2025-07-25/hour=18/prediction.parquet
[2025-07-31T22:33:53.007+0000] {drift_monitoring.py:58} WARNING - File not found: s3://crypto-mlops-bucket/targets/date=2025-07-25/hour=18/target.parquet
[2025-07-31T22:33:53.019+0000] {drift_monitoring.py:58} WARNING - File not found: s3://crypto-mlops-bucket/predictions/date=2025-07-25/hour=17/prediction.parquet
[2025-07-31T22:33:53.030+0000] {drift_monitoring.py:58} WARNING - File not found: s3://crypto-mlops-bucket/targets/date=2025-07-25/hour=17/target.parquet
[2025-07-31T22:33:53.042+0000] {drift_monitoring.py:58} WARNING - File not found: s3://crypto-mlops-bucket/predictions/date=2025-07-25/hour=16/prediction.parquet
[2025-07-31T22:33:53.054+0000] {drift_monitoring.py:58} WARNING - File not found: s3://crypto-mlops-bucket/targets/date=2025-07-25/hour=16/target.parquet
[2025-07-31T22:33:53.066+0000] {drift_monitoring.py:58} WARNING - File not found: s3://crypto-mlops-bucket/predictions/date=2025-07-25/hour=15/prediction.parquet
[2025-07-31T22:33:53.077+0000] {drift_monitoring.py:58} WARNING - File not found: s3://crypto-mlops-bucket/targets/date=2025-07-25/hour=15/target.parquet
[2025-07-31T22:33:53.090+0000] {drift_monitoring.py:58} WARNING - File not found: s3://crypto-mlops-bucket/predictions/date=2025-07-25/hour=14/prediction.parquet
[2025-07-31T22:33:53.102+0000] {drift_monitoring.py:58} WARNING - File not found: s3://crypto-mlops-bucket/targets/date=2025-07-25/hour=14/target.parquet
[2025-07-31T22:33:53.115+0000] {drift_monitoring.py:58} WARNING - File not found: s3://crypto-mlops-bucket/predictions/date=2025-07-25/hour=13/prediction.parquet
[2025-07-31T22:33:53.126+0000] {drift_monitoring.py:58} WARNING - File not found: s3://crypto-mlops-bucket/targets/date=2025-07-25/hour=13/target.parquet
[2025-07-31T22:33:53.138+0000] {drift_monitoring.py:58} WARNING - File not found: s3://crypto-mlops-bucket/predictions/date=2025-07-25/hour=12/prediction.parquet
[2025-07-31T22:33:53.150+0000] {drift_monitoring.py:58} WARNING - File not found: s3://crypto-mlops-bucket/targets/date=2025-07-25/hour=12/target.parquet
[2025-07-31T22:33:53.162+0000] {drift_monitoring.py:58} WARNING - File not found: s3://crypto-mlops-bucket/predictions/date=2025-07-25/hour=11/prediction.parquet
[2025-07-31T22:33:53.174+0000] {drift_monitoring.py:58} WARNING - File not found: s3://crypto-mlops-bucket/targets/date=2025-07-25/hour=11/target.parquet
[2025-07-31T22:33:53.186+0000] {drift_monitoring.py:58} WARNING - File not found: s3://crypto-mlops-bucket/predictions/date=2025-07-25/hour=10/prediction.parquet
[2025-07-31T22:33:53.198+0000] {drift_monitoring.py:58} WARNING - File not found: s3://crypto-mlops-bucket/targets/date=2025-07-25/hour=10/target.parquet
[2025-07-31T22:33:53.209+0000] {drift_monitoring.py:58} WARNING - File not found: s3://crypto-mlops-bucket/predictions/date=2025-07-25/hour=09/prediction.parquet
[2025-07-31T22:33:53.222+0000] {drift_monitoring.py:58} WARNING - File not found: s3://crypto-mlops-bucket/targets/date=2025-07-25/hour=09/target.parquet
[2025-07-31T22:33:53.234+0000] {drift_monitoring.py:58} WARNING - File not found: s3://crypto-mlops-bucket/predictions/date=2025-07-25/hour=08/prediction.parquet
[2025-07-31T22:33:53.245+0000] {drift_monitoring.py:58} WARNING - File not found: s3://crypto-mlops-bucket/targets/date=2025-07-25/hour=08/target.parquet
[2025-07-31T22:33:53.256+0000] {drift_monitoring.py:58} WARNING - File not found: s3://crypto-mlops-bucket/predictions/date=2025-07-25/hour=07/prediction.parquet
[2025-07-31T22:33:53.266+0000] {drift_monitoring.py:58} WARNING - File not found: s3://crypto-mlops-bucket/targets/date=2025-07-25/hour=07/target.parquet
[2025-07-31T22:33:53.278+0000] {drift_monitoring.py:58} WARNING - File not found: s3://crypto-mlops-bucket/predictions/date=2025-07-25/hour=06/prediction.parquet
[2025-07-31T22:33:53.293+0000] {drift_monitoring.py:58} WARNING - File not found: s3://crypto-mlops-bucket/targets/date=2025-07-25/hour=06/target.parquet
[2025-07-31T22:33:53.309+0000] {drift_monitoring.py:58} WARNING - File not found: s3://crypto-mlops-bucket/predictions/date=2025-07-25/hour=05/prediction.parquet
[2025-07-31T22:33:53.335+0000] {drift_monitoring.py:58} WARNING - File not found: s3://crypto-mlops-bucket/targets/date=2025-07-25/hour=05/target.parquet
[2025-07-31T22:33:53.352+0000] {drift_monitoring.py:58} WARNING - File not found: s3://crypto-mlops-bucket/predictions/date=2025-07-25/hour=04/prediction.parquet
[2025-07-31T22:33:53.370+0000] {drift_monitoring.py:58} WARNING - File not found: s3://crypto-mlops-bucket/targets/date=2025-07-25/hour=04/target.parquet
[2025-07-31T22:33:53.388+0000] {drift_monitoring.py:58} WARNING - File not found: s3://crypto-mlops-bucket/predictions/date=2025-07-25/hour=03/prediction.parquet
[2025-07-31T22:33:53.404+0000] {drift_monitoring.py:58} WARNING - File not found: s3://crypto-mlops-bucket/targets/date=2025-07-25/hour=03/target.parquet
[2025-07-31T22:33:53.423+0000] {drift_monitoring.py:58} WARNING - File not found: s3://crypto-mlops-bucket/predictions/date=2025-07-25/hour=02/prediction.parquet
[2025-07-31T22:33:53.438+0000] {drift_monitoring.py:58} WARNING - File not found: s3://crypto-mlops-bucket/targets/date=2025-07-25/hour=02/target.parquet
[2025-07-31T22:33:53.451+0000] {drift_monitoring.py:58} WARNING - File not found: s3://crypto-mlops-bucket/predictions/date=2025-07-25/hour=01/prediction.parquet
[2025-07-31T22:33:53.462+0000] {drift_monitoring.py:58} WARNING - File not found: s3://crypto-mlops-bucket/targets/date=2025-07-25/hour=01/target.parquet
[2025-07-31T22:33:53.475+0000] {drift_monitoring.py:58} WARNING - File not found: s3://crypto-mlops-bucket/predictions/date=2025-07-25/hour=00/prediction.parquet
[2025-07-31T22:33:53.487+0000] {drift_monitoring.py:58} WARNING - File not found: s3://crypto-mlops-bucket/targets/date=2025-07-25/hour=00/target.parquet
[2025-07-31T22:33:53.498+0000] {drift_monitoring.py:58} WARNING - File not found: s3://crypto-mlops-bucket/predictions/date=2025-07-24/hour=23/prediction.parquet
[2025-07-31T22:33:53.523+0000] {drift_monitoring.py:58} WARNING - File not found: s3://crypto-mlops-bucket/targets/date=2025-07-24/hour=23/target.parquet
[2025-07-31T22:33:53.530+0000] {drift_monitoring.py:372} INFO - Loaded 5 data points for drift analysis
[2025-07-31T22:33:53.531+0000] {drift_monitoring.py:380} INFO - Minimum points required per window: 2
[2025-07-31T22:33:53.535+0000] {drift_monitoring.py:394} INFO - Window 0: MAE = 0.0545 with 5 points
[2025-07-31T22:33:53.536+0000] {drift_monitoring.py:394} INFO - Window 1: MAE = 0.0545 with 5 points
[2025-07-31T22:33:53.538+0000] {drift_monitoring.py:394} INFO - Window 2: MAE = 0.0545 with 5 points
[2025-07-31T22:33:53.540+0000] {drift_monitoring.py:394} INFO - Window 3: MAE = 0.0588 with 4 points
[2025-07-31T22:33:53.542+0000] {drift_monitoring.py:394} INFO - Window 4: MAE = 0.0762 with 3 points
[2025-07-31T22:33:53.545+0000] {drift_monitoring.py:394} INFO - Window 5: MAE = 0.0762 with 3 points
[2025-07-31T22:33:53.546+0000] {drift_monitoring.py:394} INFO - Window 6: MAE = 0.0762 with 3 points
[2025-07-31T22:33:53.548+0000] {drift_monitoring.py:394} INFO - Window 7: MAE = 0.0762 with 3 points
[2025-07-31T22:33:53.550+0000] {drift_monitoring.py:394} INFO - Window 8: MAE = 0.0796 with 2 points
[2025-07-31T22:33:53.557+0000] {drift_monitoring.py:411} INFO - Current MAE: 0.0545
[2025-07-31T22:33:53.558+0000] {drift_monitoring.py:412} INFO - Mean MAE over analysis period: 0.0674
[2025-07-31T22:33:53.559+0000] {drift_monitoring.py:413} INFO - Drift threshold: 0.15
[2025-07-31T22:33:53.559+0000] {drift_monitoring.py:256} INFO - Loading reference metrics from s3://crypto-mlops-bucket/models//metrics/metrics.json
[2025-07-31T22:33:53.570+0000] {drift_monitoring.py:262} INFO - Loaded reference metrics: {'train_rmse': 0.10094861542911258, 'val_rmse': 0.08007929984398382, 'train_mae': 0.06894516255029756, 'val_mae': 0.05715620413156829, 'train_r2': 0.026023937817031384, 'val_r2': 0.008105522232589313, 'best_iteration': 3}
[2025-07-31T22:33:53.571+0000] {drift_monitoring.py:421} INFO - Reference MAE (from training): 0.0572
[2025-07-31T22:33:53.571+0000] {drift_monitoring.py:423} INFO - MAE degradation vs training baseline: -4.60%
[2025-07-31T22:33:53.572+0000] {drift_monitoring.py:82} INFO - Searching for reference files with prefix: models//reference/
[2025-07-31T22:33:53.587+0000] {drift_monitoring.py:107} INFO - Found 6 files in reference directory
[2025-07-31T22:33:53.588+0000] {drift_monitoring.py:120} INFO - Found run_id: 511adde8d96b485d9c00006425d1c0ed (modified: 2025-07-31 22:30:47+00:00)
[2025-07-31T22:33:53.589+0000] {drift_monitoring.py:120} INFO - Found run_id: c22d2fb8a0c54cd9be9be996e63addeb (modified: 2025-07-31 21:37:52+00:00)
[2025-07-31T22:33:53.589+0000] {drift_monitoring.py:120} INFO - Found run_id: predictions_511adde8d96b485d9c00006425d1c0ed (modified: 2025-07-31 22:30:47+00:00)
[2025-07-31T22:33:53.589+0000] {drift_monitoring.py:131} INFO - Latest run_id selected: 511adde8d96b485d9c00006425d1c0ed
[2025-07-31T22:33:53.590+0000] {drift_monitoring.py:214} INFO - Loading reference predictions for run_id: 511adde8d96b485d9c00006425d1c0ed
[2025-07-31T22:33:53.590+0000] {drift_monitoring.py:220} INFO - Trying to load train predictions from: s3://crypto-mlops-bucket/models//reference/train_predictions_511adde8d96b485d9c00006425d1c0ed.csv
[2025-07-31T22:33:53.591+0000] {drift_monitoring.py:221} INFO - Trying to load val predictions from: s3://crypto-mlops-bucket/models//reference/val_predictions_511adde8d96b485d9c00006425d1c0ed.csv
[2025-07-31T22:33:53.647+0000] {drift_monitoring.py:233} INFO - Loaded training predictions: 6972 rows, columns: ['target', 'prediction']
[2025-07-31T22:33:53.648+0000] {drift_monitoring.py:237} INFO - Loaded validation predictions: 1744 rows, columns: ['target', 'prediction']
[2025-07-31T22:33:53.649+0000] {drift_monitoring.py:242} INFO - Combined reference predictions: 8716 rows, columns: ['target', 'prediction']
[2025-07-31T22:33:53.650+0000] {drift_monitoring.py:443} INFO - Current data for Evidently: ['prediction', 'target', 'timestamp']
[2025-07-31T22:33:53.651+0000] {drift_monitoring.py:444} INFO - Reference predictions columns: ['target', 'prediction']
[2025-07-31T22:33:53.652+0000] {drift_monitoring.py:294} INFO - Current data columns: ['prediction', 'target']
[2025-07-31T22:33:53.653+0000] {drift_monitoring.py:295} INFO - Reference predictions columns: ['target', 'prediction']
[2025-07-31T22:33:53.656+0000] {drift_monitoring.py:314} INFO - Reference MAE (training baseline): 0.0666
[2025-07-31T22:33:53.657+0000] {drift_monitoring.py:315} INFO - Current MAE (production): 0.0545
[2025-07-31T22:33:53.657+0000] {drift_monitoring.py:316} INFO - Performance degradation: -18.11%
[2025-07-31T22:33:53.658+0000] {drift_monitoring.py:318} INFO - Generating Evidently performance report with 8716 reference rows and 5 current rows
[2025-07-31T22:33:53.665+0000] {drift_monitoring.py:319} INFO - Reference data sample (training baseline):
     target  prediction
0  0.175052    0.002819
1 -0.128173   -0.003411
2  0.034480    0.003574
3  0.058501    0.003574
4 -0.015417    0.003574
[2025-07-31T22:33:53.670+0000] {drift_monitoring.py:320} INFO - Current data sample (production):
     target  prediction
0 -0.145986   -0.012425
0  0.025355   -0.000363
0  0.065420   -0.003891
0  0.002788   -0.003801
0  0.083989    0.046543
[2025-07-31T22:33:53.727+0000] {logging_mixin.py:188} WARNING - /home/***/.local/lib/python3.12/site-packages/sklearn/metrics/_regression.py:492 FutureWarning: 'squared' is deprecated in version 1.4 and will be removed in 1.6. To calculate the root mean squared error, use the function'root_mean_squared_error'.
[2025-07-31T22:33:53.729+0000] {logging_mixin.py:188} WARNING - /home/***/.local/lib/python3.12/site-packages/sklearn/metrics/_regression.py:492 FutureWarning: 'squared' is deprecated in version 1.4 and will be removed in 1.6. To calculate the root mean squared error, use the function'root_mean_squared_error'.
[2025-07-31T22:33:53.731+0000] {logging_mixin.py:188} WARNING - /home/***/.local/lib/python3.12/site-packages/sklearn/metrics/_regression.py:492 FutureWarning: 'squared' is deprecated in version 1.4 and will be removed in 1.6. To calculate the root mean squared error, use the function'root_mean_squared_error'.
[2025-07-31T22:33:53.753+0000] {logging_mixin.py:188} WARNING - /home/***/.local/lib/python3.12/site-packages/sklearn/metrics/_regression.py:1211 UndefinedMetricWarning: R^2 score is not well-defined with less than two samples.
[2025-07-31T22:33:53.759+0000] {logging_mixin.py:188} WARNING - /home/***/.local/lib/python3.12/site-packages/sklearn/metrics/_regression.py:1211 UndefinedMetricWarning: R^2 score is not well-defined with less than two samples.
[2025-07-31T22:33:53.765+0000] {logging_mixin.py:188} WARNING - /home/***/.local/lib/python3.12/site-packages/sklearn/metrics/_regression.py:492 FutureWarning: 'squared' is deprecated in version 1.4 and will be removed in 1.6. To calculate the root mean squared error, use the function'root_mean_squared_error'.
[2025-07-31T22:33:53.767+0000] {logging_mixin.py:188} WARNING - /home/***/.local/lib/python3.12/site-packages/sklearn/metrics/_regression.py:492 FutureWarning: 'squared' is deprecated in version 1.4 and will be removed in 1.6. To calculate the root mean squared error, use the function'root_mean_squared_error'.
[2025-07-31T22:33:53.768+0000] {logging_mixin.py:188} WARNING - /home/***/.local/lib/python3.12/site-packages/sklearn/metrics/_regression.py:492 FutureWarning: 'squared' is deprecated in version 1.4 and will be removed in 1.6. To calculate the root mean squared error, use the function'root_mean_squared_error'.
[2025-07-31T22:33:53.770+0000] {logging_mixin.py:188} WARNING - /home/***/.local/lib/python3.12/site-packages/sklearn/metrics/_regression.py:492 FutureWarning: 'squared' is deprecated in version 1.4 and will be removed in 1.6. To calculate the root mean squared error, use the function'root_mean_squared_error'.
[2025-07-31T22:33:53.773+0000] {logging_mixin.py:188} WARNING - /home/***/.local/lib/python3.12/site-packages/sklearn/metrics/_regression.py:492 FutureWarning: 'squared' is deprecated in version 1.4 and will be removed in 1.6. To calculate the root mean squared error, use the function'root_mean_squared_error'.
[2025-07-31T22:33:53.774+0000] {logging_mixin.py:188} WARNING - /home/***/.local/lib/python3.12/site-packages/sklearn/metrics/_regression.py:492 FutureWarning: 'squared' is deprecated in version 1.4 and will be removed in 1.6. To calculate the root mean squared error, use the function'root_mean_squared_error'.
[2025-07-31T22:33:53.776+0000] {logging_mixin.py:188} WARNING - /home/***/.local/lib/python3.12/site-packages/sklearn/metrics/_regression.py:492 FutureWarning: 'squared' is deprecated in version 1.4 and will be removed in 1.6. To calculate the root mean squared error, use the function'root_mean_squared_error'.
[2025-07-31T22:33:53.780+0000] {logging_mixin.py:188} WARNING - /home/***/.local/lib/python3.12/site-packages/sklearn/metrics/_regression.py:492 FutureWarning: 'squared' is deprecated in version 1.4 and will be removed in 1.6. To calculate the root mean squared error, use the function'root_mean_squared_error'.
[2025-07-31T22:33:53.782+0000] {logging_mixin.py:188} WARNING - /home/***/.local/lib/python3.12/site-packages/sklearn/metrics/_regression.py:492 FutureWarning: 'squared' is deprecated in version 1.4 and will be removed in 1.6. To calculate the root mean squared error, use the function'root_mean_squared_error'.
[2025-07-31T22:33:54.626+0000] {drift_monitoring.py:328} INFO - Evidently performance drift report saved at /opt/***/dags/reports/drift_report_202507312200.html
[2025-07-31T22:33:54.627+0000] {drift_monitoring.py:468} INFO - No significant drift detected.
[2025-07-31T22:33:54.628+0000] {python.py:237} INFO - Done. Returned value was: None
[2025-07-31T22:33:54.629+0000] {taskinstance.py:441} INFO - ::group::Post task execution logs
[2025-07-31T22:33:54.641+0000] {taskinstance.py:1205} INFO - Marking task as SUCCESS. dag_id=drift_monitoring_dag, task_id=check_drift_and_trigger, execution_date=20250731T223343, start_date=20250731T223351, end_date=20250731T223354
[2025-07-31T22:33:56.156+0000] {local_task_job_runner.py:240} INFO - Task exited with return code 0
[2025-07-31T22:33:56.173+0000] {taskinstance.py:3482} INFO - 0 downstream tasks scheduled from follow-on schedule check
[2025-07-31T22:33:56.176+0000] {local_task_job_runner.py:222} INFO - ::endgroup::
