[2025-07-27T15:27:17.368+0000] {local_task_job_runner.py:120} INFO - ::group::Pre task execution logs
[2025-07-27T15:27:17.417+0000] {taskinstance.py:2073} INFO - Dependencies all met for dep_context=non-requeueable deps ti=<TaskInstance: preprocessing_hourly.preprocess_and_upload manual__2025-07-27T15:15:50.052246+00:00 [queued]>
[2025-07-27T15:27:17.430+0000] {taskinstance.py:2073} INFO - Dependencies all met for dep_context=requeueable deps ti=<TaskInstance: preprocessing_hourly.preprocess_and_upload manual__2025-07-27T15:15:50.052246+00:00 [queued]>
[2025-07-27T15:27:17.432+0000] {taskinstance.py:2303} INFO - Starting attempt 2 of 2
[2025-07-27T15:27:17.697+0000] {taskinstance.py:2327} INFO - Executing <Task(PythonOperator): preprocess_and_upload> on 2025-07-27 15:15:50.052246+00:00
[2025-07-27T15:27:17.713+0000] {logging_mixin.py:188} WARNING - /home/***/.local/lib/python3.12/site-packages/***/task/task_runner/standard_task_runner.py:61 DeprecationWarning: This process (pid=1811) is multi-threaded, use of fork() may lead to deadlocks in the child.
[2025-07-27T15:27:17.712+0000] {standard_task_runner.py:90} INFO - Running: ['***', 'tasks', 'run', 'preprocessing_hourly', 'preprocess_and_upload', 'manual__2025-07-27T15:15:50.052246+00:00', '--job-id', '10', '--raw', '--subdir', 'DAGS_FOLDER/ingestion_inference.py', '--cfg-path', '/tmp/tmpvq0b9wei']
[2025-07-27T15:27:17.715+0000] {standard_task_runner.py:63} INFO - Started process 1834 to run task
[2025-07-27T15:27:17.715+0000] {standard_task_runner.py:91} INFO - Job 10: Subtask preprocess_and_upload
[2025-07-27T15:27:17.737+0000] {logging_mixin.py:188} WARNING - /home/***/.local/lib/python3.12/site-packages/***/settings.py:195 DeprecationWarning: The sql_alchemy_conn option in [core] has been moved to the sql_alchemy_conn option in [database] - the old setting has been used, but please update your config.
[2025-07-27T15:27:17.792+0000] {task_command.py:426} INFO - Running <TaskInstance: preprocessing_hourly.preprocess_and_upload manual__2025-07-27T15:15:50.052246+00:00 [running]> on host 617fcbaa19a2
[2025-07-27T15:27:17.923+0000] {taskinstance.py:2644} INFO - Exporting env vars: AIRFLOW_CTX_DAG_OWNER='mlops' AIRFLOW_CTX_DAG_ID='preprocessing_hourly' AIRFLOW_CTX_TASK_ID='preprocess_and_upload' AIRFLOW_CTX_EXECUTION_DATE='2025-07-27T15:15:50.052246+00:00' AIRFLOW_CTX_TRY_NUMBER='2' AIRFLOW_CTX_DAG_RUN_ID='manual__2025-07-27T15:15:50.052246+00:00'
[2025-07-27T15:27:17.925+0000] {taskinstance.py:430} INFO - ::endgroup::
[2025-07-27T15:27:17.964+0000] {ingestion_inference.py:53} INFO - Bucket crypto-mlops-bucket exists
[2025-07-27T15:27:18.452+0000] {data_ingestion.py:62} INFO - Fetched 300 candles for BTC-USD from 2025-06-27 15:27:17.979585 to 2025-06-28 16:27:17.979585
[2025-07-27T15:27:18.666+0000] {data_ingestion.py:62} INFO - Fetched 300 candles for BTC-USD from 2025-06-28 16:27:17.979585 to 2025-06-29 17:27:17.979585
[2025-07-27T15:27:19.076+0000] {data_ingestion.py:62} INFO - Fetched 300 candles for BTC-USD from 2025-06-29 17:27:17.979585 to 2025-06-30 18:27:17.979585
[2025-07-27T15:27:19.488+0000] {data_ingestion.py:62} INFO - Fetched 300 candles for BTC-USD from 2025-06-30 18:27:17.979585 to 2025-07-01 19:27:17.979585
[2025-07-27T15:27:19.701+0000] {data_ingestion.py:62} INFO - Fetched 300 candles for BTC-USD from 2025-07-01 19:27:17.979585 to 2025-07-02 20:27:17.979585
[2025-07-27T15:27:20.743+0000] {data_ingestion.py:62} INFO - Fetched 300 candles for BTC-USD from 2025-07-02 20:27:17.979585 to 2025-07-03 21:27:17.979585
[2025-07-27T15:27:21.232+0000] {data_ingestion.py:62} INFO - Fetched 300 candles for BTC-USD from 2025-07-03 21:27:17.979585 to 2025-07-04 22:27:17.979585
[2025-07-27T15:27:21.442+0000] {data_ingestion.py:62} INFO - Fetched 300 candles for BTC-USD from 2025-07-04 22:27:17.979585 to 2025-07-05 23:27:17.979585
[2025-07-27T15:27:21.874+0000] {data_ingestion.py:62} INFO - Fetched 300 candles for BTC-USD from 2025-07-05 23:27:17.979585 to 2025-07-07 00:27:17.979585
[2025-07-27T15:27:22.358+0000] {data_ingestion.py:62} INFO - Fetched 300 candles for BTC-USD from 2025-07-07 00:27:17.979585 to 2025-07-08 01:27:17.979585
[2025-07-27T15:27:22.543+0000] {data_ingestion.py:62} INFO - Fetched 300 candles for BTC-USD from 2025-07-08 01:27:17.979585 to 2025-07-09 02:27:17.979585
[2025-07-27T15:27:22.757+0000] {data_ingestion.py:62} INFO - Fetched 300 candles for BTC-USD from 2025-07-09 02:27:17.979585 to 2025-07-10 03:27:17.979585
[2025-07-27T15:27:23.612+0000] {data_ingestion.py:62} INFO - Fetched 300 candles for BTC-USD from 2025-07-10 03:27:17.979585 to 2025-07-11 04:27:17.979585
[2025-07-27T15:27:24.448+0000] {data_ingestion.py:62} INFO - Fetched 300 candles for BTC-USD from 2025-07-11 04:27:17.979585 to 2025-07-12 05:27:17.979585
[2025-07-27T15:27:24.891+0000] {data_ingestion.py:62} INFO - Fetched 300 candles for BTC-USD from 2025-07-12 05:27:17.979585 to 2025-07-13 06:27:17.979585
[2025-07-27T15:27:25.069+0000] {data_ingestion.py:62} INFO - Fetched 300 candles for BTC-USD from 2025-07-13 06:27:17.979585 to 2025-07-14 07:27:17.979585
[2025-07-27T15:27:25.279+0000] {data_ingestion.py:62} INFO - Fetched 300 candles for BTC-USD from 2025-07-14 07:27:17.979585 to 2025-07-15 08:27:17.979585
[2025-07-27T15:27:25.704+0000] {data_ingestion.py:62} INFO - Fetched 300 candles for BTC-USD from 2025-07-15 08:27:17.979585 to 2025-07-16 09:27:17.979585
[2025-07-27T15:27:25.905+0000] {data_ingestion.py:62} INFO - Fetched 300 candles for BTC-USD from 2025-07-16 09:27:17.979585 to 2025-07-17 10:27:17.979585
[2025-07-27T15:27:27.016+0000] {data_ingestion.py:62} INFO - Fetched 300 candles for BTC-USD from 2025-07-17 10:27:17.979585 to 2025-07-18 11:27:17.979585
[2025-07-27T15:27:27.248+0000] {data_ingestion.py:62} INFO - Fetched 300 candles for BTC-USD from 2025-07-18 11:27:17.979585 to 2025-07-19 12:27:17.979585
[2025-07-27T15:27:29.207+0000] {data_ingestion.py:62} INFO - Fetched 300 candles for BTC-USD from 2025-07-19 12:27:17.979585 to 2025-07-20 13:27:17.979585
[2025-07-27T15:27:29.394+0000] {data_ingestion.py:62} INFO - Fetched 300 candles for BTC-USD from 2025-07-20 13:27:17.979585 to 2025-07-21 14:27:17.979585
[2025-07-27T15:27:29.596+0000] {data_ingestion.py:62} INFO - Fetched 300 candles for BTC-USD from 2025-07-21 14:27:17.979585 to 2025-07-22 15:27:17.979585
[2025-07-27T15:27:29.796+0000] {data_ingestion.py:62} INFO - Fetched 300 candles for BTC-USD from 2025-07-22 15:27:17.979585 to 2025-07-23 16:27:17.979585
[2025-07-27T15:27:29.997+0000] {data_ingestion.py:62} INFO - Fetched 300 candles for BTC-USD from 2025-07-23 16:27:17.979585 to 2025-07-24 17:27:17.979585
[2025-07-27T15:27:30.408+0000] {data_ingestion.py:62} INFO - Fetched 300 candles for BTC-USD from 2025-07-24 17:27:17.979585 to 2025-07-25 18:27:17.979585
[2025-07-27T15:27:30.630+0000] {data_ingestion.py:62} INFO - Fetched 300 candles for BTC-USD from 2025-07-25 18:27:17.979585 to 2025-07-26 19:27:17.979585
[2025-07-27T15:27:31.039+0000] {data_ingestion.py:62} INFO - Fetched 240 candles for BTC-USD from 2025-07-26 19:27:17.979585 to 2025-07-27 15:27:17.979585
[2025-07-27T15:27:31.158+0000] {data_ingestion.py:103} INFO - Saved data to S3: s3://crypto-mlops-bucket/data/historical_BTC_USD_20250727152731.csv
[2025-07-27T15:27:31.369+0000] {data_ingestion.py:62} INFO - Fetched 300 candles for ETH-USD from 2025-06-27 15:27:17.979585 to 2025-06-28 16:27:17.979585
[2025-07-27T15:27:30.240+0000] {data_ingestion.py:62} INFO - Fetched 300 candles for ETH-USD from 2025-06-28 16:27:17.979585 to 2025-06-29 17:27:17.979585
[2025-07-27T15:27:30.446+0000] {data_ingestion.py:62} INFO - Fetched 300 candles for ETH-USD from 2025-06-29 17:27:17.979585 to 2025-06-30 18:27:17.979585
[2025-07-27T15:27:30.639+0000] {data_ingestion.py:62} INFO - Fetched 300 candles for ETH-USD from 2025-06-30 18:27:17.979585 to 2025-07-01 19:27:17.979585
[2025-07-27T15:27:30.817+0000] {data_ingestion.py:62} INFO - Fetched 300 candles for ETH-USD from 2025-07-01 19:27:17.979585 to 2025-07-02 20:27:17.979585
[2025-07-27T15:27:31.024+0000] {data_ingestion.py:62} INFO - Fetched 300 candles for ETH-USD from 2025-07-02 20:27:17.979585 to 2025-07-03 21:27:17.979585
[2025-07-27T15:27:31.196+0000] {data_ingestion.py:62} INFO - Fetched 300 candles for ETH-USD from 2025-07-03 21:27:17.979585 to 2025-07-04 22:27:17.979585
[2025-07-27T15:27:31.433+0000] {data_ingestion.py:62} INFO - Fetched 300 candles for ETH-USD from 2025-07-04 22:27:17.979585 to 2025-07-05 23:27:17.979585
[2025-07-27T15:27:31.940+0000] {data_ingestion.py:62} INFO - Fetched 300 candles for ETH-USD from 2025-07-05 23:27:17.979585 to 2025-07-07 00:27:17.979585
[2025-07-27T15:27:32.145+0000] {data_ingestion.py:62} INFO - Fetched 300 candles for ETH-USD from 2025-07-07 00:27:17.979585 to 2025-07-08 01:27:17.979585
[2025-07-27T15:27:32.631+0000] {data_ingestion.py:62} INFO - Fetched 300 candles for ETH-USD from 2025-07-08 01:27:17.979585 to 2025-07-09 02:27:17.979585
[2025-07-27T15:27:32.837+0000] {data_ingestion.py:62} INFO - Fetched 300 candles for ETH-USD from 2025-07-09 02:27:17.979585 to 2025-07-10 03:27:17.979585
[2025-07-27T15:27:39.714+0000] {data_ingestion.py:62} INFO - Fetched 300 candles for ETH-USD from 2025-07-10 03:27:17.979585 to 2025-07-11 04:27:17.979585
[2025-07-27T15:27:39.917+0000] {data_ingestion.py:62} INFO - Fetched 300 candles for ETH-USD from 2025-07-11 04:27:17.979585 to 2025-07-12 05:27:17.979585
[2025-07-27T15:27:40.236+0000] {data_ingestion.py:62} INFO - Fetched 300 candles for ETH-USD from 2025-07-12 05:27:17.979585 to 2025-07-13 06:27:17.979585
[2025-07-27T15:27:42.499+0000] {data_ingestion.py:62} INFO - Fetched 300 candles for ETH-USD from 2025-07-13 06:27:17.979585 to 2025-07-14 07:27:17.979585
[2025-07-27T15:27:42.681+0000] {data_ingestion.py:62} INFO - Fetched 300 candles for ETH-USD from 2025-07-14 07:27:17.979585 to 2025-07-15 08:27:17.979585
[2025-07-27T15:27:45.406+0000] {data_ingestion.py:62} INFO - Fetched 300 candles for ETH-USD from 2025-07-15 08:27:17.979585 to 2025-07-16 09:27:17.979585
[2025-07-27T15:27:45.608+0000] {data_ingestion.py:62} INFO - Fetched 300 candles for ETH-USD from 2025-07-16 09:27:17.979585 to 2025-07-17 10:27:17.979585
[2025-07-27T15:27:46.019+0000] {data_ingestion.py:62} INFO - Fetched 300 candles for ETH-USD from 2025-07-17 10:27:17.979585 to 2025-07-18 11:27:17.979585
[2025-07-27T15:27:47.866+0000] {data_ingestion.py:62} INFO - Fetched 300 candles for ETH-USD from 2025-07-18 11:27:17.979585 to 2025-07-19 12:27:17.979585
[2025-07-27T15:27:48.072+0000] {data_ingestion.py:62} INFO - Fetched 300 candles for ETH-USD from 2025-07-19 12:27:17.979585 to 2025-07-20 13:27:17.979585
[2025-07-27T15:27:49.330+0000] {data_ingestion.py:62} INFO - Fetched 300 candles for ETH-USD from 2025-07-20 13:27:17.979585 to 2025-07-21 14:27:17.979585
[2025-07-27T15:27:49.497+0000] {data_ingestion.py:62} INFO - Fetched 300 candles for ETH-USD from 2025-07-21 14:27:17.979585 to 2025-07-22 15:27:17.979585
[2025-07-27T15:27:49.692+0000] {data_ingestion.py:62} INFO - Fetched 300 candles for ETH-USD from 2025-07-22 15:27:17.979585 to 2025-07-23 16:27:17.979585
[2025-07-27T15:27:50.112+0000] {data_ingestion.py:62} INFO - Fetched 300 candles for ETH-USD from 2025-07-23 16:27:17.979585 to 2025-07-24 17:27:17.979585
[2025-07-27T15:27:50.935+0000] {data_ingestion.py:62} INFO - Fetched 300 candles for ETH-USD from 2025-07-24 17:27:17.979585 to 2025-07-25 18:27:17.979585
[2025-07-27T15:27:51.097+0000] {data_ingestion.py:62} INFO - Fetched 300 candles for ETH-USD from 2025-07-25 18:27:17.979585 to 2025-07-26 19:27:17.979585
[2025-07-27T15:27:52.013+0000] {data_ingestion.py:62} INFO - Fetched 240 candles for ETH-USD from 2025-07-26 19:27:17.979585 to 2025-07-27 15:27:17.979585
[2025-07-27T15:27:52.098+0000] {data_ingestion.py:103} INFO - Saved data to S3: s3://crypto-mlops-bucket/data/historical_ETH_USD_20250727152752.csv
[2025-07-27T15:27:52.233+0000] {data_processing.py:162} INFO - Removed 50 rows with NaN values. Final shape: (8590, 84)
[2025-07-27T15:27:52.251+0000] {taskinstance.py:441} INFO - ::group::Post task execution logs
[2025-07-27T15:27:52.253+0000] {taskinstance.py:2890} ERROR - Task failed with exception
Traceback (most recent call last):
  File "/home/airflow/.local/lib/python3.12/site-packages/airflow/models/taskinstance.py", line 465, in _execute_task
    result = _execute_callable(context=context, **execute_callable_kwargs)
             ^^^^^^^^^^^^^^^^^^^^^^^^^^^^^^^^^^^^^^^^^^^^^^^^^^^^^^^^^^^^^
  File "/home/airflow/.local/lib/python3.12/site-packages/airflow/models/taskinstance.py", line 432, in _execute_callable
    return execute_callable(context=context, **execute_callable_kwargs)
           ^^^^^^^^^^^^^^^^^^^^^^^^^^^^^^^^^^^^^^^^^^^^^^^^^^^^^^^^^^^^
  File "/home/airflow/.local/lib/python3.12/site-packages/airflow/models/baseoperator.py", line 400, in wrapper
    return func(self, *args, **kwargs)
           ^^^^^^^^^^^^^^^^^^^^^^^^^^^
  File "/home/airflow/.local/lib/python3.12/site-packages/airflow/operators/python.py", line 235, in execute
    return_value = self.execute_callable()
                   ^^^^^^^^^^^^^^^^^^^^^^^
  File "/home/airflow/.local/lib/python3.12/site-packages/airflow/operators/python.py", line 252, in execute_callable
    return self.python_callable(*self.op_args, **self.op_kwargs)
           ^^^^^^^^^^^^^^^^^^^^^^^^^^^^^^^^^^^^^^^^^^^^^^^^^^^^^
  File "/opt/airflow/dags/ingestion_inference.py", line 75, in preprocess_and_upload
    X_scaled = processor.scaler.transform(X)
               ^^^^^^^^^^^^^^^^^^^^^^^^^^^^^
  File "/home/airflow/.local/lib/python3.12/site-packages/sklearn/utils/_set_output.py", line 316, in wrapped
    data_to_wrap = f(self, X, *args, **kwargs)
                   ^^^^^^^^^^^^^^^^^^^^^^^^^^^
  File "/home/airflow/.local/lib/python3.12/site-packages/sklearn/preprocessing/_data.py", line 1045, in transform
    X = self._validate_data(
        ^^^^^^^^^^^^^^^^^^^^
  File "/home/airflow/.local/lib/python3.12/site-packages/sklearn/base.py", line 608, in _validate_data
    self._check_feature_names(X, reset=reset)
  File "/home/airflow/.local/lib/python3.12/site-packages/sklearn/base.py", line 535, in _check_feature_names
    raise ValueError(message)
ValueError: The feature names should match those that were passed during fit.
Feature names seen at fit time, yet now missing:
- atr
- bbands_lower
- bbands_position
- bbands_upper
- close_lag_1
- ...

[2025-07-27T15:27:52.272+0000] {taskinstance.py:1205} INFO - Marking task as FAILED. dag_id=preprocessing_hourly, task_id=preprocess_and_upload, execution_date=20250727T151550, start_date=20250727T152717, end_date=20250727T152752
[2025-07-27T15:27:52.287+0000] {standard_task_runner.py:110} ERROR - Failed to execute job 10 for task preprocess_and_upload (The feature names should match those that were passed during fit.
Feature names seen at fit time, yet now missing:
- atr
- bbands_lower
- bbands_position
- bbands_upper
- close_lag_1
- ...
; 1834)
[2025-07-27T15:27:52.327+0000] {local_task_job_runner.py:240} INFO - Task exited with return code 1
[2025-07-27T15:27:52.344+0000] {taskinstance.py:3482} INFO - 0 downstream tasks scheduled from follow-on schedule check
[2025-07-27T15:27:52.347+0000] {local_task_job_runner.py:222} INFO - ::endgroup::
