[2025-07-27T15:21:45.073+0000] {local_task_job_runner.py:120} INFO - ::group::Pre task execution logs
[2025-07-27T15:21:45.108+0000] {taskinstance.py:2073} INFO - Dependencies all met for dep_context=non-requeueable deps ti=<TaskInstance: preprocessing_hourly.preprocess_and_upload manual__2025-07-27T15:15:50.052246+00:00 [queued]>
[2025-07-27T15:21:45.117+0000] {taskinstance.py:2073} INFO - Dependencies all met for dep_context=requeueable deps ti=<TaskInstance: preprocessing_hourly.preprocess_and_upload manual__2025-07-27T15:15:50.052246+00:00 [queued]>
[2025-07-27T15:21:45.118+0000] {taskinstance.py:2303} INFO - Starting attempt 1 of 2
[2025-07-27T15:21:45.334+0000] {taskinstance.py:2327} INFO - Executing <Task(PythonOperator): preprocess_and_upload> on 2025-07-27 15:15:50.052246+00:00
[2025-07-27T15:21:45.349+0000] {logging_mixin.py:188} WARNING - /home/***/.local/lib/python3.12/site-packages/***/task/task_runner/standard_task_runner.py:61 DeprecationWarning: This process (pid=1313) is multi-threaded, use of fork() may lead to deadlocks in the child.
[2025-07-27T15:21:45.349+0000] {standard_task_runner.py:90} INFO - Running: ['***', 'tasks', 'run', 'preprocessing_hourly', 'preprocess_and_upload', 'manual__2025-07-27T15:15:50.052246+00:00', '--job-id', '9', '--raw', '--subdir', 'DAGS_FOLDER/ingestion_inference.py', '--cfg-path', '/tmp/tmp3534eezh']
[2025-07-27T15:21:45.351+0000] {standard_task_runner.py:63} INFO - Started process 1330 to run task
[2025-07-27T15:21:45.351+0000] {standard_task_runner.py:91} INFO - Job 9: Subtask preprocess_and_upload
[2025-07-27T15:21:45.371+0000] {logging_mixin.py:188} WARNING - /home/***/.local/lib/python3.12/site-packages/***/settings.py:195 DeprecationWarning: The sql_alchemy_conn option in [core] has been moved to the sql_alchemy_conn option in [database] - the old setting has been used, but please update your config.
[2025-07-27T15:21:45.414+0000] {task_command.py:426} INFO - Running <TaskInstance: preprocessing_hourly.preprocess_and_upload manual__2025-07-27T15:15:50.052246+00:00 [running]> on host 617fcbaa19a2
[2025-07-27T15:21:45.509+0000] {taskinstance.py:2644} INFO - Exporting env vars: AIRFLOW_CTX_DAG_OWNER='mlops' AIRFLOW_CTX_DAG_ID='preprocessing_hourly' AIRFLOW_CTX_TASK_ID='preprocess_and_upload' AIRFLOW_CTX_EXECUTION_DATE='2025-07-27T15:15:50.052246+00:00' AIRFLOW_CTX_TRY_NUMBER='1' AIRFLOW_CTX_DAG_RUN_ID='manual__2025-07-27T15:15:50.052246+00:00'
[2025-07-27T15:21:45.511+0000] {taskinstance.py:430} INFO - ::endgroup::
[2025-07-27T15:21:45.544+0000] {ingestion_inference.py:53} INFO - Bucket crypto-mlops-bucket exists
[2025-07-27T15:21:47.984+0000] {data_ingestion.py:62} INFO - Fetched 300 candles for BTC-USD from 2025-06-27 15:21:45.555476 to 2025-06-28 16:21:45.555476
[2025-07-27T15:21:48.182+0000] {data_ingestion.py:62} INFO - Fetched 300 candles for BTC-USD from 2025-06-28 16:21:45.555476 to 2025-06-29 17:21:45.555476
[2025-07-27T15:21:48.371+0000] {data_ingestion.py:62} INFO - Fetched 300 candles for BTC-USD from 2025-06-29 17:21:45.555476 to 2025-06-30 18:21:45.555476
[2025-07-27T15:21:49.346+0000] {data_ingestion.py:62} INFO - Fetched 300 candles for BTC-USD from 2025-06-30 18:21:45.555476 to 2025-07-01 19:21:45.555476
[2025-07-27T15:21:49.562+0000] {data_ingestion.py:62} INFO - Fetched 300 candles for BTC-USD from 2025-07-01 19:21:45.555476 to 2025-07-02 20:21:45.555476
[2025-07-27T15:21:49.728+0000] {data_ingestion.py:62} INFO - Fetched 300 candles for BTC-USD from 2025-07-02 20:21:45.555476 to 2025-07-03 21:21:45.555476
[2025-07-27T15:21:50.713+0000] {data_ingestion.py:62} INFO - Fetched 300 candles for BTC-USD from 2025-07-03 21:21:45.555476 to 2025-07-04 22:21:45.555476
[2025-07-27T15:21:51.199+0000] {data_ingestion.py:62} INFO - Fetched 300 candles for BTC-USD from 2025-07-04 22:21:45.555476 to 2025-07-05 23:21:45.555476
[2025-07-27T15:21:51.435+0000] {data_ingestion.py:62} INFO - Fetched 300 candles for BTC-USD from 2025-07-05 23:21:45.555476 to 2025-07-07 00:21:45.555476
[2025-07-27T15:21:52.396+0000] {data_ingestion.py:62} INFO - Fetched 300 candles for BTC-USD from 2025-07-07 00:21:45.555476 to 2025-07-08 01:21:45.555476
[2025-07-27T15:21:52.574+0000] {data_ingestion.py:62} INFO - Fetched 300 candles for BTC-USD from 2025-07-08 01:21:45.555476 to 2025-07-09 02:21:45.555476
[2025-07-27T15:21:52.919+0000] {data_ingestion.py:62} INFO - Fetched 300 candles for BTC-USD from 2025-07-09 02:21:45.555476 to 2025-07-10 03:21:45.555476
[2025-07-27T15:21:53.119+0000] {data_ingestion.py:62} INFO - Fetched 300 candles for BTC-USD from 2025-07-10 03:21:45.555476 to 2025-07-11 04:21:45.555476
[2025-07-27T15:21:53.525+0000] {data_ingestion.py:62} INFO - Fetched 300 candles for BTC-USD from 2025-07-11 04:21:45.555476 to 2025-07-12 05:21:45.555476
[2025-07-27T15:21:53.723+0000] {data_ingestion.py:62} INFO - Fetched 300 candles for BTC-USD from 2025-07-12 05:21:45.555476 to 2025-07-13 06:21:45.555476
[2025-07-27T15:21:54.159+0000] {data_ingestion.py:62} INFO - Fetched 300 candles for BTC-USD from 2025-07-13 06:21:45.555476 to 2025-07-14 07:21:45.555476
[2025-07-27T15:21:55.170+0000] {data_ingestion.py:62} INFO - Fetched 300 candles for BTC-USD from 2025-07-14 07:21:45.555476 to 2025-07-15 08:21:45.555476
[2025-07-27T15:21:55.377+0000] {data_ingestion.py:62} INFO - Fetched 300 candles for BTC-USD from 2025-07-15 08:21:45.555476 to 2025-07-16 09:21:45.555476
[2025-07-27T15:21:56.218+0000] {data_ingestion.py:62} INFO - Fetched 300 candles for BTC-USD from 2025-07-16 09:21:45.555476 to 2025-07-17 10:21:45.555476
[2025-07-27T15:21:56.424+0000] {data_ingestion.py:62} INFO - Fetched 300 candles for BTC-USD from 2025-07-17 10:21:45.555476 to 2025-07-18 11:21:45.555476
[2025-07-27T15:21:57.264+0000] {data_ingestion.py:62} INFO - Fetched 300 candles for BTC-USD from 2025-07-18 11:21:45.555476 to 2025-07-19 12:21:45.555476
[2025-07-27T15:21:58.125+0000] {data_ingestion.py:62} INFO - Fetched 300 candles for BTC-USD from 2025-07-19 12:21:45.555476 to 2025-07-20 13:21:45.555476
[2025-07-27T15:21:59.292+0000] {data_ingestion.py:62} INFO - Fetched 300 candles for BTC-USD from 2025-07-20 13:21:45.555476 to 2025-07-21 14:21:45.555476
[2025-07-27T15:21:59.501+0000] {data_ingestion.py:62} INFO - Fetched 300 candles for BTC-USD from 2025-07-21 14:21:45.555476 to 2025-07-22 15:21:45.555476
[2025-07-27T15:22:00.003+0000] {data_ingestion.py:62} INFO - Fetched 300 candles for BTC-USD from 2025-07-22 15:21:45.555476 to 2025-07-23 16:21:45.555476
[2025-07-27T15:22:00.201+0000] {data_ingestion.py:62} INFO - Fetched 300 candles for BTC-USD from 2025-07-23 16:21:45.555476 to 2025-07-24 17:21:45.555476
[2025-07-27T15:22:00.611+0000] {data_ingestion.py:62} INFO - Fetched 300 candles for BTC-USD from 2025-07-24 17:21:45.555476 to 2025-07-25 18:21:45.555476
[2025-07-27T15:22:00.876+0000] {data_ingestion.py:62} INFO - Fetched 300 candles for BTC-USD from 2025-07-25 18:21:45.555476 to 2025-07-26 19:21:45.555476
[2025-07-27T15:22:01.045+0000] {data_ingestion.py:62} INFO - Fetched 240 candles for BTC-USD from 2025-07-26 19:21:45.555476 to 2025-07-27 15:21:45.555476
[2025-07-27T15:22:01.141+0000] {data_ingestion.py:103} INFO - Saved data to S3: s3://crypto-mlops-bucket/data/historical_BTC_USD_20250727152201.csv
[2025-07-27T15:22:02.052+0000] {data_ingestion.py:62} INFO - Fetched 300 candles for ETH-USD from 2025-06-27 15:21:45.555476 to 2025-06-28 16:21:45.555476
[2025-07-27T15:22:02.223+0000] {data_ingestion.py:62} INFO - Fetched 300 candles for ETH-USD from 2025-06-28 16:21:45.555476 to 2025-06-29 17:21:45.555476
[2025-07-27T15:22:02.432+0000] {data_ingestion.py:62} INFO - Fetched 300 candles for ETH-USD from 2025-06-29 17:21:45.555476 to 2025-06-30 18:21:45.555476
[2025-07-27T15:22:02.631+0000] {data_ingestion.py:62} INFO - Fetched 300 candles for ETH-USD from 2025-06-30 18:21:45.555476 to 2025-07-01 19:21:45.555476
[2025-07-27T15:22:02.796+0000] {data_ingestion.py:62} INFO - Fetched 300 candles for ETH-USD from 2025-07-01 19:21:45.555476 to 2025-07-02 20:21:45.555476
[2025-07-27T15:22:03.267+0000] {data_ingestion.py:62} INFO - Fetched 300 candles for ETH-USD from 2025-07-02 20:21:45.555476 to 2025-07-03 21:21:45.555476
[2025-07-27T15:22:03.438+0000] {data_ingestion.py:62} INFO - Fetched 300 candles for ETH-USD from 2025-07-03 21:21:45.555476 to 2025-07-04 22:21:45.555476
[2025-07-27T15:22:03.623+0000] {data_ingestion.py:62} INFO - Fetched 300 candles for ETH-USD from 2025-07-04 22:21:45.555476 to 2025-07-05 23:21:45.555476
[2025-07-27T15:22:04.130+0000] {data_ingestion.py:62} INFO - Fetched 300 candles for ETH-USD from 2025-07-05 23:21:45.555476 to 2025-07-07 00:21:45.555476
[2025-07-27T15:22:04.336+0000] {data_ingestion.py:62} INFO - Fetched 300 candles for ETH-USD from 2025-07-07 00:21:45.555476 to 2025-07-08 01:21:45.555476
[2025-07-27T15:22:04.531+0000] {data_ingestion.py:62} INFO - Fetched 300 candles for ETH-USD from 2025-07-08 01:21:45.555476 to 2025-07-09 02:21:45.555476
[2025-07-27T15:22:04.729+0000] {data_ingestion.py:62} INFO - Fetched 300 candles for ETH-USD from 2025-07-09 02:21:45.555476 to 2025-07-10 03:21:45.555476
[2025-07-27T15:22:05.229+0000] {data_ingestion.py:62} INFO - Fetched 300 candles for ETH-USD from 2025-07-10 03:21:45.555476 to 2025-07-11 04:21:45.555476
[2025-07-27T15:22:11.056+0000] {data_ingestion.py:62} INFO - Fetched 300 candles for ETH-USD from 2025-07-11 04:21:45.555476 to 2025-07-12 05:21:45.555476
[2025-07-27T15:22:11.263+0000] {data_ingestion.py:62} INFO - Fetched 300 candles for ETH-USD from 2025-07-12 05:21:45.555476 to 2025-07-13 06:21:45.555476
[2025-07-27T15:22:11.480+0000] {data_ingestion.py:62} INFO - Fetched 300 candles for ETH-USD from 2025-07-13 06:21:45.555476 to 2025-07-14 07:21:45.555476
[2025-07-27T15:22:11.656+0000] {data_ingestion.py:62} INFO - Fetched 300 candles for ETH-USD from 2025-07-14 07:21:45.555476 to 2025-07-15 08:21:45.555476
[2025-07-27T15:22:11.858+0000] {data_ingestion.py:62} INFO - Fetched 300 candles for ETH-USD from 2025-07-15 08:21:45.555476 to 2025-07-16 09:21:45.555476
[2025-07-27T15:22:12.064+0000] {data_ingestion.py:62} INFO - Fetched 300 candles for ETH-USD from 2025-07-16 09:21:45.555476 to 2025-07-17 10:21:45.555476
[2025-07-27T15:22:12.500+0000] {data_ingestion.py:62} INFO - Fetched 300 candles for ETH-USD from 2025-07-17 10:21:45.555476 to 2025-07-18 11:21:45.555476
[2025-07-27T15:22:12.664+0000] {data_ingestion.py:62} INFO - Fetched 300 candles for ETH-USD from 2025-07-18 11:21:45.555476 to 2025-07-19 12:21:45.555476
[2025-07-27T15:22:12.869+0000] {data_ingestion.py:62} INFO - Fetched 300 candles for ETH-USD from 2025-07-19 12:21:45.555476 to 2025-07-20 13:21:45.555476
[2025-07-27T15:22:13.080+0000] {data_ingestion.py:62} INFO - Fetched 300 candles for ETH-USD from 2025-07-20 13:21:45.555476 to 2025-07-21 14:21:45.555476
[2025-07-27T15:22:13.270+0000] {data_ingestion.py:62} INFO - Fetched 300 candles for ETH-USD from 2025-07-21 14:21:45.555476 to 2025-07-22 15:21:45.555476
[2025-07-27T15:22:13.451+0000] {data_ingestion.py:62} INFO - Fetched 300 candles for ETH-USD from 2025-07-22 15:21:45.555476 to 2025-07-23 16:21:45.555476
[2025-07-27T15:22:13.626+0000] {data_ingestion.py:62} INFO - Fetched 300 candles for ETH-USD from 2025-07-23 16:21:45.555476 to 2025-07-24 17:21:45.555476
[2025-07-27T15:22:14.105+0000] {data_ingestion.py:62} INFO - Fetched 300 candles for ETH-USD from 2025-07-24 17:21:45.555476 to 2025-07-25 18:21:45.555476
[2025-07-27T15:22:14.281+0000] {data_ingestion.py:62} INFO - Fetched 300 candles for ETH-USD from 2025-07-25 18:21:45.555476 to 2025-07-26 19:21:45.555476
[2025-07-27T15:22:14.497+0000] {data_ingestion.py:62} INFO - Fetched 240 candles for ETH-USD from 2025-07-26 19:21:45.555476 to 2025-07-27 15:21:45.555476
[2025-07-27T15:22:14.597+0000] {data_ingestion.py:103} INFO - Saved data to S3: s3://crypto-mlops-bucket/data/historical_ETH_USD_20250727152214.csv
[2025-07-27T15:22:14.721+0000] {data_processing.py:162} INFO - Removed 50 rows with NaN values. Final shape: (8590, 84)
[2025-07-27T15:22:14.738+0000] {taskinstance.py:441} INFO - ::group::Post task execution logs
[2025-07-27T15:22:14.739+0000] {taskinstance.py:2890} ERROR - Task failed with exception
Traceback (most recent call last):
  File "/home/airflow/.local/lib/python3.12/site-packages/airflow/models/taskinstance.py", line 465, in _execute_task
    result = _execute_callable(context=context, **execute_callable_kwargs)
             ^^^^^^^^^^^^^^^^^^^^^^^^^^^^^^^^^^^^^^^^^^^^^^^^^^^^^^^^^^^^^
  File "/home/airflow/.local/lib/python3.12/site-packages/airflow/models/taskinstance.py", line 432, in _execute_callable
    return execute_callable(context=context, **execute_callable_kwargs)
           ^^^^^^^^^^^^^^^^^^^^^^^^^^^^^^^^^^^^^^^^^^^^^^^^^^^^^^^^^^^^
  File "/home/airflow/.local/lib/python3.12/site-packages/airflow/models/baseoperator.py", line 400, in wrapper
    return func(self, *args, **kwargs)
           ^^^^^^^^^^^^^^^^^^^^^^^^^^^
  File "/home/airflow/.local/lib/python3.12/site-packages/airflow/operators/python.py", line 235, in execute
    return_value = self.execute_callable()
                   ^^^^^^^^^^^^^^^^^^^^^^^
  File "/home/airflow/.local/lib/python3.12/site-packages/airflow/operators/python.py", line 252, in execute_callable
    return self.python_callable(*self.op_args, **self.op_kwargs)
           ^^^^^^^^^^^^^^^^^^^^^^^^^^^^^^^^^^^^^^^^^^^^^^^^^^^^^
  File "/opt/airflow/dags/ingestion_inference.py", line 75, in preprocess_and_upload
    X_scaled = processor.scaler.transform(X)
               ^^^^^^^^^^^^^^^^^^^^^^^^^^^^^
  File "/home/airflow/.local/lib/python3.12/site-packages/sklearn/utils/_set_output.py", line 316, in wrapped
    data_to_wrap = f(self, X, *args, **kwargs)
                   ^^^^^^^^^^^^^^^^^^^^^^^^^^^
  File "/home/airflow/.local/lib/python3.12/site-packages/sklearn/preprocessing/_data.py", line 1045, in transform
    X = self._validate_data(
        ^^^^^^^^^^^^^^^^^^^^
  File "/home/airflow/.local/lib/python3.12/site-packages/sklearn/base.py", line 608, in _validate_data
    self._check_feature_names(X, reset=reset)
  File "/home/airflow/.local/lib/python3.12/site-packages/sklearn/base.py", line 535, in _check_feature_names
    raise ValueError(message)
ValueError: The feature names should match those that were passed during fit.
Feature names seen at fit time, yet now missing:
- atr
- bbands_lower
- bbands_position
- bbands_upper
- close_lag_1
- ...

[2025-07-27T15:22:14.758+0000] {taskinstance.py:1205} INFO - Marking task as UP_FOR_RETRY. dag_id=preprocessing_hourly, task_id=preprocess_and_upload, execution_date=20250727T151550, start_date=20250727T152145, end_date=20250727T152214
[2025-07-27T15:22:14.779+0000] {standard_task_runner.py:110} ERROR - Failed to execute job 9 for task preprocess_and_upload (The feature names should match those that were passed during fit.
Feature names seen at fit time, yet now missing:
- atr
- bbands_lower
- bbands_position
- bbands_upper
- close_lag_1
- ...
; 1330)
[2025-07-27T15:22:14.812+0000] {local_task_job_runner.py:240} INFO - Task exited with return code 1
[2025-07-27T15:22:14.834+0000] {taskinstance.py:3482} INFO - 0 downstream tasks scheduled from follow-on schedule check
[2025-07-27T15:22:14.837+0000] {local_task_job_runner.py:222} INFO - ::endgroup::
