[2025-07-28T16:25:59.516+0000] {local_task_job_runner.py:120} INFO - ::group::Pre task execution logs
[2025-07-28T16:25:59.569+0000] {taskinstance.py:2073} INFO - Dependencies all met for dep_context=non-requeueable deps ti=<TaskInstance: data_drift_monitoring.check_drift_and_generate_report manual__2025-07-28T16:25:48.776367+00:00 [queued]>
[2025-07-28T16:25:59.579+0000] {taskinstance.py:2073} INFO - Dependencies all met for dep_context=requeueable deps ti=<TaskInstance: data_drift_monitoring.check_drift_and_generate_report manual__2025-07-28T16:25:48.776367+00:00 [queued]>
[2025-07-28T16:25:59.581+0000] {taskinstance.py:2303} INFO - Starting attempt 1 of 1
[2025-07-28T16:25:59.598+0000] {taskinstance.py:2327} INFO - Executing <Task(PythonOperator): check_drift_and_generate_report> on 2025-07-28 16:25:48.776367+00:00
[2025-07-28T16:25:59.621+0000] {standard_task_runner.py:90} INFO - Running: ['***', 'tasks', 'run', 'data_drift_monitoring', 'check_drift_and_generate_report', 'manual__2025-07-28T16:25:48.776367+00:00', '--job-id', '23', '--raw', '--subdir', 'DAGS_FOLDER/drift_monitoring.py', '--cfg-path', '/tmp/tmpzxbim9ee']
[2025-07-28T16:25:59.625+0000] {standard_task_runner.py:91} INFO - Job 23: Subtask check_drift_and_generate_report
[2025-07-28T16:25:59.627+0000] {logging_mixin.py:188} WARNING - /home/***/.local/lib/python3.12/site-packages/***/task/task_runner/standard_task_runner.py:61 DeprecationWarning: This process (pid=32175) is multi-threaded, use of fork() may lead to deadlocks in the child.
[2025-07-28T16:25:59.628+0000] {standard_task_runner.py:63} INFO - Started process 32211 to run task
[2025-07-28T16:25:59.650+0000] {logging_mixin.py:188} WARNING - /home/***/.local/lib/python3.12/site-packages/***/settings.py:195 DeprecationWarning: The sql_alchemy_conn option in [core] has been moved to the sql_alchemy_conn option in [database] - the old setting has been used, but please update your config.
[2025-07-28T16:25:59.694+0000] {task_command.py:426} INFO - Running <TaskInstance: data_drift_monitoring.check_drift_and_generate_report manual__2025-07-28T16:25:48.776367+00:00 [running]> on host d78ad09e75e4
[2025-07-28T16:25:59.837+0000] {taskinstance.py:2644} INFO - Exporting env vars: AIRFLOW_CTX_DAG_OWNER='mlops' AIRFLOW_CTX_DAG_ID='data_drift_monitoring' AIRFLOW_CTX_TASK_ID='check_drift_and_generate_report' AIRFLOW_CTX_EXECUTION_DATE='2025-07-28T16:25:48.776367+00:00' AIRFLOW_CTX_TRY_NUMBER='1' AIRFLOW_CTX_DAG_RUN_ID='manual__2025-07-28T16:25:48.776367+00:00'
[2025-07-28T16:25:59.839+0000] {taskinstance.py:430} INFO - ::endgroup::
[2025-07-28T16:25:59.864+0000] {drift_monitoring.py:60} INFO - Vérification drift de 2025-07-21 15:25:59.864574+00:00 à 2025-07-28 15:25:59.864574+00:00
[2025-07-28T16:25:59.865+0000] {drift_monitoring.py:75} INFO - 📥 Téléchargement predictions/date=2025-07-21/hour=15/prediction.parquet et targets/date=2025-07-21/hour=15/target.parquet
[2025-07-28T16:25:59.929+0000] {drift_monitoring.py:114} WARNING - ⚠️ Fichier manquant : predictions/date=2025-07-21/hour=15/prediction.parquet ou targets/date=2025-07-21/hour=15/target.parquet → ignoré
[2025-07-28T16:25:59.930+0000] {drift_monitoring.py:75} INFO - 📥 Téléchargement predictions/date=2025-07-21/hour=16/prediction.parquet et targets/date=2025-07-21/hour=16/target.parquet
[2025-07-28T16:25:59.943+0000] {drift_monitoring.py:114} WARNING - ⚠️ Fichier manquant : predictions/date=2025-07-21/hour=16/prediction.parquet ou targets/date=2025-07-21/hour=16/target.parquet → ignoré
[2025-07-28T16:25:59.944+0000] {drift_monitoring.py:75} INFO - 📥 Téléchargement predictions/date=2025-07-21/hour=17/prediction.parquet et targets/date=2025-07-21/hour=17/target.parquet
[2025-07-28T16:25:59.955+0000] {drift_monitoring.py:114} WARNING - ⚠️ Fichier manquant : predictions/date=2025-07-21/hour=17/prediction.parquet ou targets/date=2025-07-21/hour=17/target.parquet → ignoré
[2025-07-28T16:25:59.956+0000] {drift_monitoring.py:75} INFO - 📥 Téléchargement predictions/date=2025-07-21/hour=18/prediction.parquet et targets/date=2025-07-21/hour=18/target.parquet
[2025-07-28T16:25:59.970+0000] {drift_monitoring.py:114} WARNING - ⚠️ Fichier manquant : predictions/date=2025-07-21/hour=18/prediction.parquet ou targets/date=2025-07-21/hour=18/target.parquet → ignoré
[2025-07-28T16:25:59.971+0000] {drift_monitoring.py:75} INFO - 📥 Téléchargement predictions/date=2025-07-21/hour=19/prediction.parquet et targets/date=2025-07-21/hour=19/target.parquet
[2025-07-28T16:25:59.981+0000] {drift_monitoring.py:114} WARNING - ⚠️ Fichier manquant : predictions/date=2025-07-21/hour=19/prediction.parquet ou targets/date=2025-07-21/hour=19/target.parquet → ignoré
[2025-07-28T16:25:59.982+0000] {drift_monitoring.py:75} INFO - 📥 Téléchargement predictions/date=2025-07-21/hour=20/prediction.parquet et targets/date=2025-07-21/hour=20/target.parquet
[2025-07-28T16:25:59.996+0000] {drift_monitoring.py:114} WARNING - ⚠️ Fichier manquant : predictions/date=2025-07-21/hour=20/prediction.parquet ou targets/date=2025-07-21/hour=20/target.parquet → ignoré
[2025-07-28T16:25:59.997+0000] {drift_monitoring.py:75} INFO - 📥 Téléchargement predictions/date=2025-07-21/hour=21/prediction.parquet et targets/date=2025-07-21/hour=21/target.parquet
[2025-07-28T16:26:00.009+0000] {drift_monitoring.py:114} WARNING - ⚠️ Fichier manquant : predictions/date=2025-07-21/hour=21/prediction.parquet ou targets/date=2025-07-21/hour=21/target.parquet → ignoré
[2025-07-28T16:26:00.010+0000] {drift_monitoring.py:75} INFO - 📥 Téléchargement predictions/date=2025-07-21/hour=22/prediction.parquet et targets/date=2025-07-21/hour=22/target.parquet
[2025-07-28T16:26:00.025+0000] {drift_monitoring.py:114} WARNING - ⚠️ Fichier manquant : predictions/date=2025-07-21/hour=22/prediction.parquet ou targets/date=2025-07-21/hour=22/target.parquet → ignoré
[2025-07-28T16:26:00.026+0000] {drift_monitoring.py:75} INFO - 📥 Téléchargement predictions/date=2025-07-21/hour=23/prediction.parquet et targets/date=2025-07-21/hour=23/target.parquet
[2025-07-28T16:26:00.041+0000] {drift_monitoring.py:114} WARNING - ⚠️ Fichier manquant : predictions/date=2025-07-21/hour=23/prediction.parquet ou targets/date=2025-07-21/hour=23/target.parquet → ignoré
[2025-07-28T16:26:00.042+0000] {drift_monitoring.py:75} INFO - 📥 Téléchargement predictions/date=2025-07-22/hour=00/prediction.parquet et targets/date=2025-07-22/hour=00/target.parquet
[2025-07-28T16:26:00.056+0000] {drift_monitoring.py:114} WARNING - ⚠️ Fichier manquant : predictions/date=2025-07-22/hour=00/prediction.parquet ou targets/date=2025-07-22/hour=00/target.parquet → ignoré
[2025-07-28T16:26:00.057+0000] {drift_monitoring.py:75} INFO - 📥 Téléchargement predictions/date=2025-07-22/hour=01/prediction.parquet et targets/date=2025-07-22/hour=01/target.parquet
[2025-07-28T16:26:00.069+0000] {drift_monitoring.py:114} WARNING - ⚠️ Fichier manquant : predictions/date=2025-07-22/hour=01/prediction.parquet ou targets/date=2025-07-22/hour=01/target.parquet → ignoré
[2025-07-28T16:26:00.070+0000] {drift_monitoring.py:75} INFO - 📥 Téléchargement predictions/date=2025-07-22/hour=02/prediction.parquet et targets/date=2025-07-22/hour=02/target.parquet
[2025-07-28T16:26:00.082+0000] {drift_monitoring.py:114} WARNING - ⚠️ Fichier manquant : predictions/date=2025-07-22/hour=02/prediction.parquet ou targets/date=2025-07-22/hour=02/target.parquet → ignoré
[2025-07-28T16:26:00.083+0000] {drift_monitoring.py:75} INFO - 📥 Téléchargement predictions/date=2025-07-22/hour=03/prediction.parquet et targets/date=2025-07-22/hour=03/target.parquet
[2025-07-28T16:26:00.096+0000] {drift_monitoring.py:114} WARNING - ⚠️ Fichier manquant : predictions/date=2025-07-22/hour=03/prediction.parquet ou targets/date=2025-07-22/hour=03/target.parquet → ignoré
[2025-07-28T16:26:00.097+0000] {drift_monitoring.py:75} INFO - 📥 Téléchargement predictions/date=2025-07-22/hour=04/prediction.parquet et targets/date=2025-07-22/hour=04/target.parquet
[2025-07-28T16:26:00.109+0000] {drift_monitoring.py:114} WARNING - ⚠️ Fichier manquant : predictions/date=2025-07-22/hour=04/prediction.parquet ou targets/date=2025-07-22/hour=04/target.parquet → ignoré
[2025-07-28T16:26:00.109+0000] {drift_monitoring.py:75} INFO - 📥 Téléchargement predictions/date=2025-07-22/hour=05/prediction.parquet et targets/date=2025-07-22/hour=05/target.parquet
[2025-07-28T16:26:00.121+0000] {drift_monitoring.py:114} WARNING - ⚠️ Fichier manquant : predictions/date=2025-07-22/hour=05/prediction.parquet ou targets/date=2025-07-22/hour=05/target.parquet → ignoré
[2025-07-28T16:26:00.122+0000] {drift_monitoring.py:75} INFO - 📥 Téléchargement predictions/date=2025-07-22/hour=06/prediction.parquet et targets/date=2025-07-22/hour=06/target.parquet
[2025-07-28T16:26:00.133+0000] {drift_monitoring.py:114} WARNING - ⚠️ Fichier manquant : predictions/date=2025-07-22/hour=06/prediction.parquet ou targets/date=2025-07-22/hour=06/target.parquet → ignoré
[2025-07-28T16:26:00.134+0000] {drift_monitoring.py:75} INFO - 📥 Téléchargement predictions/date=2025-07-22/hour=07/prediction.parquet et targets/date=2025-07-22/hour=07/target.parquet
[2025-07-28T16:26:00.147+0000] {drift_monitoring.py:114} WARNING - ⚠️ Fichier manquant : predictions/date=2025-07-22/hour=07/prediction.parquet ou targets/date=2025-07-22/hour=07/target.parquet → ignoré
[2025-07-28T16:26:00.147+0000] {drift_monitoring.py:75} INFO - 📥 Téléchargement predictions/date=2025-07-22/hour=08/prediction.parquet et targets/date=2025-07-22/hour=08/target.parquet
[2025-07-28T16:26:00.160+0000] {drift_monitoring.py:114} WARNING - ⚠️ Fichier manquant : predictions/date=2025-07-22/hour=08/prediction.parquet ou targets/date=2025-07-22/hour=08/target.parquet → ignoré
[2025-07-28T16:26:00.161+0000] {drift_monitoring.py:75} INFO - 📥 Téléchargement predictions/date=2025-07-22/hour=09/prediction.parquet et targets/date=2025-07-22/hour=09/target.parquet
[2025-07-28T16:26:00.174+0000] {drift_monitoring.py:114} WARNING - ⚠️ Fichier manquant : predictions/date=2025-07-22/hour=09/prediction.parquet ou targets/date=2025-07-22/hour=09/target.parquet → ignoré
[2025-07-28T16:26:00.175+0000] {drift_monitoring.py:75} INFO - 📥 Téléchargement predictions/date=2025-07-22/hour=10/prediction.parquet et targets/date=2025-07-22/hour=10/target.parquet
[2025-07-28T16:26:00.186+0000] {drift_monitoring.py:114} WARNING - ⚠️ Fichier manquant : predictions/date=2025-07-22/hour=10/prediction.parquet ou targets/date=2025-07-22/hour=10/target.parquet → ignoré
[2025-07-28T16:26:00.187+0000] {drift_monitoring.py:75} INFO - 📥 Téléchargement predictions/date=2025-07-22/hour=11/prediction.parquet et targets/date=2025-07-22/hour=11/target.parquet
[2025-07-28T16:26:00.199+0000] {drift_monitoring.py:114} WARNING - ⚠️ Fichier manquant : predictions/date=2025-07-22/hour=11/prediction.parquet ou targets/date=2025-07-22/hour=11/target.parquet → ignoré
[2025-07-28T16:26:00.199+0000] {drift_monitoring.py:75} INFO - 📥 Téléchargement predictions/date=2025-07-22/hour=12/prediction.parquet et targets/date=2025-07-22/hour=12/target.parquet
[2025-07-28T16:26:00.211+0000] {drift_monitoring.py:114} WARNING - ⚠️ Fichier manquant : predictions/date=2025-07-22/hour=12/prediction.parquet ou targets/date=2025-07-22/hour=12/target.parquet → ignoré
[2025-07-28T16:26:00.212+0000] {drift_monitoring.py:75} INFO - 📥 Téléchargement predictions/date=2025-07-22/hour=13/prediction.parquet et targets/date=2025-07-22/hour=13/target.parquet
[2025-07-28T16:26:00.225+0000] {drift_monitoring.py:114} WARNING - ⚠️ Fichier manquant : predictions/date=2025-07-22/hour=13/prediction.parquet ou targets/date=2025-07-22/hour=13/target.parquet → ignoré
[2025-07-28T16:26:00.226+0000] {drift_monitoring.py:75} INFO - 📥 Téléchargement predictions/date=2025-07-22/hour=14/prediction.parquet et targets/date=2025-07-22/hour=14/target.parquet
[2025-07-28T16:26:00.236+0000] {drift_monitoring.py:114} WARNING - ⚠️ Fichier manquant : predictions/date=2025-07-22/hour=14/prediction.parquet ou targets/date=2025-07-22/hour=14/target.parquet → ignoré
[2025-07-28T16:26:00.237+0000] {drift_monitoring.py:75} INFO - 📥 Téléchargement predictions/date=2025-07-22/hour=15/prediction.parquet et targets/date=2025-07-22/hour=15/target.parquet
[2025-07-28T16:26:00.248+0000] {drift_monitoring.py:114} WARNING - ⚠️ Fichier manquant : predictions/date=2025-07-22/hour=15/prediction.parquet ou targets/date=2025-07-22/hour=15/target.parquet → ignoré
[2025-07-28T16:26:00.249+0000] {drift_monitoring.py:75} INFO - 📥 Téléchargement predictions/date=2025-07-22/hour=16/prediction.parquet et targets/date=2025-07-22/hour=16/target.parquet
[2025-07-28T16:26:00.261+0000] {drift_monitoring.py:114} WARNING - ⚠️ Fichier manquant : predictions/date=2025-07-22/hour=16/prediction.parquet ou targets/date=2025-07-22/hour=16/target.parquet → ignoré
[2025-07-28T16:26:00.262+0000] {drift_monitoring.py:75} INFO - 📥 Téléchargement predictions/date=2025-07-22/hour=17/prediction.parquet et targets/date=2025-07-22/hour=17/target.parquet
[2025-07-28T16:26:00.273+0000] {drift_monitoring.py:114} WARNING - ⚠️ Fichier manquant : predictions/date=2025-07-22/hour=17/prediction.parquet ou targets/date=2025-07-22/hour=17/target.parquet → ignoré
[2025-07-28T16:26:00.274+0000] {drift_monitoring.py:75} INFO - 📥 Téléchargement predictions/date=2025-07-22/hour=18/prediction.parquet et targets/date=2025-07-22/hour=18/target.parquet
[2025-07-28T16:26:00.284+0000] {drift_monitoring.py:114} WARNING - ⚠️ Fichier manquant : predictions/date=2025-07-22/hour=18/prediction.parquet ou targets/date=2025-07-22/hour=18/target.parquet → ignoré
[2025-07-28T16:26:00.285+0000] {drift_monitoring.py:75} INFO - 📥 Téléchargement predictions/date=2025-07-22/hour=19/prediction.parquet et targets/date=2025-07-22/hour=19/target.parquet
[2025-07-28T16:26:00.296+0000] {drift_monitoring.py:114} WARNING - ⚠️ Fichier manquant : predictions/date=2025-07-22/hour=19/prediction.parquet ou targets/date=2025-07-22/hour=19/target.parquet → ignoré
[2025-07-28T16:26:00.297+0000] {drift_monitoring.py:75} INFO - 📥 Téléchargement predictions/date=2025-07-22/hour=20/prediction.parquet et targets/date=2025-07-22/hour=20/target.parquet
[2025-07-28T16:26:00.307+0000] {drift_monitoring.py:114} WARNING - ⚠️ Fichier manquant : predictions/date=2025-07-22/hour=20/prediction.parquet ou targets/date=2025-07-22/hour=20/target.parquet → ignoré
[2025-07-28T16:26:00.308+0000] {drift_monitoring.py:75} INFO - 📥 Téléchargement predictions/date=2025-07-22/hour=21/prediction.parquet et targets/date=2025-07-22/hour=21/target.parquet
[2025-07-28T16:26:00.324+0000] {drift_monitoring.py:114} WARNING - ⚠️ Fichier manquant : predictions/date=2025-07-22/hour=21/prediction.parquet ou targets/date=2025-07-22/hour=21/target.parquet → ignoré
[2025-07-28T16:26:00.325+0000] {drift_monitoring.py:75} INFO - 📥 Téléchargement predictions/date=2025-07-22/hour=22/prediction.parquet et targets/date=2025-07-22/hour=22/target.parquet
[2025-07-28T16:26:00.336+0000] {drift_monitoring.py:114} WARNING - ⚠️ Fichier manquant : predictions/date=2025-07-22/hour=22/prediction.parquet ou targets/date=2025-07-22/hour=22/target.parquet → ignoré
[2025-07-28T16:26:00.337+0000] {drift_monitoring.py:75} INFO - 📥 Téléchargement predictions/date=2025-07-22/hour=23/prediction.parquet et targets/date=2025-07-22/hour=23/target.parquet
[2025-07-28T16:26:00.349+0000] {drift_monitoring.py:114} WARNING - ⚠️ Fichier manquant : predictions/date=2025-07-22/hour=23/prediction.parquet ou targets/date=2025-07-22/hour=23/target.parquet → ignoré
[2025-07-28T16:26:00.349+0000] {drift_monitoring.py:75} INFO - 📥 Téléchargement predictions/date=2025-07-23/hour=00/prediction.parquet et targets/date=2025-07-23/hour=00/target.parquet
[2025-07-28T16:26:00.362+0000] {drift_monitoring.py:114} WARNING - ⚠️ Fichier manquant : predictions/date=2025-07-23/hour=00/prediction.parquet ou targets/date=2025-07-23/hour=00/target.parquet → ignoré
[2025-07-28T16:26:00.363+0000] {drift_monitoring.py:75} INFO - 📥 Téléchargement predictions/date=2025-07-23/hour=01/prediction.parquet et targets/date=2025-07-23/hour=01/target.parquet
[2025-07-28T16:26:00.377+0000] {drift_monitoring.py:114} WARNING - ⚠️ Fichier manquant : predictions/date=2025-07-23/hour=01/prediction.parquet ou targets/date=2025-07-23/hour=01/target.parquet → ignoré
[2025-07-28T16:26:00.378+0000] {drift_monitoring.py:75} INFO - 📥 Téléchargement predictions/date=2025-07-23/hour=02/prediction.parquet et targets/date=2025-07-23/hour=02/target.parquet
[2025-07-28T16:26:00.392+0000] {drift_monitoring.py:114} WARNING - ⚠️ Fichier manquant : predictions/date=2025-07-23/hour=02/prediction.parquet ou targets/date=2025-07-23/hour=02/target.parquet → ignoré
[2025-07-28T16:26:00.393+0000] {drift_monitoring.py:75} INFO - 📥 Téléchargement predictions/date=2025-07-23/hour=03/prediction.parquet et targets/date=2025-07-23/hour=03/target.parquet
[2025-07-28T16:26:00.406+0000] {drift_monitoring.py:114} WARNING - ⚠️ Fichier manquant : predictions/date=2025-07-23/hour=03/prediction.parquet ou targets/date=2025-07-23/hour=03/target.parquet → ignoré
[2025-07-28T16:26:00.407+0000] {drift_monitoring.py:75} INFO - 📥 Téléchargement predictions/date=2025-07-23/hour=04/prediction.parquet et targets/date=2025-07-23/hour=04/target.parquet
[2025-07-28T16:26:00.419+0000] {drift_monitoring.py:114} WARNING - ⚠️ Fichier manquant : predictions/date=2025-07-23/hour=04/prediction.parquet ou targets/date=2025-07-23/hour=04/target.parquet → ignoré
[2025-07-28T16:26:00.420+0000] {drift_monitoring.py:75} INFO - 📥 Téléchargement predictions/date=2025-07-23/hour=05/prediction.parquet et targets/date=2025-07-23/hour=05/target.parquet
[2025-07-28T16:26:00.436+0000] {drift_monitoring.py:114} WARNING - ⚠️ Fichier manquant : predictions/date=2025-07-23/hour=05/prediction.parquet ou targets/date=2025-07-23/hour=05/target.parquet → ignoré
[2025-07-28T16:26:00.438+0000] {drift_monitoring.py:75} INFO - 📥 Téléchargement predictions/date=2025-07-23/hour=06/prediction.parquet et targets/date=2025-07-23/hour=06/target.parquet
[2025-07-28T16:26:00.450+0000] {drift_monitoring.py:114} WARNING - ⚠️ Fichier manquant : predictions/date=2025-07-23/hour=06/prediction.parquet ou targets/date=2025-07-23/hour=06/target.parquet → ignoré
[2025-07-28T16:26:00.451+0000] {drift_monitoring.py:75} INFO - 📥 Téléchargement predictions/date=2025-07-23/hour=07/prediction.parquet et targets/date=2025-07-23/hour=07/target.parquet
[2025-07-28T16:26:00.469+0000] {drift_monitoring.py:114} WARNING - ⚠️ Fichier manquant : predictions/date=2025-07-23/hour=07/prediction.parquet ou targets/date=2025-07-23/hour=07/target.parquet → ignoré
[2025-07-28T16:26:00.470+0000] {drift_monitoring.py:75} INFO - 📥 Téléchargement predictions/date=2025-07-23/hour=08/prediction.parquet et targets/date=2025-07-23/hour=08/target.parquet
[2025-07-28T16:26:00.481+0000] {drift_monitoring.py:114} WARNING - ⚠️ Fichier manquant : predictions/date=2025-07-23/hour=08/prediction.parquet ou targets/date=2025-07-23/hour=08/target.parquet → ignoré
[2025-07-28T16:26:00.482+0000] {drift_monitoring.py:75} INFO - 📥 Téléchargement predictions/date=2025-07-23/hour=09/prediction.parquet et targets/date=2025-07-23/hour=09/target.parquet
[2025-07-28T16:26:00.492+0000] {drift_monitoring.py:114} WARNING - ⚠️ Fichier manquant : predictions/date=2025-07-23/hour=09/prediction.parquet ou targets/date=2025-07-23/hour=09/target.parquet → ignoré
[2025-07-28T16:26:00.493+0000] {drift_monitoring.py:75} INFO - 📥 Téléchargement predictions/date=2025-07-23/hour=10/prediction.parquet et targets/date=2025-07-23/hour=10/target.parquet
[2025-07-28T16:26:00.502+0000] {drift_monitoring.py:114} WARNING - ⚠️ Fichier manquant : predictions/date=2025-07-23/hour=10/prediction.parquet ou targets/date=2025-07-23/hour=10/target.parquet → ignoré
[2025-07-28T16:26:00.503+0000] {drift_monitoring.py:75} INFO - 📥 Téléchargement predictions/date=2025-07-23/hour=11/prediction.parquet et targets/date=2025-07-23/hour=11/target.parquet
[2025-07-28T16:26:00.514+0000] {drift_monitoring.py:114} WARNING - ⚠️ Fichier manquant : predictions/date=2025-07-23/hour=11/prediction.parquet ou targets/date=2025-07-23/hour=11/target.parquet → ignoré
[2025-07-28T16:26:00.515+0000] {drift_monitoring.py:75} INFO - 📥 Téléchargement predictions/date=2025-07-23/hour=12/prediction.parquet et targets/date=2025-07-23/hour=12/target.parquet
[2025-07-28T16:26:00.525+0000] {drift_monitoring.py:114} WARNING - ⚠️ Fichier manquant : predictions/date=2025-07-23/hour=12/prediction.parquet ou targets/date=2025-07-23/hour=12/target.parquet → ignoré
[2025-07-28T16:26:00.526+0000] {drift_monitoring.py:75} INFO - 📥 Téléchargement predictions/date=2025-07-23/hour=13/prediction.parquet et targets/date=2025-07-23/hour=13/target.parquet
[2025-07-28T16:26:00.535+0000] {drift_monitoring.py:114} WARNING - ⚠️ Fichier manquant : predictions/date=2025-07-23/hour=13/prediction.parquet ou targets/date=2025-07-23/hour=13/target.parquet → ignoré
[2025-07-28T16:26:00.536+0000] {drift_monitoring.py:75} INFO - 📥 Téléchargement predictions/date=2025-07-23/hour=14/prediction.parquet et targets/date=2025-07-23/hour=14/target.parquet
[2025-07-28T16:26:00.547+0000] {drift_monitoring.py:114} WARNING - ⚠️ Fichier manquant : predictions/date=2025-07-23/hour=14/prediction.parquet ou targets/date=2025-07-23/hour=14/target.parquet → ignoré
[2025-07-28T16:26:00.548+0000] {drift_monitoring.py:75} INFO - 📥 Téléchargement predictions/date=2025-07-23/hour=15/prediction.parquet et targets/date=2025-07-23/hour=15/target.parquet
[2025-07-28T16:26:00.558+0000] {drift_monitoring.py:114} WARNING - ⚠️ Fichier manquant : predictions/date=2025-07-23/hour=15/prediction.parquet ou targets/date=2025-07-23/hour=15/target.parquet → ignoré
[2025-07-28T16:26:00.559+0000] {drift_monitoring.py:75} INFO - 📥 Téléchargement predictions/date=2025-07-23/hour=16/prediction.parquet et targets/date=2025-07-23/hour=16/target.parquet
[2025-07-28T16:26:00.569+0000] {drift_monitoring.py:114} WARNING - ⚠️ Fichier manquant : predictions/date=2025-07-23/hour=16/prediction.parquet ou targets/date=2025-07-23/hour=16/target.parquet → ignoré
[2025-07-28T16:26:00.569+0000] {drift_monitoring.py:75} INFO - 📥 Téléchargement predictions/date=2025-07-23/hour=17/prediction.parquet et targets/date=2025-07-23/hour=17/target.parquet
[2025-07-28T16:26:00.581+0000] {drift_monitoring.py:114} WARNING - ⚠️ Fichier manquant : predictions/date=2025-07-23/hour=17/prediction.parquet ou targets/date=2025-07-23/hour=17/target.parquet → ignoré
[2025-07-28T16:26:00.582+0000] {drift_monitoring.py:75} INFO - 📥 Téléchargement predictions/date=2025-07-23/hour=18/prediction.parquet et targets/date=2025-07-23/hour=18/target.parquet
[2025-07-28T16:26:00.593+0000] {drift_monitoring.py:114} WARNING - ⚠️ Fichier manquant : predictions/date=2025-07-23/hour=18/prediction.parquet ou targets/date=2025-07-23/hour=18/target.parquet → ignoré
[2025-07-28T16:26:00.594+0000] {drift_monitoring.py:75} INFO - 📥 Téléchargement predictions/date=2025-07-23/hour=19/prediction.parquet et targets/date=2025-07-23/hour=19/target.parquet
[2025-07-28T16:26:00.605+0000] {drift_monitoring.py:114} WARNING - ⚠️ Fichier manquant : predictions/date=2025-07-23/hour=19/prediction.parquet ou targets/date=2025-07-23/hour=19/target.parquet → ignoré
[2025-07-28T16:26:00.606+0000] {drift_monitoring.py:75} INFO - 📥 Téléchargement predictions/date=2025-07-23/hour=20/prediction.parquet et targets/date=2025-07-23/hour=20/target.parquet
[2025-07-28T16:26:00.617+0000] {drift_monitoring.py:114} WARNING - ⚠️ Fichier manquant : predictions/date=2025-07-23/hour=20/prediction.parquet ou targets/date=2025-07-23/hour=20/target.parquet → ignoré
[2025-07-28T16:26:00.618+0000] {drift_monitoring.py:75} INFO - 📥 Téléchargement predictions/date=2025-07-23/hour=21/prediction.parquet et targets/date=2025-07-23/hour=21/target.parquet
[2025-07-28T16:26:00.629+0000] {drift_monitoring.py:114} WARNING - ⚠️ Fichier manquant : predictions/date=2025-07-23/hour=21/prediction.parquet ou targets/date=2025-07-23/hour=21/target.parquet → ignoré
[2025-07-28T16:26:00.630+0000] {drift_monitoring.py:75} INFO - 📥 Téléchargement predictions/date=2025-07-23/hour=22/prediction.parquet et targets/date=2025-07-23/hour=22/target.parquet
[2025-07-28T16:26:00.642+0000] {drift_monitoring.py:114} WARNING - ⚠️ Fichier manquant : predictions/date=2025-07-23/hour=22/prediction.parquet ou targets/date=2025-07-23/hour=22/target.parquet → ignoré
[2025-07-28T16:26:00.643+0000] {drift_monitoring.py:75} INFO - 📥 Téléchargement predictions/date=2025-07-23/hour=23/prediction.parquet et targets/date=2025-07-23/hour=23/target.parquet
[2025-07-28T16:26:00.654+0000] {drift_monitoring.py:114} WARNING - ⚠️ Fichier manquant : predictions/date=2025-07-23/hour=23/prediction.parquet ou targets/date=2025-07-23/hour=23/target.parquet → ignoré
[2025-07-28T16:26:00.655+0000] {drift_monitoring.py:75} INFO - 📥 Téléchargement predictions/date=2025-07-24/hour=00/prediction.parquet et targets/date=2025-07-24/hour=00/target.parquet
[2025-07-28T16:26:00.666+0000] {drift_monitoring.py:114} WARNING - ⚠️ Fichier manquant : predictions/date=2025-07-24/hour=00/prediction.parquet ou targets/date=2025-07-24/hour=00/target.parquet → ignoré
[2025-07-28T16:26:00.667+0000] {drift_monitoring.py:75} INFO - 📥 Téléchargement predictions/date=2025-07-24/hour=01/prediction.parquet et targets/date=2025-07-24/hour=01/target.parquet
[2025-07-28T16:26:00.678+0000] {drift_monitoring.py:114} WARNING - ⚠️ Fichier manquant : predictions/date=2025-07-24/hour=01/prediction.parquet ou targets/date=2025-07-24/hour=01/target.parquet → ignoré
[2025-07-28T16:26:00.679+0000] {drift_monitoring.py:75} INFO - 📥 Téléchargement predictions/date=2025-07-24/hour=02/prediction.parquet et targets/date=2025-07-24/hour=02/target.parquet
[2025-07-28T16:26:00.689+0000] {drift_monitoring.py:114} WARNING - ⚠️ Fichier manquant : predictions/date=2025-07-24/hour=02/prediction.parquet ou targets/date=2025-07-24/hour=02/target.parquet → ignoré
[2025-07-28T16:26:00.690+0000] {drift_monitoring.py:75} INFO - 📥 Téléchargement predictions/date=2025-07-24/hour=03/prediction.parquet et targets/date=2025-07-24/hour=03/target.parquet
[2025-07-28T16:26:00.702+0000] {drift_monitoring.py:114} WARNING - ⚠️ Fichier manquant : predictions/date=2025-07-24/hour=03/prediction.parquet ou targets/date=2025-07-24/hour=03/target.parquet → ignoré
[2025-07-28T16:26:00.703+0000] {drift_monitoring.py:75} INFO - 📥 Téléchargement predictions/date=2025-07-24/hour=04/prediction.parquet et targets/date=2025-07-24/hour=04/target.parquet
[2025-07-28T16:26:00.714+0000] {drift_monitoring.py:114} WARNING - ⚠️ Fichier manquant : predictions/date=2025-07-24/hour=04/prediction.parquet ou targets/date=2025-07-24/hour=04/target.parquet → ignoré
[2025-07-28T16:26:00.715+0000] {drift_monitoring.py:75} INFO - 📥 Téléchargement predictions/date=2025-07-24/hour=05/prediction.parquet et targets/date=2025-07-24/hour=05/target.parquet
[2025-07-28T16:26:00.726+0000] {drift_monitoring.py:114} WARNING - ⚠️ Fichier manquant : predictions/date=2025-07-24/hour=05/prediction.parquet ou targets/date=2025-07-24/hour=05/target.parquet → ignoré
[2025-07-28T16:26:00.727+0000] {drift_monitoring.py:75} INFO - 📥 Téléchargement predictions/date=2025-07-24/hour=06/prediction.parquet et targets/date=2025-07-24/hour=06/target.parquet
[2025-07-28T16:26:00.737+0000] {drift_monitoring.py:114} WARNING - ⚠️ Fichier manquant : predictions/date=2025-07-24/hour=06/prediction.parquet ou targets/date=2025-07-24/hour=06/target.parquet → ignoré
[2025-07-28T16:26:00.738+0000] {drift_monitoring.py:75} INFO - 📥 Téléchargement predictions/date=2025-07-24/hour=07/prediction.parquet et targets/date=2025-07-24/hour=07/target.parquet
[2025-07-28T16:26:00.748+0000] {drift_monitoring.py:114} WARNING - ⚠️ Fichier manquant : predictions/date=2025-07-24/hour=07/prediction.parquet ou targets/date=2025-07-24/hour=07/target.parquet → ignoré
[2025-07-28T16:26:00.749+0000] {drift_monitoring.py:75} INFO - 📥 Téléchargement predictions/date=2025-07-24/hour=08/prediction.parquet et targets/date=2025-07-24/hour=08/target.parquet
[2025-07-28T16:26:00.761+0000] {drift_monitoring.py:114} WARNING - ⚠️ Fichier manquant : predictions/date=2025-07-24/hour=08/prediction.parquet ou targets/date=2025-07-24/hour=08/target.parquet → ignoré
[2025-07-28T16:26:00.762+0000] {drift_monitoring.py:75} INFO - 📥 Téléchargement predictions/date=2025-07-24/hour=09/prediction.parquet et targets/date=2025-07-24/hour=09/target.parquet
[2025-07-28T16:26:00.772+0000] {drift_monitoring.py:114} WARNING - ⚠️ Fichier manquant : predictions/date=2025-07-24/hour=09/prediction.parquet ou targets/date=2025-07-24/hour=09/target.parquet → ignoré
[2025-07-28T16:26:00.773+0000] {drift_monitoring.py:75} INFO - 📥 Téléchargement predictions/date=2025-07-24/hour=10/prediction.parquet et targets/date=2025-07-24/hour=10/target.parquet
[2025-07-28T16:26:00.784+0000] {drift_monitoring.py:114} WARNING - ⚠️ Fichier manquant : predictions/date=2025-07-24/hour=10/prediction.parquet ou targets/date=2025-07-24/hour=10/target.parquet → ignoré
[2025-07-28T16:26:00.785+0000] {drift_monitoring.py:75} INFO - 📥 Téléchargement predictions/date=2025-07-24/hour=11/prediction.parquet et targets/date=2025-07-24/hour=11/target.parquet
[2025-07-28T16:26:00.796+0000] {drift_monitoring.py:114} WARNING - ⚠️ Fichier manquant : predictions/date=2025-07-24/hour=11/prediction.parquet ou targets/date=2025-07-24/hour=11/target.parquet → ignoré
[2025-07-28T16:26:00.797+0000] {drift_monitoring.py:75} INFO - 📥 Téléchargement predictions/date=2025-07-24/hour=12/prediction.parquet et targets/date=2025-07-24/hour=12/target.parquet
[2025-07-28T16:26:00.818+0000] {drift_monitoring.py:114} WARNING - ⚠️ Fichier manquant : predictions/date=2025-07-24/hour=12/prediction.parquet ou targets/date=2025-07-24/hour=12/target.parquet → ignoré
[2025-07-28T16:26:00.819+0000] {drift_monitoring.py:75} INFO - 📥 Téléchargement predictions/date=2025-07-24/hour=13/prediction.parquet et targets/date=2025-07-24/hour=13/target.parquet
[2025-07-28T16:26:00.830+0000] {drift_monitoring.py:114} WARNING - ⚠️ Fichier manquant : predictions/date=2025-07-24/hour=13/prediction.parquet ou targets/date=2025-07-24/hour=13/target.parquet → ignoré
[2025-07-28T16:26:00.831+0000] {drift_monitoring.py:75} INFO - 📥 Téléchargement predictions/date=2025-07-24/hour=14/prediction.parquet et targets/date=2025-07-24/hour=14/target.parquet
[2025-07-28T16:26:00.842+0000] {drift_monitoring.py:114} WARNING - ⚠️ Fichier manquant : predictions/date=2025-07-24/hour=14/prediction.parquet ou targets/date=2025-07-24/hour=14/target.parquet → ignoré
[2025-07-28T16:26:00.843+0000] {drift_monitoring.py:75} INFO - 📥 Téléchargement predictions/date=2025-07-24/hour=15/prediction.parquet et targets/date=2025-07-24/hour=15/target.parquet
[2025-07-28T16:26:00.853+0000] {drift_monitoring.py:114} WARNING - ⚠️ Fichier manquant : predictions/date=2025-07-24/hour=15/prediction.parquet ou targets/date=2025-07-24/hour=15/target.parquet → ignoré
[2025-07-28T16:26:00.854+0000] {drift_monitoring.py:75} INFO - 📥 Téléchargement predictions/date=2025-07-24/hour=16/prediction.parquet et targets/date=2025-07-24/hour=16/target.parquet
[2025-07-28T16:26:00.864+0000] {drift_monitoring.py:114} WARNING - ⚠️ Fichier manquant : predictions/date=2025-07-24/hour=16/prediction.parquet ou targets/date=2025-07-24/hour=16/target.parquet → ignoré
[2025-07-28T16:26:00.865+0000] {drift_monitoring.py:75} INFO - 📥 Téléchargement predictions/date=2025-07-24/hour=17/prediction.parquet et targets/date=2025-07-24/hour=17/target.parquet
[2025-07-28T16:26:00.891+0000] {drift_monitoring.py:114} WARNING - ⚠️ Fichier manquant : predictions/date=2025-07-24/hour=17/prediction.parquet ou targets/date=2025-07-24/hour=17/target.parquet → ignoré
[2025-07-28T16:26:00.892+0000] {drift_monitoring.py:75} INFO - 📥 Téléchargement predictions/date=2025-07-24/hour=18/prediction.parquet et targets/date=2025-07-24/hour=18/target.parquet
[2025-07-28T16:26:00.902+0000] {drift_monitoring.py:114} WARNING - ⚠️ Fichier manquant : predictions/date=2025-07-24/hour=18/prediction.parquet ou targets/date=2025-07-24/hour=18/target.parquet → ignoré
[2025-07-28T16:26:00.902+0000] {drift_monitoring.py:75} INFO - 📥 Téléchargement predictions/date=2025-07-24/hour=19/prediction.parquet et targets/date=2025-07-24/hour=19/target.parquet
[2025-07-28T16:26:00.913+0000] {drift_monitoring.py:114} WARNING - ⚠️ Fichier manquant : predictions/date=2025-07-24/hour=19/prediction.parquet ou targets/date=2025-07-24/hour=19/target.parquet → ignoré
[2025-07-28T16:26:00.914+0000] {drift_monitoring.py:75} INFO - 📥 Téléchargement predictions/date=2025-07-24/hour=20/prediction.parquet et targets/date=2025-07-24/hour=20/target.parquet
[2025-07-28T16:26:00.924+0000] {drift_monitoring.py:114} WARNING - ⚠️ Fichier manquant : predictions/date=2025-07-24/hour=20/prediction.parquet ou targets/date=2025-07-24/hour=20/target.parquet → ignoré
[2025-07-28T16:26:00.925+0000] {drift_monitoring.py:75} INFO - 📥 Téléchargement predictions/date=2025-07-24/hour=21/prediction.parquet et targets/date=2025-07-24/hour=21/target.parquet
[2025-07-28T16:26:00.937+0000] {drift_monitoring.py:114} WARNING - ⚠️ Fichier manquant : predictions/date=2025-07-24/hour=21/prediction.parquet ou targets/date=2025-07-24/hour=21/target.parquet → ignoré
[2025-07-28T16:26:00.938+0000] {drift_monitoring.py:75} INFO - 📥 Téléchargement predictions/date=2025-07-24/hour=22/prediction.parquet et targets/date=2025-07-24/hour=22/target.parquet
[2025-07-28T16:26:00.950+0000] {drift_monitoring.py:114} WARNING - ⚠️ Fichier manquant : predictions/date=2025-07-24/hour=22/prediction.parquet ou targets/date=2025-07-24/hour=22/target.parquet → ignoré
[2025-07-28T16:26:00.951+0000] {drift_monitoring.py:75} INFO - 📥 Téléchargement predictions/date=2025-07-24/hour=23/prediction.parquet et targets/date=2025-07-24/hour=23/target.parquet
[2025-07-28T16:26:00.962+0000] {drift_monitoring.py:114} WARNING - ⚠️ Fichier manquant : predictions/date=2025-07-24/hour=23/prediction.parquet ou targets/date=2025-07-24/hour=23/target.parquet → ignoré
[2025-07-28T16:26:00.962+0000] {drift_monitoring.py:75} INFO - 📥 Téléchargement predictions/date=2025-07-25/hour=00/prediction.parquet et targets/date=2025-07-25/hour=00/target.parquet
[2025-07-28T16:26:00.973+0000] {drift_monitoring.py:114} WARNING - ⚠️ Fichier manquant : predictions/date=2025-07-25/hour=00/prediction.parquet ou targets/date=2025-07-25/hour=00/target.parquet → ignoré
[2025-07-28T16:26:00.974+0000] {drift_monitoring.py:75} INFO - 📥 Téléchargement predictions/date=2025-07-25/hour=01/prediction.parquet et targets/date=2025-07-25/hour=01/target.parquet
[2025-07-28T16:26:00.984+0000] {drift_monitoring.py:114} WARNING - ⚠️ Fichier manquant : predictions/date=2025-07-25/hour=01/prediction.parquet ou targets/date=2025-07-25/hour=01/target.parquet → ignoré
[2025-07-28T16:26:00.985+0000] {drift_monitoring.py:75} INFO - 📥 Téléchargement predictions/date=2025-07-25/hour=02/prediction.parquet et targets/date=2025-07-25/hour=02/target.parquet
[2025-07-28T16:26:01.012+0000] {drift_monitoring.py:114} WARNING - ⚠️ Fichier manquant : predictions/date=2025-07-25/hour=02/prediction.parquet ou targets/date=2025-07-25/hour=02/target.parquet → ignoré
[2025-07-28T16:26:01.013+0000] {drift_monitoring.py:75} INFO - 📥 Téléchargement predictions/date=2025-07-25/hour=03/prediction.parquet et targets/date=2025-07-25/hour=03/target.parquet
[2025-07-28T16:26:01.024+0000] {drift_monitoring.py:114} WARNING - ⚠️ Fichier manquant : predictions/date=2025-07-25/hour=03/prediction.parquet ou targets/date=2025-07-25/hour=03/target.parquet → ignoré
[2025-07-28T16:26:01.025+0000] {drift_monitoring.py:75} INFO - 📥 Téléchargement predictions/date=2025-07-25/hour=04/prediction.parquet et targets/date=2025-07-25/hour=04/target.parquet
[2025-07-28T16:26:01.036+0000] {drift_monitoring.py:114} WARNING - ⚠️ Fichier manquant : predictions/date=2025-07-25/hour=04/prediction.parquet ou targets/date=2025-07-25/hour=04/target.parquet → ignoré
[2025-07-28T16:26:01.037+0000] {drift_monitoring.py:75} INFO - 📥 Téléchargement predictions/date=2025-07-25/hour=05/prediction.parquet et targets/date=2025-07-25/hour=05/target.parquet
[2025-07-28T16:26:01.049+0000] {drift_monitoring.py:114} WARNING - ⚠️ Fichier manquant : predictions/date=2025-07-25/hour=05/prediction.parquet ou targets/date=2025-07-25/hour=05/target.parquet → ignoré
[2025-07-28T16:26:01.050+0000] {drift_monitoring.py:75} INFO - 📥 Téléchargement predictions/date=2025-07-25/hour=06/prediction.parquet et targets/date=2025-07-25/hour=06/target.parquet
[2025-07-28T16:26:01.060+0000] {drift_monitoring.py:114} WARNING - ⚠️ Fichier manquant : predictions/date=2025-07-25/hour=06/prediction.parquet ou targets/date=2025-07-25/hour=06/target.parquet → ignoré
[2025-07-28T16:26:01.061+0000] {drift_monitoring.py:75} INFO - 📥 Téléchargement predictions/date=2025-07-25/hour=07/prediction.parquet et targets/date=2025-07-25/hour=07/target.parquet
[2025-07-28T16:26:01.073+0000] {drift_monitoring.py:114} WARNING - ⚠️ Fichier manquant : predictions/date=2025-07-25/hour=07/prediction.parquet ou targets/date=2025-07-25/hour=07/target.parquet → ignoré
[2025-07-28T16:26:01.074+0000] {drift_monitoring.py:75} INFO - 📥 Téléchargement predictions/date=2025-07-25/hour=08/prediction.parquet et targets/date=2025-07-25/hour=08/target.parquet
[2025-07-28T16:26:01.085+0000] {drift_monitoring.py:114} WARNING - ⚠️ Fichier manquant : predictions/date=2025-07-25/hour=08/prediction.parquet ou targets/date=2025-07-25/hour=08/target.parquet → ignoré
[2025-07-28T16:26:01.086+0000] {drift_monitoring.py:75} INFO - 📥 Téléchargement predictions/date=2025-07-25/hour=09/prediction.parquet et targets/date=2025-07-25/hour=09/target.parquet
[2025-07-28T16:26:01.096+0000] {drift_monitoring.py:114} WARNING - ⚠️ Fichier manquant : predictions/date=2025-07-25/hour=09/prediction.parquet ou targets/date=2025-07-25/hour=09/target.parquet → ignoré
[2025-07-28T16:26:01.097+0000] {drift_monitoring.py:75} INFO - 📥 Téléchargement predictions/date=2025-07-25/hour=10/prediction.parquet et targets/date=2025-07-25/hour=10/target.parquet
[2025-07-28T16:26:01.107+0000] {drift_monitoring.py:114} WARNING - ⚠️ Fichier manquant : predictions/date=2025-07-25/hour=10/prediction.parquet ou targets/date=2025-07-25/hour=10/target.parquet → ignoré
[2025-07-28T16:26:01.108+0000] {drift_monitoring.py:75} INFO - 📥 Téléchargement predictions/date=2025-07-25/hour=11/prediction.parquet et targets/date=2025-07-25/hour=11/target.parquet
[2025-07-28T16:26:01.120+0000] {drift_monitoring.py:114} WARNING - ⚠️ Fichier manquant : predictions/date=2025-07-25/hour=11/prediction.parquet ou targets/date=2025-07-25/hour=11/target.parquet → ignoré
[2025-07-28T16:26:01.121+0000] {drift_monitoring.py:75} INFO - 📥 Téléchargement predictions/date=2025-07-25/hour=12/prediction.parquet et targets/date=2025-07-25/hour=12/target.parquet
[2025-07-28T16:26:01.132+0000] {drift_monitoring.py:114} WARNING - ⚠️ Fichier manquant : predictions/date=2025-07-25/hour=12/prediction.parquet ou targets/date=2025-07-25/hour=12/target.parquet → ignoré
[2025-07-28T16:26:01.133+0000] {drift_monitoring.py:75} INFO - 📥 Téléchargement predictions/date=2025-07-25/hour=13/prediction.parquet et targets/date=2025-07-25/hour=13/target.parquet
[2025-07-28T16:26:01.145+0000] {drift_monitoring.py:114} WARNING - ⚠️ Fichier manquant : predictions/date=2025-07-25/hour=13/prediction.parquet ou targets/date=2025-07-25/hour=13/target.parquet → ignoré
[2025-07-28T16:26:01.146+0000] {drift_monitoring.py:75} INFO - 📥 Téléchargement predictions/date=2025-07-25/hour=14/prediction.parquet et targets/date=2025-07-25/hour=14/target.parquet
[2025-07-28T16:26:01.157+0000] {drift_monitoring.py:114} WARNING - ⚠️ Fichier manquant : predictions/date=2025-07-25/hour=14/prediction.parquet ou targets/date=2025-07-25/hour=14/target.parquet → ignoré
[2025-07-28T16:26:01.158+0000] {drift_monitoring.py:75} INFO - 📥 Téléchargement predictions/date=2025-07-25/hour=15/prediction.parquet et targets/date=2025-07-25/hour=15/target.parquet
[2025-07-28T16:26:01.181+0000] {drift_monitoring.py:114} WARNING - ⚠️ Fichier manquant : predictions/date=2025-07-25/hour=15/prediction.parquet ou targets/date=2025-07-25/hour=15/target.parquet → ignoré
[2025-07-28T16:26:01.182+0000] {drift_monitoring.py:75} INFO - 📥 Téléchargement predictions/date=2025-07-25/hour=16/prediction.parquet et targets/date=2025-07-25/hour=16/target.parquet
[2025-07-28T16:26:01.193+0000] {drift_monitoring.py:114} WARNING - ⚠️ Fichier manquant : predictions/date=2025-07-25/hour=16/prediction.parquet ou targets/date=2025-07-25/hour=16/target.parquet → ignoré
[2025-07-28T16:26:01.194+0000] {drift_monitoring.py:75} INFO - 📥 Téléchargement predictions/date=2025-07-25/hour=17/prediction.parquet et targets/date=2025-07-25/hour=17/target.parquet
[2025-07-28T16:26:01.203+0000] {drift_monitoring.py:114} WARNING - ⚠️ Fichier manquant : predictions/date=2025-07-25/hour=17/prediction.parquet ou targets/date=2025-07-25/hour=17/target.parquet → ignoré
[2025-07-28T16:26:01.204+0000] {drift_monitoring.py:75} INFO - 📥 Téléchargement predictions/date=2025-07-25/hour=18/prediction.parquet et targets/date=2025-07-25/hour=18/target.parquet
[2025-07-28T16:26:01.215+0000] {drift_monitoring.py:114} WARNING - ⚠️ Fichier manquant : predictions/date=2025-07-25/hour=18/prediction.parquet ou targets/date=2025-07-25/hour=18/target.parquet → ignoré
[2025-07-28T16:26:01.216+0000] {drift_monitoring.py:75} INFO - 📥 Téléchargement predictions/date=2025-07-25/hour=19/prediction.parquet et targets/date=2025-07-25/hour=19/target.parquet
[2025-07-28T16:26:01.226+0000] {drift_monitoring.py:114} WARNING - ⚠️ Fichier manquant : predictions/date=2025-07-25/hour=19/prediction.parquet ou targets/date=2025-07-25/hour=19/target.parquet → ignoré
[2025-07-28T16:26:01.227+0000] {drift_monitoring.py:75} INFO - 📥 Téléchargement predictions/date=2025-07-25/hour=20/prediction.parquet et targets/date=2025-07-25/hour=20/target.parquet
[2025-07-28T16:26:01.251+0000] {drift_monitoring.py:114} WARNING - ⚠️ Fichier manquant : predictions/date=2025-07-25/hour=20/prediction.parquet ou targets/date=2025-07-25/hour=20/target.parquet → ignoré
[2025-07-28T16:26:01.252+0000] {drift_monitoring.py:75} INFO - 📥 Téléchargement predictions/date=2025-07-25/hour=21/prediction.parquet et targets/date=2025-07-25/hour=21/target.parquet
[2025-07-28T16:26:01.263+0000] {drift_monitoring.py:114} WARNING - ⚠️ Fichier manquant : predictions/date=2025-07-25/hour=21/prediction.parquet ou targets/date=2025-07-25/hour=21/target.parquet → ignoré
[2025-07-28T16:26:01.264+0000] {drift_monitoring.py:75} INFO - 📥 Téléchargement predictions/date=2025-07-25/hour=22/prediction.parquet et targets/date=2025-07-25/hour=22/target.parquet
[2025-07-28T16:26:01.274+0000] {drift_monitoring.py:114} WARNING - ⚠️ Fichier manquant : predictions/date=2025-07-25/hour=22/prediction.parquet ou targets/date=2025-07-25/hour=22/target.parquet → ignoré
[2025-07-28T16:26:01.275+0000] {drift_monitoring.py:75} INFO - 📥 Téléchargement predictions/date=2025-07-25/hour=23/prediction.parquet et targets/date=2025-07-25/hour=23/target.parquet
[2025-07-28T16:26:01.286+0000] {drift_monitoring.py:114} WARNING - ⚠️ Fichier manquant : predictions/date=2025-07-25/hour=23/prediction.parquet ou targets/date=2025-07-25/hour=23/target.parquet → ignoré
[2025-07-28T16:26:01.287+0000] {drift_monitoring.py:75} INFO - 📥 Téléchargement predictions/date=2025-07-26/hour=00/prediction.parquet et targets/date=2025-07-26/hour=00/target.parquet
[2025-07-28T16:26:01.298+0000] {drift_monitoring.py:114} WARNING - ⚠️ Fichier manquant : predictions/date=2025-07-26/hour=00/prediction.parquet ou targets/date=2025-07-26/hour=00/target.parquet → ignoré
[2025-07-28T16:26:01.298+0000] {drift_monitoring.py:75} INFO - 📥 Téléchargement predictions/date=2025-07-26/hour=01/prediction.parquet et targets/date=2025-07-26/hour=01/target.parquet
[2025-07-28T16:26:01.321+0000] {drift_monitoring.py:114} WARNING - ⚠️ Fichier manquant : predictions/date=2025-07-26/hour=01/prediction.parquet ou targets/date=2025-07-26/hour=01/target.parquet → ignoré
[2025-07-28T16:26:01.322+0000] {drift_monitoring.py:75} INFO - 📥 Téléchargement predictions/date=2025-07-26/hour=02/prediction.parquet et targets/date=2025-07-26/hour=02/target.parquet
[2025-07-28T16:26:01.332+0000] {drift_monitoring.py:114} WARNING - ⚠️ Fichier manquant : predictions/date=2025-07-26/hour=02/prediction.parquet ou targets/date=2025-07-26/hour=02/target.parquet → ignoré
[2025-07-28T16:26:01.332+0000] {drift_monitoring.py:75} INFO - 📥 Téléchargement predictions/date=2025-07-26/hour=03/prediction.parquet et targets/date=2025-07-26/hour=03/target.parquet
[2025-07-28T16:26:01.342+0000] {drift_monitoring.py:114} WARNING - ⚠️ Fichier manquant : predictions/date=2025-07-26/hour=03/prediction.parquet ou targets/date=2025-07-26/hour=03/target.parquet → ignoré
[2025-07-28T16:26:01.343+0000] {drift_monitoring.py:75} INFO - 📥 Téléchargement predictions/date=2025-07-26/hour=04/prediction.parquet et targets/date=2025-07-26/hour=04/target.parquet
[2025-07-28T16:26:01.353+0000] {drift_monitoring.py:114} WARNING - ⚠️ Fichier manquant : predictions/date=2025-07-26/hour=04/prediction.parquet ou targets/date=2025-07-26/hour=04/target.parquet → ignoré
[2025-07-28T16:26:01.354+0000] {drift_monitoring.py:75} INFO - 📥 Téléchargement predictions/date=2025-07-26/hour=05/prediction.parquet et targets/date=2025-07-26/hour=05/target.parquet
[2025-07-28T16:26:01.366+0000] {drift_monitoring.py:114} WARNING - ⚠️ Fichier manquant : predictions/date=2025-07-26/hour=05/prediction.parquet ou targets/date=2025-07-26/hour=05/target.parquet → ignoré
[2025-07-28T16:26:01.366+0000] {drift_monitoring.py:75} INFO - 📥 Téléchargement predictions/date=2025-07-26/hour=06/prediction.parquet et targets/date=2025-07-26/hour=06/target.parquet
[2025-07-28T16:26:01.378+0000] {drift_monitoring.py:114} WARNING - ⚠️ Fichier manquant : predictions/date=2025-07-26/hour=06/prediction.parquet ou targets/date=2025-07-26/hour=06/target.parquet → ignoré
[2025-07-28T16:26:01.379+0000] {drift_monitoring.py:75} INFO - 📥 Téléchargement predictions/date=2025-07-26/hour=07/prediction.parquet et targets/date=2025-07-26/hour=07/target.parquet
[2025-07-28T16:26:01.389+0000] {drift_monitoring.py:114} WARNING - ⚠️ Fichier manquant : predictions/date=2025-07-26/hour=07/prediction.parquet ou targets/date=2025-07-26/hour=07/target.parquet → ignoré
[2025-07-28T16:26:01.390+0000] {drift_monitoring.py:75} INFO - 📥 Téléchargement predictions/date=2025-07-26/hour=08/prediction.parquet et targets/date=2025-07-26/hour=08/target.parquet
[2025-07-28T16:26:01.403+0000] {drift_monitoring.py:114} WARNING - ⚠️ Fichier manquant : predictions/date=2025-07-26/hour=08/prediction.parquet ou targets/date=2025-07-26/hour=08/target.parquet → ignoré
[2025-07-28T16:26:01.403+0000] {drift_monitoring.py:75} INFO - 📥 Téléchargement predictions/date=2025-07-26/hour=09/prediction.parquet et targets/date=2025-07-26/hour=09/target.parquet
[2025-07-28T16:26:01.415+0000] {drift_monitoring.py:114} WARNING - ⚠️ Fichier manquant : predictions/date=2025-07-26/hour=09/prediction.parquet ou targets/date=2025-07-26/hour=09/target.parquet → ignoré
[2025-07-28T16:26:01.416+0000] {drift_monitoring.py:75} INFO - 📥 Téléchargement predictions/date=2025-07-26/hour=10/prediction.parquet et targets/date=2025-07-26/hour=10/target.parquet
[2025-07-28T16:26:01.427+0000] {drift_monitoring.py:114} WARNING - ⚠️ Fichier manquant : predictions/date=2025-07-26/hour=10/prediction.parquet ou targets/date=2025-07-26/hour=10/target.parquet → ignoré
[2025-07-28T16:26:01.428+0000] {drift_monitoring.py:75} INFO - 📥 Téléchargement predictions/date=2025-07-26/hour=11/prediction.parquet et targets/date=2025-07-26/hour=11/target.parquet
[2025-07-28T16:26:01.438+0000] {drift_monitoring.py:114} WARNING - ⚠️ Fichier manquant : predictions/date=2025-07-26/hour=11/prediction.parquet ou targets/date=2025-07-26/hour=11/target.parquet → ignoré
[2025-07-28T16:26:01.439+0000] {drift_monitoring.py:75} INFO - 📥 Téléchargement predictions/date=2025-07-26/hour=12/prediction.parquet et targets/date=2025-07-26/hour=12/target.parquet
[2025-07-28T16:26:01.450+0000] {drift_monitoring.py:114} WARNING - ⚠️ Fichier manquant : predictions/date=2025-07-26/hour=12/prediction.parquet ou targets/date=2025-07-26/hour=12/target.parquet → ignoré
[2025-07-28T16:26:01.451+0000] {drift_monitoring.py:75} INFO - 📥 Téléchargement predictions/date=2025-07-26/hour=13/prediction.parquet et targets/date=2025-07-26/hour=13/target.parquet
[2025-07-28T16:26:01.464+0000] {drift_monitoring.py:114} WARNING - ⚠️ Fichier manquant : predictions/date=2025-07-26/hour=13/prediction.parquet ou targets/date=2025-07-26/hour=13/target.parquet → ignoré
[2025-07-28T16:26:01.465+0000] {drift_monitoring.py:75} INFO - 📥 Téléchargement predictions/date=2025-07-26/hour=14/prediction.parquet et targets/date=2025-07-26/hour=14/target.parquet
[2025-07-28T16:26:01.477+0000] {drift_monitoring.py:114} WARNING - ⚠️ Fichier manquant : predictions/date=2025-07-26/hour=14/prediction.parquet ou targets/date=2025-07-26/hour=14/target.parquet → ignoré
[2025-07-28T16:26:01.478+0000] {drift_monitoring.py:75} INFO - 📥 Téléchargement predictions/date=2025-07-26/hour=15/prediction.parquet et targets/date=2025-07-26/hour=15/target.parquet
[2025-07-28T16:26:01.489+0000] {drift_monitoring.py:114} WARNING - ⚠️ Fichier manquant : predictions/date=2025-07-26/hour=15/prediction.parquet ou targets/date=2025-07-26/hour=15/target.parquet → ignoré
[2025-07-28T16:26:01.490+0000] {drift_monitoring.py:75} INFO - 📥 Téléchargement predictions/date=2025-07-26/hour=16/prediction.parquet et targets/date=2025-07-26/hour=16/target.parquet
[2025-07-28T16:26:01.502+0000] {drift_monitoring.py:114} WARNING - ⚠️ Fichier manquant : predictions/date=2025-07-26/hour=16/prediction.parquet ou targets/date=2025-07-26/hour=16/target.parquet → ignoré
[2025-07-28T16:26:01.503+0000] {drift_monitoring.py:75} INFO - 📥 Téléchargement predictions/date=2025-07-26/hour=17/prediction.parquet et targets/date=2025-07-26/hour=17/target.parquet
[2025-07-28T16:26:01.514+0000] {drift_monitoring.py:114} WARNING - ⚠️ Fichier manquant : predictions/date=2025-07-26/hour=17/prediction.parquet ou targets/date=2025-07-26/hour=17/target.parquet → ignoré
[2025-07-28T16:26:01.515+0000] {drift_monitoring.py:75} INFO - 📥 Téléchargement predictions/date=2025-07-26/hour=18/prediction.parquet et targets/date=2025-07-26/hour=18/target.parquet
[2025-07-28T16:26:01.526+0000] {drift_monitoring.py:114} WARNING - ⚠️ Fichier manquant : predictions/date=2025-07-26/hour=18/prediction.parquet ou targets/date=2025-07-26/hour=18/target.parquet → ignoré
[2025-07-28T16:26:01.527+0000] {drift_monitoring.py:75} INFO - 📥 Téléchargement predictions/date=2025-07-26/hour=19/prediction.parquet et targets/date=2025-07-26/hour=19/target.parquet
[2025-07-28T16:26:01.539+0000] {drift_monitoring.py:114} WARNING - ⚠️ Fichier manquant : predictions/date=2025-07-26/hour=19/prediction.parquet ou targets/date=2025-07-26/hour=19/target.parquet → ignoré
[2025-07-28T16:26:01.540+0000] {drift_monitoring.py:75} INFO - 📥 Téléchargement predictions/date=2025-07-26/hour=20/prediction.parquet et targets/date=2025-07-26/hour=20/target.parquet
[2025-07-28T16:26:01.550+0000] {drift_monitoring.py:114} WARNING - ⚠️ Fichier manquant : predictions/date=2025-07-26/hour=20/prediction.parquet ou targets/date=2025-07-26/hour=20/target.parquet → ignoré
[2025-07-28T16:26:01.552+0000] {drift_monitoring.py:75} INFO - 📥 Téléchargement predictions/date=2025-07-26/hour=21/prediction.parquet et targets/date=2025-07-26/hour=21/target.parquet
[2025-07-28T16:26:01.562+0000] {drift_monitoring.py:114} WARNING - ⚠️ Fichier manquant : predictions/date=2025-07-26/hour=21/prediction.parquet ou targets/date=2025-07-26/hour=21/target.parquet → ignoré
[2025-07-28T16:26:01.563+0000] {drift_monitoring.py:75} INFO - 📥 Téléchargement predictions/date=2025-07-26/hour=22/prediction.parquet et targets/date=2025-07-26/hour=22/target.parquet
[2025-07-28T16:26:01.574+0000] {drift_monitoring.py:114} WARNING - ⚠️ Fichier manquant : predictions/date=2025-07-26/hour=22/prediction.parquet ou targets/date=2025-07-26/hour=22/target.parquet → ignoré
[2025-07-28T16:26:01.575+0000] {drift_monitoring.py:75} INFO - 📥 Téléchargement predictions/date=2025-07-26/hour=23/prediction.parquet et targets/date=2025-07-26/hour=23/target.parquet
[2025-07-28T16:26:01.586+0000] {drift_monitoring.py:114} WARNING - ⚠️ Fichier manquant : predictions/date=2025-07-26/hour=23/prediction.parquet ou targets/date=2025-07-26/hour=23/target.parquet → ignoré
[2025-07-28T16:26:01.587+0000] {drift_monitoring.py:75} INFO - 📥 Téléchargement predictions/date=2025-07-27/hour=00/prediction.parquet et targets/date=2025-07-27/hour=00/target.parquet
[2025-07-28T16:26:01.597+0000] {drift_monitoring.py:114} WARNING - ⚠️ Fichier manquant : predictions/date=2025-07-27/hour=00/prediction.parquet ou targets/date=2025-07-27/hour=00/target.parquet → ignoré
[2025-07-28T16:26:01.599+0000] {drift_monitoring.py:75} INFO - 📥 Téléchargement predictions/date=2025-07-27/hour=01/prediction.parquet et targets/date=2025-07-27/hour=01/target.parquet
[2025-07-28T16:26:01.609+0000] {drift_monitoring.py:114} WARNING - ⚠️ Fichier manquant : predictions/date=2025-07-27/hour=01/prediction.parquet ou targets/date=2025-07-27/hour=01/target.parquet → ignoré
[2025-07-28T16:26:01.610+0000] {drift_monitoring.py:75} INFO - 📥 Téléchargement predictions/date=2025-07-27/hour=02/prediction.parquet et targets/date=2025-07-27/hour=02/target.parquet
[2025-07-28T16:26:01.624+0000] {drift_monitoring.py:114} WARNING - ⚠️ Fichier manquant : predictions/date=2025-07-27/hour=02/prediction.parquet ou targets/date=2025-07-27/hour=02/target.parquet → ignoré
[2025-07-28T16:26:01.626+0000] {drift_monitoring.py:75} INFO - 📥 Téléchargement predictions/date=2025-07-27/hour=03/prediction.parquet et targets/date=2025-07-27/hour=03/target.parquet
[2025-07-28T16:26:01.651+0000] {drift_monitoring.py:114} WARNING - ⚠️ Fichier manquant : predictions/date=2025-07-27/hour=03/prediction.parquet ou targets/date=2025-07-27/hour=03/target.parquet → ignoré
[2025-07-28T16:26:01.652+0000] {drift_monitoring.py:75} INFO - 📥 Téléchargement predictions/date=2025-07-27/hour=04/prediction.parquet et targets/date=2025-07-27/hour=04/target.parquet
[2025-07-28T16:26:01.667+0000] {drift_monitoring.py:114} WARNING - ⚠️ Fichier manquant : predictions/date=2025-07-27/hour=04/prediction.parquet ou targets/date=2025-07-27/hour=04/target.parquet → ignoré
[2025-07-28T16:26:01.668+0000] {drift_monitoring.py:75} INFO - 📥 Téléchargement predictions/date=2025-07-27/hour=05/prediction.parquet et targets/date=2025-07-27/hour=05/target.parquet
[2025-07-28T16:26:01.683+0000] {drift_monitoring.py:114} WARNING - ⚠️ Fichier manquant : predictions/date=2025-07-27/hour=05/prediction.parquet ou targets/date=2025-07-27/hour=05/target.parquet → ignoré
[2025-07-28T16:26:01.684+0000] {drift_monitoring.py:75} INFO - 📥 Téléchargement predictions/date=2025-07-27/hour=06/prediction.parquet et targets/date=2025-07-27/hour=06/target.parquet
[2025-07-28T16:26:01.698+0000] {drift_monitoring.py:114} WARNING - ⚠️ Fichier manquant : predictions/date=2025-07-27/hour=06/prediction.parquet ou targets/date=2025-07-27/hour=06/target.parquet → ignoré
[2025-07-28T16:26:01.699+0000] {drift_monitoring.py:75} INFO - 📥 Téléchargement predictions/date=2025-07-27/hour=07/prediction.parquet et targets/date=2025-07-27/hour=07/target.parquet
[2025-07-28T16:26:01.710+0000] {drift_monitoring.py:114} WARNING - ⚠️ Fichier manquant : predictions/date=2025-07-27/hour=07/prediction.parquet ou targets/date=2025-07-27/hour=07/target.parquet → ignoré
[2025-07-28T16:26:01.711+0000] {drift_monitoring.py:75} INFO - 📥 Téléchargement predictions/date=2025-07-27/hour=08/prediction.parquet et targets/date=2025-07-27/hour=08/target.parquet
[2025-07-28T16:26:01.740+0000] {drift_monitoring.py:114} WARNING - ⚠️ Fichier manquant : predictions/date=2025-07-27/hour=08/prediction.parquet ou targets/date=2025-07-27/hour=08/target.parquet → ignoré
[2025-07-28T16:26:01.741+0000] {drift_monitoring.py:75} INFO - 📥 Téléchargement predictions/date=2025-07-27/hour=09/prediction.parquet et targets/date=2025-07-27/hour=09/target.parquet
[2025-07-28T16:26:01.753+0000] {drift_monitoring.py:114} WARNING - ⚠️ Fichier manquant : predictions/date=2025-07-27/hour=09/prediction.parquet ou targets/date=2025-07-27/hour=09/target.parquet → ignoré
[2025-07-28T16:26:01.754+0000] {drift_monitoring.py:75} INFO - 📥 Téléchargement predictions/date=2025-07-27/hour=10/prediction.parquet et targets/date=2025-07-27/hour=10/target.parquet
[2025-07-28T16:26:01.764+0000] {drift_monitoring.py:114} WARNING - ⚠️ Fichier manquant : predictions/date=2025-07-27/hour=10/prediction.parquet ou targets/date=2025-07-27/hour=10/target.parquet → ignoré
[2025-07-28T16:26:01.765+0000] {drift_monitoring.py:75} INFO - 📥 Téléchargement predictions/date=2025-07-27/hour=11/prediction.parquet et targets/date=2025-07-27/hour=11/target.parquet
[2025-07-28T16:26:01.776+0000] {drift_monitoring.py:114} WARNING - ⚠️ Fichier manquant : predictions/date=2025-07-27/hour=11/prediction.parquet ou targets/date=2025-07-27/hour=11/target.parquet → ignoré
[2025-07-28T16:26:01.777+0000] {drift_monitoring.py:75} INFO - 📥 Téléchargement predictions/date=2025-07-27/hour=12/prediction.parquet et targets/date=2025-07-27/hour=12/target.parquet
[2025-07-28T16:26:01.787+0000] {drift_monitoring.py:114} WARNING - ⚠️ Fichier manquant : predictions/date=2025-07-27/hour=12/prediction.parquet ou targets/date=2025-07-27/hour=12/target.parquet → ignoré
[2025-07-28T16:26:01.788+0000] {drift_monitoring.py:75} INFO - 📥 Téléchargement predictions/date=2025-07-27/hour=13/prediction.parquet et targets/date=2025-07-27/hour=13/target.parquet
[2025-07-28T16:26:01.801+0000] {drift_monitoring.py:114} WARNING - ⚠️ Fichier manquant : predictions/date=2025-07-27/hour=13/prediction.parquet ou targets/date=2025-07-27/hour=13/target.parquet → ignoré
[2025-07-28T16:26:01.802+0000] {drift_monitoring.py:75} INFO - 📥 Téléchargement predictions/date=2025-07-27/hour=14/prediction.parquet et targets/date=2025-07-27/hour=14/target.parquet
[2025-07-28T16:26:01.813+0000] {drift_monitoring.py:114} WARNING - ⚠️ Fichier manquant : predictions/date=2025-07-27/hour=14/prediction.parquet ou targets/date=2025-07-27/hour=14/target.parquet → ignoré
[2025-07-28T16:26:01.814+0000] {drift_monitoring.py:75} INFO - 📥 Téléchargement predictions/date=2025-07-27/hour=15/prediction.parquet et targets/date=2025-07-27/hour=15/target.parquet
[2025-07-28T16:26:01.825+0000] {drift_monitoring.py:114} WARNING - ⚠️ Fichier manquant : predictions/date=2025-07-27/hour=15/prediction.parquet ou targets/date=2025-07-27/hour=15/target.parquet → ignoré
[2025-07-28T16:26:01.825+0000] {drift_monitoring.py:75} INFO - 📥 Téléchargement predictions/date=2025-07-27/hour=16/prediction.parquet et targets/date=2025-07-27/hour=16/target.parquet
[2025-07-28T16:26:01.835+0000] {drift_monitoring.py:114} WARNING - ⚠️ Fichier manquant : predictions/date=2025-07-27/hour=16/prediction.parquet ou targets/date=2025-07-27/hour=16/target.parquet → ignoré
[2025-07-28T16:26:01.836+0000] {drift_monitoring.py:75} INFO - 📥 Téléchargement predictions/date=2025-07-27/hour=17/prediction.parquet et targets/date=2025-07-27/hour=17/target.parquet
[2025-07-28T16:26:01.846+0000] {drift_monitoring.py:114} WARNING - ⚠️ Fichier manquant : predictions/date=2025-07-27/hour=17/prediction.parquet ou targets/date=2025-07-27/hour=17/target.parquet → ignoré
[2025-07-28T16:26:01.847+0000] {drift_monitoring.py:75} INFO - 📥 Téléchargement predictions/date=2025-07-27/hour=18/prediction.parquet et targets/date=2025-07-27/hour=18/target.parquet
[2025-07-28T16:26:01.857+0000] {drift_monitoring.py:114} WARNING - ⚠️ Fichier manquant : predictions/date=2025-07-27/hour=18/prediction.parquet ou targets/date=2025-07-27/hour=18/target.parquet → ignoré
[2025-07-28T16:26:01.858+0000] {drift_monitoring.py:75} INFO - 📥 Téléchargement predictions/date=2025-07-27/hour=19/prediction.parquet et targets/date=2025-07-27/hour=19/target.parquet
[2025-07-28T16:26:01.869+0000] {drift_monitoring.py:114} WARNING - ⚠️ Fichier manquant : predictions/date=2025-07-27/hour=19/prediction.parquet ou targets/date=2025-07-27/hour=19/target.parquet → ignoré
[2025-07-28T16:26:01.870+0000] {drift_monitoring.py:75} INFO - 📥 Téléchargement predictions/date=2025-07-27/hour=20/prediction.parquet et targets/date=2025-07-27/hour=20/target.parquet
[2025-07-28T16:26:01.880+0000] {drift_monitoring.py:114} WARNING - ⚠️ Fichier manquant : predictions/date=2025-07-27/hour=20/prediction.parquet ou targets/date=2025-07-27/hour=20/target.parquet → ignoré
[2025-07-28T16:26:01.880+0000] {drift_monitoring.py:75} INFO - 📥 Téléchargement predictions/date=2025-07-27/hour=21/prediction.parquet et targets/date=2025-07-27/hour=21/target.parquet
[2025-07-28T16:26:01.900+0000] {drift_monitoring.py:114} WARNING - ⚠️ Fichier manquant : predictions/date=2025-07-27/hour=21/prediction.parquet ou targets/date=2025-07-27/hour=21/target.parquet → ignoré
[2025-07-28T16:26:01.901+0000] {drift_monitoring.py:75} INFO - 📥 Téléchargement predictions/date=2025-07-27/hour=22/prediction.parquet et targets/date=2025-07-27/hour=22/target.parquet
[2025-07-28T16:26:01.912+0000] {drift_monitoring.py:114} WARNING - ⚠️ Fichier manquant : predictions/date=2025-07-27/hour=22/prediction.parquet ou targets/date=2025-07-27/hour=22/target.parquet → ignoré
[2025-07-28T16:26:01.913+0000] {drift_monitoring.py:75} INFO - 📥 Téléchargement predictions/date=2025-07-27/hour=23/prediction.parquet et targets/date=2025-07-27/hour=23/target.parquet
[2025-07-28T16:26:01.923+0000] {drift_monitoring.py:114} WARNING - ⚠️ Fichier manquant : predictions/date=2025-07-27/hour=23/prediction.parquet ou targets/date=2025-07-27/hour=23/target.parquet → ignoré
[2025-07-28T16:26:01.924+0000] {drift_monitoring.py:75} INFO - 📥 Téléchargement predictions/date=2025-07-28/hour=00/prediction.parquet et targets/date=2025-07-28/hour=00/target.parquet
[2025-07-28T16:26:01.935+0000] {drift_monitoring.py:114} WARNING - ⚠️ Fichier manquant : predictions/date=2025-07-28/hour=00/prediction.parquet ou targets/date=2025-07-28/hour=00/target.parquet → ignoré
[2025-07-28T16:26:01.935+0000] {drift_monitoring.py:75} INFO - 📥 Téléchargement predictions/date=2025-07-28/hour=01/prediction.parquet et targets/date=2025-07-28/hour=01/target.parquet
[2025-07-28T16:26:01.946+0000] {drift_monitoring.py:114} WARNING - ⚠️ Fichier manquant : predictions/date=2025-07-28/hour=01/prediction.parquet ou targets/date=2025-07-28/hour=01/target.parquet → ignoré
[2025-07-28T16:26:01.947+0000] {drift_monitoring.py:75} INFO - 📥 Téléchargement predictions/date=2025-07-28/hour=02/prediction.parquet et targets/date=2025-07-28/hour=02/target.parquet
[2025-07-28T16:26:01.959+0000] {drift_monitoring.py:114} WARNING - ⚠️ Fichier manquant : predictions/date=2025-07-28/hour=02/prediction.parquet ou targets/date=2025-07-28/hour=02/target.parquet → ignoré
[2025-07-28T16:26:01.960+0000] {drift_monitoring.py:75} INFO - 📥 Téléchargement predictions/date=2025-07-28/hour=03/prediction.parquet et targets/date=2025-07-28/hour=03/target.parquet
[2025-07-28T16:26:01.971+0000] {drift_monitoring.py:114} WARNING - ⚠️ Fichier manquant : predictions/date=2025-07-28/hour=03/prediction.parquet ou targets/date=2025-07-28/hour=03/target.parquet → ignoré
[2025-07-28T16:26:01.972+0000] {drift_monitoring.py:75} INFO - 📥 Téléchargement predictions/date=2025-07-28/hour=04/prediction.parquet et targets/date=2025-07-28/hour=04/target.parquet
[2025-07-28T16:26:01.987+0000] {drift_monitoring.py:114} WARNING - ⚠️ Fichier manquant : predictions/date=2025-07-28/hour=04/prediction.parquet ou targets/date=2025-07-28/hour=04/target.parquet → ignoré
[2025-07-28T16:26:01.988+0000] {drift_monitoring.py:75} INFO - 📥 Téléchargement predictions/date=2025-07-28/hour=05/prediction.parquet et targets/date=2025-07-28/hour=05/target.parquet
[2025-07-28T16:26:01.998+0000] {drift_monitoring.py:114} WARNING - ⚠️ Fichier manquant : predictions/date=2025-07-28/hour=05/prediction.parquet ou targets/date=2025-07-28/hour=05/target.parquet → ignoré
[2025-07-28T16:26:01.999+0000] {drift_monitoring.py:75} INFO - 📥 Téléchargement predictions/date=2025-07-28/hour=06/prediction.parquet et targets/date=2025-07-28/hour=06/target.parquet
[2025-07-28T16:26:02.010+0000] {drift_monitoring.py:114} WARNING - ⚠️ Fichier manquant : predictions/date=2025-07-28/hour=06/prediction.parquet ou targets/date=2025-07-28/hour=06/target.parquet → ignoré
[2025-07-28T16:26:02.011+0000] {drift_monitoring.py:75} INFO - 📥 Téléchargement predictions/date=2025-07-28/hour=07/prediction.parquet et targets/date=2025-07-28/hour=07/target.parquet
[2025-07-28T16:26:02.022+0000] {drift_monitoring.py:114} WARNING - ⚠️ Fichier manquant : predictions/date=2025-07-28/hour=07/prediction.parquet ou targets/date=2025-07-28/hour=07/target.parquet → ignoré
[2025-07-28T16:26:02.023+0000] {drift_monitoring.py:75} INFO - 📥 Téléchargement predictions/date=2025-07-28/hour=08/prediction.parquet et targets/date=2025-07-28/hour=08/target.parquet
[2025-07-28T16:26:02.033+0000] {drift_monitoring.py:114} WARNING - ⚠️ Fichier manquant : predictions/date=2025-07-28/hour=08/prediction.parquet ou targets/date=2025-07-28/hour=08/target.parquet → ignoré
[2025-07-28T16:26:02.034+0000] {drift_monitoring.py:75} INFO - 📥 Téléchargement predictions/date=2025-07-28/hour=09/prediction.parquet et targets/date=2025-07-28/hour=09/target.parquet
[2025-07-28T16:26:02.381+0000] {drift_monitoring.py:98} INFO - ✅ MAE pour 2025-07-28 09 = 0.0206
[2025-07-28T16:26:02.384+0000] {drift_monitoring.py:110} WARNING - ⚠️ Pas de colonne timestamp dans target 2025-07-28 09
[2025-07-28T16:26:02.384+0000] {drift_monitoring.py:75} INFO - 📥 Téléchargement predictions/date=2025-07-28/hour=10/prediction.parquet et targets/date=2025-07-28/hour=10/target.parquet
[2025-07-28T16:26:02.433+0000] {drift_monitoring.py:98} INFO - ✅ MAE pour 2025-07-28 10 = 0.0248
[2025-07-28T16:26:02.434+0000] {drift_monitoring.py:110} WARNING - ⚠️ Pas de colonne timestamp dans target 2025-07-28 10
[2025-07-28T16:26:02.434+0000] {drift_monitoring.py:75} INFO - 📥 Téléchargement predictions/date=2025-07-28/hour=11/prediction.parquet et targets/date=2025-07-28/hour=11/target.parquet
[2025-07-28T16:26:02.491+0000] {drift_monitoring.py:98} INFO - ✅ MAE pour 2025-07-28 11 = 0.0107
[2025-07-28T16:26:02.492+0000] {drift_monitoring.py:110} WARNING - ⚠️ Pas de colonne timestamp dans target 2025-07-28 11
[2025-07-28T16:26:02.492+0000] {drift_monitoring.py:75} INFO - 📥 Téléchargement predictions/date=2025-07-28/hour=12/prediction.parquet et targets/date=2025-07-28/hour=12/target.parquet
[2025-07-28T16:26:02.545+0000] {drift_monitoring.py:98} INFO - ✅ MAE pour 2025-07-28 12 = 0.0758
[2025-07-28T16:26:02.546+0000] {drift_monitoring.py:110} WARNING - ⚠️ Pas de colonne timestamp dans target 2025-07-28 12
[2025-07-28T16:26:02.547+0000] {drift_monitoring.py:75} INFO - 📥 Téléchargement predictions/date=2025-07-28/hour=13/prediction.parquet et targets/date=2025-07-28/hour=13/target.parquet
[2025-07-28T16:26:02.588+0000] {drift_monitoring.py:98} INFO - ✅ MAE pour 2025-07-28 13 = 0.0816
[2025-07-28T16:26:02.589+0000] {drift_monitoring.py:110} WARNING - ⚠️ Pas de colonne timestamp dans target 2025-07-28 13
[2025-07-28T16:26:02.590+0000] {drift_monitoring.py:75} INFO - 📥 Téléchargement predictions/date=2025-07-28/hour=14/prediction.parquet et targets/date=2025-07-28/hour=14/target.parquet
[2025-07-28T16:26:02.621+0000] {drift_monitoring.py:98} INFO - ✅ MAE pour 2025-07-28 14 = 0.0644
[2025-07-28T16:26:02.622+0000] {drift_monitoring.py:110} WARNING - ⚠️ Pas de colonne timestamp dans target 2025-07-28 14
[2025-07-28T16:26:02.623+0000] {drift_monitoring.py:75} INFO - 📥 Téléchargement predictions/date=2025-07-28/hour=15/prediction.parquet et targets/date=2025-07-28/hour=15/target.parquet
[2025-07-28T16:26:02.654+0000] {drift_monitoring.py:98} INFO - ✅ MAE pour 2025-07-28 15 = 0.0824
[2025-07-28T16:26:02.655+0000] {drift_monitoring.py:110} WARNING - ⚠️ Pas de colonne timestamp dans target 2025-07-28 15
[2025-07-28T16:26:02.656+0000] {drift_monitoring.py:128} INFO - 📊 MAE moyen sur 7 heures : 0.0515 | Seuil : 0.0500
[2025-07-28T16:26:02.656+0000] {drift_monitoring.py:144} WARNING - ⚠️ Pas assez de données pour générer un rapport Evidently
[2025-07-28T16:26:02.657+0000] {drift_monitoring.py:147} WARNING - 🚨 Drift détecté ! MAE moyen = 0.0515 > seuil = 0.0500
[2025-07-28T16:26:02.898+0000] {drift_monitoring.py:153} INFO - ✅ training_pipeline déclenché !
[2025-07-28T16:26:02.899+0000] {python.py:237} INFO - Done. Returned value was: None
[2025-07-28T16:26:02.901+0000] {taskinstance.py:441} INFO - ::group::Post task execution logs
[2025-07-28T16:26:02.919+0000] {taskinstance.py:1205} INFO - Marking task as SUCCESS. dag_id=data_drift_monitoring, task_id=check_drift_and_generate_report, execution_date=20250728T162548, start_date=20250728T162559, end_date=20250728T162602
[2025-07-28T16:26:02.980+0000] {local_task_job_runner.py:240} INFO - Task exited with return code 0
[2025-07-28T16:26:03.053+0000] {taskinstance.py:3482} INFO - 0 downstream tasks scheduled from follow-on schedule check
[2025-07-28T16:26:03.056+0000] {local_task_job_runner.py:222} INFO - ::endgroup::
