[2025-07-26T21:45:32.939+0000] {local_task_job_runner.py:120} INFO - ::group::Pre task execution logs
[2025-07-26T21:45:32.980+0000] {taskinstance.py:2073} INFO - Dependencies all met for dep_context=non-requeueable deps ti=<TaskInstance: training_pipeline.process_data manual__2025-07-26T21:45:21.227534+00:00 [queued]>
[2025-07-26T21:45:32.988+0000] {taskinstance.py:2073} INFO - Dependencies all met for dep_context=requeueable deps ti=<TaskInstance: training_pipeline.process_data manual__2025-07-26T21:45:21.227534+00:00 [queued]>
[2025-07-26T21:45:33.004+0000] {taskinstance.py:2303} INFO - Starting attempt 1 of 4
[2025-07-26T21:45:33.018+0000] {taskinstance.py:2327} INFO - Executing <Task(PythonOperator): process_data> on 2025-07-26 21:45:21.227534+00:00
[2025-07-26T21:45:33.030+0000] {standard_task_runner.py:90} INFO - Running: ['***', 'tasks', 'run', 'training_pipeline', 'process_data', 'manual__2025-07-26T21:45:21.227534+00:00', '--job-id', '4', '--raw', '--subdir', 'DAGS_FOLDER/training_pipeline.py', '--cfg-path', '/tmp/tmp5h1b_8y1']
[2025-07-26T21:45:33.032+0000] {logging_mixin.py:188} WARNING - /home/***/.local/lib/python3.12/site-packages/***/task/task_runner/standard_task_runner.py:61 DeprecationWarning: This process (pid=396) is multi-threaded, use of fork() may lead to deadlocks in the child.
[2025-07-26T21:45:33.034+0000] {standard_task_runner.py:91} INFO - Job 4: Subtask process_data
[2025-07-26T21:45:33.034+0000] {standard_task_runner.py:63} INFO - Started process 413 to run task
[2025-07-26T21:45:33.051+0000] {logging_mixin.py:188} WARNING - /home/***/.local/lib/python3.12/site-packages/***/settings.py:195 DeprecationWarning: The sql_alchemy_conn option in [core] has been moved to the sql_alchemy_conn option in [database] - the old setting has been used, but please update your config.
[2025-07-26T21:45:33.091+0000] {task_command.py:426} INFO - Running <TaskInstance: training_pipeline.process_data manual__2025-07-26T21:45:21.227534+00:00 [running]> on host fffaf26b21ae
[2025-07-26T21:45:33.202+0000] {taskinstance.py:2644} INFO - Exporting env vars: AIRFLOW_CTX_DAG_EMAIL='mlops_team@example.com' AIRFLOW_CTX_DAG_OWNER='mlops' AIRFLOW_CTX_DAG_ID='training_pipeline' AIRFLOW_CTX_TASK_ID='process_data' AIRFLOW_CTX_EXECUTION_DATE='2025-07-26T21:45:21.227534+00:00' AIRFLOW_CTX_TRY_NUMBER='1' AIRFLOW_CTX_DAG_RUN_ID='manual__2025-07-26T21:45:21.227534+00:00'
[2025-07-26T21:45:33.204+0000] {taskinstance.py:430} INFO - ::endgroup::
[2025-07-26T21:45:33.310+0000] {data_processing.py:38} INFO - Loaded 288 records from S3: data/historical_BTC_USD_20250726214529.csv
[2025-07-26T21:45:33.315+0000] {data_processing.py:82} INFO - Combined 288 records for BTC-USD
[2025-07-26T21:45:33.369+0000] {data_processing.py:160} INFO - Removed 50 rows with NaN values. Final shape: (238, 84)
[2025-07-26T21:45:33.372+0000] {logging_mixin.py:188} WARNING - /opt/***/src/data_processing.py:217 FutureWarning: DataFrame.fillna with 'method' is deprecated and will raise in a future version. Use obj.ffill() or obj.bfill() instead.
[2025-07-26T21:45:33.377+0000] {logging_mixin.py:188} WARNING - /opt/***/src/data_processing.py:175 FutureWarning: DataFrame.fillna with 'method' is deprecated and will raise in a future version. Use obj.ffill() or obj.bfill() instead.
[2025-07-26T21:45:33.377+0000] {data_processing.py:177} INFO - Prepared features: (238, 80), Target: (238,)
[2025-07-26T21:45:33.378+0000] {data_processing.py:178} INFO - Feature columns: 80
[2025-07-26T21:45:33.397+0000] {data_processing.py:194} INFO - Saved preprocessor to S3: s3://crypto-mlops-bucket/models/preprocessors/scaler_BTC_USD.pickle
[2025-07-26T21:45:33.399+0000] {python.py:237} INFO - Done. Returned value was: None
[2025-07-26T21:45:33.400+0000] {taskinstance.py:441} INFO - ::group::Post task execution logs
[2025-07-26T21:45:33.411+0000] {taskinstance.py:1205} INFO - Marking task as SUCCESS. dag_id=training_pipeline, task_id=process_data, execution_date=20250726T214521, start_date=20250726T214532, end_date=20250726T214533
[2025-07-26T21:45:33.449+0000] {local_task_job_runner.py:240} INFO - Task exited with return code 0
[2025-07-26T21:45:33.478+0000] {taskinstance.py:3482} INFO - 1 downstream tasks scheduled from follow-on schedule check
[2025-07-26T21:45:33.494+0000] {local_task_job_runner.py:222} INFO - ::endgroup::
