[2025-07-31T13:05:30.583+0000] {local_task_job_runner.py:120} INFO - ::group::Pre task execution logs
[2025-07-31T13:05:30.644+0000] {taskinstance.py:2073} INFO - Dependencies all met for dep_context=non-requeueable deps ti=<TaskInstance: training_pipeline.process_data manual__2025-07-31T13:05:07.186072+00:00 [queued]>
[2025-07-31T13:05:30.665+0000] {taskinstance.py:2073} INFO - Dependencies all met for dep_context=requeueable deps ti=<TaskInstance: training_pipeline.process_data manual__2025-07-31T13:05:07.186072+00:00 [queued]>
[2025-07-31T13:05:30.666+0000] {taskinstance.py:2303} INFO - Starting attempt 1 of 4
[2025-07-31T13:05:30.691+0000] {taskinstance.py:2327} INFO - Executing <Task(PythonOperator): process_data> on 2025-07-31 13:05:07.186072+00:00
[2025-07-31T13:05:30.719+0000] {standard_task_runner.py:90} INFO - Running: ['***', 'tasks', 'run', 'training_pipeline', 'process_data', 'manual__2025-07-31T13:05:07.186072+00:00', '--job-id', '194', '--raw', '--subdir', 'DAGS_FOLDER/training_pipeline.py', '--cfg-path', '/tmp/tmpcddz5xpp']
[2025-07-31T13:05:30.739+0000] {logging_mixin.py:188} WARNING - /home/***/.local/lib/python3.12/site-packages/***/task/task_runner/standard_task_runner.py:61 DeprecationWarning: This process (pid=2104) is multi-threaded, use of fork() may lead to deadlocks in the child.
[2025-07-31T13:05:30.739+0000] {standard_task_runner.py:91} INFO - Job 194: Subtask process_data
[2025-07-31T13:05:30.740+0000] {standard_task_runner.py:63} INFO - Started process 2122 to run task
[2025-07-31T13:05:30.781+0000] {logging_mixin.py:188} WARNING - /home/***/.local/lib/python3.12/site-packages/***/settings.py:195 DeprecationWarning: The sql_alchemy_conn option in [core] has been moved to the sql_alchemy_conn option in [database] - the old setting has been used, but please update your config.
[2025-07-31T13:05:30.844+0000] {task_command.py:426} INFO - Running <TaskInstance: training_pipeline.process_data manual__2025-07-31T13:05:07.186072+00:00 [running]> on host 44c57df83f33
[2025-07-31T13:05:31.279+0000] {taskinstance.py:2644} INFO - Exporting env vars: AIRFLOW_CTX_DAG_EMAIL='mlops_team@example.com' AIRFLOW_CTX_DAG_OWNER='mlops' AIRFLOW_CTX_DAG_ID='training_pipeline' AIRFLOW_CTX_TASK_ID='process_data' AIRFLOW_CTX_EXECUTION_DATE='2025-07-31T13:05:07.186072+00:00' AIRFLOW_CTX_TRY_NUMBER='1' AIRFLOW_CTX_DAG_RUN_ID='manual__2025-07-31T13:05:07.186072+00:00'
[2025-07-31T13:05:31.285+0000] {taskinstance.py:430} INFO - ::endgroup::
[2025-07-31T13:05:31.917+0000] {data_processing.py:41} INFO - Loaded 8669 records from S3: data/historical_BTC_USD_20250731120000.csv
[2025-07-31T13:05:31.939+0000] {data_processing.py:41} INFO - Loaded 288 records from S3: data/historical_BTC_USD_20250731130525.csv
[2025-07-31T13:05:31.978+0000] {data_processing.py:84} INFO - Combined 8654 records for BTC-USD
[2025-07-31T13:05:32.951+0000] {data_processing.py:168} INFO - Removed 50 rows with NaN values. Final shape: (8604, 84)
[2025-07-31T13:05:32.962+0000] {logging_mixin.py:188} WARNING - /opt/***/src/data_processing.py:238 FutureWarning: DataFrame.fillna with 'method' is deprecated and will raise in a future version. Use obj.ffill() or obj.bfill() instead.
[2025-07-31T13:05:33.285+0000] {logging_mixin.py:188} WARNING - /opt/***/src/data_processing.py:187 FutureWarning: DataFrame.fillna with 'method' is deprecated and will raise in a future version. Use obj.ffill() or obj.bfill() instead.
[2025-07-31T13:05:33.295+0000] {data_processing.py:189} INFO - Prepared features: (8604, 80), Target: (8604,)
[2025-07-31T13:05:33.296+0000] {data_processing.py:190} INFO - Feature columns: 80
[2025-07-31T13:05:33.351+0000] {data_processing.py:211} INFO - Saved preprocessor to S3: s3://crypto-mlops-bucket/models/preprocessors/scaler_BTC_USD.pickle
[2025-07-31T13:05:33.358+0000] {python.py:237} INFO - Done. Returned value was: None
[2025-07-31T13:05:33.359+0000] {taskinstance.py:441} INFO - ::group::Post task execution logs
[2025-07-31T13:05:33.379+0000] {taskinstance.py:1205} INFO - Marking task as SUCCESS. dag_id=training_pipeline, task_id=process_data, execution_date=20250731T130507, start_date=20250731T130530, end_date=20250731T130533
[2025-07-31T13:05:33.437+0000] {local_task_job_runner.py:240} INFO - Task exited with return code 0
[2025-07-31T13:05:33.485+0000] {taskinstance.py:3482} INFO - 1 downstream tasks scheduled from follow-on schedule check
[2025-07-31T13:05:33.516+0000] {local_task_job_runner.py:222} INFO - ::endgroup::
