[2025-07-31T21:04:56.602+0000] {local_task_job_runner.py:120} INFO - ::group::Pre task execution logs
[2025-07-31T21:04:56.642+0000] {taskinstance.py:2073} INFO - Dependencies all met for dep_context=non-requeueable deps ti=<TaskInstance: training_pipeline.process_data manual__2025-07-31T21:04:44.013321+00:00 [queued]>
[2025-07-31T21:04:56.653+0000] {taskinstance.py:2073} INFO - Dependencies all met for dep_context=requeueable deps ti=<TaskInstance: training_pipeline.process_data manual__2025-07-31T21:04:44.013321+00:00 [queued]>
[2025-07-31T21:04:56.655+0000] {taskinstance.py:2303} INFO - Starting attempt 1 of 4
[2025-07-31T21:04:56.671+0000] {taskinstance.py:2327} INFO - Executing <Task(PythonOperator): process_data> on 2025-07-31 21:04:44.013321+00:00
[2025-07-31T21:04:56.689+0000] {standard_task_runner.py:90} INFO - Running: ['***', 'tasks', 'run', 'training_pipeline', 'process_data', 'manual__2025-07-31T21:04:44.013321+00:00', '--job-id', '256', '--raw', '--subdir', 'DAGS_FOLDER/training_pipeline.py', '--cfg-path', '/tmp/tmp0qr9ecoy']
[2025-07-31T21:04:56.690+0000] {logging_mixin.py:188} WARNING - /home/***/.local/lib/python3.12/site-packages/***/task/task_runner/standard_task_runner.py:61 DeprecationWarning: This process (pid=18300) is multi-threaded, use of fork() may lead to deadlocks in the child.
[2025-07-31T21:04:56.692+0000] {standard_task_runner.py:91} INFO - Job 256: Subtask process_data
[2025-07-31T21:04:56.692+0000] {standard_task_runner.py:63} INFO - Started process 18318 to run task
[2025-07-31T21:04:56.709+0000] {logging_mixin.py:188} WARNING - /home/***/.local/lib/python3.12/site-packages/***/settings.py:195 DeprecationWarning: The sql_alchemy_conn option in [core] has been moved to the sql_alchemy_conn option in [database] - the old setting has been used, but please update your config.
[2025-07-31T21:04:56.749+0000] {task_command.py:426} INFO - Running <TaskInstance: training_pipeline.process_data manual__2025-07-31T21:04:44.013321+00:00 [running]> on host 44c57df83f33
[2025-07-31T21:04:56.848+0000] {taskinstance.py:2644} INFO - Exporting env vars: AIRFLOW_CTX_DAG_EMAIL='mlops_team@example.com' AIRFLOW_CTX_DAG_OWNER='mlops' AIRFLOW_CTX_DAG_ID='training_pipeline' AIRFLOW_CTX_TASK_ID='process_data' AIRFLOW_CTX_EXECUTION_DATE='2025-07-31T21:04:44.013321+00:00' AIRFLOW_CTX_TRY_NUMBER='1' AIRFLOW_CTX_DAG_RUN_ID='manual__2025-07-31T21:04:44.013321+00:00'
[2025-07-31T21:04:56.850+0000] {taskinstance.py:430} INFO - ::endgroup::
[2025-07-31T21:04:56.934+0000] {data_processing.py:41} INFO - Loaded 8669 records from S3: data/historical_BTC_USD_20250731120000.csv
[2025-07-31T21:04:56.966+0000] {data_processing.py:41} INFO - Loaded 8669 records from S3: data/historical_BTC_USD_20250731130000.csv
[2025-07-31T21:04:56.980+0000] {data_processing.py:41} INFO - Loaded 288 records from S3: data/historical_BTC_USD_20250731130525.csv
[2025-07-31T21:04:57.007+0000] {data_processing.py:41} INFO - Loaded 8640 records from S3: data/historical_BTC_USD_20250731131241.csv
[2025-07-31T21:04:57.035+0000] {data_processing.py:41} INFO - Loaded 8640 records from S3: data/historical_BTC_USD_20250731133338.csv
[2025-07-31T21:04:57.061+0000] {data_processing.py:41} INFO - Loaded 8669 records from S3: data/historical_BTC_USD_20250731140000.csv
[2025-07-31T21:04:57.088+0000] {data_processing.py:41} INFO - Loaded 8640 records from S3: data/historical_BTC_USD_20250731142123.csv
[2025-07-31T21:04:57.113+0000] {data_processing.py:41} INFO - Loaded 8669 records from S3: data/historical_BTC_USD_20250731150000.csv
[2025-07-31T21:04:57.143+0000] {data_processing.py:41} INFO - Loaded 8640 records from S3: data/historical_BTC_USD_20250731152644.csv
[2025-07-31T21:04:57.157+0000] {data_processing.py:41} INFO - Loaded 288 records from S3: data/historical_BTC_USD_20250731154536.csv
[2025-07-31T21:04:57.186+0000] {data_processing.py:41} INFO - Loaded 8669 records from S3: data/historical_BTC_USD_20250731160000.csv
[2025-07-31T21:04:57.200+0000] {data_processing.py:41} INFO - Loaded 288 records from S3: data/historical_BTC_USD_20250731160221.csv
[2025-07-31T21:04:57.213+0000] {data_processing.py:41} INFO - Loaded 288 records from S3: data/historical_BTC_USD_20250731160852.csv
[2025-07-31T21:04:57.240+0000] {data_processing.py:41} INFO - Loaded 8669 records from S3: data/historical_BTC_USD_20250731190000.csv
[2025-07-31T21:04:57.268+0000] {data_processing.py:41} INFO - Loaded 8669 records from S3: data/historical_BTC_USD_20250731200000.csv
[2025-07-31T21:04:57.283+0000] {data_processing.py:41} INFO - Loaded 288 records from S3: data/historical_BTC_USD_20250731200329.csv
[2025-07-31T21:04:57.310+0000] {data_processing.py:41} INFO - Loaded 8640 records from S3: data/historical_BTC_USD_20250731201208.csv
[2025-07-31T21:04:57.327+0000] {data_processing.py:41} INFO - Loaded 288 records from S3: data/historical_BTC_USD_20250731210452.csv
[2025-07-31T21:04:57.349+0000] {data_processing.py:84} INFO - Combined 8749 records for BTC-USD
[2025-07-31T21:04:57.462+0000] {data_processing.py:168} INFO - Removed 50 rows with NaN values. Final shape: (8699, 84)
[2025-07-31T21:04:57.469+0000] {logging_mixin.py:188} WARNING - /opt/***/src/data_processing.py:238 FutureWarning: DataFrame.fillna with 'method' is deprecated and will raise in a future version. Use obj.ffill() or obj.bfill() instead.
[2025-07-31T21:04:57.488+0000] {logging_mixin.py:188} WARNING - /opt/***/src/data_processing.py:187 FutureWarning: DataFrame.fillna with 'method' is deprecated and will raise in a future version. Use obj.ffill() or obj.bfill() instead.
[2025-07-31T21:04:57.495+0000] {data_processing.py:189} INFO - Prepared features: (8699, 80), Target: (8699,)
[2025-07-31T21:04:57.495+0000] {data_processing.py:190} INFO - Feature columns: 80
[2025-07-31T21:04:57.525+0000] {data_processing.py:211} INFO - Saved preprocessor to S3: s3://crypto-mlops-bucket/models/preprocessors/scaler_BTC_USD.pickle
[2025-07-31T21:04:57.529+0000] {python.py:237} INFO - Done. Returned value was: None
[2025-07-31T21:04:57.530+0000] {taskinstance.py:441} INFO - ::group::Post task execution logs
[2025-07-31T21:04:57.541+0000] {taskinstance.py:1205} INFO - Marking task as SUCCESS. dag_id=training_pipeline, task_id=process_data, execution_date=20250731T210444, start_date=20250731T210456, end_date=20250731T210457
[2025-07-31T21:04:57.611+0000] {local_task_job_runner.py:240} INFO - Task exited with return code 0
[2025-07-31T21:04:57.639+0000] {taskinstance.py:3482} INFO - 1 downstream tasks scheduled from follow-on schedule check
[2025-07-31T21:04:57.642+0000] {local_task_job_runner.py:222} INFO - ::endgroup::
