[2025-07-28T10:20:52.887+0000] {local_task_job_runner.py:120} INFO - ::group::Pre task execution logs
[2025-07-28T10:20:52.946+0000] {taskinstance.py:2073} INFO - Dependencies all met for dep_context=non-requeueable deps ti=<TaskInstance: data_drift_monitoring.check_drift_and_generate_report manual__2025-07-28T10:20:45.098132+00:00 [queued]>
[2025-07-28T10:20:52.960+0000] {taskinstance.py:2073} INFO - Dependencies all met for dep_context=requeueable deps ti=<TaskInstance: data_drift_monitoring.check_drift_and_generate_report manual__2025-07-28T10:20:45.098132+00:00 [queued]>
[2025-07-28T10:20:52.961+0000] {taskinstance.py:2303} INFO - Starting attempt 1 of 1
[2025-07-28T10:20:52.984+0000] {taskinstance.py:2327} INFO - Executing <Task(PythonOperator): check_drift_and_generate_report> on 2025-07-28 10:20:45.098132+00:00
[2025-07-28T10:20:53.015+0000] {standard_task_runner.py:90} INFO - Running: ['***', 'tasks', 'run', 'data_drift_monitoring', 'check_drift_and_generate_report', 'manual__2025-07-28T10:20:45.098132+00:00', '--job-id', '11', '--raw', '--subdir', 'DAGS_FOLDER/drift_monitoring.py', '--cfg-path', '/tmp/tmpm6ufxnxr']
[2025-07-28T10:20:53.022+0000] {standard_task_runner.py:91} INFO - Job 11: Subtask check_drift_and_generate_report
[2025-07-28T10:20:53.022+0000] {logging_mixin.py:188} WARNING - /home/***/.local/lib/python3.12/site-packages/***/task/task_runner/standard_task_runner.py:61 DeprecationWarning: This process (pid=1894) is multi-threaded, use of fork() may lead to deadlocks in the child.
[2025-07-28T10:20:53.023+0000] {standard_task_runner.py:63} INFO - Started process 1932 to run task
[2025-07-28T10:20:53.062+0000] {logging_mixin.py:188} WARNING - /home/***/.local/lib/python3.12/site-packages/***/settings.py:195 DeprecationWarning: The sql_alchemy_conn option in [core] has been moved to the sql_alchemy_conn option in [database] - the old setting has been used, but please update your config.
[2025-07-28T10:20:53.147+0000] {task_command.py:426} INFO - Running <TaskInstance: data_drift_monitoring.check_drift_and_generate_report manual__2025-07-28T10:20:45.098132+00:00 [running]> on host d78ad09e75e4
[2025-07-28T10:20:53.312+0000] {taskinstance.py:2644} INFO - Exporting env vars: AIRFLOW_CTX_DAG_OWNER='mlops' AIRFLOW_CTX_DAG_ID='data_drift_monitoring' AIRFLOW_CTX_TASK_ID='check_drift_and_generate_report' AIRFLOW_CTX_EXECUTION_DATE='2025-07-28T10:20:45.098132+00:00' AIRFLOW_CTX_TRY_NUMBER='1' AIRFLOW_CTX_DAG_RUN_ID='manual__2025-07-28T10:20:45.098132+00:00'
[2025-07-28T10:20:53.314+0000] {taskinstance.py:430} INFO - ::endgroup::
[2025-07-28T10:20:53.331+0000] {drift_monitoring.py:60} INFO - Vérification drift de 2025-07-21 09:20:53.331831+00:00 à 2025-07-28 09:20:53.331831+00:00
[2025-07-28T10:20:53.332+0000] {drift_monitoring.py:75} INFO - 📥 Téléchargement predictions/date=2025-07-21/hour=09/prediction.parquet et targets/date=2025-07-21/hour=09/target.parquet
[2025-07-28T10:20:53.356+0000] {drift_monitoring.py:114} WARNING - ⚠️ Fichier manquant : predictions/date=2025-07-21/hour=09/prediction.parquet ou targets/date=2025-07-21/hour=09/target.parquet → ignoré
[2025-07-28T10:20:53.357+0000] {drift_monitoring.py:75} INFO - 📥 Téléchargement predictions/date=2025-07-21/hour=10/prediction.parquet et targets/date=2025-07-21/hour=10/target.parquet
[2025-07-28T10:20:53.369+0000] {drift_monitoring.py:114} WARNING - ⚠️ Fichier manquant : predictions/date=2025-07-21/hour=10/prediction.parquet ou targets/date=2025-07-21/hour=10/target.parquet → ignoré
[2025-07-28T10:20:53.370+0000] {drift_monitoring.py:75} INFO - 📥 Téléchargement predictions/date=2025-07-21/hour=11/prediction.parquet et targets/date=2025-07-21/hour=11/target.parquet
[2025-07-28T10:20:53.382+0000] {drift_monitoring.py:114} WARNING - ⚠️ Fichier manquant : predictions/date=2025-07-21/hour=11/prediction.parquet ou targets/date=2025-07-21/hour=11/target.parquet → ignoré
[2025-07-28T10:20:53.383+0000] {drift_monitoring.py:75} INFO - 📥 Téléchargement predictions/date=2025-07-21/hour=12/prediction.parquet et targets/date=2025-07-21/hour=12/target.parquet
[2025-07-28T10:20:53.395+0000] {drift_monitoring.py:114} WARNING - ⚠️ Fichier manquant : predictions/date=2025-07-21/hour=12/prediction.parquet ou targets/date=2025-07-21/hour=12/target.parquet → ignoré
[2025-07-28T10:20:53.396+0000] {drift_monitoring.py:75} INFO - 📥 Téléchargement predictions/date=2025-07-21/hour=13/prediction.parquet et targets/date=2025-07-21/hour=13/target.parquet
[2025-07-28T10:20:53.409+0000] {drift_monitoring.py:114} WARNING - ⚠️ Fichier manquant : predictions/date=2025-07-21/hour=13/prediction.parquet ou targets/date=2025-07-21/hour=13/target.parquet → ignoré
[2025-07-28T10:20:53.410+0000] {drift_monitoring.py:75} INFO - 📥 Téléchargement predictions/date=2025-07-21/hour=14/prediction.parquet et targets/date=2025-07-21/hour=14/target.parquet
[2025-07-28T10:20:53.423+0000] {drift_monitoring.py:114} WARNING - ⚠️ Fichier manquant : predictions/date=2025-07-21/hour=14/prediction.parquet ou targets/date=2025-07-21/hour=14/target.parquet → ignoré
[2025-07-28T10:20:53.424+0000] {drift_monitoring.py:75} INFO - 📥 Téléchargement predictions/date=2025-07-21/hour=15/prediction.parquet et targets/date=2025-07-21/hour=15/target.parquet
[2025-07-28T10:20:53.438+0000] {drift_monitoring.py:114} WARNING - ⚠️ Fichier manquant : predictions/date=2025-07-21/hour=15/prediction.parquet ou targets/date=2025-07-21/hour=15/target.parquet → ignoré
[2025-07-28T10:20:53.439+0000] {drift_monitoring.py:75} INFO - 📥 Téléchargement predictions/date=2025-07-21/hour=16/prediction.parquet et targets/date=2025-07-21/hour=16/target.parquet
[2025-07-28T10:20:53.454+0000] {drift_monitoring.py:114} WARNING - ⚠️ Fichier manquant : predictions/date=2025-07-21/hour=16/prediction.parquet ou targets/date=2025-07-21/hour=16/target.parquet → ignoré
[2025-07-28T10:20:53.455+0000] {drift_monitoring.py:75} INFO - 📥 Téléchargement predictions/date=2025-07-21/hour=17/prediction.parquet et targets/date=2025-07-21/hour=17/target.parquet
[2025-07-28T10:20:53.472+0000] {drift_monitoring.py:114} WARNING - ⚠️ Fichier manquant : predictions/date=2025-07-21/hour=17/prediction.parquet ou targets/date=2025-07-21/hour=17/target.parquet → ignoré
[2025-07-28T10:20:53.473+0000] {drift_monitoring.py:75} INFO - 📥 Téléchargement predictions/date=2025-07-21/hour=18/prediction.parquet et targets/date=2025-07-21/hour=18/target.parquet
[2025-07-28T10:20:53.492+0000] {drift_monitoring.py:114} WARNING - ⚠️ Fichier manquant : predictions/date=2025-07-21/hour=18/prediction.parquet ou targets/date=2025-07-21/hour=18/target.parquet → ignoré
[2025-07-28T10:20:53.494+0000] {drift_monitoring.py:75} INFO - 📥 Téléchargement predictions/date=2025-07-21/hour=19/prediction.parquet et targets/date=2025-07-21/hour=19/target.parquet
[2025-07-28T10:20:53.513+0000] {drift_monitoring.py:114} WARNING - ⚠️ Fichier manquant : predictions/date=2025-07-21/hour=19/prediction.parquet ou targets/date=2025-07-21/hour=19/target.parquet → ignoré
[2025-07-28T10:20:53.515+0000] {drift_monitoring.py:75} INFO - 📥 Téléchargement predictions/date=2025-07-21/hour=20/prediction.parquet et targets/date=2025-07-21/hour=20/target.parquet
[2025-07-28T10:20:53.536+0000] {drift_monitoring.py:114} WARNING - ⚠️ Fichier manquant : predictions/date=2025-07-21/hour=20/prediction.parquet ou targets/date=2025-07-21/hour=20/target.parquet → ignoré
[2025-07-28T10:20:53.537+0000] {drift_monitoring.py:75} INFO - 📥 Téléchargement predictions/date=2025-07-21/hour=21/prediction.parquet et targets/date=2025-07-21/hour=21/target.parquet
[2025-07-28T10:20:53.560+0000] {drift_monitoring.py:114} WARNING - ⚠️ Fichier manquant : predictions/date=2025-07-21/hour=21/prediction.parquet ou targets/date=2025-07-21/hour=21/target.parquet → ignoré
[2025-07-28T10:20:53.562+0000] {drift_monitoring.py:75} INFO - 📥 Téléchargement predictions/date=2025-07-21/hour=22/prediction.parquet et targets/date=2025-07-21/hour=22/target.parquet
[2025-07-28T10:20:53.582+0000] {drift_monitoring.py:114} WARNING - ⚠️ Fichier manquant : predictions/date=2025-07-21/hour=22/prediction.parquet ou targets/date=2025-07-21/hour=22/target.parquet → ignoré
[2025-07-28T10:20:53.583+0000] {drift_monitoring.py:75} INFO - 📥 Téléchargement predictions/date=2025-07-21/hour=23/prediction.parquet et targets/date=2025-07-21/hour=23/target.parquet
[2025-07-28T10:20:53.601+0000] {drift_monitoring.py:114} WARNING - ⚠️ Fichier manquant : predictions/date=2025-07-21/hour=23/prediction.parquet ou targets/date=2025-07-21/hour=23/target.parquet → ignoré
[2025-07-28T10:20:53.602+0000] {drift_monitoring.py:75} INFO - 📥 Téléchargement predictions/date=2025-07-22/hour=00/prediction.parquet et targets/date=2025-07-22/hour=00/target.parquet
[2025-07-28T10:20:53.620+0000] {drift_monitoring.py:114} WARNING - ⚠️ Fichier manquant : predictions/date=2025-07-22/hour=00/prediction.parquet ou targets/date=2025-07-22/hour=00/target.parquet → ignoré
[2025-07-28T10:20:53.621+0000] {drift_monitoring.py:75} INFO - 📥 Téléchargement predictions/date=2025-07-22/hour=01/prediction.parquet et targets/date=2025-07-22/hour=01/target.parquet
[2025-07-28T10:20:53.641+0000] {drift_monitoring.py:114} WARNING - ⚠️ Fichier manquant : predictions/date=2025-07-22/hour=01/prediction.parquet ou targets/date=2025-07-22/hour=01/target.parquet → ignoré
[2025-07-28T10:20:53.643+0000] {drift_monitoring.py:75} INFO - 📥 Téléchargement predictions/date=2025-07-22/hour=02/prediction.parquet et targets/date=2025-07-22/hour=02/target.parquet
[2025-07-28T10:20:53.660+0000] {drift_monitoring.py:114} WARNING - ⚠️ Fichier manquant : predictions/date=2025-07-22/hour=02/prediction.parquet ou targets/date=2025-07-22/hour=02/target.parquet → ignoré
[2025-07-28T10:20:53.661+0000] {drift_monitoring.py:75} INFO - 📥 Téléchargement predictions/date=2025-07-22/hour=03/prediction.parquet et targets/date=2025-07-22/hour=03/target.parquet
[2025-07-28T10:20:53.678+0000] {drift_monitoring.py:114} WARNING - ⚠️ Fichier manquant : predictions/date=2025-07-22/hour=03/prediction.parquet ou targets/date=2025-07-22/hour=03/target.parquet → ignoré
[2025-07-28T10:20:53.679+0000] {drift_monitoring.py:75} INFO - 📥 Téléchargement predictions/date=2025-07-22/hour=04/prediction.parquet et targets/date=2025-07-22/hour=04/target.parquet
[2025-07-28T10:20:53.696+0000] {drift_monitoring.py:114} WARNING - ⚠️ Fichier manquant : predictions/date=2025-07-22/hour=04/prediction.parquet ou targets/date=2025-07-22/hour=04/target.parquet → ignoré
[2025-07-28T10:20:53.697+0000] {drift_monitoring.py:75} INFO - 📥 Téléchargement predictions/date=2025-07-22/hour=05/prediction.parquet et targets/date=2025-07-22/hour=05/target.parquet
[2025-07-28T10:20:53.715+0000] {drift_monitoring.py:114} WARNING - ⚠️ Fichier manquant : predictions/date=2025-07-22/hour=05/prediction.parquet ou targets/date=2025-07-22/hour=05/target.parquet → ignoré
[2025-07-28T10:20:53.717+0000] {drift_monitoring.py:75} INFO - 📥 Téléchargement predictions/date=2025-07-22/hour=06/prediction.parquet et targets/date=2025-07-22/hour=06/target.parquet
[2025-07-28T10:20:53.738+0000] {drift_monitoring.py:114} WARNING - ⚠️ Fichier manquant : predictions/date=2025-07-22/hour=06/prediction.parquet ou targets/date=2025-07-22/hour=06/target.parquet → ignoré
[2025-07-28T10:20:53.739+0000] {drift_monitoring.py:75} INFO - 📥 Téléchargement predictions/date=2025-07-22/hour=07/prediction.parquet et targets/date=2025-07-22/hour=07/target.parquet
[2025-07-28T10:20:53.757+0000] {drift_monitoring.py:114} WARNING - ⚠️ Fichier manquant : predictions/date=2025-07-22/hour=07/prediction.parquet ou targets/date=2025-07-22/hour=07/target.parquet → ignoré
[2025-07-28T10:20:53.759+0000] {drift_monitoring.py:75} INFO - 📥 Téléchargement predictions/date=2025-07-22/hour=08/prediction.parquet et targets/date=2025-07-22/hour=08/target.parquet
[2025-07-28T10:20:53.776+0000] {drift_monitoring.py:114} WARNING - ⚠️ Fichier manquant : predictions/date=2025-07-22/hour=08/prediction.parquet ou targets/date=2025-07-22/hour=08/target.parquet → ignoré
[2025-07-28T10:20:53.778+0000] {drift_monitoring.py:75} INFO - 📥 Téléchargement predictions/date=2025-07-22/hour=09/prediction.parquet et targets/date=2025-07-22/hour=09/target.parquet
[2025-07-28T10:20:53.797+0000] {drift_monitoring.py:114} WARNING - ⚠️ Fichier manquant : predictions/date=2025-07-22/hour=09/prediction.parquet ou targets/date=2025-07-22/hour=09/target.parquet → ignoré
[2025-07-28T10:20:53.799+0000] {drift_monitoring.py:75} INFO - 📥 Téléchargement predictions/date=2025-07-22/hour=10/prediction.parquet et targets/date=2025-07-22/hour=10/target.parquet
[2025-07-28T10:20:53.817+0000] {drift_monitoring.py:114} WARNING - ⚠️ Fichier manquant : predictions/date=2025-07-22/hour=10/prediction.parquet ou targets/date=2025-07-22/hour=10/target.parquet → ignoré
[2025-07-28T10:20:53.819+0000] {drift_monitoring.py:75} INFO - 📥 Téléchargement predictions/date=2025-07-22/hour=11/prediction.parquet et targets/date=2025-07-22/hour=11/target.parquet
[2025-07-28T10:20:53.838+0000] {drift_monitoring.py:114} WARNING - ⚠️ Fichier manquant : predictions/date=2025-07-22/hour=11/prediction.parquet ou targets/date=2025-07-22/hour=11/target.parquet → ignoré
[2025-07-28T10:20:53.839+0000] {drift_monitoring.py:75} INFO - 📥 Téléchargement predictions/date=2025-07-22/hour=12/prediction.parquet et targets/date=2025-07-22/hour=12/target.parquet
[2025-07-28T10:20:53.855+0000] {drift_monitoring.py:114} WARNING - ⚠️ Fichier manquant : predictions/date=2025-07-22/hour=12/prediction.parquet ou targets/date=2025-07-22/hour=12/target.parquet → ignoré
[2025-07-28T10:20:53.857+0000] {drift_monitoring.py:75} INFO - 📥 Téléchargement predictions/date=2025-07-22/hour=13/prediction.parquet et targets/date=2025-07-22/hour=13/target.parquet
[2025-07-28T10:20:53.874+0000] {drift_monitoring.py:114} WARNING - ⚠️ Fichier manquant : predictions/date=2025-07-22/hour=13/prediction.parquet ou targets/date=2025-07-22/hour=13/target.parquet → ignoré
[2025-07-28T10:20:53.875+0000] {drift_monitoring.py:75} INFO - 📥 Téléchargement predictions/date=2025-07-22/hour=14/prediction.parquet et targets/date=2025-07-22/hour=14/target.parquet
[2025-07-28T10:20:53.895+0000] {drift_monitoring.py:114} WARNING - ⚠️ Fichier manquant : predictions/date=2025-07-22/hour=14/prediction.parquet ou targets/date=2025-07-22/hour=14/target.parquet → ignoré
[2025-07-28T10:20:53.896+0000] {drift_monitoring.py:75} INFO - 📥 Téléchargement predictions/date=2025-07-22/hour=15/prediction.parquet et targets/date=2025-07-22/hour=15/target.parquet
[2025-07-28T10:20:53.911+0000] {drift_monitoring.py:114} WARNING - ⚠️ Fichier manquant : predictions/date=2025-07-22/hour=15/prediction.parquet ou targets/date=2025-07-22/hour=15/target.parquet → ignoré
[2025-07-28T10:20:53.913+0000] {drift_monitoring.py:75} INFO - 📥 Téléchargement predictions/date=2025-07-22/hour=16/prediction.parquet et targets/date=2025-07-22/hour=16/target.parquet
[2025-07-28T10:20:53.930+0000] {drift_monitoring.py:114} WARNING - ⚠️ Fichier manquant : predictions/date=2025-07-22/hour=16/prediction.parquet ou targets/date=2025-07-22/hour=16/target.parquet → ignoré
[2025-07-28T10:20:53.932+0000] {drift_monitoring.py:75} INFO - 📥 Téléchargement predictions/date=2025-07-22/hour=17/prediction.parquet et targets/date=2025-07-22/hour=17/target.parquet
[2025-07-28T10:20:53.950+0000] {drift_monitoring.py:114} WARNING - ⚠️ Fichier manquant : predictions/date=2025-07-22/hour=17/prediction.parquet ou targets/date=2025-07-22/hour=17/target.parquet → ignoré
[2025-07-28T10:20:53.952+0000] {drift_monitoring.py:75} INFO - 📥 Téléchargement predictions/date=2025-07-22/hour=18/prediction.parquet et targets/date=2025-07-22/hour=18/target.parquet
[2025-07-28T10:20:53.970+0000] {drift_monitoring.py:114} WARNING - ⚠️ Fichier manquant : predictions/date=2025-07-22/hour=18/prediction.parquet ou targets/date=2025-07-22/hour=18/target.parquet → ignoré
[2025-07-28T10:20:53.972+0000] {drift_monitoring.py:75} INFO - 📥 Téléchargement predictions/date=2025-07-22/hour=19/prediction.parquet et targets/date=2025-07-22/hour=19/target.parquet
[2025-07-28T10:20:53.993+0000] {drift_monitoring.py:114} WARNING - ⚠️ Fichier manquant : predictions/date=2025-07-22/hour=19/prediction.parquet ou targets/date=2025-07-22/hour=19/target.parquet → ignoré
[2025-07-28T10:20:53.994+0000] {drift_monitoring.py:75} INFO - 📥 Téléchargement predictions/date=2025-07-22/hour=20/prediction.parquet et targets/date=2025-07-22/hour=20/target.parquet
[2025-07-28T10:20:54.014+0000] {drift_monitoring.py:114} WARNING - ⚠️ Fichier manquant : predictions/date=2025-07-22/hour=20/prediction.parquet ou targets/date=2025-07-22/hour=20/target.parquet → ignoré
[2025-07-28T10:20:54.016+0000] {drift_monitoring.py:75} INFO - 📥 Téléchargement predictions/date=2025-07-22/hour=21/prediction.parquet et targets/date=2025-07-22/hour=21/target.parquet
[2025-07-28T10:20:54.032+0000] {drift_monitoring.py:114} WARNING - ⚠️ Fichier manquant : predictions/date=2025-07-22/hour=21/prediction.parquet ou targets/date=2025-07-22/hour=21/target.parquet → ignoré
[2025-07-28T10:20:54.033+0000] {drift_monitoring.py:75} INFO - 📥 Téléchargement predictions/date=2025-07-22/hour=22/prediction.parquet et targets/date=2025-07-22/hour=22/target.parquet
[2025-07-28T10:20:54.050+0000] {drift_monitoring.py:114} WARNING - ⚠️ Fichier manquant : predictions/date=2025-07-22/hour=22/prediction.parquet ou targets/date=2025-07-22/hour=22/target.parquet → ignoré
[2025-07-28T10:20:54.052+0000] {drift_monitoring.py:75} INFO - 📥 Téléchargement predictions/date=2025-07-22/hour=23/prediction.parquet et targets/date=2025-07-22/hour=23/target.parquet
[2025-07-28T10:20:54.069+0000] {drift_monitoring.py:114} WARNING - ⚠️ Fichier manquant : predictions/date=2025-07-22/hour=23/prediction.parquet ou targets/date=2025-07-22/hour=23/target.parquet → ignoré
[2025-07-28T10:20:54.071+0000] {drift_monitoring.py:75} INFO - 📥 Téléchargement predictions/date=2025-07-23/hour=00/prediction.parquet et targets/date=2025-07-23/hour=00/target.parquet
[2025-07-28T10:20:54.087+0000] {drift_monitoring.py:114} WARNING - ⚠️ Fichier manquant : predictions/date=2025-07-23/hour=00/prediction.parquet ou targets/date=2025-07-23/hour=00/target.parquet → ignoré
[2025-07-28T10:20:54.088+0000] {drift_monitoring.py:75} INFO - 📥 Téléchargement predictions/date=2025-07-23/hour=01/prediction.parquet et targets/date=2025-07-23/hour=01/target.parquet
[2025-07-28T10:20:54.104+0000] {drift_monitoring.py:114} WARNING - ⚠️ Fichier manquant : predictions/date=2025-07-23/hour=01/prediction.parquet ou targets/date=2025-07-23/hour=01/target.parquet → ignoré
[2025-07-28T10:20:54.105+0000] {drift_monitoring.py:75} INFO - 📥 Téléchargement predictions/date=2025-07-23/hour=02/prediction.parquet et targets/date=2025-07-23/hour=02/target.parquet
[2025-07-28T10:20:54.122+0000] {drift_monitoring.py:114} WARNING - ⚠️ Fichier manquant : predictions/date=2025-07-23/hour=02/prediction.parquet ou targets/date=2025-07-23/hour=02/target.parquet → ignoré
[2025-07-28T10:20:54.124+0000] {drift_monitoring.py:75} INFO - 📥 Téléchargement predictions/date=2025-07-23/hour=03/prediction.parquet et targets/date=2025-07-23/hour=03/target.parquet
[2025-07-28T10:20:54.140+0000] {drift_monitoring.py:114} WARNING - ⚠️ Fichier manquant : predictions/date=2025-07-23/hour=03/prediction.parquet ou targets/date=2025-07-23/hour=03/target.parquet → ignoré
[2025-07-28T10:20:54.141+0000] {drift_monitoring.py:75} INFO - 📥 Téléchargement predictions/date=2025-07-23/hour=04/prediction.parquet et targets/date=2025-07-23/hour=04/target.parquet
[2025-07-28T10:20:54.158+0000] {drift_monitoring.py:114} WARNING - ⚠️ Fichier manquant : predictions/date=2025-07-23/hour=04/prediction.parquet ou targets/date=2025-07-23/hour=04/target.parquet → ignoré
[2025-07-28T10:20:54.159+0000] {drift_monitoring.py:75} INFO - 📥 Téléchargement predictions/date=2025-07-23/hour=05/prediction.parquet et targets/date=2025-07-23/hour=05/target.parquet
[2025-07-28T10:20:54.175+0000] {drift_monitoring.py:114} WARNING - ⚠️ Fichier manquant : predictions/date=2025-07-23/hour=05/prediction.parquet ou targets/date=2025-07-23/hour=05/target.parquet → ignoré
[2025-07-28T10:20:54.176+0000] {drift_monitoring.py:75} INFO - 📥 Téléchargement predictions/date=2025-07-23/hour=06/prediction.parquet et targets/date=2025-07-23/hour=06/target.parquet
[2025-07-28T10:20:54.192+0000] {drift_monitoring.py:114} WARNING - ⚠️ Fichier manquant : predictions/date=2025-07-23/hour=06/prediction.parquet ou targets/date=2025-07-23/hour=06/target.parquet → ignoré
[2025-07-28T10:20:54.193+0000] {drift_monitoring.py:75} INFO - 📥 Téléchargement predictions/date=2025-07-23/hour=07/prediction.parquet et targets/date=2025-07-23/hour=07/target.parquet
[2025-07-28T10:20:54.208+0000] {drift_monitoring.py:114} WARNING - ⚠️ Fichier manquant : predictions/date=2025-07-23/hour=07/prediction.parquet ou targets/date=2025-07-23/hour=07/target.parquet → ignoré
[2025-07-28T10:20:54.209+0000] {drift_monitoring.py:75} INFO - 📥 Téléchargement predictions/date=2025-07-23/hour=08/prediction.parquet et targets/date=2025-07-23/hour=08/target.parquet
[2025-07-28T10:20:54.228+0000] {drift_monitoring.py:114} WARNING - ⚠️ Fichier manquant : predictions/date=2025-07-23/hour=08/prediction.parquet ou targets/date=2025-07-23/hour=08/target.parquet → ignoré
[2025-07-28T10:20:54.229+0000] {drift_monitoring.py:75} INFO - 📥 Téléchargement predictions/date=2025-07-23/hour=09/prediction.parquet et targets/date=2025-07-23/hour=09/target.parquet
[2025-07-28T10:20:54.247+0000] {drift_monitoring.py:114} WARNING - ⚠️ Fichier manquant : predictions/date=2025-07-23/hour=09/prediction.parquet ou targets/date=2025-07-23/hour=09/target.parquet → ignoré
[2025-07-28T10:20:54.248+0000] {drift_monitoring.py:75} INFO - 📥 Téléchargement predictions/date=2025-07-23/hour=10/prediction.parquet et targets/date=2025-07-23/hour=10/target.parquet
[2025-07-28T10:20:54.264+0000] {drift_monitoring.py:114} WARNING - ⚠️ Fichier manquant : predictions/date=2025-07-23/hour=10/prediction.parquet ou targets/date=2025-07-23/hour=10/target.parquet → ignoré
[2025-07-28T10:20:54.265+0000] {drift_monitoring.py:75} INFO - 📥 Téléchargement predictions/date=2025-07-23/hour=11/prediction.parquet et targets/date=2025-07-23/hour=11/target.parquet
[2025-07-28T10:20:54.283+0000] {drift_monitoring.py:114} WARNING - ⚠️ Fichier manquant : predictions/date=2025-07-23/hour=11/prediction.parquet ou targets/date=2025-07-23/hour=11/target.parquet → ignoré
[2025-07-28T10:20:54.284+0000] {drift_monitoring.py:75} INFO - 📥 Téléchargement predictions/date=2025-07-23/hour=12/prediction.parquet et targets/date=2025-07-23/hour=12/target.parquet
[2025-07-28T10:20:54.301+0000] {drift_monitoring.py:114} WARNING - ⚠️ Fichier manquant : predictions/date=2025-07-23/hour=12/prediction.parquet ou targets/date=2025-07-23/hour=12/target.parquet → ignoré
[2025-07-28T10:20:54.302+0000] {drift_monitoring.py:75} INFO - 📥 Téléchargement predictions/date=2025-07-23/hour=13/prediction.parquet et targets/date=2025-07-23/hour=13/target.parquet
[2025-07-28T10:20:54.320+0000] {drift_monitoring.py:114} WARNING - ⚠️ Fichier manquant : predictions/date=2025-07-23/hour=13/prediction.parquet ou targets/date=2025-07-23/hour=13/target.parquet → ignoré
[2025-07-28T10:20:54.321+0000] {drift_monitoring.py:75} INFO - 📥 Téléchargement predictions/date=2025-07-23/hour=14/prediction.parquet et targets/date=2025-07-23/hour=14/target.parquet
[2025-07-28T10:20:54.339+0000] {drift_monitoring.py:114} WARNING - ⚠️ Fichier manquant : predictions/date=2025-07-23/hour=14/prediction.parquet ou targets/date=2025-07-23/hour=14/target.parquet → ignoré
[2025-07-28T10:20:54.340+0000] {drift_monitoring.py:75} INFO - 📥 Téléchargement predictions/date=2025-07-23/hour=15/prediction.parquet et targets/date=2025-07-23/hour=15/target.parquet
[2025-07-28T10:20:54.356+0000] {drift_monitoring.py:114} WARNING - ⚠️ Fichier manquant : predictions/date=2025-07-23/hour=15/prediction.parquet ou targets/date=2025-07-23/hour=15/target.parquet → ignoré
[2025-07-28T10:20:54.357+0000] {drift_monitoring.py:75} INFO - 📥 Téléchargement predictions/date=2025-07-23/hour=16/prediction.parquet et targets/date=2025-07-23/hour=16/target.parquet
[2025-07-28T10:20:54.373+0000] {drift_monitoring.py:114} WARNING - ⚠️ Fichier manquant : predictions/date=2025-07-23/hour=16/prediction.parquet ou targets/date=2025-07-23/hour=16/target.parquet → ignoré
[2025-07-28T10:20:54.375+0000] {drift_monitoring.py:75} INFO - 📥 Téléchargement predictions/date=2025-07-23/hour=17/prediction.parquet et targets/date=2025-07-23/hour=17/target.parquet
[2025-07-28T10:20:54.392+0000] {drift_monitoring.py:114} WARNING - ⚠️ Fichier manquant : predictions/date=2025-07-23/hour=17/prediction.parquet ou targets/date=2025-07-23/hour=17/target.parquet → ignoré
[2025-07-28T10:20:54.393+0000] {drift_monitoring.py:75} INFO - 📥 Téléchargement predictions/date=2025-07-23/hour=18/prediction.parquet et targets/date=2025-07-23/hour=18/target.parquet
[2025-07-28T10:20:54.408+0000] {drift_monitoring.py:114} WARNING - ⚠️ Fichier manquant : predictions/date=2025-07-23/hour=18/prediction.parquet ou targets/date=2025-07-23/hour=18/target.parquet → ignoré
[2025-07-28T10:20:54.410+0000] {drift_monitoring.py:75} INFO - 📥 Téléchargement predictions/date=2025-07-23/hour=19/prediction.parquet et targets/date=2025-07-23/hour=19/target.parquet
[2025-07-28T10:20:54.427+0000] {drift_monitoring.py:114} WARNING - ⚠️ Fichier manquant : predictions/date=2025-07-23/hour=19/prediction.parquet ou targets/date=2025-07-23/hour=19/target.parquet → ignoré
[2025-07-28T10:20:54.428+0000] {drift_monitoring.py:75} INFO - 📥 Téléchargement predictions/date=2025-07-23/hour=20/prediction.parquet et targets/date=2025-07-23/hour=20/target.parquet
[2025-07-28T10:20:54.445+0000] {drift_monitoring.py:114} WARNING - ⚠️ Fichier manquant : predictions/date=2025-07-23/hour=20/prediction.parquet ou targets/date=2025-07-23/hour=20/target.parquet → ignoré
[2025-07-28T10:20:54.446+0000] {drift_monitoring.py:75} INFO - 📥 Téléchargement predictions/date=2025-07-23/hour=21/prediction.parquet et targets/date=2025-07-23/hour=21/target.parquet
[2025-07-28T10:20:54.462+0000] {drift_monitoring.py:114} WARNING - ⚠️ Fichier manquant : predictions/date=2025-07-23/hour=21/prediction.parquet ou targets/date=2025-07-23/hour=21/target.parquet → ignoré
[2025-07-28T10:20:54.463+0000] {drift_monitoring.py:75} INFO - 📥 Téléchargement predictions/date=2025-07-23/hour=22/prediction.parquet et targets/date=2025-07-23/hour=22/target.parquet
[2025-07-28T10:20:54.479+0000] {drift_monitoring.py:114} WARNING - ⚠️ Fichier manquant : predictions/date=2025-07-23/hour=22/prediction.parquet ou targets/date=2025-07-23/hour=22/target.parquet → ignoré
[2025-07-28T10:20:54.480+0000] {drift_monitoring.py:75} INFO - 📥 Téléchargement predictions/date=2025-07-23/hour=23/prediction.parquet et targets/date=2025-07-23/hour=23/target.parquet
[2025-07-28T10:20:54.496+0000] {drift_monitoring.py:114} WARNING - ⚠️ Fichier manquant : predictions/date=2025-07-23/hour=23/prediction.parquet ou targets/date=2025-07-23/hour=23/target.parquet → ignoré
[2025-07-28T10:20:54.497+0000] {drift_monitoring.py:75} INFO - 📥 Téléchargement predictions/date=2025-07-24/hour=00/prediction.parquet et targets/date=2025-07-24/hour=00/target.parquet
[2025-07-28T10:20:54.513+0000] {drift_monitoring.py:114} WARNING - ⚠️ Fichier manquant : predictions/date=2025-07-24/hour=00/prediction.parquet ou targets/date=2025-07-24/hour=00/target.parquet → ignoré
[2025-07-28T10:20:54.514+0000] {drift_monitoring.py:75} INFO - 📥 Téléchargement predictions/date=2025-07-24/hour=01/prediction.parquet et targets/date=2025-07-24/hour=01/target.parquet
[2025-07-28T10:20:54.529+0000] {drift_monitoring.py:114} WARNING - ⚠️ Fichier manquant : predictions/date=2025-07-24/hour=01/prediction.parquet ou targets/date=2025-07-24/hour=01/target.parquet → ignoré
[2025-07-28T10:20:54.531+0000] {drift_monitoring.py:75} INFO - 📥 Téléchargement predictions/date=2025-07-24/hour=02/prediction.parquet et targets/date=2025-07-24/hour=02/target.parquet
[2025-07-28T10:20:54.547+0000] {drift_monitoring.py:114} WARNING - ⚠️ Fichier manquant : predictions/date=2025-07-24/hour=02/prediction.parquet ou targets/date=2025-07-24/hour=02/target.parquet → ignoré
[2025-07-28T10:20:54.548+0000] {drift_monitoring.py:75} INFO - 📥 Téléchargement predictions/date=2025-07-24/hour=03/prediction.parquet et targets/date=2025-07-24/hour=03/target.parquet
[2025-07-28T10:20:54.562+0000] {drift_monitoring.py:114} WARNING - ⚠️ Fichier manquant : predictions/date=2025-07-24/hour=03/prediction.parquet ou targets/date=2025-07-24/hour=03/target.parquet → ignoré
[2025-07-28T10:20:54.564+0000] {drift_monitoring.py:75} INFO - 📥 Téléchargement predictions/date=2025-07-24/hour=04/prediction.parquet et targets/date=2025-07-24/hour=04/target.parquet
[2025-07-28T10:20:54.578+0000] {drift_monitoring.py:114} WARNING - ⚠️ Fichier manquant : predictions/date=2025-07-24/hour=04/prediction.parquet ou targets/date=2025-07-24/hour=04/target.parquet → ignoré
[2025-07-28T10:20:54.579+0000] {drift_monitoring.py:75} INFO - 📥 Téléchargement predictions/date=2025-07-24/hour=05/prediction.parquet et targets/date=2025-07-24/hour=05/target.parquet
[2025-07-28T10:20:54.594+0000] {drift_monitoring.py:114} WARNING - ⚠️ Fichier manquant : predictions/date=2025-07-24/hour=05/prediction.parquet ou targets/date=2025-07-24/hour=05/target.parquet → ignoré
[2025-07-28T10:20:54.595+0000] {drift_monitoring.py:75} INFO - 📥 Téléchargement predictions/date=2025-07-24/hour=06/prediction.parquet et targets/date=2025-07-24/hour=06/target.parquet
[2025-07-28T10:20:54.611+0000] {drift_monitoring.py:114} WARNING - ⚠️ Fichier manquant : predictions/date=2025-07-24/hour=06/prediction.parquet ou targets/date=2025-07-24/hour=06/target.parquet → ignoré
[2025-07-28T10:20:54.612+0000] {drift_monitoring.py:75} INFO - 📥 Téléchargement predictions/date=2025-07-24/hour=07/prediction.parquet et targets/date=2025-07-24/hour=07/target.parquet
[2025-07-28T10:20:54.629+0000] {drift_monitoring.py:114} WARNING - ⚠️ Fichier manquant : predictions/date=2025-07-24/hour=07/prediction.parquet ou targets/date=2025-07-24/hour=07/target.parquet → ignoré
[2025-07-28T10:20:54.630+0000] {drift_monitoring.py:75} INFO - 📥 Téléchargement predictions/date=2025-07-24/hour=08/prediction.parquet et targets/date=2025-07-24/hour=08/target.parquet
[2025-07-28T10:20:54.646+0000] {drift_monitoring.py:114} WARNING - ⚠️ Fichier manquant : predictions/date=2025-07-24/hour=08/prediction.parquet ou targets/date=2025-07-24/hour=08/target.parquet → ignoré
[2025-07-28T10:20:54.647+0000] {drift_monitoring.py:75} INFO - 📥 Téléchargement predictions/date=2025-07-24/hour=09/prediction.parquet et targets/date=2025-07-24/hour=09/target.parquet
[2025-07-28T10:20:54.663+0000] {drift_monitoring.py:114} WARNING - ⚠️ Fichier manquant : predictions/date=2025-07-24/hour=09/prediction.parquet ou targets/date=2025-07-24/hour=09/target.parquet → ignoré
[2025-07-28T10:20:54.664+0000] {drift_monitoring.py:75} INFO - 📥 Téléchargement predictions/date=2025-07-24/hour=10/prediction.parquet et targets/date=2025-07-24/hour=10/target.parquet
[2025-07-28T10:20:54.679+0000] {drift_monitoring.py:114} WARNING - ⚠️ Fichier manquant : predictions/date=2025-07-24/hour=10/prediction.parquet ou targets/date=2025-07-24/hour=10/target.parquet → ignoré
[2025-07-28T10:20:54.681+0000] {drift_monitoring.py:75} INFO - 📥 Téléchargement predictions/date=2025-07-24/hour=11/prediction.parquet et targets/date=2025-07-24/hour=11/target.parquet
[2025-07-28T10:20:54.697+0000] {drift_monitoring.py:114} WARNING - ⚠️ Fichier manquant : predictions/date=2025-07-24/hour=11/prediction.parquet ou targets/date=2025-07-24/hour=11/target.parquet → ignoré
[2025-07-28T10:20:54.698+0000] {drift_monitoring.py:75} INFO - 📥 Téléchargement predictions/date=2025-07-24/hour=12/prediction.parquet et targets/date=2025-07-24/hour=12/target.parquet
[2025-07-28T10:20:54.714+0000] {drift_monitoring.py:114} WARNING - ⚠️ Fichier manquant : predictions/date=2025-07-24/hour=12/prediction.parquet ou targets/date=2025-07-24/hour=12/target.parquet → ignoré
[2025-07-28T10:20:54.715+0000] {drift_monitoring.py:75} INFO - 📥 Téléchargement predictions/date=2025-07-24/hour=13/prediction.parquet et targets/date=2025-07-24/hour=13/target.parquet
[2025-07-28T10:20:53.232+0000] {drift_monitoring.py:114} WARNING - ⚠️ Fichier manquant : predictions/date=2025-07-24/hour=13/prediction.parquet ou targets/date=2025-07-24/hour=13/target.parquet → ignoré
[2025-07-28T10:20:53.234+0000] {drift_monitoring.py:75} INFO - 📥 Téléchargement predictions/date=2025-07-24/hour=14/prediction.parquet et targets/date=2025-07-24/hour=14/target.parquet
[2025-07-28T10:20:53.255+0000] {drift_monitoring.py:114} WARNING - ⚠️ Fichier manquant : predictions/date=2025-07-24/hour=14/prediction.parquet ou targets/date=2025-07-24/hour=14/target.parquet → ignoré
[2025-07-28T10:20:53.257+0000] {drift_monitoring.py:75} INFO - 📥 Téléchargement predictions/date=2025-07-24/hour=15/prediction.parquet et targets/date=2025-07-24/hour=15/target.parquet
[2025-07-28T10:20:53.276+0000] {drift_monitoring.py:114} WARNING - ⚠️ Fichier manquant : predictions/date=2025-07-24/hour=15/prediction.parquet ou targets/date=2025-07-24/hour=15/target.parquet → ignoré
[2025-07-28T10:20:53.278+0000] {drift_monitoring.py:75} INFO - 📥 Téléchargement predictions/date=2025-07-24/hour=16/prediction.parquet et targets/date=2025-07-24/hour=16/target.parquet
[2025-07-28T10:20:53.296+0000] {drift_monitoring.py:114} WARNING - ⚠️ Fichier manquant : predictions/date=2025-07-24/hour=16/prediction.parquet ou targets/date=2025-07-24/hour=16/target.parquet → ignoré
[2025-07-28T10:20:53.298+0000] {drift_monitoring.py:75} INFO - 📥 Téléchargement predictions/date=2025-07-24/hour=17/prediction.parquet et targets/date=2025-07-24/hour=17/target.parquet
[2025-07-28T10:20:53.315+0000] {drift_monitoring.py:114} WARNING - ⚠️ Fichier manquant : predictions/date=2025-07-24/hour=17/prediction.parquet ou targets/date=2025-07-24/hour=17/target.parquet → ignoré
[2025-07-28T10:20:53.317+0000] {drift_monitoring.py:75} INFO - 📥 Téléchargement predictions/date=2025-07-24/hour=18/prediction.parquet et targets/date=2025-07-24/hour=18/target.parquet
[2025-07-28T10:20:53.335+0000] {drift_monitoring.py:114} WARNING - ⚠️ Fichier manquant : predictions/date=2025-07-24/hour=18/prediction.parquet ou targets/date=2025-07-24/hour=18/target.parquet → ignoré
[2025-07-28T10:20:53.336+0000] {drift_monitoring.py:75} INFO - 📥 Téléchargement predictions/date=2025-07-24/hour=19/prediction.parquet et targets/date=2025-07-24/hour=19/target.parquet
[2025-07-28T10:20:53.353+0000] {drift_monitoring.py:114} WARNING - ⚠️ Fichier manquant : predictions/date=2025-07-24/hour=19/prediction.parquet ou targets/date=2025-07-24/hour=19/target.parquet → ignoré
[2025-07-28T10:20:53.354+0000] {drift_monitoring.py:75} INFO - 📥 Téléchargement predictions/date=2025-07-24/hour=20/prediction.parquet et targets/date=2025-07-24/hour=20/target.parquet
[2025-07-28T10:20:53.372+0000] {drift_monitoring.py:114} WARNING - ⚠️ Fichier manquant : predictions/date=2025-07-24/hour=20/prediction.parquet ou targets/date=2025-07-24/hour=20/target.parquet → ignoré
[2025-07-28T10:20:53.373+0000] {drift_monitoring.py:75} INFO - 📥 Téléchargement predictions/date=2025-07-24/hour=21/prediction.parquet et targets/date=2025-07-24/hour=21/target.parquet
[2025-07-28T10:20:53.392+0000] {drift_monitoring.py:114} WARNING - ⚠️ Fichier manquant : predictions/date=2025-07-24/hour=21/prediction.parquet ou targets/date=2025-07-24/hour=21/target.parquet → ignoré
[2025-07-28T10:20:53.393+0000] {drift_monitoring.py:75} INFO - 📥 Téléchargement predictions/date=2025-07-24/hour=22/prediction.parquet et targets/date=2025-07-24/hour=22/target.parquet
[2025-07-28T10:20:53.410+0000] {drift_monitoring.py:114} WARNING - ⚠️ Fichier manquant : predictions/date=2025-07-24/hour=22/prediction.parquet ou targets/date=2025-07-24/hour=22/target.parquet → ignoré
[2025-07-28T10:20:53.412+0000] {drift_monitoring.py:75} INFO - 📥 Téléchargement predictions/date=2025-07-24/hour=23/prediction.parquet et targets/date=2025-07-24/hour=23/target.parquet
[2025-07-28T10:20:53.427+0000] {drift_monitoring.py:114} WARNING - ⚠️ Fichier manquant : predictions/date=2025-07-24/hour=23/prediction.parquet ou targets/date=2025-07-24/hour=23/target.parquet → ignoré
[2025-07-28T10:20:53.428+0000] {drift_monitoring.py:75} INFO - 📥 Téléchargement predictions/date=2025-07-25/hour=00/prediction.parquet et targets/date=2025-07-25/hour=00/target.parquet
[2025-07-28T10:20:53.442+0000] {drift_monitoring.py:114} WARNING - ⚠️ Fichier manquant : predictions/date=2025-07-25/hour=00/prediction.parquet ou targets/date=2025-07-25/hour=00/target.parquet → ignoré
[2025-07-28T10:20:53.443+0000] {drift_monitoring.py:75} INFO - 📥 Téléchargement predictions/date=2025-07-25/hour=01/prediction.parquet et targets/date=2025-07-25/hour=01/target.parquet
[2025-07-28T10:20:53.457+0000] {drift_monitoring.py:114} WARNING - ⚠️ Fichier manquant : predictions/date=2025-07-25/hour=01/prediction.parquet ou targets/date=2025-07-25/hour=01/target.parquet → ignoré
[2025-07-28T10:20:53.458+0000] {drift_monitoring.py:75} INFO - 📥 Téléchargement predictions/date=2025-07-25/hour=02/prediction.parquet et targets/date=2025-07-25/hour=02/target.parquet
[2025-07-28T10:20:53.471+0000] {drift_monitoring.py:114} WARNING - ⚠️ Fichier manquant : predictions/date=2025-07-25/hour=02/prediction.parquet ou targets/date=2025-07-25/hour=02/target.parquet → ignoré
[2025-07-28T10:20:53.472+0000] {drift_monitoring.py:75} INFO - 📥 Téléchargement predictions/date=2025-07-25/hour=03/prediction.parquet et targets/date=2025-07-25/hour=03/target.parquet
[2025-07-28T10:20:53.486+0000] {drift_monitoring.py:114} WARNING - ⚠️ Fichier manquant : predictions/date=2025-07-25/hour=03/prediction.parquet ou targets/date=2025-07-25/hour=03/target.parquet → ignoré
[2025-07-28T10:20:53.487+0000] {drift_monitoring.py:75} INFO - 📥 Téléchargement predictions/date=2025-07-25/hour=04/prediction.parquet et targets/date=2025-07-25/hour=04/target.parquet
[2025-07-28T10:20:53.501+0000] {drift_monitoring.py:114} WARNING - ⚠️ Fichier manquant : predictions/date=2025-07-25/hour=04/prediction.parquet ou targets/date=2025-07-25/hour=04/target.parquet → ignoré
[2025-07-28T10:20:53.503+0000] {drift_monitoring.py:75} INFO - 📥 Téléchargement predictions/date=2025-07-25/hour=05/prediction.parquet et targets/date=2025-07-25/hour=05/target.parquet
[2025-07-28T10:20:53.517+0000] {drift_monitoring.py:114} WARNING - ⚠️ Fichier manquant : predictions/date=2025-07-25/hour=05/prediction.parquet ou targets/date=2025-07-25/hour=05/target.parquet → ignoré
[2025-07-28T10:20:53.518+0000] {drift_monitoring.py:75} INFO - 📥 Téléchargement predictions/date=2025-07-25/hour=06/prediction.parquet et targets/date=2025-07-25/hour=06/target.parquet
[2025-07-28T10:20:53.530+0000] {drift_monitoring.py:114} WARNING - ⚠️ Fichier manquant : predictions/date=2025-07-25/hour=06/prediction.parquet ou targets/date=2025-07-25/hour=06/target.parquet → ignoré
[2025-07-28T10:20:53.531+0000] {drift_monitoring.py:75} INFO - 📥 Téléchargement predictions/date=2025-07-25/hour=07/prediction.parquet et targets/date=2025-07-25/hour=07/target.parquet
[2025-07-28T10:20:53.544+0000] {drift_monitoring.py:114} WARNING - ⚠️ Fichier manquant : predictions/date=2025-07-25/hour=07/prediction.parquet ou targets/date=2025-07-25/hour=07/target.parquet → ignoré
[2025-07-28T10:20:53.545+0000] {drift_monitoring.py:75} INFO - 📥 Téléchargement predictions/date=2025-07-25/hour=08/prediction.parquet et targets/date=2025-07-25/hour=08/target.parquet
[2025-07-28T10:20:53.558+0000] {drift_monitoring.py:114} WARNING - ⚠️ Fichier manquant : predictions/date=2025-07-25/hour=08/prediction.parquet ou targets/date=2025-07-25/hour=08/target.parquet → ignoré
[2025-07-28T10:20:53.559+0000] {drift_monitoring.py:75} INFO - 📥 Téléchargement predictions/date=2025-07-25/hour=09/prediction.parquet et targets/date=2025-07-25/hour=09/target.parquet
[2025-07-28T10:20:53.572+0000] {drift_monitoring.py:114} WARNING - ⚠️ Fichier manquant : predictions/date=2025-07-25/hour=09/prediction.parquet ou targets/date=2025-07-25/hour=09/target.parquet → ignoré
[2025-07-28T10:20:53.573+0000] {drift_monitoring.py:75} INFO - 📥 Téléchargement predictions/date=2025-07-25/hour=10/prediction.parquet et targets/date=2025-07-25/hour=10/target.parquet
[2025-07-28T10:20:53.586+0000] {drift_monitoring.py:114} WARNING - ⚠️ Fichier manquant : predictions/date=2025-07-25/hour=10/prediction.parquet ou targets/date=2025-07-25/hour=10/target.parquet → ignoré
[2025-07-28T10:20:53.587+0000] {drift_monitoring.py:75} INFO - 📥 Téléchargement predictions/date=2025-07-25/hour=11/prediction.parquet et targets/date=2025-07-25/hour=11/target.parquet
[2025-07-28T10:20:53.599+0000] {drift_monitoring.py:114} WARNING - ⚠️ Fichier manquant : predictions/date=2025-07-25/hour=11/prediction.parquet ou targets/date=2025-07-25/hour=11/target.parquet → ignoré
[2025-07-28T10:20:53.601+0000] {drift_monitoring.py:75} INFO - 📥 Téléchargement predictions/date=2025-07-25/hour=12/prediction.parquet et targets/date=2025-07-25/hour=12/target.parquet
[2025-07-28T10:20:53.614+0000] {drift_monitoring.py:114} WARNING - ⚠️ Fichier manquant : predictions/date=2025-07-25/hour=12/prediction.parquet ou targets/date=2025-07-25/hour=12/target.parquet → ignoré
[2025-07-28T10:20:53.615+0000] {drift_monitoring.py:75} INFO - 📥 Téléchargement predictions/date=2025-07-25/hour=13/prediction.parquet et targets/date=2025-07-25/hour=13/target.parquet
[2025-07-28T10:20:53.629+0000] {drift_monitoring.py:114} WARNING - ⚠️ Fichier manquant : predictions/date=2025-07-25/hour=13/prediction.parquet ou targets/date=2025-07-25/hour=13/target.parquet → ignoré
[2025-07-28T10:20:53.630+0000] {drift_monitoring.py:75} INFO - 📥 Téléchargement predictions/date=2025-07-25/hour=14/prediction.parquet et targets/date=2025-07-25/hour=14/target.parquet
[2025-07-28T10:20:53.649+0000] {drift_monitoring.py:114} WARNING - ⚠️ Fichier manquant : predictions/date=2025-07-25/hour=14/prediction.parquet ou targets/date=2025-07-25/hour=14/target.parquet → ignoré
[2025-07-28T10:20:53.651+0000] {drift_monitoring.py:75} INFO - 📥 Téléchargement predictions/date=2025-07-25/hour=15/prediction.parquet et targets/date=2025-07-25/hour=15/target.parquet
[2025-07-28T10:20:53.666+0000] {drift_monitoring.py:114} WARNING - ⚠️ Fichier manquant : predictions/date=2025-07-25/hour=15/prediction.parquet ou targets/date=2025-07-25/hour=15/target.parquet → ignoré
[2025-07-28T10:20:53.668+0000] {drift_monitoring.py:75} INFO - 📥 Téléchargement predictions/date=2025-07-25/hour=16/prediction.parquet et targets/date=2025-07-25/hour=16/target.parquet
[2025-07-28T10:20:53.683+0000] {drift_monitoring.py:114} WARNING - ⚠️ Fichier manquant : predictions/date=2025-07-25/hour=16/prediction.parquet ou targets/date=2025-07-25/hour=16/target.parquet → ignoré
[2025-07-28T10:20:53.684+0000] {drift_monitoring.py:75} INFO - 📥 Téléchargement predictions/date=2025-07-25/hour=17/prediction.parquet et targets/date=2025-07-25/hour=17/target.parquet
[2025-07-28T10:20:53.699+0000] {drift_monitoring.py:114} WARNING - ⚠️ Fichier manquant : predictions/date=2025-07-25/hour=17/prediction.parquet ou targets/date=2025-07-25/hour=17/target.parquet → ignoré
[2025-07-28T10:20:53.700+0000] {drift_monitoring.py:75} INFO - 📥 Téléchargement predictions/date=2025-07-25/hour=18/prediction.parquet et targets/date=2025-07-25/hour=18/target.parquet
[2025-07-28T10:20:53.721+0000] {drift_monitoring.py:114} WARNING - ⚠️ Fichier manquant : predictions/date=2025-07-25/hour=18/prediction.parquet ou targets/date=2025-07-25/hour=18/target.parquet → ignoré
[2025-07-28T10:20:53.722+0000] {drift_monitoring.py:75} INFO - 📥 Téléchargement predictions/date=2025-07-25/hour=19/prediction.parquet et targets/date=2025-07-25/hour=19/target.parquet
[2025-07-28T10:20:53.738+0000] {drift_monitoring.py:114} WARNING - ⚠️ Fichier manquant : predictions/date=2025-07-25/hour=19/prediction.parquet ou targets/date=2025-07-25/hour=19/target.parquet → ignoré
[2025-07-28T10:20:53.739+0000] {drift_monitoring.py:75} INFO - 📥 Téléchargement predictions/date=2025-07-25/hour=20/prediction.parquet et targets/date=2025-07-25/hour=20/target.parquet
[2025-07-28T10:20:53.753+0000] {drift_monitoring.py:114} WARNING - ⚠️ Fichier manquant : predictions/date=2025-07-25/hour=20/prediction.parquet ou targets/date=2025-07-25/hour=20/target.parquet → ignoré
[2025-07-28T10:20:53.754+0000] {drift_monitoring.py:75} INFO - 📥 Téléchargement predictions/date=2025-07-25/hour=21/prediction.parquet et targets/date=2025-07-25/hour=21/target.parquet
[2025-07-28T10:20:53.767+0000] {drift_monitoring.py:114} WARNING - ⚠️ Fichier manquant : predictions/date=2025-07-25/hour=21/prediction.parquet ou targets/date=2025-07-25/hour=21/target.parquet → ignoré
[2025-07-28T10:20:53.768+0000] {drift_monitoring.py:75} INFO - 📥 Téléchargement predictions/date=2025-07-25/hour=22/prediction.parquet et targets/date=2025-07-25/hour=22/target.parquet
[2025-07-28T10:20:53.781+0000] {drift_monitoring.py:114} WARNING - ⚠️ Fichier manquant : predictions/date=2025-07-25/hour=22/prediction.parquet ou targets/date=2025-07-25/hour=22/target.parquet → ignoré
[2025-07-28T10:20:53.782+0000] {drift_monitoring.py:75} INFO - 📥 Téléchargement predictions/date=2025-07-25/hour=23/prediction.parquet et targets/date=2025-07-25/hour=23/target.parquet
[2025-07-28T10:20:53.796+0000] {drift_monitoring.py:114} WARNING - ⚠️ Fichier manquant : predictions/date=2025-07-25/hour=23/prediction.parquet ou targets/date=2025-07-25/hour=23/target.parquet → ignoré
[2025-07-28T10:20:53.797+0000] {drift_monitoring.py:75} INFO - 📥 Téléchargement predictions/date=2025-07-26/hour=00/prediction.parquet et targets/date=2025-07-26/hour=00/target.parquet
[2025-07-28T10:20:53.812+0000] {drift_monitoring.py:114} WARNING - ⚠️ Fichier manquant : predictions/date=2025-07-26/hour=00/prediction.parquet ou targets/date=2025-07-26/hour=00/target.parquet → ignoré
[2025-07-28T10:20:53.813+0000] {drift_monitoring.py:75} INFO - 📥 Téléchargement predictions/date=2025-07-26/hour=01/prediction.parquet et targets/date=2025-07-26/hour=01/target.parquet
[2025-07-28T10:20:53.830+0000] {drift_monitoring.py:114} WARNING - ⚠️ Fichier manquant : predictions/date=2025-07-26/hour=01/prediction.parquet ou targets/date=2025-07-26/hour=01/target.parquet → ignoré
[2025-07-28T10:20:53.831+0000] {drift_monitoring.py:75} INFO - 📥 Téléchargement predictions/date=2025-07-26/hour=02/prediction.parquet et targets/date=2025-07-26/hour=02/target.parquet
[2025-07-28T10:20:53.850+0000] {drift_monitoring.py:114} WARNING - ⚠️ Fichier manquant : predictions/date=2025-07-26/hour=02/prediction.parquet ou targets/date=2025-07-26/hour=02/target.parquet → ignoré
[2025-07-28T10:20:53.852+0000] {drift_monitoring.py:75} INFO - 📥 Téléchargement predictions/date=2025-07-26/hour=03/prediction.parquet et targets/date=2025-07-26/hour=03/target.parquet
[2025-07-28T10:20:53.870+0000] {drift_monitoring.py:114} WARNING - ⚠️ Fichier manquant : predictions/date=2025-07-26/hour=03/prediction.parquet ou targets/date=2025-07-26/hour=03/target.parquet → ignoré
[2025-07-28T10:20:53.871+0000] {drift_monitoring.py:75} INFO - 📥 Téléchargement predictions/date=2025-07-26/hour=04/prediction.parquet et targets/date=2025-07-26/hour=04/target.parquet
[2025-07-28T10:20:53.890+0000] {drift_monitoring.py:114} WARNING - ⚠️ Fichier manquant : predictions/date=2025-07-26/hour=04/prediction.parquet ou targets/date=2025-07-26/hour=04/target.parquet → ignoré
[2025-07-28T10:20:53.891+0000] {drift_monitoring.py:75} INFO - 📥 Téléchargement predictions/date=2025-07-26/hour=05/prediction.parquet et targets/date=2025-07-26/hour=05/target.parquet
[2025-07-28T10:20:53.910+0000] {drift_monitoring.py:114} WARNING - ⚠️ Fichier manquant : predictions/date=2025-07-26/hour=05/prediction.parquet ou targets/date=2025-07-26/hour=05/target.parquet → ignoré
[2025-07-28T10:20:53.912+0000] {drift_monitoring.py:75} INFO - 📥 Téléchargement predictions/date=2025-07-26/hour=06/prediction.parquet et targets/date=2025-07-26/hour=06/target.parquet
[2025-07-28T10:20:53.931+0000] {drift_monitoring.py:114} WARNING - ⚠️ Fichier manquant : predictions/date=2025-07-26/hour=06/prediction.parquet ou targets/date=2025-07-26/hour=06/target.parquet → ignoré
[2025-07-28T10:20:53.932+0000] {drift_monitoring.py:75} INFO - 📥 Téléchargement predictions/date=2025-07-26/hour=07/prediction.parquet et targets/date=2025-07-26/hour=07/target.parquet
[2025-07-28T10:20:53.953+0000] {drift_monitoring.py:114} WARNING - ⚠️ Fichier manquant : predictions/date=2025-07-26/hour=07/prediction.parquet ou targets/date=2025-07-26/hour=07/target.parquet → ignoré
[2025-07-28T10:20:53.955+0000] {drift_monitoring.py:75} INFO - 📥 Téléchargement predictions/date=2025-07-26/hour=08/prediction.parquet et targets/date=2025-07-26/hour=08/target.parquet
[2025-07-28T10:20:53.972+0000] {drift_monitoring.py:114} WARNING - ⚠️ Fichier manquant : predictions/date=2025-07-26/hour=08/prediction.parquet ou targets/date=2025-07-26/hour=08/target.parquet → ignoré
[2025-07-28T10:20:53.973+0000] {drift_monitoring.py:75} INFO - 📥 Téléchargement predictions/date=2025-07-26/hour=09/prediction.parquet et targets/date=2025-07-26/hour=09/target.parquet
[2025-07-28T10:20:53.988+0000] {drift_monitoring.py:114} WARNING - ⚠️ Fichier manquant : predictions/date=2025-07-26/hour=09/prediction.parquet ou targets/date=2025-07-26/hour=09/target.parquet → ignoré
[2025-07-28T10:20:53.989+0000] {drift_monitoring.py:75} INFO - 📥 Téléchargement predictions/date=2025-07-26/hour=10/prediction.parquet et targets/date=2025-07-26/hour=10/target.parquet
[2025-07-28T10:20:54.008+0000] {drift_monitoring.py:114} WARNING - ⚠️ Fichier manquant : predictions/date=2025-07-26/hour=10/prediction.parquet ou targets/date=2025-07-26/hour=10/target.parquet → ignoré
[2025-07-28T10:20:54.009+0000] {drift_monitoring.py:75} INFO - 📥 Téléchargement predictions/date=2025-07-26/hour=11/prediction.parquet et targets/date=2025-07-26/hour=11/target.parquet
[2025-07-28T10:20:54.024+0000] {drift_monitoring.py:114} WARNING - ⚠️ Fichier manquant : predictions/date=2025-07-26/hour=11/prediction.parquet ou targets/date=2025-07-26/hour=11/target.parquet → ignoré
[2025-07-28T10:20:54.025+0000] {drift_monitoring.py:75} INFO - 📥 Téléchargement predictions/date=2025-07-26/hour=12/prediction.parquet et targets/date=2025-07-26/hour=12/target.parquet
[2025-07-28T10:20:54.039+0000] {drift_monitoring.py:114} WARNING - ⚠️ Fichier manquant : predictions/date=2025-07-26/hour=12/prediction.parquet ou targets/date=2025-07-26/hour=12/target.parquet → ignoré
[2025-07-28T10:20:54.040+0000] {drift_monitoring.py:75} INFO - 📥 Téléchargement predictions/date=2025-07-26/hour=13/prediction.parquet et targets/date=2025-07-26/hour=13/target.parquet
[2025-07-28T10:20:54.053+0000] {drift_monitoring.py:114} WARNING - ⚠️ Fichier manquant : predictions/date=2025-07-26/hour=13/prediction.parquet ou targets/date=2025-07-26/hour=13/target.parquet → ignoré
[2025-07-28T10:20:54.054+0000] {drift_monitoring.py:75} INFO - 📥 Téléchargement predictions/date=2025-07-26/hour=14/prediction.parquet et targets/date=2025-07-26/hour=14/target.parquet
[2025-07-28T10:20:54.067+0000] {drift_monitoring.py:114} WARNING - ⚠️ Fichier manquant : predictions/date=2025-07-26/hour=14/prediction.parquet ou targets/date=2025-07-26/hour=14/target.parquet → ignoré
[2025-07-28T10:20:54.068+0000] {drift_monitoring.py:75} INFO - 📥 Téléchargement predictions/date=2025-07-26/hour=15/prediction.parquet et targets/date=2025-07-26/hour=15/target.parquet
[2025-07-28T10:20:54.080+0000] {drift_monitoring.py:114} WARNING - ⚠️ Fichier manquant : predictions/date=2025-07-26/hour=15/prediction.parquet ou targets/date=2025-07-26/hour=15/target.parquet → ignoré
[2025-07-28T10:20:54.081+0000] {drift_monitoring.py:75} INFO - 📥 Téléchargement predictions/date=2025-07-26/hour=16/prediction.parquet et targets/date=2025-07-26/hour=16/target.parquet
[2025-07-28T10:20:54.094+0000] {drift_monitoring.py:114} WARNING - ⚠️ Fichier manquant : predictions/date=2025-07-26/hour=16/prediction.parquet ou targets/date=2025-07-26/hour=16/target.parquet → ignoré
[2025-07-28T10:20:54.096+0000] {drift_monitoring.py:75} INFO - 📥 Téléchargement predictions/date=2025-07-26/hour=17/prediction.parquet et targets/date=2025-07-26/hour=17/target.parquet
[2025-07-28T10:20:54.108+0000] {drift_monitoring.py:114} WARNING - ⚠️ Fichier manquant : predictions/date=2025-07-26/hour=17/prediction.parquet ou targets/date=2025-07-26/hour=17/target.parquet → ignoré
[2025-07-28T10:20:54.109+0000] {drift_monitoring.py:75} INFO - 📥 Téléchargement predictions/date=2025-07-26/hour=18/prediction.parquet et targets/date=2025-07-26/hour=18/target.parquet
[2025-07-28T10:20:54.122+0000] {drift_monitoring.py:114} WARNING - ⚠️ Fichier manquant : predictions/date=2025-07-26/hour=18/prediction.parquet ou targets/date=2025-07-26/hour=18/target.parquet → ignoré
[2025-07-28T10:20:54.124+0000] {drift_monitoring.py:75} INFO - 📥 Téléchargement predictions/date=2025-07-26/hour=19/prediction.parquet et targets/date=2025-07-26/hour=19/target.parquet
[2025-07-28T10:20:54.140+0000] {drift_monitoring.py:114} WARNING - ⚠️ Fichier manquant : predictions/date=2025-07-26/hour=19/prediction.parquet ou targets/date=2025-07-26/hour=19/target.parquet → ignoré
[2025-07-28T10:20:54.142+0000] {drift_monitoring.py:75} INFO - 📥 Téléchargement predictions/date=2025-07-26/hour=20/prediction.parquet et targets/date=2025-07-26/hour=20/target.parquet
[2025-07-28T10:20:54.155+0000] {drift_monitoring.py:114} WARNING - ⚠️ Fichier manquant : predictions/date=2025-07-26/hour=20/prediction.parquet ou targets/date=2025-07-26/hour=20/target.parquet → ignoré
[2025-07-28T10:20:54.157+0000] {drift_monitoring.py:75} INFO - 📥 Téléchargement predictions/date=2025-07-26/hour=21/prediction.parquet et targets/date=2025-07-26/hour=21/target.parquet
[2025-07-28T10:20:54.171+0000] {drift_monitoring.py:114} WARNING - ⚠️ Fichier manquant : predictions/date=2025-07-26/hour=21/prediction.parquet ou targets/date=2025-07-26/hour=21/target.parquet → ignoré
[2025-07-28T10:20:54.173+0000] {drift_monitoring.py:75} INFO - 📥 Téléchargement predictions/date=2025-07-26/hour=22/prediction.parquet et targets/date=2025-07-26/hour=22/target.parquet
[2025-07-28T10:20:54.187+0000] {drift_monitoring.py:114} WARNING - ⚠️ Fichier manquant : predictions/date=2025-07-26/hour=22/prediction.parquet ou targets/date=2025-07-26/hour=22/target.parquet → ignoré
[2025-07-28T10:20:54.188+0000] {drift_monitoring.py:75} INFO - 📥 Téléchargement predictions/date=2025-07-26/hour=23/prediction.parquet et targets/date=2025-07-26/hour=23/target.parquet
[2025-07-28T10:20:54.201+0000] {drift_monitoring.py:114} WARNING - ⚠️ Fichier manquant : predictions/date=2025-07-26/hour=23/prediction.parquet ou targets/date=2025-07-26/hour=23/target.parquet → ignoré
[2025-07-28T10:20:54.203+0000] {drift_monitoring.py:75} INFO - 📥 Téléchargement predictions/date=2025-07-27/hour=00/prediction.parquet et targets/date=2025-07-27/hour=00/target.parquet
[2025-07-28T10:20:54.216+0000] {drift_monitoring.py:114} WARNING - ⚠️ Fichier manquant : predictions/date=2025-07-27/hour=00/prediction.parquet ou targets/date=2025-07-27/hour=00/target.parquet → ignoré
[2025-07-28T10:20:54.217+0000] {drift_monitoring.py:75} INFO - 📥 Téléchargement predictions/date=2025-07-27/hour=01/prediction.parquet et targets/date=2025-07-27/hour=01/target.parquet
[2025-07-28T10:20:54.232+0000] {drift_monitoring.py:114} WARNING - ⚠️ Fichier manquant : predictions/date=2025-07-27/hour=01/prediction.parquet ou targets/date=2025-07-27/hour=01/target.parquet → ignoré
[2025-07-28T10:20:54.233+0000] {drift_monitoring.py:75} INFO - 📥 Téléchargement predictions/date=2025-07-27/hour=02/prediction.parquet et targets/date=2025-07-27/hour=02/target.parquet
[2025-07-28T10:20:54.247+0000] {drift_monitoring.py:114} WARNING - ⚠️ Fichier manquant : predictions/date=2025-07-27/hour=02/prediction.parquet ou targets/date=2025-07-27/hour=02/target.parquet → ignoré
[2025-07-28T10:20:54.248+0000] {drift_monitoring.py:75} INFO - 📥 Téléchargement predictions/date=2025-07-27/hour=03/prediction.parquet et targets/date=2025-07-27/hour=03/target.parquet
[2025-07-28T10:20:54.261+0000] {drift_monitoring.py:114} WARNING - ⚠️ Fichier manquant : predictions/date=2025-07-27/hour=03/prediction.parquet ou targets/date=2025-07-27/hour=03/target.parquet → ignoré
[2025-07-28T10:20:54.262+0000] {drift_monitoring.py:75} INFO - 📥 Téléchargement predictions/date=2025-07-27/hour=04/prediction.parquet et targets/date=2025-07-27/hour=04/target.parquet
[2025-07-28T10:20:54.276+0000] {drift_monitoring.py:114} WARNING - ⚠️ Fichier manquant : predictions/date=2025-07-27/hour=04/prediction.parquet ou targets/date=2025-07-27/hour=04/target.parquet → ignoré
[2025-07-28T10:20:54.277+0000] {drift_monitoring.py:75} INFO - 📥 Téléchargement predictions/date=2025-07-27/hour=05/prediction.parquet et targets/date=2025-07-27/hour=05/target.parquet
[2025-07-28T10:20:54.291+0000] {drift_monitoring.py:114} WARNING - ⚠️ Fichier manquant : predictions/date=2025-07-27/hour=05/prediction.parquet ou targets/date=2025-07-27/hour=05/target.parquet → ignoré
[2025-07-28T10:20:54.293+0000] {drift_monitoring.py:75} INFO - 📥 Téléchargement predictions/date=2025-07-27/hour=06/prediction.parquet et targets/date=2025-07-27/hour=06/target.parquet
[2025-07-28T10:20:54.307+0000] {drift_monitoring.py:114} WARNING - ⚠️ Fichier manquant : predictions/date=2025-07-27/hour=06/prediction.parquet ou targets/date=2025-07-27/hour=06/target.parquet → ignoré
[2025-07-28T10:20:54.308+0000] {drift_monitoring.py:75} INFO - 📥 Téléchargement predictions/date=2025-07-27/hour=07/prediction.parquet et targets/date=2025-07-27/hour=07/target.parquet
[2025-07-28T10:20:54.323+0000] {drift_monitoring.py:114} WARNING - ⚠️ Fichier manquant : predictions/date=2025-07-27/hour=07/prediction.parquet ou targets/date=2025-07-27/hour=07/target.parquet → ignoré
[2025-07-28T10:20:54.324+0000] {drift_monitoring.py:75} INFO - 📥 Téléchargement predictions/date=2025-07-27/hour=08/prediction.parquet et targets/date=2025-07-27/hour=08/target.parquet
[2025-07-28T10:20:54.339+0000] {drift_monitoring.py:114} WARNING - ⚠️ Fichier manquant : predictions/date=2025-07-27/hour=08/prediction.parquet ou targets/date=2025-07-27/hour=08/target.parquet → ignoré
[2025-07-28T10:20:54.340+0000] {drift_monitoring.py:75} INFO - 📥 Téléchargement predictions/date=2025-07-27/hour=09/prediction.parquet et targets/date=2025-07-27/hour=09/target.parquet
[2025-07-28T10:20:54.354+0000] {drift_monitoring.py:114} WARNING - ⚠️ Fichier manquant : predictions/date=2025-07-27/hour=09/prediction.parquet ou targets/date=2025-07-27/hour=09/target.parquet → ignoré
[2025-07-28T10:20:54.355+0000] {drift_monitoring.py:75} INFO - 📥 Téléchargement predictions/date=2025-07-27/hour=10/prediction.parquet et targets/date=2025-07-27/hour=10/target.parquet
[2025-07-28T10:20:54.371+0000] {drift_monitoring.py:114} WARNING - ⚠️ Fichier manquant : predictions/date=2025-07-27/hour=10/prediction.parquet ou targets/date=2025-07-27/hour=10/target.parquet → ignoré
[2025-07-28T10:20:54.372+0000] {drift_monitoring.py:75} INFO - 📥 Téléchargement predictions/date=2025-07-27/hour=11/prediction.parquet et targets/date=2025-07-27/hour=11/target.parquet
[2025-07-28T10:20:54.387+0000] {drift_monitoring.py:114} WARNING - ⚠️ Fichier manquant : predictions/date=2025-07-27/hour=11/prediction.parquet ou targets/date=2025-07-27/hour=11/target.parquet → ignoré
[2025-07-28T10:20:54.388+0000] {drift_monitoring.py:75} INFO - 📥 Téléchargement predictions/date=2025-07-27/hour=12/prediction.parquet et targets/date=2025-07-27/hour=12/target.parquet
[2025-07-28T10:20:54.404+0000] {drift_monitoring.py:114} WARNING - ⚠️ Fichier manquant : predictions/date=2025-07-27/hour=12/prediction.parquet ou targets/date=2025-07-27/hour=12/target.parquet → ignoré
[2025-07-28T10:20:54.405+0000] {drift_monitoring.py:75} INFO - 📥 Téléchargement predictions/date=2025-07-27/hour=13/prediction.parquet et targets/date=2025-07-27/hour=13/target.parquet
[2025-07-28T10:20:54.418+0000] {drift_monitoring.py:114} WARNING - ⚠️ Fichier manquant : predictions/date=2025-07-27/hour=13/prediction.parquet ou targets/date=2025-07-27/hour=13/target.parquet → ignoré
[2025-07-28T10:20:54.419+0000] {drift_monitoring.py:75} INFO - 📥 Téléchargement predictions/date=2025-07-27/hour=14/prediction.parquet et targets/date=2025-07-27/hour=14/target.parquet
[2025-07-28T10:20:54.433+0000] {drift_monitoring.py:114} WARNING - ⚠️ Fichier manquant : predictions/date=2025-07-27/hour=14/prediction.parquet ou targets/date=2025-07-27/hour=14/target.parquet → ignoré
[2025-07-28T10:20:54.434+0000] {drift_monitoring.py:75} INFO - 📥 Téléchargement predictions/date=2025-07-27/hour=15/prediction.parquet et targets/date=2025-07-27/hour=15/target.parquet
[2025-07-28T10:20:54.448+0000] {drift_monitoring.py:114} WARNING - ⚠️ Fichier manquant : predictions/date=2025-07-27/hour=15/prediction.parquet ou targets/date=2025-07-27/hour=15/target.parquet → ignoré
[2025-07-28T10:20:54.449+0000] {drift_monitoring.py:75} INFO - 📥 Téléchargement predictions/date=2025-07-27/hour=16/prediction.parquet et targets/date=2025-07-27/hour=16/target.parquet
[2025-07-28T10:20:54.462+0000] {drift_monitoring.py:114} WARNING - ⚠️ Fichier manquant : predictions/date=2025-07-27/hour=16/prediction.parquet ou targets/date=2025-07-27/hour=16/target.parquet → ignoré
[2025-07-28T10:20:54.463+0000] {drift_monitoring.py:75} INFO - 📥 Téléchargement predictions/date=2025-07-27/hour=17/prediction.parquet et targets/date=2025-07-27/hour=17/target.parquet
[2025-07-28T10:20:54.477+0000] {drift_monitoring.py:114} WARNING - ⚠️ Fichier manquant : predictions/date=2025-07-27/hour=17/prediction.parquet ou targets/date=2025-07-27/hour=17/target.parquet → ignoré
[2025-07-28T10:20:54.478+0000] {drift_monitoring.py:75} INFO - 📥 Téléchargement predictions/date=2025-07-27/hour=18/prediction.parquet et targets/date=2025-07-27/hour=18/target.parquet
[2025-07-28T10:20:54.492+0000] {drift_monitoring.py:114} WARNING - ⚠️ Fichier manquant : predictions/date=2025-07-27/hour=18/prediction.parquet ou targets/date=2025-07-27/hour=18/target.parquet → ignoré
[2025-07-28T10:20:54.493+0000] {drift_monitoring.py:75} INFO - 📥 Téléchargement predictions/date=2025-07-27/hour=19/prediction.parquet et targets/date=2025-07-27/hour=19/target.parquet
[2025-07-28T10:20:54.507+0000] {drift_monitoring.py:114} WARNING - ⚠️ Fichier manquant : predictions/date=2025-07-27/hour=19/prediction.parquet ou targets/date=2025-07-27/hour=19/target.parquet → ignoré
[2025-07-28T10:20:54.508+0000] {drift_monitoring.py:75} INFO - 📥 Téléchargement predictions/date=2025-07-27/hour=20/prediction.parquet et targets/date=2025-07-27/hour=20/target.parquet
[2025-07-28T10:20:54.522+0000] {drift_monitoring.py:114} WARNING - ⚠️ Fichier manquant : predictions/date=2025-07-27/hour=20/prediction.parquet ou targets/date=2025-07-27/hour=20/target.parquet → ignoré
[2025-07-28T10:20:54.523+0000] {drift_monitoring.py:75} INFO - 📥 Téléchargement predictions/date=2025-07-27/hour=21/prediction.parquet et targets/date=2025-07-27/hour=21/target.parquet
[2025-07-28T10:20:54.538+0000] {drift_monitoring.py:114} WARNING - ⚠️ Fichier manquant : predictions/date=2025-07-27/hour=21/prediction.parquet ou targets/date=2025-07-27/hour=21/target.parquet → ignoré
[2025-07-28T10:20:54.539+0000] {drift_monitoring.py:75} INFO - 📥 Téléchargement predictions/date=2025-07-27/hour=22/prediction.parquet et targets/date=2025-07-27/hour=22/target.parquet
[2025-07-28T10:20:54.554+0000] {drift_monitoring.py:114} WARNING - ⚠️ Fichier manquant : predictions/date=2025-07-27/hour=22/prediction.parquet ou targets/date=2025-07-27/hour=22/target.parquet → ignoré
[2025-07-28T10:20:54.556+0000] {drift_monitoring.py:75} INFO - 📥 Téléchargement predictions/date=2025-07-27/hour=23/prediction.parquet et targets/date=2025-07-27/hour=23/target.parquet
[2025-07-28T10:20:54.571+0000] {drift_monitoring.py:114} WARNING - ⚠️ Fichier manquant : predictions/date=2025-07-27/hour=23/prediction.parquet ou targets/date=2025-07-27/hour=23/target.parquet → ignoré
[2025-07-28T10:20:54.572+0000] {drift_monitoring.py:75} INFO - 📥 Téléchargement predictions/date=2025-07-28/hour=00/prediction.parquet et targets/date=2025-07-28/hour=00/target.parquet
[2025-07-28T10:20:54.588+0000] {drift_monitoring.py:114} WARNING - ⚠️ Fichier manquant : predictions/date=2025-07-28/hour=00/prediction.parquet ou targets/date=2025-07-28/hour=00/target.parquet → ignoré
[2025-07-28T10:20:54.589+0000] {drift_monitoring.py:75} INFO - 📥 Téléchargement predictions/date=2025-07-28/hour=01/prediction.parquet et targets/date=2025-07-28/hour=01/target.parquet
[2025-07-28T10:20:54.604+0000] {drift_monitoring.py:114} WARNING - ⚠️ Fichier manquant : predictions/date=2025-07-28/hour=01/prediction.parquet ou targets/date=2025-07-28/hour=01/target.parquet → ignoré
[2025-07-28T10:20:54.605+0000] {drift_monitoring.py:75} INFO - 📥 Téléchargement predictions/date=2025-07-28/hour=02/prediction.parquet et targets/date=2025-07-28/hour=02/target.parquet
[2025-07-28T10:20:54.621+0000] {drift_monitoring.py:114} WARNING - ⚠️ Fichier manquant : predictions/date=2025-07-28/hour=02/prediction.parquet ou targets/date=2025-07-28/hour=02/target.parquet → ignoré
[2025-07-28T10:20:54.622+0000] {drift_monitoring.py:75} INFO - 📥 Téléchargement predictions/date=2025-07-28/hour=03/prediction.parquet et targets/date=2025-07-28/hour=03/target.parquet
[2025-07-28T10:20:54.638+0000] {drift_monitoring.py:114} WARNING - ⚠️ Fichier manquant : predictions/date=2025-07-28/hour=03/prediction.parquet ou targets/date=2025-07-28/hour=03/target.parquet → ignoré
[2025-07-28T10:20:54.639+0000] {drift_monitoring.py:75} INFO - 📥 Téléchargement predictions/date=2025-07-28/hour=04/prediction.parquet et targets/date=2025-07-28/hour=04/target.parquet
[2025-07-28T10:20:54.655+0000] {drift_monitoring.py:114} WARNING - ⚠️ Fichier manquant : predictions/date=2025-07-28/hour=04/prediction.parquet ou targets/date=2025-07-28/hour=04/target.parquet → ignoré
[2025-07-28T10:20:54.657+0000] {drift_monitoring.py:75} INFO - 📥 Téléchargement predictions/date=2025-07-28/hour=05/prediction.parquet et targets/date=2025-07-28/hour=05/target.parquet
[2025-07-28T10:20:54.672+0000] {drift_monitoring.py:114} WARNING - ⚠️ Fichier manquant : predictions/date=2025-07-28/hour=05/prediction.parquet ou targets/date=2025-07-28/hour=05/target.parquet → ignoré
[2025-07-28T10:20:54.674+0000] {drift_monitoring.py:75} INFO - 📥 Téléchargement predictions/date=2025-07-28/hour=06/prediction.parquet et targets/date=2025-07-28/hour=06/target.parquet
[2025-07-28T10:20:54.689+0000] {drift_monitoring.py:114} WARNING - ⚠️ Fichier manquant : predictions/date=2025-07-28/hour=06/prediction.parquet ou targets/date=2025-07-28/hour=06/target.parquet → ignoré
[2025-07-28T10:20:54.690+0000] {drift_monitoring.py:75} INFO - 📥 Téléchargement predictions/date=2025-07-28/hour=07/prediction.parquet et targets/date=2025-07-28/hour=07/target.parquet
[2025-07-28T10:20:54.707+0000] {drift_monitoring.py:114} WARNING - ⚠️ Fichier manquant : predictions/date=2025-07-28/hour=07/prediction.parquet ou targets/date=2025-07-28/hour=07/target.parquet → ignoré
[2025-07-28T10:20:54.708+0000] {drift_monitoring.py:75} INFO - 📥 Téléchargement predictions/date=2025-07-28/hour=08/prediction.parquet et targets/date=2025-07-28/hour=08/target.parquet
[2025-07-28T10:20:54.725+0000] {drift_monitoring.py:114} WARNING - ⚠️ Fichier manquant : predictions/date=2025-07-28/hour=08/prediction.parquet ou targets/date=2025-07-28/hour=08/target.parquet → ignoré
[2025-07-28T10:20:54.727+0000] {drift_monitoring.py:75} INFO - 📥 Téléchargement predictions/date=2025-07-28/hour=09/prediction.parquet et targets/date=2025-07-28/hour=09/target.parquet
[2025-07-28T10:20:54.834+0000] {drift_monitoring.py:98} INFO - ✅ MAE pour 2025-07-28 09 = 0.0206
[2025-07-28T10:20:54.836+0000] {drift_monitoring.py:110} WARNING - ⚠️ Pas de colonne timestamp dans target 2025-07-28 09
[2025-07-28T10:20:54.837+0000] {drift_monitoring.py:128} INFO - 📊 MAE moyen sur 1 heures : 0.0206 | Seuil : 0.0500
[2025-07-28T10:20:54.837+0000] {drift_monitoring.py:144} WARNING - ⚠️ Pas assez de données pour générer un rapport Evidently
[2025-07-28T10:20:54.838+0000] {drift_monitoring.py:155} INFO - 🎉 Pas de drift détecté → Rien à faire !
[2025-07-28T10:20:54.839+0000] {python.py:237} INFO - Done. Returned value was: None
[2025-07-28T10:20:54.840+0000] {taskinstance.py:441} INFO - ::group::Post task execution logs
[2025-07-28T10:20:54.857+0000] {taskinstance.py:1205} INFO - Marking task as SUCCESS. dag_id=data_drift_monitoring, task_id=check_drift_and_generate_report, execution_date=20250728T102045, start_date=20250728T102052, end_date=20250728T102054
[2025-07-28T10:20:54.900+0000] {local_task_job_runner.py:240} INFO - Task exited with return code 0
[2025-07-28T10:20:54.924+0000] {taskinstance.py:3482} INFO - 0 downstream tasks scheduled from follow-on schedule check
[2025-07-28T10:20:54.927+0000] {local_task_job_runner.py:222} INFO - ::endgroup::
