[2025-07-27T20:49:31.277+0000] {local_task_job_runner.py:120} INFO - ::group::Pre task execution logs
[2025-07-27T20:49:31.308+0000] {taskinstance.py:2073} INFO - Dependencies all met for dep_context=non-requeueable deps ti=<TaskInstance: preprocessing_hourly.preprocess_and_upload manual__2025-07-27T20:49:08.691871+00:00 [queued]>
[2025-07-27T20:49:31.321+0000] {taskinstance.py:2073} INFO - Dependencies all met for dep_context=requeueable deps ti=<TaskInstance: preprocessing_hourly.preprocess_and_upload manual__2025-07-27T20:49:08.691871+00:00 [queued]>
[2025-07-27T20:49:31.322+0000] {taskinstance.py:2303} INFO - Starting attempt 1 of 2
[2025-07-27T20:49:31.565+0000] {taskinstance.py:2327} INFO - Executing <Task(PythonOperator): preprocess_and_upload> on 2025-07-27 20:49:08.691871+00:00
[2025-07-27T20:49:31.581+0000] {logging_mixin.py:188} WARNING - /home/***/.local/lib/python3.12/site-packages/***/task/task_runner/standard_task_runner.py:61 DeprecationWarning: This process (pid=645) is multi-threaded, use of fork() may lead to deadlocks in the child.
[2025-07-27T20:49:31.581+0000] {standard_task_runner.py:90} INFO - Running: ['***', 'tasks', 'run', 'preprocessing_hourly', 'preprocess_and_upload', 'manual__2025-07-27T20:49:08.691871+00:00', '--job-id', '8', '--raw', '--subdir', 'DAGS_FOLDER/ingestion_inference.py', '--cfg-path', '/tmp/tmp_2g4zk9n']
[2025-07-27T20:49:31.583+0000] {standard_task_runner.py:63} INFO - Started process 662 to run task
[2025-07-27T20:49:31.583+0000] {standard_task_runner.py:91} INFO - Job 8: Subtask preprocess_and_upload
[2025-07-27T20:49:31.599+0000] {logging_mixin.py:188} WARNING - /home/***/.local/lib/python3.12/site-packages/***/settings.py:195 DeprecationWarning: The sql_alchemy_conn option in [core] has been moved to the sql_alchemy_conn option in [database] - the old setting has been used, but please update your config.
[2025-07-27T20:49:31.644+0000] {task_command.py:426} INFO - Running <TaskInstance: preprocessing_hourly.preprocess_and_upload manual__2025-07-27T20:49:08.691871+00:00 [running]> on host 45cc6979d500
[2025-07-27T20:49:31.807+0000] {taskinstance.py:2644} INFO - Exporting env vars: AIRFLOW_CTX_DAG_OWNER='mlops' AIRFLOW_CTX_DAG_ID='preprocessing_hourly' AIRFLOW_CTX_TASK_ID='preprocess_and_upload' AIRFLOW_CTX_EXECUTION_DATE='2025-07-27T20:49:08.691871+00:00' AIRFLOW_CTX_TRY_NUMBER='1' AIRFLOW_CTX_DAG_RUN_ID='manual__2025-07-27T20:49:08.691871+00:00'
[2025-07-27T20:49:31.809+0000] {taskinstance.py:430} INFO - ::endgroup::
[2025-07-27T20:49:31.824+0000] {logging_mixin.py:188} WARNING - /home/***/.local/lib/python3.12/site-packages/***/utils/context.py:320 AirflowContextDeprecationWarning: Accessing 'execution_date' from the template is deprecated and will be removed in a future version. Please use 'data_interval_start' or 'logical_date' instead.
[2025-07-27T20:49:31.825+0000] {ingestion_inference.py:65} INFO - [DEBUG] Execution date: 2025-07-27 20:49:08.691871+00:00 (type=<class 'Proxy'>)
[2025-07-27T20:49:31.841+0000] {ingestion_inference.py:53} INFO - Bucket crypto-mlops-bucket exists
[2025-07-27T20:49:31.842+0000] {ingestion_inference.py:73} INFO - === Début du préprocessing ===
[2025-07-27T20:49:32.322+0000] {data_ingestion.py:62} INFO - Fetched 300 candles for BTC-USD from 2025-06-27 20:49:31.849903 to 2025-06-28 21:49:31.849903
[2025-07-27T20:49:32.516+0000] {data_ingestion.py:62} INFO - Fetched 300 candles for BTC-USD from 2025-06-28 21:49:31.849903 to 2025-06-29 22:49:31.849903
[2025-07-27T20:49:32.748+0000] {data_ingestion.py:62} INFO - Fetched 300 candles for BTC-USD from 2025-06-29 22:49:31.849903 to 2025-06-30 23:49:31.849903
[2025-07-27T20:49:33.145+0000] {data_ingestion.py:62} INFO - Fetched 300 candles for BTC-USD from 2025-06-30 23:49:31.849903 to 2025-07-02 00:49:31.849903
[2025-07-27T20:49:33.326+0000] {data_ingestion.py:62} INFO - Fetched 300 candles for BTC-USD from 2025-07-02 00:49:31.849903 to 2025-07-03 01:49:31.849903
[2025-07-27T20:49:33.568+0000] {data_ingestion.py:62} INFO - Fetched 300 candles for BTC-USD from 2025-07-03 01:49:31.849903 to 2025-07-04 02:49:31.849903
[2025-07-27T20:49:33.984+0000] {data_ingestion.py:62} INFO - Fetched 300 candles for BTC-USD from 2025-07-04 02:49:31.849903 to 2025-07-05 03:49:31.849903
[2025-07-27T20:49:34.190+0000] {data_ingestion.py:62} INFO - Fetched 300 candles for BTC-USD from 2025-07-05 03:49:31.849903 to 2025-07-06 04:49:31.849903
[2025-07-27T20:49:34.395+0000] {data_ingestion.py:62} INFO - Fetched 300 candles for BTC-USD from 2025-07-06 04:49:31.849903 to 2025-07-07 05:49:31.849903
[2025-07-27T20:49:34.848+0000] {data_ingestion.py:62} INFO - Fetched 300 candles for BTC-USD from 2025-07-07 05:49:31.849903 to 2025-07-08 06:49:31.849903
[2025-07-27T20:49:35.341+0000] {data_ingestion.py:62} INFO - Fetched 300 candles for BTC-USD from 2025-07-08 06:49:31.849903 to 2025-07-09 07:49:31.849903
[2025-07-27T20:49:35.540+0000] {data_ingestion.py:62} INFO - Fetched 300 candles for BTC-USD from 2025-07-09 07:49:31.849903 to 2025-07-10 08:49:31.849903
[2025-07-27T20:49:35.728+0000] {data_ingestion.py:62} INFO - Fetched 300 candles for BTC-USD from 2025-07-10 08:49:31.849903 to 2025-07-11 09:49:31.849903
[2025-07-27T20:49:35.947+0000] {data_ingestion.py:62} INFO - Fetched 300 candles for BTC-USD from 2025-07-11 09:49:31.849903 to 2025-07-12 10:49:31.849903
[2025-07-27T20:49:36.151+0000] {data_ingestion.py:62} INFO - Fetched 300 candles for BTC-USD from 2025-07-12 10:49:31.849903 to 2025-07-13 11:49:31.849903
[2025-07-27T20:49:36.349+0000] {data_ingestion.py:62} INFO - Fetched 300 candles for BTC-USD from 2025-07-13 11:49:31.849903 to 2025-07-14 12:49:31.849903
[2025-07-27T20:49:36.551+0000] {data_ingestion.py:62} INFO - Fetched 300 candles for BTC-USD from 2025-07-14 12:49:31.849903 to 2025-07-15 13:49:31.849903
[2025-07-27T20:49:37.077+0000] {data_ingestion.py:62} INFO - Fetched 300 candles for BTC-USD from 2025-07-15 13:49:31.849903 to 2025-07-16 14:49:31.849903
[2025-07-27T20:49:37.238+0000] {data_ingestion.py:62} INFO - Fetched 300 candles for BTC-USD from 2025-07-16 14:49:31.849903 to 2025-07-17 15:49:31.849903
[2025-07-27T20:49:37.430+0000] {data_ingestion.py:62} INFO - Fetched 300 candles for BTC-USD from 2025-07-17 15:49:31.849903 to 2025-07-18 16:49:31.849903
[2025-07-27T20:49:37.631+0000] {data_ingestion.py:62} INFO - Fetched 300 candles for BTC-USD from 2025-07-18 16:49:31.849903 to 2025-07-19 17:49:31.849903
[2025-07-27T20:49:37.824+0000] {data_ingestion.py:62} INFO - Fetched 300 candles for BTC-USD from 2025-07-19 17:49:31.849903 to 2025-07-20 18:49:31.849903
[2025-07-27T20:49:38.034+0000] {data_ingestion.py:62} INFO - Fetched 300 candles for BTC-USD from 2025-07-20 18:49:31.849903 to 2025-07-21 19:49:31.849903
[2025-07-27T20:49:38.240+0000] {data_ingestion.py:62} INFO - Fetched 300 candles for BTC-USD from 2025-07-21 19:49:31.849903 to 2025-07-22 20:49:31.849903
[2025-07-27T20:49:38.687+0000] {data_ingestion.py:62} INFO - Fetched 300 candles for BTC-USD from 2025-07-22 20:49:31.849903 to 2025-07-23 21:49:31.849903
[2025-07-27T20:49:38.900+0000] {data_ingestion.py:62} INFO - Fetched 300 candles for BTC-USD from 2025-07-23 21:49:31.849903 to 2025-07-24 22:49:31.849903
[2025-07-27T20:49:39.090+0000] {data_ingestion.py:62} INFO - Fetched 300 candles for BTC-USD from 2025-07-24 22:49:31.849903 to 2025-07-25 23:49:31.849903
[2025-07-27T20:49:39.303+0000] {data_ingestion.py:62} INFO - Fetched 300 candles for BTC-USD from 2025-07-25 23:49:31.849903 to 2025-07-27 00:49:31.849903
[2025-07-27T20:49:39.458+0000] {data_ingestion.py:62} INFO - Fetched 240 candles for BTC-USD from 2025-07-27 00:49:31.849903 to 2025-07-27 20:49:31.849903
[2025-07-27T20:49:39.629+0000] {data_ingestion.py:103} INFO - Saved data to S3: s3://crypto-mlops-bucket/data/historical_BTC_USD_20250727204939.csv
[2025-07-27T20:49:40.110+0000] {data_ingestion.py:62} INFO - Fetched 300 candles for ETH-USD from 2025-06-27 20:49:31.849903 to 2025-06-28 21:49:31.849903
[2025-07-27T20:49:40.279+0000] {data_ingestion.py:62} INFO - Fetched 300 candles for ETH-USD from 2025-06-28 21:49:31.849903 to 2025-06-29 22:49:31.849903
[2025-07-27T20:49:40.474+0000] {data_ingestion.py:62} INFO - Fetched 300 candles for ETH-USD from 2025-06-29 22:49:31.849903 to 2025-06-30 23:49:31.849903
[2025-07-27T20:49:40.712+0000] {data_ingestion.py:62} INFO - Fetched 300 candles for ETH-USD from 2025-06-30 23:49:31.849903 to 2025-07-02 00:49:31.849903
[2025-07-27T20:49:41.091+0000] {data_ingestion.py:62} INFO - Fetched 300 candles for ETH-USD from 2025-07-02 00:49:31.849903 to 2025-07-03 01:49:31.849903
[2025-07-27T20:49:41.287+0000] {data_ingestion.py:62} INFO - Fetched 300 candles for ETH-USD from 2025-07-03 01:49:31.849903 to 2025-07-04 02:49:31.849903
[2025-07-27T20:49:41.491+0000] {data_ingestion.py:62} INFO - Fetched 300 candles for ETH-USD from 2025-07-04 02:49:31.849903 to 2025-07-05 03:49:31.849903
[2025-07-27T20:49:41.661+0000] {data_ingestion.py:62} INFO - Fetched 300 candles for ETH-USD from 2025-07-05 03:49:31.849903 to 2025-07-06 04:49:31.849903
[2025-07-27T20:49:42.071+0000] {data_ingestion.py:62} INFO - Fetched 300 candles for ETH-USD from 2025-07-06 04:49:31.849903 to 2025-07-07 05:49:31.849903
[2025-07-27T20:49:42.243+0000] {data_ingestion.py:62} INFO - Fetched 300 candles for ETH-USD from 2025-07-07 05:49:31.849903 to 2025-07-08 06:49:31.849903
[2025-07-27T20:49:42.453+0000] {data_ingestion.py:62} INFO - Fetched 300 candles for ETH-USD from 2025-07-08 06:49:31.849903 to 2025-07-09 07:49:31.849903
[2025-07-27T20:49:42.652+0000] {data_ingestion.py:62} INFO - Fetched 300 candles for ETH-USD from 2025-07-09 07:49:31.849903 to 2025-07-10 08:49:31.849903
[2025-07-27T20:49:42.848+0000] {data_ingestion.py:62} INFO - Fetched 300 candles for ETH-USD from 2025-07-10 08:49:31.849903 to 2025-07-11 09:49:31.849903
[2025-07-27T20:49:43.018+0000] {data_ingestion.py:62} INFO - Fetched 300 candles for ETH-USD from 2025-07-11 09:49:31.849903 to 2025-07-12 10:49:31.849903
[2025-07-27T20:49:43.207+0000] {data_ingestion.py:62} INFO - Fetched 300 candles for ETH-USD from 2025-07-12 10:49:31.849903 to 2025-07-13 11:49:31.849903
[2025-07-27T20:49:43.610+0000] {data_ingestion.py:62} INFO - Fetched 300 candles for ETH-USD from 2025-07-13 11:49:31.849903 to 2025-07-14 12:49:31.849903
[2025-07-27T20:49:43.821+0000] {data_ingestion.py:62} INFO - Fetched 300 candles for ETH-USD from 2025-07-14 12:49:31.849903 to 2025-07-15 13:49:31.849903
[2025-07-27T20:49:44.037+0000] {data_ingestion.py:62} INFO - Fetched 300 candles for ETH-USD from 2025-07-15 13:49:31.849903 to 2025-07-16 14:49:31.849903
[2025-07-27T20:49:44.234+0000] {data_ingestion.py:62} INFO - Fetched 300 candles for ETH-USD from 2025-07-16 14:49:31.849903 to 2025-07-17 15:49:31.849903
[2025-07-27T20:49:44.682+0000] {data_ingestion.py:62} INFO - Fetched 300 candles for ETH-USD from 2025-07-17 15:49:31.849903 to 2025-07-18 16:49:31.849903
[2025-07-27T20:49:44.851+0000] {data_ingestion.py:62} INFO - Fetched 300 candles for ETH-USD from 2025-07-18 16:49:31.849903 to 2025-07-19 17:49:31.849903
[2025-07-27T20:49:45.070+0000] {data_ingestion.py:62} INFO - Fetched 300 candles for ETH-USD from 2025-07-19 17:49:31.849903 to 2025-07-20 18:49:31.849903
[2025-07-27T20:49:45.276+0000] {data_ingestion.py:62} INFO - Fetched 300 candles for ETH-USD from 2025-07-20 18:49:31.849903 to 2025-07-21 19:49:31.849903
[2025-07-27T20:49:45.463+0000] {data_ingestion.py:62} INFO - Fetched 300 candles for ETH-USD from 2025-07-21 19:49:31.849903 to 2025-07-22 20:49:31.849903
[2025-07-27T20:49:45.667+0000] {data_ingestion.py:62} INFO - Fetched 300 candles for ETH-USD from 2025-07-22 20:49:31.849903 to 2025-07-23 21:49:31.849903
[2025-07-27T20:49:46.059+0000] {data_ingestion.py:62} INFO - Fetched 300 candles for ETH-USD from 2025-07-23 21:49:31.849903 to 2025-07-24 22:49:31.849903
[2025-07-27T20:49:46.249+0000] {data_ingestion.py:62} INFO - Fetched 300 candles for ETH-USD from 2025-07-24 22:49:31.849903 to 2025-07-25 23:49:31.849903
[2025-07-27T20:49:46.649+0000] {data_ingestion.py:62} INFO - Fetched 300 candles for ETH-USD from 2025-07-25 23:49:31.849903 to 2025-07-27 00:49:31.849903
[2025-07-27T20:49:46.892+0000] {data_ingestion.py:62} INFO - Fetched 240 candles for ETH-USD from 2025-07-27 00:49:31.849903 to 2025-07-27 20:49:31.849903
[2025-07-27T20:49:47.023+0000] {data_ingestion.py:103} INFO - Saved data to S3: s3://crypto-mlops-bucket/data/historical_ETH_USD_20250727204946.csv
[2025-07-27T20:49:47.024+0000] {ingestion_inference.py:78} INFO - Données brutes récupérées : shape=(8640, 7)
[2025-07-27T20:49:47.025+0000] {ingestion_inference.py:79} INFO - Colonnes brutes : ['timestamp', 'low', 'high', 'open', 'close', 'volume', 'symbol']
[2025-07-27T20:49:47.074+0000] {data_processing.py:40} INFO - Loaded 288 records from S3: data/historical_BTC_USD_20250727204713.csv
[2025-07-27T20:49:47.104+0000] {data_processing.py:40} INFO - Loaded 8640 records from S3: data/historical_BTC_USD_20250727204919.csv
[2025-07-27T20:49:47.138+0000] {data_processing.py:40} INFO - Loaded 8640 records from S3: data/historical_BTC_USD_20250727204939.csv
[2025-07-27T20:49:47.147+0000] {data_processing.py:84} INFO - Combined 8640 records for BTC-USD
[2025-07-27T20:49:47.149+0000] {ingestion_inference.py:83} INFO - Données combinées après combine_datasets : shape=(8640, 7)
[2025-07-27T20:49:47.296+0000] {data_processing.py:162} INFO - Removed 50 rows with NaN values. Final shape: (8590, 84)
[2025-07-27T20:49:47.297+0000] {ingestion_inference.py:86} INFO - Données après feature engineering : shape=(8590, 84)
[2025-07-27T20:49:47.311+0000] {ingestion_inference.py:90} INFO - Scaler chargé : StandardScaler()
[2025-07-27T20:49:47.324+0000] {logging_mixin.py:188} WARNING - /opt/***/src/data_processing.py:177 FutureWarning: DataFrame.fillna with 'method' is deprecated and will raise in a future version. Use obj.ffill() or obj.bfill() instead.
[2025-07-27T20:49:47.334+0000] {data_processing.py:179} INFO - Prepared features: (8590, 80), Target: (8590,)
[2025-07-27T20:49:47.335+0000] {data_processing.py:180} INFO - Feature columns: 80
[2025-07-27T20:49:47.350+0000] {ingestion_inference.py:102} INFO - Extraction dernière ligne : shape=(1, 81)
[2025-07-27T20:49:47.382+0000] {ingestion_inference.py:113} INFO - ✅ Uploaded to s3://crypto-mlops-bucket/features/date=2025-07-27/hour=20/features.parquet
[2025-07-27T20:49:47.384+0000] {ingestion_inference.py:115} INFO - === Fin du préprocessing ===
[2025-07-27T20:49:47.387+0000] {python.py:237} INFO - Done. Returned value was: None
[2025-07-27T20:49:47.388+0000] {taskinstance.py:441} INFO - ::group::Post task execution logs
[2025-07-27T20:49:47.401+0000] {taskinstance.py:1205} INFO - Marking task as SUCCESS. dag_id=preprocessing_hourly, task_id=preprocess_and_upload, execution_date=20250727T204908, start_date=20250727T204931, end_date=20250727T204947
[2025-07-27T20:49:47.477+0000] {local_task_job_runner.py:240} INFO - Task exited with return code 0
[2025-07-27T20:49:47.499+0000] {taskinstance.py:3482} INFO - 0 downstream tasks scheduled from follow-on schedule check
[2025-07-27T20:49:47.533+0000] {local_task_job_runner.py:222} INFO - ::endgroup::
