[2025-07-29T20:48:18.084+0000] {local_task_job_runner.py:120} INFO - ::group::Pre task execution logs
[2025-07-29T20:48:18.123+0000] {taskinstance.py:2073} INFO - Dependencies all met for dep_context=non-requeueable deps ti=<TaskInstance: training_pipeline.ingest_data triggered_by_drift_20250729_204317 [queued]>
[2025-07-29T20:48:18.132+0000] {taskinstance.py:2073} INFO - Dependencies all met for dep_context=requeueable deps ti=<TaskInstance: training_pipeline.ingest_data triggered_by_drift_20250729_204317 [queued]>
[2025-07-29T20:48:18.165+0000] {taskinstance.py:2303} INFO - Starting attempt 1 of 4
[2025-07-29T20:48:18.182+0000] {taskinstance.py:2327} INFO - Executing <Task(PythonOperator): ingest_data> on 2025-07-29 20:43:17+00:00
[2025-07-29T20:48:18.199+0000] {standard_task_runner.py:90} INFO - Running: ['***', 'tasks', 'run', 'training_pipeline', 'ingest_data', 'triggered_by_drift_20250729_204317', '--job-id', '21', '--raw', '--subdir', 'DAGS_FOLDER/training_pipeline.py', '--cfg-path', '/tmp/tmp1g73u1iz']
[2025-07-29T20:48:18.203+0000] {standard_task_runner.py:91} INFO - Job 21: Subtask ingest_data
[2025-07-29T20:48:18.204+0000] {logging_mixin.py:188} WARNING - /home/***/.local/lib/python3.12/site-packages/***/task/task_runner/standard_task_runner.py:61 DeprecationWarning: This process (pid=11283) is multi-threaded, use of fork() may lead to deadlocks in the child.
[2025-07-29T20:48:18.205+0000] {standard_task_runner.py:63} INFO - Started process 11305 to run task
[2025-07-29T20:48:18.224+0000] {logging_mixin.py:188} WARNING - /home/***/.local/lib/python3.12/site-packages/***/settings.py:195 DeprecationWarning: The sql_alchemy_conn option in [core] has been moved to the sql_alchemy_conn option in [database] - the old setting has been used, but please update your config.
[2025-07-29T20:48:18.266+0000] {task_command.py:426} INFO - Running <TaskInstance: training_pipeline.ingest_data triggered_by_drift_20250729_204317 [running]> on host d78ad09e75e4
[2025-07-29T20:48:18.445+0000] {taskinstance.py:2644} INFO - Exporting env vars: AIRFLOW_CTX_DAG_EMAIL='mlops_team@example.com' AIRFLOW_CTX_DAG_OWNER='mlops' AIRFLOW_CTX_DAG_ID='training_pipeline' AIRFLOW_CTX_TASK_ID='ingest_data' AIRFLOW_CTX_EXECUTION_DATE='2025-07-29T20:43:17+00:00' AIRFLOW_CTX_TRY_NUMBER='1' AIRFLOW_CTX_DAG_RUN_ID='triggered_by_drift_20250729_204317'
[2025-07-29T20:48:18.447+0000] {taskinstance.py:430} INFO - ::endgroup::
[2025-07-29T20:48:17.274+0000] {data_ingestion.py:62} INFO - Fetched 288 candles for BTC-USD from 2025-07-28 20:48:18.473163 to 2025-07-29 20:48:18.473163
[2025-07-29T20:48:17.316+0000] {data_ingestion.py:103} INFO - Saved data to S3: s3://crypto-mlops-bucket/data/historical_BTC_USD_20250729204818.csv
[2025-07-29T20:48:17.510+0000] {data_ingestion.py:62} INFO - Fetched 288 candles for ETH-USD from 2025-07-28 20:48:18.473163 to 2025-07-29 20:48:18.473163
[2025-07-29T20:48:17.536+0000] {data_ingestion.py:103} INFO - Saved data to S3: s3://crypto-mlops-bucket/data/historical_ETH_USD_20250729204818.csv
[2025-07-29T20:48:17.538+0000] {python.py:237} INFO - Done. Returned value was: None
[2025-07-29T20:48:17.541+0000] {taskinstance.py:441} INFO - ::group::Post task execution logs
[2025-07-29T20:48:17.561+0000] {taskinstance.py:1205} INFO - Marking task as SUCCESS. dag_id=training_pipeline, task_id=ingest_data, execution_date=20250729T204317, start_date=20250729T204818, end_date=20250729T204817
[2025-07-29T20:48:17.640+0000] {local_task_job_runner.py:240} INFO - Task exited with return code 0
[2025-07-29T20:48:17.684+0000] {taskinstance.py:3482} INFO - 1 downstream tasks scheduled from follow-on schedule check
[2025-07-29T20:48:17.721+0000] {local_task_job_runner.py:222} INFO - ::endgroup::
