[2025-07-26T21:10:51.806+0000] {local_task_job_runner.py:120} INFO - ::group::Pre task execution logs
[2025-07-26T21:10:51.846+0000] {taskinstance.py:2073} INFO - Dependencies all met for dep_context=non-requeueable deps ti=<TaskInstance: training_pipeline.process_data manual__2025-07-26T21:10:39.156263+00:00 [queued]>
[2025-07-26T21:10:51.856+0000] {taskinstance.py:2073} INFO - Dependencies all met for dep_context=requeueable deps ti=<TaskInstance: training_pipeline.process_data manual__2025-07-26T21:10:39.156263+00:00 [queued]>
[2025-07-26T21:10:51.858+0000] {taskinstance.py:2303} INFO - Starting attempt 1 of 4
[2025-07-26T21:10:51.872+0000] {taskinstance.py:2327} INFO - Executing <Task(PythonOperator): process_data> on 2025-07-26 21:10:39.156263+00:00
[2025-07-26T21:10:51.889+0000] {standard_task_runner.py:90} INFO - Running: ['***', 'tasks', 'run', 'training_pipeline', 'process_data', 'manual__2025-07-26T21:10:39.156263+00:00', '--job-id', '4', '--raw', '--subdir', 'DAGS_FOLDER/training_pipeline.py', '--cfg-path', '/tmp/tmpshu_j12f']
[2025-07-26T21:10:51.891+0000] {logging_mixin.py:188} WARNING - /home/***/.local/lib/python3.12/site-packages/***/task/task_runner/standard_task_runner.py:61 DeprecationWarning: This process (pid=315) is multi-threaded, use of fork() may lead to deadlocks in the child.
[2025-07-26T21:10:51.893+0000] {standard_task_runner.py:91} INFO - Job 4: Subtask process_data
[2025-07-26T21:10:51.893+0000] {standard_task_runner.py:63} INFO - Started process 332 to run task
[2025-07-26T21:10:51.915+0000] {logging_mixin.py:188} WARNING - /home/***/.local/lib/python3.12/site-packages/***/settings.py:195 DeprecationWarning: The sql_alchemy_conn option in [core] has been moved to the sql_alchemy_conn option in [database] - the old setting has been used, but please update your config.
[2025-07-26T21:10:51.964+0000] {task_command.py:426} INFO - Running <TaskInstance: training_pipeline.process_data manual__2025-07-26T21:10:39.156263+00:00 [running]> on host 58b27330eb83
[2025-07-26T21:10:52.064+0000] {taskinstance.py:2644} INFO - Exporting env vars: AIRFLOW_CTX_DAG_EMAIL='mlops_team@example.com' AIRFLOW_CTX_DAG_OWNER='mlops' AIRFLOW_CTX_DAG_ID='training_pipeline' AIRFLOW_CTX_TASK_ID='process_data' AIRFLOW_CTX_EXECUTION_DATE='2025-07-26T21:10:39.156263+00:00' AIRFLOW_CTX_TRY_NUMBER='1' AIRFLOW_CTX_DAG_RUN_ID='manual__2025-07-26T21:10:39.156263+00:00'
[2025-07-26T21:10:52.066+0000] {taskinstance.py:430} INFO - ::endgroup::
[2025-07-26T21:10:52.164+0000] {data_processing.py:38} INFO - Loaded 288 records from S3: data/historical_BTC_USD_20250726211047.csv
[2025-07-26T21:10:52.169+0000] {data_processing.py:82} INFO - Combined 288 records for BTC-USD
[2025-07-26T21:10:52.230+0000] {data_processing.py:160} INFO - Removed 50 rows with NaN values. Final shape: (238, 84)
[2025-07-26T21:10:52.234+0000] {logging_mixin.py:188} WARNING - /opt/***/src/data_processing.py:217 FutureWarning: DataFrame.fillna with 'method' is deprecated and will raise in a future version. Use obj.ffill() or obj.bfill() instead.
[2025-07-26T21:10:52.239+0000] {logging_mixin.py:188} WARNING - /opt/***/src/data_processing.py:175 FutureWarning: DataFrame.fillna with 'method' is deprecated and will raise in a future version. Use obj.ffill() or obj.bfill() instead.
[2025-07-26T21:10:52.241+0000] {data_processing.py:177} INFO - Prepared features: (238, 80), Target: (238,)
[2025-07-26T21:10:52.241+0000] {data_processing.py:178} INFO - Feature columns: 80
[2025-07-26T21:10:52.262+0000] {data_processing.py:194} INFO - Saved preprocessor to S3: s3://crypto-mlops-bucket/models/preprocessors/scaler_BTC_USD.pickle
[2025-07-26T21:10:52.264+0000] {python.py:237} INFO - Done. Returned value was: None
[2025-07-26T21:10:52.265+0000] {taskinstance.py:441} INFO - ::group::Post task execution logs
[2025-07-26T21:10:52.278+0000] {taskinstance.py:1205} INFO - Marking task as SUCCESS. dag_id=training_pipeline, task_id=process_data, execution_date=20250726T211039, start_date=20250726T211051, end_date=20250726T211052
[2025-07-26T21:10:52.325+0000] {local_task_job_runner.py:240} INFO - Task exited with return code 0
[2025-07-26T21:10:52.358+0000] {taskinstance.py:3482} INFO - 1 downstream tasks scheduled from follow-on schedule check
[2025-07-26T21:10:52.361+0000] {local_task_job_runner.py:222} INFO - ::endgroup::
