[2025-07-31T22:00:45.639+0000] {local_task_job_runner.py:120} INFO - ::group::Pre task execution logs
[2025-07-31T22:00:45.682+0000] {taskinstance.py:2073} INFO - Dependencies all met for dep_context=non-requeueable deps ti=<TaskInstance: drift_monitoring_dag.check_drift_and_trigger manual__2025-07-31T22:00:30.979980+00:00 [queued]>
[2025-07-31T22:00:45.692+0000] {taskinstance.py:2073} INFO - Dependencies all met for dep_context=requeueable deps ti=<TaskInstance: drift_monitoring_dag.check_drift_and_trigger manual__2025-07-31T22:00:30.979980+00:00 [queued]>
[2025-07-31T22:00:45.702+0000] {taskinstance.py:2303} INFO - Starting attempt 1 of 2
[2025-07-31T22:00:45.720+0000] {taskinstance.py:2327} INFO - Executing <Task(PythonOperator): check_drift_and_trigger> on 2025-07-31 22:00:30.979980+00:00
[2025-07-31T22:00:45.750+0000] {logging_mixin.py:188} WARNING - /home/***/.local/lib/python3.12/site-packages/***/task/task_runner/standard_task_runner.py:61 DeprecationWarning: This process (pid=25165) is multi-threaded, use of fork() may lead to deadlocks in the child.
[2025-07-31T22:00:45.754+0000] {standard_task_runner.py:63} INFO - Started process 25183 to run task
[2025-07-31T22:00:45.748+0000] {standard_task_runner.py:90} INFO - Running: ['***', 'tasks', 'run', 'drift_monitoring_dag', 'check_drift_and_trigger', 'manual__2025-07-31T22:00:30.979980+00:00', '--job-id', '283', '--raw', '--subdir', 'DAGS_FOLDER/drift_monitoring.py', '--cfg-path', '/tmp/tmpqznx8sog']
[2025-07-31T22:00:45.756+0000] {standard_task_runner.py:91} INFO - Job 283: Subtask check_drift_and_trigger
[2025-07-31T22:00:45.791+0000] {logging_mixin.py:188} WARNING - /home/***/.local/lib/python3.12/site-packages/***/settings.py:195 DeprecationWarning: The sql_alchemy_conn option in [core] has been moved to the sql_alchemy_conn option in [database] - the old setting has been used, but please update your config.
[2025-07-31T22:00:45.865+0000] {task_command.py:426} INFO - Running <TaskInstance: drift_monitoring_dag.check_drift_and_trigger manual__2025-07-31T22:00:30.979980+00:00 [running]> on host 44c57df83f33
[2025-07-31T22:00:46.009+0000] {taskinstance.py:2644} INFO - Exporting env vars: AIRFLOW_CTX_DAG_OWNER='***' AIRFLOW_CTX_DAG_ID='drift_monitoring_dag' AIRFLOW_CTX_TASK_ID='check_drift_and_trigger' AIRFLOW_CTX_EXECUTION_DATE='2025-07-31T22:00:30.979980+00:00' AIRFLOW_CTX_TRY_NUMBER='1' AIRFLOW_CTX_DAG_RUN_ID='manual__2025-07-31T22:00:30.979980+00:00'
[2025-07-31T22:00:46.011+0000] {taskinstance.py:430} INFO - ::endgroup::
[2025-07-31T22:00:46.056+0000] {drift_monitoring.py:58} WARNING - File not found: s3://crypto-mlops-bucket/predictions/date=2025-07-31/hour=22/prediction.parquet
[2025-07-31T22:00:46.067+0000] {drift_monitoring.py:58} WARNING - File not found: s3://crypto-mlops-bucket/targets/date=2025-07-31/hour=22/target.parquet
[2025-07-31T22:00:46.125+0000] {drift_monitoring.py:58} WARNING - File not found: s3://crypto-mlops-bucket/targets/date=2025-07-31/hour=21/target.parquet
[2025-07-31T22:00:46.206+0000] {drift_monitoring.py:58} WARNING - File not found: s3://crypto-mlops-bucket/predictions/date=2025-07-31/hour=18/prediction.parquet
[2025-07-31T22:00:46.231+0000] {drift_monitoring.py:58} WARNING - File not found: s3://crypto-mlops-bucket/predictions/date=2025-07-31/hour=17/prediction.parquet
[2025-07-31T22:00:46.241+0000] {drift_monitoring.py:58} WARNING - File not found: s3://crypto-mlops-bucket/targets/date=2025-07-31/hour=17/target.parquet
[2025-07-31T22:00:46.266+0000] {drift_monitoring.py:58} WARNING - File not found: s3://crypto-mlops-bucket/targets/date=2025-07-31/hour=16/target.parquet
[2025-07-31T22:00:46.381+0000] {drift_monitoring.py:58} WARNING - File not found: s3://crypto-mlops-bucket/predictions/date=2025-07-31/hour=12/prediction.parquet
[2025-07-31T22:00:46.411+0000] {drift_monitoring.py:58} WARNING - File not found: s3://crypto-mlops-bucket/predictions/date=2025-07-31/hour=11/prediction.parquet
[2025-07-31T22:00:46.422+0000] {drift_monitoring.py:58} WARNING - File not found: s3://crypto-mlops-bucket/targets/date=2025-07-31/hour=11/target.parquet
[2025-07-31T22:00:46.433+0000] {drift_monitoring.py:58} WARNING - File not found: s3://crypto-mlops-bucket/predictions/date=2025-07-31/hour=10/prediction.parquet
[2025-07-31T22:00:46.444+0000] {drift_monitoring.py:58} WARNING - File not found: s3://crypto-mlops-bucket/targets/date=2025-07-31/hour=10/target.parquet
[2025-07-31T22:00:46.455+0000] {drift_monitoring.py:58} WARNING - File not found: s3://crypto-mlops-bucket/predictions/date=2025-07-31/hour=09/prediction.parquet
[2025-07-31T22:00:46.465+0000] {drift_monitoring.py:58} WARNING - File not found: s3://crypto-mlops-bucket/targets/date=2025-07-31/hour=09/target.parquet
[2025-07-31T22:00:46.475+0000] {drift_monitoring.py:58} WARNING - File not found: s3://crypto-mlops-bucket/predictions/date=2025-07-31/hour=08/prediction.parquet
[2025-07-31T22:00:46.487+0000] {drift_monitoring.py:58} WARNING - File not found: s3://crypto-mlops-bucket/targets/date=2025-07-31/hour=08/target.parquet
[2025-07-31T22:00:46.498+0000] {drift_monitoring.py:58} WARNING - File not found: s3://crypto-mlops-bucket/predictions/date=2025-07-31/hour=07/prediction.parquet
[2025-07-31T22:00:46.508+0000] {drift_monitoring.py:58} WARNING - File not found: s3://crypto-mlops-bucket/targets/date=2025-07-31/hour=07/target.parquet
[2025-07-31T22:00:46.519+0000] {drift_monitoring.py:58} WARNING - File not found: s3://crypto-mlops-bucket/predictions/date=2025-07-31/hour=06/prediction.parquet
[2025-07-31T22:00:46.529+0000] {drift_monitoring.py:58} WARNING - File not found: s3://crypto-mlops-bucket/targets/date=2025-07-31/hour=06/target.parquet
[2025-07-31T22:00:46.543+0000] {drift_monitoring.py:58} WARNING - File not found: s3://crypto-mlops-bucket/predictions/date=2025-07-31/hour=05/prediction.parquet
[2025-07-31T22:00:46.560+0000] {drift_monitoring.py:58} WARNING - File not found: s3://crypto-mlops-bucket/targets/date=2025-07-31/hour=05/target.parquet
[2025-07-31T22:00:46.576+0000] {drift_monitoring.py:58} WARNING - File not found: s3://crypto-mlops-bucket/predictions/date=2025-07-31/hour=04/prediction.parquet
[2025-07-31T22:00:46.595+0000] {drift_monitoring.py:58} WARNING - File not found: s3://crypto-mlops-bucket/targets/date=2025-07-31/hour=04/target.parquet
[2025-07-31T22:00:46.613+0000] {drift_monitoring.py:58} WARNING - File not found: s3://crypto-mlops-bucket/predictions/date=2025-07-31/hour=03/prediction.parquet
[2025-07-31T22:00:46.629+0000] {drift_monitoring.py:58} WARNING - File not found: s3://crypto-mlops-bucket/targets/date=2025-07-31/hour=03/target.parquet
[2025-07-31T22:00:46.644+0000] {drift_monitoring.py:58} WARNING - File not found: s3://crypto-mlops-bucket/predictions/date=2025-07-31/hour=02/prediction.parquet
[2025-07-31T22:00:46.657+0000] {drift_monitoring.py:58} WARNING - File not found: s3://crypto-mlops-bucket/targets/date=2025-07-31/hour=02/target.parquet
[2025-07-31T22:00:46.669+0000] {drift_monitoring.py:58} WARNING - File not found: s3://crypto-mlops-bucket/predictions/date=2025-07-31/hour=01/prediction.parquet
[2025-07-31T22:00:46.683+0000] {drift_monitoring.py:58} WARNING - File not found: s3://crypto-mlops-bucket/targets/date=2025-07-31/hour=01/target.parquet
[2025-07-31T22:00:46.696+0000] {drift_monitoring.py:58} WARNING - File not found: s3://crypto-mlops-bucket/predictions/date=2025-07-31/hour=00/prediction.parquet
[2025-07-31T22:00:46.709+0000] {drift_monitoring.py:58} WARNING - File not found: s3://crypto-mlops-bucket/targets/date=2025-07-31/hour=00/target.parquet
[2025-07-31T22:00:46.722+0000] {drift_monitoring.py:58} WARNING - File not found: s3://crypto-mlops-bucket/predictions/date=2025-07-30/hour=23/prediction.parquet
[2025-07-31T22:00:46.735+0000] {drift_monitoring.py:58} WARNING - File not found: s3://crypto-mlops-bucket/targets/date=2025-07-30/hour=23/target.parquet
[2025-07-31T22:00:46.748+0000] {drift_monitoring.py:58} WARNING - File not found: s3://crypto-mlops-bucket/predictions/date=2025-07-30/hour=22/prediction.parquet
[2025-07-31T22:00:46.760+0000] {drift_monitoring.py:58} WARNING - File not found: s3://crypto-mlops-bucket/targets/date=2025-07-30/hour=22/target.parquet
[2025-07-31T22:00:46.773+0000] {drift_monitoring.py:58} WARNING - File not found: s3://crypto-mlops-bucket/predictions/date=2025-07-30/hour=21/prediction.parquet
[2025-07-31T22:00:46.786+0000] {drift_monitoring.py:58} WARNING - File not found: s3://crypto-mlops-bucket/targets/date=2025-07-30/hour=21/target.parquet
[2025-07-31T22:00:46.799+0000] {drift_monitoring.py:58} WARNING - File not found: s3://crypto-mlops-bucket/predictions/date=2025-07-30/hour=20/prediction.parquet
[2025-07-31T22:00:46.816+0000] {drift_monitoring.py:58} WARNING - File not found: s3://crypto-mlops-bucket/targets/date=2025-07-30/hour=20/target.parquet
[2025-07-31T22:00:46.831+0000] {drift_monitoring.py:58} WARNING - File not found: s3://crypto-mlops-bucket/predictions/date=2025-07-30/hour=19/prediction.parquet
[2025-07-31T22:00:46.844+0000] {drift_monitoring.py:58} WARNING - File not found: s3://crypto-mlops-bucket/targets/date=2025-07-30/hour=19/target.parquet
[2025-07-31T22:00:46.855+0000] {drift_monitoring.py:58} WARNING - File not found: s3://crypto-mlops-bucket/predictions/date=2025-07-30/hour=18/prediction.parquet
[2025-07-31T22:00:46.869+0000] {drift_monitoring.py:58} WARNING - File not found: s3://crypto-mlops-bucket/targets/date=2025-07-30/hour=18/target.parquet
[2025-07-31T22:00:46.882+0000] {drift_monitoring.py:58} WARNING - File not found: s3://crypto-mlops-bucket/predictions/date=2025-07-30/hour=17/prediction.parquet
[2025-07-31T22:00:46.893+0000] {drift_monitoring.py:58} WARNING - File not found: s3://crypto-mlops-bucket/targets/date=2025-07-30/hour=17/target.parquet
[2025-07-31T22:00:46.905+0000] {drift_monitoring.py:58} WARNING - File not found: s3://crypto-mlops-bucket/predictions/date=2025-07-30/hour=16/prediction.parquet
[2025-07-31T22:00:46.918+0000] {drift_monitoring.py:58} WARNING - File not found: s3://crypto-mlops-bucket/targets/date=2025-07-30/hour=16/target.parquet
[2025-07-31T22:00:46.931+0000] {drift_monitoring.py:58} WARNING - File not found: s3://crypto-mlops-bucket/predictions/date=2025-07-30/hour=15/prediction.parquet
[2025-07-31T22:00:46.942+0000] {drift_monitoring.py:58} WARNING - File not found: s3://crypto-mlops-bucket/targets/date=2025-07-30/hour=15/target.parquet
[2025-07-31T22:00:46.954+0000] {drift_monitoring.py:58} WARNING - File not found: s3://crypto-mlops-bucket/predictions/date=2025-07-30/hour=14/prediction.parquet
[2025-07-31T22:00:46.965+0000] {drift_monitoring.py:58} WARNING - File not found: s3://crypto-mlops-bucket/targets/date=2025-07-30/hour=14/target.parquet
[2025-07-31T22:00:46.977+0000] {drift_monitoring.py:58} WARNING - File not found: s3://crypto-mlops-bucket/predictions/date=2025-07-30/hour=13/prediction.parquet
[2025-07-31T22:00:46.989+0000] {drift_monitoring.py:58} WARNING - File not found: s3://crypto-mlops-bucket/targets/date=2025-07-30/hour=13/target.parquet
[2025-07-31T22:00:47.001+0000] {drift_monitoring.py:58} WARNING - File not found: s3://crypto-mlops-bucket/predictions/date=2025-07-30/hour=12/prediction.parquet
[2025-07-31T22:00:47.012+0000] {drift_monitoring.py:58} WARNING - File not found: s3://crypto-mlops-bucket/targets/date=2025-07-30/hour=12/target.parquet
[2025-07-31T22:00:47.024+0000] {drift_monitoring.py:58} WARNING - File not found: s3://crypto-mlops-bucket/predictions/date=2025-07-30/hour=11/prediction.parquet
[2025-07-31T22:00:47.035+0000] {drift_monitoring.py:58} WARNING - File not found: s3://crypto-mlops-bucket/targets/date=2025-07-30/hour=11/target.parquet
[2025-07-31T22:00:47.046+0000] {drift_monitoring.py:58} WARNING - File not found: s3://crypto-mlops-bucket/predictions/date=2025-07-30/hour=10/prediction.parquet
[2025-07-31T22:00:47.057+0000] {drift_monitoring.py:58} WARNING - File not found: s3://crypto-mlops-bucket/targets/date=2025-07-30/hour=10/target.parquet
[2025-07-31T22:00:47.068+0000] {drift_monitoring.py:58} WARNING - File not found: s3://crypto-mlops-bucket/predictions/date=2025-07-30/hour=09/prediction.parquet
[2025-07-31T22:00:47.080+0000] {drift_monitoring.py:58} WARNING - File not found: s3://crypto-mlops-bucket/targets/date=2025-07-30/hour=09/target.parquet
[2025-07-31T22:00:47.091+0000] {drift_monitoring.py:58} WARNING - File not found: s3://crypto-mlops-bucket/predictions/date=2025-07-30/hour=08/prediction.parquet
[2025-07-31T22:00:47.103+0000] {drift_monitoring.py:58} WARNING - File not found: s3://crypto-mlops-bucket/targets/date=2025-07-30/hour=08/target.parquet
[2025-07-31T22:00:47.115+0000] {drift_monitoring.py:58} WARNING - File not found: s3://crypto-mlops-bucket/predictions/date=2025-07-30/hour=07/prediction.parquet
[2025-07-31T22:00:47.127+0000] {drift_monitoring.py:58} WARNING - File not found: s3://crypto-mlops-bucket/targets/date=2025-07-30/hour=07/target.parquet
[2025-07-31T22:00:47.140+0000] {drift_monitoring.py:58} WARNING - File not found: s3://crypto-mlops-bucket/predictions/date=2025-07-30/hour=06/prediction.parquet
[2025-07-31T22:00:47.152+0000] {drift_monitoring.py:58} WARNING - File not found: s3://crypto-mlops-bucket/targets/date=2025-07-30/hour=06/target.parquet
[2025-07-31T22:00:47.164+0000] {drift_monitoring.py:58} WARNING - File not found: s3://crypto-mlops-bucket/predictions/date=2025-07-30/hour=05/prediction.parquet
[2025-07-31T22:00:47.176+0000] {drift_monitoring.py:58} WARNING - File not found: s3://crypto-mlops-bucket/targets/date=2025-07-30/hour=05/target.parquet
[2025-07-31T22:00:47.188+0000] {drift_monitoring.py:58} WARNING - File not found: s3://crypto-mlops-bucket/predictions/date=2025-07-30/hour=04/prediction.parquet
[2025-07-31T22:00:47.200+0000] {drift_monitoring.py:58} WARNING - File not found: s3://crypto-mlops-bucket/targets/date=2025-07-30/hour=04/target.parquet
[2025-07-31T22:00:47.213+0000] {drift_monitoring.py:58} WARNING - File not found: s3://crypto-mlops-bucket/predictions/date=2025-07-30/hour=03/prediction.parquet
[2025-07-31T22:00:47.225+0000] {drift_monitoring.py:58} WARNING - File not found: s3://crypto-mlops-bucket/targets/date=2025-07-30/hour=03/target.parquet
[2025-07-31T22:00:47.236+0000] {drift_monitoring.py:58} WARNING - File not found: s3://crypto-mlops-bucket/predictions/date=2025-07-30/hour=02/prediction.parquet
[2025-07-31T22:00:47.249+0000] {drift_monitoring.py:58} WARNING - File not found: s3://crypto-mlops-bucket/targets/date=2025-07-30/hour=02/target.parquet
[2025-07-31T22:00:47.262+0000] {drift_monitoring.py:58} WARNING - File not found: s3://crypto-mlops-bucket/predictions/date=2025-07-30/hour=01/prediction.parquet
[2025-07-31T22:00:47.274+0000] {drift_monitoring.py:58} WARNING - File not found: s3://crypto-mlops-bucket/targets/date=2025-07-30/hour=01/target.parquet
[2025-07-31T22:00:47.286+0000] {drift_monitoring.py:58} WARNING - File not found: s3://crypto-mlops-bucket/predictions/date=2025-07-30/hour=00/prediction.parquet
[2025-07-31T22:00:47.298+0000] {drift_monitoring.py:58} WARNING - File not found: s3://crypto-mlops-bucket/targets/date=2025-07-30/hour=00/target.parquet
[2025-07-31T22:00:47.309+0000] {drift_monitoring.py:58} WARNING - File not found: s3://crypto-mlops-bucket/predictions/date=2025-07-29/hour=23/prediction.parquet
[2025-07-31T22:00:47.320+0000] {drift_monitoring.py:58} WARNING - File not found: s3://crypto-mlops-bucket/targets/date=2025-07-29/hour=23/target.parquet
[2025-07-31T22:00:47.332+0000] {drift_monitoring.py:58} WARNING - File not found: s3://crypto-mlops-bucket/predictions/date=2025-07-29/hour=22/prediction.parquet
[2025-07-31T22:00:47.343+0000] {drift_monitoring.py:58} WARNING - File not found: s3://crypto-mlops-bucket/targets/date=2025-07-29/hour=22/target.parquet
[2025-07-31T22:00:47.355+0000] {drift_monitoring.py:58} WARNING - File not found: s3://crypto-mlops-bucket/predictions/date=2025-07-29/hour=21/prediction.parquet
[2025-07-31T22:00:47.366+0000] {drift_monitoring.py:58} WARNING - File not found: s3://crypto-mlops-bucket/targets/date=2025-07-29/hour=21/target.parquet
[2025-07-31T22:00:47.378+0000] {drift_monitoring.py:58} WARNING - File not found: s3://crypto-mlops-bucket/predictions/date=2025-07-29/hour=20/prediction.parquet
[2025-07-31T22:00:47.389+0000] {drift_monitoring.py:58} WARNING - File not found: s3://crypto-mlops-bucket/targets/date=2025-07-29/hour=20/target.parquet
[2025-07-31T22:00:47.402+0000] {drift_monitoring.py:58} WARNING - File not found: s3://crypto-mlops-bucket/predictions/date=2025-07-29/hour=19/prediction.parquet
[2025-07-31T22:00:47.414+0000] {drift_monitoring.py:58} WARNING - File not found: s3://crypto-mlops-bucket/targets/date=2025-07-29/hour=19/target.parquet
[2025-07-31T22:00:47.426+0000] {drift_monitoring.py:58} WARNING - File not found: s3://crypto-mlops-bucket/predictions/date=2025-07-29/hour=18/prediction.parquet
[2025-07-31T22:00:47.438+0000] {drift_monitoring.py:58} WARNING - File not found: s3://crypto-mlops-bucket/targets/date=2025-07-29/hour=18/target.parquet
[2025-07-31T22:00:47.457+0000] {drift_monitoring.py:58} WARNING - File not found: s3://crypto-mlops-bucket/predictions/date=2025-07-29/hour=17/prediction.parquet
[2025-07-31T22:00:47.470+0000] {drift_monitoring.py:58} WARNING - File not found: s3://crypto-mlops-bucket/targets/date=2025-07-29/hour=17/target.parquet
[2025-07-31T22:00:47.482+0000] {drift_monitoring.py:58} WARNING - File not found: s3://crypto-mlops-bucket/predictions/date=2025-07-29/hour=16/prediction.parquet
[2025-07-31T22:00:47.493+0000] {drift_monitoring.py:58} WARNING - File not found: s3://crypto-mlops-bucket/targets/date=2025-07-29/hour=16/target.parquet
[2025-07-31T22:00:47.503+0000] {drift_monitoring.py:58} WARNING - File not found: s3://crypto-mlops-bucket/predictions/date=2025-07-29/hour=15/prediction.parquet
[2025-07-31T22:00:47.529+0000] {drift_monitoring.py:58} WARNING - File not found: s3://crypto-mlops-bucket/targets/date=2025-07-29/hour=15/target.parquet
[2025-07-31T22:00:47.539+0000] {drift_monitoring.py:58} WARNING - File not found: s3://crypto-mlops-bucket/predictions/date=2025-07-29/hour=14/prediction.parquet
[2025-07-31T22:00:47.550+0000] {drift_monitoring.py:58} WARNING - File not found: s3://crypto-mlops-bucket/targets/date=2025-07-29/hour=14/target.parquet
[2025-07-31T22:00:47.559+0000] {drift_monitoring.py:58} WARNING - File not found: s3://crypto-mlops-bucket/predictions/date=2025-07-29/hour=13/prediction.parquet
[2025-07-31T22:00:47.574+0000] {drift_monitoring.py:58} WARNING - File not found: s3://crypto-mlops-bucket/targets/date=2025-07-29/hour=13/target.parquet
[2025-07-31T22:00:47.591+0000] {drift_monitoring.py:58} WARNING - File not found: s3://crypto-mlops-bucket/predictions/date=2025-07-29/hour=12/prediction.parquet
[2025-07-31T22:00:47.608+0000] {drift_monitoring.py:58} WARNING - File not found: s3://crypto-mlops-bucket/targets/date=2025-07-29/hour=12/target.parquet
[2025-07-31T22:00:47.628+0000] {drift_monitoring.py:58} WARNING - File not found: s3://crypto-mlops-bucket/predictions/date=2025-07-29/hour=11/prediction.parquet
[2025-07-31T22:00:47.651+0000] {drift_monitoring.py:58} WARNING - File not found: s3://crypto-mlops-bucket/targets/date=2025-07-29/hour=11/target.parquet
[2025-07-31T22:00:47.677+0000] {drift_monitoring.py:58} WARNING - File not found: s3://crypto-mlops-bucket/predictions/date=2025-07-29/hour=10/prediction.parquet
[2025-07-31T22:00:47.700+0000] {drift_monitoring.py:58} WARNING - File not found: s3://crypto-mlops-bucket/targets/date=2025-07-29/hour=10/target.parquet
[2025-07-31T22:00:47.719+0000] {drift_monitoring.py:58} WARNING - File not found: s3://crypto-mlops-bucket/predictions/date=2025-07-29/hour=09/prediction.parquet
[2025-07-31T22:00:47.738+0000] {drift_monitoring.py:58} WARNING - File not found: s3://crypto-mlops-bucket/targets/date=2025-07-29/hour=09/target.parquet
[2025-07-31T22:00:47.758+0000] {drift_monitoring.py:58} WARNING - File not found: s3://crypto-mlops-bucket/predictions/date=2025-07-29/hour=08/prediction.parquet
[2025-07-31T22:00:47.773+0000] {drift_monitoring.py:58} WARNING - File not found: s3://crypto-mlops-bucket/targets/date=2025-07-29/hour=08/target.parquet
[2025-07-31T22:00:47.787+0000] {drift_monitoring.py:58} WARNING - File not found: s3://crypto-mlops-bucket/predictions/date=2025-07-29/hour=07/prediction.parquet
[2025-07-31T22:00:47.802+0000] {drift_monitoring.py:58} WARNING - File not found: s3://crypto-mlops-bucket/targets/date=2025-07-29/hour=07/target.parquet
[2025-07-31T22:00:47.817+0000] {drift_monitoring.py:58} WARNING - File not found: s3://crypto-mlops-bucket/predictions/date=2025-07-29/hour=06/prediction.parquet
[2025-07-31T22:00:47.831+0000] {drift_monitoring.py:58} WARNING - File not found: s3://crypto-mlops-bucket/targets/date=2025-07-29/hour=06/target.parquet
[2025-07-31T22:00:47.844+0000] {drift_monitoring.py:58} WARNING - File not found: s3://crypto-mlops-bucket/predictions/date=2025-07-29/hour=05/prediction.parquet
[2025-07-31T22:00:47.858+0000] {drift_monitoring.py:58} WARNING - File not found: s3://crypto-mlops-bucket/targets/date=2025-07-29/hour=05/target.parquet
[2025-07-31T22:00:47.870+0000] {drift_monitoring.py:58} WARNING - File not found: s3://crypto-mlops-bucket/predictions/date=2025-07-29/hour=04/prediction.parquet
[2025-07-31T22:00:47.882+0000] {drift_monitoring.py:58} WARNING - File not found: s3://crypto-mlops-bucket/targets/date=2025-07-29/hour=04/target.parquet
[2025-07-31T22:00:47.897+0000] {drift_monitoring.py:58} WARNING - File not found: s3://crypto-mlops-bucket/predictions/date=2025-07-29/hour=03/prediction.parquet
[2025-07-31T22:00:47.910+0000] {drift_monitoring.py:58} WARNING - File not found: s3://crypto-mlops-bucket/targets/date=2025-07-29/hour=03/target.parquet
[2025-07-31T22:00:47.921+0000] {drift_monitoring.py:58} WARNING - File not found: s3://crypto-mlops-bucket/predictions/date=2025-07-29/hour=02/prediction.parquet
[2025-07-31T22:00:47.933+0000] {drift_monitoring.py:58} WARNING - File not found: s3://crypto-mlops-bucket/targets/date=2025-07-29/hour=02/target.parquet
[2025-07-31T22:00:47.945+0000] {drift_monitoring.py:58} WARNING - File not found: s3://crypto-mlops-bucket/predictions/date=2025-07-29/hour=01/prediction.parquet
[2025-07-31T22:00:47.956+0000] {drift_monitoring.py:58} WARNING - File not found: s3://crypto-mlops-bucket/targets/date=2025-07-29/hour=01/target.parquet
[2025-07-31T22:00:47.982+0000] {drift_monitoring.py:58} WARNING - File not found: s3://crypto-mlops-bucket/predictions/date=2025-07-29/hour=00/prediction.parquet
[2025-07-31T22:00:47.993+0000] {drift_monitoring.py:58} WARNING - File not found: s3://crypto-mlops-bucket/targets/date=2025-07-29/hour=00/target.parquet
[2025-07-31T22:00:48.004+0000] {drift_monitoring.py:58} WARNING - File not found: s3://crypto-mlops-bucket/predictions/date=2025-07-28/hour=23/prediction.parquet
[2025-07-31T22:00:48.015+0000] {drift_monitoring.py:58} WARNING - File not found: s3://crypto-mlops-bucket/targets/date=2025-07-28/hour=23/target.parquet
[2025-07-31T22:00:48.026+0000] {drift_monitoring.py:58} WARNING - File not found: s3://crypto-mlops-bucket/predictions/date=2025-07-28/hour=22/prediction.parquet
[2025-07-31T22:00:48.037+0000] {drift_monitoring.py:58} WARNING - File not found: s3://crypto-mlops-bucket/targets/date=2025-07-28/hour=22/target.parquet
[2025-07-31T22:00:48.047+0000] {drift_monitoring.py:58} WARNING - File not found: s3://crypto-mlops-bucket/predictions/date=2025-07-28/hour=21/prediction.parquet
[2025-07-31T22:00:48.059+0000] {drift_monitoring.py:58} WARNING - File not found: s3://crypto-mlops-bucket/targets/date=2025-07-28/hour=21/target.parquet
[2025-07-31T22:00:48.070+0000] {drift_monitoring.py:58} WARNING - File not found: s3://crypto-mlops-bucket/predictions/date=2025-07-28/hour=20/prediction.parquet
[2025-07-31T22:00:48.080+0000] {drift_monitoring.py:58} WARNING - File not found: s3://crypto-mlops-bucket/targets/date=2025-07-28/hour=20/target.parquet
[2025-07-31T22:00:48.092+0000] {drift_monitoring.py:58} WARNING - File not found: s3://crypto-mlops-bucket/predictions/date=2025-07-28/hour=19/prediction.parquet
[2025-07-31T22:00:48.102+0000] {drift_monitoring.py:58} WARNING - File not found: s3://crypto-mlops-bucket/targets/date=2025-07-28/hour=19/target.parquet
[2025-07-31T22:00:48.114+0000] {drift_monitoring.py:58} WARNING - File not found: s3://crypto-mlops-bucket/predictions/date=2025-07-28/hour=18/prediction.parquet
[2025-07-31T22:00:48.126+0000] {drift_monitoring.py:58} WARNING - File not found: s3://crypto-mlops-bucket/targets/date=2025-07-28/hour=18/target.parquet
[2025-07-31T22:00:48.138+0000] {drift_monitoring.py:58} WARNING - File not found: s3://crypto-mlops-bucket/predictions/date=2025-07-28/hour=17/prediction.parquet
[2025-07-31T22:00:48.150+0000] {drift_monitoring.py:58} WARNING - File not found: s3://crypto-mlops-bucket/targets/date=2025-07-28/hour=17/target.parquet
[2025-07-31T22:00:48.163+0000] {drift_monitoring.py:58} WARNING - File not found: s3://crypto-mlops-bucket/predictions/date=2025-07-28/hour=16/prediction.parquet
[2025-07-31T22:00:48.176+0000] {drift_monitoring.py:58} WARNING - File not found: s3://crypto-mlops-bucket/targets/date=2025-07-28/hour=16/target.parquet
[2025-07-31T22:00:48.188+0000] {drift_monitoring.py:58} WARNING - File not found: s3://crypto-mlops-bucket/predictions/date=2025-07-28/hour=15/prediction.parquet
[2025-07-31T22:00:48.202+0000] {drift_monitoring.py:58} WARNING - File not found: s3://crypto-mlops-bucket/targets/date=2025-07-28/hour=15/target.parquet
[2025-07-31T22:00:48.215+0000] {drift_monitoring.py:58} WARNING - File not found: s3://crypto-mlops-bucket/predictions/date=2025-07-28/hour=14/prediction.parquet
[2025-07-31T22:00:48.228+0000] {drift_monitoring.py:58} WARNING - File not found: s3://crypto-mlops-bucket/targets/date=2025-07-28/hour=14/target.parquet
[2025-07-31T22:00:48.240+0000] {drift_monitoring.py:58} WARNING - File not found: s3://crypto-mlops-bucket/predictions/date=2025-07-28/hour=13/prediction.parquet
[2025-07-31T22:00:48.251+0000] {drift_monitoring.py:58} WARNING - File not found: s3://crypto-mlops-bucket/targets/date=2025-07-28/hour=13/target.parquet
[2025-07-31T22:00:48.263+0000] {drift_monitoring.py:58} WARNING - File not found: s3://crypto-mlops-bucket/predictions/date=2025-07-28/hour=12/prediction.parquet
[2025-07-31T22:00:48.277+0000] {drift_monitoring.py:58} WARNING - File not found: s3://crypto-mlops-bucket/targets/date=2025-07-28/hour=12/target.parquet
[2025-07-31T22:00:48.289+0000] {drift_monitoring.py:58} WARNING - File not found: s3://crypto-mlops-bucket/predictions/date=2025-07-28/hour=11/prediction.parquet
[2025-07-31T22:00:48.299+0000] {drift_monitoring.py:58} WARNING - File not found: s3://crypto-mlops-bucket/targets/date=2025-07-28/hour=11/target.parquet
[2025-07-31T22:00:48.310+0000] {drift_monitoring.py:58} WARNING - File not found: s3://crypto-mlops-bucket/predictions/date=2025-07-28/hour=10/prediction.parquet
[2025-07-31T22:00:48.321+0000] {drift_monitoring.py:58} WARNING - File not found: s3://crypto-mlops-bucket/targets/date=2025-07-28/hour=10/target.parquet
[2025-07-31T22:00:48.333+0000] {drift_monitoring.py:58} WARNING - File not found: s3://crypto-mlops-bucket/predictions/date=2025-07-28/hour=09/prediction.parquet
[2025-07-31T22:00:48.344+0000] {drift_monitoring.py:58} WARNING - File not found: s3://crypto-mlops-bucket/targets/date=2025-07-28/hour=09/target.parquet
[2025-07-31T22:00:48.355+0000] {drift_monitoring.py:58} WARNING - File not found: s3://crypto-mlops-bucket/predictions/date=2025-07-28/hour=08/prediction.parquet
[2025-07-31T22:00:48.367+0000] {drift_monitoring.py:58} WARNING - File not found: s3://crypto-mlops-bucket/targets/date=2025-07-28/hour=08/target.parquet
[2025-07-31T22:00:48.378+0000] {drift_monitoring.py:58} WARNING - File not found: s3://crypto-mlops-bucket/predictions/date=2025-07-28/hour=07/prediction.parquet
[2025-07-31T22:00:48.403+0000] {drift_monitoring.py:58} WARNING - File not found: s3://crypto-mlops-bucket/targets/date=2025-07-28/hour=07/target.parquet
[2025-07-31T22:00:48.414+0000] {drift_monitoring.py:58} WARNING - File not found: s3://crypto-mlops-bucket/predictions/date=2025-07-28/hour=06/prediction.parquet
[2025-07-31T22:00:48.424+0000] {drift_monitoring.py:58} WARNING - File not found: s3://crypto-mlops-bucket/targets/date=2025-07-28/hour=06/target.parquet
[2025-07-31T22:00:48.435+0000] {drift_monitoring.py:58} WARNING - File not found: s3://crypto-mlops-bucket/predictions/date=2025-07-28/hour=05/prediction.parquet
[2025-07-31T22:00:48.445+0000] {drift_monitoring.py:58} WARNING - File not found: s3://crypto-mlops-bucket/targets/date=2025-07-28/hour=05/target.parquet
[2025-07-31T22:00:48.456+0000] {drift_monitoring.py:58} WARNING - File not found: s3://crypto-mlops-bucket/predictions/date=2025-07-28/hour=04/prediction.parquet
[2025-07-31T22:00:48.466+0000] {drift_monitoring.py:58} WARNING - File not found: s3://crypto-mlops-bucket/targets/date=2025-07-28/hour=04/target.parquet
[2025-07-31T22:00:48.476+0000] {drift_monitoring.py:58} WARNING - File not found: s3://crypto-mlops-bucket/predictions/date=2025-07-28/hour=03/prediction.parquet
[2025-07-31T22:00:48.488+0000] {drift_monitoring.py:58} WARNING - File not found: s3://crypto-mlops-bucket/targets/date=2025-07-28/hour=03/target.parquet
[2025-07-31T22:00:48.498+0000] {drift_monitoring.py:58} WARNING - File not found: s3://crypto-mlops-bucket/predictions/date=2025-07-28/hour=02/prediction.parquet
[2025-07-31T22:00:48.509+0000] {drift_monitoring.py:58} WARNING - File not found: s3://crypto-mlops-bucket/targets/date=2025-07-28/hour=02/target.parquet
[2025-07-31T22:00:48.519+0000] {drift_monitoring.py:58} WARNING - File not found: s3://crypto-mlops-bucket/predictions/date=2025-07-28/hour=01/prediction.parquet
[2025-07-31T22:00:48.530+0000] {drift_monitoring.py:58} WARNING - File not found: s3://crypto-mlops-bucket/targets/date=2025-07-28/hour=01/target.parquet
[2025-07-31T22:00:48.542+0000] {drift_monitoring.py:58} WARNING - File not found: s3://crypto-mlops-bucket/predictions/date=2025-07-28/hour=00/prediction.parquet
[2025-07-31T22:00:48.552+0000] {drift_monitoring.py:58} WARNING - File not found: s3://crypto-mlops-bucket/targets/date=2025-07-28/hour=00/target.parquet
[2025-07-31T22:00:48.564+0000] {drift_monitoring.py:58} WARNING - File not found: s3://crypto-mlops-bucket/predictions/date=2025-07-27/hour=23/prediction.parquet
[2025-07-31T22:00:48.574+0000] {drift_monitoring.py:58} WARNING - File not found: s3://crypto-mlops-bucket/targets/date=2025-07-27/hour=23/target.parquet
[2025-07-31T22:00:48.586+0000] {drift_monitoring.py:58} WARNING - File not found: s3://crypto-mlops-bucket/predictions/date=2025-07-27/hour=22/prediction.parquet
[2025-07-31T22:00:48.597+0000] {drift_monitoring.py:58} WARNING - File not found: s3://crypto-mlops-bucket/targets/date=2025-07-27/hour=22/target.parquet
[2025-07-31T22:00:48.608+0000] {drift_monitoring.py:58} WARNING - File not found: s3://crypto-mlops-bucket/predictions/date=2025-07-27/hour=21/prediction.parquet
[2025-07-31T22:00:48.636+0000] {drift_monitoring.py:58} WARNING - File not found: s3://crypto-mlops-bucket/targets/date=2025-07-27/hour=21/target.parquet
[2025-07-31T22:00:48.648+0000] {drift_monitoring.py:58} WARNING - File not found: s3://crypto-mlops-bucket/predictions/date=2025-07-27/hour=20/prediction.parquet
[2025-07-31T22:00:48.660+0000] {drift_monitoring.py:58} WARNING - File not found: s3://crypto-mlops-bucket/targets/date=2025-07-27/hour=20/target.parquet
[2025-07-31T22:00:48.672+0000] {drift_monitoring.py:58} WARNING - File not found: s3://crypto-mlops-bucket/predictions/date=2025-07-27/hour=19/prediction.parquet
[2025-07-31T22:00:48.683+0000] {drift_monitoring.py:58} WARNING - File not found: s3://crypto-mlops-bucket/targets/date=2025-07-27/hour=19/target.parquet
[2025-07-31T22:00:48.694+0000] {drift_monitoring.py:58} WARNING - File not found: s3://crypto-mlops-bucket/predictions/date=2025-07-27/hour=18/prediction.parquet
[2025-07-31T22:00:48.708+0000] {drift_monitoring.py:58} WARNING - File not found: s3://crypto-mlops-bucket/targets/date=2025-07-27/hour=18/target.parquet
[2025-07-31T22:00:48.721+0000] {drift_monitoring.py:58} WARNING - File not found: s3://crypto-mlops-bucket/predictions/date=2025-07-27/hour=17/prediction.parquet
[2025-07-31T22:00:48.733+0000] {drift_monitoring.py:58} WARNING - File not found: s3://crypto-mlops-bucket/targets/date=2025-07-27/hour=17/target.parquet
[2025-07-31T22:00:48.745+0000] {drift_monitoring.py:58} WARNING - File not found: s3://crypto-mlops-bucket/predictions/date=2025-07-27/hour=16/prediction.parquet
[2025-07-31T22:00:48.758+0000] {drift_monitoring.py:58} WARNING - File not found: s3://crypto-mlops-bucket/targets/date=2025-07-27/hour=16/target.parquet
[2025-07-31T22:00:48.770+0000] {drift_monitoring.py:58} WARNING - File not found: s3://crypto-mlops-bucket/predictions/date=2025-07-27/hour=15/prediction.parquet
[2025-07-31T22:00:48.781+0000] {drift_monitoring.py:58} WARNING - File not found: s3://crypto-mlops-bucket/targets/date=2025-07-27/hour=15/target.parquet
[2025-07-31T22:00:48.792+0000] {drift_monitoring.py:58} WARNING - File not found: s3://crypto-mlops-bucket/predictions/date=2025-07-27/hour=14/prediction.parquet
[2025-07-31T22:00:48.802+0000] {drift_monitoring.py:58} WARNING - File not found: s3://crypto-mlops-bucket/targets/date=2025-07-27/hour=14/target.parquet
[2025-07-31T22:00:48.821+0000] {drift_monitoring.py:58} WARNING - File not found: s3://crypto-mlops-bucket/predictions/date=2025-07-27/hour=13/prediction.parquet
[2025-07-31T22:00:48.831+0000] {drift_monitoring.py:58} WARNING - File not found: s3://crypto-mlops-bucket/targets/date=2025-07-27/hour=13/target.parquet
[2025-07-31T22:00:48.841+0000] {drift_monitoring.py:58} WARNING - File not found: s3://crypto-mlops-bucket/predictions/date=2025-07-27/hour=12/prediction.parquet
[2025-07-31T22:00:48.852+0000] {drift_monitoring.py:58} WARNING - File not found: s3://crypto-mlops-bucket/targets/date=2025-07-27/hour=12/target.parquet
[2025-07-31T22:00:48.862+0000] {drift_monitoring.py:58} WARNING - File not found: s3://crypto-mlops-bucket/predictions/date=2025-07-27/hour=11/prediction.parquet
[2025-07-31T22:00:48.874+0000] {drift_monitoring.py:58} WARNING - File not found: s3://crypto-mlops-bucket/targets/date=2025-07-27/hour=11/target.parquet
[2025-07-31T22:00:48.885+0000] {drift_monitoring.py:58} WARNING - File not found: s3://crypto-mlops-bucket/predictions/date=2025-07-27/hour=10/prediction.parquet
[2025-07-31T22:00:48.895+0000] {drift_monitoring.py:58} WARNING - File not found: s3://crypto-mlops-bucket/targets/date=2025-07-27/hour=10/target.parquet
[2025-07-31T22:00:48.906+0000] {drift_monitoring.py:58} WARNING - File not found: s3://crypto-mlops-bucket/predictions/date=2025-07-27/hour=09/prediction.parquet
[2025-07-31T22:00:48.919+0000] {drift_monitoring.py:58} WARNING - File not found: s3://crypto-mlops-bucket/targets/date=2025-07-27/hour=09/target.parquet
[2025-07-31T22:00:48.929+0000] {drift_monitoring.py:58} WARNING - File not found: s3://crypto-mlops-bucket/predictions/date=2025-07-27/hour=08/prediction.parquet
[2025-07-31T22:00:48.940+0000] {drift_monitoring.py:58} WARNING - File not found: s3://crypto-mlops-bucket/targets/date=2025-07-27/hour=08/target.parquet
[2025-07-31T22:00:48.950+0000] {drift_monitoring.py:58} WARNING - File not found: s3://crypto-mlops-bucket/predictions/date=2025-07-27/hour=07/prediction.parquet
[2025-07-31T22:00:48.961+0000] {drift_monitoring.py:58} WARNING - File not found: s3://crypto-mlops-bucket/targets/date=2025-07-27/hour=07/target.parquet
[2025-07-31T22:00:48.973+0000] {drift_monitoring.py:58} WARNING - File not found: s3://crypto-mlops-bucket/predictions/date=2025-07-27/hour=06/prediction.parquet
[2025-07-31T22:00:48.984+0000] {drift_monitoring.py:58} WARNING - File not found: s3://crypto-mlops-bucket/targets/date=2025-07-27/hour=06/target.parquet
[2025-07-31T22:00:48.996+0000] {drift_monitoring.py:58} WARNING - File not found: s3://crypto-mlops-bucket/predictions/date=2025-07-27/hour=05/prediction.parquet
[2025-07-31T22:00:49.020+0000] {drift_monitoring.py:58} WARNING - File not found: s3://crypto-mlops-bucket/targets/date=2025-07-27/hour=05/target.parquet
[2025-07-31T22:00:49.031+0000] {drift_monitoring.py:58} WARNING - File not found: s3://crypto-mlops-bucket/predictions/date=2025-07-27/hour=04/prediction.parquet
[2025-07-31T22:00:49.041+0000] {drift_monitoring.py:58} WARNING - File not found: s3://crypto-mlops-bucket/targets/date=2025-07-27/hour=04/target.parquet
[2025-07-31T22:00:49.053+0000] {drift_monitoring.py:58} WARNING - File not found: s3://crypto-mlops-bucket/predictions/date=2025-07-27/hour=03/prediction.parquet
[2025-07-31T22:00:49.063+0000] {drift_monitoring.py:58} WARNING - File not found: s3://crypto-mlops-bucket/targets/date=2025-07-27/hour=03/target.parquet
[2025-07-31T22:00:49.075+0000] {drift_monitoring.py:58} WARNING - File not found: s3://crypto-mlops-bucket/predictions/date=2025-07-27/hour=02/prediction.parquet
[2025-07-31T22:00:49.097+0000] {drift_monitoring.py:58} WARNING - File not found: s3://crypto-mlops-bucket/targets/date=2025-07-27/hour=02/target.parquet
[2025-07-31T22:00:49.107+0000] {drift_monitoring.py:58} WARNING - File not found: s3://crypto-mlops-bucket/predictions/date=2025-07-27/hour=01/prediction.parquet
[2025-07-31T22:00:49.117+0000] {drift_monitoring.py:58} WARNING - File not found: s3://crypto-mlops-bucket/targets/date=2025-07-27/hour=01/target.parquet
[2025-07-31T22:00:49.128+0000] {drift_monitoring.py:58} WARNING - File not found: s3://crypto-mlops-bucket/predictions/date=2025-07-27/hour=00/prediction.parquet
[2025-07-31T22:00:49.140+0000] {drift_monitoring.py:58} WARNING - File not found: s3://crypto-mlops-bucket/targets/date=2025-07-27/hour=00/target.parquet
[2025-07-31T22:00:49.150+0000] {drift_monitoring.py:58} WARNING - File not found: s3://crypto-mlops-bucket/predictions/date=2025-07-26/hour=23/prediction.parquet
[2025-07-31T22:00:49.161+0000] {drift_monitoring.py:58} WARNING - File not found: s3://crypto-mlops-bucket/targets/date=2025-07-26/hour=23/target.parquet
[2025-07-31T22:00:49.171+0000] {drift_monitoring.py:58} WARNING - File not found: s3://crypto-mlops-bucket/predictions/date=2025-07-26/hour=22/prediction.parquet
[2025-07-31T22:00:49.182+0000] {drift_monitoring.py:58} WARNING - File not found: s3://crypto-mlops-bucket/targets/date=2025-07-26/hour=22/target.parquet
[2025-07-31T22:00:49.193+0000] {drift_monitoring.py:58} WARNING - File not found: s3://crypto-mlops-bucket/predictions/date=2025-07-26/hour=21/prediction.parquet
[2025-07-31T22:00:49.203+0000] {drift_monitoring.py:58} WARNING - File not found: s3://crypto-mlops-bucket/targets/date=2025-07-26/hour=21/target.parquet
[2025-07-31T22:00:49.213+0000] {drift_monitoring.py:58} WARNING - File not found: s3://crypto-mlops-bucket/predictions/date=2025-07-26/hour=20/prediction.parquet
[2025-07-31T22:00:49.223+0000] {drift_monitoring.py:58} WARNING - File not found: s3://crypto-mlops-bucket/targets/date=2025-07-26/hour=20/target.parquet
[2025-07-31T22:00:49.234+0000] {drift_monitoring.py:58} WARNING - File not found: s3://crypto-mlops-bucket/predictions/date=2025-07-26/hour=19/prediction.parquet
[2025-07-31T22:00:49.244+0000] {drift_monitoring.py:58} WARNING - File not found: s3://crypto-mlops-bucket/targets/date=2025-07-26/hour=19/target.parquet
[2025-07-31T22:00:49.253+0000] {drift_monitoring.py:58} WARNING - File not found: s3://crypto-mlops-bucket/predictions/date=2025-07-26/hour=18/prediction.parquet
[2025-07-31T22:00:49.263+0000] {drift_monitoring.py:58} WARNING - File not found: s3://crypto-mlops-bucket/targets/date=2025-07-26/hour=18/target.parquet
[2025-07-31T22:00:49.274+0000] {drift_monitoring.py:58} WARNING - File not found: s3://crypto-mlops-bucket/predictions/date=2025-07-26/hour=17/prediction.parquet
[2025-07-31T22:00:49.284+0000] {drift_monitoring.py:58} WARNING - File not found: s3://crypto-mlops-bucket/targets/date=2025-07-26/hour=17/target.parquet
[2025-07-31T22:00:49.293+0000] {drift_monitoring.py:58} WARNING - File not found: s3://crypto-mlops-bucket/predictions/date=2025-07-26/hour=16/prediction.parquet
[2025-07-31T22:00:49.304+0000] {drift_monitoring.py:58} WARNING - File not found: s3://crypto-mlops-bucket/targets/date=2025-07-26/hour=16/target.parquet
[2025-07-31T22:00:49.315+0000] {drift_monitoring.py:58} WARNING - File not found: s3://crypto-mlops-bucket/predictions/date=2025-07-26/hour=15/prediction.parquet
[2025-07-31T22:00:49.327+0000] {drift_monitoring.py:58} WARNING - File not found: s3://crypto-mlops-bucket/targets/date=2025-07-26/hour=15/target.parquet
[2025-07-31T22:00:49.340+0000] {drift_monitoring.py:58} WARNING - File not found: s3://crypto-mlops-bucket/predictions/date=2025-07-26/hour=14/prediction.parquet
[2025-07-31T22:00:49.353+0000] {drift_monitoring.py:58} WARNING - File not found: s3://crypto-mlops-bucket/targets/date=2025-07-26/hour=14/target.parquet
[2025-07-31T22:00:49.365+0000] {drift_monitoring.py:58} WARNING - File not found: s3://crypto-mlops-bucket/predictions/date=2025-07-26/hour=13/prediction.parquet
[2025-07-31T22:00:49.377+0000] {drift_monitoring.py:58} WARNING - File not found: s3://crypto-mlops-bucket/targets/date=2025-07-26/hour=13/target.parquet
[2025-07-31T22:00:49.389+0000] {drift_monitoring.py:58} WARNING - File not found: s3://crypto-mlops-bucket/predictions/date=2025-07-26/hour=12/prediction.parquet
[2025-07-31T22:00:49.401+0000] {drift_monitoring.py:58} WARNING - File not found: s3://crypto-mlops-bucket/targets/date=2025-07-26/hour=12/target.parquet
[2025-07-31T22:00:49.412+0000] {drift_monitoring.py:58} WARNING - File not found: s3://crypto-mlops-bucket/predictions/date=2025-07-26/hour=11/prediction.parquet
[2025-07-31T22:00:49.425+0000] {drift_monitoring.py:58} WARNING - File not found: s3://crypto-mlops-bucket/targets/date=2025-07-26/hour=11/target.parquet
[2025-07-31T22:00:49.438+0000] {drift_monitoring.py:58} WARNING - File not found: s3://crypto-mlops-bucket/predictions/date=2025-07-26/hour=10/prediction.parquet
[2025-07-31T22:00:49.449+0000] {drift_monitoring.py:58} WARNING - File not found: s3://crypto-mlops-bucket/targets/date=2025-07-26/hour=10/target.parquet
[2025-07-31T22:00:49.462+0000] {drift_monitoring.py:58} WARNING - File not found: s3://crypto-mlops-bucket/predictions/date=2025-07-26/hour=09/prediction.parquet
[2025-07-31T22:00:49.472+0000] {drift_monitoring.py:58} WARNING - File not found: s3://crypto-mlops-bucket/targets/date=2025-07-26/hour=09/target.parquet
[2025-07-31T22:00:49.484+0000] {drift_monitoring.py:58} WARNING - File not found: s3://crypto-mlops-bucket/predictions/date=2025-07-26/hour=08/prediction.parquet
[2025-07-31T22:00:49.496+0000] {drift_monitoring.py:58} WARNING - File not found: s3://crypto-mlops-bucket/targets/date=2025-07-26/hour=08/target.parquet
[2025-07-31T22:00:49.507+0000] {drift_monitoring.py:58} WARNING - File not found: s3://crypto-mlops-bucket/predictions/date=2025-07-26/hour=07/prediction.parquet
[2025-07-31T22:00:49.518+0000] {drift_monitoring.py:58} WARNING - File not found: s3://crypto-mlops-bucket/targets/date=2025-07-26/hour=07/target.parquet
[2025-07-31T22:00:49.529+0000] {drift_monitoring.py:58} WARNING - File not found: s3://crypto-mlops-bucket/predictions/date=2025-07-26/hour=06/prediction.parquet
[2025-07-31T22:00:49.541+0000] {drift_monitoring.py:58} WARNING - File not found: s3://crypto-mlops-bucket/targets/date=2025-07-26/hour=06/target.parquet
[2025-07-31T22:00:49.552+0000] {drift_monitoring.py:58} WARNING - File not found: s3://crypto-mlops-bucket/predictions/date=2025-07-26/hour=05/prediction.parquet
[2025-07-31T22:00:49.563+0000] {drift_monitoring.py:58} WARNING - File not found: s3://crypto-mlops-bucket/targets/date=2025-07-26/hour=05/target.parquet
[2025-07-31T22:00:49.574+0000] {drift_monitoring.py:58} WARNING - File not found: s3://crypto-mlops-bucket/predictions/date=2025-07-26/hour=04/prediction.parquet
[2025-07-31T22:00:49.584+0000] {drift_monitoring.py:58} WARNING - File not found: s3://crypto-mlops-bucket/targets/date=2025-07-26/hour=04/target.parquet
[2025-07-31T22:00:49.596+0000] {drift_monitoring.py:58} WARNING - File not found: s3://crypto-mlops-bucket/predictions/date=2025-07-26/hour=03/prediction.parquet
[2025-07-31T22:00:49.607+0000] {drift_monitoring.py:58} WARNING - File not found: s3://crypto-mlops-bucket/targets/date=2025-07-26/hour=03/target.parquet
[2025-07-31T22:00:49.618+0000] {drift_monitoring.py:58} WARNING - File not found: s3://crypto-mlops-bucket/predictions/date=2025-07-26/hour=02/prediction.parquet
[2025-07-31T22:00:49.630+0000] {drift_monitoring.py:58} WARNING - File not found: s3://crypto-mlops-bucket/targets/date=2025-07-26/hour=02/target.parquet
[2025-07-31T22:00:49.642+0000] {drift_monitoring.py:58} WARNING - File not found: s3://crypto-mlops-bucket/predictions/date=2025-07-26/hour=01/prediction.parquet
[2025-07-31T22:00:49.653+0000] {drift_monitoring.py:58} WARNING - File not found: s3://crypto-mlops-bucket/targets/date=2025-07-26/hour=01/target.parquet
[2025-07-31T22:00:49.665+0000] {drift_monitoring.py:58} WARNING - File not found: s3://crypto-mlops-bucket/predictions/date=2025-07-26/hour=00/prediction.parquet
[2025-07-31T22:00:49.676+0000] {drift_monitoring.py:58} WARNING - File not found: s3://crypto-mlops-bucket/targets/date=2025-07-26/hour=00/target.parquet
[2025-07-31T22:00:49.687+0000] {drift_monitoring.py:58} WARNING - File not found: s3://crypto-mlops-bucket/predictions/date=2025-07-25/hour=23/prediction.parquet
[2025-07-31T22:00:49.699+0000] {drift_monitoring.py:58} WARNING - File not found: s3://crypto-mlops-bucket/targets/date=2025-07-25/hour=23/target.parquet
[2025-07-31T22:00:49.709+0000] {drift_monitoring.py:58} WARNING - File not found: s3://crypto-mlops-bucket/predictions/date=2025-07-25/hour=22/prediction.parquet
[2025-07-31T22:00:49.719+0000] {drift_monitoring.py:58} WARNING - File not found: s3://crypto-mlops-bucket/targets/date=2025-07-25/hour=22/target.parquet
[2025-07-31T22:00:49.729+0000] {drift_monitoring.py:58} WARNING - File not found: s3://crypto-mlops-bucket/predictions/date=2025-07-25/hour=21/prediction.parquet
[2025-07-31T22:00:49.739+0000] {drift_monitoring.py:58} WARNING - File not found: s3://crypto-mlops-bucket/targets/date=2025-07-25/hour=21/target.parquet
[2025-07-31T22:00:49.749+0000] {drift_monitoring.py:58} WARNING - File not found: s3://crypto-mlops-bucket/predictions/date=2025-07-25/hour=20/prediction.parquet
[2025-07-31T22:00:49.759+0000] {drift_monitoring.py:58} WARNING - File not found: s3://crypto-mlops-bucket/targets/date=2025-07-25/hour=20/target.parquet
[2025-07-31T22:00:49.769+0000] {drift_monitoring.py:58} WARNING - File not found: s3://crypto-mlops-bucket/predictions/date=2025-07-25/hour=19/prediction.parquet
[2025-07-31T22:00:49.780+0000] {drift_monitoring.py:58} WARNING - File not found: s3://crypto-mlops-bucket/targets/date=2025-07-25/hour=19/target.parquet
[2025-07-31T22:00:49.791+0000] {drift_monitoring.py:58} WARNING - File not found: s3://crypto-mlops-bucket/predictions/date=2025-07-25/hour=18/prediction.parquet
[2025-07-31T22:00:49.801+0000] {drift_monitoring.py:58} WARNING - File not found: s3://crypto-mlops-bucket/targets/date=2025-07-25/hour=18/target.parquet
[2025-07-31T22:00:49.811+0000] {drift_monitoring.py:58} WARNING - File not found: s3://crypto-mlops-bucket/predictions/date=2025-07-25/hour=17/prediction.parquet
[2025-07-31T22:00:49.820+0000] {drift_monitoring.py:58} WARNING - File not found: s3://crypto-mlops-bucket/targets/date=2025-07-25/hour=17/target.parquet
[2025-07-31T22:00:49.831+0000] {drift_monitoring.py:58} WARNING - File not found: s3://crypto-mlops-bucket/predictions/date=2025-07-25/hour=16/prediction.parquet
[2025-07-31T22:00:49.841+0000] {drift_monitoring.py:58} WARNING - File not found: s3://crypto-mlops-bucket/targets/date=2025-07-25/hour=16/target.parquet
[2025-07-31T22:00:49.851+0000] {drift_monitoring.py:58} WARNING - File not found: s3://crypto-mlops-bucket/predictions/date=2025-07-25/hour=15/prediction.parquet
[2025-07-31T22:00:49.873+0000] {drift_monitoring.py:58} WARNING - File not found: s3://crypto-mlops-bucket/targets/date=2025-07-25/hour=15/target.parquet
[2025-07-31T22:00:49.883+0000] {drift_monitoring.py:58} WARNING - File not found: s3://crypto-mlops-bucket/predictions/date=2025-07-25/hour=14/prediction.parquet
[2025-07-31T22:00:49.895+0000] {drift_monitoring.py:58} WARNING - File not found: s3://crypto-mlops-bucket/targets/date=2025-07-25/hour=14/target.parquet
[2025-07-31T22:00:49.906+0000] {drift_monitoring.py:58} WARNING - File not found: s3://crypto-mlops-bucket/predictions/date=2025-07-25/hour=13/prediction.parquet
[2025-07-31T22:00:49.918+0000] {drift_monitoring.py:58} WARNING - File not found: s3://crypto-mlops-bucket/targets/date=2025-07-25/hour=13/target.parquet
[2025-07-31T22:00:49.930+0000] {drift_monitoring.py:58} WARNING - File not found: s3://crypto-mlops-bucket/predictions/date=2025-07-25/hour=12/prediction.parquet
[2025-07-31T22:00:49.943+0000] {drift_monitoring.py:58} WARNING - File not found: s3://crypto-mlops-bucket/targets/date=2025-07-25/hour=12/target.parquet
[2025-07-31T22:00:49.956+0000] {drift_monitoring.py:58} WARNING - File not found: s3://crypto-mlops-bucket/predictions/date=2025-07-25/hour=11/prediction.parquet
[2025-07-31T22:00:49.971+0000] {drift_monitoring.py:58} WARNING - File not found: s3://crypto-mlops-bucket/targets/date=2025-07-25/hour=11/target.parquet
[2025-07-31T22:00:49.986+0000] {drift_monitoring.py:58} WARNING - File not found: s3://crypto-mlops-bucket/predictions/date=2025-07-25/hour=10/prediction.parquet
[2025-07-31T22:00:50.002+0000] {drift_monitoring.py:58} WARNING - File not found: s3://crypto-mlops-bucket/targets/date=2025-07-25/hour=10/target.parquet
[2025-07-31T22:00:50.021+0000] {drift_monitoring.py:58} WARNING - File not found: s3://crypto-mlops-bucket/predictions/date=2025-07-25/hour=09/prediction.parquet
[2025-07-31T22:00:50.036+0000] {drift_monitoring.py:58} WARNING - File not found: s3://crypto-mlops-bucket/targets/date=2025-07-25/hour=09/target.parquet
[2025-07-31T22:00:50.055+0000] {drift_monitoring.py:58} WARNING - File not found: s3://crypto-mlops-bucket/predictions/date=2025-07-25/hour=08/prediction.parquet
[2025-07-31T22:00:50.072+0000] {drift_monitoring.py:58} WARNING - File not found: s3://crypto-mlops-bucket/targets/date=2025-07-25/hour=08/target.parquet
[2025-07-31T22:00:50.093+0000] {drift_monitoring.py:58} WARNING - File not found: s3://crypto-mlops-bucket/predictions/date=2025-07-25/hour=07/prediction.parquet
[2025-07-31T22:00:50.113+0000] {drift_monitoring.py:58} WARNING - File not found: s3://crypto-mlops-bucket/targets/date=2025-07-25/hour=07/target.parquet
[2025-07-31T22:00:50.134+0000] {drift_monitoring.py:58} WARNING - File not found: s3://crypto-mlops-bucket/predictions/date=2025-07-25/hour=06/prediction.parquet
[2025-07-31T22:00:50.154+0000] {drift_monitoring.py:58} WARNING - File not found: s3://crypto-mlops-bucket/targets/date=2025-07-25/hour=06/target.parquet
[2025-07-31T22:00:50.171+0000] {drift_monitoring.py:58} WARNING - File not found: s3://crypto-mlops-bucket/predictions/date=2025-07-25/hour=05/prediction.parquet
[2025-07-31T22:00:50.190+0000] {drift_monitoring.py:58} WARNING - File not found: s3://crypto-mlops-bucket/targets/date=2025-07-25/hour=05/target.parquet
[2025-07-31T22:00:50.205+0000] {drift_monitoring.py:58} WARNING - File not found: s3://crypto-mlops-bucket/predictions/date=2025-07-25/hour=04/prediction.parquet
[2025-07-31T22:00:50.220+0000] {drift_monitoring.py:58} WARNING - File not found: s3://crypto-mlops-bucket/targets/date=2025-07-25/hour=04/target.parquet
[2025-07-31T22:00:50.234+0000] {drift_monitoring.py:58} WARNING - File not found: s3://crypto-mlops-bucket/predictions/date=2025-07-25/hour=03/prediction.parquet
[2025-07-31T22:00:50.248+0000] {drift_monitoring.py:58} WARNING - File not found: s3://crypto-mlops-bucket/targets/date=2025-07-25/hour=03/target.parquet
[2025-07-31T22:00:50.260+0000] {drift_monitoring.py:58} WARNING - File not found: s3://crypto-mlops-bucket/predictions/date=2025-07-25/hour=02/prediction.parquet
[2025-07-31T22:00:50.271+0000] {drift_monitoring.py:58} WARNING - File not found: s3://crypto-mlops-bucket/targets/date=2025-07-25/hour=02/target.parquet
[2025-07-31T22:00:50.282+0000] {drift_monitoring.py:58} WARNING - File not found: s3://crypto-mlops-bucket/predictions/date=2025-07-25/hour=01/prediction.parquet
[2025-07-31T22:00:50.294+0000] {drift_monitoring.py:58} WARNING - File not found: s3://crypto-mlops-bucket/targets/date=2025-07-25/hour=01/target.parquet
[2025-07-31T22:00:50.307+0000] {drift_monitoring.py:58} WARNING - File not found: s3://crypto-mlops-bucket/predictions/date=2025-07-25/hour=00/prediction.parquet
[2025-07-31T22:00:50.318+0000] {drift_monitoring.py:58} WARNING - File not found: s3://crypto-mlops-bucket/targets/date=2025-07-25/hour=00/target.parquet
[2025-07-31T22:00:50.330+0000] {drift_monitoring.py:58} WARNING - File not found: s3://crypto-mlops-bucket/predictions/date=2025-07-24/hour=23/prediction.parquet
[2025-07-31T22:00:50.343+0000] {drift_monitoring.py:58} WARNING - File not found: s3://crypto-mlops-bucket/targets/date=2025-07-24/hour=23/target.parquet
[2025-07-31T22:00:50.361+0000] {drift_monitoring.py:272} INFO - Loaded 5 data points for drift analysis
[2025-07-31T22:00:50.362+0000] {drift_monitoring.py:280} INFO - Minimum points required per window: 2
[2025-07-31T22:00:50.371+0000] {drift_monitoring.py:294} INFO - Window 0: MAE = 0.0545 with 5 points
[2025-07-31T22:00:50.374+0000] {drift_monitoring.py:294} INFO - Window 1: MAE = 0.0545 with 5 points
[2025-07-31T22:00:50.377+0000] {drift_monitoring.py:294} INFO - Window 2: MAE = 0.0545 with 5 points
[2025-07-31T22:00:50.380+0000] {drift_monitoring.py:294} INFO - Window 3: MAE = 0.0588 with 4 points
[2025-07-31T22:00:50.382+0000] {drift_monitoring.py:294} INFO - Window 4: MAE = 0.0762 with 3 points
[2025-07-31T22:00:50.385+0000] {drift_monitoring.py:294} INFO - Window 5: MAE = 0.0762 with 3 points
[2025-07-31T22:00:50.387+0000] {drift_monitoring.py:294} INFO - Window 6: MAE = 0.0762 with 3 points
[2025-07-31T22:00:50.389+0000] {drift_monitoring.py:294} INFO - Window 7: MAE = 0.0762 with 3 points
[2025-07-31T22:00:50.392+0000] {drift_monitoring.py:294} INFO - Window 8: MAE = 0.0796 with 2 points
[2025-07-31T22:00:50.403+0000] {drift_monitoring.py:311} INFO - Current MAE: 0.0545
[2025-07-31T22:00:50.404+0000] {drift_monitoring.py:312} INFO - Mean MAE over analysis period: 0.0674
[2025-07-31T22:00:50.405+0000] {drift_monitoring.py:313} INFO - Drift threshold: 0.15
[2025-07-31T22:00:50.405+0000] {drift_monitoring.py:159} INFO - Loading reference metrics from s3://crypto-mlops-bucket/models//metrics/metrics.json
[2025-07-31T22:00:50.421+0000] {drift_monitoring.py:165} INFO - Loaded reference metrics: {'train_rmse': 0.10132790942815612, 'val_rmse': 0.08004477997499375, 'train_mae': 0.06905127232818739, 'val_mae': 0.05703907570127514, 'train_r2': 0.018434416395335385, 'val_r2': 0.0086746685610547, 'best_iteration': 4}
[2025-07-31T22:00:50.423+0000] {drift_monitoring.py:320} INFO - Reference MAE: 0.0570
[2025-07-31T22:00:50.423+0000] {drift_monitoring.py:323} INFO - MAE degradation vs reference: -4.41%
[2025-07-31T22:00:50.442+0000] {drift_monitoring.py:108} INFO - Latest run_id found: c22d2fb8a0c54cd9be9be996e63addeb
[2025-07-31T22:00:51.019+0000] {drift_monitoring.py:139} INFO - Loaded training reference data: 6964 rows
[2025-07-31T22:00:51.020+0000] {drift_monitoring.py:143} INFO - Loaded validation reference data: 1741 rows
[2025-07-31T22:00:51.023+0000] {drift_monitoring.py:147} INFO - Combined reference data: 8705 rows
[2025-07-31T22:00:51.024+0000] {drift_monitoring.py:336} INFO - Current data for Evidently: ['prediction', 'target', 'timestamp']
[2025-07-31T22:00:51.024+0000] {drift_monitoring.py:337} INFO - Reference data columns: ['low', 'high', 'open', 'close', 'volume', 'price_change', 'volume_change', 'high_low_ratio', 'close_open_ratio', 'price_range', 'sma_5', 'ema_5', 'volume_sma_5', 'price_vs_sma_5', 'price_vs_ema_5', 'sma_10', 'ema_10', 'volume_sma_10', 'price_vs_sma_10', 'price_vs_ema_10', 'sma_20', 'ema_20', 'volume_sma_20', 'price_vs_sma_20', 'price_vs_ema_20', 'sma_50', 'ema_50', 'volume_sma_50', 'price_vs_sma_50', 'price_vs_ema_50', 'macd', 'macd_signal', 'rsi', 'bbands_upper', 'bbands_lower', 'bbands_position', 'atr', 'volume_sma_ratio', 'close_lag_1', 'volume_lag_1', 'rsi_lag_1', 'price_change_lag_1', 'close_lag_2', 'volume_lag_2', 'rsi_lag_2', 'price_change_lag_2', 'close_lag_3', 'volume_lag_3', 'rsi_lag_3', 'price_change_lag_3', 'close_lag_5', 'volume_lag_5', 'rsi_lag_5', 'price_change_lag_5', 'close_lag_10', 'volume_lag_10', 'rsi_lag_10', 'price_change_lag_10', 'close_std_5', 'volume_std_5', 'price_change_std_5', 'close_min_5', 'close_max_5', 'close_position_5', 'close_std_10', 'volume_std_10', 'price_change_std_10', 'close_min_10', 'close_max_10', 'close_position_10', 'close_std_20', 'volume_std_20', 'price_change_std_20', 'close_min_20', 'close_max_20', 'close_position_20', 'hour', 'day_of_week', 'day_of_month', 'month', 'target']
[2025-07-31T22:00:51.033+0000] {drift_monitoring.py:196} INFO - Current data columns: ['prediction', 'target']
[2025-07-31T22:00:51.034+0000] {drift_monitoring.py:197} INFO - Reference data columns: ['low', 'high', 'open', 'close', 'volume', 'price_change', 'volume_change', 'high_low_ratio', 'close_open_ratio', 'price_range', 'sma_5', 'ema_5', 'volume_sma_5', 'price_vs_sma_5', 'price_vs_ema_5', 'sma_10', 'ema_10', 'volume_sma_10', 'price_vs_sma_10', 'price_vs_ema_10', 'sma_20', 'ema_20', 'volume_sma_20', 'price_vs_sma_20', 'price_vs_ema_20', 'sma_50', 'ema_50', 'volume_sma_50', 'price_vs_sma_50', 'price_vs_ema_50', 'macd', 'macd_signal', 'rsi', 'bbands_upper', 'bbands_lower', 'bbands_position', 'atr', 'volume_sma_ratio', 'close_lag_1', 'volume_lag_1', 'rsi_lag_1', 'price_change_lag_1', 'close_lag_2', 'volume_lag_2', 'rsi_lag_2', 'price_change_lag_2', 'close_lag_3', 'volume_lag_3', 'rsi_lag_3', 'price_change_lag_3', 'close_lag_5', 'volume_lag_5', 'rsi_lag_5', 'price_change_lag_5', 'close_lag_10', 'volume_lag_10', 'rsi_lag_10', 'price_change_lag_10', 'close_std_5', 'volume_std_5', 'price_change_std_5', 'close_min_5', 'close_max_5', 'close_position_5', 'close_std_10', 'volume_std_10', 'price_change_std_10', 'close_min_10', 'close_max_10', 'close_position_10', 'close_std_20', 'volume_std_20', 'price_change_std_20', 'close_min_20', 'close_max_20', 'close_position_20', 'hour', 'day_of_week', 'day_of_month', 'month', 'target']
[2025-07-31T22:00:51.036+0000] {drift_monitoring.py:218} INFO - Generating Evidently report with 8705 reference rows and 5 current rows
[2025-07-31T22:00:51.053+0000] {drift_monitoring.py:219} INFO - Reference data sample:
     target  prediction
0  0.175052    0.175052
1 -0.128173   -0.128173
2  0.034480    0.034480
3  0.058501    0.058501
4 -0.015417   -0.015417
[2025-07-31T22:00:51.060+0000] {drift_monitoring.py:220} INFO - Current data sample:
     target  prediction
0 -0.145986   -0.012425
0  0.025355   -0.000363
0  0.065420   -0.003891
0  0.002788   -0.003801
0  0.083989    0.046543
[2025-07-31T22:00:51.198+0000] {logging_mixin.py:188} WARNING - /home/***/.local/lib/python3.12/site-packages/sklearn/metrics/_regression.py:492 FutureWarning: 'squared' is deprecated in version 1.4 and will be removed in 1.6. To calculate the root mean squared error, use the function'root_mean_squared_error'.
[2025-07-31T22:00:51.207+0000] {logging_mixin.py:188} WARNING - /home/***/.local/lib/python3.12/site-packages/sklearn/metrics/_regression.py:492 FutureWarning: 'squared' is deprecated in version 1.4 and will be removed in 1.6. To calculate the root mean squared error, use the function'root_mean_squared_error'.
[2025-07-31T22:00:51.214+0000] {logging_mixin.py:188} WARNING - /home/***/.local/lib/python3.12/site-packages/sklearn/metrics/_regression.py:492 FutureWarning: 'squared' is deprecated in version 1.4 and will be removed in 1.6. To calculate the root mean squared error, use the function'root_mean_squared_error'.
[2025-07-31T22:00:51.318+0000] {logging_mixin.py:188} WARNING - /home/***/.local/lib/python3.12/site-packages/sklearn/metrics/_regression.py:1211 UndefinedMetricWarning: R^2 score is not well-defined with less than two samples.
[2025-07-31T22:00:51.332+0000] {logging_mixin.py:188} WARNING - /home/***/.local/lib/python3.12/site-packages/sklearn/metrics/_regression.py:1211 UndefinedMetricWarning: R^2 score is not well-defined with less than two samples.
[2025-07-31T22:00:51.349+0000] {logging_mixin.py:188} WARNING - /home/***/.local/lib/python3.12/site-packages/sklearn/metrics/_regression.py:492 FutureWarning: 'squared' is deprecated in version 1.4 and will be removed in 1.6. To calculate the root mean squared error, use the function'root_mean_squared_error'.
[2025-07-31T22:00:51.354+0000] {logging_mixin.py:188} WARNING - /home/***/.local/lib/python3.12/site-packages/sklearn/metrics/_regression.py:492 FutureWarning: 'squared' is deprecated in version 1.4 and will be removed in 1.6. To calculate the root mean squared error, use the function'root_mean_squared_error'.
[2025-07-31T22:00:51.361+0000] {logging_mixin.py:188} WARNING - /home/***/.local/lib/python3.12/site-packages/sklearn/metrics/_regression.py:492 FutureWarning: 'squared' is deprecated in version 1.4 and will be removed in 1.6. To calculate the root mean squared error, use the function'root_mean_squared_error'.
[2025-07-31T22:00:51.367+0000] {logging_mixin.py:188} WARNING - /home/***/.local/lib/python3.12/site-packages/sklearn/metrics/_regression.py:492 FutureWarning: 'squared' is deprecated in version 1.4 and will be removed in 1.6. To calculate the root mean squared error, use the function'root_mean_squared_error'.
[2025-07-31T22:00:51.378+0000] {logging_mixin.py:188} WARNING - /home/***/.local/lib/python3.12/site-packages/sklearn/metrics/_regression.py:492 FutureWarning: 'squared' is deprecated in version 1.4 and will be removed in 1.6. To calculate the root mean squared error, use the function'root_mean_squared_error'.
[2025-07-31T22:00:51.385+0000] {logging_mixin.py:188} WARNING - /home/***/.local/lib/python3.12/site-packages/sklearn/metrics/_regression.py:492 FutureWarning: 'squared' is deprecated in version 1.4 and will be removed in 1.6. To calculate the root mean squared error, use the function'root_mean_squared_error'.
[2025-07-31T22:00:51.391+0000] {logging_mixin.py:188} WARNING - /home/***/.local/lib/python3.12/site-packages/sklearn/metrics/_regression.py:492 FutureWarning: 'squared' is deprecated in version 1.4 and will be removed in 1.6. To calculate the root mean squared error, use the function'root_mean_squared_error'.
[2025-07-31T22:00:51.403+0000] {logging_mixin.py:188} WARNING - /home/***/.local/lib/python3.12/site-packages/sklearn/metrics/_regression.py:492 FutureWarning: 'squared' is deprecated in version 1.4 and will be removed in 1.6. To calculate the root mean squared error, use the function'root_mean_squared_error'.
[2025-07-31T22:00:51.409+0000] {logging_mixin.py:188} WARNING - /home/***/.local/lib/python3.12/site-packages/sklearn/metrics/_regression.py:492 FutureWarning: 'squared' is deprecated in version 1.4 and will be removed in 1.6. To calculate the root mean squared error, use the function'root_mean_squared_error'.
[2025-07-31T22:00:52.773+0000] {drift_monitoring.py:225} INFO - Evidently performance report saved at /opt/***/dags/reports/drift_report_202507312200.html
[2025-07-31T22:00:52.777+0000] {drift_monitoring.py:361} INFO - No significant drift detected.
[2025-07-31T22:00:52.779+0000] {python.py:237} INFO - Done. Returned value was: None
[2025-07-31T22:00:52.780+0000] {taskinstance.py:441} INFO - ::group::Post task execution logs
[2025-07-31T22:00:52.800+0000] {taskinstance.py:1205} INFO - Marking task as SUCCESS. dag_id=drift_monitoring_dag, task_id=check_drift_and_trigger, execution_date=20250731T220030, start_date=20250731T220045, end_date=20250731T220052
[2025-07-31T22:00:52.893+0000] {local_task_job_runner.py:240} INFO - Task exited with return code 0
[2025-07-31T22:00:52.924+0000] {taskinstance.py:3482} INFO - 0 downstream tasks scheduled from follow-on schedule check
[2025-07-31T22:00:52.927+0000] {local_task_job_runner.py:222} INFO - ::endgroup::
