[2025-07-31T21:46:48.267+0000] {local_task_job_runner.py:120} INFO - ::group::Pre task execution logs
[2025-07-31T21:46:45.239+0000] {taskinstance.py:2073} INFO - Dependencies all met for dep_context=non-requeueable deps ti=<TaskInstance: drift_monitoring_dag.check_drift_and_trigger manual__2025-07-31T21:41:28.412680+00:00 [queued]>
[2025-07-31T21:46:45.254+0000] {taskinstance.py:2073} INFO - Dependencies all met for dep_context=requeueable deps ti=<TaskInstance: drift_monitoring_dag.check_drift_and_trigger manual__2025-07-31T21:41:28.412680+00:00 [queued]>
[2025-07-31T21:46:45.255+0000] {taskinstance.py:2303} INFO - Starting attempt 2 of 2
[2025-07-31T21:46:45.276+0000] {taskinstance.py:2327} INFO - Executing <Task(PythonOperator): check_drift_and_trigger> on 2025-07-31 21:41:28.412680+00:00
[2025-07-31T21:46:45.299+0000] {logging_mixin.py:188} WARNING - /home/***/.local/lib/python3.12/site-packages/***/task/task_runner/standard_task_runner.py:61 DeprecationWarning: This process (pid=23399) is multi-threaded, use of fork() may lead to deadlocks in the child.
[2025-07-31T21:46:45.298+0000] {standard_task_runner.py:90} INFO - Running: ['***', 'tasks', 'run', 'drift_monitoring_dag', 'check_drift_and_trigger', 'manual__2025-07-31T21:41:28.412680+00:00', '--job-id', '278', '--raw', '--subdir', 'DAGS_FOLDER/drift_monitoring.py', '--cfg-path', '/tmp/tmp2m7ou67z']
[2025-07-31T21:46:45.302+0000] {standard_task_runner.py:63} INFO - Started process 23435 to run task
[2025-07-31T21:46:45.302+0000] {standard_task_runner.py:91} INFO - Job 278: Subtask check_drift_and_trigger
[2025-07-31T21:46:45.325+0000] {logging_mixin.py:188} WARNING - /home/***/.local/lib/python3.12/site-packages/***/settings.py:195 DeprecationWarning: The sql_alchemy_conn option in [core] has been moved to the sql_alchemy_conn option in [database] - the old setting has been used, but please update your config.
[2025-07-31T21:46:45.382+0000] {task_command.py:426} INFO - Running <TaskInstance: drift_monitoring_dag.check_drift_and_trigger manual__2025-07-31T21:41:28.412680+00:00 [running]> on host 44c57df83f33
[2025-07-31T21:46:45.531+0000] {taskinstance.py:2644} INFO - Exporting env vars: AIRFLOW_CTX_DAG_OWNER='***' AIRFLOW_CTX_DAG_ID='drift_monitoring_dag' AIRFLOW_CTX_TASK_ID='check_drift_and_trigger' AIRFLOW_CTX_EXECUTION_DATE='2025-07-31T21:41:28.412680+00:00' AIRFLOW_CTX_TRY_NUMBER='2' AIRFLOW_CTX_DAG_RUN_ID='manual__2025-07-31T21:41:28.412680+00:00'
[2025-07-31T21:46:45.533+0000] {taskinstance.py:430} INFO - ::endgroup::
[2025-07-31T21:46:45.625+0000] {drift_monitoring.py:59} WARNING - File not found: s3://crypto-mlops-bucket/targets/date=2025-07-31/hour=21/target.parquet
[2025-07-31T21:46:45.710+0000] {drift_monitoring.py:59} WARNING - File not found: s3://crypto-mlops-bucket/predictions/date=2025-07-31/hour=18/prediction.parquet
[2025-07-31T21:46:45.739+0000] {drift_monitoring.py:59} WARNING - File not found: s3://crypto-mlops-bucket/predictions/date=2025-07-31/hour=17/prediction.parquet
[2025-07-31T21:46:45.753+0000] {drift_monitoring.py:59} WARNING - File not found: s3://crypto-mlops-bucket/targets/date=2025-07-31/hour=17/target.parquet
[2025-07-31T21:46:45.784+0000] {drift_monitoring.py:59} WARNING - File not found: s3://crypto-mlops-bucket/targets/date=2025-07-31/hour=16/target.parquet
[2025-07-31T21:46:45.896+0000] {drift_monitoring.py:59} WARNING - File not found: s3://crypto-mlops-bucket/predictions/date=2025-07-31/hour=12/prediction.parquet
[2025-07-31T21:46:45.924+0000] {drift_monitoring.py:59} WARNING - File not found: s3://crypto-mlops-bucket/predictions/date=2025-07-31/hour=11/prediction.parquet
[2025-07-31T21:46:45.936+0000] {drift_monitoring.py:59} WARNING - File not found: s3://crypto-mlops-bucket/targets/date=2025-07-31/hour=11/target.parquet
[2025-07-31T21:46:45.950+0000] {drift_monitoring.py:59} WARNING - File not found: s3://crypto-mlops-bucket/predictions/date=2025-07-31/hour=10/prediction.parquet
[2025-07-31T21:46:45.961+0000] {drift_monitoring.py:59} WARNING - File not found: s3://crypto-mlops-bucket/targets/date=2025-07-31/hour=10/target.parquet
[2025-07-31T21:46:45.973+0000] {drift_monitoring.py:59} WARNING - File not found: s3://crypto-mlops-bucket/predictions/date=2025-07-31/hour=09/prediction.parquet
[2025-07-31T21:46:45.985+0000] {drift_monitoring.py:59} WARNING - File not found: s3://crypto-mlops-bucket/targets/date=2025-07-31/hour=09/target.parquet
[2025-07-31T21:46:45.998+0000] {drift_monitoring.py:59} WARNING - File not found: s3://crypto-mlops-bucket/predictions/date=2025-07-31/hour=08/prediction.parquet
[2025-07-31T21:46:46.011+0000] {drift_monitoring.py:59} WARNING - File not found: s3://crypto-mlops-bucket/targets/date=2025-07-31/hour=08/target.parquet
[2025-07-31T21:46:46.025+0000] {drift_monitoring.py:59} WARNING - File not found: s3://crypto-mlops-bucket/predictions/date=2025-07-31/hour=07/prediction.parquet
[2025-07-31T21:46:46.042+0000] {drift_monitoring.py:59} WARNING - File not found: s3://crypto-mlops-bucket/targets/date=2025-07-31/hour=07/target.parquet
[2025-07-31T21:46:46.053+0000] {drift_monitoring.py:59} WARNING - File not found: s3://crypto-mlops-bucket/predictions/date=2025-07-31/hour=06/prediction.parquet
[2025-07-31T21:46:46.067+0000] {drift_monitoring.py:59} WARNING - File not found: s3://crypto-mlops-bucket/targets/date=2025-07-31/hour=06/target.parquet
[2025-07-31T21:46:46.078+0000] {drift_monitoring.py:59} WARNING - File not found: s3://crypto-mlops-bucket/predictions/date=2025-07-31/hour=05/prediction.parquet
[2025-07-31T21:46:46.090+0000] {drift_monitoring.py:59} WARNING - File not found: s3://crypto-mlops-bucket/targets/date=2025-07-31/hour=05/target.parquet
[2025-07-31T21:46:46.102+0000] {drift_monitoring.py:59} WARNING - File not found: s3://crypto-mlops-bucket/predictions/date=2025-07-31/hour=04/prediction.parquet
[2025-07-31T21:46:46.114+0000] {drift_monitoring.py:59} WARNING - File not found: s3://crypto-mlops-bucket/targets/date=2025-07-31/hour=04/target.parquet
[2025-07-31T21:46:46.127+0000] {drift_monitoring.py:59} WARNING - File not found: s3://crypto-mlops-bucket/predictions/date=2025-07-31/hour=03/prediction.parquet
[2025-07-31T21:46:46.139+0000] {drift_monitoring.py:59} WARNING - File not found: s3://crypto-mlops-bucket/targets/date=2025-07-31/hour=03/target.parquet
[2025-07-31T21:46:46.153+0000] {drift_monitoring.py:59} WARNING - File not found: s3://crypto-mlops-bucket/predictions/date=2025-07-31/hour=02/prediction.parquet
[2025-07-31T21:46:46.167+0000] {drift_monitoring.py:59} WARNING - File not found: s3://crypto-mlops-bucket/targets/date=2025-07-31/hour=02/target.parquet
[2025-07-31T21:46:46.184+0000] {drift_monitoring.py:59} WARNING - File not found: s3://crypto-mlops-bucket/predictions/date=2025-07-31/hour=01/prediction.parquet
[2025-07-31T21:46:46.198+0000] {drift_monitoring.py:59} WARNING - File not found: s3://crypto-mlops-bucket/targets/date=2025-07-31/hour=01/target.parquet
[2025-07-31T21:46:46.211+0000] {drift_monitoring.py:59} WARNING - File not found: s3://crypto-mlops-bucket/predictions/date=2025-07-31/hour=00/prediction.parquet
[2025-07-31T21:46:46.224+0000] {drift_monitoring.py:59} WARNING - File not found: s3://crypto-mlops-bucket/targets/date=2025-07-31/hour=00/target.parquet
[2025-07-31T21:46:46.239+0000] {drift_monitoring.py:59} WARNING - File not found: s3://crypto-mlops-bucket/predictions/date=2025-07-30/hour=23/prediction.parquet
[2025-07-31T21:46:46.253+0000] {drift_monitoring.py:59} WARNING - File not found: s3://crypto-mlops-bucket/targets/date=2025-07-30/hour=23/target.parquet
[2025-07-31T21:46:46.266+0000] {drift_monitoring.py:59} WARNING - File not found: s3://crypto-mlops-bucket/predictions/date=2025-07-30/hour=22/prediction.parquet
[2025-07-31T21:46:46.281+0000] {drift_monitoring.py:59} WARNING - File not found: s3://crypto-mlops-bucket/targets/date=2025-07-30/hour=22/target.parquet
[2025-07-31T21:46:46.298+0000] {drift_monitoring.py:59} WARNING - File not found: s3://crypto-mlops-bucket/predictions/date=2025-07-30/hour=21/prediction.parquet
[2025-07-31T21:46:46.316+0000] {drift_monitoring.py:59} WARNING - File not found: s3://crypto-mlops-bucket/targets/date=2025-07-30/hour=21/target.parquet
[2025-07-31T21:46:46.332+0000] {drift_monitoring.py:59} WARNING - File not found: s3://crypto-mlops-bucket/predictions/date=2025-07-30/hour=20/prediction.parquet
[2025-07-31T21:46:46.348+0000] {drift_monitoring.py:59} WARNING - File not found: s3://crypto-mlops-bucket/targets/date=2025-07-30/hour=20/target.parquet
[2025-07-31T21:46:46.366+0000] {drift_monitoring.py:59} WARNING - File not found: s3://crypto-mlops-bucket/predictions/date=2025-07-30/hour=19/prediction.parquet
[2025-07-31T21:46:46.382+0000] {drift_monitoring.py:59} WARNING - File not found: s3://crypto-mlops-bucket/targets/date=2025-07-30/hour=19/target.parquet
[2025-07-31T21:46:46.401+0000] {drift_monitoring.py:59} WARNING - File not found: s3://crypto-mlops-bucket/predictions/date=2025-07-30/hour=18/prediction.parquet
[2025-07-31T21:46:46.418+0000] {drift_monitoring.py:59} WARNING - File not found: s3://crypto-mlops-bucket/targets/date=2025-07-30/hour=18/target.parquet
[2025-07-31T21:46:46.432+0000] {drift_monitoring.py:59} WARNING - File not found: s3://crypto-mlops-bucket/predictions/date=2025-07-30/hour=17/prediction.parquet
[2025-07-31T21:46:46.447+0000] {drift_monitoring.py:59} WARNING - File not found: s3://crypto-mlops-bucket/targets/date=2025-07-30/hour=17/target.parquet
[2025-07-31T21:46:46.466+0000] {drift_monitoring.py:59} WARNING - File not found: s3://crypto-mlops-bucket/predictions/date=2025-07-30/hour=16/prediction.parquet
[2025-07-31T21:46:46.485+0000] {drift_monitoring.py:59} WARNING - File not found: s3://crypto-mlops-bucket/targets/date=2025-07-30/hour=16/target.parquet
[2025-07-31T21:46:46.507+0000] {drift_monitoring.py:59} WARNING - File not found: s3://crypto-mlops-bucket/predictions/date=2025-07-30/hour=15/prediction.parquet
[2025-07-31T21:46:46.533+0000] {drift_monitoring.py:59} WARNING - File not found: s3://crypto-mlops-bucket/targets/date=2025-07-30/hour=15/target.parquet
[2025-07-31T21:46:46.560+0000] {drift_monitoring.py:59} WARNING - File not found: s3://crypto-mlops-bucket/predictions/date=2025-07-30/hour=14/prediction.parquet
[2025-07-31T21:46:46.587+0000] {drift_monitoring.py:59} WARNING - File not found: s3://crypto-mlops-bucket/targets/date=2025-07-30/hour=14/target.parquet
[2025-07-31T21:46:46.616+0000] {drift_monitoring.py:59} WARNING - File not found: s3://crypto-mlops-bucket/predictions/date=2025-07-30/hour=13/prediction.parquet
[2025-07-31T21:46:46.642+0000] {drift_monitoring.py:59} WARNING - File not found: s3://crypto-mlops-bucket/targets/date=2025-07-30/hour=13/target.parquet
[2025-07-31T21:46:46.663+0000] {drift_monitoring.py:59} WARNING - File not found: s3://crypto-mlops-bucket/predictions/date=2025-07-30/hour=12/prediction.parquet
[2025-07-31T21:46:46.685+0000] {drift_monitoring.py:59} WARNING - File not found: s3://crypto-mlops-bucket/targets/date=2025-07-30/hour=12/target.parquet
[2025-07-31T21:46:46.705+0000] {drift_monitoring.py:59} WARNING - File not found: s3://crypto-mlops-bucket/predictions/date=2025-07-30/hour=11/prediction.parquet
[2025-07-31T21:46:46.731+0000] {drift_monitoring.py:59} WARNING - File not found: s3://crypto-mlops-bucket/targets/date=2025-07-30/hour=11/target.parquet
[2025-07-31T21:46:46.751+0000] {drift_monitoring.py:59} WARNING - File not found: s3://crypto-mlops-bucket/predictions/date=2025-07-30/hour=10/prediction.parquet
[2025-07-31T21:46:46.768+0000] {drift_monitoring.py:59} WARNING - File not found: s3://crypto-mlops-bucket/targets/date=2025-07-30/hour=10/target.parquet
[2025-07-31T21:46:46.788+0000] {drift_monitoring.py:59} WARNING - File not found: s3://crypto-mlops-bucket/predictions/date=2025-07-30/hour=09/prediction.parquet
[2025-07-31T21:46:46.805+0000] {drift_monitoring.py:59} WARNING - File not found: s3://crypto-mlops-bucket/targets/date=2025-07-30/hour=09/target.parquet
[2025-07-31T21:46:46.824+0000] {drift_monitoring.py:59} WARNING - File not found: s3://crypto-mlops-bucket/predictions/date=2025-07-30/hour=08/prediction.parquet
[2025-07-31T21:46:46.847+0000] {drift_monitoring.py:59} WARNING - File not found: s3://crypto-mlops-bucket/targets/date=2025-07-30/hour=08/target.parquet
[2025-07-31T21:46:46.876+0000] {drift_monitoring.py:59} WARNING - File not found: s3://crypto-mlops-bucket/predictions/date=2025-07-30/hour=07/prediction.parquet
[2025-07-31T21:46:46.909+0000] {drift_monitoring.py:59} WARNING - File not found: s3://crypto-mlops-bucket/targets/date=2025-07-30/hour=07/target.parquet
[2025-07-31T21:46:46.938+0000] {drift_monitoring.py:59} WARNING - File not found: s3://crypto-mlops-bucket/predictions/date=2025-07-30/hour=06/prediction.parquet
[2025-07-31T21:46:46.964+0000] {drift_monitoring.py:59} WARNING - File not found: s3://crypto-mlops-bucket/targets/date=2025-07-30/hour=06/target.parquet
[2025-07-31T21:46:46.989+0000] {drift_monitoring.py:59} WARNING - File not found: s3://crypto-mlops-bucket/predictions/date=2025-07-30/hour=05/prediction.parquet
[2025-07-31T21:46:47.018+0000] {drift_monitoring.py:59} WARNING - File not found: s3://crypto-mlops-bucket/targets/date=2025-07-30/hour=05/target.parquet
[2025-07-31T21:46:47.037+0000] {drift_monitoring.py:59} WARNING - File not found: s3://crypto-mlops-bucket/predictions/date=2025-07-30/hour=04/prediction.parquet
[2025-07-31T21:46:47.054+0000] {drift_monitoring.py:59} WARNING - File not found: s3://crypto-mlops-bucket/targets/date=2025-07-30/hour=04/target.parquet
[2025-07-31T21:46:47.074+0000] {drift_monitoring.py:59} WARNING - File not found: s3://crypto-mlops-bucket/predictions/date=2025-07-30/hour=03/prediction.parquet
[2025-07-31T21:46:47.098+0000] {drift_monitoring.py:59} WARNING - File not found: s3://crypto-mlops-bucket/targets/date=2025-07-30/hour=03/target.parquet
[2025-07-31T21:46:47.119+0000] {drift_monitoring.py:59} WARNING - File not found: s3://crypto-mlops-bucket/predictions/date=2025-07-30/hour=02/prediction.parquet
[2025-07-31T21:46:47.139+0000] {drift_monitoring.py:59} WARNING - File not found: s3://crypto-mlops-bucket/targets/date=2025-07-30/hour=02/target.parquet
[2025-07-31T21:46:47.159+0000] {drift_monitoring.py:59} WARNING - File not found: s3://crypto-mlops-bucket/predictions/date=2025-07-30/hour=01/prediction.parquet
[2025-07-31T21:46:47.178+0000] {drift_monitoring.py:59} WARNING - File not found: s3://crypto-mlops-bucket/targets/date=2025-07-30/hour=01/target.parquet
[2025-07-31T21:46:47.198+0000] {drift_monitoring.py:59} WARNING - File not found: s3://crypto-mlops-bucket/predictions/date=2025-07-30/hour=00/prediction.parquet
[2025-07-31T21:46:47.218+0000] {drift_monitoring.py:59} WARNING - File not found: s3://crypto-mlops-bucket/targets/date=2025-07-30/hour=00/target.parquet
[2025-07-31T21:46:47.240+0000] {drift_monitoring.py:59} WARNING - File not found: s3://crypto-mlops-bucket/predictions/date=2025-07-29/hour=23/prediction.parquet
[2025-07-31T21:46:47.258+0000] {drift_monitoring.py:59} WARNING - File not found: s3://crypto-mlops-bucket/targets/date=2025-07-29/hour=23/target.parquet
[2025-07-31T21:46:47.278+0000] {drift_monitoring.py:59} WARNING - File not found: s3://crypto-mlops-bucket/predictions/date=2025-07-29/hour=22/prediction.parquet
[2025-07-31T21:46:47.297+0000] {drift_monitoring.py:59} WARNING - File not found: s3://crypto-mlops-bucket/targets/date=2025-07-29/hour=22/target.parquet
[2025-07-31T21:46:47.315+0000] {drift_monitoring.py:59} WARNING - File not found: s3://crypto-mlops-bucket/predictions/date=2025-07-29/hour=21/prediction.parquet
[2025-07-31T21:46:47.334+0000] {drift_monitoring.py:59} WARNING - File not found: s3://crypto-mlops-bucket/targets/date=2025-07-29/hour=21/target.parquet
[2025-07-31T21:46:47.356+0000] {drift_monitoring.py:59} WARNING - File not found: s3://crypto-mlops-bucket/predictions/date=2025-07-29/hour=20/prediction.parquet
[2025-07-31T21:46:47.379+0000] {drift_monitoring.py:59} WARNING - File not found: s3://crypto-mlops-bucket/targets/date=2025-07-29/hour=20/target.parquet
[2025-07-31T21:46:47.401+0000] {drift_monitoring.py:59} WARNING - File not found: s3://crypto-mlops-bucket/predictions/date=2025-07-29/hour=19/prediction.parquet
[2025-07-31T21:46:47.422+0000] {drift_monitoring.py:59} WARNING - File not found: s3://crypto-mlops-bucket/targets/date=2025-07-29/hour=19/target.parquet
[2025-07-31T21:46:47.442+0000] {drift_monitoring.py:59} WARNING - File not found: s3://crypto-mlops-bucket/predictions/date=2025-07-29/hour=18/prediction.parquet
[2025-07-31T21:46:47.467+0000] {drift_monitoring.py:59} WARNING - File not found: s3://crypto-mlops-bucket/targets/date=2025-07-29/hour=18/target.parquet
[2025-07-31T21:46:47.489+0000] {drift_monitoring.py:59} WARNING - File not found: s3://crypto-mlops-bucket/predictions/date=2025-07-29/hour=17/prediction.parquet
[2025-07-31T21:46:47.511+0000] {drift_monitoring.py:59} WARNING - File not found: s3://crypto-mlops-bucket/targets/date=2025-07-29/hour=17/target.parquet
[2025-07-31T21:46:47.532+0000] {drift_monitoring.py:59} WARNING - File not found: s3://crypto-mlops-bucket/predictions/date=2025-07-29/hour=16/prediction.parquet
[2025-07-31T21:46:47.554+0000] {drift_monitoring.py:59} WARNING - File not found: s3://crypto-mlops-bucket/targets/date=2025-07-29/hour=16/target.parquet
[2025-07-31T21:46:47.581+0000] {drift_monitoring.py:59} WARNING - File not found: s3://crypto-mlops-bucket/predictions/date=2025-07-29/hour=15/prediction.parquet
[2025-07-31T21:46:47.603+0000] {drift_monitoring.py:59} WARNING - File not found: s3://crypto-mlops-bucket/targets/date=2025-07-29/hour=15/target.parquet
[2025-07-31T21:46:47.628+0000] {drift_monitoring.py:59} WARNING - File not found: s3://crypto-mlops-bucket/predictions/date=2025-07-29/hour=14/prediction.parquet
[2025-07-31T21:46:47.651+0000] {drift_monitoring.py:59} WARNING - File not found: s3://crypto-mlops-bucket/targets/date=2025-07-29/hour=14/target.parquet
[2025-07-31T21:46:47.672+0000] {drift_monitoring.py:59} WARNING - File not found: s3://crypto-mlops-bucket/predictions/date=2025-07-29/hour=13/prediction.parquet
[2025-07-31T21:46:47.690+0000] {drift_monitoring.py:59} WARNING - File not found: s3://crypto-mlops-bucket/targets/date=2025-07-29/hour=13/target.parquet
[2025-07-31T21:46:47.707+0000] {drift_monitoring.py:59} WARNING - File not found: s3://crypto-mlops-bucket/predictions/date=2025-07-29/hour=12/prediction.parquet
[2025-07-31T21:46:47.723+0000] {drift_monitoring.py:59} WARNING - File not found: s3://crypto-mlops-bucket/targets/date=2025-07-29/hour=12/target.parquet
[2025-07-31T21:46:47.739+0000] {drift_monitoring.py:59} WARNING - File not found: s3://crypto-mlops-bucket/predictions/date=2025-07-29/hour=11/prediction.parquet
[2025-07-31T21:46:47.757+0000] {drift_monitoring.py:59} WARNING - File not found: s3://crypto-mlops-bucket/targets/date=2025-07-29/hour=11/target.parquet
[2025-07-31T21:46:47.771+0000] {drift_monitoring.py:59} WARNING - File not found: s3://crypto-mlops-bucket/predictions/date=2025-07-29/hour=10/prediction.parquet
[2025-07-31T21:46:47.785+0000] {drift_monitoring.py:59} WARNING - File not found: s3://crypto-mlops-bucket/targets/date=2025-07-29/hour=10/target.parquet
[2025-07-31T21:46:47.799+0000] {drift_monitoring.py:59} WARNING - File not found: s3://crypto-mlops-bucket/predictions/date=2025-07-29/hour=09/prediction.parquet
[2025-07-31T21:46:47.813+0000] {drift_monitoring.py:59} WARNING - File not found: s3://crypto-mlops-bucket/targets/date=2025-07-29/hour=09/target.parquet
[2025-07-31T21:46:47.826+0000] {drift_monitoring.py:59} WARNING - File not found: s3://crypto-mlops-bucket/predictions/date=2025-07-29/hour=08/prediction.parquet
[2025-07-31T21:46:47.841+0000] {drift_monitoring.py:59} WARNING - File not found: s3://crypto-mlops-bucket/targets/date=2025-07-29/hour=08/target.parquet
[2025-07-31T21:46:47.856+0000] {drift_monitoring.py:59} WARNING - File not found: s3://crypto-mlops-bucket/predictions/date=2025-07-29/hour=07/prediction.parquet
[2025-07-31T21:46:47.871+0000] {drift_monitoring.py:59} WARNING - File not found: s3://crypto-mlops-bucket/targets/date=2025-07-29/hour=07/target.parquet
[2025-07-31T21:46:47.885+0000] {drift_monitoring.py:59} WARNING - File not found: s3://crypto-mlops-bucket/predictions/date=2025-07-29/hour=06/prediction.parquet
[2025-07-31T21:46:47.898+0000] {drift_monitoring.py:59} WARNING - File not found: s3://crypto-mlops-bucket/targets/date=2025-07-29/hour=06/target.parquet
[2025-07-31T21:46:47.911+0000] {drift_monitoring.py:59} WARNING - File not found: s3://crypto-mlops-bucket/predictions/date=2025-07-29/hour=05/prediction.parquet
[2025-07-31T21:46:47.924+0000] {drift_monitoring.py:59} WARNING - File not found: s3://crypto-mlops-bucket/targets/date=2025-07-29/hour=05/target.parquet
[2025-07-31T21:46:47.938+0000] {drift_monitoring.py:59} WARNING - File not found: s3://crypto-mlops-bucket/predictions/date=2025-07-29/hour=04/prediction.parquet
[2025-07-31T21:46:47.951+0000] {drift_monitoring.py:59} WARNING - File not found: s3://crypto-mlops-bucket/targets/date=2025-07-29/hour=04/target.parquet
[2025-07-31T21:46:47.963+0000] {drift_monitoring.py:59} WARNING - File not found: s3://crypto-mlops-bucket/predictions/date=2025-07-29/hour=03/prediction.parquet
[2025-07-31T21:46:47.975+0000] {drift_monitoring.py:59} WARNING - File not found: s3://crypto-mlops-bucket/targets/date=2025-07-29/hour=03/target.parquet
[2025-07-31T21:46:47.988+0000] {drift_monitoring.py:59} WARNING - File not found: s3://crypto-mlops-bucket/predictions/date=2025-07-29/hour=02/prediction.parquet
[2025-07-31T21:46:48.002+0000] {drift_monitoring.py:59} WARNING - File not found: s3://crypto-mlops-bucket/targets/date=2025-07-29/hour=02/target.parquet
[2025-07-31T21:46:48.017+0000] {drift_monitoring.py:59} WARNING - File not found: s3://crypto-mlops-bucket/predictions/date=2025-07-29/hour=01/prediction.parquet
[2025-07-31T21:46:48.032+0000] {drift_monitoring.py:59} WARNING - File not found: s3://crypto-mlops-bucket/targets/date=2025-07-29/hour=01/target.parquet
[2025-07-31T21:46:48.046+0000] {drift_monitoring.py:59} WARNING - File not found: s3://crypto-mlops-bucket/predictions/date=2025-07-29/hour=00/prediction.parquet
[2025-07-31T21:46:48.060+0000] {drift_monitoring.py:59} WARNING - File not found: s3://crypto-mlops-bucket/targets/date=2025-07-29/hour=00/target.parquet
[2025-07-31T21:46:48.072+0000] {drift_monitoring.py:59} WARNING - File not found: s3://crypto-mlops-bucket/predictions/date=2025-07-28/hour=23/prediction.parquet
[2025-07-31T21:46:48.084+0000] {drift_monitoring.py:59} WARNING - File not found: s3://crypto-mlops-bucket/targets/date=2025-07-28/hour=23/target.parquet
[2025-07-31T21:46:48.096+0000] {drift_monitoring.py:59} WARNING - File not found: s3://crypto-mlops-bucket/predictions/date=2025-07-28/hour=22/prediction.parquet
[2025-07-31T21:46:48.107+0000] {drift_monitoring.py:59} WARNING - File not found: s3://crypto-mlops-bucket/targets/date=2025-07-28/hour=22/target.parquet
[2025-07-31T21:46:48.120+0000] {drift_monitoring.py:59} WARNING - File not found: s3://crypto-mlops-bucket/predictions/date=2025-07-28/hour=21/prediction.parquet
[2025-07-31T21:46:48.132+0000] {drift_monitoring.py:59} WARNING - File not found: s3://crypto-mlops-bucket/targets/date=2025-07-28/hour=21/target.parquet
[2025-07-31T21:46:48.145+0000] {drift_monitoring.py:59} WARNING - File not found: s3://crypto-mlops-bucket/predictions/date=2025-07-28/hour=20/prediction.parquet
[2025-07-31T21:46:48.158+0000] {drift_monitoring.py:59} WARNING - File not found: s3://crypto-mlops-bucket/targets/date=2025-07-28/hour=20/target.parquet
[2025-07-31T21:46:48.173+0000] {drift_monitoring.py:59} WARNING - File not found: s3://crypto-mlops-bucket/predictions/date=2025-07-28/hour=19/prediction.parquet
[2025-07-31T21:46:48.187+0000] {drift_monitoring.py:59} WARNING - File not found: s3://crypto-mlops-bucket/targets/date=2025-07-28/hour=19/target.parquet
[2025-07-31T21:46:48.199+0000] {drift_monitoring.py:59} WARNING - File not found: s3://crypto-mlops-bucket/predictions/date=2025-07-28/hour=18/prediction.parquet
[2025-07-31T21:46:48.213+0000] {drift_monitoring.py:59} WARNING - File not found: s3://crypto-mlops-bucket/targets/date=2025-07-28/hour=18/target.parquet
[2025-07-31T21:46:48.228+0000] {drift_monitoring.py:59} WARNING - File not found: s3://crypto-mlops-bucket/predictions/date=2025-07-28/hour=17/prediction.parquet
[2025-07-31T21:46:48.242+0000] {drift_monitoring.py:59} WARNING - File not found: s3://crypto-mlops-bucket/targets/date=2025-07-28/hour=17/target.parquet
[2025-07-31T21:46:48.256+0000] {drift_monitoring.py:59} WARNING - File not found: s3://crypto-mlops-bucket/predictions/date=2025-07-28/hour=16/prediction.parquet
[2025-07-31T21:46:48.270+0000] {drift_monitoring.py:59} WARNING - File not found: s3://crypto-mlops-bucket/targets/date=2025-07-28/hour=16/target.parquet
[2025-07-31T21:46:48.285+0000] {drift_monitoring.py:59} WARNING - File not found: s3://crypto-mlops-bucket/predictions/date=2025-07-28/hour=15/prediction.parquet
[2025-07-31T21:46:48.301+0000] {drift_monitoring.py:59} WARNING - File not found: s3://crypto-mlops-bucket/targets/date=2025-07-28/hour=15/target.parquet
[2025-07-31T21:46:48.314+0000] {drift_monitoring.py:59} WARNING - File not found: s3://crypto-mlops-bucket/predictions/date=2025-07-28/hour=14/prediction.parquet
[2025-07-31T21:46:48.328+0000] {drift_monitoring.py:59} WARNING - File not found: s3://crypto-mlops-bucket/targets/date=2025-07-28/hour=14/target.parquet
[2025-07-31T21:46:48.342+0000] {drift_monitoring.py:59} WARNING - File not found: s3://crypto-mlops-bucket/predictions/date=2025-07-28/hour=13/prediction.parquet
[2025-07-31T21:46:48.356+0000] {drift_monitoring.py:59} WARNING - File not found: s3://crypto-mlops-bucket/targets/date=2025-07-28/hour=13/target.parquet
[2025-07-31T21:46:48.370+0000] {drift_monitoring.py:59} WARNING - File not found: s3://crypto-mlops-bucket/predictions/date=2025-07-28/hour=12/prediction.parquet
[2025-07-31T21:46:48.383+0000] {drift_monitoring.py:59} WARNING - File not found: s3://crypto-mlops-bucket/targets/date=2025-07-28/hour=12/target.parquet
[2025-07-31T21:46:48.396+0000] {drift_monitoring.py:59} WARNING - File not found: s3://crypto-mlops-bucket/predictions/date=2025-07-28/hour=11/prediction.parquet
[2025-07-31T21:46:48.409+0000] {drift_monitoring.py:59} WARNING - File not found: s3://crypto-mlops-bucket/targets/date=2025-07-28/hour=11/target.parquet
[2025-07-31T21:46:48.424+0000] {drift_monitoring.py:59} WARNING - File not found: s3://crypto-mlops-bucket/predictions/date=2025-07-28/hour=10/prediction.parquet
[2025-07-31T21:46:48.438+0000] {drift_monitoring.py:59} WARNING - File not found: s3://crypto-mlops-bucket/targets/date=2025-07-28/hour=10/target.parquet
[2025-07-31T21:46:48.452+0000] {drift_monitoring.py:59} WARNING - File not found: s3://crypto-mlops-bucket/predictions/date=2025-07-28/hour=09/prediction.parquet
[2025-07-31T21:46:48.466+0000] {drift_monitoring.py:59} WARNING - File not found: s3://crypto-mlops-bucket/targets/date=2025-07-28/hour=09/target.parquet
[2025-07-31T21:46:48.480+0000] {drift_monitoring.py:59} WARNING - File not found: s3://crypto-mlops-bucket/predictions/date=2025-07-28/hour=08/prediction.parquet
[2025-07-31T21:46:48.495+0000] {drift_monitoring.py:59} WARNING - File not found: s3://crypto-mlops-bucket/targets/date=2025-07-28/hour=08/target.parquet
[2025-07-31T21:46:48.510+0000] {drift_monitoring.py:59} WARNING - File not found: s3://crypto-mlops-bucket/predictions/date=2025-07-28/hour=07/prediction.parquet
[2025-07-31T21:46:48.526+0000] {drift_monitoring.py:59} WARNING - File not found: s3://crypto-mlops-bucket/targets/date=2025-07-28/hour=07/target.parquet
[2025-07-31T21:46:48.543+0000] {drift_monitoring.py:59} WARNING - File not found: s3://crypto-mlops-bucket/predictions/date=2025-07-28/hour=06/prediction.parquet
[2025-07-31T21:46:48.560+0000] {drift_monitoring.py:59} WARNING - File not found: s3://crypto-mlops-bucket/targets/date=2025-07-28/hour=06/target.parquet
[2025-07-31T21:46:48.579+0000] {drift_monitoring.py:59} WARNING - File not found: s3://crypto-mlops-bucket/predictions/date=2025-07-28/hour=05/prediction.parquet
[2025-07-31T21:46:48.599+0000] {drift_monitoring.py:59} WARNING - File not found: s3://crypto-mlops-bucket/targets/date=2025-07-28/hour=05/target.parquet
[2025-07-31T21:46:48.616+0000] {drift_monitoring.py:59} WARNING - File not found: s3://crypto-mlops-bucket/predictions/date=2025-07-28/hour=04/prediction.parquet
[2025-07-31T21:46:48.636+0000] {drift_monitoring.py:59} WARNING - File not found: s3://crypto-mlops-bucket/targets/date=2025-07-28/hour=04/target.parquet
[2025-07-31T21:46:48.657+0000] {drift_monitoring.py:59} WARNING - File not found: s3://crypto-mlops-bucket/predictions/date=2025-07-28/hour=03/prediction.parquet
[2025-07-31T21:46:48.678+0000] {drift_monitoring.py:59} WARNING - File not found: s3://crypto-mlops-bucket/targets/date=2025-07-28/hour=03/target.parquet
[2025-07-31T21:46:48.700+0000] {drift_monitoring.py:59} WARNING - File not found: s3://crypto-mlops-bucket/predictions/date=2025-07-28/hour=02/prediction.parquet
[2025-07-31T21:46:48.721+0000] {drift_monitoring.py:59} WARNING - File not found: s3://crypto-mlops-bucket/targets/date=2025-07-28/hour=02/target.parquet
[2025-07-31T21:46:48.742+0000] {drift_monitoring.py:59} WARNING - File not found: s3://crypto-mlops-bucket/predictions/date=2025-07-28/hour=01/prediction.parquet
[2025-07-31T21:46:48.762+0000] {drift_monitoring.py:59} WARNING - File not found: s3://crypto-mlops-bucket/targets/date=2025-07-28/hour=01/target.parquet
[2025-07-31T21:46:48.785+0000] {drift_monitoring.py:59} WARNING - File not found: s3://crypto-mlops-bucket/predictions/date=2025-07-28/hour=00/prediction.parquet
[2025-07-31T21:46:48.805+0000] {drift_monitoring.py:59} WARNING - File not found: s3://crypto-mlops-bucket/targets/date=2025-07-28/hour=00/target.parquet
[2025-07-31T21:46:48.827+0000] {drift_monitoring.py:59} WARNING - File not found: s3://crypto-mlops-bucket/predictions/date=2025-07-27/hour=23/prediction.parquet
[2025-07-31T21:46:48.846+0000] {drift_monitoring.py:59} WARNING - File not found: s3://crypto-mlops-bucket/targets/date=2025-07-27/hour=23/target.parquet
[2025-07-31T21:46:48.867+0000] {drift_monitoring.py:59} WARNING - File not found: s3://crypto-mlops-bucket/predictions/date=2025-07-27/hour=22/prediction.parquet
[2025-07-31T21:46:48.885+0000] {drift_monitoring.py:59} WARNING - File not found: s3://crypto-mlops-bucket/targets/date=2025-07-27/hour=22/target.parquet
[2025-07-31T21:46:48.901+0000] {drift_monitoring.py:59} WARNING - File not found: s3://crypto-mlops-bucket/predictions/date=2025-07-27/hour=21/prediction.parquet
[2025-07-31T21:46:48.919+0000] {drift_monitoring.py:59} WARNING - File not found: s3://crypto-mlops-bucket/targets/date=2025-07-27/hour=21/target.parquet
[2025-07-31T21:46:48.934+0000] {drift_monitoring.py:59} WARNING - File not found: s3://crypto-mlops-bucket/predictions/date=2025-07-27/hour=20/prediction.parquet
[2025-07-31T21:46:48.949+0000] {drift_monitoring.py:59} WARNING - File not found: s3://crypto-mlops-bucket/targets/date=2025-07-27/hour=20/target.parquet
[2025-07-31T21:46:48.964+0000] {drift_monitoring.py:59} WARNING - File not found: s3://crypto-mlops-bucket/predictions/date=2025-07-27/hour=19/prediction.parquet
[2025-07-31T21:46:48.978+0000] {drift_monitoring.py:59} WARNING - File not found: s3://crypto-mlops-bucket/targets/date=2025-07-27/hour=19/target.parquet
[2025-07-31T21:46:48.991+0000] {drift_monitoring.py:59} WARNING - File not found: s3://crypto-mlops-bucket/predictions/date=2025-07-27/hour=18/prediction.parquet
[2025-07-31T21:46:49.003+0000] {drift_monitoring.py:59} WARNING - File not found: s3://crypto-mlops-bucket/targets/date=2025-07-27/hour=18/target.parquet
[2025-07-31T21:46:49.015+0000] {drift_monitoring.py:59} WARNING - File not found: s3://crypto-mlops-bucket/predictions/date=2025-07-27/hour=17/prediction.parquet
[2025-07-31T21:46:49.027+0000] {drift_monitoring.py:59} WARNING - File not found: s3://crypto-mlops-bucket/targets/date=2025-07-27/hour=17/target.parquet
[2025-07-31T21:46:49.040+0000] {drift_monitoring.py:59} WARNING - File not found: s3://crypto-mlops-bucket/predictions/date=2025-07-27/hour=16/prediction.parquet
[2025-07-31T21:46:49.052+0000] {drift_monitoring.py:59} WARNING - File not found: s3://crypto-mlops-bucket/targets/date=2025-07-27/hour=16/target.parquet
[2025-07-31T21:46:49.063+0000] {drift_monitoring.py:59} WARNING - File not found: s3://crypto-mlops-bucket/predictions/date=2025-07-27/hour=15/prediction.parquet
[2025-07-31T21:46:49.076+0000] {drift_monitoring.py:59} WARNING - File not found: s3://crypto-mlops-bucket/targets/date=2025-07-27/hour=15/target.parquet
[2025-07-31T21:46:49.089+0000] {drift_monitoring.py:59} WARNING - File not found: s3://crypto-mlops-bucket/predictions/date=2025-07-27/hour=14/prediction.parquet
[2025-07-31T21:46:49.102+0000] {drift_monitoring.py:59} WARNING - File not found: s3://crypto-mlops-bucket/targets/date=2025-07-27/hour=14/target.parquet
[2025-07-31T21:46:49.116+0000] {drift_monitoring.py:59} WARNING - File not found: s3://crypto-mlops-bucket/predictions/date=2025-07-27/hour=13/prediction.parquet
[2025-07-31T21:46:49.130+0000] {drift_monitoring.py:59} WARNING - File not found: s3://crypto-mlops-bucket/targets/date=2025-07-27/hour=13/target.parquet
[2025-07-31T21:46:49.143+0000] {drift_monitoring.py:59} WARNING - File not found: s3://crypto-mlops-bucket/predictions/date=2025-07-27/hour=12/prediction.parquet
[2025-07-31T21:46:49.158+0000] {drift_monitoring.py:59} WARNING - File not found: s3://crypto-mlops-bucket/targets/date=2025-07-27/hour=12/target.parquet
[2025-07-31T21:46:49.171+0000] {drift_monitoring.py:59} WARNING - File not found: s3://crypto-mlops-bucket/predictions/date=2025-07-27/hour=11/prediction.parquet
[2025-07-31T21:46:49.183+0000] {drift_monitoring.py:59} WARNING - File not found: s3://crypto-mlops-bucket/targets/date=2025-07-27/hour=11/target.parquet
[2025-07-31T21:46:49.195+0000] {drift_monitoring.py:59} WARNING - File not found: s3://crypto-mlops-bucket/predictions/date=2025-07-27/hour=10/prediction.parquet
[2025-07-31T21:46:49.208+0000] {drift_monitoring.py:59} WARNING - File not found: s3://crypto-mlops-bucket/targets/date=2025-07-27/hour=10/target.parquet
[2025-07-31T21:46:49.222+0000] {drift_monitoring.py:59} WARNING - File not found: s3://crypto-mlops-bucket/predictions/date=2025-07-27/hour=09/prediction.parquet
[2025-07-31T21:46:49.235+0000] {drift_monitoring.py:59} WARNING - File not found: s3://crypto-mlops-bucket/targets/date=2025-07-27/hour=09/target.parquet
[2025-07-31T21:46:49.248+0000] {drift_monitoring.py:59} WARNING - File not found: s3://crypto-mlops-bucket/predictions/date=2025-07-27/hour=08/prediction.parquet
[2025-07-31T21:46:49.261+0000] {drift_monitoring.py:59} WARNING - File not found: s3://crypto-mlops-bucket/targets/date=2025-07-27/hour=08/target.parquet
[2025-07-31T21:46:49.275+0000] {drift_monitoring.py:59} WARNING - File not found: s3://crypto-mlops-bucket/predictions/date=2025-07-27/hour=07/prediction.parquet
[2025-07-31T21:46:49.287+0000] {drift_monitoring.py:59} WARNING - File not found: s3://crypto-mlops-bucket/targets/date=2025-07-27/hour=07/target.parquet
[2025-07-31T21:46:49.300+0000] {drift_monitoring.py:59} WARNING - File not found: s3://crypto-mlops-bucket/predictions/date=2025-07-27/hour=06/prediction.parquet
[2025-07-31T21:46:49.314+0000] {drift_monitoring.py:59} WARNING - File not found: s3://crypto-mlops-bucket/targets/date=2025-07-27/hour=06/target.parquet
[2025-07-31T21:46:49.331+0000] {drift_monitoring.py:59} WARNING - File not found: s3://crypto-mlops-bucket/predictions/date=2025-07-27/hour=05/prediction.parquet
[2025-07-31T21:46:49.348+0000] {drift_monitoring.py:59} WARNING - File not found: s3://crypto-mlops-bucket/targets/date=2025-07-27/hour=05/target.parquet
[2025-07-31T21:46:49.365+0000] {drift_monitoring.py:59} WARNING - File not found: s3://crypto-mlops-bucket/predictions/date=2025-07-27/hour=04/prediction.parquet
[2025-07-31T21:46:49.381+0000] {drift_monitoring.py:59} WARNING - File not found: s3://crypto-mlops-bucket/targets/date=2025-07-27/hour=04/target.parquet
[2025-07-31T21:46:49.400+0000] {drift_monitoring.py:59} WARNING - File not found: s3://crypto-mlops-bucket/predictions/date=2025-07-27/hour=03/prediction.parquet
[2025-07-31T21:46:49.418+0000] {drift_monitoring.py:59} WARNING - File not found: s3://crypto-mlops-bucket/targets/date=2025-07-27/hour=03/target.parquet
[2025-07-31T21:46:49.435+0000] {drift_monitoring.py:59} WARNING - File not found: s3://crypto-mlops-bucket/predictions/date=2025-07-27/hour=02/prediction.parquet
[2025-07-31T21:46:49.452+0000] {drift_monitoring.py:59} WARNING - File not found: s3://crypto-mlops-bucket/targets/date=2025-07-27/hour=02/target.parquet
[2025-07-31T21:46:49.469+0000] {drift_monitoring.py:59} WARNING - File not found: s3://crypto-mlops-bucket/predictions/date=2025-07-27/hour=01/prediction.parquet
[2025-07-31T21:46:49.486+0000] {drift_monitoring.py:59} WARNING - File not found: s3://crypto-mlops-bucket/targets/date=2025-07-27/hour=01/target.parquet
[2025-07-31T21:46:49.503+0000] {drift_monitoring.py:59} WARNING - File not found: s3://crypto-mlops-bucket/predictions/date=2025-07-27/hour=00/prediction.parquet
[2025-07-31T21:46:49.520+0000] {drift_monitoring.py:59} WARNING - File not found: s3://crypto-mlops-bucket/targets/date=2025-07-27/hour=00/target.parquet
[2025-07-31T21:46:49.538+0000] {drift_monitoring.py:59} WARNING - File not found: s3://crypto-mlops-bucket/predictions/date=2025-07-26/hour=23/prediction.parquet
[2025-07-31T21:46:49.555+0000] {drift_monitoring.py:59} WARNING - File not found: s3://crypto-mlops-bucket/targets/date=2025-07-26/hour=23/target.parquet
[2025-07-31T21:46:49.572+0000] {drift_monitoring.py:59} WARNING - File not found: s3://crypto-mlops-bucket/predictions/date=2025-07-26/hour=22/prediction.parquet
[2025-07-31T21:46:49.592+0000] {drift_monitoring.py:59} WARNING - File not found: s3://crypto-mlops-bucket/targets/date=2025-07-26/hour=22/target.parquet
[2025-07-31T21:46:49.610+0000] {drift_monitoring.py:59} WARNING - File not found: s3://crypto-mlops-bucket/predictions/date=2025-07-26/hour=21/prediction.parquet
[2025-07-31T21:46:49.629+0000] {drift_monitoring.py:59} WARNING - File not found: s3://crypto-mlops-bucket/targets/date=2025-07-26/hour=21/target.parquet
[2025-07-31T21:46:49.648+0000] {drift_monitoring.py:59} WARNING - File not found: s3://crypto-mlops-bucket/predictions/date=2025-07-26/hour=20/prediction.parquet
[2025-07-31T21:46:49.668+0000] {drift_monitoring.py:59} WARNING - File not found: s3://crypto-mlops-bucket/targets/date=2025-07-26/hour=20/target.parquet
[2025-07-31T21:46:49.689+0000] {drift_monitoring.py:59} WARNING - File not found: s3://crypto-mlops-bucket/predictions/date=2025-07-26/hour=19/prediction.parquet
[2025-07-31T21:46:49.707+0000] {drift_monitoring.py:59} WARNING - File not found: s3://crypto-mlops-bucket/targets/date=2025-07-26/hour=19/target.parquet
[2025-07-31T21:46:49.724+0000] {drift_monitoring.py:59} WARNING - File not found: s3://crypto-mlops-bucket/predictions/date=2025-07-26/hour=18/prediction.parquet
[2025-07-31T21:46:49.743+0000] {drift_monitoring.py:59} WARNING - File not found: s3://crypto-mlops-bucket/targets/date=2025-07-26/hour=18/target.parquet
[2025-07-31T21:46:49.758+0000] {drift_monitoring.py:59} WARNING - File not found: s3://crypto-mlops-bucket/predictions/date=2025-07-26/hour=17/prediction.parquet
[2025-07-31T21:46:49.773+0000] {drift_monitoring.py:59} WARNING - File not found: s3://crypto-mlops-bucket/targets/date=2025-07-26/hour=17/target.parquet
[2025-07-31T21:46:49.790+0000] {drift_monitoring.py:59} WARNING - File not found: s3://crypto-mlops-bucket/predictions/date=2025-07-26/hour=16/prediction.parquet
[2025-07-31T21:46:49.808+0000] {drift_monitoring.py:59} WARNING - File not found: s3://crypto-mlops-bucket/targets/date=2025-07-26/hour=16/target.parquet
[2025-07-31T21:46:49.828+0000] {drift_monitoring.py:59} WARNING - File not found: s3://crypto-mlops-bucket/predictions/date=2025-07-26/hour=15/prediction.parquet
[2025-07-31T21:46:49.844+0000] {drift_monitoring.py:59} WARNING - File not found: s3://crypto-mlops-bucket/targets/date=2025-07-26/hour=15/target.parquet
[2025-07-31T21:46:49.860+0000] {drift_monitoring.py:59} WARNING - File not found: s3://crypto-mlops-bucket/predictions/date=2025-07-26/hour=14/prediction.parquet
[2025-07-31T21:46:49.875+0000] {drift_monitoring.py:59} WARNING - File not found: s3://crypto-mlops-bucket/targets/date=2025-07-26/hour=14/target.parquet
[2025-07-31T21:46:49.891+0000] {drift_monitoring.py:59} WARNING - File not found: s3://crypto-mlops-bucket/predictions/date=2025-07-26/hour=13/prediction.parquet
[2025-07-31T21:46:49.906+0000] {drift_monitoring.py:59} WARNING - File not found: s3://crypto-mlops-bucket/targets/date=2025-07-26/hour=13/target.parquet
[2025-07-31T21:46:49.920+0000] {drift_monitoring.py:59} WARNING - File not found: s3://crypto-mlops-bucket/predictions/date=2025-07-26/hour=12/prediction.parquet
[2025-07-31T21:46:49.934+0000] {drift_monitoring.py:59} WARNING - File not found: s3://crypto-mlops-bucket/targets/date=2025-07-26/hour=12/target.parquet
[2025-07-31T21:46:49.948+0000] {drift_monitoring.py:59} WARNING - File not found: s3://crypto-mlops-bucket/predictions/date=2025-07-26/hour=11/prediction.parquet
[2025-07-31T21:46:49.962+0000] {drift_monitoring.py:59} WARNING - File not found: s3://crypto-mlops-bucket/targets/date=2025-07-26/hour=11/target.parquet
[2025-07-31T21:46:49.978+0000] {drift_monitoring.py:59} WARNING - File not found: s3://crypto-mlops-bucket/predictions/date=2025-07-26/hour=10/prediction.parquet
[2025-07-31T21:46:49.992+0000] {drift_monitoring.py:59} WARNING - File not found: s3://crypto-mlops-bucket/targets/date=2025-07-26/hour=10/target.parquet
[2025-07-31T21:46:50.009+0000] {drift_monitoring.py:59} WARNING - File not found: s3://crypto-mlops-bucket/predictions/date=2025-07-26/hour=09/prediction.parquet
[2025-07-31T21:46:50.026+0000] {drift_monitoring.py:59} WARNING - File not found: s3://crypto-mlops-bucket/targets/date=2025-07-26/hour=09/target.parquet
[2025-07-31T21:46:50.041+0000] {drift_monitoring.py:59} WARNING - File not found: s3://crypto-mlops-bucket/predictions/date=2025-07-26/hour=08/prediction.parquet
[2025-07-31T21:46:50.056+0000] {drift_monitoring.py:59} WARNING - File not found: s3://crypto-mlops-bucket/targets/date=2025-07-26/hour=08/target.parquet
[2025-07-31T21:46:50.070+0000] {drift_monitoring.py:59} WARNING - File not found: s3://crypto-mlops-bucket/predictions/date=2025-07-26/hour=07/prediction.parquet
[2025-07-31T21:46:50.084+0000] {drift_monitoring.py:59} WARNING - File not found: s3://crypto-mlops-bucket/targets/date=2025-07-26/hour=07/target.parquet
[2025-07-31T21:46:50.100+0000] {drift_monitoring.py:59} WARNING - File not found: s3://crypto-mlops-bucket/predictions/date=2025-07-26/hour=06/prediction.parquet
[2025-07-31T21:46:50.117+0000] {drift_monitoring.py:59} WARNING - File not found: s3://crypto-mlops-bucket/targets/date=2025-07-26/hour=06/target.parquet
[2025-07-31T21:46:50.133+0000] {drift_monitoring.py:59} WARNING - File not found: s3://crypto-mlops-bucket/predictions/date=2025-07-26/hour=05/prediction.parquet
[2025-07-31T21:46:50.150+0000] {drift_monitoring.py:59} WARNING - File not found: s3://crypto-mlops-bucket/targets/date=2025-07-26/hour=05/target.parquet
[2025-07-31T21:46:50.168+0000] {drift_monitoring.py:59} WARNING - File not found: s3://crypto-mlops-bucket/predictions/date=2025-07-26/hour=04/prediction.parquet
[2025-07-31T21:46:50.184+0000] {drift_monitoring.py:59} WARNING - File not found: s3://crypto-mlops-bucket/targets/date=2025-07-26/hour=04/target.parquet
[2025-07-31T21:46:50.202+0000] {drift_monitoring.py:59} WARNING - File not found: s3://crypto-mlops-bucket/predictions/date=2025-07-26/hour=03/prediction.parquet
[2025-07-31T21:46:50.219+0000] {drift_monitoring.py:59} WARNING - File not found: s3://crypto-mlops-bucket/targets/date=2025-07-26/hour=03/target.parquet
[2025-07-31T21:46:50.235+0000] {drift_monitoring.py:59} WARNING - File not found: s3://crypto-mlops-bucket/predictions/date=2025-07-26/hour=02/prediction.parquet
[2025-07-31T21:46:50.252+0000] {drift_monitoring.py:59} WARNING - File not found: s3://crypto-mlops-bucket/targets/date=2025-07-26/hour=02/target.parquet
[2025-07-31T21:46:50.266+0000] {drift_monitoring.py:59} WARNING - File not found: s3://crypto-mlops-bucket/predictions/date=2025-07-26/hour=01/prediction.parquet
[2025-07-31T21:46:50.281+0000] {drift_monitoring.py:59} WARNING - File not found: s3://crypto-mlops-bucket/targets/date=2025-07-26/hour=01/target.parquet
[2025-07-31T21:46:50.295+0000] {drift_monitoring.py:59} WARNING - File not found: s3://crypto-mlops-bucket/predictions/date=2025-07-26/hour=00/prediction.parquet
[2025-07-31T21:46:50.311+0000] {drift_monitoring.py:59} WARNING - File not found: s3://crypto-mlops-bucket/targets/date=2025-07-26/hour=00/target.parquet
[2025-07-31T21:46:50.327+0000] {drift_monitoring.py:59} WARNING - File not found: s3://crypto-mlops-bucket/predictions/date=2025-07-25/hour=23/prediction.parquet
[2025-07-31T21:46:50.343+0000] {drift_monitoring.py:59} WARNING - File not found: s3://crypto-mlops-bucket/targets/date=2025-07-25/hour=23/target.parquet
[2025-07-31T21:46:50.358+0000] {drift_monitoring.py:59} WARNING - File not found: s3://crypto-mlops-bucket/predictions/date=2025-07-25/hour=22/prediction.parquet
[2025-07-31T21:46:50.374+0000] {drift_monitoring.py:59} WARNING - File not found: s3://crypto-mlops-bucket/targets/date=2025-07-25/hour=22/target.parquet
[2025-07-31T21:46:50.390+0000] {drift_monitoring.py:59} WARNING - File not found: s3://crypto-mlops-bucket/predictions/date=2025-07-25/hour=21/prediction.parquet
[2025-07-31T21:46:50.404+0000] {drift_monitoring.py:59} WARNING - File not found: s3://crypto-mlops-bucket/targets/date=2025-07-25/hour=21/target.parquet
[2025-07-31T21:46:50.421+0000] {drift_monitoring.py:59} WARNING - File not found: s3://crypto-mlops-bucket/predictions/date=2025-07-25/hour=20/prediction.parquet
[2025-07-31T21:46:50.437+0000] {drift_monitoring.py:59} WARNING - File not found: s3://crypto-mlops-bucket/targets/date=2025-07-25/hour=20/target.parquet
[2025-07-31T21:46:50.455+0000] {drift_monitoring.py:59} WARNING - File not found: s3://crypto-mlops-bucket/predictions/date=2025-07-25/hour=19/prediction.parquet
[2025-07-31T21:46:50.473+0000] {drift_monitoring.py:59} WARNING - File not found: s3://crypto-mlops-bucket/targets/date=2025-07-25/hour=19/target.parquet
[2025-07-31T21:46:50.498+0000] {drift_monitoring.py:59} WARNING - File not found: s3://crypto-mlops-bucket/predictions/date=2025-07-25/hour=18/prediction.parquet
[2025-07-31T21:46:50.527+0000] {drift_monitoring.py:59} WARNING - File not found: s3://crypto-mlops-bucket/targets/date=2025-07-25/hour=18/target.parquet
[2025-07-31T21:46:50.555+0000] {drift_monitoring.py:59} WARNING - File not found: s3://crypto-mlops-bucket/predictions/date=2025-07-25/hour=17/prediction.parquet
[2025-07-31T21:46:50.581+0000] {drift_monitoring.py:59} WARNING - File not found: s3://crypto-mlops-bucket/targets/date=2025-07-25/hour=17/target.parquet
[2025-07-31T21:46:50.604+0000] {drift_monitoring.py:59} WARNING - File not found: s3://crypto-mlops-bucket/predictions/date=2025-07-25/hour=16/prediction.parquet
[2025-07-31T21:46:50.625+0000] {drift_monitoring.py:59} WARNING - File not found: s3://crypto-mlops-bucket/targets/date=2025-07-25/hour=16/target.parquet
[2025-07-31T21:46:50.645+0000] {drift_monitoring.py:59} WARNING - File not found: s3://crypto-mlops-bucket/predictions/date=2025-07-25/hour=15/prediction.parquet
[2025-07-31T21:46:50.668+0000] {drift_monitoring.py:59} WARNING - File not found: s3://crypto-mlops-bucket/targets/date=2025-07-25/hour=15/target.parquet
[2025-07-31T21:46:50.688+0000] {drift_monitoring.py:59} WARNING - File not found: s3://crypto-mlops-bucket/predictions/date=2025-07-25/hour=14/prediction.parquet
[2025-07-31T21:46:50.709+0000] {drift_monitoring.py:59} WARNING - File not found: s3://crypto-mlops-bucket/targets/date=2025-07-25/hour=14/target.parquet
[2025-07-31T21:46:50.734+0000] {drift_monitoring.py:59} WARNING - File not found: s3://crypto-mlops-bucket/predictions/date=2025-07-25/hour=13/prediction.parquet
[2025-07-31T21:46:50.761+0000] {drift_monitoring.py:59} WARNING - File not found: s3://crypto-mlops-bucket/targets/date=2025-07-25/hour=13/target.parquet
[2025-07-31T21:46:50.788+0000] {drift_monitoring.py:59} WARNING - File not found: s3://crypto-mlops-bucket/predictions/date=2025-07-25/hour=12/prediction.parquet
[2025-07-31T21:46:50.814+0000] {drift_monitoring.py:59} WARNING - File not found: s3://crypto-mlops-bucket/targets/date=2025-07-25/hour=12/target.parquet
[2025-07-31T21:46:50.847+0000] {drift_monitoring.py:59} WARNING - File not found: s3://crypto-mlops-bucket/predictions/date=2025-07-25/hour=11/prediction.parquet
[2025-07-31T21:46:50.877+0000] {drift_monitoring.py:59} WARNING - File not found: s3://crypto-mlops-bucket/targets/date=2025-07-25/hour=11/target.parquet
[2025-07-31T21:46:50.903+0000] {drift_monitoring.py:59} WARNING - File not found: s3://crypto-mlops-bucket/predictions/date=2025-07-25/hour=10/prediction.parquet
[2025-07-31T21:46:50.925+0000] {drift_monitoring.py:59} WARNING - File not found: s3://crypto-mlops-bucket/targets/date=2025-07-25/hour=10/target.parquet
[2025-07-31T21:46:50.943+0000] {drift_monitoring.py:59} WARNING - File not found: s3://crypto-mlops-bucket/predictions/date=2025-07-25/hour=09/prediction.parquet
[2025-07-31T21:46:50.959+0000] {drift_monitoring.py:59} WARNING - File not found: s3://crypto-mlops-bucket/targets/date=2025-07-25/hour=09/target.parquet
[2025-07-31T21:46:50.978+0000] {drift_monitoring.py:59} WARNING - File not found: s3://crypto-mlops-bucket/predictions/date=2025-07-25/hour=08/prediction.parquet
[2025-07-31T21:46:50.998+0000] {drift_monitoring.py:59} WARNING - File not found: s3://crypto-mlops-bucket/targets/date=2025-07-25/hour=08/target.parquet
[2025-07-31T21:46:51.020+0000] {drift_monitoring.py:59} WARNING - File not found: s3://crypto-mlops-bucket/predictions/date=2025-07-25/hour=07/prediction.parquet
[2025-07-31T21:46:51.039+0000] {drift_monitoring.py:59} WARNING - File not found: s3://crypto-mlops-bucket/targets/date=2025-07-25/hour=07/target.parquet
[2025-07-31T21:46:51.061+0000] {drift_monitoring.py:59} WARNING - File not found: s3://crypto-mlops-bucket/predictions/date=2025-07-25/hour=06/prediction.parquet
[2025-07-31T21:46:51.091+0000] {drift_monitoring.py:59} WARNING - File not found: s3://crypto-mlops-bucket/targets/date=2025-07-25/hour=06/target.parquet
[2025-07-31T21:46:51.116+0000] {drift_monitoring.py:59} WARNING - File not found: s3://crypto-mlops-bucket/predictions/date=2025-07-25/hour=05/prediction.parquet
[2025-07-31T21:46:51.139+0000] {drift_monitoring.py:59} WARNING - File not found: s3://crypto-mlops-bucket/targets/date=2025-07-25/hour=05/target.parquet
[2025-07-31T21:46:51.160+0000] {drift_monitoring.py:59} WARNING - File not found: s3://crypto-mlops-bucket/predictions/date=2025-07-25/hour=04/prediction.parquet
[2025-07-31T21:46:51.180+0000] {drift_monitoring.py:59} WARNING - File not found: s3://crypto-mlops-bucket/targets/date=2025-07-25/hour=04/target.parquet
[2025-07-31T21:46:51.197+0000] {drift_monitoring.py:59} WARNING - File not found: s3://crypto-mlops-bucket/predictions/date=2025-07-25/hour=03/prediction.parquet
[2025-07-31T21:46:51.215+0000] {drift_monitoring.py:59} WARNING - File not found: s3://crypto-mlops-bucket/targets/date=2025-07-25/hour=03/target.parquet
[2025-07-31T21:46:51.232+0000] {drift_monitoring.py:59} WARNING - File not found: s3://crypto-mlops-bucket/predictions/date=2025-07-25/hour=02/prediction.parquet
[2025-07-31T21:46:51.248+0000] {drift_monitoring.py:59} WARNING - File not found: s3://crypto-mlops-bucket/targets/date=2025-07-25/hour=02/target.parquet
[2025-07-31T21:46:51.266+0000] {drift_monitoring.py:59} WARNING - File not found: s3://crypto-mlops-bucket/predictions/date=2025-07-25/hour=01/prediction.parquet
[2025-07-31T21:46:51.281+0000] {drift_monitoring.py:59} WARNING - File not found: s3://crypto-mlops-bucket/targets/date=2025-07-25/hour=01/target.parquet
[2025-07-31T21:46:51.297+0000] {drift_monitoring.py:59} WARNING - File not found: s3://crypto-mlops-bucket/predictions/date=2025-07-25/hour=00/prediction.parquet
[2025-07-31T21:46:51.312+0000] {drift_monitoring.py:59} WARNING - File not found: s3://crypto-mlops-bucket/targets/date=2025-07-25/hour=00/target.parquet
[2025-07-31T21:46:51.325+0000] {drift_monitoring.py:59} WARNING - File not found: s3://crypto-mlops-bucket/predictions/date=2025-07-24/hour=23/prediction.parquet
[2025-07-31T21:46:51.339+0000] {drift_monitoring.py:59} WARNING - File not found: s3://crypto-mlops-bucket/targets/date=2025-07-24/hour=23/target.parquet
[2025-07-31T21:46:51.352+0000] {drift_monitoring.py:59} WARNING - File not found: s3://crypto-mlops-bucket/predictions/date=2025-07-24/hour=22/prediction.parquet
[2025-07-31T21:46:51.366+0000] {drift_monitoring.py:59} WARNING - File not found: s3://crypto-mlops-bucket/targets/date=2025-07-24/hour=22/target.parquet
[2025-07-31T21:46:51.537+0000] {drift_monitoring.py:181} INFO - Mean MAE over last 7 days: 0.0781 (threshold: 0.15)
[2025-07-31T21:46:51.538+0000] {drift_monitoring.py:196} INFO - No significant drift detected.
[2025-07-31T21:46:51.553+0000] {drift_monitoring.py:72} WARNING - Reference data not found: s3://crypto-mlops-bucket/reference_data/reference.parquet
[2025-07-31T21:46:51.554+0000] {drift_monitoring.py:112} WARNING - Reference data not available, skipping Evidently report
[2025-07-31T21:46:51.555+0000] {python.py:237} INFO - Done. Returned value was: None
[2025-07-31T21:46:51.557+0000] {taskinstance.py:441} INFO - ::group::Post task execution logs
[2025-07-31T21:46:51.578+0000] {taskinstance.py:1205} INFO - Marking task as SUCCESS. dag_id=drift_monitoring_dag, task_id=check_drift_and_trigger, execution_date=20250731T214128, start_date=20250731T214645, end_date=20250731T214651
[2025-07-31T21:46:52.430+0000] {local_task_job_runner.py:240} INFO - Task exited with return code 0
[2025-07-31T21:46:52.452+0000] {taskinstance.py:3482} INFO - 0 downstream tasks scheduled from follow-on schedule check
[2025-07-31T21:46:52.456+0000] {local_task_job_runner.py:222} INFO - ::endgroup::
