[2025-07-27T19:44:40.738+0000] {local_task_job_runner.py:120} INFO - ::group::Pre task execution logs
[2025-07-27T19:44:40.770+0000] {taskinstance.py:2073} INFO - Dependencies all met for dep_context=non-requeueable deps ti=<TaskInstance: preprocessing_hourly.preprocess_and_upload manual__2025-07-27T19:44:08.665094+00:00 [queued]>
[2025-07-27T19:44:40.779+0000] {taskinstance.py:2073} INFO - Dependencies all met for dep_context=requeueable deps ti=<TaskInstance: preprocessing_hourly.preprocess_and_upload manual__2025-07-27T19:44:08.665094+00:00 [queued]>
[2025-07-27T19:44:40.809+0000] {taskinstance.py:2303} INFO - Starting attempt 1 of 2
[2025-07-27T19:44:40.823+0000] {taskinstance.py:2327} INFO - Executing <Task(PythonOperator): preprocess_and_upload> on 2025-07-27 19:44:08.665094+00:00
[2025-07-27T19:44:40.837+0000] {logging_mixin.py:188} WARNING - /home/***/.local/lib/python3.12/site-packages/***/task/task_runner/standard_task_runner.py:61 DeprecationWarning: This process (pid=859) is multi-threaded, use of fork() may lead to deadlocks in the child.
[2025-07-27T19:44:40.836+0000] {standard_task_runner.py:90} INFO - Running: ['***', 'tasks', 'run', 'preprocessing_hourly', 'preprocess_and_upload', 'manual__2025-07-27T19:44:08.665094+00:00', '--job-id', '8', '--raw', '--subdir', 'DAGS_FOLDER/ingestion_inference.py', '--cfg-path', '/tmp/tmpu7uw81_s']
[2025-07-27T19:44:40.839+0000] {standard_task_runner.py:63} INFO - Started process 878 to run task
[2025-07-27T19:44:40.839+0000] {standard_task_runner.py:91} INFO - Job 8: Subtask preprocess_and_upload
[2025-07-27T19:44:40.855+0000] {logging_mixin.py:188} WARNING - /home/***/.local/lib/python3.12/site-packages/***/settings.py:195 DeprecationWarning: The sql_alchemy_conn option in [core] has been moved to the sql_alchemy_conn option in [database] - the old setting has been used, but please update your config.
[2025-07-27T19:44:40.892+0000] {task_command.py:426} INFO - Running <TaskInstance: preprocessing_hourly.preprocess_and_upload manual__2025-07-27T19:44:08.665094+00:00 [running]> on host d1e83e43e29f
[2025-07-27T19:44:41.018+0000] {taskinstance.py:2644} INFO - Exporting env vars: AIRFLOW_CTX_DAG_OWNER='mlops' AIRFLOW_CTX_DAG_ID='preprocessing_hourly' AIRFLOW_CTX_TASK_ID='preprocess_and_upload' AIRFLOW_CTX_EXECUTION_DATE='2025-07-27T19:44:08.665094+00:00' AIRFLOW_CTX_TRY_NUMBER='1' AIRFLOW_CTX_DAG_RUN_ID='manual__2025-07-27T19:44:08.665094+00:00'
[2025-07-27T19:44:41.019+0000] {taskinstance.py:430} INFO - ::endgroup::
[2025-07-27T19:44:41.031+0000] {logging_mixin.py:188} WARNING - /home/***/.local/lib/python3.12/site-packages/***/utils/context.py:320 AirflowContextDeprecationWarning: Accessing 'execution_date' from the template is deprecated and will be removed in a future version. Please use 'data_interval_start' or 'logical_date' instead.
[2025-07-27T19:44:41.031+0000] {ingestion_inference.py:65} INFO - [DEBUG] Execution date: 2025-07-27 19:44:08.665094+00:00 (type=<class 'Proxy'>)
[2025-07-27T19:44:41.045+0000] {ingestion_inference.py:53} INFO - Bucket crypto-mlops-bucket exists
[2025-07-27T19:44:41.046+0000] {ingestion_inference.py:73} INFO - === Début du préprocessing ===
[2025-07-27T19:44:41.404+0000] {data_ingestion.py:62} INFO - Fetched 300 candles for BTC-USD from 2025-06-27 19:44:41.056267 to 2025-06-28 20:44:41.056267
[2025-07-27T19:44:41.566+0000] {data_ingestion.py:62} INFO - Fetched 300 candles for BTC-USD from 2025-06-28 20:44:41.056267 to 2025-06-29 21:44:41.056267
[2025-07-27T19:44:41.787+0000] {data_ingestion.py:62} INFO - Fetched 300 candles for BTC-USD from 2025-06-29 21:44:41.056267 to 2025-06-30 22:44:41.056267
[2025-07-27T19:44:42.253+0000] {data_ingestion.py:62} INFO - Fetched 300 candles for BTC-USD from 2025-06-30 22:44:41.056267 to 2025-07-01 23:44:41.056267
[2025-07-27T19:44:42.443+0000] {data_ingestion.py:62} INFO - Fetched 300 candles for BTC-USD from 2025-07-01 23:44:41.056267 to 2025-07-03 00:44:41.056267
[2025-07-27T19:44:42.953+0000] {data_ingestion.py:62} INFO - Fetched 300 candles for BTC-USD from 2025-07-03 00:44:41.056267 to 2025-07-04 01:44:41.056267
[2025-07-27T19:44:43.130+0000] {data_ingestion.py:62} INFO - Fetched 300 candles for BTC-USD from 2025-07-04 01:44:41.056267 to 2025-07-05 02:44:41.056267
[2025-07-27T19:44:43.330+0000] {data_ingestion.py:62} INFO - Fetched 300 candles for BTC-USD from 2025-07-05 02:44:41.056267 to 2025-07-06 03:44:41.056267
[2025-07-27T19:44:43.499+0000] {data_ingestion.py:62} INFO - Fetched 300 candles for BTC-USD from 2025-07-06 03:44:41.056267 to 2025-07-07 04:44:41.056267
[2025-07-27T19:44:43.694+0000] {data_ingestion.py:62} INFO - Fetched 300 candles for BTC-USD from 2025-07-07 04:44:41.056267 to 2025-07-08 05:44:41.056267
[2025-07-27T19:44:43.895+0000] {data_ingestion.py:62} INFO - Fetched 300 candles for BTC-USD from 2025-07-08 05:44:41.056267 to 2025-07-09 06:44:41.056267
[2025-07-27T19:44:44.086+0000] {data_ingestion.py:62} INFO - Fetched 300 candles for BTC-USD from 2025-07-09 06:44:41.056267 to 2025-07-10 07:44:41.056267
[2025-07-27T19:44:44.267+0000] {data_ingestion.py:62} INFO - Fetched 300 candles for BTC-USD from 2025-07-10 07:44:41.056267 to 2025-07-11 08:44:41.056267
[2025-07-27T19:44:44.458+0000] {data_ingestion.py:62} INFO - Fetched 300 candles for BTC-USD from 2025-07-11 08:44:41.056267 to 2025-07-12 09:44:41.056267
[2025-07-27T19:44:44.641+0000] {data_ingestion.py:62} INFO - Fetched 300 candles for BTC-USD from 2025-07-12 09:44:41.056267 to 2025-07-13 10:44:41.056267
[2025-07-27T19:44:44.810+0000] {data_ingestion.py:62} INFO - Fetched 300 candles for BTC-USD from 2025-07-13 10:44:41.056267 to 2025-07-14 11:44:41.056267
[2025-07-27T19:44:45.307+0000] {data_ingestion.py:62} INFO - Fetched 300 candles for BTC-USD from 2025-07-14 11:44:41.056267 to 2025-07-15 12:44:41.056267
[2025-07-27T19:44:45.761+0000] {data_ingestion.py:62} INFO - Fetched 300 candles for BTC-USD from 2025-07-15 12:44:41.056267 to 2025-07-16 13:44:41.056267
[2025-07-27T19:44:45.970+0000] {data_ingestion.py:62} INFO - Fetched 300 candles for BTC-USD from 2025-07-16 13:44:41.056267 to 2025-07-17 14:44:41.056267
[2025-07-27T19:44:46.188+0000] {data_ingestion.py:62} INFO - Fetched 300 candles for BTC-USD from 2025-07-17 14:44:41.056267 to 2025-07-18 15:44:41.056267
[2025-07-27T19:44:46.424+0000] {data_ingestion.py:62} INFO - Fetched 300 candles for BTC-USD from 2025-07-18 15:44:41.056267 to 2025-07-19 16:44:41.056267
[2025-07-27T19:44:46.853+0000] {data_ingestion.py:62} INFO - Fetched 300 candles for BTC-USD from 2025-07-19 16:44:41.056267 to 2025-07-20 17:44:41.056267
[2025-07-27T19:44:47.284+0000] {data_ingestion.py:62} INFO - Fetched 300 candles for BTC-USD from 2025-07-20 17:44:41.056267 to 2025-07-21 18:44:41.056267
[2025-07-27T19:44:47.489+0000] {data_ingestion.py:62} INFO - Fetched 300 candles for BTC-USD from 2025-07-21 18:44:41.056267 to 2025-07-22 19:44:41.056267
[2025-07-27T19:44:48.018+0000] {data_ingestion.py:62} INFO - Fetched 300 candles for BTC-USD from 2025-07-22 19:44:41.056267 to 2025-07-23 20:44:41.056267
[2025-07-27T19:44:48.191+0000] {data_ingestion.py:62} INFO - Fetched 300 candles for BTC-USD from 2025-07-23 20:44:41.056267 to 2025-07-24 21:44:41.056267
[2025-07-27T19:44:48.402+0000] {data_ingestion.py:62} INFO - Fetched 300 candles for BTC-USD from 2025-07-24 21:44:41.056267 to 2025-07-25 22:44:41.056267
[2025-07-27T19:44:48.578+0000] {data_ingestion.py:62} INFO - Fetched 300 candles for BTC-USD from 2025-07-25 22:44:41.056267 to 2025-07-26 23:44:41.056267
[2025-07-27T19:44:49.672+0000] {data_ingestion.py:62} INFO - Fetched 240 candles for BTC-USD from 2025-07-26 23:44:41.056267 to 2025-07-27 19:44:41.056267
[2025-07-27T19:44:49.876+0000] {data_ingestion.py:103} INFO - Saved data to S3: s3://crypto-mlops-bucket/data/historical_BTC_USD_20250727194449.csv
[2025-07-27T19:44:50.098+0000] {data_ingestion.py:62} INFO - Fetched 300 candles for ETH-USD from 2025-06-27 19:44:41.056267 to 2025-06-28 20:44:41.056267
[2025-07-27T19:44:51.098+0000] {data_ingestion.py:62} INFO - Fetched 300 candles for ETH-USD from 2025-06-28 20:44:41.056267 to 2025-06-29 21:44:41.056267
[2025-07-27T19:44:51.349+0000] {data_ingestion.py:62} INFO - Fetched 300 candles for ETH-USD from 2025-06-29 21:44:41.056267 to 2025-06-30 22:44:41.056267
[2025-07-27T19:44:52.436+0000] {data_ingestion.py:62} INFO - Fetched 300 candles for ETH-USD from 2025-06-30 22:44:41.056267 to 2025-07-01 23:44:41.056267
[2025-07-27T19:44:52.695+0000] {data_ingestion.py:62} INFO - Fetched 300 candles for ETH-USD from 2025-07-01 23:44:41.056267 to 2025-07-03 00:44:41.056267
[2025-07-27T19:44:53.625+0000] {data_ingestion.py:62} INFO - Fetched 300 candles for ETH-USD from 2025-07-03 00:44:41.056267 to 2025-07-04 01:44:41.056267
[2025-07-27T19:44:53.851+0000] {data_ingestion.py:62} INFO - Fetched 300 candles for ETH-USD from 2025-07-04 01:44:41.056267 to 2025-07-05 02:44:41.056267
[2025-07-27T19:44:54.058+0000] {data_ingestion.py:62} INFO - Fetched 300 candles for ETH-USD from 2025-07-05 02:44:41.056267 to 2025-07-06 03:44:41.056267
[2025-07-27T19:44:54.279+0000] {data_ingestion.py:62} INFO - Fetched 300 candles for ETH-USD from 2025-07-06 03:44:41.056267 to 2025-07-07 04:44:41.056267
[2025-07-27T19:44:57.150+0000] {data_ingestion.py:62} INFO - Fetched 300 candles for ETH-USD from 2025-07-07 04:44:41.056267 to 2025-07-08 05:44:41.056267
[2025-07-27T19:44:57.400+0000] {data_ingestion.py:62} INFO - Fetched 300 candles for ETH-USD from 2025-07-08 05:44:41.056267 to 2025-07-09 06:44:41.056267
[2025-07-27T19:44:57.892+0000] {data_ingestion.py:62} INFO - Fetched 300 candles for ETH-USD from 2025-07-09 06:44:41.056267 to 2025-07-10 07:44:41.056267
[2025-07-27T19:44:58.065+0000] {data_ingestion.py:62} INFO - Fetched 300 candles for ETH-USD from 2025-07-10 07:44:41.056267 to 2025-07-11 08:44:41.056267
[2025-07-27T19:44:58.276+0000] {data_ingestion.py:62} INFO - Fetched 300 candles for ETH-USD from 2025-07-11 08:44:41.056267 to 2025-07-12 09:44:41.056267
[2025-07-27T19:44:58.496+0000] {data_ingestion.py:62} INFO - Fetched 300 candles for ETH-USD from 2025-07-12 09:44:41.056267 to 2025-07-13 10:44:41.056267
[2025-07-27T19:44:58.713+0000] {data_ingestion.py:62} INFO - Fetched 300 candles for ETH-USD from 2025-07-13 10:44:41.056267 to 2025-07-14 11:44:41.056267
[2025-07-27T19:44:59.781+0000] {data_ingestion.py:62} INFO - Fetched 300 candles for ETH-USD from 2025-07-14 11:44:41.056267 to 2025-07-15 12:44:41.056267
[2025-07-27T19:45:00.013+0000] {data_ingestion.py:62} INFO - Fetched 300 candles for ETH-USD from 2025-07-15 12:44:41.056267 to 2025-07-16 13:44:41.056267
[2025-07-27T19:45:00.304+0000] {data_ingestion.py:62} INFO - Fetched 300 candles for ETH-USD from 2025-07-16 13:44:41.056267 to 2025-07-17 14:44:41.056267
[2025-07-27T19:45:00.909+0000] {data_ingestion.py:62} INFO - Fetched 300 candles for ETH-USD from 2025-07-17 14:44:41.056267 to 2025-07-18 15:44:41.056267
[2025-07-27T19:45:01.088+0000] {data_ingestion.py:62} INFO - Fetched 300 candles for ETH-USD from 2025-07-18 15:44:41.056267 to 2025-07-19 16:44:41.056267
[2025-07-27T19:45:01.636+0000] {data_ingestion.py:62} INFO - Fetched 300 candles for ETH-USD from 2025-07-19 16:44:41.056267 to 2025-07-20 17:44:41.056267
[2025-07-27T19:45:02.149+0000] {data_ingestion.py:62} INFO - Fetched 300 candles for ETH-USD from 2025-07-20 17:44:41.056267 to 2025-07-21 18:44:41.056267
[2025-07-27T19:45:02.340+0000] {data_ingestion.py:62} INFO - Fetched 300 candles for ETH-USD from 2025-07-21 18:44:41.056267 to 2025-07-22 19:44:41.056267
[2025-07-27T19:45:04.976+0000] {data_ingestion.py:62} INFO - Fetched 300 candles for ETH-USD from 2025-07-22 19:44:41.056267 to 2025-07-23 20:44:41.056267
[2025-07-27T19:45:05.187+0000] {data_ingestion.py:62} INFO - Fetched 300 candles for ETH-USD from 2025-07-23 20:44:41.056267 to 2025-07-24 21:44:41.056267
[2025-07-27T19:45:05.393+0000] {data_ingestion.py:62} INFO - Fetched 300 candles for ETH-USD from 2025-07-24 21:44:41.056267 to 2025-07-25 22:44:41.056267
[2025-07-27T19:45:05.674+0000] {data_ingestion.py:62} INFO - Fetched 300 candles for ETH-USD from 2025-07-25 22:44:41.056267 to 2025-07-26 23:44:41.056267
[2025-07-27T19:45:05.878+0000] {data_ingestion.py:62} INFO - Fetched 240 candles for ETH-USD from 2025-07-26 23:44:41.056267 to 2025-07-27 19:44:41.056267
[2025-07-27T19:45:06.035+0000] {data_ingestion.py:103} INFO - Saved data to S3: s3://crypto-mlops-bucket/data/historical_ETH_USD_20250727194505.csv
[2025-07-27T19:45:06.036+0000] {ingestion_inference.py:78} INFO - Données brutes récupérées : shape=(8640, 7)
[2025-07-27T19:45:06.037+0000] {ingestion_inference.py:79} INFO - Colonnes brutes : ['timestamp', 'low', 'high', 'open', 'close', 'volume', 'symbol']
[2025-07-27T19:45:06.113+0000] {data_processing.py:40} INFO - Loaded 288 records from S3: data/historical_BTC_USD_20250727193956.csv
[2025-07-27T19:45:06.166+0000] {data_processing.py:40} INFO - Loaded 8640 records from S3: data/historical_BTC_USD_20250727194424.csv
[2025-07-27T19:45:06.221+0000] {data_processing.py:40} INFO - Loaded 8640 records from S3: data/historical_BTC_USD_20250727194449.csv
[2025-07-27T19:45:06.237+0000] {data_processing.py:84} INFO - Combined 8640 records for BTC-USD
[2025-07-27T19:45:06.239+0000] {ingestion_inference.py:83} INFO - Données combinées après combine_datasets : shape=(8640, 7)
[2025-07-27T19:45:06.623+0000] {data_processing.py:162} INFO - Removed 50 rows with NaN values. Final shape: (8590, 84)
[2025-07-27T19:45:06.624+0000] {ingestion_inference.py:86} INFO - Données après feature engineering : shape=(8590, 84)
[2025-07-27T19:45:06.645+0000] {ingestion_inference.py:90} INFO - Scaler chargé : StandardScaler()
[2025-07-27T19:45:06.663+0000] {logging_mixin.py:188} WARNING - /opt/***/src/data_processing.py:177 FutureWarning: DataFrame.fillna with 'method' is deprecated and will raise in a future version. Use obj.ffill() or obj.bfill() instead.
[2025-07-27T19:45:06.679+0000] {data_processing.py:179} INFO - Prepared features: (8590, 80), Target: (8590,)
[2025-07-27T19:45:06.680+0000] {data_processing.py:180} INFO - Feature columns: 80
[2025-07-27T19:45:06.697+0000] {ingestion_inference.py:102} INFO - Extraction dernière ligne : shape=(1, 81)
[2025-07-27T19:45:06.741+0000] {ingestion_inference.py:113} INFO - ✅ Uploaded to s3://crypto-mlops-bucket/features/date=2025-07-27/hour=19/features.parquet
[2025-07-27T19:45:06.743+0000] {ingestion_inference.py:115} INFO - === Fin du préprocessing ===
[2025-07-27T19:45:06.747+0000] {python.py:237} INFO - Done. Returned value was: None
[2025-07-27T19:45:06.749+0000] {taskinstance.py:441} INFO - ::group::Post task execution logs
[2025-07-27T19:45:06.765+0000] {taskinstance.py:1205} INFO - Marking task as SUCCESS. dag_id=preprocessing_hourly, task_id=preprocess_and_upload, execution_date=20250727T194408, start_date=20250727T194440, end_date=20250727T194506
[2025-07-27T19:45:06.881+0000] {local_task_job_runner.py:240} INFO - Task exited with return code 0
[2025-07-27T19:45:06.909+0000] {taskinstance.py:3482} INFO - 0 downstream tasks scheduled from follow-on schedule check
[2025-07-27T19:45:06.913+0000] {local_task_job_runner.py:222} INFO - ::endgroup::
