[2025-07-27T21:18:45.525+0000] {local_task_job_runner.py:120} INFO - ::group::Pre task execution logs
[2025-07-27T21:18:45.566+0000] {taskinstance.py:2073} INFO - Dependencies all met for dep_context=non-requeueable deps ti=<TaskInstance: training_pipeline.promote_model manual__2025-07-27T21:17:26.195679+00:00 [queued]>
[2025-07-27T21:18:45.577+0000] {taskinstance.py:2073} INFO - Dependencies all met for dep_context=requeueable deps ti=<TaskInstance: training_pipeline.promote_model manual__2025-07-27T21:17:26.195679+00:00 [queued]>
[2025-07-27T21:18:45.608+0000] {taskinstance.py:2303} INFO - Starting attempt 1 of 4
[2025-07-27T21:18:45.625+0000] {taskinstance.py:2327} INFO - Executing <Task(PythonOperator): promote_model> on 2025-07-27 21:17:26.195679+00:00
[2025-07-27T21:18:45.643+0000] {logging_mixin.py:188} WARNING - /home/***/.local/lib/python3.12/site-packages/***/task/task_runner/standard_task_runner.py:61 DeprecationWarning: This process (pid=512) is multi-threaded, use of fork() may lead to deadlocks in the child.
[2025-07-27T21:18:45.642+0000] {standard_task_runner.py:90} INFO - Running: ['***', 'tasks', 'run', 'training_pipeline', 'promote_model', 'manual__2025-07-27T21:17:26.195679+00:00', '--job-id', '6', '--raw', '--subdir', 'DAGS_FOLDER/training_pipeline.py', '--cfg-path', '/tmp/tmp5mlndx5n']
[2025-07-27T21:18:45.646+0000] {standard_task_runner.py:63} INFO - Started process 529 to run task
[2025-07-27T21:18:45.647+0000] {standard_task_runner.py:91} INFO - Job 6: Subtask promote_model
[2025-07-27T21:18:45.670+0000] {logging_mixin.py:188} WARNING - /home/***/.local/lib/python3.12/site-packages/***/settings.py:195 DeprecationWarning: The sql_alchemy_conn option in [core] has been moved to the sql_alchemy_conn option in [database] - the old setting has been used, but please update your config.
[2025-07-27T21:18:45.724+0000] {task_command.py:426} INFO - Running <TaskInstance: training_pipeline.promote_model manual__2025-07-27T21:17:26.195679+00:00 [running]> on host 93639ca5aed1
[2025-07-27T21:18:45.917+0000] {taskinstance.py:2644} INFO - Exporting env vars: AIRFLOW_CTX_DAG_EMAIL='mlops_team@example.com' AIRFLOW_CTX_DAG_OWNER='mlops' AIRFLOW_CTX_DAG_ID='training_pipeline' AIRFLOW_CTX_TASK_ID='promote_model' AIRFLOW_CTX_EXECUTION_DATE='2025-07-27T21:17:26.195679+00:00' AIRFLOW_CTX_TRY_NUMBER='1' AIRFLOW_CTX_DAG_RUN_ID='manual__2025-07-27T21:17:26.195679+00:00'
[2025-07-27T21:18:45.918+0000] {taskinstance.py:430} INFO - ::endgroup::
[2025-07-27T21:18:46.004+0000] {training_pipeline.py:149} INFO - ✅ Connexion MLflow OK: http://mlflow:5000
[2025-07-27T21:18:46.077+0000] {training_pipeline.py:176} INFO - 👉 Promotion version 1
[2025-07-27T21:18:46.124+0000] {training_pipeline.py:184} INFO - ✅ Modèle promu : alias 'production' pointé vers version 1
[2025-07-27T21:18:46.125+0000] {python.py:237} INFO - Done. Returned value was: None
[2025-07-27T21:18:46.126+0000] {taskinstance.py:441} INFO - ::group::Post task execution logs
[2025-07-27T21:18:46.139+0000] {taskinstance.py:1205} INFO - Marking task as SUCCESS. dag_id=training_pipeline, task_id=promote_model, execution_date=20250727T211726, start_date=20250727T211845, end_date=20250727T211846
[2025-07-27T21:18:46.184+0000] {local_task_job_runner.py:240} INFO - Task exited with return code 0
[2025-07-27T21:18:46.206+0000] {taskinstance.py:3482} INFO - 0 downstream tasks scheduled from follow-on schedule check
[2025-07-27T21:18:46.209+0000] {local_task_job_runner.py:222} INFO - ::endgroup::
