[2025-07-31T11:51:26.900+0000] {local_task_job_runner.py:120} INFO - ::group::Pre task execution logs
[2025-07-31T11:51:26.938+0000] {taskinstance.py:2073} INFO - Dependencies all met for dep_context=non-requeueable deps ti=<TaskInstance: drift_monitoring.check_drift_and_report scheduled__2025-07-31T10:00:00+00:00 [queued]>
[2025-07-31T11:51:26.949+0000] {taskinstance.py:2073} INFO - Dependencies all met for dep_context=requeueable deps ti=<TaskInstance: drift_monitoring.check_drift_and_report scheduled__2025-07-31T10:00:00+00:00 [queued]>
[2025-07-31T11:51:26.950+0000] {taskinstance.py:2303} INFO - Starting attempt 1 of 1
[2025-07-31T11:51:26.969+0000] {taskinstance.py:2327} INFO - Executing <Task(PythonOperator): check_drift_and_report> on 2025-07-31 10:00:00+00:00
[2025-07-31T11:51:26.993+0000] {standard_task_runner.py:90} INFO - Running: ['***', 'tasks', 'run', 'drift_monitoring', 'check_drift_and_report', 'scheduled__2025-07-31T10:00:00+00:00', '--job-id', '141', '--raw', '--subdir', 'DAGS_FOLDER/drift_monitoring.py', '--cfg-path', '/tmp/tmp6q6hapsh']
[2025-07-31T11:51:26.996+0000] {standard_task_runner.py:91} INFO - Job 141: Subtask check_drift_and_report
[2025-07-31T11:51:27.000+0000] {logging_mixin.py:188} WARNING - /home/***/.local/lib/python3.12/site-packages/***/task/task_runner/standard_task_runner.py:61 DeprecationWarning: This process (pid=6424) is multi-threaded, use of fork() may lead to deadlocks in the child.
[2025-07-31T11:51:27.001+0000] {standard_task_runner.py:63} INFO - Started process 6517 to run task
[2025-07-31T11:51:27.019+0000] {logging_mixin.py:188} WARNING - /home/***/.local/lib/python3.12/site-packages/***/settings.py:195 DeprecationWarning: The sql_alchemy_conn option in [core] has been moved to the sql_alchemy_conn option in [database] - the old setting has been used, but please update your config.
[2025-07-31T11:51:27.066+0000] {task_command.py:426} INFO - Running <TaskInstance: drift_monitoring.check_drift_and_report scheduled__2025-07-31T10:00:00+00:00 [running]> on host 44c57df83f33
[2025-07-31T11:51:27.178+0000] {taskinstance.py:2644} INFO - Exporting env vars: AIRFLOW_CTX_DAG_OWNER='mlops' AIRFLOW_CTX_DAG_ID='drift_monitoring' AIRFLOW_CTX_TASK_ID='check_drift_and_report' AIRFLOW_CTX_EXECUTION_DATE='2025-07-31T10:00:00+00:00' AIRFLOW_CTX_TRY_NUMBER='1' AIRFLOW_CTX_DAG_RUN_ID='scheduled__2025-07-31T10:00:00+00:00'
[2025-07-31T11:51:27.179+0000] {taskinstance.py:430} INFO - ::endgroup::
[2025-07-31T11:51:27.191+0000] {drift_monitoring.py:239} INFO - Checking drift from 2025-07-24 10:51:27.191297+00:00 to 2025-07-31 10:51:27.191297+00:00
[2025-07-31T11:51:27.192+0000] {drift_monitoring.py:253} INFO - 📥 Downloading predictions/date=2025-07-24/hour=10/prediction.parquet and targets/date=2025-07-24/hour=10/target.parquet
[2025-07-31T11:51:27.220+0000] {drift_monitoring.py:291} WARNING - ⚠️ Missing file: predictions/date=2025-07-24/hour=10/prediction.parquet or targets/date=2025-07-24/hour=10/target.parquet → skipping
[2025-07-31T11:51:27.221+0000] {drift_monitoring.py:253} INFO - 📥 Downloading predictions/date=2025-07-24/hour=11/prediction.parquet and targets/date=2025-07-24/hour=11/target.parquet
[2025-07-31T11:51:27.230+0000] {drift_monitoring.py:291} WARNING - ⚠️ Missing file: predictions/date=2025-07-24/hour=11/prediction.parquet or targets/date=2025-07-24/hour=11/target.parquet → skipping
[2025-07-31T11:51:27.231+0000] {drift_monitoring.py:253} INFO - 📥 Downloading predictions/date=2025-07-24/hour=12/prediction.parquet and targets/date=2025-07-24/hour=12/target.parquet
[2025-07-31T11:51:27.239+0000] {drift_monitoring.py:291} WARNING - ⚠️ Missing file: predictions/date=2025-07-24/hour=12/prediction.parquet or targets/date=2025-07-24/hour=12/target.parquet → skipping
[2025-07-31T11:51:27.240+0000] {drift_monitoring.py:253} INFO - 📥 Downloading predictions/date=2025-07-24/hour=13/prediction.parquet and targets/date=2025-07-24/hour=13/target.parquet
[2025-07-31T11:51:27.249+0000] {drift_monitoring.py:291} WARNING - ⚠️ Missing file: predictions/date=2025-07-24/hour=13/prediction.parquet or targets/date=2025-07-24/hour=13/target.parquet → skipping
[2025-07-31T11:51:27.250+0000] {drift_monitoring.py:253} INFO - 📥 Downloading predictions/date=2025-07-24/hour=14/prediction.parquet and targets/date=2025-07-24/hour=14/target.parquet
[2025-07-31T11:51:27.259+0000] {drift_monitoring.py:291} WARNING - ⚠️ Missing file: predictions/date=2025-07-24/hour=14/prediction.parquet or targets/date=2025-07-24/hour=14/target.parquet → skipping
[2025-07-31T11:51:27.259+0000] {drift_monitoring.py:253} INFO - 📥 Downloading predictions/date=2025-07-24/hour=15/prediction.parquet and targets/date=2025-07-24/hour=15/target.parquet
[2025-07-31T11:51:27.267+0000] {drift_monitoring.py:291} WARNING - ⚠️ Missing file: predictions/date=2025-07-24/hour=15/prediction.parquet or targets/date=2025-07-24/hour=15/target.parquet → skipping
[2025-07-31T11:51:27.268+0000] {drift_monitoring.py:253} INFO - 📥 Downloading predictions/date=2025-07-24/hour=16/prediction.parquet and targets/date=2025-07-24/hour=16/target.parquet
[2025-07-31T11:51:27.279+0000] {drift_monitoring.py:291} WARNING - ⚠️ Missing file: predictions/date=2025-07-24/hour=16/prediction.parquet or targets/date=2025-07-24/hour=16/target.parquet → skipping
[2025-07-31T11:51:27.280+0000] {drift_monitoring.py:253} INFO - 📥 Downloading predictions/date=2025-07-24/hour=17/prediction.parquet and targets/date=2025-07-24/hour=17/target.parquet
[2025-07-31T11:51:27.294+0000] {drift_monitoring.py:291} WARNING - ⚠️ Missing file: predictions/date=2025-07-24/hour=17/prediction.parquet or targets/date=2025-07-24/hour=17/target.parquet → skipping
[2025-07-31T11:51:27.294+0000] {drift_monitoring.py:253} INFO - 📥 Downloading predictions/date=2025-07-24/hour=18/prediction.parquet and targets/date=2025-07-24/hour=18/target.parquet
[2025-07-31T11:51:27.310+0000] {drift_monitoring.py:291} WARNING - ⚠️ Missing file: predictions/date=2025-07-24/hour=18/prediction.parquet or targets/date=2025-07-24/hour=18/target.parquet → skipping
[2025-07-31T11:51:27.311+0000] {drift_monitoring.py:253} INFO - 📥 Downloading predictions/date=2025-07-24/hour=19/prediction.parquet and targets/date=2025-07-24/hour=19/target.parquet
[2025-07-31T11:51:27.325+0000] {drift_monitoring.py:291} WARNING - ⚠️ Missing file: predictions/date=2025-07-24/hour=19/prediction.parquet or targets/date=2025-07-24/hour=19/target.parquet → skipping
[2025-07-31T11:51:27.325+0000] {drift_monitoring.py:253} INFO - 📥 Downloading predictions/date=2025-07-24/hour=20/prediction.parquet and targets/date=2025-07-24/hour=20/target.parquet
[2025-07-31T11:51:27.341+0000] {drift_monitoring.py:291} WARNING - ⚠️ Missing file: predictions/date=2025-07-24/hour=20/prediction.parquet or targets/date=2025-07-24/hour=20/target.parquet → skipping
[2025-07-31T11:51:27.341+0000] {drift_monitoring.py:253} INFO - 📥 Downloading predictions/date=2025-07-24/hour=21/prediction.parquet and targets/date=2025-07-24/hour=21/target.parquet
[2025-07-31T11:51:27.356+0000] {drift_monitoring.py:291} WARNING - ⚠️ Missing file: predictions/date=2025-07-24/hour=21/prediction.parquet or targets/date=2025-07-24/hour=21/target.parquet → skipping
[2025-07-31T11:51:27.357+0000] {drift_monitoring.py:253} INFO - 📥 Downloading predictions/date=2025-07-24/hour=22/prediction.parquet and targets/date=2025-07-24/hour=22/target.parquet
[2025-07-31T11:51:27.371+0000] {drift_monitoring.py:291} WARNING - ⚠️ Missing file: predictions/date=2025-07-24/hour=22/prediction.parquet or targets/date=2025-07-24/hour=22/target.parquet → skipping
[2025-07-31T11:51:27.371+0000] {drift_monitoring.py:253} INFO - 📥 Downloading predictions/date=2025-07-24/hour=23/prediction.parquet and targets/date=2025-07-24/hour=23/target.parquet
[2025-07-31T11:51:27.386+0000] {drift_monitoring.py:291} WARNING - ⚠️ Missing file: predictions/date=2025-07-24/hour=23/prediction.parquet or targets/date=2025-07-24/hour=23/target.parquet → skipping
[2025-07-31T11:51:27.387+0000] {drift_monitoring.py:253} INFO - 📥 Downloading predictions/date=2025-07-25/hour=00/prediction.parquet and targets/date=2025-07-25/hour=00/target.parquet
[2025-07-31T11:51:27.400+0000] {drift_monitoring.py:291} WARNING - ⚠️ Missing file: predictions/date=2025-07-25/hour=00/prediction.parquet or targets/date=2025-07-25/hour=00/target.parquet → skipping
[2025-07-31T11:51:27.401+0000] {drift_monitoring.py:253} INFO - 📥 Downloading predictions/date=2025-07-25/hour=01/prediction.parquet and targets/date=2025-07-25/hour=01/target.parquet
[2025-07-31T11:51:27.413+0000] {drift_monitoring.py:291} WARNING - ⚠️ Missing file: predictions/date=2025-07-25/hour=01/prediction.parquet or targets/date=2025-07-25/hour=01/target.parquet → skipping
[2025-07-31T11:51:27.414+0000] {drift_monitoring.py:253} INFO - 📥 Downloading predictions/date=2025-07-25/hour=02/prediction.parquet and targets/date=2025-07-25/hour=02/target.parquet
[2025-07-31T11:51:27.430+0000] {drift_monitoring.py:291} WARNING - ⚠️ Missing file: predictions/date=2025-07-25/hour=02/prediction.parquet or targets/date=2025-07-25/hour=02/target.parquet → skipping
[2025-07-31T11:51:27.431+0000] {drift_monitoring.py:253} INFO - 📥 Downloading predictions/date=2025-07-25/hour=03/prediction.parquet and targets/date=2025-07-25/hour=03/target.parquet
[2025-07-31T11:51:27.444+0000] {drift_monitoring.py:291} WARNING - ⚠️ Missing file: predictions/date=2025-07-25/hour=03/prediction.parquet or targets/date=2025-07-25/hour=03/target.parquet → skipping
[2025-07-31T11:51:27.444+0000] {drift_monitoring.py:253} INFO - 📥 Downloading predictions/date=2025-07-25/hour=04/prediction.parquet and targets/date=2025-07-25/hour=04/target.parquet
[2025-07-31T11:51:27.457+0000] {drift_monitoring.py:291} WARNING - ⚠️ Missing file: predictions/date=2025-07-25/hour=04/prediction.parquet or targets/date=2025-07-25/hour=04/target.parquet → skipping
[2025-07-31T11:51:27.458+0000] {drift_monitoring.py:253} INFO - 📥 Downloading predictions/date=2025-07-25/hour=05/prediction.parquet and targets/date=2025-07-25/hour=05/target.parquet
[2025-07-31T11:51:27.470+0000] {drift_monitoring.py:291} WARNING - ⚠️ Missing file: predictions/date=2025-07-25/hour=05/prediction.parquet or targets/date=2025-07-25/hour=05/target.parquet → skipping
[2025-07-31T11:51:27.471+0000] {drift_monitoring.py:253} INFO - 📥 Downloading predictions/date=2025-07-25/hour=06/prediction.parquet and targets/date=2025-07-25/hour=06/target.parquet
[2025-07-31T11:51:27.484+0000] {drift_monitoring.py:291} WARNING - ⚠️ Missing file: predictions/date=2025-07-25/hour=06/prediction.parquet or targets/date=2025-07-25/hour=06/target.parquet → skipping
[2025-07-31T11:51:27.486+0000] {drift_monitoring.py:253} INFO - 📥 Downloading predictions/date=2025-07-25/hour=07/prediction.parquet and targets/date=2025-07-25/hour=07/target.parquet
[2025-07-31T11:51:27.500+0000] {drift_monitoring.py:291} WARNING - ⚠️ Missing file: predictions/date=2025-07-25/hour=07/prediction.parquet or targets/date=2025-07-25/hour=07/target.parquet → skipping
[2025-07-31T11:51:27.500+0000] {drift_monitoring.py:253} INFO - 📥 Downloading predictions/date=2025-07-25/hour=08/prediction.parquet and targets/date=2025-07-25/hour=08/target.parquet
[2025-07-31T11:51:27.512+0000] {drift_monitoring.py:291} WARNING - ⚠️ Missing file: predictions/date=2025-07-25/hour=08/prediction.parquet or targets/date=2025-07-25/hour=08/target.parquet → skipping
[2025-07-31T11:51:27.513+0000] {drift_monitoring.py:253} INFO - 📥 Downloading predictions/date=2025-07-25/hour=09/prediction.parquet and targets/date=2025-07-25/hour=09/target.parquet
[2025-07-31T11:51:27.525+0000] {drift_monitoring.py:291} WARNING - ⚠️ Missing file: predictions/date=2025-07-25/hour=09/prediction.parquet or targets/date=2025-07-25/hour=09/target.parquet → skipping
[2025-07-31T11:51:27.525+0000] {drift_monitoring.py:253} INFO - 📥 Downloading predictions/date=2025-07-25/hour=10/prediction.parquet and targets/date=2025-07-25/hour=10/target.parquet
[2025-07-31T11:51:27.539+0000] {drift_monitoring.py:291} WARNING - ⚠️ Missing file: predictions/date=2025-07-25/hour=10/prediction.parquet or targets/date=2025-07-25/hour=10/target.parquet → skipping
[2025-07-31T11:51:27.540+0000] {drift_monitoring.py:253} INFO - 📥 Downloading predictions/date=2025-07-25/hour=11/prediction.parquet and targets/date=2025-07-25/hour=11/target.parquet
[2025-07-31T11:51:27.555+0000] {drift_monitoring.py:291} WARNING - ⚠️ Missing file: predictions/date=2025-07-25/hour=11/prediction.parquet or targets/date=2025-07-25/hour=11/target.parquet → skipping
[2025-07-31T11:51:27.555+0000] {drift_monitoring.py:253} INFO - 📥 Downloading predictions/date=2025-07-25/hour=12/prediction.parquet and targets/date=2025-07-25/hour=12/target.parquet
[2025-07-31T11:51:27.569+0000] {drift_monitoring.py:291} WARNING - ⚠️ Missing file: predictions/date=2025-07-25/hour=12/prediction.parquet or targets/date=2025-07-25/hour=12/target.parquet → skipping
[2025-07-31T11:51:27.569+0000] {drift_monitoring.py:253} INFO - 📥 Downloading predictions/date=2025-07-25/hour=13/prediction.parquet and targets/date=2025-07-25/hour=13/target.parquet
[2025-07-31T11:51:27.583+0000] {drift_monitoring.py:291} WARNING - ⚠️ Missing file: predictions/date=2025-07-25/hour=13/prediction.parquet or targets/date=2025-07-25/hour=13/target.parquet → skipping
[2025-07-31T11:51:27.584+0000] {drift_monitoring.py:253} INFO - 📥 Downloading predictions/date=2025-07-25/hour=14/prediction.parquet and targets/date=2025-07-25/hour=14/target.parquet
[2025-07-31T11:51:27.597+0000] {drift_monitoring.py:291} WARNING - ⚠️ Missing file: predictions/date=2025-07-25/hour=14/prediction.parquet or targets/date=2025-07-25/hour=14/target.parquet → skipping
[2025-07-31T11:51:27.598+0000] {drift_monitoring.py:253} INFO - 📥 Downloading predictions/date=2025-07-25/hour=15/prediction.parquet and targets/date=2025-07-25/hour=15/target.parquet
[2025-07-31T11:51:27.610+0000] {drift_monitoring.py:291} WARNING - ⚠️ Missing file: predictions/date=2025-07-25/hour=15/prediction.parquet or targets/date=2025-07-25/hour=15/target.parquet → skipping
[2025-07-31T11:51:27.611+0000] {drift_monitoring.py:253} INFO - 📥 Downloading predictions/date=2025-07-25/hour=16/prediction.parquet and targets/date=2025-07-25/hour=16/target.parquet
[2025-07-31T11:51:27.624+0000] {drift_monitoring.py:291} WARNING - ⚠️ Missing file: predictions/date=2025-07-25/hour=16/prediction.parquet or targets/date=2025-07-25/hour=16/target.parquet → skipping
[2025-07-31T11:51:27.625+0000] {drift_monitoring.py:253} INFO - 📥 Downloading predictions/date=2025-07-25/hour=17/prediction.parquet and targets/date=2025-07-25/hour=17/target.parquet
[2025-07-31T11:51:27.638+0000] {drift_monitoring.py:291} WARNING - ⚠️ Missing file: predictions/date=2025-07-25/hour=17/prediction.parquet or targets/date=2025-07-25/hour=17/target.parquet → skipping
[2025-07-31T11:51:27.639+0000] {drift_monitoring.py:253} INFO - 📥 Downloading predictions/date=2025-07-25/hour=18/prediction.parquet and targets/date=2025-07-25/hour=18/target.parquet
[2025-07-31T11:51:27.652+0000] {drift_monitoring.py:291} WARNING - ⚠️ Missing file: predictions/date=2025-07-25/hour=18/prediction.parquet or targets/date=2025-07-25/hour=18/target.parquet → skipping
[2025-07-31T11:51:27.653+0000] {drift_monitoring.py:253} INFO - 📥 Downloading predictions/date=2025-07-25/hour=19/prediction.parquet and targets/date=2025-07-25/hour=19/target.parquet
[2025-07-31T11:51:27.665+0000] {drift_monitoring.py:291} WARNING - ⚠️ Missing file: predictions/date=2025-07-25/hour=19/prediction.parquet or targets/date=2025-07-25/hour=19/target.parquet → skipping
[2025-07-31T11:51:27.667+0000] {drift_monitoring.py:253} INFO - 📥 Downloading predictions/date=2025-07-25/hour=20/prediction.parquet and targets/date=2025-07-25/hour=20/target.parquet
[2025-07-31T11:51:27.681+0000] {drift_monitoring.py:291} WARNING - ⚠️ Missing file: predictions/date=2025-07-25/hour=20/prediction.parquet or targets/date=2025-07-25/hour=20/target.parquet → skipping
[2025-07-31T11:51:27.682+0000] {drift_monitoring.py:253} INFO - 📥 Downloading predictions/date=2025-07-25/hour=21/prediction.parquet and targets/date=2025-07-25/hour=21/target.parquet
[2025-07-31T11:51:27.695+0000] {drift_monitoring.py:291} WARNING - ⚠️ Missing file: predictions/date=2025-07-25/hour=21/prediction.parquet or targets/date=2025-07-25/hour=21/target.parquet → skipping
[2025-07-31T11:51:27.696+0000] {drift_monitoring.py:253} INFO - 📥 Downloading predictions/date=2025-07-25/hour=22/prediction.parquet and targets/date=2025-07-25/hour=22/target.parquet
[2025-07-31T11:51:27.708+0000] {drift_monitoring.py:291} WARNING - ⚠️ Missing file: predictions/date=2025-07-25/hour=22/prediction.parquet or targets/date=2025-07-25/hour=22/target.parquet → skipping
[2025-07-31T11:51:27.709+0000] {drift_monitoring.py:253} INFO - 📥 Downloading predictions/date=2025-07-25/hour=23/prediction.parquet and targets/date=2025-07-25/hour=23/target.parquet
[2025-07-31T11:51:27.721+0000] {drift_monitoring.py:291} WARNING - ⚠️ Missing file: predictions/date=2025-07-25/hour=23/prediction.parquet or targets/date=2025-07-25/hour=23/target.parquet → skipping
[2025-07-31T11:51:27.721+0000] {drift_monitoring.py:253} INFO - 📥 Downloading predictions/date=2025-07-26/hour=00/prediction.parquet and targets/date=2025-07-26/hour=00/target.parquet
[2025-07-31T11:51:27.733+0000] {drift_monitoring.py:291} WARNING - ⚠️ Missing file: predictions/date=2025-07-26/hour=00/prediction.parquet or targets/date=2025-07-26/hour=00/target.parquet → skipping
[2025-07-31T11:51:27.734+0000] {drift_monitoring.py:253} INFO - 📥 Downloading predictions/date=2025-07-26/hour=01/prediction.parquet and targets/date=2025-07-26/hour=01/target.parquet
[2025-07-31T11:51:27.746+0000] {drift_monitoring.py:291} WARNING - ⚠️ Missing file: predictions/date=2025-07-26/hour=01/prediction.parquet or targets/date=2025-07-26/hour=01/target.parquet → skipping
[2025-07-31T11:51:27.746+0000] {drift_monitoring.py:253} INFO - 📥 Downloading predictions/date=2025-07-26/hour=02/prediction.parquet and targets/date=2025-07-26/hour=02/target.parquet
[2025-07-31T11:51:27.758+0000] {drift_monitoring.py:291} WARNING - ⚠️ Missing file: predictions/date=2025-07-26/hour=02/prediction.parquet or targets/date=2025-07-26/hour=02/target.parquet → skipping
[2025-07-31T11:51:27.759+0000] {drift_monitoring.py:253} INFO - 📥 Downloading predictions/date=2025-07-26/hour=03/prediction.parquet and targets/date=2025-07-26/hour=03/target.parquet
[2025-07-31T11:51:27.772+0000] {drift_monitoring.py:291} WARNING - ⚠️ Missing file: predictions/date=2025-07-26/hour=03/prediction.parquet or targets/date=2025-07-26/hour=03/target.parquet → skipping
[2025-07-31T11:51:27.773+0000] {drift_monitoring.py:253} INFO - 📥 Downloading predictions/date=2025-07-26/hour=04/prediction.parquet and targets/date=2025-07-26/hour=04/target.parquet
[2025-07-31T11:51:27.787+0000] {drift_monitoring.py:291} WARNING - ⚠️ Missing file: predictions/date=2025-07-26/hour=04/prediction.parquet or targets/date=2025-07-26/hour=04/target.parquet → skipping
[2025-07-31T11:51:27.787+0000] {drift_monitoring.py:253} INFO - 📥 Downloading predictions/date=2025-07-26/hour=05/prediction.parquet and targets/date=2025-07-26/hour=05/target.parquet
[2025-07-31T11:51:27.796+0000] {drift_monitoring.py:291} WARNING - ⚠️ Missing file: predictions/date=2025-07-26/hour=05/prediction.parquet or targets/date=2025-07-26/hour=05/target.parquet → skipping
[2025-07-31T11:51:27.796+0000] {drift_monitoring.py:253} INFO - 📥 Downloading predictions/date=2025-07-26/hour=06/prediction.parquet and targets/date=2025-07-26/hour=06/target.parquet
[2025-07-31T11:51:27.817+0000] {drift_monitoring.py:291} WARNING - ⚠️ Missing file: predictions/date=2025-07-26/hour=06/prediction.parquet or targets/date=2025-07-26/hour=06/target.parquet → skipping
[2025-07-31T11:51:27.817+0000] {drift_monitoring.py:253} INFO - 📥 Downloading predictions/date=2025-07-26/hour=07/prediction.parquet and targets/date=2025-07-26/hour=07/target.parquet
[2025-07-31T11:51:27.831+0000] {drift_monitoring.py:291} WARNING - ⚠️ Missing file: predictions/date=2025-07-26/hour=07/prediction.parquet or targets/date=2025-07-26/hour=07/target.parquet → skipping
[2025-07-31T11:51:27.832+0000] {drift_monitoring.py:253} INFO - 📥 Downloading predictions/date=2025-07-26/hour=08/prediction.parquet and targets/date=2025-07-26/hour=08/target.parquet
[2025-07-31T11:51:27.844+0000] {drift_monitoring.py:291} WARNING - ⚠️ Missing file: predictions/date=2025-07-26/hour=08/prediction.parquet or targets/date=2025-07-26/hour=08/target.parquet → skipping
[2025-07-31T11:51:27.846+0000] {drift_monitoring.py:253} INFO - 📥 Downloading predictions/date=2025-07-26/hour=09/prediction.parquet and targets/date=2025-07-26/hour=09/target.parquet
[2025-07-31T11:51:27.859+0000] {drift_monitoring.py:291} WARNING - ⚠️ Missing file: predictions/date=2025-07-26/hour=09/prediction.parquet or targets/date=2025-07-26/hour=09/target.parquet → skipping
[2025-07-31T11:51:27.860+0000] {drift_monitoring.py:253} INFO - 📥 Downloading predictions/date=2025-07-26/hour=10/prediction.parquet and targets/date=2025-07-26/hour=10/target.parquet
[2025-07-31T11:51:27.875+0000] {drift_monitoring.py:291} WARNING - ⚠️ Missing file: predictions/date=2025-07-26/hour=10/prediction.parquet or targets/date=2025-07-26/hour=10/target.parquet → skipping
[2025-07-31T11:51:27.876+0000] {drift_monitoring.py:253} INFO - 📥 Downloading predictions/date=2025-07-26/hour=11/prediction.parquet and targets/date=2025-07-26/hour=11/target.parquet
[2025-07-31T11:51:27.891+0000] {drift_monitoring.py:291} WARNING - ⚠️ Missing file: predictions/date=2025-07-26/hour=11/prediction.parquet or targets/date=2025-07-26/hour=11/target.parquet → skipping
[2025-07-31T11:51:27.892+0000] {drift_monitoring.py:253} INFO - 📥 Downloading predictions/date=2025-07-26/hour=12/prediction.parquet and targets/date=2025-07-26/hour=12/target.parquet
[2025-07-31T11:51:27.904+0000] {drift_monitoring.py:291} WARNING - ⚠️ Missing file: predictions/date=2025-07-26/hour=12/prediction.parquet or targets/date=2025-07-26/hour=12/target.parquet → skipping
[2025-07-31T11:51:27.905+0000] {drift_monitoring.py:253} INFO - 📥 Downloading predictions/date=2025-07-26/hour=13/prediction.parquet and targets/date=2025-07-26/hour=13/target.parquet
[2025-07-31T11:51:27.918+0000] {drift_monitoring.py:291} WARNING - ⚠️ Missing file: predictions/date=2025-07-26/hour=13/prediction.parquet or targets/date=2025-07-26/hour=13/target.parquet → skipping
[2025-07-31T11:51:27.919+0000] {drift_monitoring.py:253} INFO - 📥 Downloading predictions/date=2025-07-26/hour=14/prediction.parquet and targets/date=2025-07-26/hour=14/target.parquet
[2025-07-31T11:51:27.932+0000] {drift_monitoring.py:291} WARNING - ⚠️ Missing file: predictions/date=2025-07-26/hour=14/prediction.parquet or targets/date=2025-07-26/hour=14/target.parquet → skipping
[2025-07-31T11:51:27.932+0000] {drift_monitoring.py:253} INFO - 📥 Downloading predictions/date=2025-07-26/hour=15/prediction.parquet and targets/date=2025-07-26/hour=15/target.parquet
[2025-07-31T11:51:27.946+0000] {drift_monitoring.py:291} WARNING - ⚠️ Missing file: predictions/date=2025-07-26/hour=15/prediction.parquet or targets/date=2025-07-26/hour=15/target.parquet → skipping
[2025-07-31T11:51:27.946+0000] {drift_monitoring.py:253} INFO - 📥 Downloading predictions/date=2025-07-26/hour=16/prediction.parquet and targets/date=2025-07-26/hour=16/target.parquet
[2025-07-31T11:51:27.962+0000] {drift_monitoring.py:291} WARNING - ⚠️ Missing file: predictions/date=2025-07-26/hour=16/prediction.parquet or targets/date=2025-07-26/hour=16/target.parquet → skipping
[2025-07-31T11:51:27.965+0000] {drift_monitoring.py:253} INFO - 📥 Downloading predictions/date=2025-07-26/hour=17/prediction.parquet and targets/date=2025-07-26/hour=17/target.parquet
[2025-07-31T11:51:28.025+0000] {drift_monitoring.py:291} WARNING - ⚠️ Missing file: predictions/date=2025-07-26/hour=17/prediction.parquet or targets/date=2025-07-26/hour=17/target.parquet → skipping
[2025-07-31T11:51:28.027+0000] {drift_monitoring.py:253} INFO - 📥 Downloading predictions/date=2025-07-26/hour=18/prediction.parquet and targets/date=2025-07-26/hour=18/target.parquet
[2025-07-31T11:51:28.046+0000] {drift_monitoring.py:291} WARNING - ⚠️ Missing file: predictions/date=2025-07-26/hour=18/prediction.parquet or targets/date=2025-07-26/hour=18/target.parquet → skipping
[2025-07-31T11:51:28.047+0000] {drift_monitoring.py:253} INFO - 📥 Downloading predictions/date=2025-07-26/hour=19/prediction.parquet and targets/date=2025-07-26/hour=19/target.parquet
[2025-07-31T11:51:28.063+0000] {drift_monitoring.py:291} WARNING - ⚠️ Missing file: predictions/date=2025-07-26/hour=19/prediction.parquet or targets/date=2025-07-26/hour=19/target.parquet → skipping
[2025-07-31T11:51:28.064+0000] {drift_monitoring.py:253} INFO - 📥 Downloading predictions/date=2025-07-26/hour=20/prediction.parquet and targets/date=2025-07-26/hour=20/target.parquet
[2025-07-31T11:51:28.079+0000] {drift_monitoring.py:291} WARNING - ⚠️ Missing file: predictions/date=2025-07-26/hour=20/prediction.parquet or targets/date=2025-07-26/hour=20/target.parquet → skipping
[2025-07-31T11:51:28.080+0000] {drift_monitoring.py:253} INFO - 📥 Downloading predictions/date=2025-07-26/hour=21/prediction.parquet and targets/date=2025-07-26/hour=21/target.parquet
[2025-07-31T11:51:28.099+0000] {drift_monitoring.py:291} WARNING - ⚠️ Missing file: predictions/date=2025-07-26/hour=21/prediction.parquet or targets/date=2025-07-26/hour=21/target.parquet → skipping
[2025-07-31T11:51:28.100+0000] {drift_monitoring.py:253} INFO - 📥 Downloading predictions/date=2025-07-26/hour=22/prediction.parquet and targets/date=2025-07-26/hour=22/target.parquet
[2025-07-31T11:51:28.113+0000] {drift_monitoring.py:291} WARNING - ⚠️ Missing file: predictions/date=2025-07-26/hour=22/prediction.parquet or targets/date=2025-07-26/hour=22/target.parquet → skipping
[2025-07-31T11:51:28.114+0000] {drift_monitoring.py:253} INFO - 📥 Downloading predictions/date=2025-07-26/hour=23/prediction.parquet and targets/date=2025-07-26/hour=23/target.parquet
[2025-07-31T11:51:28.142+0000] {drift_monitoring.py:291} WARNING - ⚠️ Missing file: predictions/date=2025-07-26/hour=23/prediction.parquet or targets/date=2025-07-26/hour=23/target.parquet → skipping
[2025-07-31T11:51:28.143+0000] {drift_monitoring.py:253} INFO - 📥 Downloading predictions/date=2025-07-27/hour=00/prediction.parquet and targets/date=2025-07-27/hour=00/target.parquet
[2025-07-31T11:51:28.157+0000] {drift_monitoring.py:291} WARNING - ⚠️ Missing file: predictions/date=2025-07-27/hour=00/prediction.parquet or targets/date=2025-07-27/hour=00/target.parquet → skipping
[2025-07-31T11:51:28.158+0000] {drift_monitoring.py:253} INFO - 📥 Downloading predictions/date=2025-07-27/hour=01/prediction.parquet and targets/date=2025-07-27/hour=01/target.parquet
[2025-07-31T11:51:28.169+0000] {drift_monitoring.py:291} WARNING - ⚠️ Missing file: predictions/date=2025-07-27/hour=01/prediction.parquet or targets/date=2025-07-27/hour=01/target.parquet → skipping
[2025-07-31T11:51:28.170+0000] {drift_monitoring.py:253} INFO - 📥 Downloading predictions/date=2025-07-27/hour=02/prediction.parquet and targets/date=2025-07-27/hour=02/target.parquet
[2025-07-31T11:51:28.182+0000] {drift_monitoring.py:291} WARNING - ⚠️ Missing file: predictions/date=2025-07-27/hour=02/prediction.parquet or targets/date=2025-07-27/hour=02/target.parquet → skipping
[2025-07-31T11:51:28.183+0000] {drift_monitoring.py:253} INFO - 📥 Downloading predictions/date=2025-07-27/hour=03/prediction.parquet and targets/date=2025-07-27/hour=03/target.parquet
[2025-07-31T11:51:28.192+0000] {drift_monitoring.py:291} WARNING - ⚠️ Missing file: predictions/date=2025-07-27/hour=03/prediction.parquet or targets/date=2025-07-27/hour=03/target.parquet → skipping
[2025-07-31T11:51:28.193+0000] {drift_monitoring.py:253} INFO - 📥 Downloading predictions/date=2025-07-27/hour=04/prediction.parquet and targets/date=2025-07-27/hour=04/target.parquet
[2025-07-31T11:51:28.201+0000] {drift_monitoring.py:291} WARNING - ⚠️ Missing file: predictions/date=2025-07-27/hour=04/prediction.parquet or targets/date=2025-07-27/hour=04/target.parquet → skipping
[2025-07-31T11:51:28.202+0000] {drift_monitoring.py:253} INFO - 📥 Downloading predictions/date=2025-07-27/hour=05/prediction.parquet and targets/date=2025-07-27/hour=05/target.parquet
[2025-07-31T11:51:28.214+0000] {drift_monitoring.py:291} WARNING - ⚠️ Missing file: predictions/date=2025-07-27/hour=05/prediction.parquet or targets/date=2025-07-27/hour=05/target.parquet → skipping
[2025-07-31T11:51:28.215+0000] {drift_monitoring.py:253} INFO - 📥 Downloading predictions/date=2025-07-27/hour=06/prediction.parquet and targets/date=2025-07-27/hour=06/target.parquet
[2025-07-31T11:51:28.228+0000] {drift_monitoring.py:291} WARNING - ⚠️ Missing file: predictions/date=2025-07-27/hour=06/prediction.parquet or targets/date=2025-07-27/hour=06/target.parquet → skipping
[2025-07-31T11:51:28.229+0000] {drift_monitoring.py:253} INFO - 📥 Downloading predictions/date=2025-07-27/hour=07/prediction.parquet and targets/date=2025-07-27/hour=07/target.parquet
[2025-07-31T11:51:28.241+0000] {drift_monitoring.py:291} WARNING - ⚠️ Missing file: predictions/date=2025-07-27/hour=07/prediction.parquet or targets/date=2025-07-27/hour=07/target.parquet → skipping
[2025-07-31T11:51:28.242+0000] {drift_monitoring.py:253} INFO - 📥 Downloading predictions/date=2025-07-27/hour=08/prediction.parquet and targets/date=2025-07-27/hour=08/target.parquet
[2025-07-31T11:51:28.255+0000] {drift_monitoring.py:291} WARNING - ⚠️ Missing file: predictions/date=2025-07-27/hour=08/prediction.parquet or targets/date=2025-07-27/hour=08/target.parquet → skipping
[2025-07-31T11:51:28.256+0000] {drift_monitoring.py:253} INFO - 📥 Downloading predictions/date=2025-07-27/hour=09/prediction.parquet and targets/date=2025-07-27/hour=09/target.parquet
[2025-07-31T11:51:28.278+0000] {drift_monitoring.py:291} WARNING - ⚠️ Missing file: predictions/date=2025-07-27/hour=09/prediction.parquet or targets/date=2025-07-27/hour=09/target.parquet → skipping
[2025-07-31T11:51:28.279+0000] {drift_monitoring.py:253} INFO - 📥 Downloading predictions/date=2025-07-27/hour=10/prediction.parquet and targets/date=2025-07-27/hour=10/target.parquet
[2025-07-31T11:51:28.294+0000] {drift_monitoring.py:291} WARNING - ⚠️ Missing file: predictions/date=2025-07-27/hour=10/prediction.parquet or targets/date=2025-07-27/hour=10/target.parquet → skipping
[2025-07-31T11:51:28.295+0000] {drift_monitoring.py:253} INFO - 📥 Downloading predictions/date=2025-07-27/hour=11/prediction.parquet and targets/date=2025-07-27/hour=11/target.parquet
[2025-07-31T11:51:28.312+0000] {drift_monitoring.py:291} WARNING - ⚠️ Missing file: predictions/date=2025-07-27/hour=11/prediction.parquet or targets/date=2025-07-27/hour=11/target.parquet → skipping
[2025-07-31T11:51:28.313+0000] {drift_monitoring.py:253} INFO - 📥 Downloading predictions/date=2025-07-27/hour=12/prediction.parquet and targets/date=2025-07-27/hour=12/target.parquet
[2025-07-31T11:51:28.326+0000] {drift_monitoring.py:291} WARNING - ⚠️ Missing file: predictions/date=2025-07-27/hour=12/prediction.parquet or targets/date=2025-07-27/hour=12/target.parquet → skipping
[2025-07-31T11:51:28.327+0000] {drift_monitoring.py:253} INFO - 📥 Downloading predictions/date=2025-07-27/hour=13/prediction.parquet and targets/date=2025-07-27/hour=13/target.parquet
[2025-07-31T11:51:28.341+0000] {drift_monitoring.py:291} WARNING - ⚠️ Missing file: predictions/date=2025-07-27/hour=13/prediction.parquet or targets/date=2025-07-27/hour=13/target.parquet → skipping
[2025-07-31T11:51:28.342+0000] {drift_monitoring.py:253} INFO - 📥 Downloading predictions/date=2025-07-27/hour=14/prediction.parquet and targets/date=2025-07-27/hour=14/target.parquet
[2025-07-31T11:51:28.357+0000] {drift_monitoring.py:291} WARNING - ⚠️ Missing file: predictions/date=2025-07-27/hour=14/prediction.parquet or targets/date=2025-07-27/hour=14/target.parquet → skipping
[2025-07-31T11:51:28.357+0000] {drift_monitoring.py:253} INFO - 📥 Downloading predictions/date=2025-07-27/hour=15/prediction.parquet and targets/date=2025-07-27/hour=15/target.parquet
[2025-07-31T11:51:28.374+0000] {drift_monitoring.py:291} WARNING - ⚠️ Missing file: predictions/date=2025-07-27/hour=15/prediction.parquet or targets/date=2025-07-27/hour=15/target.parquet → skipping
[2025-07-31T11:51:28.374+0000] {drift_monitoring.py:253} INFO - 📥 Downloading predictions/date=2025-07-27/hour=16/prediction.parquet and targets/date=2025-07-27/hour=16/target.parquet
[2025-07-31T11:51:28.387+0000] {drift_monitoring.py:291} WARNING - ⚠️ Missing file: predictions/date=2025-07-27/hour=16/prediction.parquet or targets/date=2025-07-27/hour=16/target.parquet → skipping
[2025-07-31T11:51:28.388+0000] {drift_monitoring.py:253} INFO - 📥 Downloading predictions/date=2025-07-27/hour=17/prediction.parquet and targets/date=2025-07-27/hour=17/target.parquet
[2025-07-31T11:51:28.402+0000] {drift_monitoring.py:291} WARNING - ⚠️ Missing file: predictions/date=2025-07-27/hour=17/prediction.parquet or targets/date=2025-07-27/hour=17/target.parquet → skipping
[2025-07-31T11:51:28.403+0000] {drift_monitoring.py:253} INFO - 📥 Downloading predictions/date=2025-07-27/hour=18/prediction.parquet and targets/date=2025-07-27/hour=18/target.parquet
[2025-07-31T11:51:28.417+0000] {drift_monitoring.py:291} WARNING - ⚠️ Missing file: predictions/date=2025-07-27/hour=18/prediction.parquet or targets/date=2025-07-27/hour=18/target.parquet → skipping
[2025-07-31T11:51:28.417+0000] {drift_monitoring.py:253} INFO - 📥 Downloading predictions/date=2025-07-27/hour=19/prediction.parquet and targets/date=2025-07-27/hour=19/target.parquet
[2025-07-31T11:51:28.429+0000] {drift_monitoring.py:291} WARNING - ⚠️ Missing file: predictions/date=2025-07-27/hour=19/prediction.parquet or targets/date=2025-07-27/hour=19/target.parquet → skipping
[2025-07-31T11:51:28.430+0000] {drift_monitoring.py:253} INFO - 📥 Downloading predictions/date=2025-07-27/hour=20/prediction.parquet and targets/date=2025-07-27/hour=20/target.parquet
[2025-07-31T11:51:28.443+0000] {drift_monitoring.py:291} WARNING - ⚠️ Missing file: predictions/date=2025-07-27/hour=20/prediction.parquet or targets/date=2025-07-27/hour=20/target.parquet → skipping
[2025-07-31T11:51:28.444+0000] {drift_monitoring.py:253} INFO - 📥 Downloading predictions/date=2025-07-27/hour=21/prediction.parquet and targets/date=2025-07-27/hour=21/target.parquet
[2025-07-31T11:51:28.456+0000] {drift_monitoring.py:291} WARNING - ⚠️ Missing file: predictions/date=2025-07-27/hour=21/prediction.parquet or targets/date=2025-07-27/hour=21/target.parquet → skipping
[2025-07-31T11:51:28.457+0000] {drift_monitoring.py:253} INFO - 📥 Downloading predictions/date=2025-07-27/hour=22/prediction.parquet and targets/date=2025-07-27/hour=22/target.parquet
[2025-07-31T11:51:28.471+0000] {drift_monitoring.py:291} WARNING - ⚠️ Missing file: predictions/date=2025-07-27/hour=22/prediction.parquet or targets/date=2025-07-27/hour=22/target.parquet → skipping
[2025-07-31T11:51:28.472+0000] {drift_monitoring.py:253} INFO - 📥 Downloading predictions/date=2025-07-27/hour=23/prediction.parquet and targets/date=2025-07-27/hour=23/target.parquet
[2025-07-31T11:51:28.485+0000] {drift_monitoring.py:291} WARNING - ⚠️ Missing file: predictions/date=2025-07-27/hour=23/prediction.parquet or targets/date=2025-07-27/hour=23/target.parquet → skipping
[2025-07-31T11:51:28.485+0000] {drift_monitoring.py:253} INFO - 📥 Downloading predictions/date=2025-07-28/hour=00/prediction.parquet and targets/date=2025-07-28/hour=00/target.parquet
[2025-07-31T11:51:28.499+0000] {drift_monitoring.py:291} WARNING - ⚠️ Missing file: predictions/date=2025-07-28/hour=00/prediction.parquet or targets/date=2025-07-28/hour=00/target.parquet → skipping
[2025-07-31T11:51:28.500+0000] {drift_monitoring.py:253} INFO - 📥 Downloading predictions/date=2025-07-28/hour=01/prediction.parquet and targets/date=2025-07-28/hour=01/target.parquet
[2025-07-31T11:51:28.512+0000] {drift_monitoring.py:291} WARNING - ⚠️ Missing file: predictions/date=2025-07-28/hour=01/prediction.parquet or targets/date=2025-07-28/hour=01/target.parquet → skipping
[2025-07-31T11:51:28.513+0000] {drift_monitoring.py:253} INFO - 📥 Downloading predictions/date=2025-07-28/hour=02/prediction.parquet and targets/date=2025-07-28/hour=02/target.parquet
[2025-07-31T11:51:28.527+0000] {drift_monitoring.py:291} WARNING - ⚠️ Missing file: predictions/date=2025-07-28/hour=02/prediction.parquet or targets/date=2025-07-28/hour=02/target.parquet → skipping
[2025-07-31T11:51:28.528+0000] {drift_monitoring.py:253} INFO - 📥 Downloading predictions/date=2025-07-28/hour=03/prediction.parquet and targets/date=2025-07-28/hour=03/target.parquet
[2025-07-31T11:51:28.537+0000] {drift_monitoring.py:291} WARNING - ⚠️ Missing file: predictions/date=2025-07-28/hour=03/prediction.parquet or targets/date=2025-07-28/hour=03/target.parquet → skipping
[2025-07-31T11:51:28.538+0000] {drift_monitoring.py:253} INFO - 📥 Downloading predictions/date=2025-07-28/hour=04/prediction.parquet and targets/date=2025-07-28/hour=04/target.parquet
[2025-07-31T11:51:28.552+0000] {drift_monitoring.py:291} WARNING - ⚠️ Missing file: predictions/date=2025-07-28/hour=04/prediction.parquet or targets/date=2025-07-28/hour=04/target.parquet → skipping
[2025-07-31T11:51:28.553+0000] {drift_monitoring.py:253} INFO - 📥 Downloading predictions/date=2025-07-28/hour=05/prediction.parquet and targets/date=2025-07-28/hour=05/target.parquet
[2025-07-31T11:51:28.562+0000] {drift_monitoring.py:291} WARNING - ⚠️ Missing file: predictions/date=2025-07-28/hour=05/prediction.parquet or targets/date=2025-07-28/hour=05/target.parquet → skipping
[2025-07-31T11:51:28.563+0000] {drift_monitoring.py:253} INFO - 📥 Downloading predictions/date=2025-07-28/hour=06/prediction.parquet and targets/date=2025-07-28/hour=06/target.parquet
[2025-07-31T11:51:28.576+0000] {drift_monitoring.py:291} WARNING - ⚠️ Missing file: predictions/date=2025-07-28/hour=06/prediction.parquet or targets/date=2025-07-28/hour=06/target.parquet → skipping
[2025-07-31T11:51:28.577+0000] {drift_monitoring.py:253} INFO - 📥 Downloading predictions/date=2025-07-28/hour=07/prediction.parquet and targets/date=2025-07-28/hour=07/target.parquet
[2025-07-31T11:51:28.592+0000] {drift_monitoring.py:291} WARNING - ⚠️ Missing file: predictions/date=2025-07-28/hour=07/prediction.parquet or targets/date=2025-07-28/hour=07/target.parquet → skipping
[2025-07-31T11:51:28.592+0000] {drift_monitoring.py:253} INFO - 📥 Downloading predictions/date=2025-07-28/hour=08/prediction.parquet and targets/date=2025-07-28/hour=08/target.parquet
[2025-07-31T11:51:28.606+0000] {drift_monitoring.py:291} WARNING - ⚠️ Missing file: predictions/date=2025-07-28/hour=08/prediction.parquet or targets/date=2025-07-28/hour=08/target.parquet → skipping
[2025-07-31T11:51:28.607+0000] {drift_monitoring.py:253} INFO - 📥 Downloading predictions/date=2025-07-28/hour=09/prediction.parquet and targets/date=2025-07-28/hour=09/target.parquet
[2025-07-31T11:51:28.621+0000] {drift_monitoring.py:291} WARNING - ⚠️ Missing file: predictions/date=2025-07-28/hour=09/prediction.parquet or targets/date=2025-07-28/hour=09/target.parquet → skipping
[2025-07-31T11:51:28.622+0000] {drift_monitoring.py:253} INFO - 📥 Downloading predictions/date=2025-07-28/hour=10/prediction.parquet and targets/date=2025-07-28/hour=10/target.parquet
[2025-07-31T11:51:28.636+0000] {drift_monitoring.py:291} WARNING - ⚠️ Missing file: predictions/date=2025-07-28/hour=10/prediction.parquet or targets/date=2025-07-28/hour=10/target.parquet → skipping
[2025-07-31T11:51:28.637+0000] {drift_monitoring.py:253} INFO - 📥 Downloading predictions/date=2025-07-28/hour=11/prediction.parquet and targets/date=2025-07-28/hour=11/target.parquet
[2025-07-31T11:51:28.651+0000] {drift_monitoring.py:291} WARNING - ⚠️ Missing file: predictions/date=2025-07-28/hour=11/prediction.parquet or targets/date=2025-07-28/hour=11/target.parquet → skipping
[2025-07-31T11:51:28.652+0000] {drift_monitoring.py:253} INFO - 📥 Downloading predictions/date=2025-07-28/hour=12/prediction.parquet and targets/date=2025-07-28/hour=12/target.parquet
[2025-07-31T11:51:28.665+0000] {drift_monitoring.py:291} WARNING - ⚠️ Missing file: predictions/date=2025-07-28/hour=12/prediction.parquet or targets/date=2025-07-28/hour=12/target.parquet → skipping
[2025-07-31T11:51:28.666+0000] {drift_monitoring.py:253} INFO - 📥 Downloading predictions/date=2025-07-28/hour=13/prediction.parquet and targets/date=2025-07-28/hour=13/target.parquet
[2025-07-31T11:51:28.679+0000] {drift_monitoring.py:291} WARNING - ⚠️ Missing file: predictions/date=2025-07-28/hour=13/prediction.parquet or targets/date=2025-07-28/hour=13/target.parquet → skipping
[2025-07-31T11:51:28.679+0000] {drift_monitoring.py:253} INFO - 📥 Downloading predictions/date=2025-07-28/hour=14/prediction.parquet and targets/date=2025-07-28/hour=14/target.parquet
[2025-07-31T11:51:28.693+0000] {drift_monitoring.py:291} WARNING - ⚠️ Missing file: predictions/date=2025-07-28/hour=14/prediction.parquet or targets/date=2025-07-28/hour=14/target.parquet → skipping
[2025-07-31T11:51:28.694+0000] {drift_monitoring.py:253} INFO - 📥 Downloading predictions/date=2025-07-28/hour=15/prediction.parquet and targets/date=2025-07-28/hour=15/target.parquet
[2025-07-31T11:51:28.705+0000] {drift_monitoring.py:291} WARNING - ⚠️ Missing file: predictions/date=2025-07-28/hour=15/prediction.parquet or targets/date=2025-07-28/hour=15/target.parquet → skipping
[2025-07-31T11:51:28.706+0000] {drift_monitoring.py:253} INFO - 📥 Downloading predictions/date=2025-07-28/hour=16/prediction.parquet and targets/date=2025-07-28/hour=16/target.parquet
[2025-07-31T11:51:28.718+0000] {drift_monitoring.py:291} WARNING - ⚠️ Missing file: predictions/date=2025-07-28/hour=16/prediction.parquet or targets/date=2025-07-28/hour=16/target.parquet → skipping
[2025-07-31T11:51:28.719+0000] {drift_monitoring.py:253} INFO - 📥 Downloading predictions/date=2025-07-28/hour=17/prediction.parquet and targets/date=2025-07-28/hour=17/target.parquet
[2025-07-31T11:51:28.734+0000] {drift_monitoring.py:291} WARNING - ⚠️ Missing file: predictions/date=2025-07-28/hour=17/prediction.parquet or targets/date=2025-07-28/hour=17/target.parquet → skipping
[2025-07-31T11:51:28.735+0000] {drift_monitoring.py:253} INFO - 📥 Downloading predictions/date=2025-07-28/hour=18/prediction.parquet and targets/date=2025-07-28/hour=18/target.parquet
[2025-07-31T11:51:28.750+0000] {drift_monitoring.py:291} WARNING - ⚠️ Missing file: predictions/date=2025-07-28/hour=18/prediction.parquet or targets/date=2025-07-28/hour=18/target.parquet → skipping
[2025-07-31T11:51:28.751+0000] {drift_monitoring.py:253} INFO - 📥 Downloading predictions/date=2025-07-28/hour=19/prediction.parquet and targets/date=2025-07-28/hour=19/target.parquet
[2025-07-31T11:51:28.763+0000] {drift_monitoring.py:291} WARNING - ⚠️ Missing file: predictions/date=2025-07-28/hour=19/prediction.parquet or targets/date=2025-07-28/hour=19/target.parquet → skipping
[2025-07-31T11:51:28.764+0000] {drift_monitoring.py:253} INFO - 📥 Downloading predictions/date=2025-07-28/hour=20/prediction.parquet and targets/date=2025-07-28/hour=20/target.parquet
[2025-07-31T11:51:28.777+0000] {drift_monitoring.py:291} WARNING - ⚠️ Missing file: predictions/date=2025-07-28/hour=20/prediction.parquet or targets/date=2025-07-28/hour=20/target.parquet → skipping
[2025-07-31T11:51:28.778+0000] {drift_monitoring.py:253} INFO - 📥 Downloading predictions/date=2025-07-28/hour=21/prediction.parquet and targets/date=2025-07-28/hour=21/target.parquet
[2025-07-31T11:51:28.790+0000] {drift_monitoring.py:291} WARNING - ⚠️ Missing file: predictions/date=2025-07-28/hour=21/prediction.parquet or targets/date=2025-07-28/hour=21/target.parquet → skipping
[2025-07-31T11:51:28.791+0000] {drift_monitoring.py:253} INFO - 📥 Downloading predictions/date=2025-07-28/hour=22/prediction.parquet and targets/date=2025-07-28/hour=22/target.parquet
[2025-07-31T11:51:28.803+0000] {drift_monitoring.py:291} WARNING - ⚠️ Missing file: predictions/date=2025-07-28/hour=22/prediction.parquet or targets/date=2025-07-28/hour=22/target.parquet → skipping
[2025-07-31T11:51:28.804+0000] {drift_monitoring.py:253} INFO - 📥 Downloading predictions/date=2025-07-28/hour=23/prediction.parquet and targets/date=2025-07-28/hour=23/target.parquet
[2025-07-31T11:51:28.815+0000] {drift_monitoring.py:291} WARNING - ⚠️ Missing file: predictions/date=2025-07-28/hour=23/prediction.parquet or targets/date=2025-07-28/hour=23/target.parquet → skipping
[2025-07-31T11:51:28.817+0000] {drift_monitoring.py:253} INFO - 📥 Downloading predictions/date=2025-07-29/hour=00/prediction.parquet and targets/date=2025-07-29/hour=00/target.parquet
[2025-07-31T11:51:28.830+0000] {drift_monitoring.py:291} WARNING - ⚠️ Missing file: predictions/date=2025-07-29/hour=00/prediction.parquet or targets/date=2025-07-29/hour=00/target.parquet → skipping
[2025-07-31T11:51:28.830+0000] {drift_monitoring.py:253} INFO - 📥 Downloading predictions/date=2025-07-29/hour=01/prediction.parquet and targets/date=2025-07-29/hour=01/target.parquet
[2025-07-31T11:51:28.843+0000] {drift_monitoring.py:291} WARNING - ⚠️ Missing file: predictions/date=2025-07-29/hour=01/prediction.parquet or targets/date=2025-07-29/hour=01/target.parquet → skipping
[2025-07-31T11:51:28.844+0000] {drift_monitoring.py:253} INFO - 📥 Downloading predictions/date=2025-07-29/hour=02/prediction.parquet and targets/date=2025-07-29/hour=02/target.parquet
[2025-07-31T11:51:28.873+0000] {drift_monitoring.py:291} WARNING - ⚠️ Missing file: predictions/date=2025-07-29/hour=02/prediction.parquet or targets/date=2025-07-29/hour=02/target.parquet → skipping
[2025-07-31T11:51:28.874+0000] {drift_monitoring.py:253} INFO - 📥 Downloading predictions/date=2025-07-29/hour=03/prediction.parquet and targets/date=2025-07-29/hour=03/target.parquet
[2025-07-31T11:51:28.887+0000] {drift_monitoring.py:291} WARNING - ⚠️ Missing file: predictions/date=2025-07-29/hour=03/prediction.parquet or targets/date=2025-07-29/hour=03/target.parquet → skipping
[2025-07-31T11:51:28.887+0000] {drift_monitoring.py:253} INFO - 📥 Downloading predictions/date=2025-07-29/hour=04/prediction.parquet and targets/date=2025-07-29/hour=04/target.parquet
[2025-07-31T11:51:28.904+0000] {drift_monitoring.py:291} WARNING - ⚠️ Missing file: predictions/date=2025-07-29/hour=04/prediction.parquet or targets/date=2025-07-29/hour=04/target.parquet → skipping
[2025-07-31T11:51:28.904+0000] {drift_monitoring.py:253} INFO - 📥 Downloading predictions/date=2025-07-29/hour=05/prediction.parquet and targets/date=2025-07-29/hour=05/target.parquet
[2025-07-31T11:51:28.921+0000] {drift_monitoring.py:291} WARNING - ⚠️ Missing file: predictions/date=2025-07-29/hour=05/prediction.parquet or targets/date=2025-07-29/hour=05/target.parquet → skipping
[2025-07-31T11:51:28.922+0000] {drift_monitoring.py:253} INFO - 📥 Downloading predictions/date=2025-07-29/hour=06/prediction.parquet and targets/date=2025-07-29/hour=06/target.parquet
[2025-07-31T11:51:28.937+0000] {drift_monitoring.py:291} WARNING - ⚠️ Missing file: predictions/date=2025-07-29/hour=06/prediction.parquet or targets/date=2025-07-29/hour=06/target.parquet → skipping
[2025-07-31T11:51:28.938+0000] {drift_monitoring.py:253} INFO - 📥 Downloading predictions/date=2025-07-29/hour=07/prediction.parquet and targets/date=2025-07-29/hour=07/target.parquet
[2025-07-31T11:51:28.953+0000] {drift_monitoring.py:291} WARNING - ⚠️ Missing file: predictions/date=2025-07-29/hour=07/prediction.parquet or targets/date=2025-07-29/hour=07/target.parquet → skipping
[2025-07-31T11:51:28.954+0000] {drift_monitoring.py:253} INFO - 📥 Downloading predictions/date=2025-07-29/hour=08/prediction.parquet and targets/date=2025-07-29/hour=08/target.parquet
[2025-07-31T11:51:28.969+0000] {drift_monitoring.py:291} WARNING - ⚠️ Missing file: predictions/date=2025-07-29/hour=08/prediction.parquet or targets/date=2025-07-29/hour=08/target.parquet → skipping
[2025-07-31T11:51:28.970+0000] {drift_monitoring.py:253} INFO - 📥 Downloading predictions/date=2025-07-29/hour=09/prediction.parquet and targets/date=2025-07-29/hour=09/target.parquet
[2025-07-31T11:51:28.983+0000] {drift_monitoring.py:291} WARNING - ⚠️ Missing file: predictions/date=2025-07-29/hour=09/prediction.parquet or targets/date=2025-07-29/hour=09/target.parquet → skipping
[2025-07-31T11:51:28.983+0000] {drift_monitoring.py:253} INFO - 📥 Downloading predictions/date=2025-07-29/hour=10/prediction.parquet and targets/date=2025-07-29/hour=10/target.parquet
[2025-07-31T11:51:28.996+0000] {drift_monitoring.py:291} WARNING - ⚠️ Missing file: predictions/date=2025-07-29/hour=10/prediction.parquet or targets/date=2025-07-29/hour=10/target.parquet → skipping
[2025-07-31T11:51:28.997+0000] {drift_monitoring.py:253} INFO - 📥 Downloading predictions/date=2025-07-29/hour=11/prediction.parquet and targets/date=2025-07-29/hour=11/target.parquet
[2025-07-31T11:51:29.009+0000] {drift_monitoring.py:291} WARNING - ⚠️ Missing file: predictions/date=2025-07-29/hour=11/prediction.parquet or targets/date=2025-07-29/hour=11/target.parquet → skipping
[2025-07-31T11:51:29.009+0000] {drift_monitoring.py:253} INFO - 📥 Downloading predictions/date=2025-07-29/hour=12/prediction.parquet and targets/date=2025-07-29/hour=12/target.parquet
[2025-07-31T11:51:29.022+0000] {drift_monitoring.py:291} WARNING - ⚠️ Missing file: predictions/date=2025-07-29/hour=12/prediction.parquet or targets/date=2025-07-29/hour=12/target.parquet → skipping
[2025-07-31T11:51:29.023+0000] {drift_monitoring.py:253} INFO - 📥 Downloading predictions/date=2025-07-29/hour=13/prediction.parquet and targets/date=2025-07-29/hour=13/target.parquet
[2025-07-31T11:51:29.035+0000] {drift_monitoring.py:291} WARNING - ⚠️ Missing file: predictions/date=2025-07-29/hour=13/prediction.parquet or targets/date=2025-07-29/hour=13/target.parquet → skipping
[2025-07-31T11:51:29.035+0000] {drift_monitoring.py:253} INFO - 📥 Downloading predictions/date=2025-07-29/hour=14/prediction.parquet and targets/date=2025-07-29/hour=14/target.parquet
[2025-07-31T11:51:29.049+0000] {drift_monitoring.py:291} WARNING - ⚠️ Missing file: predictions/date=2025-07-29/hour=14/prediction.parquet or targets/date=2025-07-29/hour=14/target.parquet → skipping
[2025-07-31T11:51:29.051+0000] {drift_monitoring.py:253} INFO - 📥 Downloading predictions/date=2025-07-29/hour=15/prediction.parquet and targets/date=2025-07-29/hour=15/target.parquet
[2025-07-31T11:51:29.096+0000] {drift_monitoring.py:291} WARNING - ⚠️ Missing file: predictions/date=2025-07-29/hour=15/prediction.parquet or targets/date=2025-07-29/hour=15/target.parquet → skipping
[2025-07-31T11:51:29.097+0000] {drift_monitoring.py:253} INFO - 📥 Downloading predictions/date=2025-07-29/hour=16/prediction.parquet and targets/date=2025-07-29/hour=16/target.parquet
[2025-07-31T11:51:29.108+0000] {drift_monitoring.py:291} WARNING - ⚠️ Missing file: predictions/date=2025-07-29/hour=16/prediction.parquet or targets/date=2025-07-29/hour=16/target.parquet → skipping
[2025-07-31T11:51:29.109+0000] {drift_monitoring.py:253} INFO - 📥 Downloading predictions/date=2025-07-29/hour=17/prediction.parquet and targets/date=2025-07-29/hour=17/target.parquet
[2025-07-31T11:51:29.121+0000] {drift_monitoring.py:291} WARNING - ⚠️ Missing file: predictions/date=2025-07-29/hour=17/prediction.parquet or targets/date=2025-07-29/hour=17/target.parquet → skipping
[2025-07-31T11:51:29.121+0000] {drift_monitoring.py:253} INFO - 📥 Downloading predictions/date=2025-07-29/hour=18/prediction.parquet and targets/date=2025-07-29/hour=18/target.parquet
[2025-07-31T11:51:29.135+0000] {drift_monitoring.py:291} WARNING - ⚠️ Missing file: predictions/date=2025-07-29/hour=18/prediction.parquet or targets/date=2025-07-29/hour=18/target.parquet → skipping
[2025-07-31T11:51:29.135+0000] {drift_monitoring.py:253} INFO - 📥 Downloading predictions/date=2025-07-29/hour=19/prediction.parquet and targets/date=2025-07-29/hour=19/target.parquet
[2025-07-31T11:51:29.149+0000] {drift_monitoring.py:291} WARNING - ⚠️ Missing file: predictions/date=2025-07-29/hour=19/prediction.parquet or targets/date=2025-07-29/hour=19/target.parquet → skipping
[2025-07-31T11:51:29.150+0000] {drift_monitoring.py:253} INFO - 📥 Downloading predictions/date=2025-07-29/hour=20/prediction.parquet and targets/date=2025-07-29/hour=20/target.parquet
[2025-07-31T11:51:29.164+0000] {drift_monitoring.py:291} WARNING - ⚠️ Missing file: predictions/date=2025-07-29/hour=20/prediction.parquet or targets/date=2025-07-29/hour=20/target.parquet → skipping
[2025-07-31T11:51:29.165+0000] {drift_monitoring.py:253} INFO - 📥 Downloading predictions/date=2025-07-29/hour=21/prediction.parquet and targets/date=2025-07-29/hour=21/target.parquet
[2025-07-31T11:51:29.178+0000] {drift_monitoring.py:291} WARNING - ⚠️ Missing file: predictions/date=2025-07-29/hour=21/prediction.parquet or targets/date=2025-07-29/hour=21/target.parquet → skipping
[2025-07-31T11:51:29.179+0000] {drift_monitoring.py:253} INFO - 📥 Downloading predictions/date=2025-07-29/hour=22/prediction.parquet and targets/date=2025-07-29/hour=22/target.parquet
[2025-07-31T11:51:29.192+0000] {drift_monitoring.py:291} WARNING - ⚠️ Missing file: predictions/date=2025-07-29/hour=22/prediction.parquet or targets/date=2025-07-29/hour=22/target.parquet → skipping
[2025-07-31T11:51:29.192+0000] {drift_monitoring.py:253} INFO - 📥 Downloading predictions/date=2025-07-29/hour=23/prediction.parquet and targets/date=2025-07-29/hour=23/target.parquet
[2025-07-31T11:51:29.206+0000] {drift_monitoring.py:291} WARNING - ⚠️ Missing file: predictions/date=2025-07-29/hour=23/prediction.parquet or targets/date=2025-07-29/hour=23/target.parquet → skipping
[2025-07-31T11:51:29.207+0000] {drift_monitoring.py:253} INFO - 📥 Downloading predictions/date=2025-07-30/hour=00/prediction.parquet and targets/date=2025-07-30/hour=00/target.parquet
[2025-07-31T11:51:29.219+0000] {drift_monitoring.py:291} WARNING - ⚠️ Missing file: predictions/date=2025-07-30/hour=00/prediction.parquet or targets/date=2025-07-30/hour=00/target.parquet → skipping
[2025-07-31T11:51:29.220+0000] {drift_monitoring.py:253} INFO - 📥 Downloading predictions/date=2025-07-30/hour=01/prediction.parquet and targets/date=2025-07-30/hour=01/target.parquet
[2025-07-31T11:51:29.233+0000] {drift_monitoring.py:291} WARNING - ⚠️ Missing file: predictions/date=2025-07-30/hour=01/prediction.parquet or targets/date=2025-07-30/hour=01/target.parquet → skipping
[2025-07-31T11:51:29.233+0000] {drift_monitoring.py:253} INFO - 📥 Downloading predictions/date=2025-07-30/hour=02/prediction.parquet and targets/date=2025-07-30/hour=02/target.parquet
[2025-07-31T11:51:29.246+0000] {drift_monitoring.py:291} WARNING - ⚠️ Missing file: predictions/date=2025-07-30/hour=02/prediction.parquet or targets/date=2025-07-30/hour=02/target.parquet → skipping
[2025-07-31T11:51:29.247+0000] {drift_monitoring.py:253} INFO - 📥 Downloading predictions/date=2025-07-30/hour=03/prediction.parquet and targets/date=2025-07-30/hour=03/target.parquet
[2025-07-31T11:51:29.259+0000] {drift_monitoring.py:291} WARNING - ⚠️ Missing file: predictions/date=2025-07-30/hour=03/prediction.parquet or targets/date=2025-07-30/hour=03/target.parquet → skipping
[2025-07-31T11:51:29.260+0000] {drift_monitoring.py:253} INFO - 📥 Downloading predictions/date=2025-07-30/hour=04/prediction.parquet and targets/date=2025-07-30/hour=04/target.parquet
[2025-07-31T11:51:29.273+0000] {drift_monitoring.py:291} WARNING - ⚠️ Missing file: predictions/date=2025-07-30/hour=04/prediction.parquet or targets/date=2025-07-30/hour=04/target.parquet → skipping
[2025-07-31T11:51:29.274+0000] {drift_monitoring.py:253} INFO - 📥 Downloading predictions/date=2025-07-30/hour=05/prediction.parquet and targets/date=2025-07-30/hour=05/target.parquet
[2025-07-31T11:51:29.285+0000] {drift_monitoring.py:291} WARNING - ⚠️ Missing file: predictions/date=2025-07-30/hour=05/prediction.parquet or targets/date=2025-07-30/hour=05/target.parquet → skipping
[2025-07-31T11:51:29.286+0000] {drift_monitoring.py:253} INFO - 📥 Downloading predictions/date=2025-07-30/hour=06/prediction.parquet and targets/date=2025-07-30/hour=06/target.parquet
[2025-07-31T11:51:29.299+0000] {drift_monitoring.py:291} WARNING - ⚠️ Missing file: predictions/date=2025-07-30/hour=06/prediction.parquet or targets/date=2025-07-30/hour=06/target.parquet → skipping
[2025-07-31T11:51:29.300+0000] {drift_monitoring.py:253} INFO - 📥 Downloading predictions/date=2025-07-30/hour=07/prediction.parquet and targets/date=2025-07-30/hour=07/target.parquet
[2025-07-31T11:51:29.311+0000] {drift_monitoring.py:291} WARNING - ⚠️ Missing file: predictions/date=2025-07-30/hour=07/prediction.parquet or targets/date=2025-07-30/hour=07/target.parquet → skipping
[2025-07-31T11:51:29.312+0000] {drift_monitoring.py:253} INFO - 📥 Downloading predictions/date=2025-07-30/hour=08/prediction.parquet and targets/date=2025-07-30/hour=08/target.parquet
[2025-07-31T11:51:29.325+0000] {drift_monitoring.py:291} WARNING - ⚠️ Missing file: predictions/date=2025-07-30/hour=08/prediction.parquet or targets/date=2025-07-30/hour=08/target.parquet → skipping
[2025-07-31T11:51:29.325+0000] {drift_monitoring.py:253} INFO - 📥 Downloading predictions/date=2025-07-30/hour=09/prediction.parquet and targets/date=2025-07-30/hour=09/target.parquet
[2025-07-31T11:51:29.338+0000] {drift_monitoring.py:291} WARNING - ⚠️ Missing file: predictions/date=2025-07-30/hour=09/prediction.parquet or targets/date=2025-07-30/hour=09/target.parquet → skipping
[2025-07-31T11:51:29.339+0000] {drift_monitoring.py:253} INFO - 📥 Downloading predictions/date=2025-07-30/hour=10/prediction.parquet and targets/date=2025-07-30/hour=10/target.parquet
[2025-07-31T11:51:29.352+0000] {drift_monitoring.py:291} WARNING - ⚠️ Missing file: predictions/date=2025-07-30/hour=10/prediction.parquet or targets/date=2025-07-30/hour=10/target.parquet → skipping
[2025-07-31T11:51:29.353+0000] {drift_monitoring.py:253} INFO - 📥 Downloading predictions/date=2025-07-30/hour=11/prediction.parquet and targets/date=2025-07-30/hour=11/target.parquet
[2025-07-31T11:51:29.366+0000] {drift_monitoring.py:291} WARNING - ⚠️ Missing file: predictions/date=2025-07-30/hour=11/prediction.parquet or targets/date=2025-07-30/hour=11/target.parquet → skipping
[2025-07-31T11:51:29.367+0000] {drift_monitoring.py:253} INFO - 📥 Downloading predictions/date=2025-07-30/hour=12/prediction.parquet and targets/date=2025-07-30/hour=12/target.parquet
[2025-07-31T11:51:29.380+0000] {drift_monitoring.py:291} WARNING - ⚠️ Missing file: predictions/date=2025-07-30/hour=12/prediction.parquet or targets/date=2025-07-30/hour=12/target.parquet → skipping
[2025-07-31T11:51:29.381+0000] {drift_monitoring.py:253} INFO - 📥 Downloading predictions/date=2025-07-30/hour=13/prediction.parquet and targets/date=2025-07-30/hour=13/target.parquet
[2025-07-31T11:51:29.393+0000] {drift_monitoring.py:291} WARNING - ⚠️ Missing file: predictions/date=2025-07-30/hour=13/prediction.parquet or targets/date=2025-07-30/hour=13/target.parquet → skipping
[2025-07-31T11:51:29.394+0000] {drift_monitoring.py:253} INFO - 📥 Downloading predictions/date=2025-07-30/hour=14/prediction.parquet and targets/date=2025-07-30/hour=14/target.parquet
[2025-07-31T11:51:29.409+0000] {drift_monitoring.py:291} WARNING - ⚠️ Missing file: predictions/date=2025-07-30/hour=14/prediction.parquet or targets/date=2025-07-30/hour=14/target.parquet → skipping
[2025-07-31T11:51:29.410+0000] {drift_monitoring.py:253} INFO - 📥 Downloading predictions/date=2025-07-30/hour=15/prediction.parquet and targets/date=2025-07-30/hour=15/target.parquet
[2025-07-31T11:51:29.423+0000] {drift_monitoring.py:291} WARNING - ⚠️ Missing file: predictions/date=2025-07-30/hour=15/prediction.parquet or targets/date=2025-07-30/hour=15/target.parquet → skipping
[2025-07-31T11:51:29.424+0000] {drift_monitoring.py:253} INFO - 📥 Downloading predictions/date=2025-07-30/hour=16/prediction.parquet and targets/date=2025-07-30/hour=16/target.parquet
[2025-07-31T11:51:29.438+0000] {drift_monitoring.py:291} WARNING - ⚠️ Missing file: predictions/date=2025-07-30/hour=16/prediction.parquet or targets/date=2025-07-30/hour=16/target.parquet → skipping
[2025-07-31T11:51:29.438+0000] {drift_monitoring.py:253} INFO - 📥 Downloading predictions/date=2025-07-30/hour=17/prediction.parquet and targets/date=2025-07-30/hour=17/target.parquet
[2025-07-31T11:51:29.451+0000] {drift_monitoring.py:291} WARNING - ⚠️ Missing file: predictions/date=2025-07-30/hour=17/prediction.parquet or targets/date=2025-07-30/hour=17/target.parquet → skipping
[2025-07-31T11:51:29.452+0000] {drift_monitoring.py:253} INFO - 📥 Downloading predictions/date=2025-07-30/hour=18/prediction.parquet and targets/date=2025-07-30/hour=18/target.parquet
[2025-07-31T11:51:29.467+0000] {drift_monitoring.py:291} WARNING - ⚠️ Missing file: predictions/date=2025-07-30/hour=18/prediction.parquet or targets/date=2025-07-30/hour=18/target.parquet → skipping
[2025-07-31T11:51:29.468+0000] {drift_monitoring.py:253} INFO - 📥 Downloading predictions/date=2025-07-30/hour=19/prediction.parquet and targets/date=2025-07-30/hour=19/target.parquet
[2025-07-31T11:51:29.480+0000] {drift_monitoring.py:291} WARNING - ⚠️ Missing file: predictions/date=2025-07-30/hour=19/prediction.parquet or targets/date=2025-07-30/hour=19/target.parquet → skipping
[2025-07-31T11:51:29.481+0000] {drift_monitoring.py:253} INFO - 📥 Downloading predictions/date=2025-07-30/hour=20/prediction.parquet and targets/date=2025-07-30/hour=20/target.parquet
[2025-07-31T11:51:29.494+0000] {drift_monitoring.py:291} WARNING - ⚠️ Missing file: predictions/date=2025-07-30/hour=20/prediction.parquet or targets/date=2025-07-30/hour=20/target.parquet → skipping
[2025-07-31T11:51:29.494+0000] {drift_monitoring.py:253} INFO - 📥 Downloading predictions/date=2025-07-30/hour=21/prediction.parquet and targets/date=2025-07-30/hour=21/target.parquet
[2025-07-31T11:51:29.506+0000] {drift_monitoring.py:291} WARNING - ⚠️ Missing file: predictions/date=2025-07-30/hour=21/prediction.parquet or targets/date=2025-07-30/hour=21/target.parquet → skipping
[2025-07-31T11:51:29.507+0000] {drift_monitoring.py:253} INFO - 📥 Downloading predictions/date=2025-07-30/hour=22/prediction.parquet and targets/date=2025-07-30/hour=22/target.parquet
[2025-07-31T11:51:29.520+0000] {drift_monitoring.py:291} WARNING - ⚠️ Missing file: predictions/date=2025-07-30/hour=22/prediction.parquet or targets/date=2025-07-30/hour=22/target.parquet → skipping
[2025-07-31T11:51:29.521+0000] {drift_monitoring.py:253} INFO - 📥 Downloading predictions/date=2025-07-30/hour=23/prediction.parquet and targets/date=2025-07-30/hour=23/target.parquet
[2025-07-31T11:51:29.532+0000] {drift_monitoring.py:291} WARNING - ⚠️ Missing file: predictions/date=2025-07-30/hour=23/prediction.parquet or targets/date=2025-07-30/hour=23/target.parquet → skipping
[2025-07-31T11:51:29.533+0000] {drift_monitoring.py:253} INFO - 📥 Downloading predictions/date=2025-07-31/hour=00/prediction.parquet and targets/date=2025-07-31/hour=00/target.parquet
[2025-07-31T11:51:29.546+0000] {drift_monitoring.py:291} WARNING - ⚠️ Missing file: predictions/date=2025-07-31/hour=00/prediction.parquet or targets/date=2025-07-31/hour=00/target.parquet → skipping
[2025-07-31T11:51:29.547+0000] {drift_monitoring.py:253} INFO - 📥 Downloading predictions/date=2025-07-31/hour=01/prediction.parquet and targets/date=2025-07-31/hour=01/target.parquet
[2025-07-31T11:51:29.559+0000] {drift_monitoring.py:291} WARNING - ⚠️ Missing file: predictions/date=2025-07-31/hour=01/prediction.parquet or targets/date=2025-07-31/hour=01/target.parquet → skipping
[2025-07-31T11:51:29.560+0000] {drift_monitoring.py:253} INFO - 📥 Downloading predictions/date=2025-07-31/hour=02/prediction.parquet and targets/date=2025-07-31/hour=02/target.parquet
[2025-07-31T11:51:29.572+0000] {drift_monitoring.py:291} WARNING - ⚠️ Missing file: predictions/date=2025-07-31/hour=02/prediction.parquet or targets/date=2025-07-31/hour=02/target.parquet → skipping
[2025-07-31T11:51:29.573+0000] {drift_monitoring.py:253} INFO - 📥 Downloading predictions/date=2025-07-31/hour=03/prediction.parquet and targets/date=2025-07-31/hour=03/target.parquet
[2025-07-31T11:51:29.587+0000] {drift_monitoring.py:291} WARNING - ⚠️ Missing file: predictions/date=2025-07-31/hour=03/prediction.parquet or targets/date=2025-07-31/hour=03/target.parquet → skipping
[2025-07-31T11:51:29.589+0000] {drift_monitoring.py:253} INFO - 📥 Downloading predictions/date=2025-07-31/hour=04/prediction.parquet and targets/date=2025-07-31/hour=04/target.parquet
[2025-07-31T11:51:29.603+0000] {drift_monitoring.py:291} WARNING - ⚠️ Missing file: predictions/date=2025-07-31/hour=04/prediction.parquet or targets/date=2025-07-31/hour=04/target.parquet → skipping
[2025-07-31T11:51:29.603+0000] {drift_monitoring.py:253} INFO - 📥 Downloading predictions/date=2025-07-31/hour=05/prediction.parquet and targets/date=2025-07-31/hour=05/target.parquet
[2025-07-31T11:51:29.617+0000] {drift_monitoring.py:291} WARNING - ⚠️ Missing file: predictions/date=2025-07-31/hour=05/prediction.parquet or targets/date=2025-07-31/hour=05/target.parquet → skipping
[2025-07-31T11:51:29.617+0000] {drift_monitoring.py:253} INFO - 📥 Downloading predictions/date=2025-07-31/hour=06/prediction.parquet and targets/date=2025-07-31/hour=06/target.parquet
[2025-07-31T11:51:29.631+0000] {drift_monitoring.py:291} WARNING - ⚠️ Missing file: predictions/date=2025-07-31/hour=06/prediction.parquet or targets/date=2025-07-31/hour=06/target.parquet → skipping
[2025-07-31T11:51:29.632+0000] {drift_monitoring.py:253} INFO - 📥 Downloading predictions/date=2025-07-31/hour=07/prediction.parquet and targets/date=2025-07-31/hour=07/target.parquet
[2025-07-31T11:51:29.645+0000] {drift_monitoring.py:291} WARNING - ⚠️ Missing file: predictions/date=2025-07-31/hour=07/prediction.parquet or targets/date=2025-07-31/hour=07/target.parquet → skipping
[2025-07-31T11:51:29.646+0000] {drift_monitoring.py:253} INFO - 📥 Downloading predictions/date=2025-07-31/hour=08/prediction.parquet and targets/date=2025-07-31/hour=08/target.parquet
[2025-07-31T11:51:29.761+0000] {drift_monitoring.py:280} INFO - ✅ MAE for 2025-07-31 08 = 0.0336
[2025-07-31T11:51:29.768+0000] {drift_monitoring.py:253} INFO - 📥 Downloading predictions/date=2025-07-31/hour=09/prediction.parquet and targets/date=2025-07-31/hour=09/target.parquet
[2025-07-31T11:51:29.777+0000] {drift_monitoring.py:291} WARNING - ⚠️ Missing file: predictions/date=2025-07-31/hour=09/prediction.parquet or targets/date=2025-07-31/hour=09/target.parquet → skipping
[2025-07-31T11:51:29.778+0000] {drift_monitoring.py:253} INFO - 📥 Downloading predictions/date=2025-07-31/hour=10/prediction.parquet and targets/date=2025-07-31/hour=10/target.parquet
[2025-07-31T11:51:29.790+0000] {drift_monitoring.py:291} WARNING - ⚠️ Missing file: predictions/date=2025-07-31/hour=10/prediction.parquet or targets/date=2025-07-31/hour=10/target.parquet → skipping
[2025-07-31T11:51:29.791+0000] {drift_monitoring.py:305} INFO - 📊 Average MAE over 1 hours: 0.0336 | Threshold: 0.0500
[2025-07-31T11:51:29.796+0000] {drift_monitoring.py:90} WARNING - ⚠️ Not enough data to split for Evidently report, using entire dataset for both
[2025-07-31T11:51:29.818+0000] {logging_mixin.py:188} WARNING - /home/***/.local/lib/python3.12/site-packages/scipy/stats/_stats_py.py:10729 RuntimeWarning: invalid value encountered in scalar divide
[2025-07-31T11:51:29.819+0000] {logging_mixin.py:188} WARNING - /home/***/.local/lib/python3.12/site-packages/scipy/stats/_stats_py.py:10743 RuntimeWarning: invalid value encountered in sqrt
[2025-07-31T11:51:29.821+0000] {logging_mixin.py:188} WARNING - /home/***/.local/lib/python3.12/site-packages/scipy/stats/_stats_py.py:10749 RuntimeWarning: invalid value encountered in scalar divide
[2025-07-31T11:51:29.829+0000] {logging_mixin.py:188} WARNING - /home/***/.local/lib/python3.12/site-packages/scipy/stats/_stats_py.py:10729 RuntimeWarning: invalid value encountered in scalar divide
[2025-07-31T11:51:29.830+0000] {logging_mixin.py:188} WARNING - /home/***/.local/lib/python3.12/site-packages/scipy/stats/_stats_py.py:10743 RuntimeWarning: invalid value encountered in sqrt
[2025-07-31T11:51:29.831+0000] {logging_mixin.py:188} WARNING - /home/***/.local/lib/python3.12/site-packages/scipy/stats/_stats_py.py:10749 RuntimeWarning: invalid value encountered in scalar divide
[2025-07-31T11:51:29.835+0000] {logging_mixin.py:188} WARNING - /home/***/.local/lib/python3.12/site-packages/sklearn/metrics/_regression.py:1211 UndefinedMetricWarning: R^2 score is not well-defined with less than two samples.
[2025-07-31T11:51:29.837+0000] {logging_mixin.py:188} WARNING - /home/***/.local/lib/python3.12/site-packages/sklearn/metrics/_regression.py:492 FutureWarning: 'squared' is deprecated in version 1.4 and will be removed in 1.6. To calculate the root mean squared error, use the function'root_mean_squared_error'.
[2025-07-31T11:51:29.840+0000] {logging_mixin.py:188} WARNING - /home/***/.local/lib/python3.12/site-packages/sklearn/metrics/_regression.py:492 FutureWarning: 'squared' is deprecated in version 1.4 and will be removed in 1.6. To calculate the root mean squared error, use the function'root_mean_squared_error'.
[2025-07-31T11:51:29.842+0000] {logging_mixin.py:188} WARNING - /home/***/.local/lib/python3.12/site-packages/sklearn/metrics/_regression.py:492 FutureWarning: 'squared' is deprecated in version 1.4 and will be removed in 1.6. To calculate the root mean squared error, use the function'root_mean_squared_error'.
[2025-07-31T11:51:29.846+0000] {logging_mixin.py:188} WARNING - /home/***/.local/lib/python3.12/site-packages/sklearn/metrics/_regression.py:1211 UndefinedMetricWarning: R^2 score is not well-defined with less than two samples.
[2025-07-31T11:51:29.860+0000] {logging_mixin.py:188} WARNING - /home/***/.local/lib/python3.12/site-packages/sklearn/metrics/_regression.py:1211 UndefinedMetricWarning: R^2 score is not well-defined with less than two samples.
[2025-07-31T11:51:29.865+0000] {logging_mixin.py:188} WARNING - /home/***/.local/lib/python3.12/site-packages/sklearn/metrics/_regression.py:1211 UndefinedMetricWarning: R^2 score is not well-defined with less than two samples.
[2025-07-31T11:51:29.869+0000] {logging_mixin.py:188} WARNING - /home/***/.local/lib/python3.12/site-packages/sklearn/metrics/_regression.py:492 FutureWarning: 'squared' is deprecated in version 1.4 and will be removed in 1.6. To calculate the root mean squared error, use the function'root_mean_squared_error'.
[2025-07-31T11:51:29.873+0000] {logging_mixin.py:188} WARNING - /home/***/.local/lib/python3.12/site-packages/sklearn/metrics/_regression.py:492 FutureWarning: 'squared' is deprecated in version 1.4 and will be removed in 1.6. To calculate the root mean squared error, use the function'root_mean_squared_error'.
[2025-07-31T11:51:29.937+0000] {logging_mixin.py:188} WARNING - /home/***/.local/lib/python3.12/site-packages/scipy/stats/_stats_py.py:10729 RuntimeWarning: invalid value encountered in scalar divide
[2025-07-31T11:51:29.939+0000] {logging_mixin.py:188} WARNING - /home/***/.local/lib/python3.12/site-packages/scipy/stats/_stats_py.py:10743 RuntimeWarning: invalid value encountered in sqrt
[2025-07-31T11:51:29.940+0000] {logging_mixin.py:188} WARNING - /home/***/.local/lib/python3.12/site-packages/scipy/stats/_stats_py.py:10749 RuntimeWarning: invalid value encountered in scalar divide
[2025-07-31T11:51:29.949+0000] {logging_mixin.py:188} WARNING - /home/***/.local/lib/python3.12/site-packages/scipy/stats/_stats_py.py:10729 RuntimeWarning: invalid value encountered in scalar divide
[2025-07-31T11:51:29.950+0000] {logging_mixin.py:188} WARNING - /home/***/.local/lib/python3.12/site-packages/scipy/stats/_stats_py.py:10743 RuntimeWarning: invalid value encountered in sqrt
[2025-07-31T11:51:29.952+0000] {logging_mixin.py:188} WARNING - /home/***/.local/lib/python3.12/site-packages/scipy/stats/_stats_py.py:10749 RuntimeWarning: invalid value encountered in scalar divide
[2025-07-31T11:51:29.982+0000] {logging_mixin.py:188} WARNING - /home/***/.local/lib/python3.12/site-packages/numpy/lib/_function_base_impl.py:557 RuntimeWarning: Mean of empty slice.
[2025-07-31T11:51:29.983+0000] {logging_mixin.py:188} WARNING - /home/***/.local/lib/python3.12/site-packages/numpy/_core/_methods.py:130 RuntimeWarning: invalid value encountered in divide
[2025-07-31T11:51:29.985+0000] {logging_mixin.py:188} WARNING - /home/***/.local/lib/python3.12/site-packages/numpy/lib/_function_base_impl.py:2914 RuntimeWarning: Degrees of freedom <= 0 for slice
[2025-07-31T11:51:29.986+0000] {logging_mixin.py:188} WARNING - /home/***/.local/lib/python3.12/site-packages/numpy/lib/_function_base_impl.py:2773 RuntimeWarning: divide by zero encountered in divide
[2025-07-31T11:51:29.988+0000] {logging_mixin.py:188} WARNING - /home/***/.local/lib/python3.12/site-packages/numpy/lib/_function_base_impl.py:2773 RuntimeWarning: invalid value encountered in multiply
[2025-07-31T11:51:29.991+0000] {logging_mixin.py:188} WARNING - /home/***/.local/lib/python3.12/site-packages/numpy/lib/_function_base_impl.py:557 RuntimeWarning: Mean of empty slice.
[2025-07-31T11:51:29.993+0000] {logging_mixin.py:188} WARNING - /home/***/.local/lib/python3.12/site-packages/numpy/_core/_methods.py:130 RuntimeWarning: invalid value encountered in divide
[2025-07-31T11:51:29.994+0000] {logging_mixin.py:188} WARNING - /home/***/.local/lib/python3.12/site-packages/numpy/lib/_function_base_impl.py:2914 RuntimeWarning: Degrees of freedom <= 0 for slice
[2025-07-31T11:51:29.996+0000] {logging_mixin.py:188} WARNING - /home/***/.local/lib/python3.12/site-packages/numpy/lib/_function_base_impl.py:2773 RuntimeWarning: divide by zero encountered in divide
[2025-07-31T11:51:29.997+0000] {logging_mixin.py:188} WARNING - /home/***/.local/lib/python3.12/site-packages/numpy/lib/_function_base_impl.py:2773 RuntimeWarning: invalid value encountered in multiply
[2025-07-31T11:51:30.004+0000] {logging_mixin.py:188} WARNING - /home/***/.local/lib/python3.12/site-packages/numpy/lib/_function_base_impl.py:557 RuntimeWarning: Mean of empty slice.
[2025-07-31T11:51:30.007+0000] {logging_mixin.py:188} WARNING - /home/***/.local/lib/python3.12/site-packages/numpy/_core/_methods.py:130 RuntimeWarning: invalid value encountered in divide
[2025-07-31T11:51:30.008+0000] {logging_mixin.py:188} WARNING - /home/***/.local/lib/python3.12/site-packages/numpy/lib/_function_base_impl.py:2914 RuntimeWarning: Degrees of freedom <= 0 for slice
[2025-07-31T11:51:30.010+0000] {logging_mixin.py:188} WARNING - /home/***/.local/lib/python3.12/site-packages/numpy/lib/_function_base_impl.py:2773 RuntimeWarning: divide by zero encountered in divide
[2025-07-31T11:51:30.011+0000] {logging_mixin.py:188} WARNING - /home/***/.local/lib/python3.12/site-packages/numpy/lib/_function_base_impl.py:2773 RuntimeWarning: invalid value encountered in multiply
[2025-07-31T11:51:30.015+0000] {logging_mixin.py:188} WARNING - /home/***/.local/lib/python3.12/site-packages/numpy/lib/_function_base_impl.py:557 RuntimeWarning: Mean of empty slice.
[2025-07-31T11:51:30.017+0000] {logging_mixin.py:188} WARNING - /home/***/.local/lib/python3.12/site-packages/numpy/_core/_methods.py:130 RuntimeWarning: invalid value encountered in divide
[2025-07-31T11:51:30.019+0000] {logging_mixin.py:188} WARNING - /home/***/.local/lib/python3.12/site-packages/numpy/lib/_function_base_impl.py:2914 RuntimeWarning: Degrees of freedom <= 0 for slice
[2025-07-31T11:51:30.020+0000] {logging_mixin.py:188} WARNING - /home/***/.local/lib/python3.12/site-packages/numpy/lib/_function_base_impl.py:2773 RuntimeWarning: divide by zero encountered in divide
[2025-07-31T11:51:30.022+0000] {logging_mixin.py:188} WARNING - /home/***/.local/lib/python3.12/site-packages/numpy/lib/_function_base_impl.py:2773 RuntimeWarning: invalid value encountered in multiply
[2025-07-31T11:51:30.519+0000] {drift_monitoring.py:96} INFO - ✅ Evidently report generated at: /opt/***/dags/reports/report_20250731_115129.html
[2025-07-31T11:51:30.520+0000] {drift_monitoring.py:331} INFO - ✅ No drift detected. Training will not be triggered.
[2025-07-31T11:51:30.520+0000] {python.py:237} INFO - Done. Returned value was: None
[2025-07-31T11:51:30.521+0000] {taskinstance.py:441} INFO - ::group::Post task execution logs
[2025-07-31T11:51:30.533+0000] {taskinstance.py:1205} INFO - Marking task as SUCCESS. dag_id=drift_monitoring, task_id=check_drift_and_report, execution_date=20250731T100000, start_date=20250731T115126, end_date=20250731T115130
[2025-07-31T11:51:30.589+0000] {local_task_job_runner.py:240} INFO - Task exited with return code 0
[2025-07-31T11:51:30.606+0000] {taskinstance.py:3482} INFO - 0 downstream tasks scheduled from follow-on schedule check
[2025-07-31T11:51:30.609+0000] {local_task_job_runner.py:222} INFO - ::endgroup::
