[2025-07-31T12:34:14.145+0000] {local_task_job_runner.py:120} INFO - ::group::Pre task execution logs
[2025-07-31T12:34:14.187+0000] {taskinstance.py:2073} INFO - Dependencies all met for dep_context=non-requeueable deps ti=<TaskInstance: training_pipeline.process_data triggered_by_drift_20250731_123357 [queued]>
[2025-07-31T12:34:14.197+0000] {taskinstance.py:2073} INFO - Dependencies all met for dep_context=requeueable deps ti=<TaskInstance: training_pipeline.process_data triggered_by_drift_20250731_123357 [queued]>
[2025-07-31T12:34:14.231+0000] {taskinstance.py:2303} INFO - Starting attempt 1 of 4
[2025-07-31T12:34:14.248+0000] {taskinstance.py:2327} INFO - Executing <Task(PythonOperator): process_data> on 2025-07-31 12:33:57+00:00
[2025-07-31T12:34:14.265+0000] {standard_task_runner.py:90} INFO - Running: ['***', 'tasks', 'run', 'training_pipeline', 'process_data', 'triggered_by_drift_20250731_123357', '--job-id', '153', '--raw', '--subdir', 'DAGS_FOLDER/training_pipeline.py', '--cfg-path', '/tmp/tmp2ygzywz8']
[2025-07-31T12:34:14.268+0000] {standard_task_runner.py:91} INFO - Job 153: Subtask process_data
[2025-07-31T12:34:14.269+0000] {logging_mixin.py:188} WARNING - /home/***/.local/lib/python3.12/site-packages/***/task/task_runner/standard_task_runner.py:61 DeprecationWarning: This process (pid=11542) is multi-threaded, use of fork() may lead to deadlocks in the child.
[2025-07-31T12:34:14.270+0000] {standard_task_runner.py:63} INFO - Started process 11560 to run task
[2025-07-31T12:34:14.286+0000] {logging_mixin.py:188} WARNING - /home/***/.local/lib/python3.12/site-packages/***/settings.py:195 DeprecationWarning: The sql_alchemy_conn option in [core] has been moved to the sql_alchemy_conn option in [database] - the old setting has been used, but please update your config.
[2025-07-31T12:34:14.328+0000] {task_command.py:426} INFO - Running <TaskInstance: training_pipeline.process_data triggered_by_drift_20250731_123357 [running]> on host 44c57df83f33
[2025-07-31T12:34:14.459+0000] {taskinstance.py:2644} INFO - Exporting env vars: AIRFLOW_CTX_DAG_EMAIL='mlops_team@example.com' AIRFLOW_CTX_DAG_OWNER='mlops' AIRFLOW_CTX_DAG_ID='training_pipeline' AIRFLOW_CTX_TASK_ID='process_data' AIRFLOW_CTX_EXECUTION_DATE='2025-07-31T12:33:57+00:00' AIRFLOW_CTX_TRY_NUMBER='1' AIRFLOW_CTX_DAG_RUN_ID='triggered_by_drift_20250731_123357'
[2025-07-31T12:34:14.460+0000] {taskinstance.py:430} INFO - ::endgroup::
[2025-07-31T12:34:14.584+0000] {data_processing.py:41} INFO - Loaded 11559 records from S3: data/historical_BTC_USD_20250328080000.csv
[2025-07-31T12:34:14.624+0000] {data_processing.py:41} INFO - Loaded 8669 records from S3: data/historical_BTC_USD_20250730010000.csv
[2025-07-31T12:34:14.655+0000] {data_processing.py:41} INFO - Loaded 8669 records from S3: data/historical_BTC_USD_20250731070000.csv
[2025-07-31T12:34:14.682+0000] {data_processing.py:41} INFO - Loaded 8669 records from S3: data/historical_BTC_USD_20250731080000.csv
[2025-07-31T12:34:14.698+0000] {data_processing.py:41} INFO - Loaded 288 records from S3: data/historical_BTC_USD_20250731082219.csv
[2025-07-31T12:34:14.724+0000] {data_processing.py:41} INFO - Loaded 8640 records from S3: data/historical_BTC_USD_20250731083257.csv
[2025-07-31T12:34:14.780+0000] {data_processing.py:41} INFO - Loaded 8669 records from S3: data/historical_BTC_USD_20250731090000.csv
[2025-07-31T12:34:14.842+0000] {data_processing.py:41} INFO - Loaded 8669 records from S3: data/historical_BTC_USD_20250731100000.csv
[2025-07-31T12:34:14.878+0000] {data_processing.py:41} INFO - Loaded 8669 records from S3: data/historical_BTC_USD_20250731110000.csv
[2025-07-31T12:34:14.918+0000] {data_processing.py:41} INFO - Loaded 8640 records from S3: data/historical_BTC_USD_20250731123305.csv
[2025-07-31T12:34:14.933+0000] {data_processing.py:41} INFO - Loaded 288 records from S3: data/historical_BTC_USD_20250731123409.csv
[2025-07-31T12:34:14.951+0000] {data_processing.py:84} INFO - Combined 20588 records for BTC-USD
[2025-07-31T12:34:15.216+0000] {data_processing.py:168} INFO - Removed 50 rows with NaN values. Final shape: (20538, 84)
[2025-07-31T12:34:15.231+0000] {logging_mixin.py:188} WARNING - /opt/***/src/data_processing.py:238 FutureWarning: DataFrame.fillna with 'method' is deprecated and will raise in a future version. Use obj.ffill() or obj.bfill() instead.
[2025-07-31T12:34:15.341+0000] {logging_mixin.py:188} WARNING - /opt/***/src/data_processing.py:187 FutureWarning: DataFrame.fillna with 'method' is deprecated and will raise in a future version. Use obj.ffill() or obj.bfill() instead.
[2025-07-31T12:34:15.366+0000] {data_processing.py:189} INFO - Prepared features: (20538, 80), Target: (20538,)
[2025-07-31T12:34:15.367+0000] {data_processing.py:190} INFO - Feature columns: 80
[2025-07-31T12:34:15.449+0000] {data_processing.py:211} INFO - Saved preprocessor to S3: s3://crypto-mlops-bucket/models/preprocessors/scaler_BTC_USD.pickle
[2025-07-31T12:34:15.454+0000] {python.py:237} INFO - Done. Returned value was: None
[2025-07-31T12:34:15.455+0000] {taskinstance.py:441} INFO - ::group::Post task execution logs
[2025-07-31T12:34:15.469+0000] {taskinstance.py:1205} INFO - Marking task as SUCCESS. dag_id=training_pipeline, task_id=process_data, execution_date=20250731T123357, start_date=20250731T123414, end_date=20250731T123415
[2025-07-31T12:34:15.511+0000] {local_task_job_runner.py:240} INFO - Task exited with return code 0
[2025-07-31T12:34:15.549+0000] {taskinstance.py:3482} INFO - 1 downstream tasks scheduled from follow-on schedule check
[2025-07-31T12:34:15.585+0000] {local_task_job_runner.py:222} INFO - ::endgroup::
