[2025-07-27T22:19:42.983+0000] {local_task_job_runner.py:120} INFO - ::group::Pre task execution logs
[2025-07-27T22:19:43.019+0000] {taskinstance.py:2073} INFO - Dependencies all met for dep_context=non-requeueable deps ti=<TaskInstance: training_pipeline.train_model manual__2025-07-27T22:19:28.623729+00:00 [queued]>
[2025-07-27T22:19:43.029+0000] {taskinstance.py:2073} INFO - Dependencies all met for dep_context=requeueable deps ti=<TaskInstance: training_pipeline.train_model manual__2025-07-27T22:19:28.623729+00:00 [queued]>
[2025-07-27T22:19:43.031+0000] {taskinstance.py:2303} INFO - Starting attempt 1 of 4
[2025-07-27T22:19:43.045+0000] {taskinstance.py:2327} INFO - Executing <Task(PythonOperator): train_model> on 2025-07-27 22:19:28.623729+00:00
[2025-07-27T22:19:43.062+0000] {logging_mixin.py:188} WARNING - /home/***/.local/lib/python3.12/site-packages/***/task/task_runner/standard_task_runner.py:61 DeprecationWarning: This process (pid=432) is multi-threaded, use of fork() may lead to deadlocks in the child.
[2025-07-27T22:19:43.061+0000] {standard_task_runner.py:90} INFO - Running: ['***', 'tasks', 'run', 'training_pipeline', 'train_model', 'manual__2025-07-27T22:19:28.623729+00:00', '--job-id', '5', '--raw', '--subdir', 'DAGS_FOLDER/training_pipeline.py', '--cfg-path', '/tmp/tmpeaf8yvi9']
[2025-07-27T22:19:43.064+0000] {standard_task_runner.py:63} INFO - Started process 449 to run task
[2025-07-27T22:19:43.064+0000] {standard_task_runner.py:91} INFO - Job 5: Subtask train_model
[2025-07-27T22:19:43.079+0000] {logging_mixin.py:188} WARNING - /home/***/.local/lib/python3.12/site-packages/***/settings.py:195 DeprecationWarning: The sql_alchemy_conn option in [core] has been moved to the sql_alchemy_conn option in [database] - the old setting has been used, but please update your config.
[2025-07-27T22:19:43.118+0000] {task_command.py:426} INFO - Running <TaskInstance: training_pipeline.train_model manual__2025-07-27T22:19:28.623729+00:00 [running]> on host 032d4e4c6301
[2025-07-27T22:19:43.209+0000] {taskinstance.py:2644} INFO - Exporting env vars: AIRFLOW_CTX_DAG_EMAIL='mlops_team@example.com' AIRFLOW_CTX_DAG_OWNER='mlops' AIRFLOW_CTX_DAG_ID='training_pipeline' AIRFLOW_CTX_TASK_ID='train_model' AIRFLOW_CTX_EXECUTION_DATE='2025-07-27T22:19:28.623729+00:00' AIRFLOW_CTX_TRY_NUMBER='1' AIRFLOW_CTX_DAG_RUN_ID='manual__2025-07-27T22:19:28.623729+00:00'
[2025-07-27T22:19:43.210+0000] {taskinstance.py:430} INFO - ::endgroup::
[2025-07-27T22:19:43.278+0000] {data_processing.py:40} INFO - Loaded 288 records from S3: data/historical_BTC_USD_20250727221936.csv
[2025-07-27T22:19:43.282+0000] {data_processing.py:84} INFO - Combined 288 records for BTC-USD
[2025-07-27T22:19:43.336+0000] {data_processing.py:162} INFO - Removed 50 rows with NaN values. Final shape: (238, 84)
[2025-07-27T22:19:43.340+0000] {logging_mixin.py:188} WARNING - /opt/***/src/data_processing.py:230 FutureWarning: DataFrame.fillna with 'method' is deprecated and will raise in a future version. Use obj.ffill() or obj.bfill() instead.
[2025-07-27T22:19:43.344+0000] {logging_mixin.py:188} WARNING - /opt/***/src/data_processing.py:177 FutureWarning: DataFrame.fillna with 'method' is deprecated and will raise in a future version. Use obj.ffill() or obj.bfill() instead.
[2025-07-27T22:19:43.345+0000] {data_processing.py:179} INFO - Prepared features: (238, 80), Target: (238,)
[2025-07-27T22:19:43.345+0000] {data_processing.py:180} INFO - Feature columns: 80
[2025-07-27T22:19:43.365+0000] {data_processing.py:202} INFO - Saved preprocessor to S3: s3://crypto-mlops-bucket/models/preprocessors/scaler_BTC_USD.pickle
[2025-07-27T22:19:43.437+0000] {logging_mixin.py:188} WARNING - 2025/07/27 22:19:43 WARNING mlflow.utils.git_utils: Failed to import Git (the Git executable is probably not on your PATH), so Git SHA is not available. Error: Failed to initialize: Bad git executable.
The git executable must be specified in one of the following ways:
    - be included in your $PATH
    - be set via $GIT_PYTHON_GIT_EXECUTABLE
    - explicitly set via git.refresh(<full-path-to-git-executable>)

All git commands will error until this is rectified.

This initial message can be silenced or aggravated in the future by setting the
$GIT_PYTHON_REFRESH environment variable. Use one of the following values:
    - quiet|q|silence|s|silent|none|n|0: for no message or exception
    - warn|w|warning|log|l|1: for a warning message (logging level CRITICAL, displayed by default)
    - error|e|exception|raise|r|2: for a raised exception

Example:
    export GIT_PYTHON_REFRESH=quiet
[2025-07-27T22:19:43.523+0000] {model.py:70} INFO - Starting hyperparameter optimization with 100 trials
[2025-07-27T22:19:43.575+0000] {logging_mixin.py:188} INFO - Training until validation scores don't improve for 100 rounds
[2025-07-27T22:19:43.803+0000] {logging_mixin.py:188} INFO - Early stopping, best iteration is:
[1]	valid_0's rmse: 0.0712332
[2025-07-27T22:19:43.833+0000] {logging_mixin.py:188} INFO - Training until validation scores don't improve for 100 rounds
[2025-07-27T22:19:43.920+0000] {logging_mixin.py:188} INFO - Early stopping, best iteration is:
[1]	valid_0's rmse: 0.0712877
[2025-07-27T22:19:43.952+0000] {logging_mixin.py:188} INFO - Training until validation scores don't improve for 100 rounds
[2025-07-27T22:19:44.031+0000] {logging_mixin.py:188} INFO - Early stopping, best iteration is:
[1]	valid_0's rmse: 0.0710898
[2025-07-27T22:19:44.093+0000] {logging_mixin.py:188} INFO - Training until validation scores don't improve for 100 rounds
[2025-07-27T22:19:44.148+0000] {logging_mixin.py:188} INFO - Early stopping, best iteration is:
[5]	valid_0's rmse: 0.0709776
[2025-07-27T22:19:44.181+0000] {logging_mixin.py:188} INFO - Training until validation scores don't improve for 100 rounds
[2025-07-27T22:19:44.448+0000] {logging_mixin.py:188} INFO - Early stopping, best iteration is:
[15]	valid_0's rmse: 0.0679562
[2025-07-27T22:19:44.473+0000] {logging_mixin.py:188} INFO - Training until validation scores don't improve for 100 rounds
[2025-07-27T22:19:44.544+0000] {logging_mixin.py:188} INFO - Early stopping, best iteration is:
[1]	valid_0's rmse: 0.0710823
[2025-07-27T22:19:44.569+0000] {logging_mixin.py:188} INFO - Training until validation scores don't improve for 100 rounds
[2025-07-27T22:19:44.632+0000] {logging_mixin.py:188} INFO - Early stopping, best iteration is:
[1]	valid_0's rmse: 0.0710823
[2025-07-27T22:19:44.657+0000] {logging_mixin.py:188} INFO - Training until validation scores don't improve for 100 rounds
[2025-07-27T22:19:44.717+0000] {logging_mixin.py:188} INFO - Early stopping, best iteration is:
[1]	valid_0's rmse: 0.0711452
[2025-07-27T22:19:44.739+0000] {logging_mixin.py:188} INFO - Training until validation scores don't improve for 100 rounds
[2025-07-27T22:19:44.845+0000] {logging_mixin.py:188} INFO - Early stopping, best iteration is:
[121]	valid_0's rmse: 0.071059
[2025-07-27T22:19:44.864+0000] {logging_mixin.py:188} INFO - Training until validation scores don't improve for 100 rounds
[2025-07-27T22:19:44.932+0000] {logging_mixin.py:188} INFO - Early stopping, best iteration is:
[1]	valid_0's rmse: 0.071467
[2025-07-27T22:19:45.067+0000] {logging_mixin.py:188} INFO - Training until validation scores don't improve for 100 rounds
[2025-07-27T22:19:45.114+0000] {logging_mixin.py:188} INFO - Early stopping, best iteration is:
[12]	valid_0's rmse: 0.0714767
[2025-07-27T22:19:45.196+0000] {logging_mixin.py:188} INFO - Training until validation scores don't improve for 100 rounds
[2025-07-27T22:19:45.499+0000] {logging_mixin.py:188} INFO - Early stopping, best iteration is:
[16]	valid_0's rmse: 0.0703126
[2025-07-27T22:19:45.614+0000] {logging_mixin.py:188} INFO - Training until validation scores don't improve for 100 rounds
[2025-07-27T22:19:45.806+0000] {logging_mixin.py:188} INFO - Early stopping, best iteration is:
[13]	valid_0's rmse: 0.0708221
[2025-07-27T22:19:45.885+0000] {logging_mixin.py:188} INFO - Training until validation scores don't improve for 100 rounds
[2025-07-27T22:19:45.925+0000] {logging_mixin.py:188} INFO - Early stopping, best iteration is:
[1]	valid_0's rmse: 0.0710928
[2025-07-27T22:19:46.005+0000] {logging_mixin.py:188} INFO - Training until validation scores don't improve for 100 rounds
[2025-07-27T22:19:46.050+0000] {logging_mixin.py:188} INFO - Early stopping, best iteration is:
[15]	valid_0's rmse: 0.069036
[2025-07-27T22:19:46.134+0000] {logging_mixin.py:188} INFO - Training until validation scores don't improve for 100 rounds
[2025-07-27T22:19:46.476+0000] {logging_mixin.py:188} INFO - Early stopping, best iteration is:
[15]	valid_0's rmse: 0.0686553
[2025-07-27T22:19:46.553+0000] {logging_mixin.py:188} INFO - Training until validation scores don't improve for 100 rounds
[2025-07-27T22:19:46.585+0000] {logging_mixin.py:188} INFO - Early stopping, best iteration is:
[18]	valid_0's rmse: 0.0710388
[2025-07-27T22:19:46.655+0000] {logging_mixin.py:188} INFO - Training until validation scores don't improve for 100 rounds
[2025-07-27T22:19:46.682+0000] {logging_mixin.py:188} INFO - Early stopping, best iteration is:
[32]	valid_0's rmse: 0.0709143
[2025-07-27T22:19:46.799+0000] {logging_mixin.py:188} INFO - Training until validation scores don't improve for 100 rounds
[2025-07-27T22:19:46.819+0000] {logging_mixin.py:188} INFO - Early stopping, best iteration is:
[1]	valid_0's rmse: 0.0720528
[2025-07-27T22:19:46.892+0000] {logging_mixin.py:188} INFO - Training until validation scores don't improve for 100 rounds
[2025-07-27T22:19:46.947+0000] {logging_mixin.py:188} INFO - Early stopping, best iteration is:
[35]	valid_0's rmse: 0.0710012
[2025-07-27T22:19:47.020+0000] {logging_mixin.py:188} INFO - Training until validation scores don't improve for 100 rounds
[2025-07-27T22:19:47.380+0000] {logging_mixin.py:188} INFO - Early stopping, best iteration is:
[18]	valid_0's rmse: 0.0706519
[2025-07-27T22:19:47.455+0000] {logging_mixin.py:188} INFO - Training until validation scores don't improve for 100 rounds
[2025-07-27T22:19:47.499+0000] {logging_mixin.py:188} INFO - Early stopping, best iteration is:
[15]	valid_0's rmse: 0.0692042
[2025-07-27T22:19:47.576+0000] {logging_mixin.py:188} INFO - Training until validation scores don't improve for 100 rounds
[2025-07-27T22:19:47.594+0000] {logging_mixin.py:188} INFO - Early stopping, best iteration is:
[19]	valid_0's rmse: 0.0710041
[2025-07-27T22:19:47.684+0000] {logging_mixin.py:188} INFO - Training until validation scores don't improve for 100 rounds
[2025-07-27T22:19:47.893+0000] {logging_mixin.py:188} INFO - Early stopping, best iteration is:
[9]	valid_0's rmse: 0.0714516
[2025-07-27T22:19:47.970+0000] {logging_mixin.py:188} INFO - Training until validation scores don't improve for 100 rounds
[2025-07-27T22:19:48.012+0000] {logging_mixin.py:188} INFO - Early stopping, best iteration is:
[13]	valid_0's rmse: 0.0696853
[2025-07-27T22:19:48.091+0000] {logging_mixin.py:188} INFO - Training until validation scores don't improve for 100 rounds
[2025-07-27T22:19:48.203+0000] {logging_mixin.py:188} INFO - Early stopping, best iteration is:
[66]	valid_0's rmse: 0.0712128
[2025-07-27T22:19:48.302+0000] {logging_mixin.py:188} INFO - Training until validation scores don't improve for 100 rounds
[2025-07-27T22:19:48.341+0000] {logging_mixin.py:188} INFO - Early stopping, best iteration is:
[13]	valid_0's rmse: 0.0685203
[2025-07-27T22:19:48.422+0000] {logging_mixin.py:188} INFO - Training until validation scores don't improve for 100 rounds
[2025-07-27T22:19:48.507+0000] {logging_mixin.py:188} INFO - Early stopping, best iteration is:
[1]	valid_0's rmse: 0.0735378
[2025-07-27T22:19:48.590+0000] {logging_mixin.py:188} INFO - Training until validation scores don't improve for 100 rounds
[2025-07-27T22:19:48.607+0000] {logging_mixin.py:188} INFO - Early stopping, best iteration is:
[30]	valid_0's rmse: 0.070844
[2025-07-27T22:19:48.685+0000] {logging_mixin.py:188} INFO - Training until validation scores don't improve for 100 rounds
[2025-07-27T22:19:48.707+0000] {logging_mixin.py:188} INFO - Early stopping, best iteration is:
[1]	valid_0's rmse: 0.0714986
[2025-07-27T22:19:48.789+0000] {logging_mixin.py:188} INFO - Training until validation scores don't improve for 100 rounds
[2025-07-27T22:19:48.860+0000] {logging_mixin.py:188} INFO - Early stopping, best iteration is:
[6]	valid_0's rmse: 0.0707868
[2025-07-27T22:19:48.940+0000] {logging_mixin.py:188} INFO - Training until validation scores don't improve for 100 rounds
[2025-07-27T22:19:48.993+0000] {logging_mixin.py:188} INFO - Early stopping, best iteration is:
[15]	valid_0's rmse: 0.0702684
[2025-07-27T22:19:49.080+0000] {logging_mixin.py:188} INFO - Training until validation scores don't improve for 100 rounds
[2025-07-27T22:19:49.105+0000] {logging_mixin.py:188} INFO - Early stopping, best iteration is:
[1]	valid_0's rmse: 0.0716044
[2025-07-27T22:19:49.190+0000] {logging_mixin.py:188} INFO - Training until validation scores don't improve for 100 rounds
[2025-07-27T22:19:49.230+0000] {logging_mixin.py:188} INFO - Early stopping, best iteration is:
[12]	valid_0's rmse: 0.0700219
[2025-07-27T22:19:49.314+0000] {logging_mixin.py:188} INFO - Training until validation scores don't improve for 100 rounds
[2025-07-27T22:19:49.344+0000] {logging_mixin.py:188} INFO - Early stopping, best iteration is:
[15]	valid_0's rmse: 0.0703253
[2025-07-27T22:19:49.442+0000] {logging_mixin.py:188} INFO - Training until validation scores don't improve for 100 rounds
[2025-07-27T22:19:49.495+0000] {logging_mixin.py:188} INFO - Early stopping, best iteration is:
[1]	valid_0's rmse: 0.0712272
[2025-07-27T22:19:49.570+0000] {logging_mixin.py:188} INFO - Training until validation scores don't improve for 100 rounds
[2025-07-27T22:19:49.616+0000] {logging_mixin.py:188} INFO - Early stopping, best iteration is:
[15]	valid_0's rmse: 0.0699557
[2025-07-27T22:19:49.705+0000] {logging_mixin.py:188} INFO - Training until validation scores don't improve for 100 rounds
[2025-07-27T22:19:49.806+0000] {logging_mixin.py:188} INFO - Early stopping, best iteration is:
[15]	valid_0's rmse: 0.069409
[2025-07-27T22:19:49.887+0000] {logging_mixin.py:188} INFO - Training until validation scores don't improve for 100 rounds
[2025-07-27T22:19:50.014+0000] {logging_mixin.py:188} INFO - Early stopping, best iteration is:
[12]	valid_0's rmse: 0.0707925
[2025-07-27T22:19:50.091+0000] {logging_mixin.py:188} INFO - Training until validation scores don't improve for 100 rounds
[2025-07-27T22:19:50.129+0000] {logging_mixin.py:188} INFO - Early stopping, best iteration is:
[2]	valid_0's rmse: 0.0711542
[2025-07-27T22:19:50.390+0000] {logging_mixin.py:188} INFO - Training until validation scores don't improve for 100 rounds
[2025-07-27T22:19:51.099+0000] {logging_mixin.py:188} INFO - Early stopping, best iteration is:
[1]	valid_0's rmse: 0.0738577
[2025-07-27T22:19:51.204+0000] {logging_mixin.py:188} INFO - Training until validation scores don't improve for 100 rounds
[2025-07-27T22:19:52.469+0000] {logging_mixin.py:188} INFO - Early stopping, best iteration is:
[1]	valid_0's rmse: 0.0711112
[2025-07-27T22:19:52.557+0000] {logging_mixin.py:188} INFO - Training until validation scores don't improve for 100 rounds
[2025-07-27T22:19:52.575+0000] {logging_mixin.py:188} INFO - Early stopping, best iteration is:
[1]	valid_0's rmse: 0.0710823
[2025-07-27T22:19:52.813+0000] {logging_mixin.py:188} INFO - Training until validation scores don't improve for 100 rounds
[2025-07-27T22:19:54.062+0000] {logging_mixin.py:188} INFO - Early stopping, best iteration is:
[14]	valid_0's rmse: 0.0676361
[2025-07-27T22:19:54.429+0000] {logging_mixin.py:188} INFO - Training until validation scores don't improve for 100 rounds
[2025-07-27T22:19:54.729+0000] {logging_mixin.py:188} INFO - Early stopping, best iteration is:
[7]	valid_0's rmse: 0.0688507
[2025-07-27T22:19:54.868+0000] {logging_mixin.py:188} INFO - Training until validation scores don't improve for 100 rounds
[2025-07-27T22:19:54.965+0000] {logging_mixin.py:188} INFO - Early stopping, best iteration is:
[10]	valid_0's rmse: 0.070266
[2025-07-27T22:19:55.053+0000] {logging_mixin.py:188} INFO - Training until validation scores don't improve for 100 rounds
[2025-07-27T22:19:55.128+0000] {logging_mixin.py:188} INFO - Early stopping, best iteration is:
[13]	valid_0's rmse: 0.0707073
[2025-07-27T22:19:55.235+0000] {logging_mixin.py:188} INFO - Training until validation scores don't improve for 100 rounds
[2025-07-27T22:19:55.363+0000] {logging_mixin.py:188} INFO - Early stopping, best iteration is:
[21]	valid_0's rmse: 0.0705717
[2025-07-27T22:19:55.473+0000] {logging_mixin.py:188} INFO - Training until validation scores don't improve for 100 rounds
[2025-07-27T22:19:55.558+0000] {logging_mixin.py:188} INFO - Early stopping, best iteration is:
[9]	valid_0's rmse: 0.068796
[2025-07-27T22:19:55.691+0000] {logging_mixin.py:188} INFO - Training until validation scores don't improve for 100 rounds
[2025-07-27T22:19:55.827+0000] {logging_mixin.py:188} INFO - Early stopping, best iteration is:
[9]	valid_0's rmse: 0.0710644
[2025-07-27T22:19:55.942+0000] {logging_mixin.py:188} INFO - Training until validation scores don't improve for 100 rounds
[2025-07-27T22:19:55.977+0000] {logging_mixin.py:188} INFO - Early stopping, best iteration is:
[3]	valid_0's rmse: 0.0707605
[2025-07-27T22:19:56.058+0000] {logging_mixin.py:188} INFO - Training until validation scores don't improve for 100 rounds
[2025-07-27T22:19:56.110+0000] {logging_mixin.py:188} INFO - Early stopping, best iteration is:
[12]	valid_0's rmse: 0.0691125
[2025-07-27T22:19:56.206+0000] {logging_mixin.py:188} INFO - Training until validation scores don't improve for 100 rounds
[2025-07-27T22:19:56.556+0000] {logging_mixin.py:188} INFO - Early stopping, best iteration is:
[9]	valid_0's rmse: 0.0680917
[2025-07-27T22:19:56.694+0000] {logging_mixin.py:188} INFO - Training until validation scores don't improve for 100 rounds
[2025-07-27T22:19:57.497+0000] {logging_mixin.py:188} INFO - Early stopping, best iteration is:
[8]	valid_0's rmse: 0.0694562
[2025-07-27T22:19:58.278+0000] {logging_mixin.py:188} INFO - Training until validation scores don't improve for 100 rounds
[2025-07-27T22:20:03.841+0000] {logging_mixin.py:188} INFO - Early stopping, best iteration is:
[9]	valid_0's rmse: 0.0696042
[2025-07-27T22:20:04.800+0000] {logging_mixin.py:188} INFO - Training until validation scores don't improve for 100 rounds
[2025-07-27T22:20:12.058+0000] {logging_mixin.py:188} INFO - Early stopping, best iteration is:
[12]	valid_0's rmse: 0.0686772
[2025-07-27T22:20:12.160+0000] {logging_mixin.py:188} INFO - Training until validation scores don't improve for 100 rounds
[2025-07-27T22:20:12.388+0000] {logging_mixin.py:188} INFO - Early stopping, best iteration is:
[12]	valid_0's rmse: 0.071063
[2025-07-27T22:20:12.493+0000] {logging_mixin.py:188} INFO - Training until validation scores don't improve for 100 rounds
[2025-07-27T22:20:12.895+0000] {logging_mixin.py:188} INFO - Early stopping, best iteration is:
[1]	valid_0's rmse: 0.0716729
[2025-07-27T22:20:13.000+0000] {logging_mixin.py:188} INFO - Training until validation scores don't improve for 100 rounds
[2025-07-27T22:20:13.043+0000] {logging_mixin.py:188} INFO - Early stopping, best iteration is:
[30]	valid_0's rmse: 0.0710483
[2025-07-27T22:20:13.126+0000] {logging_mixin.py:188} INFO - Training until validation scores don't improve for 100 rounds
[2025-07-27T22:20:13.167+0000] {logging_mixin.py:188} INFO - Early stopping, best iteration is:
[12]	valid_0's rmse: 0.0707088
[2025-07-27T22:20:13.299+0000] {logging_mixin.py:188} INFO - Training until validation scores don't improve for 100 rounds
[2025-07-27T22:20:13.313+0000] {logging_mixin.py:188} INFO - Early stopping, best iteration is:
[1]	valid_0's rmse: 0.0710832
[2025-07-27T22:20:13.393+0000] {logging_mixin.py:188} INFO - Training until validation scores don't improve for 100 rounds
[2025-07-27T22:20:13.460+0000] {logging_mixin.py:188} INFO - Early stopping, best iteration is:
[5]	valid_0's rmse: 0.0701579
[2025-07-27T22:20:13.549+0000] {logging_mixin.py:188} INFO - Training until validation scores don't improve for 100 rounds
[2025-07-27T22:20:13.612+0000] {logging_mixin.py:188} INFO - Early stopping, best iteration is:
[33]	valid_0's rmse: 0.0689828
[2025-07-27T22:20:13.718+0000] {logging_mixin.py:188} INFO - Training until validation scores don't improve for 100 rounds
[2025-07-27T22:20:13.889+0000] {logging_mixin.py:188} INFO - Early stopping, best iteration is:
[9]	valid_0's rmse: 0.0696016
[2025-07-27T22:20:13.972+0000] {logging_mixin.py:188} INFO - Training until validation scores don't improve for 100 rounds
[2025-07-27T22:20:14.012+0000] {logging_mixin.py:188} INFO - Early stopping, best iteration is:
[12]	valid_0's rmse: 0.0709005
[2025-07-27T22:20:14.107+0000] {logging_mixin.py:188} INFO - Training until validation scores don't improve for 100 rounds
[2025-07-27T22:20:14.355+0000] {logging_mixin.py:188} INFO - Early stopping, best iteration is:
[8]	valid_0's rmse: 0.071
[2025-07-27T22:20:14.447+0000] {logging_mixin.py:188} INFO - Training until validation scores don't improve for 100 rounds
[2025-07-27T22:20:14.483+0000] {logging_mixin.py:188} INFO - Early stopping, best iteration is:
[16]	valid_0's rmse: 0.0703737
[2025-07-27T22:20:14.563+0000] {logging_mixin.py:188} INFO - Training until validation scores don't improve for 100 rounds
[2025-07-27T22:20:14.592+0000] {logging_mixin.py:188} INFO - Early stopping, best iteration is:
[16]	valid_0's rmse: 0.0696794
[2025-07-27T22:20:14.721+0000] {logging_mixin.py:188} INFO - Training until validation scores don't improve for 100 rounds
[2025-07-27T22:20:14.846+0000] {logging_mixin.py:188} INFO - Early stopping, best iteration is:
[17]	valid_0's rmse: 0.0697379
[2025-07-27T22:20:14.948+0000] {logging_mixin.py:188} INFO - Training until validation scores don't improve for 100 rounds
[2025-07-27T22:20:15.008+0000] {logging_mixin.py:188} INFO - Early stopping, best iteration is:
[1]	valid_0's rmse: 0.0741894
[2025-07-27T22:20:15.091+0000] {logging_mixin.py:188} INFO - Training until validation scores don't improve for 100 rounds
[2025-07-27T22:20:15.130+0000] {logging_mixin.py:188} INFO - Early stopping, best iteration is:
[6]	valid_0's rmse: 0.0700623
[2025-07-27T22:20:15.221+0000] {logging_mixin.py:188} INFO - Training until validation scores don't improve for 100 rounds
[2025-07-27T22:20:15.438+0000] {logging_mixin.py:188} INFO - Early stopping, best iteration is:
[12]	valid_0's rmse: 0.0709503
[2025-07-27T22:20:15.579+0000] {logging_mixin.py:188} INFO - Training until validation scores don't improve for 100 rounds
[2025-07-27T22:20:15.640+0000] {logging_mixin.py:188} INFO - Early stopping, best iteration is:
[16]	valid_0's rmse: 0.0681729
[2025-07-27T22:20:15.734+0000] {logging_mixin.py:188} INFO - Training until validation scores don't improve for 100 rounds
[2025-07-27T22:20:15.981+0000] {logging_mixin.py:188} INFO - Early stopping, best iteration is:
[12]	valid_0's rmse: 0.0698174
[2025-07-27T22:20:16.110+0000] {logging_mixin.py:188} INFO - Training until validation scores don't improve for 100 rounds
[2025-07-27T22:20:16.433+0000] {logging_mixin.py:188} INFO - Early stopping, best iteration is:
[1]	valid_0's rmse: 0.07157
[2025-07-27T22:20:16.517+0000] {logging_mixin.py:188} INFO - Training until validation scores don't improve for 100 rounds
[2025-07-27T22:20:16.527+0000] {logging_mixin.py:188} INFO - Early stopping, best iteration is:
[1]	valid_0's rmse: 0.0710823
[2025-07-27T22:20:16.603+0000] {logging_mixin.py:188} INFO - Training until validation scores don't improve for 100 rounds
[2025-07-27T22:20:16.649+0000] {logging_mixin.py:188} INFO - Early stopping, best iteration is:
[1]	valid_0's rmse: 0.0688103
[2025-07-27T22:20:16.799+0000] {logging_mixin.py:188} INFO - Training until validation scores don't improve for 100 rounds
[2025-07-27T22:20:16.842+0000] {logging_mixin.py:188} INFO - Early stopping, best iteration is:
[1]	valid_0's rmse: 0.0713041
[2025-07-27T22:20:16.925+0000] {logging_mixin.py:188} INFO - Training until validation scores don't improve for 100 rounds
[2025-07-27T22:20:16.989+0000] {logging_mixin.py:188} INFO - Early stopping, best iteration is:
[14]	valid_0's rmse: 0.0701611
[2025-07-27T22:20:17.170+0000] {logging_mixin.py:188} INFO - Training until validation scores don't improve for 100 rounds
[2025-07-27T22:20:17.376+0000] {logging_mixin.py:188} INFO - Early stopping, best iteration is:
[14]	valid_0's rmse: 0.0707444
[2025-07-27T22:20:17.458+0000] {logging_mixin.py:188} INFO - Training until validation scores don't improve for 100 rounds
[2025-07-27T22:20:17.483+0000] {logging_mixin.py:188} INFO - Early stopping, best iteration is:
[13]	valid_0's rmse: 0.0706989
[2025-07-27T22:20:17.570+0000] {logging_mixin.py:188} INFO - Training until validation scores don't improve for 100 rounds
[2025-07-27T22:20:17.629+0000] {logging_mixin.py:188} INFO - Early stopping, best iteration is:
[14]	valid_0's rmse: 0.0683392
[2025-07-27T22:20:17.712+0000] {logging_mixin.py:188} INFO - Training until validation scores don't improve for 100 rounds
[2025-07-27T22:20:17.802+0000] {logging_mixin.py:188} INFO - Early stopping, best iteration is:
[11]	valid_0's rmse: 0.0683739
[2025-07-27T22:20:17.892+0000] {logging_mixin.py:188} INFO - Training until validation scores don't improve for 100 rounds
[2025-07-27T22:20:17.947+0000] {logging_mixin.py:188} INFO - Early stopping, best iteration is:
[2]	valid_0's rmse: 0.0702329
[2025-07-27T22:20:18.046+0000] {logging_mixin.py:188} INFO - Training until validation scores don't improve for 100 rounds
[2025-07-27T22:20:18.171+0000] {logging_mixin.py:188} INFO - Early stopping, best iteration is:
[1]	valid_0's rmse: 0.0719217
[2025-07-27T22:20:18.296+0000] {logging_mixin.py:188} INFO - Training until validation scores don't improve for 100 rounds
[2025-07-27T22:20:18.328+0000] {logging_mixin.py:188} INFO - Early stopping, best iteration is:
[6]	valid_0's rmse: 0.0667529
[2025-07-27T22:20:18.422+0000] {logging_mixin.py:188} INFO - Training until validation scores don't improve for 100 rounds
[2025-07-27T22:20:18.467+0000] {logging_mixin.py:188} INFO - Early stopping, best iteration is:
[9]	valid_0's rmse: 0.0717998
[2025-07-27T22:20:18.573+0000] {logging_mixin.py:188} INFO - Training until validation scores don't improve for 100 rounds
[2025-07-27T22:20:18.635+0000] {logging_mixin.py:188} INFO - Early stopping, best iteration is:
[8]	valid_0's rmse: 0.0664838
[2025-07-27T22:20:18.724+0000] {logging_mixin.py:188} INFO - Training until validation scores don't improve for 100 rounds
[2025-07-27T22:20:18.805+0000] {logging_mixin.py:188} INFO - Early stopping, best iteration is:
[13]	valid_0's rmse: 0.0680401
[2025-07-27T22:20:18.936+0000] {logging_mixin.py:188} INFO - Training until validation scores don't improve for 100 rounds
[2025-07-27T22:20:18.956+0000] {logging_mixin.py:188} INFO - Early stopping, best iteration is:
[8]	valid_0's rmse: 0.0711452
[2025-07-27T22:20:19.041+0000] {logging_mixin.py:188} INFO - Training until validation scores don't improve for 100 rounds
[2025-07-27T22:20:19.107+0000] {logging_mixin.py:188} INFO - Early stopping, best iteration is:
[9]	valid_0's rmse: 0.0715741
[2025-07-27T22:20:19.195+0000] {logging_mixin.py:188} INFO - Training until validation scores don't improve for 100 rounds
[2025-07-27T22:20:19.292+0000] {logging_mixin.py:188} INFO - Early stopping, best iteration is:
[1]	valid_0's rmse: 0.0704279
[2025-07-27T22:20:19.372+0000] {logging_mixin.py:188} INFO - Training until validation scores don't improve for 100 rounds
[2025-07-27T22:20:19.409+0000] {logging_mixin.py:188} INFO - Early stopping, best iteration is:
[10]	valid_0's rmse: 0.0676368
[2025-07-27T22:20:19.493+0000] {logging_mixin.py:188} INFO - Training until validation scores don't improve for 100 rounds
[2025-07-27T22:20:19.525+0000] {logging_mixin.py:188} INFO - Early stopping, best iteration is:
[10]	valid_0's rmse: 0.0675537
[2025-07-27T22:20:19.601+0000] {logging_mixin.py:188} INFO - Training until validation scores don't improve for 100 rounds
[2025-07-27T22:20:19.714+0000] {logging_mixin.py:188} INFO - Early stopping, best iteration is:
[6]	valid_0's rmse: 0.0681926
[2025-07-27T22:20:19.807+0000] {logging_mixin.py:188} INFO - Training until validation scores don't improve for 100 rounds
[2025-07-27T22:20:19.850+0000] {logging_mixin.py:188} INFO - Early stopping, best iteration is:
[10]	valid_0's rmse: 0.0708011
[2025-07-27T22:20:19.928+0000] {logging_mixin.py:188} INFO - Training until validation scores don't improve for 100 rounds
[2025-07-27T22:20:19.949+0000] {logging_mixin.py:188} INFO - Early stopping, best iteration is:
[2]	valid_0's rmse: 0.0707498
[2025-07-27T22:20:20.039+0000] {logging_mixin.py:188} INFO - Training until validation scores don't improve for 100 rounds
[2025-07-27T22:20:20.072+0000] {logging_mixin.py:188} INFO - Early stopping, best iteration is:
[14]	valid_0's rmse: 0.071803
[2025-07-27T22:20:20.175+0000] {logging_mixin.py:188} INFO - Training until validation scores don't improve for 100 rounds
[2025-07-27T22:20:20.461+0000] {logging_mixin.py:188} INFO - Early stopping, best iteration is:
[1]	valid_0's rmse: 0.072631
[2025-07-27T22:20:20.547+0000] {logging_mixin.py:188} INFO - Training until validation scores don't improve for 100 rounds
[2025-07-27T22:20:20.561+0000] {logging_mixin.py:188} INFO - Early stopping, best iteration is:
[1]	valid_0's rmse: 0.0712084
[2025-07-27T22:20:20.567+0000] {model.py:78} INFO - Best parameters: {'num_leaves': 40, 'learning_rate': 0.2873707499357868, 'feature_fraction': 0.829176620404034, 'bagging_fraction': 0.6343809445214247, 'bagging_freq': 4, 'min_child_samples': 20, 'max_depth': 10, 'reg_alpha': 0.02062019292693372, 'reg_lambda': 0.46309884610353425}
[2025-07-27T22:20:20.568+0000] {model.py:79} INFO - Best RMSE: 0.0665
[2025-07-27T22:20:20.620+0000] {logging_mixin.py:188} WARNING - /home/***/.local/lib/python3.12/site-packages/lightgbm/engine.py:204 UserWarning: Found `num_boost_round` in params. Will use it instead of argument
[2025-07-27T22:20:20.642+0000] {logging_mixin.py:188} INFO - Training until validation scores don't improve for 100 rounds
[2025-07-27T22:20:20.727+0000] {logging_mixin.py:188} INFO - [100]	train's rmse: 0.0188015	val's rmse: 0.0854882
[2025-07-27T22:20:20.730+0000] {logging_mixin.py:188} INFO - Early stopping, best iteration is:
[8]	train's rmse: 0.0604713	val's rmse: 0.0664838
[2025-07-27T22:20:20.813+0000] {credentials.py:1147} INFO - Found credentials in environment variables.
[2025-07-27T22:20:26.599+0000] {logging_mixin.py:188} WARNING - 2025/07/27 22:20:26 WARNING mlflow.models.model: Model logged without a signature and input example. Please set `input_example` parameter when logging the model to auto infer the model signature.
[2025-07-27T22:20:26.769+0000] {logging_mixin.py:188} WARNING - Successfully registered model 'crypto_lightgbm_model_BTC_USD'.
[2025-07-27T22:20:26.814+0000] {logging_mixin.py:188} WARNING - 2025/07/27 22:20:26 INFO mlflow.store.model_registry.abstract_store: Waiting up to 300 seconds for model version to finish creation. Model name: crypto_lightgbm_model_BTC_USD, version 1
[2025-07-27T22:20:26.814+0000] {logging_mixin.py:188} WARNING - Created version '1' of model 'crypto_lightgbm_model_BTC_USD'.
[2025-07-27T22:20:26.816+0000] {model.py:168} INFO - Training completed. MLflow run ID: a566868a47324950b48352d0b7a09242
[2025-07-27T22:20:26.839+0000] {logging_mixin.py:188} WARNING - 2025/07/27 22:20:26 INFO mlflow.tracking._tracking_service.client: 🏃 View run lightgbm_training_BTC-USD_20250727_221943 at: http://mlflow:5000/#/experiments/0/runs/a566868a47324950b48352d0b7a09242.
[2025-07-27T22:20:26.840+0000] {logging_mixin.py:188} WARNING - 2025/07/27 22:20:26 INFO mlflow.tracking._tracking_service.client: 🧪 View experiment at: http://mlflow:5000/#/experiments/0.
[2025-07-27T22:20:26.859+0000] {training_pipeline.py:126} INFO - Métriques nettoyées: {'train_rmse': 0.060471, 'val_rmse': 0.066484, 'train_mae': 0.039572, 'val_mae': 0.049751, 'train_r2': 0.209429, 'val_r2': 0.123201}
[2025-07-27T22:20:26.891+0000] {model.py:235} INFO - Saved model to S3: s3://crypto-mlops-bucket/models/BTC-USD/model_a566868a47324950b48352d0b7a09242.txt
[2025-07-27T22:20:26.893+0000] {python.py:237} INFO - Done. Returned value was: None
[2025-07-27T22:20:26.894+0000] {taskinstance.py:441} INFO - ::group::Post task execution logs
[2025-07-27T22:20:26.906+0000] {taskinstance.py:1205} INFO - Marking task as SUCCESS. dag_id=training_pipeline, task_id=train_model, execution_date=20250727T221928, start_date=20250727T221943, end_date=20250727T222026
[2025-07-27T22:20:26.960+0000] {local_task_job_runner.py:240} INFO - Task exited with return code 0
[2025-07-27T22:20:26.982+0000] {taskinstance.py:3482} INFO - 1 downstream tasks scheduled from follow-on schedule check
[2025-07-27T22:20:26.985+0000] {local_task_job_runner.py:222} INFO - ::endgroup::
