[2025-07-31T20:12:12.350+0000] {local_task_job_runner.py:120} INFO - ::group::Pre task execution logs
[2025-07-31T20:12:12.384+0000] {taskinstance.py:2073} INFO - Dependencies all met for dep_context=non-requeueable deps ti=<TaskInstance: preprocessing_hourly.preprocess_and_predict manual__2025-07-31T20:12:08.865454+00:00 [queued]>
[2025-07-31T20:12:12.392+0000] {taskinstance.py:2073} INFO - Dependencies all met for dep_context=requeueable deps ti=<TaskInstance: preprocessing_hourly.preprocess_and_predict manual__2025-07-31T20:12:08.865454+00:00 [queued]>
[2025-07-31T20:12:12.392+0000] {taskinstance.py:2303} INFO - Starting attempt 1 of 2
[2025-07-31T20:12:12.406+0000] {taskinstance.py:2327} INFO - Executing <Task(PythonOperator): preprocess_and_predict> on 2025-07-31 20:12:08.865454+00:00
[2025-07-31T20:12:12.423+0000] {logging_mixin.py:188} WARNING - /home/***/.local/lib/python3.12/site-packages/***/task/task_runner/standard_task_runner.py:61 DeprecationWarning: This process (pid=16860) is multi-threaded, use of fork() may lead to deadlocks in the child.
[2025-07-31T20:12:12.423+0000] {standard_task_runner.py:90} INFO - Running: ['***', 'tasks', 'run', 'preprocessing_hourly', 'preprocess_and_predict', 'manual__2025-07-31T20:12:08.865454+00:00', '--job-id', '250', '--raw', '--subdir', 'DAGS_FOLDER/hourly_inference.py', '--cfg-path', '/tmp/tmpl96d6r6f']
[2025-07-31T20:12:12.425+0000] {standard_task_runner.py:63} INFO - Started process 16878 to run task
[2025-07-31T20:12:12.425+0000] {standard_task_runner.py:91} INFO - Job 250: Subtask preprocess_and_predict
[2025-07-31T20:12:12.440+0000] {logging_mixin.py:188} WARNING - /home/***/.local/lib/python3.12/site-packages/***/settings.py:195 DeprecationWarning: The sql_alchemy_conn option in [core] has been moved to the sql_alchemy_conn option in [database] - the old setting has been used, but please update your config.
[2025-07-31T20:12:12.482+0000] {task_command.py:426} INFO - Running <TaskInstance: preprocessing_hourly.preprocess_and_predict manual__2025-07-31T20:12:08.865454+00:00 [running]> on host 44c57df83f33
[2025-07-31T20:12:12.581+0000] {taskinstance.py:2644} INFO - Exporting env vars: AIRFLOW_CTX_DAG_OWNER='mlops' AIRFLOW_CTX_DAG_ID='preprocessing_hourly' AIRFLOW_CTX_TASK_ID='preprocess_and_predict' AIRFLOW_CTX_EXECUTION_DATE='2025-07-31T20:12:08.865454+00:00' AIRFLOW_CTX_TRY_NUMBER='1' AIRFLOW_CTX_DAG_RUN_ID='manual__2025-07-31T20:12:08.865454+00:00'
[2025-07-31T20:12:12.582+0000] {taskinstance.py:430} INFO - ::endgroup::
[2025-07-31T20:12:12.596+0000] {logging_mixin.py:188} WARNING - /home/***/.local/lib/python3.12/site-packages/***/utils/context.py:320 AirflowContextDeprecationWarning: Accessing 'execution_date' from the template is deprecated and will be removed in a future version. Please use 'data_interval_start' or 'logical_date' instead.
[2025-07-31T20:12:12.597+0000] {hourly_inference.py:70} INFO - [DEBUG] Execution date: 2025-07-31 20:12:08.865454+00:00 (type=<class 'Proxy'>)
[2025-07-31T20:12:12.617+0000] {hourly_inference.py:58} INFO - Bucket crypto-mlops-bucket exists
[2025-07-31T20:12:12.636+0000] {data_ingestion.py:42} INFO - current_start: 2025-07-01 20:12:08.865454+00:00, current_end: 2025-07-02 21:12:08.865454+00:00
[2025-07-31T20:12:12.807+0000] {data_ingestion.py:62} INFO - Fetched 300 candles for BTC-USD from 2025-07-01 20:12:08.865454+00:00 to 2025-07-02 21:12:08.865454+00:00
[2025-07-31T20:12:12.808+0000] {data_ingestion.py:42} INFO - current_start: 2025-07-02 21:12:08.865454+00:00, current_end: 2025-07-03 22:12:08.865454+00:00
[2025-07-31T20:12:13.005+0000] {data_ingestion.py:62} INFO - Fetched 300 candles for BTC-USD from 2025-07-02 21:12:08.865454+00:00 to 2025-07-03 22:12:08.865454+00:00
[2025-07-31T20:12:13.007+0000] {data_ingestion.py:42} INFO - current_start: 2025-07-03 22:12:08.865454+00:00, current_end: 2025-07-04 23:12:08.865454+00:00
[2025-07-31T20:12:13.177+0000] {data_ingestion.py:62} INFO - Fetched 300 candles for BTC-USD from 2025-07-03 22:12:08.865454+00:00 to 2025-07-04 23:12:08.865454+00:00
[2025-07-31T20:12:13.179+0000] {data_ingestion.py:42} INFO - current_start: 2025-07-04 23:12:08.865454+00:00, current_end: 2025-07-06 00:12:08.865454+00:00
[2025-07-31T20:12:13.375+0000] {data_ingestion.py:62} INFO - Fetched 300 candles for BTC-USD from 2025-07-04 23:12:08.865454+00:00 to 2025-07-06 00:12:08.865454+00:00
[2025-07-31T20:12:13.377+0000] {data_ingestion.py:42} INFO - current_start: 2025-07-06 00:12:08.865454+00:00, current_end: 2025-07-07 01:12:08.865454+00:00
[2025-07-31T20:12:13.560+0000] {data_ingestion.py:62} INFO - Fetched 300 candles for BTC-USD from 2025-07-06 00:12:08.865454+00:00 to 2025-07-07 01:12:08.865454+00:00
[2025-07-31T20:12:13.562+0000] {data_ingestion.py:42} INFO - current_start: 2025-07-07 01:12:08.865454+00:00, current_end: 2025-07-08 02:12:08.865454+00:00
[2025-07-31T20:12:13.961+0000] {data_ingestion.py:62} INFO - Fetched 300 candles for BTC-USD from 2025-07-07 01:12:08.865454+00:00 to 2025-07-08 02:12:08.865454+00:00
[2025-07-31T20:12:13.963+0000] {data_ingestion.py:42} INFO - current_start: 2025-07-08 02:12:08.865454+00:00, current_end: 2025-07-09 03:12:08.865454+00:00
[2025-07-31T20:12:14.146+0000] {data_ingestion.py:62} INFO - Fetched 300 candles for BTC-USD from 2025-07-08 02:12:08.865454+00:00 to 2025-07-09 03:12:08.865454+00:00
[2025-07-31T20:12:14.147+0000] {data_ingestion.py:42} INFO - current_start: 2025-07-09 03:12:08.865454+00:00, current_end: 2025-07-10 04:12:08.865454+00:00
[2025-07-31T20:12:14.330+0000] {data_ingestion.py:62} INFO - Fetched 300 candles for BTC-USD from 2025-07-09 03:12:08.865454+00:00 to 2025-07-10 04:12:08.865454+00:00
[2025-07-31T20:12:14.331+0000] {data_ingestion.py:42} INFO - current_start: 2025-07-10 04:12:08.865454+00:00, current_end: 2025-07-11 05:12:08.865454+00:00
[2025-07-31T20:12:14.494+0000] {data_ingestion.py:62} INFO - Fetched 300 candles for BTC-USD from 2025-07-10 04:12:08.865454+00:00 to 2025-07-11 05:12:08.865454+00:00
[2025-07-31T20:12:14.496+0000] {data_ingestion.py:42} INFO - current_start: 2025-07-11 05:12:08.865454+00:00, current_end: 2025-07-12 06:12:08.865454+00:00
[2025-07-31T20:12:14.942+0000] {data_ingestion.py:62} INFO - Fetched 300 candles for BTC-USD from 2025-07-11 05:12:08.865454+00:00 to 2025-07-12 06:12:08.865454+00:00
[2025-07-31T20:12:14.944+0000] {data_ingestion.py:42} INFO - current_start: 2025-07-12 06:12:08.865454+00:00, current_end: 2025-07-13 07:12:08.865454+00:00
[2025-07-31T20:12:15.105+0000] {data_ingestion.py:62} INFO - Fetched 300 candles for BTC-USD from 2025-07-12 06:12:08.865454+00:00 to 2025-07-13 07:12:08.865454+00:00
[2025-07-31T20:12:15.106+0000] {data_ingestion.py:42} INFO - current_start: 2025-07-13 07:12:08.865454+00:00, current_end: 2025-07-14 08:12:08.865454+00:00
[2025-07-31T20:12:15.299+0000] {data_ingestion.py:62} INFO - Fetched 300 candles for BTC-USD from 2025-07-13 07:12:08.865454+00:00 to 2025-07-14 08:12:08.865454+00:00
[2025-07-31T20:12:15.300+0000] {data_ingestion.py:42} INFO - current_start: 2025-07-14 08:12:08.865454+00:00, current_end: 2025-07-15 09:12:08.865454+00:00
[2025-07-31T20:12:15.514+0000] {data_ingestion.py:62} INFO - Fetched 300 candles for BTC-USD from 2025-07-14 08:12:08.865454+00:00 to 2025-07-15 09:12:08.865454+00:00
[2025-07-31T20:12:15.516+0000] {data_ingestion.py:42} INFO - current_start: 2025-07-15 09:12:08.865454+00:00, current_end: 2025-07-16 10:12:08.865454+00:00
[2025-07-31T20:12:15.721+0000] {data_ingestion.py:62} INFO - Fetched 300 candles for BTC-USD from 2025-07-15 09:12:08.865454+00:00 to 2025-07-16 10:12:08.865454+00:00
[2025-07-31T20:12:15.723+0000] {data_ingestion.py:42} INFO - current_start: 2025-07-16 10:12:08.865454+00:00, current_end: 2025-07-17 11:12:08.865454+00:00
[2025-07-31T20:12:15.912+0000] {data_ingestion.py:62} INFO - Fetched 300 candles for BTC-USD from 2025-07-16 10:12:08.865454+00:00 to 2025-07-17 11:12:08.865454+00:00
[2025-07-31T20:12:15.914+0000] {data_ingestion.py:42} INFO - current_start: 2025-07-17 11:12:08.865454+00:00, current_end: 2025-07-18 12:12:08.865454+00:00
[2025-07-31T20:12:16.112+0000] {data_ingestion.py:62} INFO - Fetched 300 candles for BTC-USD from 2025-07-17 11:12:08.865454+00:00 to 2025-07-18 12:12:08.865454+00:00
[2025-07-31T20:12:16.114+0000] {data_ingestion.py:42} INFO - current_start: 2025-07-18 12:12:08.865454+00:00, current_end: 2025-07-19 13:12:08.865454+00:00
[2025-07-31T20:12:16.301+0000] {data_ingestion.py:62} INFO - Fetched 300 candles for BTC-USD from 2025-07-18 12:12:08.865454+00:00 to 2025-07-19 13:12:08.865454+00:00
[2025-07-31T20:12:16.303+0000] {data_ingestion.py:42} INFO - current_start: 2025-07-19 13:12:08.865454+00:00, current_end: 2025-07-20 14:12:08.865454+00:00
[2025-07-31T20:12:16.484+0000] {data_ingestion.py:62} INFO - Fetched 300 candles for BTC-USD from 2025-07-19 13:12:08.865454+00:00 to 2025-07-20 14:12:08.865454+00:00
[2025-07-31T20:12:16.486+0000] {data_ingestion.py:42} INFO - current_start: 2025-07-20 14:12:08.865454+00:00, current_end: 2025-07-21 15:12:08.865454+00:00
[2025-07-31T20:12:16.690+0000] {data_ingestion.py:62} INFO - Fetched 300 candles for BTC-USD from 2025-07-20 14:12:08.865454+00:00 to 2025-07-21 15:12:08.865454+00:00
[2025-07-31T20:12:16.691+0000] {data_ingestion.py:42} INFO - current_start: 2025-07-21 15:12:08.865454+00:00, current_end: 2025-07-22 16:12:08.865454+00:00
[2025-07-31T20:12:16.906+0000] {data_ingestion.py:62} INFO - Fetched 300 candles for BTC-USD from 2025-07-21 15:12:08.865454+00:00 to 2025-07-22 16:12:08.865454+00:00
[2025-07-31T20:12:16.908+0000] {data_ingestion.py:42} INFO - current_start: 2025-07-22 16:12:08.865454+00:00, current_end: 2025-07-23 17:12:08.865454+00:00
[2025-07-31T20:12:17.398+0000] {data_ingestion.py:62} INFO - Fetched 300 candles for BTC-USD from 2025-07-22 16:12:08.865454+00:00 to 2025-07-23 17:12:08.865454+00:00
[2025-07-31T20:12:17.400+0000] {data_ingestion.py:42} INFO - current_start: 2025-07-23 17:12:08.865454+00:00, current_end: 2025-07-24 18:12:08.865454+00:00
[2025-07-31T20:12:17.581+0000] {data_ingestion.py:62} INFO - Fetched 300 candles for BTC-USD from 2025-07-23 17:12:08.865454+00:00 to 2025-07-24 18:12:08.865454+00:00
[2025-07-31T20:12:17.583+0000] {data_ingestion.py:42} INFO - current_start: 2025-07-24 18:12:08.865454+00:00, current_end: 2025-07-25 19:12:08.865454+00:00
[2025-07-31T20:12:17.763+0000] {data_ingestion.py:62} INFO - Fetched 300 candles for BTC-USD from 2025-07-24 18:12:08.865454+00:00 to 2025-07-25 19:12:08.865454+00:00
[2025-07-31T20:12:17.764+0000] {data_ingestion.py:42} INFO - current_start: 2025-07-25 19:12:08.865454+00:00, current_end: 2025-07-26 20:12:08.865454+00:00
[2025-07-31T20:12:17.921+0000] {data_ingestion.py:62} INFO - Fetched 300 candles for BTC-USD from 2025-07-25 19:12:08.865454+00:00 to 2025-07-26 20:12:08.865454+00:00
[2025-07-31T20:12:17.923+0000] {data_ingestion.py:42} INFO - current_start: 2025-07-26 20:12:08.865454+00:00, current_end: 2025-07-27 21:12:08.865454+00:00
[2025-07-31T20:12:18.110+0000] {data_ingestion.py:62} INFO - Fetched 300 candles for BTC-USD from 2025-07-26 20:12:08.865454+00:00 to 2025-07-27 21:12:08.865454+00:00
[2025-07-31T20:12:18.111+0000] {data_ingestion.py:42} INFO - current_start: 2025-07-27 21:12:08.865454+00:00, current_end: 2025-07-28 22:12:08.865454+00:00
[2025-07-31T20:12:18.301+0000] {data_ingestion.py:62} INFO - Fetched 300 candles for BTC-USD from 2025-07-27 21:12:08.865454+00:00 to 2025-07-28 22:12:08.865454+00:00
[2025-07-31T20:12:18.302+0000] {data_ingestion.py:42} INFO - current_start: 2025-07-28 22:12:08.865454+00:00, current_end: 2025-07-29 23:12:08.865454+00:00
[2025-07-31T20:12:18.504+0000] {data_ingestion.py:62} INFO - Fetched 300 candles for BTC-USD from 2025-07-28 22:12:08.865454+00:00 to 2025-07-29 23:12:08.865454+00:00
[2025-07-31T20:12:18.506+0000] {data_ingestion.py:42} INFO - current_start: 2025-07-29 23:12:08.865454+00:00, current_end: 2025-07-31 00:12:08.865454+00:00
[2025-07-31T20:12:18.902+0000] {data_ingestion.py:62} INFO - Fetched 300 candles for BTC-USD from 2025-07-29 23:12:08.865454+00:00 to 2025-07-31 00:12:08.865454+00:00
[2025-07-31T20:12:18.903+0000] {data_ingestion.py:42} INFO - current_start: 2025-07-31 00:12:08.865454+00:00, current_end: 2025-07-31 20:12:08.865454+00:00
[2025-07-31T20:12:19.086+0000] {data_ingestion.py:62} INFO - Fetched 240 candles for BTC-USD from 2025-07-31 00:12:08.865454+00:00 to 2025-07-31 20:12:08.865454+00:00
[2025-07-31T20:12:19.171+0000] {data_ingestion.py:104} INFO - Saved data to S3: s3://crypto-mlops-bucket/data/historical_BTC_USD_20250731201208.csv
[2025-07-31T20:12:19.171+0000] {hourly_inference.py:84} INFO - Données brutes récupérées : shape=(8640, 7)
[2025-07-31T20:12:19.224+0000] {data_processing.py:41} INFO - Loaded 8669 records from S3: data/historical_BTC_USD_20250731120000.csv
[2025-07-31T20:12:19.250+0000] {data_processing.py:41} INFO - Loaded 8669 records from S3: data/historical_BTC_USD_20250731130000.csv
[2025-07-31T20:12:19.263+0000] {data_processing.py:41} INFO - Loaded 288 records from S3: data/historical_BTC_USD_20250731130525.csv
[2025-07-31T20:12:19.286+0000] {data_processing.py:41} INFO - Loaded 8640 records from S3: data/historical_BTC_USD_20250731131241.csv
[2025-07-31T20:12:19.310+0000] {data_processing.py:41} INFO - Loaded 8640 records from S3: data/historical_BTC_USD_20250731133338.csv
[2025-07-31T20:12:19.332+0000] {data_processing.py:41} INFO - Loaded 8669 records from S3: data/historical_BTC_USD_20250731140000.csv
[2025-07-31T20:12:19.355+0000] {data_processing.py:41} INFO - Loaded 8640 records from S3: data/historical_BTC_USD_20250731142123.csv
[2025-07-31T20:12:19.375+0000] {data_processing.py:41} INFO - Loaded 8669 records from S3: data/historical_BTC_USD_20250731150000.csv
[2025-07-31T20:12:19.396+0000] {data_processing.py:41} INFO - Loaded 8640 records from S3: data/historical_BTC_USD_20250731152644.csv
[2025-07-31T20:12:19.407+0000] {data_processing.py:41} INFO - Loaded 288 records from S3: data/historical_BTC_USD_20250731154536.csv
[2025-07-31T20:12:19.429+0000] {data_processing.py:41} INFO - Loaded 8669 records from S3: data/historical_BTC_USD_20250731160000.csv
[2025-07-31T20:12:19.441+0000] {data_processing.py:41} INFO - Loaded 288 records from S3: data/historical_BTC_USD_20250731160221.csv
[2025-07-31T20:12:19.452+0000] {data_processing.py:41} INFO - Loaded 288 records from S3: data/historical_BTC_USD_20250731160852.csv
[2025-07-31T20:12:19.473+0000] {data_processing.py:41} INFO - Loaded 8669 records from S3: data/historical_BTC_USD_20250731190000.csv
[2025-07-31T20:12:19.486+0000] {data_processing.py:41} INFO - Loaded 288 records from S3: data/historical_BTC_USD_20250731200329.csv
[2025-07-31T20:12:19.506+0000] {data_processing.py:41} INFO - Loaded 8640 records from S3: data/historical_BTC_USD_20250731201208.csv
[2025-07-31T20:12:19.518+0000] {data_processing.py:84} INFO - Combined 8739 records for BTC-USD
[2025-07-31T20:12:19.520+0000] {hourly_inference.py:88} INFO - Données combinées : shape=(8739, 7)
[2025-07-31T20:12:19.605+0000] {data_processing.py:168} INFO - Removed 50 rows with NaN values. Final shape: (8689, 84)
[2025-07-31T20:12:19.606+0000] {hourly_inference.py:91} INFO - Features : shape=(8689, 84)
[2025-07-31T20:12:19.626+0000] {logging_mixin.py:188} WARNING - /opt/***/src/data_processing.py:187 FutureWarning: DataFrame.fillna with 'method' is deprecated and will raise in a future version. Use obj.ffill() or obj.bfill() instead.
[2025-07-31T20:12:19.633+0000] {data_processing.py:189} INFO - Prepared features: (8689, 80), Target: (8689,)
[2025-07-31T20:12:19.634+0000] {data_processing.py:190} INFO - Feature columns: 80
[2025-07-31T20:12:19.649+0000] {hourly_inference.py:106} INFO - Last row : shape=(1, 80)
[2025-07-31T20:12:19.671+0000] {hourly_inference.py:116} INFO - ✅ Features uploaded → s3://crypto-mlops-bucket/features/date=2025-07-31/hour=20/features.parquet
[2025-07-31T20:12:19.681+0000] {hourly_inference.py:131} INFO - ✅ Target uploaded → s3://crypto-mlops-bucket/targets/date=2025-07-31/hour=19/target.parquet
[2025-07-31T20:12:19.774+0000] {credentials.py:1147} INFO - Found credentials in environment variables.
[2025-07-31T20:12:19.844+0000] {logging_mixin.py:188} WARNING - Downloading artifacts:   0%|          | 0/5 [00:00<?, ?it/s]
[2025-07-31T20:12:19.855+0000] {logging_mixin.py:188} WARNING - Downloading artifacts:  20%|##        | 1/5 [00:00<00:00, 103.49it/s]
[2025-07-31T20:12:19.856+0000] {logging_mixin.py:188} WARNING - Downloading artifacts:  40%|####      | 2/5 [00:00<00:00, 180.36it/s]
[2025-07-31T20:12:19.857+0000] {logging_mixin.py:188} WARNING - Downloading artifacts:  60%|######    | 3/5 [00:00<00:00, 248.58it/s]
[2025-07-31T20:12:19.867+0000] {logging_mixin.py:188} WARNING - Downloading artifacts:  80%|########  | 4/5 [00:00<00:00, 182.52it/s]
[2025-07-31T20:12:19.868+0000] {logging_mixin.py:188} WARNING - Downloading artifacts: 100%|##########| 5/5 [00:00<00:00, 215.41it/s]
[2025-07-31T20:12:19.869+0000] {logging_mixin.py:188} WARNING - Downloading artifacts: 100%|##########| 5/5 [00:00<00:00, 207.31it/s]
[2025-07-31T20:12:20.039+0000] {hourly_inference.py:144} INFO - ✅ Model loaded: crypto_lightgbm_model_BTC_USD, version 20
[2025-07-31T20:12:20.054+0000] {hourly_inference.py:164} INFO - ✅ Prediction uploaded → s3://crypto-mlops-bucket/predictions/date=2025-07-31/hour=20/prediction.parquet
[2025-07-31T20:12:20.055+0000] {python.py:237} INFO - Done. Returned value was: None
[2025-07-31T20:12:20.056+0000] {taskinstance.py:441} INFO - ::group::Post task execution logs
[2025-07-31T20:12:20.066+0000] {taskinstance.py:1205} INFO - Marking task as SUCCESS. dag_id=preprocessing_hourly, task_id=preprocess_and_predict, execution_date=20250731T201208, start_date=20250731T201212, end_date=20250731T201220
[2025-07-31T20:12:20.124+0000] {local_task_job_runner.py:240} INFO - Task exited with return code 0
[2025-07-31T20:12:20.142+0000] {taskinstance.py:3482} INFO - 0 downstream tasks scheduled from follow-on schedule check
[2025-07-31T20:12:20.144+0000] {local_task_job_runner.py:222} INFO - ::endgroup::
