[2025-07-27T21:55:54.345+0000] {local_task_job_runner.py:120} INFO - ::group::Pre task execution logs
[2025-07-27T21:55:54.386+0000] {taskinstance.py:2073} INFO - Dependencies all met for dep_context=non-requeueable deps ti=<TaskInstance: training_pipeline.train_model manual__2025-07-27T21:55:37.057701+00:00 [queued]>
[2025-07-27T21:55:54.398+0000] {taskinstance.py:2073} INFO - Dependencies all met for dep_context=requeueable deps ti=<TaskInstance: training_pipeline.train_model manual__2025-07-27T21:55:37.057701+00:00 [queued]>
[2025-07-27T21:55:54.399+0000] {taskinstance.py:2303} INFO - Starting attempt 1 of 4
[2025-07-27T21:55:54.413+0000] {taskinstance.py:2327} INFO - Executing <Task(PythonOperator): train_model> on 2025-07-27 21:55:37.057701+00:00
[2025-07-27T21:55:54.429+0000] {logging_mixin.py:188} WARNING - /home/***/.local/lib/python3.12/site-packages/***/task/task_runner/standard_task_runner.py:61 DeprecationWarning: This process (pid=637) is multi-threaded, use of fork() may lead to deadlocks in the child.
[2025-07-27T21:55:54.428+0000] {standard_task_runner.py:90} INFO - Running: ['***', 'tasks', 'run', 'training_pipeline', 'train_model', 'manual__2025-07-27T21:55:37.057701+00:00', '--job-id', '5', '--raw', '--subdir', 'DAGS_FOLDER/training_pipeline.py', '--cfg-path', '/tmp/tmpu71ex67n']
[2025-07-27T21:55:54.431+0000] {standard_task_runner.py:63} INFO - Started process 656 to run task
[2025-07-27T21:55:54.431+0000] {standard_task_runner.py:91} INFO - Job 5: Subtask train_model
[2025-07-27T21:55:54.449+0000] {logging_mixin.py:188} WARNING - /home/***/.local/lib/python3.12/site-packages/***/settings.py:195 DeprecationWarning: The sql_alchemy_conn option in [core] has been moved to the sql_alchemy_conn option in [database] - the old setting has been used, but please update your config.
[2025-07-27T21:55:54.490+0000] {task_command.py:426} INFO - Running <TaskInstance: training_pipeline.train_model manual__2025-07-27T21:55:37.057701+00:00 [running]> on host 009547e2a994
[2025-07-27T21:55:54.589+0000] {taskinstance.py:2644} INFO - Exporting env vars: AIRFLOW_CTX_DAG_EMAIL='mlops_team@example.com' AIRFLOW_CTX_DAG_OWNER='mlops' AIRFLOW_CTX_DAG_ID='training_pipeline' AIRFLOW_CTX_TASK_ID='train_model' AIRFLOW_CTX_EXECUTION_DATE='2025-07-27T21:55:37.057701+00:00' AIRFLOW_CTX_TRY_NUMBER='1' AIRFLOW_CTX_DAG_RUN_ID='manual__2025-07-27T21:55:37.057701+00:00'
[2025-07-27T21:55:54.590+0000] {taskinstance.py:430} INFO - ::endgroup::
[2025-07-27T21:55:54.664+0000] {data_processing.py:40} INFO - Loaded 288 records from S3: data/historical_BTC_USD_20250727215546.csv
[2025-07-27T21:55:54.667+0000] {data_processing.py:84} INFO - Combined 288 records for BTC-USD
[2025-07-27T21:55:54.716+0000] {data_processing.py:162} INFO - Removed 50 rows with NaN values. Final shape: (238, 84)
[2025-07-27T21:55:54.719+0000] {logging_mixin.py:188} WARNING - /opt/***/src/data_processing.py:230 FutureWarning: DataFrame.fillna with 'method' is deprecated and will raise in a future version. Use obj.ffill() or obj.bfill() instead.
[2025-07-27T21:55:54.723+0000] {logging_mixin.py:188} WARNING - /opt/***/src/data_processing.py:177 FutureWarning: DataFrame.fillna with 'method' is deprecated and will raise in a future version. Use obj.ffill() or obj.bfill() instead.
[2025-07-27T21:55:54.724+0000] {data_processing.py:179} INFO - Prepared features: (238, 80), Target: (238,)
[2025-07-27T21:55:54.725+0000] {data_processing.py:180} INFO - Feature columns: 80
[2025-07-27T21:55:54.745+0000] {data_processing.py:202} INFO - Saved preprocessor to S3: s3://crypto-mlops-bucket/models/preprocessors/scaler_BTC_USD.pickle
[2025-07-27T21:55:54.836+0000] {logging_mixin.py:188} WARNING - 2025/07/27 21:55:54 WARNING mlflow.utils.git_utils: Failed to import Git (the Git executable is probably not on your PATH), so Git SHA is not available. Error: Failed to initialize: Bad git executable.
The git executable must be specified in one of the following ways:
    - be included in your $PATH
    - be set via $GIT_PYTHON_GIT_EXECUTABLE
    - explicitly set via git.refresh(<full-path-to-git-executable>)

All git commands will error until this is rectified.

This initial message can be silenced or aggravated in the future by setting the
$GIT_PYTHON_REFRESH environment variable. Use one of the following values:
    - quiet|q|silence|s|silent|none|n|0: for no message or exception
    - warn|w|warning|log|l|1: for a warning message (logging level CRITICAL, displayed by default)
    - error|e|exception|raise|r|2: for a raised exception

Example:
    export GIT_PYTHON_REFRESH=quiet
[2025-07-27T21:55:54.931+0000] {model.py:70} INFO - Starting hyperparameter optimization with 100 trials
[2025-07-27T21:55:55.044+0000] {logging_mixin.py:188} INFO - Training until validation scores don't improve for 100 rounds
[2025-07-27T21:55:55.995+0000] {logging_mixin.py:188} INFO - Early stopping, best iteration is:
[1]	valid_0's rmse: 0.0635689
[2025-07-27T21:55:56.055+0000] {logging_mixin.py:188} INFO - Training until validation scores don't improve for 100 rounds
[2025-07-27T21:55:56.407+0000] {logging_mixin.py:188} INFO - Early stopping, best iteration is:
[2]	valid_0's rmse: 0.0638783
[2025-07-27T21:55:56.454+0000] {logging_mixin.py:188} INFO - Training until validation scores don't improve for 100 rounds
[2025-07-27T21:55:56.689+0000] {logging_mixin.py:188} INFO - Early stopping, best iteration is:
[1]	valid_0's rmse: 0.0635396
[2025-07-27T21:55:56.712+0000] {logging_mixin.py:188} INFO - Training until validation scores don't improve for 100 rounds
[2025-07-27T21:55:57.129+0000] {logging_mixin.py:188} INFO - Early stopping, best iteration is:
[83]	valid_0's rmse: 0.0634037
[2025-07-27T21:55:57.152+0000] {logging_mixin.py:188} INFO - Training until validation scores don't improve for 100 rounds
[2025-07-27T21:55:57.327+0000] {logging_mixin.py:188} INFO - Early stopping, best iteration is:
[6]	valid_0's rmse: 0.0634548
[2025-07-27T21:55:57.356+0000] {logging_mixin.py:188} INFO - Training until validation scores don't improve for 100 rounds
[2025-07-27T21:55:57.979+0000] {logging_mixin.py:188} INFO - Early stopping, best iteration is:
[5]	valid_0's rmse: 0.0634387
[2025-07-27T21:55:58.007+0000] {logging_mixin.py:188} INFO - Training until validation scores don't improve for 100 rounds
[2025-07-27T21:55:58.474+0000] {logging_mixin.py:188} INFO - Early stopping, best iteration is:
[1]	valid_0's rmse: 0.0636356
[2025-07-27T21:55:58.509+0000] {logging_mixin.py:188} INFO - Training until validation scores don't improve for 100 rounds
[2025-07-27T21:55:59.647+0000] {logging_mixin.py:188} INFO - Early stopping, best iteration is:
[12]	valid_0's rmse: 0.0633898
[2025-07-27T21:55:59.725+0000] {logging_mixin.py:188} INFO - Training until validation scores don't improve for 100 rounds
[2025-07-27T21:56:00.365+0000] {logging_mixin.py:188} INFO - Early stopping, best iteration is:
[31]	valid_0's rmse: 0.0633302
[2025-07-27T21:56:00.394+0000] {logging_mixin.py:188} INFO - Training until validation scores don't improve for 100 rounds
[2025-07-27T21:56:00.464+0000] {logging_mixin.py:188} INFO - Early stopping, best iteration is:
[1]	valid_0's rmse: 0.0621871
[2025-07-27T21:56:00.523+0000] {logging_mixin.py:188} INFO - Training until validation scores don't improve for 100 rounds
[2025-07-27T21:56:00.549+0000] {logging_mixin.py:188} INFO - Early stopping, best iteration is:
[11]	valid_0's rmse: 0.0634548
[2025-07-27T21:56:00.609+0000] {logging_mixin.py:188} INFO - Training until validation scores don't improve for 100 rounds
[2025-07-27T21:56:00.707+0000] {logging_mixin.py:188} INFO - Early stopping, best iteration is:
[1]	valid_0's rmse: 0.0636591
[2025-07-27T21:56:00.796+0000] {logging_mixin.py:188} INFO - Training until validation scores don't improve for 100 rounds
[2025-07-27T21:56:00.823+0000] {logging_mixin.py:188} INFO - Early stopping, best iteration is:
[1]	valid_0's rmse: 0.0637537
[2025-07-27T21:56:00.892+0000] {logging_mixin.py:188} INFO - Training until validation scores don't improve for 100 rounds
[2025-07-27T21:56:00.915+0000] {logging_mixin.py:188} INFO - Early stopping, best iteration is:
[3]	valid_0's rmse: 0.0634548
[2025-07-27T21:56:00.989+0000] {logging_mixin.py:188} INFO - Training until validation scores don't improve for 100 rounds
[2025-07-27T21:56:01.605+0000] {logging_mixin.py:188} INFO - Early stopping, best iteration is:
[1]	valid_0's rmse: 0.0634667
[2025-07-27T21:56:01.679+0000] {logging_mixin.py:188} INFO - Training until validation scores don't improve for 100 rounds
[2025-07-27T21:56:02.608+0000] {logging_mixin.py:188} INFO - Early stopping, best iteration is:
[1]	valid_0's rmse: 0.063445
[2025-07-27T21:56:02.680+0000] {logging_mixin.py:188} INFO - Training until validation scores don't improve for 100 rounds
[2025-07-27T21:56:03.231+0000] {logging_mixin.py:188} INFO - Early stopping, best iteration is:
[1]	valid_0's rmse: 0.0635153
[2025-07-27T21:56:03.353+0000] {logging_mixin.py:188} INFO - Training until validation scores don't improve for 100 rounds
[2025-07-27T21:56:03.641+0000] {logging_mixin.py:188} INFO - Early stopping, best iteration is:
[7]	valid_0's rmse: 0.0634548
[2025-07-27T21:56:03.713+0000] {logging_mixin.py:188} INFO - Training until validation scores don't improve for 100 rounds
[2025-07-27T21:56:04.117+0000] {logging_mixin.py:188} INFO - Early stopping, best iteration is:
[4]	valid_0's rmse: 0.0633358
[2025-07-27T21:56:04.185+0000] {logging_mixin.py:188} INFO - Training until validation scores don't improve for 100 rounds
[2025-07-27T21:56:04.525+0000] {logging_mixin.py:188} INFO - Early stopping, best iteration is:
[1]	valid_0's rmse: 0.0635387
[2025-07-27T21:56:04.595+0000] {logging_mixin.py:188} INFO - Training until validation scores don't improve for 100 rounds
[2025-07-27T21:56:04.625+0000] {logging_mixin.py:188} INFO - Early stopping, best iteration is:
[2]	valid_0's rmse: 0.0634548
[2025-07-27T21:56:04.693+0000] {logging_mixin.py:188} INFO - Training until validation scores don't improve for 100 rounds
[2025-07-27T21:56:04.713+0000] {logging_mixin.py:188} INFO - Early stopping, best iteration is:
[8]	valid_0's rmse: 0.0631954
[2025-07-27T21:56:04.796+0000] {logging_mixin.py:188} INFO - Training until validation scores don't improve for 100 rounds
[2025-07-27T21:56:04.832+0000] {logging_mixin.py:188} INFO - Early stopping, best iteration is:
[5]	valid_0's rmse: 0.0633796
[2025-07-27T21:56:04.907+0000] {logging_mixin.py:188} INFO - Training until validation scores don't improve for 100 rounds
[2025-07-27T21:56:04.949+0000] {logging_mixin.py:188} INFO - Early stopping, best iteration is:
[1]	valid_0's rmse: 0.0635783
[2025-07-27T21:56:05.175+0000] {logging_mixin.py:188} INFO - Training until validation scores don't improve for 100 rounds
[2025-07-27T21:56:05.386+0000] {logging_mixin.py:188} INFO - Early stopping, best iteration is:
[2]	valid_0's rmse: 0.0634131
[2025-07-27T21:56:05.457+0000] {logging_mixin.py:188} INFO - Training until validation scores don't improve for 100 rounds
[2025-07-27T21:56:05.484+0000] {logging_mixin.py:188} INFO - Early stopping, best iteration is:
[5]	valid_0's rmse: 0.0630269
[2025-07-27T21:56:05.550+0000] {logging_mixin.py:188} INFO - Training until validation scores don't improve for 100 rounds
[2025-07-27T21:56:05.563+0000] {logging_mixin.py:188} INFO - Early stopping, best iteration is:
[4]	valid_0's rmse: 0.0632666
[2025-07-27T21:56:05.627+0000] {logging_mixin.py:188} INFO - Training until validation scores don't improve for 100 rounds
[2025-07-27T21:56:05.647+0000] {logging_mixin.py:188} INFO - Early stopping, best iteration is:
[42]	valid_0's rmse: 0.0634418
[2025-07-27T21:56:05.715+0000] {logging_mixin.py:188} INFO - Training until validation scores don't improve for 100 rounds
[2025-07-27T21:56:05.737+0000] {logging_mixin.py:188} INFO - Early stopping, best iteration is:
[6]	valid_0's rmse: 0.0633487
[2025-07-27T21:56:05.885+0000] {logging_mixin.py:188} INFO - Training until validation scores don't improve for 100 rounds
[2025-07-27T21:56:05.948+0000] {logging_mixin.py:188} INFO - Early stopping, best iteration is:
[1]	valid_0's rmse: 0.0637697
[2025-07-27T21:56:06.013+0000] {logging_mixin.py:188} INFO - Training until validation scores don't improve for 100 rounds
[2025-07-27T21:56:06.030+0000] {logging_mixin.py:188} INFO - Early stopping, best iteration is:
[4]	valid_0's rmse: 0.0634548
[2025-07-27T21:56:06.100+0000] {logging_mixin.py:188} INFO - Training until validation scores don't improve for 100 rounds
[2025-07-27T21:56:06.119+0000] {logging_mixin.py:188} INFO - Early stopping, best iteration is:
[3]	valid_0's rmse: 0.0632738
[2025-07-27T21:56:06.186+0000] {logging_mixin.py:188} INFO - Training until validation scores don't improve for 100 rounds
[2025-07-27T21:56:06.201+0000] {logging_mixin.py:188} INFO - Early stopping, best iteration is:
[3]	valid_0's rmse: 0.063435
[2025-07-27T21:56:06.287+0000] {logging_mixin.py:188} INFO - Training until validation scores don't improve for 100 rounds
[2025-07-27T21:56:06.310+0000] {logging_mixin.py:188} INFO - Early stopping, best iteration is:
[30]	valid_0's rmse: 0.0632956
[2025-07-27T21:56:06.374+0000] {logging_mixin.py:188} INFO - Training until validation scores don't improve for 100 rounds
[2025-07-27T21:56:06.422+0000] {logging_mixin.py:188} INFO - Early stopping, best iteration is:
[7]	valid_0's rmse: 0.0632185
[2025-07-27T21:56:06.484+0000] {logging_mixin.py:188} INFO - Training until validation scores don't improve for 100 rounds
[2025-07-27T21:56:06.516+0000] {logging_mixin.py:188} INFO - Early stopping, best iteration is:
[7]	valid_0's rmse: 0.0630407
[2025-07-27T21:56:06.585+0000] {logging_mixin.py:188} INFO - Training until validation scores don't improve for 100 rounds
[2025-07-27T21:56:06.604+0000] {logging_mixin.py:188} INFO - Early stopping, best iteration is:
[4]	valid_0's rmse: 0.0633216
[2025-07-27T21:56:06.674+0000] {logging_mixin.py:188} INFO - Training until validation scores don't improve for 100 rounds
[2025-07-27T21:56:06.686+0000] {logging_mixin.py:188} INFO - Early stopping, best iteration is:
[3]	valid_0's rmse: 0.0629935
[2025-07-27T21:56:06.793+0000] {logging_mixin.py:188} INFO - Training until validation scores don't improve for 100 rounds
[2025-07-27T21:56:06.805+0000] {logging_mixin.py:188} INFO - Early stopping, best iteration is:
[7]	valid_0's rmse: 0.0631601
[2025-07-27T21:56:06.878+0000] {logging_mixin.py:188} INFO - Training until validation scores don't improve for 100 rounds
[2025-07-27T21:56:06.953+0000] {logging_mixin.py:188} INFO - Early stopping, best iteration is:
[7]	valid_0's rmse: 0.062868
[2025-07-27T21:56:07.022+0000] {logging_mixin.py:188} INFO - Training until validation scores don't improve for 100 rounds
[2025-07-27T21:56:07.075+0000] {logging_mixin.py:188} INFO - Early stopping, best iteration is:
[20]	valid_0's rmse: 0.063089
[2025-07-27T21:56:07.152+0000] {logging_mixin.py:188} INFO - Training until validation scores don't improve for 100 rounds
[2025-07-27T21:56:07.217+0000] {logging_mixin.py:188} INFO - Early stopping, best iteration is:
[7]	valid_0's rmse: 0.0634013
[2025-07-27T21:56:07.288+0000] {logging_mixin.py:188} INFO - Training until validation scores don't improve for 100 rounds
[2025-07-27T21:56:07.313+0000] {logging_mixin.py:188} INFO - Early stopping, best iteration is:
[1]	valid_0's rmse: 0.0634548
[2025-07-27T21:56:07.380+0000] {logging_mixin.py:188} INFO - Training until validation scores don't improve for 100 rounds
[2025-07-27T21:56:07.409+0000] {logging_mixin.py:188} INFO - Early stopping, best iteration is:
[10]	valid_0's rmse: 0.0627283
[2025-07-27T21:56:07.479+0000] {logging_mixin.py:188} INFO - Training until validation scores don't improve for 100 rounds
[2025-07-27T21:56:07.493+0000] {logging_mixin.py:188} INFO - Early stopping, best iteration is:
[7]	valid_0's rmse: 0.0631284
[2025-07-27T21:56:07.562+0000] {logging_mixin.py:188} INFO - Training until validation scores don't improve for 100 rounds
[2025-07-27T21:56:07.611+0000] {logging_mixin.py:188} INFO - Early stopping, best iteration is:
[11]	valid_0's rmse: 0.0626208
[2025-07-27T21:56:07.682+0000] {logging_mixin.py:188} INFO - Training until validation scores don't improve for 100 rounds
[2025-07-27T21:56:07.709+0000] {logging_mixin.py:188} INFO - Early stopping, best iteration is:
[18]	valid_0's rmse: 0.062506
[2025-07-27T21:56:07.792+0000] {logging_mixin.py:188} INFO - Training until validation scores don't improve for 100 rounds
[2025-07-27T21:56:07.843+0000] {logging_mixin.py:188} INFO - Early stopping, best iteration is:
[11]	valid_0's rmse: 0.0629083
[2025-07-27T21:56:07.912+0000] {logging_mixin.py:188} INFO - Training until validation scores don't improve for 100 rounds
[2025-07-27T21:56:07.950+0000] {logging_mixin.py:188} INFO - Early stopping, best iteration is:
[26]	valid_0's rmse: 0.061605
[2025-07-27T21:56:08.026+0000] {logging_mixin.py:188} INFO - Training until validation scores don't improve for 100 rounds
[2025-07-27T21:56:08.074+0000] {logging_mixin.py:188} INFO - Early stopping, best iteration is:
[1]	valid_0's rmse: 0.0638235
[2025-07-27T21:56:08.151+0000] {logging_mixin.py:188} INFO - Training until validation scores don't improve for 100 rounds
[2025-07-27T21:56:08.479+0000] {logging_mixin.py:188} INFO - Early stopping, best iteration is:
[9]	valid_0's rmse: 0.0619993
[2025-07-27T21:56:08.569+0000] {logging_mixin.py:188} INFO - Training until validation scores don't improve for 100 rounds
[2025-07-27T21:56:09.083+0000] {logging_mixin.py:188} INFO - Early stopping, best iteration is:
[5]	valid_0's rmse: 0.061503
[2025-07-27T21:56:09.161+0000] {logging_mixin.py:188} INFO - Training until validation scores don't improve for 100 rounds
[2025-07-27T21:56:09.602+0000] {logging_mixin.py:188} INFO - Early stopping, best iteration is:
[1]	valid_0's rmse: 0.0623733
[2025-07-27T21:56:09.808+0000] {logging_mixin.py:188} INFO - Training until validation scores don't improve for 100 rounds
[2025-07-27T21:56:10.068+0000] {logging_mixin.py:188} INFO - Early stopping, best iteration is:
[5]	valid_0's rmse: 0.0616084
[2025-07-27T21:56:10.140+0000] {logging_mixin.py:188} INFO - Training until validation scores don't improve for 100 rounds
[2025-07-27T21:56:10.179+0000] {logging_mixin.py:188} INFO - Early stopping, best iteration is:
[11]	valid_0's rmse: 0.0620193
[2025-07-27T21:56:10.285+0000] {logging_mixin.py:188} INFO - Training until validation scores don't improve for 100 rounds
[2025-07-27T21:56:10.307+0000] {logging_mixin.py:188} INFO - Early stopping, best iteration is:
[1]	valid_0's rmse: 0.0645685
[2025-07-27T21:56:10.376+0000] {logging_mixin.py:188} INFO - Training until validation scores don't improve for 100 rounds
[2025-07-27T21:56:10.433+0000] {logging_mixin.py:188} INFO - Early stopping, best iteration is:
[5]	valid_0's rmse: 0.0623207
[2025-07-27T21:56:10.500+0000] {logging_mixin.py:188} INFO - Training until validation scores don't improve for 100 rounds
[2025-07-27T21:56:10.545+0000] {logging_mixin.py:188} INFO - Early stopping, best iteration is:
[7]	valid_0's rmse: 0.0618094
[2025-07-27T21:56:10.617+0000] {logging_mixin.py:188} INFO - Training until validation scores don't improve for 100 rounds
[2025-07-27T21:56:10.663+0000] {logging_mixin.py:188} INFO - Early stopping, best iteration is:
[13]	valid_0's rmse: 0.0632336
[2025-07-27T21:56:10.730+0000] {logging_mixin.py:188} INFO - Training until validation scores don't improve for 100 rounds
[2025-07-27T21:56:10.835+0000] {logging_mixin.py:188} INFO - Early stopping, best iteration is:
[1]	valid_0's rmse: 0.0632439
[2025-07-27T21:56:10.909+0000] {logging_mixin.py:188} INFO - Training until validation scores don't improve for 100 rounds
[2025-07-27T21:56:10.953+0000] {logging_mixin.py:188} INFO - Early stopping, best iteration is:
[1]	valid_0's rmse: 0.0635582
[2025-07-27T21:56:11.024+0000] {logging_mixin.py:188} INFO - Training until validation scores don't improve for 100 rounds
[2025-07-27T21:56:11.064+0000] {logging_mixin.py:188} INFO - Early stopping, best iteration is:
[4]	valid_0's rmse: 0.0630218
[2025-07-27T21:56:11.142+0000] {logging_mixin.py:188} INFO - Training until validation scores don't improve for 100 rounds
[2025-07-27T21:56:11.178+0000] {logging_mixin.py:188} INFO - Early stopping, best iteration is:
[14]	valid_0's rmse: 0.0603179
[2025-07-27T21:56:11.297+0000] {logging_mixin.py:188} INFO - Training until validation scores don't improve for 100 rounds
[2025-07-27T21:56:11.393+0000] {logging_mixin.py:188} INFO - Early stopping, best iteration is:
[13]	valid_0's rmse: 0.0604906
[2025-07-27T21:56:11.464+0000] {logging_mixin.py:188} INFO - Training until validation scores don't improve for 100 rounds
[2025-07-27T21:56:11.494+0000] {logging_mixin.py:188} INFO - Early stopping, best iteration is:
[1]	valid_0's rmse: 0.0636854
[2025-07-27T21:56:11.568+0000] {logging_mixin.py:188} INFO - Training until validation scores don't improve for 100 rounds
[2025-07-27T21:56:11.601+0000] {logging_mixin.py:188} INFO - Early stopping, best iteration is:
[1]	valid_0's rmse: 0.0643055
[2025-07-27T21:56:11.675+0000] {logging_mixin.py:188} INFO - Training until validation scores don't improve for 100 rounds
[2025-07-27T21:56:11.693+0000] {logging_mixin.py:188} INFO - Early stopping, best iteration is:
[3]	valid_0's rmse: 0.0608594
[2025-07-27T21:56:11.798+0000] {logging_mixin.py:188} INFO - Training until validation scores don't improve for 100 rounds
[2025-07-27T21:56:11.834+0000] {logging_mixin.py:188} INFO - Early stopping, best iteration is:
[1]	valid_0's rmse: 0.0650017
[2025-07-27T21:56:11.915+0000] {logging_mixin.py:188} INFO - Training until validation scores don't improve for 100 rounds
[2025-07-27T21:56:12.049+0000] {logging_mixin.py:188} INFO - Early stopping, best iteration is:
[1]	valid_0's rmse: 0.0636036
[2025-07-27T21:56:12.133+0000] {logging_mixin.py:188} INFO - Training until validation scores don't improve for 100 rounds
[2025-07-27T21:56:12.169+0000] {logging_mixin.py:188} INFO - Early stopping, best iteration is:
[2]	valid_0's rmse: 0.0634618
[2025-07-27T21:56:12.295+0000] {logging_mixin.py:188} INFO - Training until validation scores don't improve for 100 rounds
[2025-07-27T21:56:12.330+0000] {logging_mixin.py:188} INFO - Early stopping, best iteration is:
[1]	valid_0's rmse: 0.0642386
[2025-07-27T21:56:12.403+0000] {logging_mixin.py:188} INFO - Training until validation scores don't improve for 100 rounds
[2025-07-27T21:56:12.420+0000] {logging_mixin.py:188} INFO - Early stopping, best iteration is:
[34]	valid_0's rmse: 0.0634548
[2025-07-27T21:56:12.497+0000] {logging_mixin.py:188} INFO - Training until validation scores don't improve for 100 rounds
[2025-07-27T21:56:12.539+0000] {logging_mixin.py:188} INFO - Early stopping, best iteration is:
[1]	valid_0's rmse: 0.063866
[2025-07-27T21:56:12.627+0000] {logging_mixin.py:188} INFO - Training until validation scores don't improve for 100 rounds
[2025-07-27T21:56:12.669+0000] {logging_mixin.py:188} INFO - Early stopping, best iteration is:
[1]	valid_0's rmse: 0.0632609
[2025-07-27T21:56:12.801+0000] {logging_mixin.py:188} INFO - Training until validation scores don't improve for 100 rounds
[2025-07-27T21:56:12.826+0000] {logging_mixin.py:188} INFO - Early stopping, best iteration is:
[3]	valid_0's rmse: 0.0637156
[2025-07-27T21:56:12.910+0000] {logging_mixin.py:188} INFO - Training until validation scores don't improve for 100 rounds
[2025-07-27T21:56:12.981+0000] {logging_mixin.py:188} INFO - Early stopping, best iteration is:
[7]	valid_0's rmse: 0.0634548
[2025-07-27T21:56:13.550+0000] {logging_mixin.py:188} INFO - Training until validation scores don't improve for 100 rounds
[2025-07-27T21:56:17.334+0000] {logging_mixin.py:188} INFO - Early stopping, best iteration is:
[1]	valid_0's rmse: 0.0644379
[2025-07-27T21:56:18.347+0000] {logging_mixin.py:188} INFO - Training until validation scores don't improve for 100 rounds
[2025-07-27T21:56:21.518+0000] {logging_mixin.py:188} INFO - Early stopping, best iteration is:
[8]	valid_0's rmse: 0.0609661
[2025-07-27T21:56:21.676+0000] {logging_mixin.py:188} INFO - Training until validation scores don't improve for 100 rounds
[2025-07-27T21:56:21.726+0000] {logging_mixin.py:188} INFO - Early stopping, best iteration is:
[1]	valid_0's rmse: 0.064844
[2025-07-27T21:56:22.022+0000] {logging_mixin.py:188} INFO - Training until validation scores don't improve for 100 rounds
[2025-07-27T21:56:23.673+0000] {logging_mixin.py:188} INFO - Early stopping, best iteration is:
[5]	valid_0's rmse: 0.0617226
[2025-07-27T21:56:24.884+0000] {logging_mixin.py:188} INFO - Training until validation scores don't improve for 100 rounds
[2025-07-27T21:56:25.382+0000] {logging_mixin.py:188} INFO - Early stopping, best iteration is:
[1]	valid_0's rmse: 0.0650182
[2025-07-27T21:56:26.634+0000] {logging_mixin.py:188} INFO - Training until validation scores don't improve for 100 rounds
[2025-07-27T21:56:31.795+0000] {logging_mixin.py:188} INFO - Early stopping, best iteration is:
[2]	valid_0's rmse: 0.0636502
[2025-07-27T21:56:31.879+0000] {logging_mixin.py:188} INFO - Training until validation scores don't improve for 100 rounds
[2025-07-27T21:56:31.913+0000] {logging_mixin.py:188} INFO - Early stopping, best iteration is:
[5]	valid_0's rmse: 0.0622994
[2025-07-27T21:56:32.002+0000] {logging_mixin.py:188} INFO - Training until validation scores don't improve for 100 rounds
[2025-07-27T21:56:32.020+0000] {logging_mixin.py:188} INFO - Early stopping, best iteration is:
[1]	valid_0's rmse: 0.0646275
[2025-07-27T21:56:32.103+0000] {logging_mixin.py:188} INFO - Training until validation scores don't improve for 100 rounds
[2025-07-27T21:56:32.133+0000] {logging_mixin.py:188} INFO - Early stopping, best iteration is:
[1]	valid_0's rmse: 0.0641517
[2025-07-27T21:56:32.218+0000] {logging_mixin.py:188} INFO - Training until validation scores don't improve for 100 rounds
[2025-07-27T21:56:32.345+0000] {logging_mixin.py:188} INFO - Early stopping, best iteration is:
[3]	valid_0's rmse: 0.0625337
[2025-07-27T21:56:32.426+0000] {logging_mixin.py:188} INFO - Training until validation scores don't improve for 100 rounds
[2025-07-27T21:56:32.465+0000] {logging_mixin.py:188} INFO - Early stopping, best iteration is:
[2]	valid_0's rmse: 0.0636051
[2025-07-27T21:56:32.551+0000] {logging_mixin.py:188} INFO - Training until validation scores don't improve for 100 rounds
[2025-07-27T21:56:32.584+0000] {logging_mixin.py:188} INFO - Early stopping, best iteration is:
[1]	valid_0's rmse: 0.0633707
[2025-07-27T21:56:32.671+0000] {logging_mixin.py:188} INFO - Training until validation scores don't improve for 100 rounds
[2025-07-27T21:56:32.719+0000] {logging_mixin.py:188} INFO - Early stopping, best iteration is:
[5]	valid_0's rmse: 0.0633078
[2025-07-27T21:56:32.807+0000] {logging_mixin.py:188} INFO - Training until validation scores don't improve for 100 rounds
[2025-07-27T21:56:32.872+0000] {logging_mixin.py:188} INFO - Early stopping, best iteration is:
[1]	valid_0's rmse: 0.0622122
[2025-07-27T21:56:32.958+0000] {logging_mixin.py:188} INFO - Training until validation scores don't improve for 100 rounds
[2025-07-27T21:56:33.162+0000] {logging_mixin.py:188} INFO - Early stopping, best iteration is:
[4]	valid_0's rmse: 0.0659862
[2025-07-27T21:56:33.292+0000] {logging_mixin.py:188} INFO - Training until validation scores don't improve for 100 rounds
[2025-07-27T21:56:33.333+0000] {logging_mixin.py:188} INFO - Early stopping, best iteration is:
[5]	valid_0's rmse: 0.0622418
[2025-07-27T21:56:33.427+0000] {logging_mixin.py:188} INFO - Training until validation scores don't improve for 100 rounds
[2025-07-27T21:56:33.480+0000] {logging_mixin.py:188} INFO - Early stopping, best iteration is:
[4]	valid_0's rmse: 0.0635465
[2025-07-27T21:56:33.574+0000] {logging_mixin.py:188} INFO - Training until validation scores don't improve for 100 rounds
[2025-07-27T21:56:33.616+0000] {logging_mixin.py:188} INFO - Early stopping, best iteration is:
[1]	valid_0's rmse: 0.0639542
[2025-07-27T21:56:33.707+0000] {logging_mixin.py:188} INFO - Training until validation scores don't improve for 100 rounds
[2025-07-27T21:56:33.806+0000] {logging_mixin.py:188} INFO - Early stopping, best iteration is:
[7]	valid_0's rmse: 0.0625204
[2025-07-27T21:56:33.899+0000] {logging_mixin.py:188} INFO - Training until validation scores don't improve for 100 rounds
[2025-07-27T21:56:33.962+0000] {logging_mixin.py:188} INFO - Early stopping, best iteration is:
[1]	valid_0's rmse: 0.0627836
[2025-07-27T21:56:34.048+0000] {logging_mixin.py:188} INFO - Training until validation scores don't improve for 100 rounds
[2025-07-27T21:56:34.081+0000] {logging_mixin.py:188} INFO - Early stopping, best iteration is:
[1]	valid_0's rmse: 0.064555
[2025-07-27T21:56:34.173+0000] {logging_mixin.py:188} INFO - Training until validation scores don't improve for 100 rounds
[2025-07-27T21:56:34.227+0000] {logging_mixin.py:188} INFO - Early stopping, best iteration is:
[1]	valid_0's rmse: 0.0638767
[2025-07-27T21:56:34.310+0000] {logging_mixin.py:188} INFO - Training until validation scores don't improve for 100 rounds
[2025-07-27T21:56:34.349+0000] {logging_mixin.py:188} INFO - Early stopping, best iteration is:
[5]	valid_0's rmse: 0.063121
[2025-07-27T21:56:34.436+0000] {logging_mixin.py:188} INFO - Training until validation scores don't improve for 100 rounds
[2025-07-27T21:56:34.487+0000] {logging_mixin.py:188} INFO - Early stopping, best iteration is:
[1]	valid_0's rmse: 0.0634209
[2025-07-27T21:56:34.494+0000] {model.py:78} INFO - Best parameters: {'num_leaves': 10, 'learning_rate': 0.2438287776807034, 'feature_fraction': 0.7921167276063471, 'bagging_fraction': 0.616924561992199, 'bagging_freq': 1, 'min_child_samples': 11, 'max_depth': 3, 'reg_alpha': 0.004553223427741032, 'reg_lambda': 0.7661423882009086}
[2025-07-27T21:56:34.496+0000] {model.py:79} INFO - Best RMSE: 0.0603
[2025-07-27T21:56:34.552+0000] {logging_mixin.py:188} WARNING - /home/***/.local/lib/python3.12/site-packages/lightgbm/engine.py:204 UserWarning: Found `num_boost_round` in params. Will use it instead of argument
[2025-07-27T21:56:34.582+0000] {logging_mixin.py:188} INFO - Training until validation scores don't improve for 100 rounds
[2025-07-27T21:56:34.625+0000] {logging_mixin.py:188} INFO - [100]	train's rmse: 0.0120172	val's rmse: 0.0655944
[2025-07-27T21:56:34.634+0000] {logging_mixin.py:188} INFO - Early stopping, best iteration is:
[14]	train's rmse: 0.0486855	val's rmse: 0.0603179
[2025-07-27T21:56:34.717+0000] {credentials.py:1147} INFO - Found credentials in environment variables.
[2025-07-27T21:56:40.826+0000] {logging_mixin.py:188} WARNING - 2025/07/27 21:56:40 WARNING mlflow.models.model: Model logged without a signature and input example. Please set `input_example` parameter when logging the model to auto infer the model signature.
[2025-07-27T21:56:41.050+0000] {logging_mixin.py:188} WARNING - Successfully registered model 'crypto_lightgbm_model_BTC_USD'.
[2025-07-27T21:56:41.097+0000] {logging_mixin.py:188} WARNING - 2025/07/27 21:56:41 INFO mlflow.store.model_registry.abstract_store: Waiting up to 300 seconds for model version to finish creation. Model name: crypto_lightgbm_model_BTC_USD, version 1
[2025-07-27T21:56:41.098+0000] {logging_mixin.py:188} WARNING - Created version '1' of model 'crypto_lightgbm_model_BTC_USD'.
[2025-07-27T21:56:41.099+0000] {model.py:168} INFO - Training completed. MLflow run ID: 85f4b7ed09864e419c5f007fc2b847eb
[2025-07-27T21:56:41.125+0000] {logging_mixin.py:188} WARNING - 2025/07/27 21:56:41 INFO mlflow.tracking._tracking_service.client: 🏃 View run lightgbm_training_BTC-USD_20250727_215554 at: http://mlflow:5000/#/experiments/0/runs/85f4b7ed09864e419c5f007fc2b847eb.
[2025-07-27T21:56:41.126+0000] {logging_mixin.py:188} WARNING - 2025/07/27 21:56:41 INFO mlflow.tracking._tracking_service.client: 🧪 View experiment at: http://mlflow:5000/#/experiments/0.
[2025-07-27T21:56:41.148+0000] {training_pipeline.py:126} INFO - Métriques nettoyées: {'train_rmse': 0.048686, 'val_rmse': 0.060318, 'train_mae': 0.034234, 'val_mae': 0.046235, 'train_r2': 0.479476, 'val_r2': 0.091714}
[2025-07-27T21:56:41.183+0000] {model.py:235} INFO - Saved model to S3: s3://crypto-mlops-bucket/models/BTC-USD/model_85f4b7ed09864e419c5f007fc2b847eb.txt
[2025-07-27T21:56:41.184+0000] {python.py:237} INFO - Done. Returned value was: None
[2025-07-27T21:56:41.185+0000] {taskinstance.py:441} INFO - ::group::Post task execution logs
[2025-07-27T21:56:41.199+0000] {taskinstance.py:1205} INFO - Marking task as SUCCESS. dag_id=training_pipeline, task_id=train_model, execution_date=20250727T215537, start_date=20250727T215554, end_date=20250727T215641
[2025-07-27T21:56:41.282+0000] {local_task_job_runner.py:240} INFO - Task exited with return code 0
[2025-07-27T21:56:41.303+0000] {taskinstance.py:3482} INFO - 1 downstream tasks scheduled from follow-on schedule check
[2025-07-27T21:56:41.305+0000] {local_task_job_runner.py:222} INFO - ::endgroup::
