[2025-07-27T15:48:29.606+0000] {local_task_job_runner.py:120} INFO - ::group::Pre task execution logs
[2025-07-27T15:48:29.647+0000] {taskinstance.py:2073} INFO - Dependencies all met for dep_context=non-requeueable deps ti=<TaskInstance: training_pipeline.train_model manual__2025-07-27T15:48:13.750803+00:00 [queued]>
[2025-07-27T15:48:29.656+0000] {taskinstance.py:2073} INFO - Dependencies all met for dep_context=requeueable deps ti=<TaskInstance: training_pipeline.train_model manual__2025-07-27T15:48:13.750803+00:00 [queued]>
[2025-07-27T15:48:29.657+0000] {taskinstance.py:2303} INFO - Starting attempt 1 of 4
[2025-07-27T15:48:29.672+0000] {taskinstance.py:2327} INFO - Executing <Task(PythonOperator): train_model> on 2025-07-27 15:48:13.750803+00:00
[2025-07-27T15:48:29.688+0000] {logging_mixin.py:188} WARNING - /home/***/.local/lib/python3.12/site-packages/***/task/task_runner/standard_task_runner.py:61 DeprecationWarning: This process (pid=321) is multi-threaded, use of fork() may lead to deadlocks in the child.
[2025-07-27T15:48:29.686+0000] {standard_task_runner.py:90} INFO - Running: ['***', 'tasks', 'run', 'training_pipeline', 'train_model', 'manual__2025-07-27T15:48:13.750803+00:00', '--job-id', '5', '--raw', '--subdir', 'DAGS_FOLDER/training_pipeline.py', '--cfg-path', '/tmp/tmprm4hq5vo']
[2025-07-27T15:48:29.690+0000] {standard_task_runner.py:63} INFO - Started process 338 to run task
[2025-07-27T15:48:29.691+0000] {standard_task_runner.py:91} INFO - Job 5: Subtask train_model
[2025-07-27T15:48:29.711+0000] {logging_mixin.py:188} WARNING - /home/***/.local/lib/python3.12/site-packages/***/settings.py:195 DeprecationWarning: The sql_alchemy_conn option in [core] has been moved to the sql_alchemy_conn option in [database] - the old setting has been used, but please update your config.
[2025-07-27T15:48:29.757+0000] {task_command.py:426} INFO - Running <TaskInstance: training_pipeline.train_model manual__2025-07-27T15:48:13.750803+00:00 [running]> on host bba4c97a2112
[2025-07-27T15:48:29.862+0000] {taskinstance.py:2644} INFO - Exporting env vars: AIRFLOW_CTX_DAG_EMAIL='mlops_team@example.com' AIRFLOW_CTX_DAG_OWNER='mlops' AIRFLOW_CTX_DAG_ID='training_pipeline' AIRFLOW_CTX_TASK_ID='train_model' AIRFLOW_CTX_EXECUTION_DATE='2025-07-27T15:48:13.750803+00:00' AIRFLOW_CTX_TRY_NUMBER='1' AIRFLOW_CTX_DAG_RUN_ID='manual__2025-07-27T15:48:13.750803+00:00'
[2025-07-27T15:48:29.864+0000] {taskinstance.py:430} INFO - ::endgroup::
[2025-07-27T15:48:29.948+0000] {data_processing.py:40} INFO - Loaded 288 records from S3: data/historical_BTC_USD_20250727154821.csv
[2025-07-27T15:48:29.952+0000] {data_processing.py:84} INFO - Combined 288 records for BTC-USD
[2025-07-27T15:48:30.013+0000] {data_processing.py:162} INFO - Removed 50 rows with NaN values. Final shape: (238, 84)
[2025-07-27T15:48:30.018+0000] {logging_mixin.py:188} WARNING - /opt/***/src/data_processing.py:229 FutureWarning: DataFrame.fillna with 'method' is deprecated and will raise in a future version. Use obj.ffill() or obj.bfill() instead.
[2025-07-27T15:48:30.023+0000] {logging_mixin.py:188} WARNING - /opt/***/src/data_processing.py:177 FutureWarning: DataFrame.fillna with 'method' is deprecated and will raise in a future version. Use obj.ffill() or obj.bfill() instead.
[2025-07-27T15:48:30.025+0000] {data_processing.py:179} INFO - Prepared features: (238, 80), Target: (238,)
[2025-07-27T15:48:30.026+0000] {data_processing.py:180} INFO - Feature columns: 80
[2025-07-27T15:48:30.053+0000] {data_processing.py:202} INFO - Saved preprocessor to S3: s3://crypto-mlops-bucket/models/preprocessors/scaler_BTC_USD.pickle
[2025-07-27T15:48:30.159+0000] {logging_mixin.py:188} WARNING - 2025/07/27 15:48:30 WARNING mlflow.utils.git_utils: Failed to import Git (the Git executable is probably not on your PATH), so Git SHA is not available. Error: Failed to initialize: Bad git executable.
The git executable must be specified in one of the following ways:
    - be included in your $PATH
    - be set via $GIT_PYTHON_GIT_EXECUTABLE
    - explicitly set via git.refresh(<full-path-to-git-executable>)

All git commands will error until this is rectified.

This initial message can be silenced or aggravated in the future by setting the
$GIT_PYTHON_REFRESH environment variable. Use one of the following values:
    - quiet|q|silence|s|silent|none|n|0: for no message or exception
    - warn|w|warning|log|l|1: for a warning message (logging level CRITICAL, displayed by default)
    - error|e|exception|raise|r|2: for a raised exception

Example:
    export GIT_PYTHON_REFRESH=quiet
[2025-07-27T15:48:30.286+0000] {model.py:70} INFO - Starting hyperparameter optimization with 100 trials
[2025-07-27T15:48:30.409+0000] {logging_mixin.py:188} INFO - Training until validation scores don't improve for 100 rounds
[2025-07-27T15:48:30.618+0000] {logging_mixin.py:188} INFO - Early stopping, best iteration is:
[2]	valid_0's rmse: 0.0576001
[2025-07-27T15:48:30.903+0000] {logging_mixin.py:188} INFO - Training until validation scores don't improve for 100 rounds
[2025-07-27T15:48:30.942+0000] {logging_mixin.py:188} INFO - Early stopping, best iteration is:
[3]	valid_0's rmse: 0.057488
[2025-07-27T15:48:30.979+0000] {logging_mixin.py:188} INFO - Training until validation scores don't improve for 100 rounds
[2025-07-27T15:48:31.319+0000] {logging_mixin.py:188} INFO - Early stopping, best iteration is:
[12]	valid_0's rmse: 0.0578064
[2025-07-27T15:48:31.349+0000] {logging_mixin.py:188} INFO - Training until validation scores don't improve for 100 rounds
[2025-07-27T15:48:31.464+0000] {logging_mixin.py:188} INFO - Early stopping, best iteration is:
[5]	valid_0's rmse: 0.0575796
[2025-07-27T15:48:31.540+0000] {logging_mixin.py:188} INFO - Training until validation scores don't improve for 100 rounds
[2025-07-27T15:48:31.637+0000] {logging_mixin.py:188} INFO - Early stopping, best iteration is:
[61]	valid_0's rmse: 0.0577171
[2025-07-27T15:48:31.670+0000] {logging_mixin.py:188} INFO - Training until validation scores don't improve for 100 rounds
[2025-07-27T15:48:31.831+0000] {logging_mixin.py:188} INFO - Early stopping, best iteration is:
[72]	valid_0's rmse: 0.057118
[2025-07-27T15:48:31.865+0000] {logging_mixin.py:188} INFO - Training until validation scores don't improve for 100 rounds
[2025-07-27T15:48:32.326+0000] {logging_mixin.py:188} INFO - Early stopping, best iteration is:
[35]	valid_0's rmse: 0.0576923
[2025-07-27T15:48:32.355+0000] {logging_mixin.py:188} INFO - Training until validation scores don't improve for 100 rounds
[2025-07-27T15:48:32.409+0000] {logging_mixin.py:188} INFO - Early stopping, best iteration is:
[24]	valid_0's rmse: 0.0578064
[2025-07-27T15:48:32.466+0000] {logging_mixin.py:188} INFO - Training until validation scores don't improve for 100 rounds
[2025-07-27T15:48:32.837+0000] {logging_mixin.py:188} INFO - Early stopping, best iteration is:
[4]	valid_0's rmse: 0.05756
[2025-07-27T15:48:32.897+0000] {logging_mixin.py:188} INFO - Training until validation scores don't improve for 100 rounds
[2025-07-27T15:48:33.451+0000] {logging_mixin.py:188} INFO - Early stopping, best iteration is:
[4]	valid_0's rmse: 0.057416
[2025-07-27T15:48:33.902+0000] {logging_mixin.py:188} INFO - Training until validation scores don't improve for 100 rounds
[2025-07-27T15:48:40.032+0000] {logging_mixin.py:188} INFO - Early stopping, best iteration is:
[10]	valid_0's rmse: 0.0578064
[2025-07-27T15:48:40.365+0000] {logging_mixin.py:188} INFO - Training until validation scores don't improve for 100 rounds
[2025-07-27T15:48:41.976+0000] {logging_mixin.py:188} INFO - Early stopping, best iteration is:
[12]	valid_0's rmse: 0.0576644
[2025-07-27T15:48:42.164+0000] {logging_mixin.py:188} INFO - Training until validation scores don't improve for 100 rounds
[2025-07-27T15:48:45.734+0000] {logging_mixin.py:188} INFO - Early stopping, best iteration is:
[250]	valid_0's rmse: 0.0577288
[2025-07-27T15:48:45.940+0000] {logging_mixin.py:188} INFO - Training until validation scores don't improve for 100 rounds
[2025-07-27T15:48:46.063+0000] {logging_mixin.py:188} INFO - Early stopping, best iteration is:
[19]	valid_0's rmse: 0.0576264
[2025-07-27T15:48:46.506+0000] {logging_mixin.py:188} INFO - Training until validation scores don't improve for 100 rounds
[2025-07-27T15:48:46.577+0000] {logging_mixin.py:188} INFO - Early stopping, best iteration is:
[2]	valid_0's rmse: 0.0573482
[2025-07-27T15:48:46.699+0000] {logging_mixin.py:188} INFO - Training until validation scores don't improve for 100 rounds
[2025-07-27T15:48:46.729+0000] {logging_mixin.py:188} INFO - Early stopping, best iteration is:
[15]	valid_0's rmse: 0.0577091
[2025-07-27T15:48:46.816+0000] {logging_mixin.py:188} INFO - Training until validation scores don't improve for 100 rounds
[2025-07-27T15:48:46.848+0000] {logging_mixin.py:188} INFO - Early stopping, best iteration is:
[72]	valid_0's rmse: 0.0572665
[2025-07-27T15:48:46.929+0000] {logging_mixin.py:188} INFO - Training until validation scores don't improve for 100 rounds
[2025-07-27T15:48:46.949+0000] {logging_mixin.py:188} INFO - Early stopping, best iteration is:
[35]	valid_0's rmse: 0.0578064
[2025-07-27T15:48:47.029+0000] {logging_mixin.py:188} INFO - Training until validation scores don't improve for 100 rounds
[2025-07-27T15:48:47.058+0000] {logging_mixin.py:188} INFO - Early stopping, best iteration is:
[30]	valid_0's rmse: 0.0573522
[2025-07-27T15:48:47.137+0000] {logging_mixin.py:188} INFO - Training until validation scores don't improve for 100 rounds
[2025-07-27T15:48:47.205+0000] {logging_mixin.py:188} INFO - Early stopping, best iteration is:
[15]	valid_0's rmse: 0.0572414
[2025-07-27T15:48:47.308+0000] {logging_mixin.py:188} INFO - Training until validation scores don't improve for 100 rounds
[2025-07-27T15:48:47.460+0000] {logging_mixin.py:188} INFO - Early stopping, best iteration is:
[9]	valid_0's rmse: 0.0574501
[2025-07-27T15:48:47.538+0000] {logging_mixin.py:188} INFO - Training until validation scores don't improve for 100 rounds
[2025-07-27T15:48:47.556+0000] {logging_mixin.py:188} INFO - Early stopping, best iteration is:
[1]	valid_0's rmse: 0.0575295
[2025-07-27T15:48:47.651+0000] {logging_mixin.py:188} INFO - Training until validation scores don't improve for 100 rounds
[2025-07-27T15:48:47.805+0000] {logging_mixin.py:188} INFO - Early stopping, best iteration is:
[74]	valid_0's rmse: 0.0576788
[2025-07-27T15:48:47.890+0000] {logging_mixin.py:188} INFO - Training until validation scores don't improve for 100 rounds
[2025-07-27T15:48:48.025+0000] {logging_mixin.py:188} INFO - Early stopping, best iteration is:
[11]	valid_0's rmse: 0.0574759
[2025-07-27T15:48:48.121+0000] {logging_mixin.py:188} INFO - Training until validation scores don't improve for 100 rounds
[2025-07-27T15:48:48.164+0000] {logging_mixin.py:188} INFO - Early stopping, best iteration is:
[2]	valid_0's rmse: 0.0578064
[2025-07-27T15:48:48.303+0000] {logging_mixin.py:188} INFO - Training until validation scores don't improve for 100 rounds
[2025-07-27T15:48:48.333+0000] {logging_mixin.py:188} INFO - Early stopping, best iteration is:
[50]	valid_0's rmse: 0.0575551
[2025-07-27T15:48:48.411+0000] {logging_mixin.py:188} INFO - Training until validation scores don't improve for 100 rounds
[2025-07-27T15:48:48.480+0000] {logging_mixin.py:188} INFO - Early stopping, best iteration is:
[17]	valid_0's rmse: 0.0570178
[2025-07-27T15:48:48.580+0000] {logging_mixin.py:188} INFO - Training until validation scores don't improve for 100 rounds
[2025-07-27T15:48:48.679+0000] {logging_mixin.py:188} INFO - Early stopping, best iteration is:
[33]	valid_0's rmse: 0.0571515
[2025-07-27T15:48:48.802+0000] {logging_mixin.py:188} INFO - Training until validation scores don't improve for 100 rounds
[2025-07-27T15:48:48.828+0000] {logging_mixin.py:188} INFO - Early stopping, best iteration is:
[11]	valid_0's rmse: 0.0574915
[2025-07-27T15:48:48.915+0000] {logging_mixin.py:188} INFO - Training until validation scores don't improve for 100 rounds
[2025-07-27T15:48:48.994+0000] {logging_mixin.py:188} INFO - Early stopping, best iteration is:
[14]	valid_0's rmse: 0.0572704
[2025-07-27T15:48:49.088+0000] {logging_mixin.py:188} INFO - Training until validation scores don't improve for 100 rounds
[2025-07-27T15:48:49.342+0000] {logging_mixin.py:188} INFO - Early stopping, best iteration is:
[4]	valid_0's rmse: 0.0577789
[2025-07-27T15:48:49.479+0000] {logging_mixin.py:188} INFO - Training until validation scores don't improve for 100 rounds
[2025-07-27T15:48:49.520+0000] {logging_mixin.py:188} INFO - Early stopping, best iteration is:
[15]	valid_0's rmse: 0.0575141
[2025-07-27T15:48:49.602+0000] {logging_mixin.py:188} INFO - Training until validation scores don't improve for 100 rounds
[2025-07-27T15:48:49.660+0000] {logging_mixin.py:188} INFO - Early stopping, best iteration is:
[84]	valid_0's rmse: 0.0572524
[2025-07-27T15:48:49.803+0000] {logging_mixin.py:188} INFO - Training until validation scores don't improve for 100 rounds
[2025-07-27T15:48:50.071+0000] {logging_mixin.py:188} INFO - Early stopping, best iteration is:
[30]	valid_0's rmse: 0.0572986
[2025-07-27T15:48:50.196+0000] {logging_mixin.py:188} INFO - Training until validation scores don't improve for 100 rounds
[2025-07-27T15:48:50.449+0000] {logging_mixin.py:188} INFO - Early stopping, best iteration is:
[35]	valid_0's rmse: 0.057286
[2025-07-27T15:48:50.544+0000] {logging_mixin.py:188} INFO - Training until validation scores don't improve for 100 rounds
[2025-07-27T15:48:50.679+0000] {logging_mixin.py:188} INFO - Early stopping, best iteration is:
[5]	valid_0's rmse: 0.0575203
[2025-07-27T15:48:50.807+0000] {logging_mixin.py:188} INFO - Training until validation scores don't improve for 100 rounds
[2025-07-27T15:48:51.319+0000] {logging_mixin.py:188} INFO - Early stopping, best iteration is:
[118]	valid_0's rmse: 0.0575875
[2025-07-27T15:48:49.925+0000] {logging_mixin.py:188} INFO - Training until validation scores don't improve for 100 rounds
[2025-07-27T15:48:49.962+0000] {logging_mixin.py:188} INFO - Early stopping, best iteration is:
[89]	valid_0's rmse: 0.0572298
[2025-07-27T15:48:50.056+0000] {logging_mixin.py:188} INFO - Training until validation scores don't improve for 100 rounds
[2025-07-27T15:48:50.098+0000] {logging_mixin.py:188} INFO - Early stopping, best iteration is:
[21]	valid_0's rmse: 0.0575091
[2025-07-27T15:48:50.237+0000] {logging_mixin.py:188} INFO - Training until validation scores don't improve for 100 rounds
[2025-07-27T15:48:50.271+0000] {logging_mixin.py:188} INFO - Early stopping, best iteration is:
[5]	valid_0's rmse: 0.057658
[2025-07-27T15:48:50.361+0000] {logging_mixin.py:188} INFO - Training until validation scores don't improve for 100 rounds
[2025-07-27T15:48:50.396+0000] {logging_mixin.py:188} INFO - Early stopping, best iteration is:
[3]	valid_0's rmse: 0.0573472
[2025-07-27T15:48:50.487+0000] {logging_mixin.py:188} INFO - Training until validation scores don't improve for 100 rounds
[2025-07-27T15:48:50.513+0000] {logging_mixin.py:188} INFO - Early stopping, best iteration is:
[1]	valid_0's rmse: 0.0576301
[2025-07-27T15:48:50.634+0000] {logging_mixin.py:188} INFO - Training until validation scores don't improve for 100 rounds
[2025-07-27T15:48:50.893+0000] {logging_mixin.py:188} INFO - Early stopping, best iteration is:
[9]	valid_0's rmse: 0.0577521
[2025-07-27T15:48:51.096+0000] {logging_mixin.py:188} INFO - Training until validation scores don't improve for 100 rounds
[2025-07-27T15:48:51.357+0000] {logging_mixin.py:188} INFO - Early stopping, best iteration is:
[20]	valid_0's rmse: 0.0575419
[2025-07-27T15:48:51.469+0000] {logging_mixin.py:188} INFO - Training until validation scores don't improve for 100 rounds
[2025-07-27T15:48:51.740+0000] {logging_mixin.py:188} INFO - Early stopping, best iteration is:
[5]	valid_0's rmse: 0.0577503
[2025-07-27T15:48:51.892+0000] {logging_mixin.py:188} INFO - Training until validation scores don't improve for 100 rounds
[2025-07-27T15:48:52.611+0000] {logging_mixin.py:188} INFO - Early stopping, best iteration is:
[5]	valid_0's rmse: 0.0576549
[2025-07-27T15:48:52.901+0000] {logging_mixin.py:188} INFO - Training until validation scores don't improve for 100 rounds
[2025-07-27T15:48:53.158+0000] {logging_mixin.py:188} INFO - Early stopping, best iteration is:
[18]	valid_0's rmse: 0.0574017
[2025-07-27T15:48:53.305+0000] {logging_mixin.py:188} INFO - Training until validation scores don't improve for 100 rounds
[2025-07-27T15:48:53.341+0000] {logging_mixin.py:188} INFO - Early stopping, best iteration is:
[13]	valid_0's rmse: 0.0575545
[2025-07-27T15:48:53.426+0000] {logging_mixin.py:188} INFO - Training until validation scores don't improve for 100 rounds
[2025-07-27T15:48:53.466+0000] {logging_mixin.py:188} INFO - Early stopping, best iteration is:
[17]	valid_0's rmse: 0.057506
[2025-07-27T15:48:53.550+0000] {logging_mixin.py:188} INFO - Training until validation scores don't improve for 100 rounds
[2025-07-27T15:48:53.561+0000] {logging_mixin.py:188} INFO - Early stopping, best iteration is:
[13]	valid_0's rmse: 0.0578064
[2025-07-27T15:48:53.638+0000] {logging_mixin.py:188} INFO - Training until validation scores don't improve for 100 rounds
[2025-07-27T15:48:53.673+0000] {logging_mixin.py:188} INFO - Early stopping, best iteration is:
[152]	valid_0's rmse: 0.0576678
[2025-07-27T15:48:53.825+0000] {logging_mixin.py:188} INFO - Training until validation scores don't improve for 100 rounds
[2025-07-27T15:48:53.994+0000] {logging_mixin.py:188} INFO - Early stopping, best iteration is:
[35]	valid_0's rmse: 0.0573604
[2025-07-27T15:48:54.087+0000] {logging_mixin.py:188} INFO - Training until validation scores don't improve for 100 rounds
[2025-07-27T15:48:54.108+0000] {logging_mixin.py:188} INFO - Early stopping, best iteration is:
[33]	valid_0's rmse: 0.0574521
[2025-07-27T15:48:54.193+0000] {logging_mixin.py:188} INFO - Training until validation scores don't improve for 100 rounds
[2025-07-27T15:48:54.211+0000] {logging_mixin.py:188} INFO - Early stopping, best iteration is:
[21]	valid_0's rmse: 0.0573399
[2025-07-27T15:48:54.334+0000] {logging_mixin.py:188} INFO - Training until validation scores don't improve for 100 rounds
[2025-07-27T15:48:54.360+0000] {logging_mixin.py:188} INFO - Early stopping, best iteration is:
[6]	valid_0's rmse: 0.0578064
[2025-07-27T15:48:54.466+0000] {logging_mixin.py:188} INFO - Training until validation scores don't improve for 100 rounds
[2025-07-27T15:48:54.522+0000] {logging_mixin.py:188} INFO - Early stopping, best iteration is:
[35]	valid_0's rmse: 0.0574795
[2025-07-27T15:48:54.608+0000] {logging_mixin.py:188} INFO - Training until validation scores don't improve for 100 rounds
[2025-07-27T15:48:54.711+0000] {logging_mixin.py:188} INFO - Early stopping, best iteration is:
[30]	valid_0's rmse: 0.0576289
[2025-07-27T15:48:54.830+0000] {logging_mixin.py:188} INFO - Training until validation scores don't improve for 100 rounds
[2025-07-27T15:48:56.119+0000] {logging_mixin.py:188} INFO - Early stopping, best iteration is:
[25]	valid_0's rmse: 0.0576756
[2025-07-27T15:48:56.222+0000] {logging_mixin.py:188} INFO - Training until validation scores don't improve for 100 rounds
[2025-07-27T15:48:56.516+0000] {logging_mixin.py:188} INFO - Early stopping, best iteration is:
[30]	valid_0's rmse: 0.0578064
[2025-07-27T15:48:56.614+0000] {logging_mixin.py:188} INFO - Training until validation scores don't improve for 100 rounds
[2025-07-27T15:48:57.100+0000] {logging_mixin.py:188} INFO - Early stopping, best iteration is:
[23]	valid_0's rmse: 0.0578064
[2025-07-27T15:48:57.323+0000] {logging_mixin.py:188} INFO - Training until validation scores don't improve for 100 rounds
[2025-07-27T15:48:58.185+0000] {logging_mixin.py:188} INFO - Early stopping, best iteration is:
[11]	valid_0's rmse: 0.0575839
[2025-07-27T15:48:58.304+0000] {logging_mixin.py:188} INFO - Training until validation scores don't improve for 100 rounds
[2025-07-27T15:48:59.027+0000] {logging_mixin.py:188} INFO - Early stopping, best iteration is:
[94]	valid_0's rmse: 0.0572175
[2025-07-27T15:48:59.141+0000] {logging_mixin.py:188} INFO - Training until validation scores don't improve for 100 rounds
[2025-07-27T15:48:59.605+0000] {logging_mixin.py:188} INFO - Early stopping, best iteration is:
[11]	valid_0's rmse: 0.0573746
[2025-07-27T15:48:59.724+0000] {logging_mixin.py:188} INFO - Training until validation scores don't improve for 100 rounds
[2025-07-27T15:49:00.559+0000] {logging_mixin.py:188} INFO - Early stopping, best iteration is:
[82]	valid_0's rmse: 0.0575093
[2025-07-27T15:49:00.672+0000] {logging_mixin.py:188} INFO - Training until validation scores don't improve for 100 rounds
[2025-07-27T15:49:01.070+0000] {logging_mixin.py:188} INFO - Early stopping, best iteration is:
[86]	valid_0's rmse: 0.0573594
[2025-07-27T15:49:01.238+0000] {logging_mixin.py:188} INFO - Training until validation scores don't improve for 100 rounds
[2025-07-27T15:49:01.732+0000] {logging_mixin.py:188} INFO - Early stopping, best iteration is:
[30]	valid_0's rmse: 0.057526
[2025-07-27T15:49:01.844+0000] {logging_mixin.py:188} INFO - Training until validation scores don't improve for 100 rounds
[2025-07-27T15:49:02.470+0000] {logging_mixin.py:188} INFO - Early stopping, best iteration is:
[62]	valid_0's rmse: 0.0573332
[2025-07-27T15:49:02.562+0000] {logging_mixin.py:188} INFO - Training until validation scores don't improve for 100 rounds
[2025-07-27T15:49:02.601+0000] {logging_mixin.py:188} INFO - Early stopping, best iteration is:
[73]	valid_0's rmse: 0.0572435
[2025-07-27T15:49:02.698+0000] {logging_mixin.py:188} INFO - Training until validation scores don't improve for 100 rounds
[2025-07-27T15:49:02.809+0000] {logging_mixin.py:188} INFO - Early stopping, best iteration is:
[53]	valid_0's rmse: 0.0571068
[2025-07-27T15:49:02.918+0000] {logging_mixin.py:188} INFO - Training until validation scores don't improve for 100 rounds
[2025-07-27T15:49:03.014+0000] {logging_mixin.py:188} INFO - Early stopping, best iteration is:
[47]	valid_0's rmse: 0.0575763
[2025-07-27T15:49:03.108+0000] {logging_mixin.py:188} INFO - Training until validation scores don't improve for 100 rounds
[2025-07-27T15:49:03.144+0000] {logging_mixin.py:188} INFO - Early stopping, best iteration is:
[55]	valid_0's rmse: 0.0574455
[2025-07-27T15:49:03.300+0000] {logging_mixin.py:188} INFO - Training until validation scores don't improve for 100 rounds
[2025-07-27T15:49:03.329+0000] {logging_mixin.py:188} INFO - Early stopping, best iteration is:
[6]	valid_0's rmse: 0.0577675
[2025-07-27T15:49:03.424+0000] {logging_mixin.py:188} INFO - Training until validation scores don't improve for 100 rounds
[2025-07-27T15:49:03.491+0000] {logging_mixin.py:188} INFO - Early stopping, best iteration is:
[102]	valid_0's rmse: 0.057524
[2025-07-27T15:49:03.586+0000] {logging_mixin.py:188} INFO - Training until validation scores don't improve for 100 rounds
[2025-07-27T15:49:03.616+0000] {logging_mixin.py:188} INFO - Early stopping, best iteration is:
[40]	valid_0's rmse: 0.0575436
[2025-07-27T15:49:03.706+0000] {logging_mixin.py:188} INFO - Training until validation scores don't improve for 100 rounds
[2025-07-27T15:49:03.726+0000] {logging_mixin.py:188} INFO - Early stopping, best iteration is:
[13]	valid_0's rmse: 0.057711
[2025-07-27T15:49:03.823+0000] {logging_mixin.py:188} INFO - Training until validation scores don't improve for 100 rounds
[2025-07-27T15:49:03.894+0000] {logging_mixin.py:188} INFO - Early stopping, best iteration is:
[304]	valid_0's rmse: 0.0577527
[2025-07-27T15:49:04.002+0000] {logging_mixin.py:188} INFO - Training until validation scores don't improve for 100 rounds
[2025-07-27T15:49:04.087+0000] {logging_mixin.py:188} INFO - Early stopping, best iteration is:
[30]	valid_0's rmse: 0.0576261
[2025-07-27T15:49:04.192+0000] {logging_mixin.py:188} INFO - Training until validation scores don't improve for 100 rounds
[2025-07-27T15:49:04.217+0000] {logging_mixin.py:188} INFO - Early stopping, best iteration is:
[11]	valid_0's rmse: 0.0574914
[2025-07-27T15:49:04.329+0000] {logging_mixin.py:188} INFO - Training until validation scores don't improve for 100 rounds
[2025-07-27T15:49:04.391+0000] {logging_mixin.py:188} INFO - Early stopping, best iteration is:
[64]	valid_0's rmse: 0.0576316
[2025-07-27T15:49:04.533+0000] {logging_mixin.py:188} INFO - Training until validation scores don't improve for 100 rounds
[2025-07-27T15:49:04.582+0000] {logging_mixin.py:188} INFO - Early stopping, best iteration is:
[30]	valid_0's rmse: 0.0576494
[2025-07-27T15:49:04.687+0000] {logging_mixin.py:188} INFO - Training until validation scores don't improve for 100 rounds
[2025-07-27T15:49:04.861+0000] {logging_mixin.py:188} INFO - Early stopping, best iteration is:
[4]	valid_0's rmse: 0.0574089
[2025-07-27T15:49:04.954+0000] {logging_mixin.py:188} INFO - Training until validation scores don't improve for 100 rounds
[2025-07-27T15:49:04.978+0000] {logging_mixin.py:188} INFO - Early stopping, best iteration is:
[34]	valid_0's rmse: 0.0571612
[2025-07-27T15:49:05.066+0000] {logging_mixin.py:188} INFO - Training until validation scores don't improve for 100 rounds
[2025-07-27T15:49:05.115+0000] {logging_mixin.py:188} INFO - Early stopping, best iteration is:
[35]	valid_0's rmse: 0.0572078
[2025-07-27T15:49:05.222+0000] {logging_mixin.py:188} INFO - Training until validation scores don't improve for 100 rounds
[2025-07-27T15:49:05.434+0000] {logging_mixin.py:188} INFO - Early stopping, best iteration is:
[34]	valid_0's rmse: 0.057682
[2025-07-27T15:49:05.541+0000] {logging_mixin.py:188} INFO - Training until validation scores don't improve for 100 rounds
[2025-07-27T15:49:05.578+0000] {logging_mixin.py:188} INFO - Early stopping, best iteration is:
[21]	valid_0's rmse: 0.0574134
[2025-07-27T15:49:05.675+0000] {logging_mixin.py:188} INFO - Training until validation scores don't improve for 100 rounds
[2025-07-27T15:49:05.704+0000] {logging_mixin.py:188} INFO - Early stopping, best iteration is:
[8]	valid_0's rmse: 0.0576433
[2025-07-27T15:49:05.795+0000] {logging_mixin.py:188} INFO - Training until validation scores don't improve for 100 rounds
[2025-07-27T15:49:05.817+0000] {logging_mixin.py:188} INFO - Early stopping, best iteration is:
[8]	valid_0's rmse: 0.0577146
[2025-07-27T15:49:05.914+0000] {logging_mixin.py:188} INFO - Training until validation scores don't improve for 100 rounds
[2025-07-27T15:49:05.958+0000] {logging_mixin.py:188} INFO - Early stopping, best iteration is:
[28]	valid_0's rmse: 0.0575376
[2025-07-27T15:49:06.048+0000] {logging_mixin.py:188} INFO - Training until validation scores don't improve for 100 rounds
[2025-07-27T15:49:06.077+0000] {logging_mixin.py:188} INFO - Early stopping, best iteration is:
[8]	valid_0's rmse: 0.0575795
[2025-07-27T15:49:06.189+0000] {logging_mixin.py:188} INFO - Training until validation scores don't improve for 100 rounds
[2025-07-27T15:49:06.334+0000] {logging_mixin.py:188} INFO - Early stopping, best iteration is:
[94]	valid_0's rmse: 0.0574911
[2025-07-27T15:49:06.438+0000] {logging_mixin.py:188} INFO - Training until validation scores don't improve for 100 rounds
[2025-07-27T15:49:06.693+0000] {logging_mixin.py:188} INFO - Early stopping, best iteration is:
[14]	valid_0's rmse: 0.0572765
[2025-07-27T15:49:06.797+0000] {logging_mixin.py:188} INFO - Training until validation scores don't improve for 100 rounds
[2025-07-27T15:49:06.815+0000] {logging_mixin.py:188} INFO - Early stopping, best iteration is:
[8]	valid_0's rmse: 0.0574778
[2025-07-27T15:49:06.912+0000] {logging_mixin.py:188} INFO - Training until validation scores don't improve for 100 rounds
[2025-07-27T15:49:07.020+0000] {logging_mixin.py:188} INFO - Early stopping, best iteration is:
[3]	valid_0's rmse: 0.0577258
[2025-07-27T15:49:07.176+0000] {logging_mixin.py:188} INFO - Training until validation scores don't improve for 100 rounds
[2025-07-27T15:49:07.231+0000] {logging_mixin.py:188} INFO - Early stopping, best iteration is:
[33]	valid_0's rmse: 0.0574155
[2025-07-27T15:49:07.331+0000] {logging_mixin.py:188} INFO - Training until validation scores don't improve for 100 rounds
[2025-07-27T15:49:07.370+0000] {logging_mixin.py:188} INFO - Early stopping, best iteration is:
[30]	valid_0's rmse: 0.057369
[2025-07-27T15:49:07.481+0000] {logging_mixin.py:188} INFO - Training until validation scores don't improve for 100 rounds
[2025-07-27T15:49:07.720+0000] {logging_mixin.py:188} INFO - Early stopping, best iteration is:
[5]	valid_0's rmse: 0.0574521
[2025-07-27T15:49:07.808+0000] {logging_mixin.py:188} INFO - Training until validation scores don't improve for 100 rounds
[2025-07-27T15:49:07.837+0000] {logging_mixin.py:188} INFO - Early stopping, best iteration is:
[22]	valid_0's rmse: 0.0575842
[2025-07-27T15:49:07.929+0000] {logging_mixin.py:188} INFO - Training until validation scores don't improve for 100 rounds
[2025-07-27T15:49:07.988+0000] {logging_mixin.py:188} INFO - Early stopping, best iteration is:
[15]	valid_0's rmse: 0.0575002
[2025-07-27T15:49:08.082+0000] {logging_mixin.py:188} INFO - Training until validation scores don't improve for 100 rounds
[2025-07-27T15:49:08.094+0000] {logging_mixin.py:188} INFO - Early stopping, best iteration is:
[29]	valid_0's rmse: 0.0578064
[2025-07-27T15:49:08.195+0000] {logging_mixin.py:188} INFO - Training until validation scores don't improve for 100 rounds
[2025-07-27T15:49:08.224+0000] {logging_mixin.py:188} INFO - Early stopping, best iteration is:
[30]	valid_0's rmse: 0.0574786
[2025-07-27T15:49:08.231+0000] {model.py:78} INFO - Best parameters: {'num_leaves': 70, 'learning_rate': 0.2582903777372089, 'feature_fraction': 0.5514426794405475, 'bagging_fraction': 0.8483128158326735, 'bagging_freq': 6, 'min_child_samples': 48, 'max_depth': 3, 'reg_alpha': 0.5458227794725888, 'reg_lambda': 0.7556568921268644}
[2025-07-27T15:49:08.233+0000] {model.py:79} INFO - Best RMSE: 0.0570
[2025-07-27T15:49:08.293+0000] {logging_mixin.py:188} WARNING - /home/***/.local/lib/python3.12/site-packages/lightgbm/engine.py:204 UserWarning: Found `num_boost_round` in params. Will use it instead of argument
[2025-07-27T15:49:08.393+0000] {logging_mixin.py:188} INFO - Training until validation scores don't improve for 100 rounds
[2025-07-27T15:49:08.585+0000] {logging_mixin.py:188} INFO - [100]	train's rmse: 0.0377758	val's rmse: 0.0594447
[2025-07-27T15:49:08.689+0000] {logging_mixin.py:188} INFO - Early stopping, best iteration is:
[17]	train's rmse: 0.0409453	val's rmse: 0.0570178
[2025-07-27T15:49:08.806+0000] {credentials.py:1147} INFO - Found credentials in environment variables.
[2025-07-27T15:49:16.906+0000] {logging_mixin.py:188} WARNING - 2025/07/27 15:49:16 WARNING mlflow.models.model: Model logged without a signature and input example. Please set `input_example` parameter when logging the model to auto infer the model signature.
[2025-07-27T15:49:17.099+0000] {logging_mixin.py:188} WARNING - Successfully registered model 'crypto_lightgbm_model_BTC_USD'.
[2025-07-27T15:49:17.151+0000] {logging_mixin.py:188} WARNING - 2025/07/27 15:49:17 INFO mlflow.store.model_registry.abstract_store: Waiting up to 300 seconds for model version to finish creation. Model name: crypto_lightgbm_model_BTC_USD, version 1
[2025-07-27T15:49:17.152+0000] {logging_mixin.py:188} WARNING - Created version '1' of model 'crypto_lightgbm_model_BTC_USD'.
[2025-07-27T15:49:17.154+0000] {model.py:168} INFO - Training completed. MLflow run ID: a6ab372d7b4b481fa900e81a9a4b177a
[2025-07-27T15:49:17.181+0000] {logging_mixin.py:188} WARNING - 2025/07/27 15:49:17 INFO mlflow.tracking._tracking_service.client: 🏃 View run lightgbm_training_BTC-USD_20250727_154830 at: http://mlflow:5000/#/experiments/0/runs/a6ab372d7b4b481fa900e81a9a4b177a.
[2025-07-27T15:49:17.182+0000] {logging_mixin.py:188} WARNING - 2025/07/27 15:49:17 INFO mlflow.tracking._tracking_service.client: 🧪 View experiment at: http://mlflow:5000/#/experiments/0.
[2025-07-27T15:49:17.208+0000] {training_pipeline.py:126} INFO - Métriques nettoyées: {'train_rmse': 0.040945, 'val_rmse': 0.057018, 'train_mae': 0.03158, 'val_mae': 0.04367, 'train_r2': 0.115137, 'val_r2': 0.014565}
[2025-07-27T15:49:17.272+0000] {model.py:235} INFO - Saved model to S3: s3://crypto-mlops-bucket/models/BTC-USD/model_a6ab372d7b4b481fa900e81a9a4b177a.txt
[2025-07-27T15:49:17.275+0000] {python.py:237} INFO - Done. Returned value was: None
[2025-07-27T15:49:17.276+0000] {taskinstance.py:441} INFO - ::group::Post task execution logs
[2025-07-27T15:49:17.289+0000] {taskinstance.py:1205} INFO - Marking task as SUCCESS. dag_id=training_pipeline, task_id=train_model, execution_date=20250727T154813, start_date=20250727T154829, end_date=20250727T154917
[2025-07-27T15:49:17.376+0000] {local_task_job_runner.py:240} INFO - Task exited with return code 0
[2025-07-27T15:49:17.411+0000] {taskinstance.py:3482} INFO - 0 downstream tasks scheduled from follow-on schedule check
[2025-07-27T15:49:17.415+0000] {local_task_job_runner.py:222} INFO - ::endgroup::
