[2025-07-29T21:00:05.207+0000] {local_task_job_runner.py:120} INFO - ::group::Pre task execution logs
[2025-07-29T21:00:05.252+0000] {taskinstance.py:2073} INFO - Dependencies all met for dep_context=non-requeueable deps ti=<TaskInstance: preprocessing_hourly.preprocess_and_predict scheduled__2025-07-29T20:00:00+00:00 [queued]>
[2025-07-29T21:00:05.263+0000] {taskinstance.py:2073} INFO - Dependencies all met for dep_context=requeueable deps ti=<TaskInstance: preprocessing_hourly.preprocess_and_predict scheduled__2025-07-29T20:00:00+00:00 [queued]>
[2025-07-29T21:00:05.280+0000] {taskinstance.py:2303} INFO - Starting attempt 1 of 2
[2025-07-29T21:00:05.300+0000] {taskinstance.py:2327} INFO - Executing <Task(PythonOperator): preprocess_and_predict> on 2025-07-29 20:00:00+00:00
[2025-07-29T21:00:05.321+0000] {logging_mixin.py:188} WARNING - /home/***/.local/lib/python3.12/site-packages/***/task/task_runner/standard_task_runner.py:61 DeprecationWarning: This process (pid=13197) is multi-threaded, use of fork() may lead to deadlocks in the child.
[2025-07-29T21:00:05.319+0000] {standard_task_runner.py:90} INFO - Running: ['***', 'tasks', 'run', 'preprocessing_hourly', 'preprocess_and_predict', 'scheduled__2025-07-29T20:00:00+00:00', '--job-id', '25', '--raw', '--subdir', 'DAGS_FOLDER/ingestion_inference.py', '--cfg-path', '/tmp/tmp_zlamyq7']
[2025-07-29T21:00:05.324+0000] {standard_task_runner.py:63} INFO - Started process 13215 to run task
[2025-07-29T21:00:05.324+0000] {standard_task_runner.py:91} INFO - Job 25: Subtask preprocess_and_predict
[2025-07-29T21:00:05.365+0000] {logging_mixin.py:188} WARNING - /home/***/.local/lib/python3.12/site-packages/***/settings.py:195 DeprecationWarning: The sql_alchemy_conn option in [core] has been moved to the sql_alchemy_conn option in [database] - the old setting has been used, but please update your config.
[2025-07-29T21:00:05.444+0000] {task_command.py:426} INFO - Running <TaskInstance: preprocessing_hourly.preprocess_and_predict scheduled__2025-07-29T20:00:00+00:00 [running]> on host d78ad09e75e4
[2025-07-29T21:00:05.624+0000] {taskinstance.py:2644} INFO - Exporting env vars: AIRFLOW_CTX_DAG_OWNER='mlops' AIRFLOW_CTX_DAG_ID='preprocessing_hourly' AIRFLOW_CTX_TASK_ID='preprocess_and_predict' AIRFLOW_CTX_EXECUTION_DATE='2025-07-29T20:00:00+00:00' AIRFLOW_CTX_TRY_NUMBER='1' AIRFLOW_CTX_DAG_RUN_ID='scheduled__2025-07-29T20:00:00+00:00'
[2025-07-29T21:00:05.625+0000] {taskinstance.py:430} INFO - ::endgroup::
[2025-07-29T21:00:05.647+0000] {logging_mixin.py:188} WARNING - /home/***/.local/lib/python3.12/site-packages/***/utils/context.py:320 AirflowContextDeprecationWarning: Accessing 'execution_date' from the template is deprecated and will be removed in a future version. Please use 'data_interval_start' or 'logical_date' instead.
[2025-07-29T21:00:05.648+0000] {ingestion_inference.py:67} INFO - [DEBUG] Execution date: 2025-07-29 20:00:00+00:00 (type=<class 'Proxy'>)
[2025-07-29T21:00:05.671+0000] {ingestion_inference.py:56} INFO - Bucket crypto-mlops-bucket exists
[2025-07-29T21:00:05.672+0000] {ingestion_inference.py:74} INFO - === Début du préprocessing ===
[2025-07-29T21:00:05.693+0000] {data_ingestion.py:44} INFO - current_start: 2025-06-29 20:00:00+00:00, current_end: 2025-06-30 21:00:00+00:00
[2025-07-29T21:00:05.891+0000] {data_ingestion.py:63} INFO - Fetched 301 candles for BTC-USD from 2025-06-29 20:00:00+00:00 to 2025-06-30 21:00:00+00:00
[2025-07-29T21:00:05.894+0000] {data_ingestion.py:44} INFO - current_start: 2025-06-30 21:00:00+00:00, current_end: 2025-07-01 22:00:00+00:00
[2025-07-29T21:00:06.103+0000] {data_ingestion.py:63} INFO - Fetched 301 candles for BTC-USD from 2025-06-30 21:00:00+00:00 to 2025-07-01 22:00:00+00:00
[2025-07-29T21:00:06.105+0000] {data_ingestion.py:44} INFO - current_start: 2025-07-01 22:00:00+00:00, current_end: 2025-07-02 23:00:00+00:00
[2025-07-29T21:00:06.344+0000] {data_ingestion.py:63} INFO - Fetched 301 candles for BTC-USD from 2025-07-01 22:00:00+00:00 to 2025-07-02 23:00:00+00:00
[2025-07-29T21:00:06.346+0000] {data_ingestion.py:44} INFO - current_start: 2025-07-02 23:00:00+00:00, current_end: 2025-07-04 00:00:00+00:00
[2025-07-29T21:00:06.538+0000] {data_ingestion.py:63} INFO - Fetched 301 candles for BTC-USD from 2025-07-02 23:00:00+00:00 to 2025-07-04 00:00:00+00:00
[2025-07-29T21:00:06.540+0000] {data_ingestion.py:44} INFO - current_start: 2025-07-04 00:00:00+00:00, current_end: 2025-07-05 01:00:00+00:00
[2025-07-29T21:00:06.705+0000] {data_ingestion.py:63} INFO - Fetched 301 candles for BTC-USD from 2025-07-04 00:00:00+00:00 to 2025-07-05 01:00:00+00:00
[2025-07-29T21:00:06.707+0000] {data_ingestion.py:44} INFO - current_start: 2025-07-05 01:00:00+00:00, current_end: 2025-07-06 02:00:00+00:00
[2025-07-29T21:00:06.876+0000] {data_ingestion.py:63} INFO - Fetched 301 candles for BTC-USD from 2025-07-05 01:00:00+00:00 to 2025-07-06 02:00:00+00:00
[2025-07-29T21:00:06.878+0000] {data_ingestion.py:44} INFO - current_start: 2025-07-06 02:00:00+00:00, current_end: 2025-07-07 03:00:00+00:00
[2025-07-29T21:00:07.100+0000] {data_ingestion.py:63} INFO - Fetched 301 candles for BTC-USD from 2025-07-06 02:00:00+00:00 to 2025-07-07 03:00:00+00:00
[2025-07-29T21:00:07.102+0000] {data_ingestion.py:44} INFO - current_start: 2025-07-07 03:00:00+00:00, current_end: 2025-07-08 04:00:00+00:00
[2025-07-29T21:00:07.312+0000] {data_ingestion.py:63} INFO - Fetched 301 candles for BTC-USD from 2025-07-07 03:00:00+00:00 to 2025-07-08 04:00:00+00:00
[2025-07-29T21:00:07.314+0000] {data_ingestion.py:44} INFO - current_start: 2025-07-08 04:00:00+00:00, current_end: 2025-07-09 05:00:00+00:00
[2025-07-29T21:00:07.538+0000] {data_ingestion.py:63} INFO - Fetched 301 candles for BTC-USD from 2025-07-08 04:00:00+00:00 to 2025-07-09 05:00:00+00:00
[2025-07-29T21:00:07.541+0000] {data_ingestion.py:44} INFO - current_start: 2025-07-09 05:00:00+00:00, current_end: 2025-07-10 06:00:00+00:00
[2025-07-29T21:00:07.748+0000] {data_ingestion.py:63} INFO - Fetched 301 candles for BTC-USD from 2025-07-09 05:00:00+00:00 to 2025-07-10 06:00:00+00:00
[2025-07-29T21:00:07.750+0000] {data_ingestion.py:44} INFO - current_start: 2025-07-10 06:00:00+00:00, current_end: 2025-07-11 07:00:00+00:00
[2025-07-29T21:00:07.951+0000] {data_ingestion.py:63} INFO - Fetched 301 candles for BTC-USD from 2025-07-10 06:00:00+00:00 to 2025-07-11 07:00:00+00:00
[2025-07-29T21:00:07.953+0000] {data_ingestion.py:44} INFO - current_start: 2025-07-11 07:00:00+00:00, current_end: 2025-07-12 08:00:00+00:00
[2025-07-29T21:00:08.201+0000] {data_ingestion.py:63} INFO - Fetched 301 candles for BTC-USD from 2025-07-11 07:00:00+00:00 to 2025-07-12 08:00:00+00:00
[2025-07-29T21:00:08.203+0000] {data_ingestion.py:44} INFO - current_start: 2025-07-12 08:00:00+00:00, current_end: 2025-07-13 09:00:00+00:00
[2025-07-29T21:00:08.619+0000] {data_ingestion.py:63} INFO - Fetched 301 candles for BTC-USD from 2025-07-12 08:00:00+00:00 to 2025-07-13 09:00:00+00:00
[2025-07-29T21:00:08.622+0000] {data_ingestion.py:44} INFO - current_start: 2025-07-13 09:00:00+00:00, current_end: 2025-07-14 10:00:00+00:00
[2025-07-29T21:00:08.844+0000] {data_ingestion.py:63} INFO - Fetched 301 candles for BTC-USD from 2025-07-13 09:00:00+00:00 to 2025-07-14 10:00:00+00:00
[2025-07-29T21:00:08.847+0000] {data_ingestion.py:44} INFO - current_start: 2025-07-14 10:00:00+00:00, current_end: 2025-07-15 11:00:00+00:00
[2025-07-29T21:00:09.050+0000] {data_ingestion.py:63} INFO - Fetched 301 candles for BTC-USD from 2025-07-14 10:00:00+00:00 to 2025-07-15 11:00:00+00:00
[2025-07-29T21:00:09.053+0000] {data_ingestion.py:44} INFO - current_start: 2025-07-15 11:00:00+00:00, current_end: 2025-07-16 12:00:00+00:00
[2025-07-29T21:00:09.255+0000] {data_ingestion.py:63} INFO - Fetched 301 candles for BTC-USD from 2025-07-15 11:00:00+00:00 to 2025-07-16 12:00:00+00:00
[2025-07-29T21:00:09.257+0000] {data_ingestion.py:44} INFO - current_start: 2025-07-16 12:00:00+00:00, current_end: 2025-07-17 13:00:00+00:00
[2025-07-29T21:00:09.626+0000] {data_ingestion.py:63} INFO - Fetched 301 candles for BTC-USD from 2025-07-16 12:00:00+00:00 to 2025-07-17 13:00:00+00:00
[2025-07-29T21:00:09.628+0000] {data_ingestion.py:44} INFO - current_start: 2025-07-17 13:00:00+00:00, current_end: 2025-07-18 14:00:00+00:00
[2025-07-29T21:00:09.837+0000] {data_ingestion.py:63} INFO - Fetched 301 candles for BTC-USD from 2025-07-17 13:00:00+00:00 to 2025-07-18 14:00:00+00:00
[2025-07-29T21:00:09.839+0000] {data_ingestion.py:44} INFO - current_start: 2025-07-18 14:00:00+00:00, current_end: 2025-07-19 15:00:00+00:00
[2025-07-29T21:00:10.327+0000] {data_ingestion.py:63} INFO - Fetched 301 candles for BTC-USD from 2025-07-18 14:00:00+00:00 to 2025-07-19 15:00:00+00:00
[2025-07-29T21:00:10.331+0000] {data_ingestion.py:44} INFO - current_start: 2025-07-19 15:00:00+00:00, current_end: 2025-07-20 16:00:00+00:00
[2025-07-29T21:00:10.534+0000] {data_ingestion.py:63} INFO - Fetched 301 candles for BTC-USD from 2025-07-19 15:00:00+00:00 to 2025-07-20 16:00:00+00:00
[2025-07-29T21:00:10.536+0000] {data_ingestion.py:44} INFO - current_start: 2025-07-20 16:00:00+00:00, current_end: 2025-07-21 17:00:00+00:00
[2025-07-29T21:00:10.725+0000] {data_ingestion.py:63} INFO - Fetched 301 candles for BTC-USD from 2025-07-20 16:00:00+00:00 to 2025-07-21 17:00:00+00:00
[2025-07-29T21:00:10.727+0000] {data_ingestion.py:44} INFO - current_start: 2025-07-21 17:00:00+00:00, current_end: 2025-07-22 18:00:00+00:00
[2025-07-29T21:00:11.142+0000] {data_ingestion.py:63} INFO - Fetched 301 candles for BTC-USD from 2025-07-21 17:00:00+00:00 to 2025-07-22 18:00:00+00:00
[2025-07-29T21:00:11.144+0000] {data_ingestion.py:44} INFO - current_start: 2025-07-22 18:00:00+00:00, current_end: 2025-07-23 19:00:00+00:00
[2025-07-29T21:00:11.361+0000] {data_ingestion.py:63} INFO - Fetched 301 candles for BTC-USD from 2025-07-22 18:00:00+00:00 to 2025-07-23 19:00:00+00:00
[2025-07-29T21:00:11.363+0000] {data_ingestion.py:44} INFO - current_start: 2025-07-23 19:00:00+00:00, current_end: 2025-07-24 20:00:00+00:00
[2025-07-29T21:00:11.573+0000] {data_ingestion.py:63} INFO - Fetched 301 candles for BTC-USD from 2025-07-23 19:00:00+00:00 to 2025-07-24 20:00:00+00:00
[2025-07-29T21:00:11.575+0000] {data_ingestion.py:44} INFO - current_start: 2025-07-24 20:00:00+00:00, current_end: 2025-07-25 21:00:00+00:00
[2025-07-29T21:00:11.784+0000] {data_ingestion.py:63} INFO - Fetched 301 candles for BTC-USD from 2025-07-24 20:00:00+00:00 to 2025-07-25 21:00:00+00:00
[2025-07-29T21:00:11.787+0000] {data_ingestion.py:44} INFO - current_start: 2025-07-25 21:00:00+00:00, current_end: 2025-07-26 22:00:00+00:00
[2025-07-29T21:00:12.017+0000] {data_ingestion.py:63} INFO - Fetched 301 candles for BTC-USD from 2025-07-25 21:00:00+00:00 to 2025-07-26 22:00:00+00:00
[2025-07-29T21:00:12.019+0000] {data_ingestion.py:44} INFO - current_start: 2025-07-26 22:00:00+00:00, current_end: 2025-07-27 23:00:00+00:00
[2025-07-29T21:00:12.272+0000] {data_ingestion.py:63} INFO - Fetched 301 candles for BTC-USD from 2025-07-26 22:00:00+00:00 to 2025-07-27 23:00:00+00:00
[2025-07-29T21:00:12.313+0000] {data_ingestion.py:44} INFO - current_start: 2025-07-27 23:00:00+00:00, current_end: 2025-07-29 00:00:00+00:00
[2025-07-29T21:00:12.513+0000] {data_ingestion.py:63} INFO - Fetched 301 candles for BTC-USD from 2025-07-27 23:00:00+00:00 to 2025-07-29 00:00:00+00:00
[2025-07-29T21:00:12.515+0000] {data_ingestion.py:44} INFO - current_start: 2025-07-29 00:00:00+00:00, current_end: 2025-07-29 20:00:00+00:00
[2025-07-29T21:00:12.723+0000] {data_ingestion.py:63} INFO - Fetched 241 candles for BTC-USD from 2025-07-29 00:00:00+00:00 to 2025-07-29 20:00:00+00:00
[2025-07-29T21:00:12.849+0000] {data_ingestion.py:104} INFO - Saved data to S3: s3://crypto-mlops-bucket/data/historical_BTC_USD_20250729200000.csv
[2025-07-29T21:00:12.853+0000] {data_ingestion.py:44} INFO - current_start: 2025-06-29 20:00:00+00:00, current_end: 2025-06-30 21:00:00+00:00
[2025-07-29T21:00:13.076+0000] {data_ingestion.py:63} INFO - Fetched 301 candles for ETH-USD from 2025-06-29 20:00:00+00:00 to 2025-06-30 21:00:00+00:00
[2025-07-29T21:00:13.078+0000] {data_ingestion.py:44} INFO - current_start: 2025-06-30 21:00:00+00:00, current_end: 2025-07-01 22:00:00+00:00
[2025-07-29T21:00:13.275+0000] {data_ingestion.py:63} INFO - Fetched 301 candles for ETH-USD from 2025-06-30 21:00:00+00:00 to 2025-07-01 22:00:00+00:00
[2025-07-29T21:00:13.278+0000] {data_ingestion.py:44} INFO - current_start: 2025-07-01 22:00:00+00:00, current_end: 2025-07-02 23:00:00+00:00
[2025-07-29T21:00:12.046+0000] {data_ingestion.py:63} INFO - Fetched 301 candles for ETH-USD from 2025-07-01 22:00:00+00:00 to 2025-07-02 23:00:00+00:00
[2025-07-29T21:00:12.048+0000] {data_ingestion.py:44} INFO - current_start: 2025-07-02 23:00:00+00:00, current_end: 2025-07-04 00:00:00+00:00
[2025-07-29T21:00:12.256+0000] {data_ingestion.py:63} INFO - Fetched 301 candles for ETH-USD from 2025-07-02 23:00:00+00:00 to 2025-07-04 00:00:00+00:00
[2025-07-29T21:00:12.258+0000] {data_ingestion.py:44} INFO - current_start: 2025-07-04 00:00:00+00:00, current_end: 2025-07-05 01:00:00+00:00
[2025-07-29T21:00:12.469+0000] {data_ingestion.py:63} INFO - Fetched 301 candles for ETH-USD from 2025-07-04 00:00:00+00:00 to 2025-07-05 01:00:00+00:00
[2025-07-29T21:00:12.471+0000] {data_ingestion.py:44} INFO - current_start: 2025-07-05 01:00:00+00:00, current_end: 2025-07-06 02:00:00+00:00
[2025-07-29T21:00:12.689+0000] {data_ingestion.py:63} INFO - Fetched 301 candles for ETH-USD from 2025-07-05 01:00:00+00:00 to 2025-07-06 02:00:00+00:00
[2025-07-29T21:00:12.692+0000] {data_ingestion.py:44} INFO - current_start: 2025-07-06 02:00:00+00:00, current_end: 2025-07-07 03:00:00+00:00
[2025-07-29T21:00:13.110+0000] {data_ingestion.py:63} INFO - Fetched 301 candles for ETH-USD from 2025-07-06 02:00:00+00:00 to 2025-07-07 03:00:00+00:00
[2025-07-29T21:00:13.113+0000] {data_ingestion.py:44} INFO - current_start: 2025-07-07 03:00:00+00:00, current_end: 2025-07-08 04:00:00+00:00
[2025-07-29T21:00:13.392+0000] {data_ingestion.py:63} INFO - Fetched 301 candles for ETH-USD from 2025-07-07 03:00:00+00:00 to 2025-07-08 04:00:00+00:00
[2025-07-29T21:00:13.394+0000] {data_ingestion.py:44} INFO - current_start: 2025-07-08 04:00:00+00:00, current_end: 2025-07-09 05:00:00+00:00
[2025-07-29T21:00:13.594+0000] {data_ingestion.py:63} INFO - Fetched 301 candles for ETH-USD from 2025-07-08 04:00:00+00:00 to 2025-07-09 05:00:00+00:00
[2025-07-29T21:00:13.596+0000] {data_ingestion.py:44} INFO - current_start: 2025-07-09 05:00:00+00:00, current_end: 2025-07-10 06:00:00+00:00
[2025-07-29T21:00:14.005+0000] {data_ingestion.py:63} INFO - Fetched 301 candles for ETH-USD from 2025-07-09 05:00:00+00:00 to 2025-07-10 06:00:00+00:00
[2025-07-29T21:00:14.008+0000] {data_ingestion.py:44} INFO - current_start: 2025-07-10 06:00:00+00:00, current_end: 2025-07-11 07:00:00+00:00
[2025-07-29T21:00:14.194+0000] {data_ingestion.py:63} INFO - Fetched 301 candles for ETH-USD from 2025-07-10 06:00:00+00:00 to 2025-07-11 07:00:00+00:00
[2025-07-29T21:00:14.196+0000] {data_ingestion.py:44} INFO - current_start: 2025-07-11 07:00:00+00:00, current_end: 2025-07-12 08:00:00+00:00
[2025-07-29T21:00:14.383+0000] {data_ingestion.py:63} INFO - Fetched 301 candles for ETH-USD from 2025-07-11 07:00:00+00:00 to 2025-07-12 08:00:00+00:00
[2025-07-29T21:00:14.385+0000] {data_ingestion.py:44} INFO - current_start: 2025-07-12 08:00:00+00:00, current_end: 2025-07-13 09:00:00+00:00
[2025-07-29T21:00:14.590+0000] {data_ingestion.py:63} INFO - Fetched 301 candles for ETH-USD from 2025-07-12 08:00:00+00:00 to 2025-07-13 09:00:00+00:00
[2025-07-29T21:00:14.592+0000] {data_ingestion.py:44} INFO - current_start: 2025-07-13 09:00:00+00:00, current_end: 2025-07-14 10:00:00+00:00
[2025-07-29T21:00:15.023+0000] {data_ingestion.py:63} INFO - Fetched 301 candles for ETH-USD from 2025-07-13 09:00:00+00:00 to 2025-07-14 10:00:00+00:00
[2025-07-29T21:00:15.025+0000] {data_ingestion.py:44} INFO - current_start: 2025-07-14 10:00:00+00:00, current_end: 2025-07-15 11:00:00+00:00
[2025-07-29T21:00:15.241+0000] {data_ingestion.py:63} INFO - Fetched 301 candles for ETH-USD from 2025-07-14 10:00:00+00:00 to 2025-07-15 11:00:00+00:00
[2025-07-29T21:00:15.243+0000] {data_ingestion.py:44} INFO - current_start: 2025-07-15 11:00:00+00:00, current_end: 2025-07-16 12:00:00+00:00
[2025-07-29T21:00:15.857+0000] {data_ingestion.py:63} INFO - Fetched 301 candles for ETH-USD from 2025-07-15 11:00:00+00:00 to 2025-07-16 12:00:00+00:00
[2025-07-29T21:00:15.859+0000] {data_ingestion.py:44} INFO - current_start: 2025-07-16 12:00:00+00:00, current_end: 2025-07-17 13:00:00+00:00
[2025-07-29T21:00:16.056+0000] {data_ingestion.py:63} INFO - Fetched 301 candles for ETH-USD from 2025-07-16 12:00:00+00:00 to 2025-07-17 13:00:00+00:00
[2025-07-29T21:00:16.059+0000] {data_ingestion.py:44} INFO - current_start: 2025-07-17 13:00:00+00:00, current_end: 2025-07-18 14:00:00+00:00
[2025-07-29T21:00:16.268+0000] {data_ingestion.py:63} INFO - Fetched 301 candles for ETH-USD from 2025-07-17 13:00:00+00:00 to 2025-07-18 14:00:00+00:00
[2025-07-29T21:00:16.271+0000] {data_ingestion.py:44} INFO - current_start: 2025-07-18 14:00:00+00:00, current_end: 2025-07-19 15:00:00+00:00
[2025-07-29T21:00:16.700+0000] {data_ingestion.py:63} INFO - Fetched 301 candles for ETH-USD from 2025-07-18 14:00:00+00:00 to 2025-07-19 15:00:00+00:00
[2025-07-29T21:00:16.702+0000] {data_ingestion.py:44} INFO - current_start: 2025-07-19 15:00:00+00:00, current_end: 2025-07-20 16:00:00+00:00
[2025-07-29T21:00:16.908+0000] {data_ingestion.py:63} INFO - Fetched 301 candles for ETH-USD from 2025-07-19 15:00:00+00:00 to 2025-07-20 16:00:00+00:00
[2025-07-29T21:00:16.920+0000] {data_ingestion.py:44} INFO - current_start: 2025-07-20 16:00:00+00:00, current_end: 2025-07-21 17:00:00+00:00
[2025-07-29T21:00:17.132+0000] {data_ingestion.py:63} INFO - Fetched 301 candles for ETH-USD from 2025-07-20 16:00:00+00:00 to 2025-07-21 17:00:00+00:00
[2025-07-29T21:00:17.134+0000] {data_ingestion.py:44} INFO - current_start: 2025-07-21 17:00:00+00:00, current_end: 2025-07-22 18:00:00+00:00
[2025-07-29T21:00:17.339+0000] {data_ingestion.py:63} INFO - Fetched 301 candles for ETH-USD from 2025-07-21 17:00:00+00:00 to 2025-07-22 18:00:00+00:00
[2025-07-29T21:00:17.341+0000] {data_ingestion.py:44} INFO - current_start: 2025-07-22 18:00:00+00:00, current_end: 2025-07-23 19:00:00+00:00
[2025-07-29T21:00:17.548+0000] {data_ingestion.py:63} INFO - Fetched 301 candles for ETH-USD from 2025-07-22 18:00:00+00:00 to 2025-07-23 19:00:00+00:00
[2025-07-29T21:00:17.551+0000] {data_ingestion.py:44} INFO - current_start: 2025-07-23 19:00:00+00:00, current_end: 2025-07-24 20:00:00+00:00
[2025-07-29T21:00:17.741+0000] {data_ingestion.py:63} INFO - Fetched 301 candles for ETH-USD from 2025-07-23 19:00:00+00:00 to 2025-07-24 20:00:00+00:00
[2025-07-29T21:00:17.743+0000] {data_ingestion.py:44} INFO - current_start: 2025-07-24 20:00:00+00:00, current_end: 2025-07-25 21:00:00+00:00
[2025-07-29T21:00:17.959+0000] {data_ingestion.py:63} INFO - Fetched 301 candles for ETH-USD from 2025-07-24 20:00:00+00:00 to 2025-07-25 21:00:00+00:00
[2025-07-29T21:00:17.962+0000] {data_ingestion.py:44} INFO - current_start: 2025-07-25 21:00:00+00:00, current_end: 2025-07-26 22:00:00+00:00
[2025-07-29T21:00:18.169+0000] {data_ingestion.py:63} INFO - Fetched 301 candles for ETH-USD from 2025-07-25 21:00:00+00:00 to 2025-07-26 22:00:00+00:00
[2025-07-29T21:00:18.171+0000] {data_ingestion.py:44} INFO - current_start: 2025-07-26 22:00:00+00:00, current_end: 2025-07-27 23:00:00+00:00
[2025-07-29T21:00:18.375+0000] {data_ingestion.py:63} INFO - Fetched 301 candles for ETH-USD from 2025-07-26 22:00:00+00:00 to 2025-07-27 23:00:00+00:00
[2025-07-29T21:00:18.378+0000] {data_ingestion.py:44} INFO - current_start: 2025-07-27 23:00:00+00:00, current_end: 2025-07-29 00:00:00+00:00
[2025-07-29T21:00:18.585+0000] {data_ingestion.py:63} INFO - Fetched 301 candles for ETH-USD from 2025-07-27 23:00:00+00:00 to 2025-07-29 00:00:00+00:00
[2025-07-29T21:00:18.588+0000] {data_ingestion.py:44} INFO - current_start: 2025-07-29 00:00:00+00:00, current_end: 2025-07-29 20:00:00+00:00
[2025-07-29T21:00:18.754+0000] {data_ingestion.py:63} INFO - Fetched 241 candles for ETH-USD from 2025-07-29 00:00:00+00:00 to 2025-07-29 20:00:00+00:00
[2025-07-29T21:00:18.900+0000] {data_ingestion.py:104} INFO - Saved data to S3: s3://crypto-mlops-bucket/data/historical_ETH_USD_20250729200000.csv
[2025-07-29T21:00:18.901+0000] {ingestion_inference.py:79} INFO - Données brutes récupérées : shape=(8669, 7)
[2025-07-29T21:00:19.019+0000] {data_processing.py:40} INFO - Loaded 11560 records from S3: data/historical_BTC_USD_20250328000000.csv
[2025-07-29T21:00:19.073+0000] {data_processing.py:40} INFO - Loaded 11559 records from S3: data/historical_BTC_USD_20250328080000.csv
[2025-07-29T21:00:19.118+0000] {data_processing.py:40} INFO - Loaded 8669 records from S3: data/historical_BTC_USD_20250729180000.csv
[2025-07-29T21:00:19.161+0000] {data_processing.py:40} INFO - Loaded 8669 records from S3: data/historical_BTC_USD_20250729190000.csv
[2025-07-29T21:00:19.179+0000] {data_processing.py:40} INFO - Loaded 288 records from S3: data/historical_BTC_USD_20250729195030.csv
[2025-07-29T21:00:19.219+0000] {data_processing.py:40} INFO - Loaded 8640 records from S3: data/historical_BTC_USD_20250729195705.csv
[2025-07-29T21:00:19.266+0000] {data_processing.py:40} INFO - Loaded 8669 records from S3: data/historical_BTC_USD_20250729200000.csv
[2025-07-29T21:00:19.354+0000] {data_processing.py:40} INFO - Loaded 8640 records from S3: data/historical_BTC_USD_20250729200813.csv
[2025-07-29T21:00:19.382+0000] {logging_mixin.py:188} WARNING - /opt/***/src/data_processing.py:39 UserWarning: Could not infer format, so each element will be parsed individually, falling back to `dateutil`. To ensure parsing is consistent and as-expected, please specify a format.
[2025-07-29T21:00:19.385+0000] {data_processing.py:40} INFO - Loaded 288 records from S3: data/historical_BTC_USD_20250729202101.csv
[2025-07-29T21:00:19.411+0000] {data_processing.py:40} INFO - Loaded 288 records from S3: data/historical_BTC_USD_20250729202646.csv
[2025-07-29T21:00:19.438+0000] {data_processing.py:40} INFO - Loaded 288 records from S3: data/historical_BTC_USD_20250729202706.csv
[2025-07-29T21:00:19.463+0000] {data_processing.py:40} INFO - Loaded 288 records from S3: data/historical_BTC_USD_20250729202727.csv
[2025-07-29T21:00:19.489+0000] {data_processing.py:40} INFO - Loaded 288 records from S3: data/historical_BTC_USD_20250729202748.csv
[2025-07-29T21:00:19.511+0000] {data_processing.py:40} INFO - Loaded 287 records from S3: data/historical_BTC_USD_20250729203009.csv
[2025-07-29T21:00:19.531+0000] {data_processing.py:40} INFO - Loaded 288 records from S3: data/historical_BTC_USD_20250729203104.csv
[2025-07-29T21:00:19.552+0000] {data_processing.py:40} INFO - Loaded 288 records from S3: data/historical_BTC_USD_20250729203305.csv
[2025-07-29T21:00:19.573+0000] {data_processing.py:40} INFO - Loaded 288 records from S3: data/historical_BTC_USD_20250729204321.csv
[2025-07-29T21:00:19.592+0000] {data_processing.py:40} INFO - Loaded 288 records from S3: data/historical_BTC_USD_20250729204818.csv
[2025-07-29T21:00:19.611+0000] {data_processing.py:40} INFO - Loaded 288 records from S3: data/historical_BTC_USD_20250729205156.csv
[2025-07-29T21:00:19.631+0000] {data_processing.py:40} INFO - Loaded 288 records from S3: data/historical_BTC_USD_20250729205510.csv
[2025-07-29T21:00:19.649+0000] {data_processing.py:40} INFO - Loaded 288 records from S3: data/historical_BTC_USD_20250729205654.csv
[2025-07-29T21:00:19.693+0000] {data_processing.py:84} INFO - Combined 20293 records for BTC-USD
[2025-07-29T21:00:19.696+0000] {ingestion_inference.py:83} INFO - Données combinées : shape=(20293, 7)
[2025-07-29T21:00:19.987+0000] {data_processing.py:162} INFO - Removed 50 rows with NaN values. Final shape: (20243, 84)
[2025-07-29T21:00:19.988+0000] {ingestion_inference.py:86} INFO - Features : shape=(20243, 84)
[2025-07-29T21:00:20.002+0000] {ingestion_inference.py:90} INFO - Scaler chargé
[2025-07-29T21:00:20.031+0000] {logging_mixin.py:188} WARNING - /opt/***/src/data_processing.py:177 FutureWarning: DataFrame.fillna with 'method' is deprecated and will raise in a future version. Use obj.ffill() or obj.bfill() instead.
[2025-07-29T21:00:20.055+0000] {data_processing.py:179} INFO - Prepared features: (20243, 80), Target: (20243,)
[2025-07-29T21:00:20.056+0000] {data_processing.py:180} INFO - Feature columns: 80
[2025-07-29T21:00:20.099+0000] {ingestion_inference.py:102} INFO - Last row : shape=(1, 80)
[2025-07-29T21:00:20.240+0000] {ingestion_inference.py:112} INFO - ✅ Features uploaded → s3://crypto-mlops-bucket/features/date=2025-07-29/hour=20/features.parquet
[2025-07-29T21:00:20.262+0000] {ingestion_inference.py:123} INFO - ✅ Target uploaded → s3://crypto-mlops-bucket/targets/date=2025-07-29/hour=20/target.parquet
[2025-07-29T21:00:20.435+0000] {credentials.py:1147} INFO - Found credentials in environment variables.
[2025-07-29T21:00:20.615+0000] {logging_mixin.py:188} WARNING - Downloading artifacts:   0%|          | 0/5 [00:00<?, ?it/s]
[2025-07-29T21:00:20.617+0000] {logging_mixin.py:188} WARNING - Downloading artifacts:  20%|##        | 1/5 [00:00<00:00, 4092.00it/s]
[2025-07-29T21:00:20.629+0000] {logging_mixin.py:188} WARNING - Downloading artifacts:  40%|####      | 2/5 [00:00<00:00, 169.27it/s] 
[2025-07-29T21:00:20.633+0000] {logging_mixin.py:188} WARNING - Downloading artifacts:  60%|######    | 3/5 [00:00<00:00, 187.06it/s]
[2025-07-29T21:00:20.634+0000] {logging_mixin.py:188} WARNING - Downloading artifacts:  80%|########  | 4/5 [00:00<00:00, 236.36it/s]
[2025-07-29T21:00:20.634+0000] {logging_mixin.py:188} WARNING - Downloading artifacts: 100%|##########| 5/5 [00:00<00:00, 282.23it/s]
[2025-07-29T21:00:20.635+0000] {logging_mixin.py:188} WARNING - Downloading artifacts: 100%|##########| 5/5 [00:00<00:00, 270.15it/s]
[2025-07-29T21:00:20.908+0000] {ingestion_inference.py:136} INFO - ✅ Model loaded: crypto_lightgbm_model_BTC_USD, version 8
[2025-07-29T21:00:20.972+0000] {ingestion_inference.py:156} INFO - ✅ Prediction uploaded → s3://crypto-mlops-bucket/predictions/date=2025-07-29/hour=20/prediction.parquet
[2025-07-29T21:00:20.974+0000] {ingestion_inference.py:158} INFO - === Fin du préprocessing & prédiction ===
[2025-07-29T21:00:20.979+0000] {python.py:237} INFO - Done. Returned value was: None
[2025-07-29T21:00:20.983+0000] {taskinstance.py:441} INFO - ::group::Post task execution logs
[2025-07-29T21:00:20.998+0000] {taskinstance.py:1205} INFO - Marking task as SUCCESS. dag_id=preprocessing_hourly, task_id=preprocess_and_predict, execution_date=20250729T200000, start_date=20250729T210005, end_date=20250729T210020
[2025-07-29T21:00:21.098+0000] {local_task_job_runner.py:240} INFO - Task exited with return code 0
[2025-07-29T21:00:21.116+0000] {taskinstance.py:3482} INFO - 0 downstream tasks scheduled from follow-on schedule check
[2025-07-29T21:00:21.140+0000] {local_task_job_runner.py:222} INFO - ::endgroup::
