[2025-07-31T22:31:05.467+0000] {local_task_job_runner.py:120} INFO - ::group::Pre task execution logs
[2025-07-31T22:31:05.534+0000] {taskinstance.py:2073} INFO - Dependencies all met for dep_context=non-requeueable deps ti=<TaskInstance: drift_monitoring_dag.check_drift_and_trigger manual__2025-07-31T22:30:59.664424+00:00 [queued]>
[2025-07-31T22:31:05.546+0000] {taskinstance.py:2073} INFO - Dependencies all met for dep_context=requeueable deps ti=<TaskInstance: drift_monitoring_dag.check_drift_and_trigger manual__2025-07-31T22:30:59.664424+00:00 [queued]>
[2025-07-31T22:31:05.548+0000] {taskinstance.py:2303} INFO - Starting attempt 1 of 2
[2025-07-31T22:31:05.565+0000] {taskinstance.py:2327} INFO - Executing <Task(PythonOperator): check_drift_and_trigger> on 2025-07-31 22:30:59.664424+00:00
[2025-07-31T22:31:05.586+0000] {logging_mixin.py:188} WARNING - /home/***/.local/lib/python3.12/site-packages/***/task/task_runner/standard_task_runner.py:61 DeprecationWarning: This process (pid=28929) is multi-threaded, use of fork() may lead to deadlocks in the child.
[2025-07-31T22:31:05.588+0000] {standard_task_runner.py:63} INFO - Started process 28951 to run task
[2025-07-31T22:31:05.595+0000] {standard_task_runner.py:90} INFO - Running: ['***', 'tasks', 'run', 'drift_monitoring_dag', 'check_drift_and_trigger', 'manual__2025-07-31T22:30:59.664424+00:00', '--job-id', '293', '--raw', '--subdir', 'DAGS_FOLDER/drift_monitoring.py', '--cfg-path', '/tmp/tmpjq8wc1x2']
[2025-07-31T22:31:05.601+0000] {standard_task_runner.py:91} INFO - Job 293: Subtask check_drift_and_trigger
[2025-07-31T22:31:05.634+0000] {logging_mixin.py:188} WARNING - /home/***/.local/lib/python3.12/site-packages/***/settings.py:195 DeprecationWarning: The sql_alchemy_conn option in [core] has been moved to the sql_alchemy_conn option in [database] - the old setting has been used, but please update your config.
[2025-07-31T22:31:05.693+0000] {task_command.py:426} INFO - Running <TaskInstance: drift_monitoring_dag.check_drift_and_trigger manual__2025-07-31T22:30:59.664424+00:00 [running]> on host 44c57df83f33
[2025-07-31T22:31:05.858+0000] {taskinstance.py:2644} INFO - Exporting env vars: AIRFLOW_CTX_DAG_OWNER='***' AIRFLOW_CTX_DAG_ID='drift_monitoring_dag' AIRFLOW_CTX_TASK_ID='check_drift_and_trigger' AIRFLOW_CTX_EXECUTION_DATE='2025-07-31T22:30:59.664424+00:00' AIRFLOW_CTX_TRY_NUMBER='1' AIRFLOW_CTX_DAG_RUN_ID='manual__2025-07-31T22:30:59.664424+00:00'
[2025-07-31T22:31:05.860+0000] {taskinstance.py:430} INFO - ::endgroup::
[2025-07-31T22:31:05.914+0000] {drift_monitoring.py:58} WARNING - File not found: s3://crypto-mlops-bucket/predictions/date=2025-07-31/hour=22/prediction.parquet
[2025-07-31T22:31:05.926+0000] {drift_monitoring.py:58} WARNING - File not found: s3://crypto-mlops-bucket/targets/date=2025-07-31/hour=22/target.parquet
[2025-07-31T22:31:06.066+0000] {drift_monitoring.py:58} WARNING - File not found: s3://crypto-mlops-bucket/targets/date=2025-07-31/hour=21/target.parquet
[2025-07-31T22:31:06.157+0000] {drift_monitoring.py:58} WARNING - File not found: s3://crypto-mlops-bucket/predictions/date=2025-07-31/hour=18/prediction.parquet
[2025-07-31T22:31:06.185+0000] {drift_monitoring.py:58} WARNING - File not found: s3://crypto-mlops-bucket/predictions/date=2025-07-31/hour=17/prediction.parquet
[2025-07-31T22:31:06.198+0000] {drift_monitoring.py:58} WARNING - File not found: s3://crypto-mlops-bucket/targets/date=2025-07-31/hour=17/target.parquet
[2025-07-31T22:31:06.226+0000] {drift_monitoring.py:58} WARNING - File not found: s3://crypto-mlops-bucket/targets/date=2025-07-31/hour=16/target.parquet
[2025-07-31T22:31:06.379+0000] {drift_monitoring.py:58} WARNING - File not found: s3://crypto-mlops-bucket/predictions/date=2025-07-31/hour=12/prediction.parquet
[2025-07-31T22:31:06.439+0000] {drift_monitoring.py:58} WARNING - File not found: s3://crypto-mlops-bucket/predictions/date=2025-07-31/hour=11/prediction.parquet
[2025-07-31T22:31:06.452+0000] {drift_monitoring.py:58} WARNING - File not found: s3://crypto-mlops-bucket/targets/date=2025-07-31/hour=11/target.parquet
[2025-07-31T22:31:06.466+0000] {drift_monitoring.py:58} WARNING - File not found: s3://crypto-mlops-bucket/predictions/date=2025-07-31/hour=10/prediction.parquet
[2025-07-31T22:31:06.479+0000] {drift_monitoring.py:58} WARNING - File not found: s3://crypto-mlops-bucket/targets/date=2025-07-31/hour=10/target.parquet
[2025-07-31T22:31:06.492+0000] {drift_monitoring.py:58} WARNING - File not found: s3://crypto-mlops-bucket/predictions/date=2025-07-31/hour=09/prediction.parquet
[2025-07-31T22:31:06.505+0000] {drift_monitoring.py:58} WARNING - File not found: s3://crypto-mlops-bucket/targets/date=2025-07-31/hour=09/target.parquet
[2025-07-31T22:31:06.517+0000] {drift_monitoring.py:58} WARNING - File not found: s3://crypto-mlops-bucket/predictions/date=2025-07-31/hour=08/prediction.parquet
[2025-07-31T22:31:06.529+0000] {drift_monitoring.py:58} WARNING - File not found: s3://crypto-mlops-bucket/targets/date=2025-07-31/hour=08/target.parquet
[2025-07-31T22:31:06.541+0000] {drift_monitoring.py:58} WARNING - File not found: s3://crypto-mlops-bucket/predictions/date=2025-07-31/hour=07/prediction.parquet
[2025-07-31T22:31:06.553+0000] {drift_monitoring.py:58} WARNING - File not found: s3://crypto-mlops-bucket/targets/date=2025-07-31/hour=07/target.parquet
[2025-07-31T22:31:06.564+0000] {drift_monitoring.py:58} WARNING - File not found: s3://crypto-mlops-bucket/predictions/date=2025-07-31/hour=06/prediction.parquet
[2025-07-31T22:31:06.575+0000] {drift_monitoring.py:58} WARNING - File not found: s3://crypto-mlops-bucket/targets/date=2025-07-31/hour=06/target.parquet
[2025-07-31T22:31:06.589+0000] {drift_monitoring.py:58} WARNING - File not found: s3://crypto-mlops-bucket/predictions/date=2025-07-31/hour=05/prediction.parquet
[2025-07-31T22:31:06.601+0000] {drift_monitoring.py:58} WARNING - File not found: s3://crypto-mlops-bucket/targets/date=2025-07-31/hour=05/target.parquet
[2025-07-31T22:31:06.613+0000] {drift_monitoring.py:58} WARNING - File not found: s3://crypto-mlops-bucket/predictions/date=2025-07-31/hour=04/prediction.parquet
[2025-07-31T22:31:06.626+0000] {drift_monitoring.py:58} WARNING - File not found: s3://crypto-mlops-bucket/targets/date=2025-07-31/hour=04/target.parquet
[2025-07-31T22:31:06.640+0000] {drift_monitoring.py:58} WARNING - File not found: s3://crypto-mlops-bucket/predictions/date=2025-07-31/hour=03/prediction.parquet
[2025-07-31T22:31:06.654+0000] {drift_monitoring.py:58} WARNING - File not found: s3://crypto-mlops-bucket/targets/date=2025-07-31/hour=03/target.parquet
[2025-07-31T22:31:06.667+0000] {drift_monitoring.py:58} WARNING - File not found: s3://crypto-mlops-bucket/predictions/date=2025-07-31/hour=02/prediction.parquet
[2025-07-31T22:31:06.679+0000] {drift_monitoring.py:58} WARNING - File not found: s3://crypto-mlops-bucket/targets/date=2025-07-31/hour=02/target.parquet
[2025-07-31T22:31:06.691+0000] {drift_monitoring.py:58} WARNING - File not found: s3://crypto-mlops-bucket/predictions/date=2025-07-31/hour=01/prediction.parquet
[2025-07-31T22:31:06.704+0000] {drift_monitoring.py:58} WARNING - File not found: s3://crypto-mlops-bucket/targets/date=2025-07-31/hour=01/target.parquet
[2025-07-31T22:31:06.715+0000] {drift_monitoring.py:58} WARNING - File not found: s3://crypto-mlops-bucket/predictions/date=2025-07-31/hour=00/prediction.parquet
[2025-07-31T22:31:06.727+0000] {drift_monitoring.py:58} WARNING - File not found: s3://crypto-mlops-bucket/targets/date=2025-07-31/hour=00/target.parquet
[2025-07-31T22:31:06.739+0000] {drift_monitoring.py:58} WARNING - File not found: s3://crypto-mlops-bucket/predictions/date=2025-07-30/hour=23/prediction.parquet
[2025-07-31T22:31:06.752+0000] {drift_monitoring.py:58} WARNING - File not found: s3://crypto-mlops-bucket/targets/date=2025-07-30/hour=23/target.parquet
[2025-07-31T22:31:06.768+0000] {drift_monitoring.py:58} WARNING - File not found: s3://crypto-mlops-bucket/predictions/date=2025-07-30/hour=22/prediction.parquet
[2025-07-31T22:31:06.787+0000] {drift_monitoring.py:58} WARNING - File not found: s3://crypto-mlops-bucket/targets/date=2025-07-30/hour=22/target.parquet
[2025-07-31T22:31:06.807+0000] {drift_monitoring.py:58} WARNING - File not found: s3://crypto-mlops-bucket/predictions/date=2025-07-30/hour=21/prediction.parquet
[2025-07-31T22:31:06.831+0000] {drift_monitoring.py:58} WARNING - File not found: s3://crypto-mlops-bucket/targets/date=2025-07-30/hour=21/target.parquet
[2025-07-31T22:31:06.850+0000] {drift_monitoring.py:58} WARNING - File not found: s3://crypto-mlops-bucket/predictions/date=2025-07-30/hour=20/prediction.parquet
[2025-07-31T22:31:06.865+0000] {drift_monitoring.py:58} WARNING - File not found: s3://crypto-mlops-bucket/targets/date=2025-07-30/hour=20/target.parquet
[2025-07-31T22:31:06.879+0000] {drift_monitoring.py:58} WARNING - File not found: s3://crypto-mlops-bucket/predictions/date=2025-07-30/hour=19/prediction.parquet
[2025-07-31T22:31:06.893+0000] {drift_monitoring.py:58} WARNING - File not found: s3://crypto-mlops-bucket/targets/date=2025-07-30/hour=19/target.parquet
[2025-07-31T22:31:07.715+0000] {drift_monitoring.py:58} WARNING - File not found: s3://crypto-mlops-bucket/predictions/date=2025-07-30/hour=18/prediction.parquet
[2025-07-31T22:31:07.731+0000] {drift_monitoring.py:58} WARNING - File not found: s3://crypto-mlops-bucket/targets/date=2025-07-30/hour=18/target.parquet
[2025-07-31T22:31:04.636+0000] {drift_monitoring.py:58} WARNING - File not found: s3://crypto-mlops-bucket/predictions/date=2025-07-30/hour=17/prediction.parquet
[2025-07-31T22:31:04.651+0000] {drift_monitoring.py:58} WARNING - File not found: s3://crypto-mlops-bucket/targets/date=2025-07-30/hour=17/target.parquet
[2025-07-31T22:31:04.666+0000] {drift_monitoring.py:58} WARNING - File not found: s3://crypto-mlops-bucket/predictions/date=2025-07-30/hour=16/prediction.parquet
[2025-07-31T22:31:04.682+0000] {drift_monitoring.py:58} WARNING - File not found: s3://crypto-mlops-bucket/targets/date=2025-07-30/hour=16/target.parquet
[2025-07-31T22:31:04.700+0000] {drift_monitoring.py:58} WARNING - File not found: s3://crypto-mlops-bucket/predictions/date=2025-07-30/hour=15/prediction.parquet
[2025-07-31T22:31:04.716+0000] {drift_monitoring.py:58} WARNING - File not found: s3://crypto-mlops-bucket/targets/date=2025-07-30/hour=15/target.parquet
[2025-07-31T22:31:04.733+0000] {drift_monitoring.py:58} WARNING - File not found: s3://crypto-mlops-bucket/predictions/date=2025-07-30/hour=14/prediction.parquet
[2025-07-31T22:31:04.750+0000] {drift_monitoring.py:58} WARNING - File not found: s3://crypto-mlops-bucket/targets/date=2025-07-30/hour=14/target.parquet
[2025-07-31T22:31:04.766+0000] {drift_monitoring.py:58} WARNING - File not found: s3://crypto-mlops-bucket/predictions/date=2025-07-30/hour=13/prediction.parquet
[2025-07-31T22:31:04.780+0000] {drift_monitoring.py:58} WARNING - File not found: s3://crypto-mlops-bucket/targets/date=2025-07-30/hour=13/target.parquet
[2025-07-31T22:31:04.795+0000] {drift_monitoring.py:58} WARNING - File not found: s3://crypto-mlops-bucket/predictions/date=2025-07-30/hour=12/prediction.parquet
[2025-07-31T22:31:04.811+0000] {drift_monitoring.py:58} WARNING - File not found: s3://crypto-mlops-bucket/targets/date=2025-07-30/hour=12/target.parquet
[2025-07-31T22:31:04.827+0000] {drift_monitoring.py:58} WARNING - File not found: s3://crypto-mlops-bucket/predictions/date=2025-07-30/hour=11/prediction.parquet
[2025-07-31T22:31:04.841+0000] {drift_monitoring.py:58} WARNING - File not found: s3://crypto-mlops-bucket/targets/date=2025-07-30/hour=11/target.parquet
[2025-07-31T22:31:04.856+0000] {drift_monitoring.py:58} WARNING - File not found: s3://crypto-mlops-bucket/predictions/date=2025-07-30/hour=10/prediction.parquet
[2025-07-31T22:31:04.872+0000] {drift_monitoring.py:58} WARNING - File not found: s3://crypto-mlops-bucket/targets/date=2025-07-30/hour=10/target.parquet
[2025-07-31T22:31:04.888+0000] {drift_monitoring.py:58} WARNING - File not found: s3://crypto-mlops-bucket/predictions/date=2025-07-30/hour=09/prediction.parquet
[2025-07-31T22:31:04.902+0000] {drift_monitoring.py:58} WARNING - File not found: s3://crypto-mlops-bucket/targets/date=2025-07-30/hour=09/target.parquet
[2025-07-31T22:31:04.916+0000] {drift_monitoring.py:58} WARNING - File not found: s3://crypto-mlops-bucket/predictions/date=2025-07-30/hour=08/prediction.parquet
[2025-07-31T22:31:04.930+0000] {drift_monitoring.py:58} WARNING - File not found: s3://crypto-mlops-bucket/targets/date=2025-07-30/hour=08/target.parquet
[2025-07-31T22:31:04.944+0000] {drift_monitoring.py:58} WARNING - File not found: s3://crypto-mlops-bucket/predictions/date=2025-07-30/hour=07/prediction.parquet
[2025-07-31T22:31:04.957+0000] {drift_monitoring.py:58} WARNING - File not found: s3://crypto-mlops-bucket/targets/date=2025-07-30/hour=07/target.parquet
[2025-07-31T22:31:04.970+0000] {drift_monitoring.py:58} WARNING - File not found: s3://crypto-mlops-bucket/predictions/date=2025-07-30/hour=06/prediction.parquet
[2025-07-31T22:31:04.982+0000] {drift_monitoring.py:58} WARNING - File not found: s3://crypto-mlops-bucket/targets/date=2025-07-30/hour=06/target.parquet
[2025-07-31T22:31:04.994+0000] {drift_monitoring.py:58} WARNING - File not found: s3://crypto-mlops-bucket/predictions/date=2025-07-30/hour=05/prediction.parquet
[2025-07-31T22:31:05.007+0000] {drift_monitoring.py:58} WARNING - File not found: s3://crypto-mlops-bucket/targets/date=2025-07-30/hour=05/target.parquet
[2025-07-31T22:31:05.019+0000] {drift_monitoring.py:58} WARNING - File not found: s3://crypto-mlops-bucket/predictions/date=2025-07-30/hour=04/prediction.parquet
[2025-07-31T22:31:05.031+0000] {drift_monitoring.py:58} WARNING - File not found: s3://crypto-mlops-bucket/targets/date=2025-07-30/hour=04/target.parquet
[2025-07-31T22:31:05.043+0000] {drift_monitoring.py:58} WARNING - File not found: s3://crypto-mlops-bucket/predictions/date=2025-07-30/hour=03/prediction.parquet
[2025-07-31T22:31:05.055+0000] {drift_monitoring.py:58} WARNING - File not found: s3://crypto-mlops-bucket/targets/date=2025-07-30/hour=03/target.parquet
[2025-07-31T22:31:05.068+0000] {drift_monitoring.py:58} WARNING - File not found: s3://crypto-mlops-bucket/predictions/date=2025-07-30/hour=02/prediction.parquet
[2025-07-31T22:31:05.080+0000] {drift_monitoring.py:58} WARNING - File not found: s3://crypto-mlops-bucket/targets/date=2025-07-30/hour=02/target.parquet
[2025-07-31T22:31:05.094+0000] {drift_monitoring.py:58} WARNING - File not found: s3://crypto-mlops-bucket/predictions/date=2025-07-30/hour=01/prediction.parquet
[2025-07-31T22:31:05.107+0000] {drift_monitoring.py:58} WARNING - File not found: s3://crypto-mlops-bucket/targets/date=2025-07-30/hour=01/target.parquet
[2025-07-31T22:31:05.122+0000] {drift_monitoring.py:58} WARNING - File not found: s3://crypto-mlops-bucket/predictions/date=2025-07-30/hour=00/prediction.parquet
[2025-07-31T22:31:05.135+0000] {drift_monitoring.py:58} WARNING - File not found: s3://crypto-mlops-bucket/targets/date=2025-07-30/hour=00/target.parquet
[2025-07-31T22:31:05.147+0000] {drift_monitoring.py:58} WARNING - File not found: s3://crypto-mlops-bucket/predictions/date=2025-07-29/hour=23/prediction.parquet
[2025-07-31T22:31:05.160+0000] {drift_monitoring.py:58} WARNING - File not found: s3://crypto-mlops-bucket/targets/date=2025-07-29/hour=23/target.parquet
[2025-07-31T22:31:05.174+0000] {drift_monitoring.py:58} WARNING - File not found: s3://crypto-mlops-bucket/predictions/date=2025-07-29/hour=22/prediction.parquet
[2025-07-31T22:31:05.188+0000] {drift_monitoring.py:58} WARNING - File not found: s3://crypto-mlops-bucket/targets/date=2025-07-29/hour=22/target.parquet
[2025-07-31T22:31:05.202+0000] {drift_monitoring.py:58} WARNING - File not found: s3://crypto-mlops-bucket/predictions/date=2025-07-29/hour=21/prediction.parquet
[2025-07-31T22:31:05.216+0000] {drift_monitoring.py:58} WARNING - File not found: s3://crypto-mlops-bucket/targets/date=2025-07-29/hour=21/target.parquet
[2025-07-31T22:31:05.229+0000] {drift_monitoring.py:58} WARNING - File not found: s3://crypto-mlops-bucket/predictions/date=2025-07-29/hour=20/prediction.parquet
[2025-07-31T22:31:05.244+0000] {drift_monitoring.py:58} WARNING - File not found: s3://crypto-mlops-bucket/targets/date=2025-07-29/hour=20/target.parquet
[2025-07-31T22:31:05.256+0000] {drift_monitoring.py:58} WARNING - File not found: s3://crypto-mlops-bucket/predictions/date=2025-07-29/hour=19/prediction.parquet
[2025-07-31T22:31:05.268+0000] {drift_monitoring.py:58} WARNING - File not found: s3://crypto-mlops-bucket/targets/date=2025-07-29/hour=19/target.parquet
[2025-07-31T22:31:05.281+0000] {drift_monitoring.py:58} WARNING - File not found: s3://crypto-mlops-bucket/predictions/date=2025-07-29/hour=18/prediction.parquet
[2025-07-31T22:31:05.293+0000] {drift_monitoring.py:58} WARNING - File not found: s3://crypto-mlops-bucket/targets/date=2025-07-29/hour=18/target.parquet
[2025-07-31T22:31:05.305+0000] {drift_monitoring.py:58} WARNING - File not found: s3://crypto-mlops-bucket/predictions/date=2025-07-29/hour=17/prediction.parquet
[2025-07-31T22:31:05.317+0000] {drift_monitoring.py:58} WARNING - File not found: s3://crypto-mlops-bucket/targets/date=2025-07-29/hour=17/target.parquet
[2025-07-31T22:31:05.328+0000] {drift_monitoring.py:58} WARNING - File not found: s3://crypto-mlops-bucket/predictions/date=2025-07-29/hour=16/prediction.parquet
[2025-07-31T22:31:05.340+0000] {drift_monitoring.py:58} WARNING - File not found: s3://crypto-mlops-bucket/targets/date=2025-07-29/hour=16/target.parquet
[2025-07-31T22:31:05.352+0000] {drift_monitoring.py:58} WARNING - File not found: s3://crypto-mlops-bucket/predictions/date=2025-07-29/hour=15/prediction.parquet
[2025-07-31T22:31:05.364+0000] {drift_monitoring.py:58} WARNING - File not found: s3://crypto-mlops-bucket/targets/date=2025-07-29/hour=15/target.parquet
[2025-07-31T22:31:05.376+0000] {drift_monitoring.py:58} WARNING - File not found: s3://crypto-mlops-bucket/predictions/date=2025-07-29/hour=14/prediction.parquet
[2025-07-31T22:31:05.388+0000] {drift_monitoring.py:58} WARNING - File not found: s3://crypto-mlops-bucket/targets/date=2025-07-29/hour=14/target.parquet
[2025-07-31T22:31:05.400+0000] {drift_monitoring.py:58} WARNING - File not found: s3://crypto-mlops-bucket/predictions/date=2025-07-29/hour=13/prediction.parquet
[2025-07-31T22:31:05.413+0000] {drift_monitoring.py:58} WARNING - File not found: s3://crypto-mlops-bucket/targets/date=2025-07-29/hour=13/target.parquet
[2025-07-31T22:31:05.426+0000] {drift_monitoring.py:58} WARNING - File not found: s3://crypto-mlops-bucket/predictions/date=2025-07-29/hour=12/prediction.parquet
[2025-07-31T22:31:05.437+0000] {drift_monitoring.py:58} WARNING - File not found: s3://crypto-mlops-bucket/targets/date=2025-07-29/hour=12/target.parquet
[2025-07-31T22:31:05.450+0000] {drift_monitoring.py:58} WARNING - File not found: s3://crypto-mlops-bucket/predictions/date=2025-07-29/hour=11/prediction.parquet
[2025-07-31T22:31:05.464+0000] {drift_monitoring.py:58} WARNING - File not found: s3://crypto-mlops-bucket/targets/date=2025-07-29/hour=11/target.parquet
[2025-07-31T22:31:05.478+0000] {drift_monitoring.py:58} WARNING - File not found: s3://crypto-mlops-bucket/predictions/date=2025-07-29/hour=10/prediction.parquet
[2025-07-31T22:31:05.491+0000] {drift_monitoring.py:58} WARNING - File not found: s3://crypto-mlops-bucket/targets/date=2025-07-29/hour=10/target.parquet
[2025-07-31T22:31:05.506+0000] {drift_monitoring.py:58} WARNING - File not found: s3://crypto-mlops-bucket/predictions/date=2025-07-29/hour=09/prediction.parquet
[2025-07-31T22:31:05.520+0000] {drift_monitoring.py:58} WARNING - File not found: s3://crypto-mlops-bucket/targets/date=2025-07-29/hour=09/target.parquet
[2025-07-31T22:31:05.535+0000] {drift_monitoring.py:58} WARNING - File not found: s3://crypto-mlops-bucket/predictions/date=2025-07-29/hour=08/prediction.parquet
[2025-07-31T22:31:05.548+0000] {drift_monitoring.py:58} WARNING - File not found: s3://crypto-mlops-bucket/targets/date=2025-07-29/hour=08/target.parquet
[2025-07-31T22:31:05.562+0000] {drift_monitoring.py:58} WARNING - File not found: s3://crypto-mlops-bucket/predictions/date=2025-07-29/hour=07/prediction.parquet
[2025-07-31T22:31:05.578+0000] {drift_monitoring.py:58} WARNING - File not found: s3://crypto-mlops-bucket/targets/date=2025-07-29/hour=07/target.parquet
[2025-07-31T22:31:05.594+0000] {drift_monitoring.py:58} WARNING - File not found: s3://crypto-mlops-bucket/predictions/date=2025-07-29/hour=06/prediction.parquet
[2025-07-31T22:31:05.609+0000] {drift_monitoring.py:58} WARNING - File not found: s3://crypto-mlops-bucket/targets/date=2025-07-29/hour=06/target.parquet
[2025-07-31T22:31:05.623+0000] {drift_monitoring.py:58} WARNING - File not found: s3://crypto-mlops-bucket/predictions/date=2025-07-29/hour=05/prediction.parquet
[2025-07-31T22:31:05.636+0000] {drift_monitoring.py:58} WARNING - File not found: s3://crypto-mlops-bucket/targets/date=2025-07-29/hour=05/target.parquet
[2025-07-31T22:31:05.650+0000] {drift_monitoring.py:58} WARNING - File not found: s3://crypto-mlops-bucket/predictions/date=2025-07-29/hour=04/prediction.parquet
[2025-07-31T22:31:05.664+0000] {drift_monitoring.py:58} WARNING - File not found: s3://crypto-mlops-bucket/targets/date=2025-07-29/hour=04/target.parquet
[2025-07-31T22:31:05.678+0000] {drift_monitoring.py:58} WARNING - File not found: s3://crypto-mlops-bucket/predictions/date=2025-07-29/hour=03/prediction.parquet
[2025-07-31T22:31:05.693+0000] {drift_monitoring.py:58} WARNING - File not found: s3://crypto-mlops-bucket/targets/date=2025-07-29/hour=03/target.parquet
[2025-07-31T22:31:05.707+0000] {drift_monitoring.py:58} WARNING - File not found: s3://crypto-mlops-bucket/predictions/date=2025-07-29/hour=02/prediction.parquet
[2025-07-31T22:31:05.720+0000] {drift_monitoring.py:58} WARNING - File not found: s3://crypto-mlops-bucket/targets/date=2025-07-29/hour=02/target.parquet
[2025-07-31T22:31:05.733+0000] {drift_monitoring.py:58} WARNING - File not found: s3://crypto-mlops-bucket/predictions/date=2025-07-29/hour=01/prediction.parquet
[2025-07-31T22:31:05.744+0000] {drift_monitoring.py:58} WARNING - File not found: s3://crypto-mlops-bucket/targets/date=2025-07-29/hour=01/target.parquet
[2025-07-31T22:31:05.757+0000] {drift_monitoring.py:58} WARNING - File not found: s3://crypto-mlops-bucket/predictions/date=2025-07-29/hour=00/prediction.parquet
[2025-07-31T22:31:05.769+0000] {drift_monitoring.py:58} WARNING - File not found: s3://crypto-mlops-bucket/targets/date=2025-07-29/hour=00/target.parquet
[2025-07-31T22:31:05.782+0000] {drift_monitoring.py:58} WARNING - File not found: s3://crypto-mlops-bucket/predictions/date=2025-07-28/hour=23/prediction.parquet
[2025-07-31T22:31:05.795+0000] {drift_monitoring.py:58} WARNING - File not found: s3://crypto-mlops-bucket/targets/date=2025-07-28/hour=23/target.parquet
[2025-07-31T22:31:05.808+0000] {drift_monitoring.py:58} WARNING - File not found: s3://crypto-mlops-bucket/predictions/date=2025-07-28/hour=22/prediction.parquet
[2025-07-31T22:31:05.820+0000] {drift_monitoring.py:58} WARNING - File not found: s3://crypto-mlops-bucket/targets/date=2025-07-28/hour=22/target.parquet
[2025-07-31T22:31:05.834+0000] {drift_monitoring.py:58} WARNING - File not found: s3://crypto-mlops-bucket/predictions/date=2025-07-28/hour=21/prediction.parquet
[2025-07-31T22:31:05.847+0000] {drift_monitoring.py:58} WARNING - File not found: s3://crypto-mlops-bucket/targets/date=2025-07-28/hour=21/target.parquet
[2025-07-31T22:31:05.859+0000] {drift_monitoring.py:58} WARNING - File not found: s3://crypto-mlops-bucket/predictions/date=2025-07-28/hour=20/prediction.parquet
[2025-07-31T22:31:05.871+0000] {drift_monitoring.py:58} WARNING - File not found: s3://crypto-mlops-bucket/targets/date=2025-07-28/hour=20/target.parquet
[2025-07-31T22:31:05.884+0000] {drift_monitoring.py:58} WARNING - File not found: s3://crypto-mlops-bucket/predictions/date=2025-07-28/hour=19/prediction.parquet
[2025-07-31T22:31:05.896+0000] {drift_monitoring.py:58} WARNING - File not found: s3://crypto-mlops-bucket/targets/date=2025-07-28/hour=19/target.parquet
[2025-07-31T22:31:05.908+0000] {drift_monitoring.py:58} WARNING - File not found: s3://crypto-mlops-bucket/predictions/date=2025-07-28/hour=18/prediction.parquet
[2025-07-31T22:31:05.920+0000] {drift_monitoring.py:58} WARNING - File not found: s3://crypto-mlops-bucket/targets/date=2025-07-28/hour=18/target.parquet
[2025-07-31T22:31:05.933+0000] {drift_monitoring.py:58} WARNING - File not found: s3://crypto-mlops-bucket/predictions/date=2025-07-28/hour=17/prediction.parquet
[2025-07-31T22:31:05.947+0000] {drift_monitoring.py:58} WARNING - File not found: s3://crypto-mlops-bucket/targets/date=2025-07-28/hour=17/target.parquet
[2025-07-31T22:31:05.958+0000] {drift_monitoring.py:58} WARNING - File not found: s3://crypto-mlops-bucket/predictions/date=2025-07-28/hour=16/prediction.parquet
[2025-07-31T22:31:05.971+0000] {drift_monitoring.py:58} WARNING - File not found: s3://crypto-mlops-bucket/targets/date=2025-07-28/hour=16/target.parquet
[2025-07-31T22:31:05.982+0000] {drift_monitoring.py:58} WARNING - File not found: s3://crypto-mlops-bucket/predictions/date=2025-07-28/hour=15/prediction.parquet
[2025-07-31T22:31:05.994+0000] {drift_monitoring.py:58} WARNING - File not found: s3://crypto-mlops-bucket/targets/date=2025-07-28/hour=15/target.parquet
[2025-07-31T22:31:06.007+0000] {drift_monitoring.py:58} WARNING - File not found: s3://crypto-mlops-bucket/predictions/date=2025-07-28/hour=14/prediction.parquet
[2025-07-31T22:31:06.018+0000] {drift_monitoring.py:58} WARNING - File not found: s3://crypto-mlops-bucket/targets/date=2025-07-28/hour=14/target.parquet
[2025-07-31T22:31:06.031+0000] {drift_monitoring.py:58} WARNING - File not found: s3://crypto-mlops-bucket/predictions/date=2025-07-28/hour=13/prediction.parquet
[2025-07-31T22:31:06.043+0000] {drift_monitoring.py:58} WARNING - File not found: s3://crypto-mlops-bucket/targets/date=2025-07-28/hour=13/target.parquet
[2025-07-31T22:31:06.056+0000] {drift_monitoring.py:58} WARNING - File not found: s3://crypto-mlops-bucket/predictions/date=2025-07-28/hour=12/prediction.parquet
[2025-07-31T22:31:06.067+0000] {drift_monitoring.py:58} WARNING - File not found: s3://crypto-mlops-bucket/targets/date=2025-07-28/hour=12/target.parquet
[2025-07-31T22:31:06.079+0000] {drift_monitoring.py:58} WARNING - File not found: s3://crypto-mlops-bucket/predictions/date=2025-07-28/hour=11/prediction.parquet
[2025-07-31T22:31:06.091+0000] {drift_monitoring.py:58} WARNING - File not found: s3://crypto-mlops-bucket/targets/date=2025-07-28/hour=11/target.parquet
[2025-07-31T22:31:06.103+0000] {drift_monitoring.py:58} WARNING - File not found: s3://crypto-mlops-bucket/predictions/date=2025-07-28/hour=10/prediction.parquet
[2025-07-31T22:31:06.117+0000] {drift_monitoring.py:58} WARNING - File not found: s3://crypto-mlops-bucket/targets/date=2025-07-28/hour=10/target.parquet
[2025-07-31T22:31:06.131+0000] {drift_monitoring.py:58} WARNING - File not found: s3://crypto-mlops-bucket/predictions/date=2025-07-28/hour=09/prediction.parquet
[2025-07-31T22:31:06.143+0000] {drift_monitoring.py:58} WARNING - File not found: s3://crypto-mlops-bucket/targets/date=2025-07-28/hour=09/target.parquet
[2025-07-31T22:31:06.156+0000] {drift_monitoring.py:58} WARNING - File not found: s3://crypto-mlops-bucket/predictions/date=2025-07-28/hour=08/prediction.parquet
[2025-07-31T22:31:06.169+0000] {drift_monitoring.py:58} WARNING - File not found: s3://crypto-mlops-bucket/targets/date=2025-07-28/hour=08/target.parquet
[2025-07-31T22:31:06.180+0000] {drift_monitoring.py:58} WARNING - File not found: s3://crypto-mlops-bucket/predictions/date=2025-07-28/hour=07/prediction.parquet
[2025-07-31T22:31:06.192+0000] {drift_monitoring.py:58} WARNING - File not found: s3://crypto-mlops-bucket/targets/date=2025-07-28/hour=07/target.parquet
[2025-07-31T22:31:06.204+0000] {drift_monitoring.py:58} WARNING - File not found: s3://crypto-mlops-bucket/predictions/date=2025-07-28/hour=06/prediction.parquet
[2025-07-31T22:31:06.215+0000] {drift_monitoring.py:58} WARNING - File not found: s3://crypto-mlops-bucket/targets/date=2025-07-28/hour=06/target.parquet
[2025-07-31T22:31:06.228+0000] {drift_monitoring.py:58} WARNING - File not found: s3://crypto-mlops-bucket/predictions/date=2025-07-28/hour=05/prediction.parquet
[2025-07-31T22:31:06.240+0000] {drift_monitoring.py:58} WARNING - File not found: s3://crypto-mlops-bucket/targets/date=2025-07-28/hour=05/target.parquet
[2025-07-31T22:31:06.252+0000] {drift_monitoring.py:58} WARNING - File not found: s3://crypto-mlops-bucket/predictions/date=2025-07-28/hour=04/prediction.parquet
[2025-07-31T22:31:06.264+0000] {drift_monitoring.py:58} WARNING - File not found: s3://crypto-mlops-bucket/targets/date=2025-07-28/hour=04/target.parquet
[2025-07-31T22:31:06.276+0000] {drift_monitoring.py:58} WARNING - File not found: s3://crypto-mlops-bucket/predictions/date=2025-07-28/hour=03/prediction.parquet
[2025-07-31T22:31:06.287+0000] {drift_monitoring.py:58} WARNING - File not found: s3://crypto-mlops-bucket/targets/date=2025-07-28/hour=03/target.parquet
[2025-07-31T22:31:06.299+0000] {drift_monitoring.py:58} WARNING - File not found: s3://crypto-mlops-bucket/predictions/date=2025-07-28/hour=02/prediction.parquet
[2025-07-31T22:31:06.311+0000] {drift_monitoring.py:58} WARNING - File not found: s3://crypto-mlops-bucket/targets/date=2025-07-28/hour=02/target.parquet
[2025-07-31T22:31:06.323+0000] {drift_monitoring.py:58} WARNING - File not found: s3://crypto-mlops-bucket/predictions/date=2025-07-28/hour=01/prediction.parquet
[2025-07-31T22:31:06.334+0000] {drift_monitoring.py:58} WARNING - File not found: s3://crypto-mlops-bucket/targets/date=2025-07-28/hour=01/target.parquet
[2025-07-31T22:31:06.346+0000] {drift_monitoring.py:58} WARNING - File not found: s3://crypto-mlops-bucket/predictions/date=2025-07-28/hour=00/prediction.parquet
[2025-07-31T22:31:06.357+0000] {drift_monitoring.py:58} WARNING - File not found: s3://crypto-mlops-bucket/targets/date=2025-07-28/hour=00/target.parquet
[2025-07-31T22:31:06.371+0000] {drift_monitoring.py:58} WARNING - File not found: s3://crypto-mlops-bucket/predictions/date=2025-07-27/hour=23/prediction.parquet
[2025-07-31T22:31:06.385+0000] {drift_monitoring.py:58} WARNING - File not found: s3://crypto-mlops-bucket/targets/date=2025-07-27/hour=23/target.parquet
[2025-07-31T22:31:06.401+0000] {drift_monitoring.py:58} WARNING - File not found: s3://crypto-mlops-bucket/predictions/date=2025-07-27/hour=22/prediction.parquet
[2025-07-31T22:31:06.416+0000] {drift_monitoring.py:58} WARNING - File not found: s3://crypto-mlops-bucket/targets/date=2025-07-27/hour=22/target.parquet
[2025-07-31T22:31:06.432+0000] {drift_monitoring.py:58} WARNING - File not found: s3://crypto-mlops-bucket/predictions/date=2025-07-27/hour=21/prediction.parquet
[2025-07-31T22:31:06.448+0000] {drift_monitoring.py:58} WARNING - File not found: s3://crypto-mlops-bucket/targets/date=2025-07-27/hour=21/target.parquet
[2025-07-31T22:31:06.464+0000] {drift_monitoring.py:58} WARNING - File not found: s3://crypto-mlops-bucket/predictions/date=2025-07-27/hour=20/prediction.parquet
[2025-07-31T22:31:06.479+0000] {drift_monitoring.py:58} WARNING - File not found: s3://crypto-mlops-bucket/targets/date=2025-07-27/hour=20/target.parquet
[2025-07-31T22:31:06.494+0000] {drift_monitoring.py:58} WARNING - File not found: s3://crypto-mlops-bucket/predictions/date=2025-07-27/hour=19/prediction.parquet
[2025-07-31T22:31:06.508+0000] {drift_monitoring.py:58} WARNING - File not found: s3://crypto-mlops-bucket/targets/date=2025-07-27/hour=19/target.parquet
[2025-07-31T22:31:06.521+0000] {drift_monitoring.py:58} WARNING - File not found: s3://crypto-mlops-bucket/predictions/date=2025-07-27/hour=18/prediction.parquet
[2025-07-31T22:31:06.533+0000] {drift_monitoring.py:58} WARNING - File not found: s3://crypto-mlops-bucket/targets/date=2025-07-27/hour=18/target.parquet
[2025-07-31T22:31:06.545+0000] {drift_monitoring.py:58} WARNING - File not found: s3://crypto-mlops-bucket/predictions/date=2025-07-27/hour=17/prediction.parquet
[2025-07-31T22:31:06.557+0000] {drift_monitoring.py:58} WARNING - File not found: s3://crypto-mlops-bucket/targets/date=2025-07-27/hour=17/target.parquet
[2025-07-31T22:31:06.570+0000] {drift_monitoring.py:58} WARNING - File not found: s3://crypto-mlops-bucket/predictions/date=2025-07-27/hour=16/prediction.parquet
[2025-07-31T22:31:06.585+0000] {drift_monitoring.py:58} WARNING - File not found: s3://crypto-mlops-bucket/targets/date=2025-07-27/hour=16/target.parquet
[2025-07-31T22:31:06.596+0000] {drift_monitoring.py:58} WARNING - File not found: s3://crypto-mlops-bucket/predictions/date=2025-07-27/hour=15/prediction.parquet
[2025-07-31T22:31:06.608+0000] {drift_monitoring.py:58} WARNING - File not found: s3://crypto-mlops-bucket/targets/date=2025-07-27/hour=15/target.parquet
[2025-07-31T22:31:06.620+0000] {drift_monitoring.py:58} WARNING - File not found: s3://crypto-mlops-bucket/predictions/date=2025-07-27/hour=14/prediction.parquet
[2025-07-31T22:31:06.633+0000] {drift_monitoring.py:58} WARNING - File not found: s3://crypto-mlops-bucket/targets/date=2025-07-27/hour=14/target.parquet
[2025-07-31T22:31:06.646+0000] {drift_monitoring.py:58} WARNING - File not found: s3://crypto-mlops-bucket/predictions/date=2025-07-27/hour=13/prediction.parquet
[2025-07-31T22:31:06.658+0000] {drift_monitoring.py:58} WARNING - File not found: s3://crypto-mlops-bucket/targets/date=2025-07-27/hour=13/target.parquet
[2025-07-31T22:31:06.671+0000] {drift_monitoring.py:58} WARNING - File not found: s3://crypto-mlops-bucket/predictions/date=2025-07-27/hour=12/prediction.parquet
[2025-07-31T22:31:06.683+0000] {drift_monitoring.py:58} WARNING - File not found: s3://crypto-mlops-bucket/targets/date=2025-07-27/hour=12/target.parquet
[2025-07-31T22:31:06.696+0000] {drift_monitoring.py:58} WARNING - File not found: s3://crypto-mlops-bucket/predictions/date=2025-07-27/hour=11/prediction.parquet
[2025-07-31T22:31:06.707+0000] {drift_monitoring.py:58} WARNING - File not found: s3://crypto-mlops-bucket/targets/date=2025-07-27/hour=11/target.parquet
[2025-07-31T22:31:06.718+0000] {drift_monitoring.py:58} WARNING - File not found: s3://crypto-mlops-bucket/predictions/date=2025-07-27/hour=10/prediction.parquet
[2025-07-31T22:31:06.730+0000] {drift_monitoring.py:58} WARNING - File not found: s3://crypto-mlops-bucket/targets/date=2025-07-27/hour=10/target.parquet
[2025-07-31T22:31:06.741+0000] {drift_monitoring.py:58} WARNING - File not found: s3://crypto-mlops-bucket/predictions/date=2025-07-27/hour=09/prediction.parquet
[2025-07-31T22:31:06.753+0000] {drift_monitoring.py:58} WARNING - File not found: s3://crypto-mlops-bucket/targets/date=2025-07-27/hour=09/target.parquet
[2025-07-31T22:31:06.766+0000] {drift_monitoring.py:58} WARNING - File not found: s3://crypto-mlops-bucket/predictions/date=2025-07-27/hour=08/prediction.parquet
[2025-07-31T22:31:06.777+0000] {drift_monitoring.py:58} WARNING - File not found: s3://crypto-mlops-bucket/targets/date=2025-07-27/hour=08/target.parquet
[2025-07-31T22:31:06.789+0000] {drift_monitoring.py:58} WARNING - File not found: s3://crypto-mlops-bucket/predictions/date=2025-07-27/hour=07/prediction.parquet
[2025-07-31T22:31:06.802+0000] {drift_monitoring.py:58} WARNING - File not found: s3://crypto-mlops-bucket/targets/date=2025-07-27/hour=07/target.parquet
[2025-07-31T22:31:06.813+0000] {drift_monitoring.py:58} WARNING - File not found: s3://crypto-mlops-bucket/predictions/date=2025-07-27/hour=06/prediction.parquet
[2025-07-31T22:31:06.825+0000] {drift_monitoring.py:58} WARNING - File not found: s3://crypto-mlops-bucket/targets/date=2025-07-27/hour=06/target.parquet
[2025-07-31T22:31:06.836+0000] {drift_monitoring.py:58} WARNING - File not found: s3://crypto-mlops-bucket/predictions/date=2025-07-27/hour=05/prediction.parquet
[2025-07-31T22:31:06.847+0000] {drift_monitoring.py:58} WARNING - File not found: s3://crypto-mlops-bucket/targets/date=2025-07-27/hour=05/target.parquet
[2025-07-31T22:31:06.859+0000] {drift_monitoring.py:58} WARNING - File not found: s3://crypto-mlops-bucket/predictions/date=2025-07-27/hour=04/prediction.parquet
[2025-07-31T22:31:06.871+0000] {drift_monitoring.py:58} WARNING - File not found: s3://crypto-mlops-bucket/targets/date=2025-07-27/hour=04/target.parquet
[2025-07-31T22:31:06.882+0000] {drift_monitoring.py:58} WARNING - File not found: s3://crypto-mlops-bucket/predictions/date=2025-07-27/hour=03/prediction.parquet
[2025-07-31T22:31:06.893+0000] {drift_monitoring.py:58} WARNING - File not found: s3://crypto-mlops-bucket/targets/date=2025-07-27/hour=03/target.parquet
[2025-07-31T22:31:06.904+0000] {drift_monitoring.py:58} WARNING - File not found: s3://crypto-mlops-bucket/predictions/date=2025-07-27/hour=02/prediction.parquet
[2025-07-31T22:31:06.916+0000] {drift_monitoring.py:58} WARNING - File not found: s3://crypto-mlops-bucket/targets/date=2025-07-27/hour=02/target.parquet
[2025-07-31T22:31:06.928+0000] {drift_monitoring.py:58} WARNING - File not found: s3://crypto-mlops-bucket/predictions/date=2025-07-27/hour=01/prediction.parquet
[2025-07-31T22:31:06.939+0000] {drift_monitoring.py:58} WARNING - File not found: s3://crypto-mlops-bucket/targets/date=2025-07-27/hour=01/target.parquet
[2025-07-31T22:31:06.950+0000] {drift_monitoring.py:58} WARNING - File not found: s3://crypto-mlops-bucket/predictions/date=2025-07-27/hour=00/prediction.parquet
[2025-07-31T22:31:06.961+0000] {drift_monitoring.py:58} WARNING - File not found: s3://crypto-mlops-bucket/targets/date=2025-07-27/hour=00/target.parquet
[2025-07-31T22:31:06.972+0000] {drift_monitoring.py:58} WARNING - File not found: s3://crypto-mlops-bucket/predictions/date=2025-07-26/hour=23/prediction.parquet
[2025-07-31T22:31:06.983+0000] {drift_monitoring.py:58} WARNING - File not found: s3://crypto-mlops-bucket/targets/date=2025-07-26/hour=23/target.parquet
[2025-07-31T22:31:06.994+0000] {drift_monitoring.py:58} WARNING - File not found: s3://crypto-mlops-bucket/predictions/date=2025-07-26/hour=22/prediction.parquet
[2025-07-31T22:31:07.006+0000] {drift_monitoring.py:58} WARNING - File not found: s3://crypto-mlops-bucket/targets/date=2025-07-26/hour=22/target.parquet
[2025-07-31T22:31:07.018+0000] {drift_monitoring.py:58} WARNING - File not found: s3://crypto-mlops-bucket/predictions/date=2025-07-26/hour=21/prediction.parquet
[2025-07-31T22:31:07.029+0000] {drift_monitoring.py:58} WARNING - File not found: s3://crypto-mlops-bucket/targets/date=2025-07-26/hour=21/target.parquet
[2025-07-31T22:31:07.041+0000] {drift_monitoring.py:58} WARNING - File not found: s3://crypto-mlops-bucket/predictions/date=2025-07-26/hour=20/prediction.parquet
[2025-07-31T22:31:07.053+0000] {drift_monitoring.py:58} WARNING - File not found: s3://crypto-mlops-bucket/targets/date=2025-07-26/hour=20/target.parquet
[2025-07-31T22:31:07.064+0000] {drift_monitoring.py:58} WARNING - File not found: s3://crypto-mlops-bucket/predictions/date=2025-07-26/hour=19/prediction.parquet
[2025-07-31T22:31:07.075+0000] {drift_monitoring.py:58} WARNING - File not found: s3://crypto-mlops-bucket/targets/date=2025-07-26/hour=19/target.parquet
[2025-07-31T22:31:07.086+0000] {drift_monitoring.py:58} WARNING - File not found: s3://crypto-mlops-bucket/predictions/date=2025-07-26/hour=18/prediction.parquet
[2025-07-31T22:31:07.101+0000] {drift_monitoring.py:58} WARNING - File not found: s3://crypto-mlops-bucket/targets/date=2025-07-26/hour=18/target.parquet
[2025-07-31T22:31:07.113+0000] {drift_monitoring.py:58} WARNING - File not found: s3://crypto-mlops-bucket/predictions/date=2025-07-26/hour=17/prediction.parquet
[2025-07-31T22:31:07.123+0000] {drift_monitoring.py:58} WARNING - File not found: s3://crypto-mlops-bucket/targets/date=2025-07-26/hour=17/target.parquet
[2025-07-31T22:31:07.134+0000] {drift_monitoring.py:58} WARNING - File not found: s3://crypto-mlops-bucket/predictions/date=2025-07-26/hour=16/prediction.parquet
[2025-07-31T22:31:07.145+0000] {drift_monitoring.py:58} WARNING - File not found: s3://crypto-mlops-bucket/targets/date=2025-07-26/hour=16/target.parquet
[2025-07-31T22:31:07.156+0000] {drift_monitoring.py:58} WARNING - File not found: s3://crypto-mlops-bucket/predictions/date=2025-07-26/hour=15/prediction.parquet
[2025-07-31T22:31:07.168+0000] {drift_monitoring.py:58} WARNING - File not found: s3://crypto-mlops-bucket/targets/date=2025-07-26/hour=15/target.parquet
[2025-07-31T22:31:07.179+0000] {drift_monitoring.py:58} WARNING - File not found: s3://crypto-mlops-bucket/predictions/date=2025-07-26/hour=14/prediction.parquet
[2025-07-31T22:31:07.190+0000] {drift_monitoring.py:58} WARNING - File not found: s3://crypto-mlops-bucket/targets/date=2025-07-26/hour=14/target.parquet
[2025-07-31T22:31:07.201+0000] {drift_monitoring.py:58} WARNING - File not found: s3://crypto-mlops-bucket/predictions/date=2025-07-26/hour=13/prediction.parquet
[2025-07-31T22:31:07.213+0000] {drift_monitoring.py:58} WARNING - File not found: s3://crypto-mlops-bucket/targets/date=2025-07-26/hour=13/target.parquet
[2025-07-31T22:31:07.225+0000] {drift_monitoring.py:58} WARNING - File not found: s3://crypto-mlops-bucket/predictions/date=2025-07-26/hour=12/prediction.parquet
[2025-07-31T22:31:07.236+0000] {drift_monitoring.py:58} WARNING - File not found: s3://crypto-mlops-bucket/targets/date=2025-07-26/hour=12/target.parquet
[2025-07-31T22:31:07.247+0000] {drift_monitoring.py:58} WARNING - File not found: s3://crypto-mlops-bucket/predictions/date=2025-07-26/hour=11/prediction.parquet
[2025-07-31T22:31:07.261+0000] {drift_monitoring.py:58} WARNING - File not found: s3://crypto-mlops-bucket/targets/date=2025-07-26/hour=11/target.parquet
[2025-07-31T22:31:07.273+0000] {drift_monitoring.py:58} WARNING - File not found: s3://crypto-mlops-bucket/predictions/date=2025-07-26/hour=10/prediction.parquet
[2025-07-31T22:31:07.285+0000] {drift_monitoring.py:58} WARNING - File not found: s3://crypto-mlops-bucket/targets/date=2025-07-26/hour=10/target.parquet
[2025-07-31T22:31:07.299+0000] {drift_monitoring.py:58} WARNING - File not found: s3://crypto-mlops-bucket/predictions/date=2025-07-26/hour=09/prediction.parquet
[2025-07-31T22:31:07.317+0000] {drift_monitoring.py:58} WARNING - File not found: s3://crypto-mlops-bucket/targets/date=2025-07-26/hour=09/target.parquet
[2025-07-31T22:31:07.335+0000] {drift_monitoring.py:58} WARNING - File not found: s3://crypto-mlops-bucket/predictions/date=2025-07-26/hour=08/prediction.parquet
[2025-07-31T22:31:07.354+0000] {drift_monitoring.py:58} WARNING - File not found: s3://crypto-mlops-bucket/targets/date=2025-07-26/hour=08/target.parquet
[2025-07-31T22:31:07.371+0000] {drift_monitoring.py:58} WARNING - File not found: s3://crypto-mlops-bucket/predictions/date=2025-07-26/hour=07/prediction.parquet
[2025-07-31T22:31:07.389+0000] {drift_monitoring.py:58} WARNING - File not found: s3://crypto-mlops-bucket/targets/date=2025-07-26/hour=07/target.parquet
[2025-07-31T22:31:07.411+0000] {drift_monitoring.py:58} WARNING - File not found: s3://crypto-mlops-bucket/predictions/date=2025-07-26/hour=06/prediction.parquet
[2025-07-31T22:31:07.426+0000] {drift_monitoring.py:58} WARNING - File not found: s3://crypto-mlops-bucket/targets/date=2025-07-26/hour=06/target.parquet
[2025-07-31T22:31:07.443+0000] {drift_monitoring.py:58} WARNING - File not found: s3://crypto-mlops-bucket/predictions/date=2025-07-26/hour=05/prediction.parquet
[2025-07-31T22:31:07.460+0000] {drift_monitoring.py:58} WARNING - File not found: s3://crypto-mlops-bucket/targets/date=2025-07-26/hour=05/target.parquet
[2025-07-31T22:31:07.474+0000] {drift_monitoring.py:58} WARNING - File not found: s3://crypto-mlops-bucket/predictions/date=2025-07-26/hour=04/prediction.parquet
[2025-07-31T22:31:07.487+0000] {drift_monitoring.py:58} WARNING - File not found: s3://crypto-mlops-bucket/targets/date=2025-07-26/hour=04/target.parquet
[2025-07-31T22:31:07.499+0000] {drift_monitoring.py:58} WARNING - File not found: s3://crypto-mlops-bucket/predictions/date=2025-07-26/hour=03/prediction.parquet
[2025-07-31T22:31:07.511+0000] {drift_monitoring.py:58} WARNING - File not found: s3://crypto-mlops-bucket/targets/date=2025-07-26/hour=03/target.parquet
[2025-07-31T22:31:07.523+0000] {drift_monitoring.py:58} WARNING - File not found: s3://crypto-mlops-bucket/predictions/date=2025-07-26/hour=02/prediction.parquet
[2025-07-31T22:31:07.534+0000] {drift_monitoring.py:58} WARNING - File not found: s3://crypto-mlops-bucket/targets/date=2025-07-26/hour=02/target.parquet
[2025-07-31T22:31:07.545+0000] {drift_monitoring.py:58} WARNING - File not found: s3://crypto-mlops-bucket/predictions/date=2025-07-26/hour=01/prediction.parquet
[2025-07-31T22:31:07.556+0000] {drift_monitoring.py:58} WARNING - File not found: s3://crypto-mlops-bucket/targets/date=2025-07-26/hour=01/target.parquet
[2025-07-31T22:31:07.567+0000] {drift_monitoring.py:58} WARNING - File not found: s3://crypto-mlops-bucket/predictions/date=2025-07-26/hour=00/prediction.parquet
[2025-07-31T22:31:07.579+0000] {drift_monitoring.py:58} WARNING - File not found: s3://crypto-mlops-bucket/targets/date=2025-07-26/hour=00/target.parquet
[2025-07-31T22:31:07.591+0000] {drift_monitoring.py:58} WARNING - File not found: s3://crypto-mlops-bucket/predictions/date=2025-07-25/hour=23/prediction.parquet
[2025-07-31T22:31:07.602+0000] {drift_monitoring.py:58} WARNING - File not found: s3://crypto-mlops-bucket/targets/date=2025-07-25/hour=23/target.parquet
[2025-07-31T22:31:07.613+0000] {drift_monitoring.py:58} WARNING - File not found: s3://crypto-mlops-bucket/predictions/date=2025-07-25/hour=22/prediction.parquet
[2025-07-31T22:31:07.624+0000] {drift_monitoring.py:58} WARNING - File not found: s3://crypto-mlops-bucket/targets/date=2025-07-25/hour=22/target.parquet
[2025-07-31T22:31:07.636+0000] {drift_monitoring.py:58} WARNING - File not found: s3://crypto-mlops-bucket/predictions/date=2025-07-25/hour=21/prediction.parquet
[2025-07-31T22:31:07.648+0000] {drift_monitoring.py:58} WARNING - File not found: s3://crypto-mlops-bucket/targets/date=2025-07-25/hour=21/target.parquet
[2025-07-31T22:31:07.659+0000] {drift_monitoring.py:58} WARNING - File not found: s3://crypto-mlops-bucket/predictions/date=2025-07-25/hour=20/prediction.parquet
[2025-07-31T22:31:07.671+0000] {drift_monitoring.py:58} WARNING - File not found: s3://crypto-mlops-bucket/targets/date=2025-07-25/hour=20/target.parquet
[2025-07-31T22:31:07.683+0000] {drift_monitoring.py:58} WARNING - File not found: s3://crypto-mlops-bucket/predictions/date=2025-07-25/hour=19/prediction.parquet
[2025-07-31T22:31:07.695+0000] {drift_monitoring.py:58} WARNING - File not found: s3://crypto-mlops-bucket/targets/date=2025-07-25/hour=19/target.parquet
[2025-07-31T22:31:07.707+0000] {drift_monitoring.py:58} WARNING - File not found: s3://crypto-mlops-bucket/predictions/date=2025-07-25/hour=18/prediction.parquet
[2025-07-31T22:31:07.719+0000] {drift_monitoring.py:58} WARNING - File not found: s3://crypto-mlops-bucket/targets/date=2025-07-25/hour=18/target.parquet
[2025-07-31T22:31:07.730+0000] {drift_monitoring.py:58} WARNING - File not found: s3://crypto-mlops-bucket/predictions/date=2025-07-25/hour=17/prediction.parquet
[2025-07-31T22:31:07.743+0000] {drift_monitoring.py:58} WARNING - File not found: s3://crypto-mlops-bucket/targets/date=2025-07-25/hour=17/target.parquet
[2025-07-31T22:31:07.755+0000] {drift_monitoring.py:58} WARNING - File not found: s3://crypto-mlops-bucket/predictions/date=2025-07-25/hour=16/prediction.parquet
[2025-07-31T22:31:07.767+0000] {drift_monitoring.py:58} WARNING - File not found: s3://crypto-mlops-bucket/targets/date=2025-07-25/hour=16/target.parquet
[2025-07-31T22:31:07.777+0000] {drift_monitoring.py:58} WARNING - File not found: s3://crypto-mlops-bucket/predictions/date=2025-07-25/hour=15/prediction.parquet
[2025-07-31T22:31:07.788+0000] {drift_monitoring.py:58} WARNING - File not found: s3://crypto-mlops-bucket/targets/date=2025-07-25/hour=15/target.parquet
[2025-07-31T22:31:07.801+0000] {drift_monitoring.py:58} WARNING - File not found: s3://crypto-mlops-bucket/predictions/date=2025-07-25/hour=14/prediction.parquet
[2025-07-31T22:31:07.812+0000] {drift_monitoring.py:58} WARNING - File not found: s3://crypto-mlops-bucket/targets/date=2025-07-25/hour=14/target.parquet
[2025-07-31T22:31:07.822+0000] {drift_monitoring.py:58} WARNING - File not found: s3://crypto-mlops-bucket/predictions/date=2025-07-25/hour=13/prediction.parquet
[2025-07-31T22:31:07.838+0000] {drift_monitoring.py:58} WARNING - File not found: s3://crypto-mlops-bucket/targets/date=2025-07-25/hour=13/target.parquet
[2025-07-31T22:31:07.851+0000] {drift_monitoring.py:58} WARNING - File not found: s3://crypto-mlops-bucket/predictions/date=2025-07-25/hour=12/prediction.parquet
[2025-07-31T22:31:07.863+0000] {drift_monitoring.py:58} WARNING - File not found: s3://crypto-mlops-bucket/targets/date=2025-07-25/hour=12/target.parquet
[2025-07-31T22:31:07.875+0000] {drift_monitoring.py:58} WARNING - File not found: s3://crypto-mlops-bucket/predictions/date=2025-07-25/hour=11/prediction.parquet
[2025-07-31T22:31:07.886+0000] {drift_monitoring.py:58} WARNING - File not found: s3://crypto-mlops-bucket/targets/date=2025-07-25/hour=11/target.parquet
[2025-07-31T22:31:07.898+0000] {drift_monitoring.py:58} WARNING - File not found: s3://crypto-mlops-bucket/predictions/date=2025-07-25/hour=10/prediction.parquet
[2025-07-31T22:31:07.911+0000] {drift_monitoring.py:58} WARNING - File not found: s3://crypto-mlops-bucket/targets/date=2025-07-25/hour=10/target.parquet
[2025-07-31T22:31:07.924+0000] {drift_monitoring.py:58} WARNING - File not found: s3://crypto-mlops-bucket/predictions/date=2025-07-25/hour=09/prediction.parquet
[2025-07-31T22:31:07.937+0000] {drift_monitoring.py:58} WARNING - File not found: s3://crypto-mlops-bucket/targets/date=2025-07-25/hour=09/target.parquet
[2025-07-31T22:31:07.950+0000] {drift_monitoring.py:58} WARNING - File not found: s3://crypto-mlops-bucket/predictions/date=2025-07-25/hour=08/prediction.parquet
[2025-07-31T22:31:07.965+0000] {drift_monitoring.py:58} WARNING - File not found: s3://crypto-mlops-bucket/targets/date=2025-07-25/hour=08/target.parquet
[2025-07-31T22:31:07.978+0000] {drift_monitoring.py:58} WARNING - File not found: s3://crypto-mlops-bucket/predictions/date=2025-07-25/hour=07/prediction.parquet
[2025-07-31T22:31:07.989+0000] {drift_monitoring.py:58} WARNING - File not found: s3://crypto-mlops-bucket/targets/date=2025-07-25/hour=07/target.parquet
[2025-07-31T22:31:08.002+0000] {drift_monitoring.py:58} WARNING - File not found: s3://crypto-mlops-bucket/predictions/date=2025-07-25/hour=06/prediction.parquet
[2025-07-31T22:31:08.015+0000] {drift_monitoring.py:58} WARNING - File not found: s3://crypto-mlops-bucket/targets/date=2025-07-25/hour=06/target.parquet
[2025-07-31T22:31:08.027+0000] {drift_monitoring.py:58} WARNING - File not found: s3://crypto-mlops-bucket/predictions/date=2025-07-25/hour=05/prediction.parquet
[2025-07-31T22:31:08.038+0000] {drift_monitoring.py:58} WARNING - File not found: s3://crypto-mlops-bucket/targets/date=2025-07-25/hour=05/target.parquet
[2025-07-31T22:31:08.052+0000] {drift_monitoring.py:58} WARNING - File not found: s3://crypto-mlops-bucket/predictions/date=2025-07-25/hour=04/prediction.parquet
[2025-07-31T22:31:08.064+0000] {drift_monitoring.py:58} WARNING - File not found: s3://crypto-mlops-bucket/targets/date=2025-07-25/hour=04/target.parquet
[2025-07-31T22:31:08.076+0000] {drift_monitoring.py:58} WARNING - File not found: s3://crypto-mlops-bucket/predictions/date=2025-07-25/hour=03/prediction.parquet
[2025-07-31T22:31:08.088+0000] {drift_monitoring.py:58} WARNING - File not found: s3://crypto-mlops-bucket/targets/date=2025-07-25/hour=03/target.parquet
[2025-07-31T22:31:08.099+0000] {drift_monitoring.py:58} WARNING - File not found: s3://crypto-mlops-bucket/predictions/date=2025-07-25/hour=02/prediction.parquet
[2025-07-31T22:31:08.111+0000] {drift_monitoring.py:58} WARNING - File not found: s3://crypto-mlops-bucket/targets/date=2025-07-25/hour=02/target.parquet
[2025-07-31T22:31:08.123+0000] {drift_monitoring.py:58} WARNING - File not found: s3://crypto-mlops-bucket/predictions/date=2025-07-25/hour=01/prediction.parquet
[2025-07-31T22:31:08.136+0000] {drift_monitoring.py:58} WARNING - File not found: s3://crypto-mlops-bucket/targets/date=2025-07-25/hour=01/target.parquet
[2025-07-31T22:31:08.147+0000] {drift_monitoring.py:58} WARNING - File not found: s3://crypto-mlops-bucket/predictions/date=2025-07-25/hour=00/prediction.parquet
[2025-07-31T22:31:08.160+0000] {drift_monitoring.py:58} WARNING - File not found: s3://crypto-mlops-bucket/targets/date=2025-07-25/hour=00/target.parquet
[2025-07-31T22:31:08.172+0000] {drift_monitoring.py:58} WARNING - File not found: s3://crypto-mlops-bucket/predictions/date=2025-07-24/hour=23/prediction.parquet
[2025-07-31T22:31:08.184+0000] {drift_monitoring.py:58} WARNING - File not found: s3://crypto-mlops-bucket/targets/date=2025-07-24/hour=23/target.parquet
[2025-07-31T22:31:08.197+0000] {drift_monitoring.py:372} INFO - Loaded 5 data points for drift analysis
[2025-07-31T22:31:08.198+0000] {drift_monitoring.py:380} INFO - Minimum points required per window: 2
[2025-07-31T22:31:08.206+0000] {drift_monitoring.py:394} INFO - Window 0: MAE = 0.0545 with 5 points
[2025-07-31T22:31:08.209+0000] {drift_monitoring.py:394} INFO - Window 1: MAE = 0.0545 with 5 points
[2025-07-31T22:31:08.211+0000] {drift_monitoring.py:394} INFO - Window 2: MAE = 0.0545 with 5 points
[2025-07-31T22:31:08.214+0000] {drift_monitoring.py:394} INFO - Window 3: MAE = 0.0588 with 4 points
[2025-07-31T22:31:08.216+0000] {drift_monitoring.py:394} INFO - Window 4: MAE = 0.0762 with 3 points
[2025-07-31T22:31:08.218+0000] {drift_monitoring.py:394} INFO - Window 5: MAE = 0.0762 with 3 points
[2025-07-31T22:31:08.220+0000] {drift_monitoring.py:394} INFO - Window 6: MAE = 0.0762 with 3 points
[2025-07-31T22:31:08.222+0000] {drift_monitoring.py:394} INFO - Window 7: MAE = 0.0762 with 3 points
[2025-07-31T22:31:08.224+0000] {drift_monitoring.py:394} INFO - Window 8: MAE = 0.0796 with 2 points
[2025-07-31T22:31:08.234+0000] {drift_monitoring.py:411} INFO - Current MAE: 0.0545
[2025-07-31T22:31:08.235+0000] {drift_monitoring.py:412} INFO - Mean MAE over analysis period: 0.0674
[2025-07-31T22:31:08.236+0000] {drift_monitoring.py:413} INFO - Drift threshold: 0.15
[2025-07-31T22:31:08.236+0000] {drift_monitoring.py:256} INFO - Loading reference metrics from s3://crypto-mlops-bucket/models//metrics/metrics.json
[2025-07-31T22:31:08.248+0000] {drift_monitoring.py:262} INFO - Loaded reference metrics: {'train_rmse': 0.10094861542911258, 'val_rmse': 0.08007929984398382, 'train_mae': 0.06894516255029756, 'val_mae': 0.05715620413156829, 'train_r2': 0.026023937817031384, 'val_r2': 0.008105522232589313, 'best_iteration': 3}
[2025-07-31T22:31:08.248+0000] {drift_monitoring.py:421} INFO - Reference MAE (from training): 0.0572
[2025-07-31T22:31:08.249+0000] {drift_monitoring.py:423} INFO - MAE degradation vs training baseline: -4.60%
[2025-07-31T22:31:08.249+0000] {drift_monitoring.py:82} INFO - Searching for reference files with prefix: models//reference/
[2025-07-31T22:31:08.269+0000] {drift_monitoring.py:107} INFO - Found 6 files in reference directory
[2025-07-31T22:31:08.270+0000] {drift_monitoring.py:120} INFO - Found run_id: 511adde8d96b485d9c00006425d1c0ed (modified: 2025-07-31 22:30:47+00:00)
[2025-07-31T22:31:08.271+0000] {drift_monitoring.py:120} INFO - Found run_id: c22d2fb8a0c54cd9be9be996e63addeb (modified: 2025-07-31 21:37:52+00:00)
[2025-07-31T22:31:08.272+0000] {drift_monitoring.py:120} INFO - Found run_id: predictions_511adde8d96b485d9c00006425d1c0ed (modified: 2025-07-31 22:30:47+00:00)
[2025-07-31T22:31:08.273+0000] {drift_monitoring.py:131} INFO - Latest run_id selected: 511adde8d96b485d9c00006425d1c0ed
[2025-07-31T22:31:08.273+0000] {drift_monitoring.py:214} INFO - Loading reference predictions for run_id: 511adde8d96b485d9c00006425d1c0ed
[2025-07-31T22:31:08.274+0000] {drift_monitoring.py:220} INFO - Trying to load train predictions from: s3://crypto-mlops-bucket/models//reference/train_predictions_511adde8d96b485d9c00006425d1c0ed.csv
[2025-07-31T22:31:08.274+0000] {drift_monitoring.py:221} INFO - Trying to load val predictions from: s3://crypto-mlops-bucket/models//reference/val_predictions_511adde8d96b485d9c00006425d1c0ed.csv
[2025-07-31T22:31:08.344+0000] {drift_monitoring.py:233} INFO - Loaded training predictions: 6972 rows, columns: ['target', 'prediction']
[2025-07-31T22:31:08.345+0000] {drift_monitoring.py:237} INFO - Loaded validation predictions: 1744 rows, columns: ['target', 'prediction']
[2025-07-31T22:31:08.346+0000] {drift_monitoring.py:242} INFO - Combined reference predictions: 8716 rows, columns: ['target', 'prediction']
[2025-07-31T22:31:08.347+0000] {drift_monitoring.py:443} INFO - Current data for Evidently: ['prediction', 'target', 'timestamp']
[2025-07-31T22:31:08.348+0000] {drift_monitoring.py:444} INFO - Reference predictions columns: ['target', 'prediction']
[2025-07-31T22:31:08.352+0000] {drift_monitoring.py:294} INFO - Current data columns: ['prediction', 'target']
[2025-07-31T22:31:08.353+0000] {drift_monitoring.py:295} INFO - Reference predictions columns: ['target', 'prediction']
[2025-07-31T22:31:08.359+0000] {drift_monitoring.py:314} INFO - Reference MAE (training baseline): 0.0666
[2025-07-31T22:31:08.360+0000] {drift_monitoring.py:315} INFO - Current MAE (production): 0.0545
[2025-07-31T22:31:08.361+0000] {drift_monitoring.py:316} INFO - Performance degradation: -18.11%
[2025-07-31T22:31:08.361+0000] {drift_monitoring.py:318} INFO - Generating Evidently performance report with 8716 reference rows and 5 current rows
[2025-07-31T22:31:08.373+0000] {drift_monitoring.py:319} INFO - Reference data sample (training baseline):
     target  prediction
0  0.175052    0.002819
1 -0.128173   -0.003411
2  0.034480    0.003574
3  0.058501    0.003574
4 -0.015417    0.003574
[2025-07-31T22:31:08.381+0000] {drift_monitoring.py:320} INFO - Current data sample (production):
     target  prediction
0 -0.145986   -0.012425
0  0.025355   -0.000363
0  0.065420   -0.003891
0  0.002788   -0.003801
0  0.083989    0.046543
[2025-07-31T22:31:08.502+0000] {logging_mixin.py:188} WARNING - /home/***/.local/lib/python3.12/site-packages/sklearn/metrics/_regression.py:492 FutureWarning: 'squared' is deprecated in version 1.4 and will be removed in 1.6. To calculate the root mean squared error, use the function'root_mean_squared_error'.
[2025-07-31T22:31:08.507+0000] {logging_mixin.py:188} WARNING - /home/***/.local/lib/python3.12/site-packages/sklearn/metrics/_regression.py:492 FutureWarning: 'squared' is deprecated in version 1.4 and will be removed in 1.6. To calculate the root mean squared error, use the function'root_mean_squared_error'.
[2025-07-31T22:31:08.510+0000] {logging_mixin.py:188} WARNING - /home/***/.local/lib/python3.12/site-packages/sklearn/metrics/_regression.py:492 FutureWarning: 'squared' is deprecated in version 1.4 and will be removed in 1.6. To calculate the root mean squared error, use the function'root_mean_squared_error'.
[2025-07-31T22:31:08.556+0000] {logging_mixin.py:188} WARNING - /home/***/.local/lib/python3.12/site-packages/sklearn/metrics/_regression.py:1211 UndefinedMetricWarning: R^2 score is not well-defined with less than two samples.
[2025-07-31T22:31:08.565+0000] {logging_mixin.py:188} WARNING - /home/***/.local/lib/python3.12/site-packages/sklearn/metrics/_regression.py:1211 UndefinedMetricWarning: R^2 score is not well-defined with less than two samples.
[2025-07-31T22:31:08.574+0000] {logging_mixin.py:188} WARNING - /home/***/.local/lib/python3.12/site-packages/sklearn/metrics/_regression.py:492 FutureWarning: 'squared' is deprecated in version 1.4 and will be removed in 1.6. To calculate the root mean squared error, use the function'root_mean_squared_error'.
[2025-07-31T22:31:08.577+0000] {logging_mixin.py:188} WARNING - /home/***/.local/lib/python3.12/site-packages/sklearn/metrics/_regression.py:492 FutureWarning: 'squared' is deprecated in version 1.4 and will be removed in 1.6. To calculate the root mean squared error, use the function'root_mean_squared_error'.
[2025-07-31T22:31:08.580+0000] {logging_mixin.py:188} WARNING - /home/***/.local/lib/python3.12/site-packages/sklearn/metrics/_regression.py:492 FutureWarning: 'squared' is deprecated in version 1.4 and will be removed in 1.6. To calculate the root mean squared error, use the function'root_mean_squared_error'.
[2025-07-31T22:31:08.583+0000] {logging_mixin.py:188} WARNING - /home/***/.local/lib/python3.12/site-packages/sklearn/metrics/_regression.py:492 FutureWarning: 'squared' is deprecated in version 1.4 and will be removed in 1.6. To calculate the root mean squared error, use the function'root_mean_squared_error'.
[2025-07-31T22:31:08.586+0000] {logging_mixin.py:188} WARNING - /home/***/.local/lib/python3.12/site-packages/sklearn/metrics/_regression.py:492 FutureWarning: 'squared' is deprecated in version 1.4 and will be removed in 1.6. To calculate the root mean squared error, use the function'root_mean_squared_error'.
[2025-07-31T22:31:08.589+0000] {logging_mixin.py:188} WARNING - /home/***/.local/lib/python3.12/site-packages/sklearn/metrics/_regression.py:492 FutureWarning: 'squared' is deprecated in version 1.4 and will be removed in 1.6. To calculate the root mean squared error, use the function'root_mean_squared_error'.
[2025-07-31T22:31:08.592+0000] {logging_mixin.py:188} WARNING - /home/***/.local/lib/python3.12/site-packages/sklearn/metrics/_regression.py:492 FutureWarning: 'squared' is deprecated in version 1.4 and will be removed in 1.6. To calculate the root mean squared error, use the function'root_mean_squared_error'.
[2025-07-31T22:31:08.598+0000] {logging_mixin.py:188} WARNING - /home/***/.local/lib/python3.12/site-packages/sklearn/metrics/_regression.py:492 FutureWarning: 'squared' is deprecated in version 1.4 and will be removed in 1.6. To calculate the root mean squared error, use the function'root_mean_squared_error'.
[2025-07-31T22:31:08.602+0000] {logging_mixin.py:188} WARNING - /home/***/.local/lib/python3.12/site-packages/sklearn/metrics/_regression.py:492 FutureWarning: 'squared' is deprecated in version 1.4 and will be removed in 1.6. To calculate the root mean squared error, use the function'root_mean_squared_error'.
[2025-07-31T22:31:10.202+0000] {drift_monitoring.py:328} INFO - Evidently performance drift report saved at /opt/***/dags/reports/drift_report_202507312200.html
[2025-07-31T22:31:10.204+0000] {drift_monitoring.py:468} INFO - No significant drift detected.
[2025-07-31T22:31:10.205+0000] {python.py:237} INFO - Done. Returned value was: None
[2025-07-31T22:31:10.207+0000] {taskinstance.py:441} INFO - ::group::Post task execution logs
[2025-07-31T22:31:10.228+0000] {taskinstance.py:1205} INFO - Marking task as SUCCESS. dag_id=drift_monitoring_dag, task_id=check_drift_and_trigger, execution_date=20250731T223059, start_date=20250731T223105, end_date=20250731T223110
[2025-07-31T22:31:10.397+0000] {local_task_job_runner.py:240} INFO - Task exited with return code 0
[2025-07-31T22:31:10.423+0000] {taskinstance.py:3482} INFO - 0 downstream tasks scheduled from follow-on schedule check
[2025-07-31T22:31:10.426+0000] {local_task_job_runner.py:222} INFO - ::endgroup::
