[2025-07-27T14:54:15.683+0000] {local_task_job_runner.py:120} INFO - ::group::Pre task execution logs
[2025-07-27T14:54:15.734+0000] {taskinstance.py:2073} INFO - Dependencies all met for dep_context=non-requeueable deps ti=<TaskInstance: training_pipeline.create_bucket manual__2025-07-27T14:54:12.204549+00:00 [queued]>
[2025-07-27T14:54:15.748+0000] {taskinstance.py:2073} INFO - Dependencies all met for dep_context=requeueable deps ti=<TaskInstance: training_pipeline.create_bucket manual__2025-07-27T14:54:12.204549+00:00 [queued]>
[2025-07-27T14:54:15.750+0000] {taskinstance.py:2303} INFO - Starting attempt 1 of 4
[2025-07-27T14:54:15.770+0000] {taskinstance.py:2327} INFO - Executing <Task(PythonOperator): create_bucket> on 2025-07-27 14:54:12.204549+00:00
[2025-07-27T14:54:15.791+0000] {logging_mixin.py:188} WARNING - /home/***/.local/lib/python3.12/site-packages/***/task/task_runner/standard_task_runner.py:61 DeprecationWarning: This process (pid=267) is multi-threaded, use of fork() may lead to deadlocks in the child.
[2025-07-27T14:54:15.789+0000] {standard_task_runner.py:90} INFO - Running: ['***', 'tasks', 'run', 'training_pipeline', 'create_bucket', 'manual__2025-07-27T14:54:12.204549+00:00', '--job-id', '2', '--raw', '--subdir', 'DAGS_FOLDER/training_pipeline.py', '--cfg-path', '/tmp/tmpwk6ib81s']
[2025-07-27T14:54:15.794+0000] {standard_task_runner.py:91} INFO - Job 2: Subtask create_bucket
[2025-07-27T14:54:15.794+0000] {standard_task_runner.py:63} INFO - Started process 292 to run task
[2025-07-27T14:54:15.819+0000] {logging_mixin.py:188} WARNING - /home/***/.local/lib/python3.12/site-packages/***/settings.py:195 DeprecationWarning: The sql_alchemy_conn option in [core] has been moved to the sql_alchemy_conn option in [database] - the old setting has been used, but please update your config.
[2025-07-27T14:54:15.877+0000] {task_command.py:426} INFO - Running <TaskInstance: training_pipeline.create_bucket manual__2025-07-27T14:54:12.204549+00:00 [running]> on host 62e194518522
[2025-07-27T14:54:16.017+0000] {taskinstance.py:2644} INFO - Exporting env vars: AIRFLOW_CTX_DAG_EMAIL='mlops_team@example.com' AIRFLOW_CTX_DAG_OWNER='mlops' AIRFLOW_CTX_DAG_ID='training_pipeline' AIRFLOW_CTX_TASK_ID='create_bucket' AIRFLOW_CTX_EXECUTION_DATE='2025-07-27T14:54:12.204549+00:00' AIRFLOW_CTX_TRY_NUMBER='1' AIRFLOW_CTX_DAG_RUN_ID='manual__2025-07-27T14:54:12.204549+00:00'
[2025-07-27T14:54:16.019+0000] {taskinstance.py:430} INFO - ::endgroup::
[2025-07-27T14:54:16.152+0000] {training_pipeline.py:42} INFO - Bucket crypto-mlops-bucket inexistant, création...
[2025-07-27T14:54:16.192+0000] {training_pipeline.py:44} INFO - Bucket crypto-mlops-bucket créé ✅
[2025-07-27T14:54:16.194+0000] {python.py:237} INFO - Done. Returned value was: None
[2025-07-27T14:54:16.195+0000] {taskinstance.py:441} INFO - ::group::Post task execution logs
[2025-07-27T14:54:16.216+0000] {taskinstance.py:1205} INFO - Marking task as SUCCESS. dag_id=training_pipeline, task_id=create_bucket, execution_date=20250727T145412, start_date=20250727T145415, end_date=20250727T145416
[2025-07-27T14:54:16.302+0000] {local_task_job_runner.py:240} INFO - Task exited with return code 0
[2025-07-27T14:54:16.341+0000] {taskinstance.py:3482} INFO - 1 downstream tasks scheduled from follow-on schedule check
[2025-07-27T14:54:16.345+0000] {local_task_job_runner.py:222} INFO - ::endgroup::
