[2025-07-31T13:32:22.920+0000] {local_task_job_runner.py:120} INFO - ::group::Pre task execution logs
[2025-07-31T13:32:23.000+0000] {taskinstance.py:2073} INFO - Dependencies all met for dep_context=non-requeueable deps ti=<TaskInstance: drift_monitoring_dag.check_drift_and_trigger manual__2025-07-31T13:27:07.234477+00:00 [queued]>
[2025-07-31T13:32:23.022+0000] {taskinstance.py:2073} INFO - Dependencies all met for dep_context=requeueable deps ti=<TaskInstance: drift_monitoring_dag.check_drift_and_trigger manual__2025-07-31T13:27:07.234477+00:00 [queued]>
[2025-07-31T13:32:23.023+0000] {taskinstance.py:2303} INFO - Starting attempt 2 of 2
[2025-07-31T13:32:23.049+0000] {taskinstance.py:2327} INFO - Executing <Task(PythonOperator): check_drift_and_trigger> on 2025-07-31 13:27:07.234477+00:00
[2025-07-31T13:32:23.082+0000] {standard_task_runner.py:90} INFO - Running: ['***', 'tasks', 'run', 'drift_monitoring_dag', 'check_drift_and_trigger', 'manual__2025-07-31T13:27:07.234477+00:00', '--job-id', '209', '--raw', '--subdir', 'DAGS_FOLDER/drift_monitoring.py', '--cfg-path', '/tmp/tmppzhisz6n']
[2025-07-31T13:32:23.094+0000] {standard_task_runner.py:91} INFO - Job 209: Subtask check_drift_and_trigger
[2025-07-31T13:32:23.094+0000] {logging_mixin.py:188} WARNING - /home/***/.local/lib/python3.12/site-packages/***/task/task_runner/standard_task_runner.py:61 DeprecationWarning: This process (pid=5156) is multi-threaded, use of fork() may lead to deadlocks in the child.
[2025-07-31T13:32:23.096+0000] {standard_task_runner.py:63} INFO - Started process 5193 to run task
[2025-07-31T13:32:23.139+0000] {logging_mixin.py:188} WARNING - /home/***/.local/lib/python3.12/site-packages/***/settings.py:195 DeprecationWarning: The sql_alchemy_conn option in [core] has been moved to the sql_alchemy_conn option in [database] - the old setting has been used, but please update your config.
[2025-07-31T13:32:23.391+0000] {task_command.py:426} INFO - Running <TaskInstance: drift_monitoring_dag.check_drift_and_trigger manual__2025-07-31T13:27:07.234477+00:00 [running]> on host 44c57df83f33
[2025-07-31T13:32:23.800+0000] {taskinstance.py:2644} INFO - Exporting env vars: AIRFLOW_CTX_DAG_OWNER='***' AIRFLOW_CTX_DAG_ID='drift_monitoring_dag' AIRFLOW_CTX_TASK_ID='check_drift_and_trigger' AIRFLOW_CTX_EXECUTION_DATE='2025-07-31T13:27:07.234477+00:00' AIRFLOW_CTX_TRY_NUMBER='2' AIRFLOW_CTX_DAG_RUN_ID='manual__2025-07-31T13:27:07.234477+00:00'
[2025-07-31T13:32:23.810+0000] {taskinstance.py:430} INFO - ::endgroup::
[2025-07-31T13:32:24.247+0000] {drift_monitoring.py:62} WARNING - File not found: s3://crypto-mlops-bucket/targets/date=2025-07-31/hour=13/target.parquet
[2025-07-31T13:32:24.267+0000] {drift_monitoring.py:62} WARNING - File not found: s3://crypto-mlops-bucket/predictions/date=2025-07-31/hour=12/prediction.parquet
[2025-07-31T13:32:24.330+0000] {drift_monitoring.py:62} WARNING - File not found: s3://crypto-mlops-bucket/predictions/date=2025-07-31/hour=11/prediction.parquet
[2025-07-31T13:32:24.350+0000] {drift_monitoring.py:62} WARNING - File not found: s3://crypto-mlops-bucket/targets/date=2025-07-31/hour=11/target.parquet
[2025-07-31T13:32:24.369+0000] {drift_monitoring.py:62} WARNING - File not found: s3://crypto-mlops-bucket/predictions/date=2025-07-31/hour=10/prediction.parquet
[2025-07-31T13:32:24.389+0000] {drift_monitoring.py:62} WARNING - File not found: s3://crypto-mlops-bucket/targets/date=2025-07-31/hour=10/target.parquet
[2025-07-31T13:32:24.445+0000] {drift_monitoring.py:62} WARNING - File not found: s3://crypto-mlops-bucket/predictions/date=2025-07-31/hour=09/prediction.parquet
[2025-07-31T13:32:24.464+0000] {drift_monitoring.py:62} WARNING - File not found: s3://crypto-mlops-bucket/targets/date=2025-07-31/hour=09/target.parquet
[2025-07-31T13:32:24.485+0000] {drift_monitoring.py:62} WARNING - File not found: s3://crypto-mlops-bucket/predictions/date=2025-07-31/hour=08/prediction.parquet
[2025-07-31T13:32:24.506+0000] {drift_monitoring.py:62} WARNING - File not found: s3://crypto-mlops-bucket/targets/date=2025-07-31/hour=08/target.parquet
[2025-07-31T13:32:24.526+0000] {drift_monitoring.py:62} WARNING - File not found: s3://crypto-mlops-bucket/predictions/date=2025-07-31/hour=07/prediction.parquet
[2025-07-31T13:32:24.543+0000] {drift_monitoring.py:62} WARNING - File not found: s3://crypto-mlops-bucket/targets/date=2025-07-31/hour=07/target.parquet
[2025-07-31T13:32:24.564+0000] {drift_monitoring.py:62} WARNING - File not found: s3://crypto-mlops-bucket/predictions/date=2025-07-31/hour=06/prediction.parquet
[2025-07-31T13:32:24.582+0000] {drift_monitoring.py:62} WARNING - File not found: s3://crypto-mlops-bucket/targets/date=2025-07-31/hour=06/target.parquet
[2025-07-31T13:32:24.631+0000] {drift_monitoring.py:62} WARNING - File not found: s3://crypto-mlops-bucket/predictions/date=2025-07-31/hour=05/prediction.parquet
[2025-07-31T13:32:24.653+0000] {drift_monitoring.py:62} WARNING - File not found: s3://crypto-mlops-bucket/targets/date=2025-07-31/hour=05/target.parquet
[2025-07-31T13:32:24.707+0000] {drift_monitoring.py:62} WARNING - File not found: s3://crypto-mlops-bucket/predictions/date=2025-07-31/hour=04/prediction.parquet
[2025-07-31T13:32:24.726+0000] {drift_monitoring.py:62} WARNING - File not found: s3://crypto-mlops-bucket/targets/date=2025-07-31/hour=04/target.parquet
[2025-07-31T13:32:24.746+0000] {drift_monitoring.py:62} WARNING - File not found: s3://crypto-mlops-bucket/predictions/date=2025-07-31/hour=03/prediction.parquet
[2025-07-31T13:32:24.765+0000] {drift_monitoring.py:62} WARNING - File not found: s3://crypto-mlops-bucket/targets/date=2025-07-31/hour=03/target.parquet
[2025-07-31T13:32:24.786+0000] {drift_monitoring.py:62} WARNING - File not found: s3://crypto-mlops-bucket/predictions/date=2025-07-31/hour=02/prediction.parquet
[2025-07-31T13:32:24.813+0000] {drift_monitoring.py:62} WARNING - File not found: s3://crypto-mlops-bucket/targets/date=2025-07-31/hour=02/target.parquet
[2025-07-31T13:32:24.844+0000] {drift_monitoring.py:62} WARNING - File not found: s3://crypto-mlops-bucket/predictions/date=2025-07-31/hour=01/prediction.parquet
[2025-07-31T13:32:24.867+0000] {drift_monitoring.py:62} WARNING - File not found: s3://crypto-mlops-bucket/targets/date=2025-07-31/hour=01/target.parquet
[2025-07-31T13:32:24.898+0000] {drift_monitoring.py:62} WARNING - File not found: s3://crypto-mlops-bucket/predictions/date=2025-07-31/hour=00/prediction.parquet
[2025-07-31T13:32:24.921+0000] {drift_monitoring.py:62} WARNING - File not found: s3://crypto-mlops-bucket/targets/date=2025-07-31/hour=00/target.parquet
[2025-07-31T13:32:24.943+0000] {drift_monitoring.py:62} WARNING - File not found: s3://crypto-mlops-bucket/predictions/date=2025-07-30/hour=23/prediction.parquet
[2025-07-31T13:32:24.964+0000] {drift_monitoring.py:62} WARNING - File not found: s3://crypto-mlops-bucket/targets/date=2025-07-30/hour=23/target.parquet
[2025-07-31T13:32:24.987+0000] {drift_monitoring.py:62} WARNING - File not found: s3://crypto-mlops-bucket/predictions/date=2025-07-30/hour=22/prediction.parquet
[2025-07-31T13:32:25.006+0000] {drift_monitoring.py:62} WARNING - File not found: s3://crypto-mlops-bucket/targets/date=2025-07-30/hour=22/target.parquet
[2025-07-31T13:32:25.025+0000] {drift_monitoring.py:62} WARNING - File not found: s3://crypto-mlops-bucket/predictions/date=2025-07-30/hour=21/prediction.parquet
[2025-07-31T13:32:25.044+0000] {drift_monitoring.py:62} WARNING - File not found: s3://crypto-mlops-bucket/targets/date=2025-07-30/hour=21/target.parquet
[2025-07-31T13:32:25.060+0000] {drift_monitoring.py:62} WARNING - File not found: s3://crypto-mlops-bucket/predictions/date=2025-07-30/hour=20/prediction.parquet
[2025-07-31T13:32:25.079+0000] {drift_monitoring.py:62} WARNING - File not found: s3://crypto-mlops-bucket/targets/date=2025-07-30/hour=20/target.parquet
[2025-07-31T13:32:25.098+0000] {drift_monitoring.py:62} WARNING - File not found: s3://crypto-mlops-bucket/predictions/date=2025-07-30/hour=19/prediction.parquet
[2025-07-31T13:32:25.115+0000] {drift_monitoring.py:62} WARNING - File not found: s3://crypto-mlops-bucket/targets/date=2025-07-30/hour=19/target.parquet
[2025-07-31T13:32:25.136+0000] {drift_monitoring.py:62} WARNING - File not found: s3://crypto-mlops-bucket/predictions/date=2025-07-30/hour=18/prediction.parquet
[2025-07-31T13:32:25.160+0000] {drift_monitoring.py:62} WARNING - File not found: s3://crypto-mlops-bucket/targets/date=2025-07-30/hour=18/target.parquet
[2025-07-31T13:32:25.179+0000] {drift_monitoring.py:62} WARNING - File not found: s3://crypto-mlops-bucket/predictions/date=2025-07-30/hour=17/prediction.parquet
[2025-07-31T13:32:25.198+0000] {drift_monitoring.py:62} WARNING - File not found: s3://crypto-mlops-bucket/targets/date=2025-07-30/hour=17/target.parquet
[2025-07-31T13:32:25.216+0000] {drift_monitoring.py:62} WARNING - File not found: s3://crypto-mlops-bucket/predictions/date=2025-07-30/hour=16/prediction.parquet
[2025-07-31T13:32:25.234+0000] {drift_monitoring.py:62} WARNING - File not found: s3://crypto-mlops-bucket/targets/date=2025-07-30/hour=16/target.parquet
[2025-07-31T13:32:25.254+0000] {drift_monitoring.py:62} WARNING - File not found: s3://crypto-mlops-bucket/predictions/date=2025-07-30/hour=15/prediction.parquet
[2025-07-31T13:32:25.274+0000] {drift_monitoring.py:62} WARNING - File not found: s3://crypto-mlops-bucket/targets/date=2025-07-30/hour=15/target.parquet
[2025-07-31T13:32:25.294+0000] {drift_monitoring.py:62} WARNING - File not found: s3://crypto-mlops-bucket/predictions/date=2025-07-30/hour=14/prediction.parquet
[2025-07-31T13:32:25.313+0000] {drift_monitoring.py:62} WARNING - File not found: s3://crypto-mlops-bucket/targets/date=2025-07-30/hour=14/target.parquet
[2025-07-31T13:32:25.332+0000] {drift_monitoring.py:62} WARNING - File not found: s3://crypto-mlops-bucket/predictions/date=2025-07-30/hour=13/prediction.parquet
[2025-07-31T13:32:25.353+0000] {drift_monitoring.py:62} WARNING - File not found: s3://crypto-mlops-bucket/targets/date=2025-07-30/hour=13/target.parquet
[2025-07-31T13:32:25.371+0000] {drift_monitoring.py:62} WARNING - File not found: s3://crypto-mlops-bucket/predictions/date=2025-07-30/hour=12/prediction.parquet
[2025-07-31T13:32:25.384+0000] {drift_monitoring.py:62} WARNING - File not found: s3://crypto-mlops-bucket/targets/date=2025-07-30/hour=12/target.parquet
[2025-07-31T13:32:25.405+0000] {drift_monitoring.py:62} WARNING - File not found: s3://crypto-mlops-bucket/predictions/date=2025-07-30/hour=11/prediction.parquet
[2025-07-31T13:32:25.425+0000] {drift_monitoring.py:62} WARNING - File not found: s3://crypto-mlops-bucket/targets/date=2025-07-30/hour=11/target.parquet
[2025-07-31T13:32:25.446+0000] {drift_monitoring.py:62} WARNING - File not found: s3://crypto-mlops-bucket/predictions/date=2025-07-30/hour=10/prediction.parquet
[2025-07-31T13:32:25.464+0000] {drift_monitoring.py:62} WARNING - File not found: s3://crypto-mlops-bucket/targets/date=2025-07-30/hour=10/target.parquet
[2025-07-31T13:32:25.486+0000] {drift_monitoring.py:62} WARNING - File not found: s3://crypto-mlops-bucket/predictions/date=2025-07-30/hour=09/prediction.parquet
[2025-07-31T13:32:25.507+0000] {drift_monitoring.py:62} WARNING - File not found: s3://crypto-mlops-bucket/targets/date=2025-07-30/hour=09/target.parquet
[2025-07-31T13:32:25.527+0000] {drift_monitoring.py:62} WARNING - File not found: s3://crypto-mlops-bucket/predictions/date=2025-07-30/hour=08/prediction.parquet
[2025-07-31T13:32:25.548+0000] {drift_monitoring.py:62} WARNING - File not found: s3://crypto-mlops-bucket/targets/date=2025-07-30/hour=08/target.parquet
[2025-07-31T13:32:25.570+0000] {drift_monitoring.py:62} WARNING - File not found: s3://crypto-mlops-bucket/predictions/date=2025-07-30/hour=07/prediction.parquet
[2025-07-31T13:32:25.591+0000] {drift_monitoring.py:62} WARNING - File not found: s3://crypto-mlops-bucket/targets/date=2025-07-30/hour=07/target.parquet
[2025-07-31T13:32:25.612+0000] {drift_monitoring.py:62} WARNING - File not found: s3://crypto-mlops-bucket/predictions/date=2025-07-30/hour=06/prediction.parquet
[2025-07-31T13:32:25.629+0000] {drift_monitoring.py:62} WARNING - File not found: s3://crypto-mlops-bucket/targets/date=2025-07-30/hour=06/target.parquet
[2025-07-31T13:32:25.650+0000] {drift_monitoring.py:62} WARNING - File not found: s3://crypto-mlops-bucket/predictions/date=2025-07-30/hour=05/prediction.parquet
[2025-07-31T13:32:25.669+0000] {drift_monitoring.py:62} WARNING - File not found: s3://crypto-mlops-bucket/targets/date=2025-07-30/hour=05/target.parquet
[2025-07-31T13:32:25.688+0000] {drift_monitoring.py:62} WARNING - File not found: s3://crypto-mlops-bucket/predictions/date=2025-07-30/hour=04/prediction.parquet
[2025-07-31T13:32:25.708+0000] {drift_monitoring.py:62} WARNING - File not found: s3://crypto-mlops-bucket/targets/date=2025-07-30/hour=04/target.parquet
[2025-07-31T13:32:25.726+0000] {drift_monitoring.py:62} WARNING - File not found: s3://crypto-mlops-bucket/predictions/date=2025-07-30/hour=03/prediction.parquet
[2025-07-31T13:32:25.742+0000] {drift_monitoring.py:62} WARNING - File not found: s3://crypto-mlops-bucket/targets/date=2025-07-30/hour=03/target.parquet
[2025-07-31T13:32:25.761+0000] {drift_monitoring.py:62} WARNING - File not found: s3://crypto-mlops-bucket/predictions/date=2025-07-30/hour=02/prediction.parquet
[2025-07-31T13:32:25.777+0000] {drift_monitoring.py:62} WARNING - File not found: s3://crypto-mlops-bucket/targets/date=2025-07-30/hour=02/target.parquet
[2025-07-31T13:32:25.794+0000] {drift_monitoring.py:62} WARNING - File not found: s3://crypto-mlops-bucket/predictions/date=2025-07-30/hour=01/prediction.parquet
[2025-07-31T13:32:25.814+0000] {drift_monitoring.py:62} WARNING - File not found: s3://crypto-mlops-bucket/targets/date=2025-07-30/hour=01/target.parquet
[2025-07-31T13:32:25.833+0000] {drift_monitoring.py:62} WARNING - File not found: s3://crypto-mlops-bucket/predictions/date=2025-07-30/hour=00/prediction.parquet
[2025-07-31T13:32:25.850+0000] {drift_monitoring.py:62} WARNING - File not found: s3://crypto-mlops-bucket/targets/date=2025-07-30/hour=00/target.parquet
[2025-07-31T13:32:25.872+0000] {drift_monitoring.py:62} WARNING - File not found: s3://crypto-mlops-bucket/predictions/date=2025-07-29/hour=23/prediction.parquet
[2025-07-31T13:32:25.890+0000] {drift_monitoring.py:62} WARNING - File not found: s3://crypto-mlops-bucket/targets/date=2025-07-29/hour=23/target.parquet
[2025-07-31T13:32:25.906+0000] {drift_monitoring.py:62} WARNING - File not found: s3://crypto-mlops-bucket/predictions/date=2025-07-29/hour=22/prediction.parquet
[2025-07-31T13:32:25.922+0000] {drift_monitoring.py:62} WARNING - File not found: s3://crypto-mlops-bucket/targets/date=2025-07-29/hour=22/target.parquet
[2025-07-31T13:32:25.938+0000] {drift_monitoring.py:62} WARNING - File not found: s3://crypto-mlops-bucket/predictions/date=2025-07-29/hour=21/prediction.parquet
[2025-07-31T13:32:25.957+0000] {drift_monitoring.py:62} WARNING - File not found: s3://crypto-mlops-bucket/targets/date=2025-07-29/hour=21/target.parquet
[2025-07-31T13:32:25.974+0000] {drift_monitoring.py:62} WARNING - File not found: s3://crypto-mlops-bucket/predictions/date=2025-07-29/hour=20/prediction.parquet
[2025-07-31T13:32:25.993+0000] {drift_monitoring.py:62} WARNING - File not found: s3://crypto-mlops-bucket/targets/date=2025-07-29/hour=20/target.parquet
[2025-07-31T13:32:26.013+0000] {drift_monitoring.py:62} WARNING - File not found: s3://crypto-mlops-bucket/predictions/date=2025-07-29/hour=19/prediction.parquet
[2025-07-31T13:32:26.035+0000] {drift_monitoring.py:62} WARNING - File not found: s3://crypto-mlops-bucket/targets/date=2025-07-29/hour=19/target.parquet
[2025-07-31T13:32:26.055+0000] {drift_monitoring.py:62} WARNING - File not found: s3://crypto-mlops-bucket/predictions/date=2025-07-29/hour=18/prediction.parquet
[2025-07-31T13:32:26.075+0000] {drift_monitoring.py:62} WARNING - File not found: s3://crypto-mlops-bucket/targets/date=2025-07-29/hour=18/target.parquet
[2025-07-31T13:32:26.094+0000] {drift_monitoring.py:62} WARNING - File not found: s3://crypto-mlops-bucket/predictions/date=2025-07-29/hour=17/prediction.parquet
[2025-07-31T13:32:26.115+0000] {drift_monitoring.py:62} WARNING - File not found: s3://crypto-mlops-bucket/targets/date=2025-07-29/hour=17/target.parquet
[2025-07-31T13:32:26.136+0000] {drift_monitoring.py:62} WARNING - File not found: s3://crypto-mlops-bucket/predictions/date=2025-07-29/hour=16/prediction.parquet
[2025-07-31T13:32:26.155+0000] {drift_monitoring.py:62} WARNING - File not found: s3://crypto-mlops-bucket/targets/date=2025-07-29/hour=16/target.parquet
[2025-07-31T13:32:26.174+0000] {drift_monitoring.py:62} WARNING - File not found: s3://crypto-mlops-bucket/predictions/date=2025-07-29/hour=15/prediction.parquet
[2025-07-31T13:32:26.189+0000] {drift_monitoring.py:62} WARNING - File not found: s3://crypto-mlops-bucket/targets/date=2025-07-29/hour=15/target.parquet
[2025-07-31T13:32:26.208+0000] {drift_monitoring.py:62} WARNING - File not found: s3://crypto-mlops-bucket/predictions/date=2025-07-29/hour=14/prediction.parquet
[2025-07-31T13:32:26.230+0000] {drift_monitoring.py:62} WARNING - File not found: s3://crypto-mlops-bucket/targets/date=2025-07-29/hour=14/target.parquet
[2025-07-31T13:32:26.252+0000] {drift_monitoring.py:62} WARNING - File not found: s3://crypto-mlops-bucket/predictions/date=2025-07-29/hour=13/prediction.parquet
[2025-07-31T13:32:26.271+0000] {drift_monitoring.py:62} WARNING - File not found: s3://crypto-mlops-bucket/targets/date=2025-07-29/hour=13/target.parquet
[2025-07-31T13:32:26.291+0000] {drift_monitoring.py:62} WARNING - File not found: s3://crypto-mlops-bucket/predictions/date=2025-07-29/hour=12/prediction.parquet
[2025-07-31T13:32:26.312+0000] {drift_monitoring.py:62} WARNING - File not found: s3://crypto-mlops-bucket/targets/date=2025-07-29/hour=12/target.parquet
[2025-07-31T13:32:26.332+0000] {drift_monitoring.py:62} WARNING - File not found: s3://crypto-mlops-bucket/predictions/date=2025-07-29/hour=11/prediction.parquet
[2025-07-31T13:32:26.352+0000] {drift_monitoring.py:62} WARNING - File not found: s3://crypto-mlops-bucket/targets/date=2025-07-29/hour=11/target.parquet
[2025-07-31T13:32:26.381+0000] {drift_monitoring.py:62} WARNING - File not found: s3://crypto-mlops-bucket/predictions/date=2025-07-29/hour=10/prediction.parquet
[2025-07-31T13:32:26.401+0000] {drift_monitoring.py:62} WARNING - File not found: s3://crypto-mlops-bucket/targets/date=2025-07-29/hour=10/target.parquet
[2025-07-31T13:32:26.421+0000] {drift_monitoring.py:62} WARNING - File not found: s3://crypto-mlops-bucket/predictions/date=2025-07-29/hour=09/prediction.parquet
[2025-07-31T13:32:26.439+0000] {drift_monitoring.py:62} WARNING - File not found: s3://crypto-mlops-bucket/targets/date=2025-07-29/hour=09/target.parquet
[2025-07-31T13:32:26.461+0000] {drift_monitoring.py:62} WARNING - File not found: s3://crypto-mlops-bucket/predictions/date=2025-07-29/hour=08/prediction.parquet
[2025-07-31T13:32:26.482+0000] {drift_monitoring.py:62} WARNING - File not found: s3://crypto-mlops-bucket/targets/date=2025-07-29/hour=08/target.parquet
[2025-07-31T13:32:26.503+0000] {drift_monitoring.py:62} WARNING - File not found: s3://crypto-mlops-bucket/predictions/date=2025-07-29/hour=07/prediction.parquet
[2025-07-31T13:32:26.526+0000] {drift_monitoring.py:62} WARNING - File not found: s3://crypto-mlops-bucket/targets/date=2025-07-29/hour=07/target.parquet
[2025-07-31T13:32:26.558+0000] {drift_monitoring.py:62} WARNING - File not found: s3://crypto-mlops-bucket/predictions/date=2025-07-29/hour=06/prediction.parquet
[2025-07-31T13:32:26.578+0000] {drift_monitoring.py:62} WARNING - File not found: s3://crypto-mlops-bucket/targets/date=2025-07-29/hour=06/target.parquet
[2025-07-31T13:32:26.596+0000] {drift_monitoring.py:62} WARNING - File not found: s3://crypto-mlops-bucket/predictions/date=2025-07-29/hour=05/prediction.parquet
[2025-07-31T13:32:26.617+0000] {drift_monitoring.py:62} WARNING - File not found: s3://crypto-mlops-bucket/targets/date=2025-07-29/hour=05/target.parquet
[2025-07-31T13:32:26.646+0000] {drift_monitoring.py:62} WARNING - File not found: s3://crypto-mlops-bucket/predictions/date=2025-07-29/hour=04/prediction.parquet
[2025-07-31T13:32:26.671+0000] {drift_monitoring.py:62} WARNING - File not found: s3://crypto-mlops-bucket/targets/date=2025-07-29/hour=04/target.parquet
[2025-07-31T13:32:26.692+0000] {drift_monitoring.py:62} WARNING - File not found: s3://crypto-mlops-bucket/predictions/date=2025-07-29/hour=03/prediction.parquet
[2025-07-31T13:32:26.716+0000] {drift_monitoring.py:62} WARNING - File not found: s3://crypto-mlops-bucket/targets/date=2025-07-29/hour=03/target.parquet
[2025-07-31T13:32:26.738+0000] {drift_monitoring.py:62} WARNING - File not found: s3://crypto-mlops-bucket/predictions/date=2025-07-29/hour=02/prediction.parquet
[2025-07-31T13:32:26.761+0000] {drift_monitoring.py:62} WARNING - File not found: s3://crypto-mlops-bucket/targets/date=2025-07-29/hour=02/target.parquet
[2025-07-31T13:32:26.781+0000] {drift_monitoring.py:62} WARNING - File not found: s3://crypto-mlops-bucket/predictions/date=2025-07-29/hour=01/prediction.parquet
[2025-07-31T13:32:26.807+0000] {drift_monitoring.py:62} WARNING - File not found: s3://crypto-mlops-bucket/targets/date=2025-07-29/hour=01/target.parquet
[2025-07-31T13:32:26.833+0000] {drift_monitoring.py:62} WARNING - File not found: s3://crypto-mlops-bucket/predictions/date=2025-07-29/hour=00/prediction.parquet
[2025-07-31T13:32:26.855+0000] {drift_monitoring.py:62} WARNING - File not found: s3://crypto-mlops-bucket/targets/date=2025-07-29/hour=00/target.parquet
[2025-07-31T13:32:26.910+0000] {drift_monitoring.py:62} WARNING - File not found: s3://crypto-mlops-bucket/predictions/date=2025-07-28/hour=23/prediction.parquet
[2025-07-31T13:32:26.929+0000] {drift_monitoring.py:62} WARNING - File not found: s3://crypto-mlops-bucket/targets/date=2025-07-28/hour=23/target.parquet
[2025-07-31T13:32:26.951+0000] {drift_monitoring.py:62} WARNING - File not found: s3://crypto-mlops-bucket/predictions/date=2025-07-28/hour=22/prediction.parquet
[2025-07-31T13:32:26.969+0000] {drift_monitoring.py:62} WARNING - File not found: s3://crypto-mlops-bucket/targets/date=2025-07-28/hour=22/target.parquet
[2025-07-31T13:32:26.992+0000] {drift_monitoring.py:62} WARNING - File not found: s3://crypto-mlops-bucket/predictions/date=2025-07-28/hour=21/prediction.parquet
[2025-07-31T13:32:27.021+0000] {drift_monitoring.py:62} WARNING - File not found: s3://crypto-mlops-bucket/targets/date=2025-07-28/hour=21/target.parquet
[2025-07-31T13:32:27.048+0000] {drift_monitoring.py:62} WARNING - File not found: s3://crypto-mlops-bucket/predictions/date=2025-07-28/hour=20/prediction.parquet
[2025-07-31T13:32:27.070+0000] {drift_monitoring.py:62} WARNING - File not found: s3://crypto-mlops-bucket/targets/date=2025-07-28/hour=20/target.parquet
[2025-07-31T13:32:27.092+0000] {drift_monitoring.py:62} WARNING - File not found: s3://crypto-mlops-bucket/predictions/date=2025-07-28/hour=19/prediction.parquet
[2025-07-31T13:32:27.114+0000] {drift_monitoring.py:62} WARNING - File not found: s3://crypto-mlops-bucket/targets/date=2025-07-28/hour=19/target.parquet
[2025-07-31T13:32:27.135+0000] {drift_monitoring.py:62} WARNING - File not found: s3://crypto-mlops-bucket/predictions/date=2025-07-28/hour=18/prediction.parquet
[2025-07-31T13:32:27.158+0000] {drift_monitoring.py:62} WARNING - File not found: s3://crypto-mlops-bucket/targets/date=2025-07-28/hour=18/target.parquet
[2025-07-31T13:32:27.180+0000] {drift_monitoring.py:62} WARNING - File not found: s3://crypto-mlops-bucket/predictions/date=2025-07-28/hour=17/prediction.parquet
[2025-07-31T13:32:27.200+0000] {drift_monitoring.py:62} WARNING - File not found: s3://crypto-mlops-bucket/targets/date=2025-07-28/hour=17/target.parquet
[2025-07-31T13:32:27.220+0000] {drift_monitoring.py:62} WARNING - File not found: s3://crypto-mlops-bucket/predictions/date=2025-07-28/hour=16/prediction.parquet
[2025-07-31T13:32:27.239+0000] {drift_monitoring.py:62} WARNING - File not found: s3://crypto-mlops-bucket/targets/date=2025-07-28/hour=16/target.parquet
[2025-07-31T13:32:27.260+0000] {drift_monitoring.py:62} WARNING - File not found: s3://crypto-mlops-bucket/predictions/date=2025-07-28/hour=15/prediction.parquet
[2025-07-31T13:32:27.279+0000] {drift_monitoring.py:62} WARNING - File not found: s3://crypto-mlops-bucket/targets/date=2025-07-28/hour=15/target.parquet
[2025-07-31T13:32:27.297+0000] {drift_monitoring.py:62} WARNING - File not found: s3://crypto-mlops-bucket/predictions/date=2025-07-28/hour=14/prediction.parquet
[2025-07-31T13:32:27.317+0000] {drift_monitoring.py:62} WARNING - File not found: s3://crypto-mlops-bucket/targets/date=2025-07-28/hour=14/target.parquet
[2025-07-31T13:32:27.336+0000] {drift_monitoring.py:62} WARNING - File not found: s3://crypto-mlops-bucket/predictions/date=2025-07-28/hour=13/prediction.parquet
[2025-07-31T13:32:27.356+0000] {drift_monitoring.py:62} WARNING - File not found: s3://crypto-mlops-bucket/targets/date=2025-07-28/hour=13/target.parquet
[2025-07-31T13:32:27.383+0000] {drift_monitoring.py:62} WARNING - File not found: s3://crypto-mlops-bucket/predictions/date=2025-07-28/hour=12/prediction.parquet
[2025-07-31T13:32:27.403+0000] {drift_monitoring.py:62} WARNING - File not found: s3://crypto-mlops-bucket/targets/date=2025-07-28/hour=12/target.parquet
[2025-07-31T13:32:27.424+0000] {drift_monitoring.py:62} WARNING - File not found: s3://crypto-mlops-bucket/predictions/date=2025-07-28/hour=11/prediction.parquet
[2025-07-31T13:32:27.446+0000] {drift_monitoring.py:62} WARNING - File not found: s3://crypto-mlops-bucket/targets/date=2025-07-28/hour=11/target.parquet
[2025-07-31T13:32:27.469+0000] {drift_monitoring.py:62} WARNING - File not found: s3://crypto-mlops-bucket/predictions/date=2025-07-28/hour=10/prediction.parquet
[2025-07-31T13:32:27.492+0000] {drift_monitoring.py:62} WARNING - File not found: s3://crypto-mlops-bucket/targets/date=2025-07-28/hour=10/target.parquet
[2025-07-31T13:32:27.512+0000] {drift_monitoring.py:62} WARNING - File not found: s3://crypto-mlops-bucket/predictions/date=2025-07-28/hour=09/prediction.parquet
[2025-07-31T13:32:27.533+0000] {drift_monitoring.py:62} WARNING - File not found: s3://crypto-mlops-bucket/targets/date=2025-07-28/hour=09/target.parquet
[2025-07-31T13:32:27.553+0000] {drift_monitoring.py:62} WARNING - File not found: s3://crypto-mlops-bucket/predictions/date=2025-07-28/hour=08/prediction.parquet
[2025-07-31T13:32:27.571+0000] {drift_monitoring.py:62} WARNING - File not found: s3://crypto-mlops-bucket/targets/date=2025-07-28/hour=08/target.parquet
[2025-07-31T13:32:27.589+0000] {drift_monitoring.py:62} WARNING - File not found: s3://crypto-mlops-bucket/predictions/date=2025-07-28/hour=07/prediction.parquet
[2025-07-31T13:32:27.608+0000] {drift_monitoring.py:62} WARNING - File not found: s3://crypto-mlops-bucket/targets/date=2025-07-28/hour=07/target.parquet
[2025-07-31T13:32:27.628+0000] {drift_monitoring.py:62} WARNING - File not found: s3://crypto-mlops-bucket/predictions/date=2025-07-28/hour=06/prediction.parquet
[2025-07-31T13:32:27.648+0000] {drift_monitoring.py:62} WARNING - File not found: s3://crypto-mlops-bucket/targets/date=2025-07-28/hour=06/target.parquet
[2025-07-31T13:32:27.667+0000] {drift_monitoring.py:62} WARNING - File not found: s3://crypto-mlops-bucket/predictions/date=2025-07-28/hour=05/prediction.parquet
[2025-07-31T13:32:27.686+0000] {drift_monitoring.py:62} WARNING - File not found: s3://crypto-mlops-bucket/targets/date=2025-07-28/hour=05/target.parquet
[2025-07-31T13:32:27.706+0000] {drift_monitoring.py:62} WARNING - File not found: s3://crypto-mlops-bucket/predictions/date=2025-07-28/hour=04/prediction.parquet
[2025-07-31T13:32:27.728+0000] {drift_monitoring.py:62} WARNING - File not found: s3://crypto-mlops-bucket/targets/date=2025-07-28/hour=04/target.parquet
[2025-07-31T13:32:27.747+0000] {drift_monitoring.py:62} WARNING - File not found: s3://crypto-mlops-bucket/predictions/date=2025-07-28/hour=03/prediction.parquet
[2025-07-31T13:32:27.768+0000] {drift_monitoring.py:62} WARNING - File not found: s3://crypto-mlops-bucket/targets/date=2025-07-28/hour=03/target.parquet
[2025-07-31T13:32:27.789+0000] {drift_monitoring.py:62} WARNING - File not found: s3://crypto-mlops-bucket/predictions/date=2025-07-28/hour=02/prediction.parquet
[2025-07-31T13:32:27.809+0000] {drift_monitoring.py:62} WARNING - File not found: s3://crypto-mlops-bucket/targets/date=2025-07-28/hour=02/target.parquet
[2025-07-31T13:32:27.830+0000] {drift_monitoring.py:62} WARNING - File not found: s3://crypto-mlops-bucket/predictions/date=2025-07-28/hour=01/prediction.parquet
[2025-07-31T13:32:27.849+0000] {drift_monitoring.py:62} WARNING - File not found: s3://crypto-mlops-bucket/targets/date=2025-07-28/hour=01/target.parquet
[2025-07-31T13:32:27.867+0000] {drift_monitoring.py:62} WARNING - File not found: s3://crypto-mlops-bucket/predictions/date=2025-07-28/hour=00/prediction.parquet
[2025-07-31T13:32:27.885+0000] {drift_monitoring.py:62} WARNING - File not found: s3://crypto-mlops-bucket/targets/date=2025-07-28/hour=00/target.parquet
[2025-07-31T13:32:27.905+0000] {drift_monitoring.py:62} WARNING - File not found: s3://crypto-mlops-bucket/predictions/date=2025-07-27/hour=23/prediction.parquet
[2025-07-31T13:32:27.928+0000] {drift_monitoring.py:62} WARNING - File not found: s3://crypto-mlops-bucket/targets/date=2025-07-27/hour=23/target.parquet
[2025-07-31T13:32:27.949+0000] {drift_monitoring.py:62} WARNING - File not found: s3://crypto-mlops-bucket/predictions/date=2025-07-27/hour=22/prediction.parquet
[2025-07-31T13:32:27.970+0000] {drift_monitoring.py:62} WARNING - File not found: s3://crypto-mlops-bucket/targets/date=2025-07-27/hour=22/target.parquet
[2025-07-31T13:32:27.990+0000] {drift_monitoring.py:62} WARNING - File not found: s3://crypto-mlops-bucket/predictions/date=2025-07-27/hour=21/prediction.parquet
[2025-07-31T13:32:28.013+0000] {drift_monitoring.py:62} WARNING - File not found: s3://crypto-mlops-bucket/targets/date=2025-07-27/hour=21/target.parquet
[2025-07-31T13:32:28.035+0000] {drift_monitoring.py:62} WARNING - File not found: s3://crypto-mlops-bucket/predictions/date=2025-07-27/hour=20/prediction.parquet
[2025-07-31T13:32:28.058+0000] {drift_monitoring.py:62} WARNING - File not found: s3://crypto-mlops-bucket/targets/date=2025-07-27/hour=20/target.parquet
[2025-07-31T13:32:28.080+0000] {drift_monitoring.py:62} WARNING - File not found: s3://crypto-mlops-bucket/predictions/date=2025-07-27/hour=19/prediction.parquet
[2025-07-31T13:32:28.104+0000] {drift_monitoring.py:62} WARNING - File not found: s3://crypto-mlops-bucket/targets/date=2025-07-27/hour=19/target.parquet
[2025-07-31T13:32:28.135+0000] {drift_monitoring.py:62} WARNING - File not found: s3://crypto-mlops-bucket/predictions/date=2025-07-27/hour=18/prediction.parquet
[2025-07-31T13:32:28.170+0000] {drift_monitoring.py:62} WARNING - File not found: s3://crypto-mlops-bucket/targets/date=2025-07-27/hour=18/target.parquet
[2025-07-31T13:32:28.194+0000] {drift_monitoring.py:62} WARNING - File not found: s3://crypto-mlops-bucket/predictions/date=2025-07-27/hour=17/prediction.parquet
[2025-07-31T13:32:28.222+0000] {drift_monitoring.py:62} WARNING - File not found: s3://crypto-mlops-bucket/targets/date=2025-07-27/hour=17/target.parquet
[2025-07-31T13:32:28.245+0000] {drift_monitoring.py:62} WARNING - File not found: s3://crypto-mlops-bucket/predictions/date=2025-07-27/hour=16/prediction.parquet
[2025-07-31T13:32:28.267+0000] {drift_monitoring.py:62} WARNING - File not found: s3://crypto-mlops-bucket/targets/date=2025-07-27/hour=16/target.parquet
[2025-07-31T13:32:28.290+0000] {drift_monitoring.py:62} WARNING - File not found: s3://crypto-mlops-bucket/predictions/date=2025-07-27/hour=15/prediction.parquet
[2025-07-31T13:32:28.310+0000] {drift_monitoring.py:62} WARNING - File not found: s3://crypto-mlops-bucket/targets/date=2025-07-27/hour=15/target.parquet
[2025-07-31T13:32:28.333+0000] {drift_monitoring.py:62} WARNING - File not found: s3://crypto-mlops-bucket/predictions/date=2025-07-27/hour=14/prediction.parquet
[2025-07-31T13:32:28.352+0000] {drift_monitoring.py:62} WARNING - File not found: s3://crypto-mlops-bucket/targets/date=2025-07-27/hour=14/target.parquet
[2025-07-31T13:32:28.373+0000] {drift_monitoring.py:62} WARNING - File not found: s3://crypto-mlops-bucket/predictions/date=2025-07-27/hour=13/prediction.parquet
[2025-07-31T13:32:28.396+0000] {drift_monitoring.py:62} WARNING - File not found: s3://crypto-mlops-bucket/targets/date=2025-07-27/hour=13/target.parquet
[2025-07-31T13:32:28.421+0000] {drift_monitoring.py:62} WARNING - File not found: s3://crypto-mlops-bucket/predictions/date=2025-07-27/hour=12/prediction.parquet
[2025-07-31T13:32:28.442+0000] {drift_monitoring.py:62} WARNING - File not found: s3://crypto-mlops-bucket/targets/date=2025-07-27/hour=12/target.parquet
[2025-07-31T13:32:28.469+0000] {drift_monitoring.py:62} WARNING - File not found: s3://crypto-mlops-bucket/predictions/date=2025-07-27/hour=11/prediction.parquet
[2025-07-31T13:32:28.490+0000] {drift_monitoring.py:62} WARNING - File not found: s3://crypto-mlops-bucket/targets/date=2025-07-27/hour=11/target.parquet
[2025-07-31T13:32:28.515+0000] {drift_monitoring.py:62} WARNING - File not found: s3://crypto-mlops-bucket/predictions/date=2025-07-27/hour=10/prediction.parquet
[2025-07-31T13:32:28.535+0000] {drift_monitoring.py:62} WARNING - File not found: s3://crypto-mlops-bucket/targets/date=2025-07-27/hour=10/target.parquet
[2025-07-31T13:32:28.560+0000] {drift_monitoring.py:62} WARNING - File not found: s3://crypto-mlops-bucket/predictions/date=2025-07-27/hour=09/prediction.parquet
[2025-07-31T13:32:28.585+0000] {drift_monitoring.py:62} WARNING - File not found: s3://crypto-mlops-bucket/targets/date=2025-07-27/hour=09/target.parquet
[2025-07-31T13:32:28.613+0000] {drift_monitoring.py:62} WARNING - File not found: s3://crypto-mlops-bucket/predictions/date=2025-07-27/hour=08/prediction.parquet
[2025-07-31T13:32:28.640+0000] {drift_monitoring.py:62} WARNING - File not found: s3://crypto-mlops-bucket/targets/date=2025-07-27/hour=08/target.parquet
[2025-07-31T13:32:28.663+0000] {drift_monitoring.py:62} WARNING - File not found: s3://crypto-mlops-bucket/predictions/date=2025-07-27/hour=07/prediction.parquet
[2025-07-31T13:32:28.685+0000] {drift_monitoring.py:62} WARNING - File not found: s3://crypto-mlops-bucket/targets/date=2025-07-27/hour=07/target.parquet
[2025-07-31T13:32:28.708+0000] {drift_monitoring.py:62} WARNING - File not found: s3://crypto-mlops-bucket/predictions/date=2025-07-27/hour=06/prediction.parquet
[2025-07-31T13:32:28.730+0000] {drift_monitoring.py:62} WARNING - File not found: s3://crypto-mlops-bucket/targets/date=2025-07-27/hour=06/target.parquet
[2025-07-31T13:32:28.751+0000] {drift_monitoring.py:62} WARNING - File not found: s3://crypto-mlops-bucket/predictions/date=2025-07-27/hour=05/prediction.parquet
[2025-07-31T13:32:28.776+0000] {drift_monitoring.py:62} WARNING - File not found: s3://crypto-mlops-bucket/targets/date=2025-07-27/hour=05/target.parquet
[2025-07-31T13:32:28.800+0000] {drift_monitoring.py:62} WARNING - File not found: s3://crypto-mlops-bucket/predictions/date=2025-07-27/hour=04/prediction.parquet
[2025-07-31T13:32:28.822+0000] {drift_monitoring.py:62} WARNING - File not found: s3://crypto-mlops-bucket/targets/date=2025-07-27/hour=04/target.parquet
[2025-07-31T13:32:28.845+0000] {drift_monitoring.py:62} WARNING - File not found: s3://crypto-mlops-bucket/predictions/date=2025-07-27/hour=03/prediction.parquet
[2025-07-31T13:32:28.868+0000] {drift_monitoring.py:62} WARNING - File not found: s3://crypto-mlops-bucket/targets/date=2025-07-27/hour=03/target.parquet
[2025-07-31T13:32:28.889+0000] {drift_monitoring.py:62} WARNING - File not found: s3://crypto-mlops-bucket/predictions/date=2025-07-27/hour=02/prediction.parquet
[2025-07-31T13:32:28.913+0000] {drift_monitoring.py:62} WARNING - File not found: s3://crypto-mlops-bucket/targets/date=2025-07-27/hour=02/target.parquet
[2025-07-31T13:32:28.938+0000] {drift_monitoring.py:62} WARNING - File not found: s3://crypto-mlops-bucket/predictions/date=2025-07-27/hour=01/prediction.parquet
[2025-07-31T13:32:28.963+0000] {drift_monitoring.py:62} WARNING - File not found: s3://crypto-mlops-bucket/targets/date=2025-07-27/hour=01/target.parquet
[2025-07-31T13:32:28.985+0000] {drift_monitoring.py:62} WARNING - File not found: s3://crypto-mlops-bucket/predictions/date=2025-07-27/hour=00/prediction.parquet
[2025-07-31T13:32:29.007+0000] {drift_monitoring.py:62} WARNING - File not found: s3://crypto-mlops-bucket/targets/date=2025-07-27/hour=00/target.parquet
[2025-07-31T13:32:29.029+0000] {drift_monitoring.py:62} WARNING - File not found: s3://crypto-mlops-bucket/predictions/date=2025-07-26/hour=23/prediction.parquet
[2025-07-31T13:32:29.052+0000] {drift_monitoring.py:62} WARNING - File not found: s3://crypto-mlops-bucket/targets/date=2025-07-26/hour=23/target.parquet
[2025-07-31T13:32:29.073+0000] {drift_monitoring.py:62} WARNING - File not found: s3://crypto-mlops-bucket/predictions/date=2025-07-26/hour=22/prediction.parquet
[2025-07-31T13:32:29.100+0000] {drift_monitoring.py:62} WARNING - File not found: s3://crypto-mlops-bucket/targets/date=2025-07-26/hour=22/target.parquet
[2025-07-31T13:32:29.122+0000] {drift_monitoring.py:62} WARNING - File not found: s3://crypto-mlops-bucket/predictions/date=2025-07-26/hour=21/prediction.parquet
[2025-07-31T13:32:29.144+0000] {drift_monitoring.py:62} WARNING - File not found: s3://crypto-mlops-bucket/targets/date=2025-07-26/hour=21/target.parquet
[2025-07-31T13:32:29.171+0000] {drift_monitoring.py:62} WARNING - File not found: s3://crypto-mlops-bucket/predictions/date=2025-07-26/hour=20/prediction.parquet
[2025-07-31T13:32:29.194+0000] {drift_monitoring.py:62} WARNING - File not found: s3://crypto-mlops-bucket/targets/date=2025-07-26/hour=20/target.parquet
[2025-07-31T13:32:29.217+0000] {drift_monitoring.py:62} WARNING - File not found: s3://crypto-mlops-bucket/predictions/date=2025-07-26/hour=19/prediction.parquet
[2025-07-31T13:32:29.239+0000] {drift_monitoring.py:62} WARNING - File not found: s3://crypto-mlops-bucket/targets/date=2025-07-26/hour=19/target.parquet
[2025-07-31T13:32:29.260+0000] {drift_monitoring.py:62} WARNING - File not found: s3://crypto-mlops-bucket/predictions/date=2025-07-26/hour=18/prediction.parquet
[2025-07-31T13:32:29.282+0000] {drift_monitoring.py:62} WARNING - File not found: s3://crypto-mlops-bucket/targets/date=2025-07-26/hour=18/target.parquet
[2025-07-31T13:32:29.303+0000] {drift_monitoring.py:62} WARNING - File not found: s3://crypto-mlops-bucket/predictions/date=2025-07-26/hour=17/prediction.parquet
[2025-07-31T13:32:29.325+0000] {drift_monitoring.py:62} WARNING - File not found: s3://crypto-mlops-bucket/targets/date=2025-07-26/hour=17/target.parquet
[2025-07-31T13:32:29.346+0000] {drift_monitoring.py:62} WARNING - File not found: s3://crypto-mlops-bucket/predictions/date=2025-07-26/hour=16/prediction.parquet
[2025-07-31T13:32:29.368+0000] {drift_monitoring.py:62} WARNING - File not found: s3://crypto-mlops-bucket/targets/date=2025-07-26/hour=16/target.parquet
[2025-07-31T13:32:29.393+0000] {drift_monitoring.py:62} WARNING - File not found: s3://crypto-mlops-bucket/predictions/date=2025-07-26/hour=15/prediction.parquet
[2025-07-31T13:32:29.422+0000] {drift_monitoring.py:62} WARNING - File not found: s3://crypto-mlops-bucket/targets/date=2025-07-26/hour=15/target.parquet
[2025-07-31T13:32:29.448+0000] {drift_monitoring.py:62} WARNING - File not found: s3://crypto-mlops-bucket/predictions/date=2025-07-26/hour=14/prediction.parquet
[2025-07-31T13:32:29.474+0000] {drift_monitoring.py:62} WARNING - File not found: s3://crypto-mlops-bucket/targets/date=2025-07-26/hour=14/target.parquet
[2025-07-31T13:32:29.500+0000] {drift_monitoring.py:62} WARNING - File not found: s3://crypto-mlops-bucket/predictions/date=2025-07-26/hour=13/prediction.parquet
[2025-07-31T13:32:29.531+0000] {drift_monitoring.py:62} WARNING - File not found: s3://crypto-mlops-bucket/targets/date=2025-07-26/hour=13/target.parquet
[2025-07-31T13:32:29.558+0000] {drift_monitoring.py:62} WARNING - File not found: s3://crypto-mlops-bucket/predictions/date=2025-07-26/hour=12/prediction.parquet
[2025-07-31T13:32:29.582+0000] {drift_monitoring.py:62} WARNING - File not found: s3://crypto-mlops-bucket/targets/date=2025-07-26/hour=12/target.parquet
[2025-07-31T13:32:29.606+0000] {drift_monitoring.py:62} WARNING - File not found: s3://crypto-mlops-bucket/predictions/date=2025-07-26/hour=11/prediction.parquet
[2025-07-31T13:32:29.627+0000] {drift_monitoring.py:62} WARNING - File not found: s3://crypto-mlops-bucket/targets/date=2025-07-26/hour=11/target.parquet
[2025-07-31T13:32:29.652+0000] {drift_monitoring.py:62} WARNING - File not found: s3://crypto-mlops-bucket/predictions/date=2025-07-26/hour=10/prediction.parquet
[2025-07-31T13:32:29.674+0000] {drift_monitoring.py:62} WARNING - File not found: s3://crypto-mlops-bucket/targets/date=2025-07-26/hour=10/target.parquet
[2025-07-31T13:32:29.696+0000] {drift_monitoring.py:62} WARNING - File not found: s3://crypto-mlops-bucket/predictions/date=2025-07-26/hour=09/prediction.parquet
[2025-07-31T13:32:29.716+0000] {drift_monitoring.py:62} WARNING - File not found: s3://crypto-mlops-bucket/targets/date=2025-07-26/hour=09/target.parquet
[2025-07-31T13:32:29.736+0000] {drift_monitoring.py:62} WARNING - File not found: s3://crypto-mlops-bucket/predictions/date=2025-07-26/hour=08/prediction.parquet
[2025-07-31T13:32:29.760+0000] {drift_monitoring.py:62} WARNING - File not found: s3://crypto-mlops-bucket/targets/date=2025-07-26/hour=08/target.parquet
[2025-07-31T13:32:29.779+0000] {drift_monitoring.py:62} WARNING - File not found: s3://crypto-mlops-bucket/predictions/date=2025-07-26/hour=07/prediction.parquet
[2025-07-31T13:32:29.794+0000] {drift_monitoring.py:62} WARNING - File not found: s3://crypto-mlops-bucket/targets/date=2025-07-26/hour=07/target.parquet
[2025-07-31T13:32:29.812+0000] {drift_monitoring.py:62} WARNING - File not found: s3://crypto-mlops-bucket/predictions/date=2025-07-26/hour=06/prediction.parquet
[2025-07-31T13:32:29.832+0000] {drift_monitoring.py:62} WARNING - File not found: s3://crypto-mlops-bucket/targets/date=2025-07-26/hour=06/target.parquet
[2025-07-31T13:32:29.854+0000] {drift_monitoring.py:62} WARNING - File not found: s3://crypto-mlops-bucket/predictions/date=2025-07-26/hour=05/prediction.parquet
[2025-07-31T13:32:29.880+0000] {drift_monitoring.py:62} WARNING - File not found: s3://crypto-mlops-bucket/targets/date=2025-07-26/hour=05/target.parquet
[2025-07-31T13:32:29.904+0000] {drift_monitoring.py:62} WARNING - File not found: s3://crypto-mlops-bucket/predictions/date=2025-07-26/hour=04/prediction.parquet
[2025-07-31T13:32:29.931+0000] {drift_monitoring.py:62} WARNING - File not found: s3://crypto-mlops-bucket/targets/date=2025-07-26/hour=04/target.parquet
[2025-07-31T13:32:29.955+0000] {drift_monitoring.py:62} WARNING - File not found: s3://crypto-mlops-bucket/predictions/date=2025-07-26/hour=03/prediction.parquet
[2025-07-31T13:32:29.978+0000] {drift_monitoring.py:62} WARNING - File not found: s3://crypto-mlops-bucket/targets/date=2025-07-26/hour=03/target.parquet
[2025-07-31T13:32:29.999+0000] {drift_monitoring.py:62} WARNING - File not found: s3://crypto-mlops-bucket/predictions/date=2025-07-26/hour=02/prediction.parquet
[2025-07-31T13:32:30.039+0000] {drift_monitoring.py:62} WARNING - File not found: s3://crypto-mlops-bucket/targets/date=2025-07-26/hour=02/target.parquet
[2025-07-31T13:32:30.062+0000] {drift_monitoring.py:62} WARNING - File not found: s3://crypto-mlops-bucket/predictions/date=2025-07-26/hour=01/prediction.parquet
[2025-07-31T13:32:30.083+0000] {drift_monitoring.py:62} WARNING - File not found: s3://crypto-mlops-bucket/targets/date=2025-07-26/hour=01/target.parquet
[2025-07-31T13:32:30.107+0000] {drift_monitoring.py:62} WARNING - File not found: s3://crypto-mlops-bucket/predictions/date=2025-07-26/hour=00/prediction.parquet
[2025-07-31T13:32:30.129+0000] {drift_monitoring.py:62} WARNING - File not found: s3://crypto-mlops-bucket/targets/date=2025-07-26/hour=00/target.parquet
[2025-07-31T13:32:30.172+0000] {drift_monitoring.py:62} WARNING - File not found: s3://crypto-mlops-bucket/predictions/date=2025-07-25/hour=23/prediction.parquet
[2025-07-31T13:32:30.194+0000] {drift_monitoring.py:62} WARNING - File not found: s3://crypto-mlops-bucket/targets/date=2025-07-25/hour=23/target.parquet
[2025-07-31T13:32:30.215+0000] {drift_monitoring.py:62} WARNING - File not found: s3://crypto-mlops-bucket/predictions/date=2025-07-25/hour=22/prediction.parquet
[2025-07-31T13:32:30.239+0000] {drift_monitoring.py:62} WARNING - File not found: s3://crypto-mlops-bucket/targets/date=2025-07-25/hour=22/target.parquet
[2025-07-31T13:32:30.262+0000] {drift_monitoring.py:62} WARNING - File not found: s3://crypto-mlops-bucket/predictions/date=2025-07-25/hour=21/prediction.parquet
[2025-07-31T13:32:30.289+0000] {drift_monitoring.py:62} WARNING - File not found: s3://crypto-mlops-bucket/targets/date=2025-07-25/hour=21/target.parquet
[2025-07-31T13:32:30.311+0000] {drift_monitoring.py:62} WARNING - File not found: s3://crypto-mlops-bucket/predictions/date=2025-07-25/hour=20/prediction.parquet
[2025-07-31T13:32:30.337+0000] {drift_monitoring.py:62} WARNING - File not found: s3://crypto-mlops-bucket/targets/date=2025-07-25/hour=20/target.parquet
[2025-07-31T13:32:30.364+0000] {drift_monitoring.py:62} WARNING - File not found: s3://crypto-mlops-bucket/predictions/date=2025-07-25/hour=19/prediction.parquet
[2025-07-31T13:32:30.389+0000] {drift_monitoring.py:62} WARNING - File not found: s3://crypto-mlops-bucket/targets/date=2025-07-25/hour=19/target.parquet
[2025-07-31T13:32:30.413+0000] {drift_monitoring.py:62} WARNING - File not found: s3://crypto-mlops-bucket/predictions/date=2025-07-25/hour=18/prediction.parquet
[2025-07-31T13:32:30.437+0000] {drift_monitoring.py:62} WARNING - File not found: s3://crypto-mlops-bucket/targets/date=2025-07-25/hour=18/target.parquet
[2025-07-31T13:32:30.461+0000] {drift_monitoring.py:62} WARNING - File not found: s3://crypto-mlops-bucket/predictions/date=2025-07-25/hour=17/prediction.parquet
[2025-07-31T13:32:30.482+0000] {drift_monitoring.py:62} WARNING - File not found: s3://crypto-mlops-bucket/targets/date=2025-07-25/hour=17/target.parquet
[2025-07-31T13:32:30.504+0000] {drift_monitoring.py:62} WARNING - File not found: s3://crypto-mlops-bucket/predictions/date=2025-07-25/hour=16/prediction.parquet
[2025-07-31T13:32:30.527+0000] {drift_monitoring.py:62} WARNING - File not found: s3://crypto-mlops-bucket/targets/date=2025-07-25/hour=16/target.parquet
[2025-07-31T13:32:30.547+0000] {drift_monitoring.py:62} WARNING - File not found: s3://crypto-mlops-bucket/predictions/date=2025-07-25/hour=15/prediction.parquet
[2025-07-31T13:32:30.568+0000] {drift_monitoring.py:62} WARNING - File not found: s3://crypto-mlops-bucket/targets/date=2025-07-25/hour=15/target.parquet
[2025-07-31T13:32:30.590+0000] {drift_monitoring.py:62} WARNING - File not found: s3://crypto-mlops-bucket/predictions/date=2025-07-25/hour=14/prediction.parquet
[2025-07-31T13:32:30.613+0000] {drift_monitoring.py:62} WARNING - File not found: s3://crypto-mlops-bucket/targets/date=2025-07-25/hour=14/target.parquet
[2025-07-31T13:32:30.636+0000] {drift_monitoring.py:62} WARNING - File not found: s3://crypto-mlops-bucket/predictions/date=2025-07-25/hour=13/prediction.parquet
[2025-07-31T13:32:30.658+0000] {drift_monitoring.py:62} WARNING - File not found: s3://crypto-mlops-bucket/targets/date=2025-07-25/hour=13/target.parquet
[2025-07-31T13:32:30.681+0000] {drift_monitoring.py:62} WARNING - File not found: s3://crypto-mlops-bucket/predictions/date=2025-07-25/hour=12/prediction.parquet
[2025-07-31T13:32:30.703+0000] {drift_monitoring.py:62} WARNING - File not found: s3://crypto-mlops-bucket/targets/date=2025-07-25/hour=12/target.parquet
[2025-07-31T13:32:30.726+0000] {drift_monitoring.py:62} WARNING - File not found: s3://crypto-mlops-bucket/predictions/date=2025-07-25/hour=11/prediction.parquet
[2025-07-31T13:32:30.748+0000] {drift_monitoring.py:62} WARNING - File not found: s3://crypto-mlops-bucket/targets/date=2025-07-25/hour=11/target.parquet
[2025-07-31T13:32:30.770+0000] {drift_monitoring.py:62} WARNING - File not found: s3://crypto-mlops-bucket/predictions/date=2025-07-25/hour=10/prediction.parquet
[2025-07-31T13:32:30.792+0000] {drift_monitoring.py:62} WARNING - File not found: s3://crypto-mlops-bucket/targets/date=2025-07-25/hour=10/target.parquet
[2025-07-31T13:32:30.816+0000] {drift_monitoring.py:62} WARNING - File not found: s3://crypto-mlops-bucket/predictions/date=2025-07-25/hour=09/prediction.parquet
[2025-07-31T13:32:30.841+0000] {drift_monitoring.py:62} WARNING - File not found: s3://crypto-mlops-bucket/targets/date=2025-07-25/hour=09/target.parquet
[2025-07-31T13:32:30.863+0000] {drift_monitoring.py:62} WARNING - File not found: s3://crypto-mlops-bucket/predictions/date=2025-07-25/hour=08/prediction.parquet
[2025-07-31T13:32:30.886+0000] {drift_monitoring.py:62} WARNING - File not found: s3://crypto-mlops-bucket/targets/date=2025-07-25/hour=08/target.parquet
[2025-07-31T13:32:30.907+0000] {drift_monitoring.py:62} WARNING - File not found: s3://crypto-mlops-bucket/predictions/date=2025-07-25/hour=07/prediction.parquet
[2025-07-31T13:32:30.933+0000] {drift_monitoring.py:62} WARNING - File not found: s3://crypto-mlops-bucket/targets/date=2025-07-25/hour=07/target.parquet
[2025-07-31T13:32:30.958+0000] {drift_monitoring.py:62} WARNING - File not found: s3://crypto-mlops-bucket/predictions/date=2025-07-25/hour=06/prediction.parquet
[2025-07-31T13:32:30.983+0000] {drift_monitoring.py:62} WARNING - File not found: s3://crypto-mlops-bucket/targets/date=2025-07-25/hour=06/target.parquet
[2025-07-31T13:32:31.007+0000] {drift_monitoring.py:62} WARNING - File not found: s3://crypto-mlops-bucket/predictions/date=2025-07-25/hour=05/prediction.parquet
[2025-07-31T13:32:31.028+0000] {drift_monitoring.py:62} WARNING - File not found: s3://crypto-mlops-bucket/targets/date=2025-07-25/hour=05/target.parquet
[2025-07-31T13:32:31.048+0000] {drift_monitoring.py:62} WARNING - File not found: s3://crypto-mlops-bucket/predictions/date=2025-07-25/hour=04/prediction.parquet
[2025-07-31T13:32:31.073+0000] {drift_monitoring.py:62} WARNING - File not found: s3://crypto-mlops-bucket/targets/date=2025-07-25/hour=04/target.parquet
[2025-07-31T13:32:31.096+0000] {drift_monitoring.py:62} WARNING - File not found: s3://crypto-mlops-bucket/predictions/date=2025-07-25/hour=03/prediction.parquet
[2025-07-31T13:32:31.124+0000] {drift_monitoring.py:62} WARNING - File not found: s3://crypto-mlops-bucket/targets/date=2025-07-25/hour=03/target.parquet
[2025-07-31T13:32:31.152+0000] {drift_monitoring.py:62} WARNING - File not found: s3://crypto-mlops-bucket/predictions/date=2025-07-25/hour=02/prediction.parquet
[2025-07-31T13:32:31.182+0000] {drift_monitoring.py:62} WARNING - File not found: s3://crypto-mlops-bucket/targets/date=2025-07-25/hour=02/target.parquet
[2025-07-31T13:32:31.207+0000] {drift_monitoring.py:62} WARNING - File not found: s3://crypto-mlops-bucket/predictions/date=2025-07-25/hour=01/prediction.parquet
[2025-07-31T13:32:31.232+0000] {drift_monitoring.py:62} WARNING - File not found: s3://crypto-mlops-bucket/targets/date=2025-07-25/hour=01/target.parquet
[2025-07-31T13:32:31.256+0000] {drift_monitoring.py:62} WARNING - File not found: s3://crypto-mlops-bucket/predictions/date=2025-07-25/hour=00/prediction.parquet
[2025-07-31T13:32:31.280+0000] {drift_monitoring.py:62} WARNING - File not found: s3://crypto-mlops-bucket/targets/date=2025-07-25/hour=00/target.parquet
[2025-07-31T13:32:31.299+0000] {drift_monitoring.py:62} WARNING - File not found: s3://crypto-mlops-bucket/predictions/date=2025-07-24/hour=23/prediction.parquet
[2025-07-31T13:32:31.315+0000] {drift_monitoring.py:62} WARNING - File not found: s3://crypto-mlops-bucket/targets/date=2025-07-24/hour=23/target.parquet
[2025-07-31T13:32:31.331+0000] {drift_monitoring.py:62} WARNING - File not found: s3://crypto-mlops-bucket/predictions/date=2025-07-24/hour=22/prediction.parquet
[2025-07-31T13:32:31.348+0000] {drift_monitoring.py:62} WARNING - File not found: s3://crypto-mlops-bucket/targets/date=2025-07-24/hour=22/target.parquet
[2025-07-31T13:32:31.366+0000] {drift_monitoring.py:62} WARNING - File not found: s3://crypto-mlops-bucket/predictions/date=2025-07-24/hour=21/prediction.parquet
[2025-07-31T13:32:31.383+0000] {drift_monitoring.py:62} WARNING - File not found: s3://crypto-mlops-bucket/targets/date=2025-07-24/hour=21/target.parquet
[2025-07-31T13:32:31.402+0000] {drift_monitoring.py:62} WARNING - File not found: s3://crypto-mlops-bucket/predictions/date=2025-07-24/hour=20/prediction.parquet
[2025-07-31T13:32:31.420+0000] {drift_monitoring.py:62} WARNING - File not found: s3://crypto-mlops-bucket/targets/date=2025-07-24/hour=20/target.parquet
[2025-07-31T13:32:31.451+0000] {drift_monitoring.py:62} WARNING - File not found: s3://crypto-mlops-bucket/predictions/date=2025-07-24/hour=19/prediction.parquet
[2025-07-31T13:32:31.505+0000] {drift_monitoring.py:62} WARNING - File not found: s3://crypto-mlops-bucket/targets/date=2025-07-24/hour=19/target.parquet
[2025-07-31T13:32:31.525+0000] {drift_monitoring.py:62} WARNING - File not found: s3://crypto-mlops-bucket/predictions/date=2025-07-24/hour=18/prediction.parquet
[2025-07-31T13:32:31.541+0000] {drift_monitoring.py:62} WARNING - File not found: s3://crypto-mlops-bucket/targets/date=2025-07-24/hour=18/target.parquet
[2025-07-31T13:32:31.557+0000] {drift_monitoring.py:62} WARNING - File not found: s3://crypto-mlops-bucket/predictions/date=2025-07-24/hour=17/prediction.parquet
[2025-07-31T13:32:31.576+0000] {drift_monitoring.py:62} WARNING - File not found: s3://crypto-mlops-bucket/targets/date=2025-07-24/hour=17/target.parquet
[2025-07-31T13:32:31.591+0000] {drift_monitoring.py:62} WARNING - File not found: s3://crypto-mlops-bucket/predictions/date=2025-07-24/hour=16/prediction.parquet
[2025-07-31T13:32:31.607+0000] {drift_monitoring.py:62} WARNING - File not found: s3://crypto-mlops-bucket/targets/date=2025-07-24/hour=16/target.parquet
[2025-07-31T13:32:31.621+0000] {drift_monitoring.py:62} WARNING - File not found: s3://crypto-mlops-bucket/predictions/date=2025-07-24/hour=15/prediction.parquet
[2025-07-31T13:32:31.637+0000] {drift_monitoring.py:62} WARNING - File not found: s3://crypto-mlops-bucket/targets/date=2025-07-24/hour=15/target.parquet
[2025-07-31T13:32:31.653+0000] {drift_monitoring.py:62} WARNING - File not found: s3://crypto-mlops-bucket/predictions/date=2025-07-24/hour=14/prediction.parquet
[2025-07-31T13:32:31.668+0000] {drift_monitoring.py:62} WARNING - File not found: s3://crypto-mlops-bucket/targets/date=2025-07-24/hour=14/target.parquet
[2025-07-31T13:32:31.670+0000] {drift_monitoring.py:118} WARNING - No data loaded for the past 7 days; skipping drift check
[2025-07-31T13:32:31.671+0000] {python.py:237} INFO - Done. Returned value was: None
[2025-07-31T13:32:31.673+0000] {taskinstance.py:441} INFO - ::group::Post task execution logs
[2025-07-31T13:32:31.695+0000] {taskinstance.py:1205} INFO - Marking task as SUCCESS. dag_id=drift_monitoring_dag, task_id=check_drift_and_trigger, execution_date=20250731T132707, start_date=20250731T133223, end_date=20250731T133231
[2025-07-31T13:32:31.774+0000] {local_task_job_runner.py:240} INFO - Task exited with return code 0
[2025-07-31T13:32:31.807+0000] {taskinstance.py:3482} INFO - 0 downstream tasks scheduled from follow-on schedule check
[2025-07-31T13:32:31.840+0000] {local_task_job_runner.py:222} INFO - ::endgroup::
