[2025-07-27T13:48:24.105+0000] {local_task_job_runner.py:120} INFO - ::group::Pre task execution logs
[2025-07-27T13:48:24.146+0000] {taskinstance.py:2073} INFO - Dependencies all met for dep_context=non-requeueable deps ti=<TaskInstance: training_pipeline.promote_model manual__2025-07-27T13:47:21.684013+00:00 [queued]>
[2025-07-27T13:48:24.158+0000] {taskinstance.py:2073} INFO - Dependencies all met for dep_context=requeueable deps ti=<TaskInstance: training_pipeline.promote_model manual__2025-07-27T13:47:21.684013+00:00 [queued]>
[2025-07-27T13:48:24.191+0000] {taskinstance.py:2303} INFO - Starting attempt 1 of 4
[2025-07-27T13:48:24.208+0000] {taskinstance.py:2327} INFO - Executing <Task(PythonOperator): promote_model> on 2025-07-27 13:47:21.684013+00:00
[2025-07-27T13:48:24.222+0000] {standard_task_runner.py:90} INFO - Running: ['***', 'tasks', 'run', 'training_pipeline', 'promote_model', 'manual__2025-07-27T13:47:21.684013+00:00', '--job-id', '7', '--raw', '--subdir', 'DAGS_FOLDER/training_pipeline.py', '--cfg-path', '/tmp/tmpo0haw4mv']
[2025-07-27T13:48:24.224+0000] {logging_mixin.py:188} WARNING - /home/***/.local/lib/python3.12/site-packages/***/task/task_runner/standard_task_runner.py:61 DeprecationWarning: This process (pid=669) is multi-threaded, use of fork() may lead to deadlocks in the child.
[2025-07-27T13:48:24.226+0000] {standard_task_runner.py:91} INFO - Job 7: Subtask promote_model
[2025-07-27T13:48:24.226+0000] {standard_task_runner.py:63} INFO - Started process 686 to run task
[2025-07-27T13:48:24.244+0000] {logging_mixin.py:188} WARNING - /home/***/.local/lib/python3.12/site-packages/***/settings.py:195 DeprecationWarning: The sql_alchemy_conn option in [core] has been moved to the sql_alchemy_conn option in [database] - the old setting has been used, but please update your config.
[2025-07-27T13:48:24.288+0000] {task_command.py:426} INFO - Running <TaskInstance: training_pipeline.promote_model manual__2025-07-27T13:47:21.684013+00:00 [running]> on host 80d66d5086f4
[2025-07-27T13:48:24.463+0000] {taskinstance.py:2644} INFO - Exporting env vars: AIRFLOW_CTX_DAG_EMAIL='mlops_team@example.com' AIRFLOW_CTX_DAG_OWNER='mlops' AIRFLOW_CTX_DAG_ID='training_pipeline' AIRFLOW_CTX_TASK_ID='promote_model' AIRFLOW_CTX_EXECUTION_DATE='2025-07-27T13:47:21.684013+00:00' AIRFLOW_CTX_TRY_NUMBER='1' AIRFLOW_CTX_DAG_RUN_ID='manual__2025-07-27T13:47:21.684013+00:00'
[2025-07-27T13:48:24.465+0000] {taskinstance.py:430} INFO - ::endgroup::
[2025-07-27T13:48:24.577+0000] {training_pipeline.py:149} INFO - ✅ Connexion MLflow OK: http://mlflow:5000
[2025-07-27T13:48:24.652+0000] {training_pipeline.py:176} INFO - 👉 Promotion version 2
[2025-07-27T13:48:24.711+0000] {training_pipeline.py:184} INFO - ✅ Modèle promu : alias 'production' pointé vers version 2
[2025-07-27T13:48:24.712+0000] {python.py:237} INFO - Done. Returned value was: None
[2025-07-27T13:48:24.713+0000] {taskinstance.py:441} INFO - ::group::Post task execution logs
[2025-07-27T13:48:24.726+0000] {taskinstance.py:1205} INFO - Marking task as SUCCESS. dag_id=training_pipeline, task_id=promote_model, execution_date=20250727T134721, start_date=20250727T134824, end_date=20250727T134824
[2025-07-27T13:48:24.774+0000] {local_task_job_runner.py:240} INFO - Task exited with return code 0
[2025-07-27T13:48:24.798+0000] {taskinstance.py:3482} INFO - 0 downstream tasks scheduled from follow-on schedule check
[2025-07-27T13:48:24.833+0000] {local_task_job_runner.py:222} INFO - ::endgroup::
