[2025-07-31T14:08:11.620+0000] {local_task_job_runner.py:120} INFO - ::group::Pre task execution logs
[2025-07-31T14:08:11.682+0000] {taskinstance.py:2073} INFO - Dependencies all met for dep_context=non-requeueable deps ti=<TaskInstance: drift_monitoring_dag.check_drift_and_trigger scheduled__2025-07-31T13:00:00+00:00 [queued]>
[2025-07-31T14:08:11.698+0000] {taskinstance.py:2073} INFO - Dependencies all met for dep_context=requeueable deps ti=<TaskInstance: drift_monitoring_dag.check_drift_and_trigger scheduled__2025-07-31T13:00:00+00:00 [queued]>
[2025-07-31T14:08:11.699+0000] {taskinstance.py:2303} INFO - Starting attempt 1 of 2
[2025-07-31T14:08:11.723+0000] {taskinstance.py:2327} INFO - Executing <Task(PythonOperator): check_drift_and_trigger> on 2025-07-31 13:00:00+00:00
[2025-07-31T14:08:11.750+0000] {standard_task_runner.py:90} INFO - Running: ['***', 'tasks', 'run', 'drift_monitoring_dag', 'check_drift_and_trigger', 'scheduled__2025-07-31T13:00:00+00:00', '--job-id', '213', '--raw', '--subdir', 'DAGS_FOLDER/drift_monitoring.py', '--cfg-path', '/tmp/tmpl_0cwdp5']
[2025-07-31T14:08:11.759+0000] {standard_task_runner.py:91} INFO - Job 213: Subtask check_drift_and_trigger
[2025-07-31T14:08:11.760+0000] {logging_mixin.py:188} WARNING - /home/***/.local/lib/python3.12/site-packages/***/task/task_runner/standard_task_runner.py:61 DeprecationWarning: This process (pid=5935) is multi-threaded, use of fork() may lead to deadlocks in the child.
[2025-07-31T14:08:11.761+0000] {standard_task_runner.py:63} INFO - Started process 6021 to run task
[2025-07-31T14:08:11.785+0000] {logging_mixin.py:188} WARNING - /home/***/.local/lib/python3.12/site-packages/***/settings.py:195 DeprecationWarning: The sql_alchemy_conn option in [core] has been moved to the sql_alchemy_conn option in [database] - the old setting has been used, but please update your config.
[2025-07-31T14:08:11.849+0000] {task_command.py:426} INFO - Running <TaskInstance: drift_monitoring_dag.check_drift_and_trigger scheduled__2025-07-31T13:00:00+00:00 [running]> on host 44c57df83f33
[2025-07-31T14:08:12.016+0000] {taskinstance.py:2644} INFO - Exporting env vars: AIRFLOW_CTX_DAG_OWNER='***' AIRFLOW_CTX_DAG_ID='drift_monitoring_dag' AIRFLOW_CTX_TASK_ID='check_drift_and_trigger' AIRFLOW_CTX_EXECUTION_DATE='2025-07-31T13:00:00+00:00' AIRFLOW_CTX_TRY_NUMBER='1' AIRFLOW_CTX_DAG_RUN_ID='scheduled__2025-07-31T13:00:00+00:00'
[2025-07-31T14:08:12.019+0000] {taskinstance.py:430} INFO - ::endgroup::
[2025-07-31T14:08:12.072+0000] {drift_monitoring.py:62} WARNING - File not found: s3://crypto-mlops-bucket/predictions/date=2025-07-31/hour=14/prediction.parquet
[2025-07-31T14:08:12.085+0000] {drift_monitoring.py:62} WARNING - File not found: s3://crypto-mlops-bucket/targets/date=2025-07-31/hour=14/target.parquet
[2025-07-31T14:08:12.170+0000] {drift_monitoring.py:62} WARNING - File not found: s3://crypto-mlops-bucket/targets/date=2025-07-31/hour=13/target.parquet
[2025-07-31T14:08:12.183+0000] {drift_monitoring.py:62} WARNING - File not found: s3://crypto-mlops-bucket/predictions/date=2025-07-31/hour=12/prediction.parquet
[2025-07-31T14:08:12.217+0000] {drift_monitoring.py:62} WARNING - File not found: s3://crypto-mlops-bucket/predictions/date=2025-07-31/hour=11/prediction.parquet
[2025-07-31T14:08:12.231+0000] {drift_monitoring.py:62} WARNING - File not found: s3://crypto-mlops-bucket/targets/date=2025-07-31/hour=11/target.parquet
[2025-07-31T14:08:12.243+0000] {drift_monitoring.py:62} WARNING - File not found: s3://crypto-mlops-bucket/predictions/date=2025-07-31/hour=10/prediction.parquet
[2025-07-31T14:08:12.254+0000] {drift_monitoring.py:62} WARNING - File not found: s3://crypto-mlops-bucket/targets/date=2025-07-31/hour=10/target.parquet
[2025-07-31T14:08:12.266+0000] {drift_monitoring.py:62} WARNING - File not found: s3://crypto-mlops-bucket/predictions/date=2025-07-31/hour=09/prediction.parquet
[2025-07-31T14:08:12.279+0000] {drift_monitoring.py:62} WARNING - File not found: s3://crypto-mlops-bucket/targets/date=2025-07-31/hour=09/target.parquet
[2025-07-31T14:08:12.291+0000] {drift_monitoring.py:62} WARNING - File not found: s3://crypto-mlops-bucket/predictions/date=2025-07-31/hour=08/prediction.parquet
[2025-07-31T14:08:12.306+0000] {drift_monitoring.py:62} WARNING - File not found: s3://crypto-mlops-bucket/targets/date=2025-07-31/hour=08/target.parquet
[2025-07-31T14:08:12.319+0000] {drift_monitoring.py:62} WARNING - File not found: s3://crypto-mlops-bucket/predictions/date=2025-07-31/hour=07/prediction.parquet
[2025-07-31T14:08:12.332+0000] {drift_monitoring.py:62} WARNING - File not found: s3://crypto-mlops-bucket/targets/date=2025-07-31/hour=07/target.parquet
[2025-07-31T14:08:12.345+0000] {drift_monitoring.py:62} WARNING - File not found: s3://crypto-mlops-bucket/predictions/date=2025-07-31/hour=06/prediction.parquet
[2025-07-31T14:08:12.358+0000] {drift_monitoring.py:62} WARNING - File not found: s3://crypto-mlops-bucket/targets/date=2025-07-31/hour=06/target.parquet
[2025-07-31T14:08:12.370+0000] {drift_monitoring.py:62} WARNING - File not found: s3://crypto-mlops-bucket/predictions/date=2025-07-31/hour=05/prediction.parquet
[2025-07-31T14:08:12.384+0000] {drift_monitoring.py:62} WARNING - File not found: s3://crypto-mlops-bucket/targets/date=2025-07-31/hour=05/target.parquet
[2025-07-31T14:08:12.396+0000] {drift_monitoring.py:62} WARNING - File not found: s3://crypto-mlops-bucket/predictions/date=2025-07-31/hour=04/prediction.parquet
[2025-07-31T14:08:12.409+0000] {drift_monitoring.py:62} WARNING - File not found: s3://crypto-mlops-bucket/targets/date=2025-07-31/hour=04/target.parquet
[2025-07-31T14:08:12.421+0000] {drift_monitoring.py:62} WARNING - File not found: s3://crypto-mlops-bucket/predictions/date=2025-07-31/hour=03/prediction.parquet
[2025-07-31T14:08:12.434+0000] {drift_monitoring.py:62} WARNING - File not found: s3://crypto-mlops-bucket/targets/date=2025-07-31/hour=03/target.parquet
[2025-07-31T14:08:12.446+0000] {drift_monitoring.py:62} WARNING - File not found: s3://crypto-mlops-bucket/predictions/date=2025-07-31/hour=02/prediction.parquet
[2025-07-31T14:08:12.460+0000] {drift_monitoring.py:62} WARNING - File not found: s3://crypto-mlops-bucket/targets/date=2025-07-31/hour=02/target.parquet
[2025-07-31T14:08:12.474+0000] {drift_monitoring.py:62} WARNING - File not found: s3://crypto-mlops-bucket/predictions/date=2025-07-31/hour=01/prediction.parquet
[2025-07-31T14:08:12.489+0000] {drift_monitoring.py:62} WARNING - File not found: s3://crypto-mlops-bucket/targets/date=2025-07-31/hour=01/target.parquet
[2025-07-31T14:08:12.504+0000] {drift_monitoring.py:62} WARNING - File not found: s3://crypto-mlops-bucket/predictions/date=2025-07-31/hour=00/prediction.parquet
[2025-07-31T14:08:12.518+0000] {drift_monitoring.py:62} WARNING - File not found: s3://crypto-mlops-bucket/targets/date=2025-07-31/hour=00/target.parquet
[2025-07-31T14:08:12.533+0000] {drift_monitoring.py:62} WARNING - File not found: s3://crypto-mlops-bucket/predictions/date=2025-07-30/hour=23/prediction.parquet
[2025-07-31T14:08:12.547+0000] {drift_monitoring.py:62} WARNING - File not found: s3://crypto-mlops-bucket/targets/date=2025-07-30/hour=23/target.parquet
[2025-07-31T14:08:12.562+0000] {drift_monitoring.py:62} WARNING - File not found: s3://crypto-mlops-bucket/predictions/date=2025-07-30/hour=22/prediction.parquet
[2025-07-31T14:08:12.578+0000] {drift_monitoring.py:62} WARNING - File not found: s3://crypto-mlops-bucket/targets/date=2025-07-30/hour=22/target.parquet
[2025-07-31T14:08:12.591+0000] {drift_monitoring.py:62} WARNING - File not found: s3://crypto-mlops-bucket/predictions/date=2025-07-30/hour=21/prediction.parquet
[2025-07-31T14:08:12.607+0000] {drift_monitoring.py:62} WARNING - File not found: s3://crypto-mlops-bucket/targets/date=2025-07-30/hour=21/target.parquet
[2025-07-31T14:08:12.621+0000] {drift_monitoring.py:62} WARNING - File not found: s3://crypto-mlops-bucket/predictions/date=2025-07-30/hour=20/prediction.parquet
[2025-07-31T14:08:12.636+0000] {drift_monitoring.py:62} WARNING - File not found: s3://crypto-mlops-bucket/targets/date=2025-07-30/hour=20/target.parquet
[2025-07-31T14:08:12.652+0000] {drift_monitoring.py:62} WARNING - File not found: s3://crypto-mlops-bucket/predictions/date=2025-07-30/hour=19/prediction.parquet
[2025-07-31T14:08:12.667+0000] {drift_monitoring.py:62} WARNING - File not found: s3://crypto-mlops-bucket/targets/date=2025-07-30/hour=19/target.parquet
[2025-07-31T14:08:12.680+0000] {drift_monitoring.py:62} WARNING - File not found: s3://crypto-mlops-bucket/predictions/date=2025-07-30/hour=18/prediction.parquet
[2025-07-31T14:08:12.694+0000] {drift_monitoring.py:62} WARNING - File not found: s3://crypto-mlops-bucket/targets/date=2025-07-30/hour=18/target.parquet
[2025-07-31T14:08:12.707+0000] {drift_monitoring.py:62} WARNING - File not found: s3://crypto-mlops-bucket/predictions/date=2025-07-30/hour=17/prediction.parquet
[2025-07-31T14:08:12.720+0000] {drift_monitoring.py:62} WARNING - File not found: s3://crypto-mlops-bucket/targets/date=2025-07-30/hour=17/target.parquet
[2025-07-31T14:08:12.733+0000] {drift_monitoring.py:62} WARNING - File not found: s3://crypto-mlops-bucket/predictions/date=2025-07-30/hour=16/prediction.parquet
[2025-07-31T14:08:12.745+0000] {drift_monitoring.py:62} WARNING - File not found: s3://crypto-mlops-bucket/targets/date=2025-07-30/hour=16/target.parquet
[2025-07-31T14:08:12.758+0000] {drift_monitoring.py:62} WARNING - File not found: s3://crypto-mlops-bucket/predictions/date=2025-07-30/hour=15/prediction.parquet
[2025-07-31T14:08:12.771+0000] {drift_monitoring.py:62} WARNING - File not found: s3://crypto-mlops-bucket/targets/date=2025-07-30/hour=15/target.parquet
[2025-07-31T14:08:12.784+0000] {drift_monitoring.py:62} WARNING - File not found: s3://crypto-mlops-bucket/predictions/date=2025-07-30/hour=14/prediction.parquet
[2025-07-31T14:08:12.795+0000] {drift_monitoring.py:62} WARNING - File not found: s3://crypto-mlops-bucket/targets/date=2025-07-30/hour=14/target.parquet
[2025-07-31T14:08:12.808+0000] {drift_monitoring.py:62} WARNING - File not found: s3://crypto-mlops-bucket/predictions/date=2025-07-30/hour=13/prediction.parquet
[2025-07-31T14:08:12.821+0000] {drift_monitoring.py:62} WARNING - File not found: s3://crypto-mlops-bucket/targets/date=2025-07-30/hour=13/target.parquet
[2025-07-31T14:08:12.834+0000] {drift_monitoring.py:62} WARNING - File not found: s3://crypto-mlops-bucket/predictions/date=2025-07-30/hour=12/prediction.parquet
[2025-07-31T14:08:12.847+0000] {drift_monitoring.py:62} WARNING - File not found: s3://crypto-mlops-bucket/targets/date=2025-07-30/hour=12/target.parquet
[2025-07-31T14:08:12.859+0000] {drift_monitoring.py:62} WARNING - File not found: s3://crypto-mlops-bucket/predictions/date=2025-07-30/hour=11/prediction.parquet
[2025-07-31T14:08:12.877+0000] {drift_monitoring.py:62} WARNING - File not found: s3://crypto-mlops-bucket/targets/date=2025-07-30/hour=11/target.parquet
[2025-07-31T14:08:12.890+0000] {drift_monitoring.py:62} WARNING - File not found: s3://crypto-mlops-bucket/predictions/date=2025-07-30/hour=10/prediction.parquet
[2025-07-31T14:08:12.904+0000] {drift_monitoring.py:62} WARNING - File not found: s3://crypto-mlops-bucket/targets/date=2025-07-30/hour=10/target.parquet
[2025-07-31T14:08:12.917+0000] {drift_monitoring.py:62} WARNING - File not found: s3://crypto-mlops-bucket/predictions/date=2025-07-30/hour=09/prediction.parquet
[2025-07-31T14:08:12.932+0000] {drift_monitoring.py:62} WARNING - File not found: s3://crypto-mlops-bucket/targets/date=2025-07-30/hour=09/target.parquet
[2025-07-31T14:08:12.945+0000] {drift_monitoring.py:62} WARNING - File not found: s3://crypto-mlops-bucket/predictions/date=2025-07-30/hour=08/prediction.parquet
[2025-07-31T14:08:12.957+0000] {drift_monitoring.py:62} WARNING - File not found: s3://crypto-mlops-bucket/targets/date=2025-07-30/hour=08/target.parquet
[2025-07-31T14:08:12.970+0000] {drift_monitoring.py:62} WARNING - File not found: s3://crypto-mlops-bucket/predictions/date=2025-07-30/hour=07/prediction.parquet
[2025-07-31T14:08:12.982+0000] {drift_monitoring.py:62} WARNING - File not found: s3://crypto-mlops-bucket/targets/date=2025-07-30/hour=07/target.parquet
[2025-07-31T14:08:12.995+0000] {drift_monitoring.py:62} WARNING - File not found: s3://crypto-mlops-bucket/predictions/date=2025-07-30/hour=06/prediction.parquet
[2025-07-31T14:08:13.009+0000] {drift_monitoring.py:62} WARNING - File not found: s3://crypto-mlops-bucket/targets/date=2025-07-30/hour=06/target.parquet
[2025-07-31T14:08:13.021+0000] {drift_monitoring.py:62} WARNING - File not found: s3://crypto-mlops-bucket/predictions/date=2025-07-30/hour=05/prediction.parquet
[2025-07-31T14:08:13.035+0000] {drift_monitoring.py:62} WARNING - File not found: s3://crypto-mlops-bucket/targets/date=2025-07-30/hour=05/target.parquet
[2025-07-31T14:08:13.048+0000] {drift_monitoring.py:62} WARNING - File not found: s3://crypto-mlops-bucket/predictions/date=2025-07-30/hour=04/prediction.parquet
[2025-07-31T14:08:13.061+0000] {drift_monitoring.py:62} WARNING - File not found: s3://crypto-mlops-bucket/targets/date=2025-07-30/hour=04/target.parquet
[2025-07-31T14:08:13.074+0000] {drift_monitoring.py:62} WARNING - File not found: s3://crypto-mlops-bucket/predictions/date=2025-07-30/hour=03/prediction.parquet
[2025-07-31T14:08:13.087+0000] {drift_monitoring.py:62} WARNING - File not found: s3://crypto-mlops-bucket/targets/date=2025-07-30/hour=03/target.parquet
[2025-07-31T14:08:13.101+0000] {drift_monitoring.py:62} WARNING - File not found: s3://crypto-mlops-bucket/predictions/date=2025-07-30/hour=02/prediction.parquet
[2025-07-31T14:08:13.115+0000] {drift_monitoring.py:62} WARNING - File not found: s3://crypto-mlops-bucket/targets/date=2025-07-30/hour=02/target.parquet
[2025-07-31T14:08:13.129+0000] {drift_monitoring.py:62} WARNING - File not found: s3://crypto-mlops-bucket/predictions/date=2025-07-30/hour=01/prediction.parquet
[2025-07-31T14:08:13.156+0000] {drift_monitoring.py:62} WARNING - File not found: s3://crypto-mlops-bucket/targets/date=2025-07-30/hour=01/target.parquet
[2025-07-31T14:08:13.187+0000] {drift_monitoring.py:62} WARNING - File not found: s3://crypto-mlops-bucket/predictions/date=2025-07-30/hour=00/prediction.parquet
[2025-07-31T14:08:13.217+0000] {drift_monitoring.py:62} WARNING - File not found: s3://crypto-mlops-bucket/targets/date=2025-07-30/hour=00/target.parquet
[2025-07-31T14:08:13.230+0000] {drift_monitoring.py:62} WARNING - File not found: s3://crypto-mlops-bucket/predictions/date=2025-07-29/hour=23/prediction.parquet
[2025-07-31T14:08:13.242+0000] {drift_monitoring.py:62} WARNING - File not found: s3://crypto-mlops-bucket/targets/date=2025-07-29/hour=23/target.parquet
[2025-07-31T14:08:13.254+0000] {drift_monitoring.py:62} WARNING - File not found: s3://crypto-mlops-bucket/predictions/date=2025-07-29/hour=22/prediction.parquet
[2025-07-31T14:08:13.266+0000] {drift_monitoring.py:62} WARNING - File not found: s3://crypto-mlops-bucket/targets/date=2025-07-29/hour=22/target.parquet
[2025-07-31T14:08:13.279+0000] {drift_monitoring.py:62} WARNING - File not found: s3://crypto-mlops-bucket/predictions/date=2025-07-29/hour=21/prediction.parquet
[2025-07-31T14:08:13.292+0000] {drift_monitoring.py:62} WARNING - File not found: s3://crypto-mlops-bucket/targets/date=2025-07-29/hour=21/target.parquet
[2025-07-31T14:08:13.304+0000] {drift_monitoring.py:62} WARNING - File not found: s3://crypto-mlops-bucket/predictions/date=2025-07-29/hour=20/prediction.parquet
[2025-07-31T14:08:13.315+0000] {drift_monitoring.py:62} WARNING - File not found: s3://crypto-mlops-bucket/targets/date=2025-07-29/hour=20/target.parquet
[2025-07-31T14:08:13.327+0000] {drift_monitoring.py:62} WARNING - File not found: s3://crypto-mlops-bucket/predictions/date=2025-07-29/hour=19/prediction.parquet
[2025-07-31T14:08:13.339+0000] {drift_monitoring.py:62} WARNING - File not found: s3://crypto-mlops-bucket/targets/date=2025-07-29/hour=19/target.parquet
[2025-07-31T14:08:13.351+0000] {drift_monitoring.py:62} WARNING - File not found: s3://crypto-mlops-bucket/predictions/date=2025-07-29/hour=18/prediction.parquet
[2025-07-31T14:08:13.362+0000] {drift_monitoring.py:62} WARNING - File not found: s3://crypto-mlops-bucket/targets/date=2025-07-29/hour=18/target.parquet
[2025-07-31T14:08:13.375+0000] {drift_monitoring.py:62} WARNING - File not found: s3://crypto-mlops-bucket/predictions/date=2025-07-29/hour=17/prediction.parquet
[2025-07-31T14:08:13.387+0000] {drift_monitoring.py:62} WARNING - File not found: s3://crypto-mlops-bucket/targets/date=2025-07-29/hour=17/target.parquet
[2025-07-31T14:08:13.399+0000] {drift_monitoring.py:62} WARNING - File not found: s3://crypto-mlops-bucket/predictions/date=2025-07-29/hour=16/prediction.parquet
[2025-07-31T14:08:13.411+0000] {drift_monitoring.py:62} WARNING - File not found: s3://crypto-mlops-bucket/targets/date=2025-07-29/hour=16/target.parquet
[2025-07-31T14:08:13.423+0000] {drift_monitoring.py:62} WARNING - File not found: s3://crypto-mlops-bucket/predictions/date=2025-07-29/hour=15/prediction.parquet
[2025-07-31T14:08:13.435+0000] {drift_monitoring.py:62} WARNING - File not found: s3://crypto-mlops-bucket/targets/date=2025-07-29/hour=15/target.parquet
[2025-07-31T14:08:13.446+0000] {drift_monitoring.py:62} WARNING - File not found: s3://crypto-mlops-bucket/predictions/date=2025-07-29/hour=14/prediction.parquet
[2025-07-31T14:08:13.459+0000] {drift_monitoring.py:62} WARNING - File not found: s3://crypto-mlops-bucket/targets/date=2025-07-29/hour=14/target.parquet
[2025-07-31T14:08:13.472+0000] {drift_monitoring.py:62} WARNING - File not found: s3://crypto-mlops-bucket/predictions/date=2025-07-29/hour=13/prediction.parquet
[2025-07-31T14:08:13.485+0000] {drift_monitoring.py:62} WARNING - File not found: s3://crypto-mlops-bucket/targets/date=2025-07-29/hour=13/target.parquet
[2025-07-31T14:08:13.498+0000] {drift_monitoring.py:62} WARNING - File not found: s3://crypto-mlops-bucket/predictions/date=2025-07-29/hour=12/prediction.parquet
[2025-07-31T14:08:13.511+0000] {drift_monitoring.py:62} WARNING - File not found: s3://crypto-mlops-bucket/targets/date=2025-07-29/hour=12/target.parquet
[2025-07-31T14:08:13.522+0000] {drift_monitoring.py:62} WARNING - File not found: s3://crypto-mlops-bucket/predictions/date=2025-07-29/hour=11/prediction.parquet
[2025-07-31T14:08:13.534+0000] {drift_monitoring.py:62} WARNING - File not found: s3://crypto-mlops-bucket/targets/date=2025-07-29/hour=11/target.parquet
[2025-07-31T14:08:13.547+0000] {drift_monitoring.py:62} WARNING - File not found: s3://crypto-mlops-bucket/predictions/date=2025-07-29/hour=10/prediction.parquet
[2025-07-31T14:08:13.559+0000] {drift_monitoring.py:62} WARNING - File not found: s3://crypto-mlops-bucket/targets/date=2025-07-29/hour=10/target.parquet
[2025-07-31T14:08:13.571+0000] {drift_monitoring.py:62} WARNING - File not found: s3://crypto-mlops-bucket/predictions/date=2025-07-29/hour=09/prediction.parquet
[2025-07-31T14:08:13.584+0000] {drift_monitoring.py:62} WARNING - File not found: s3://crypto-mlops-bucket/targets/date=2025-07-29/hour=09/target.parquet
[2025-07-31T14:08:13.597+0000] {drift_monitoring.py:62} WARNING - File not found: s3://crypto-mlops-bucket/predictions/date=2025-07-29/hour=08/prediction.parquet
[2025-07-31T14:08:13.624+0000] {drift_monitoring.py:62} WARNING - File not found: s3://crypto-mlops-bucket/targets/date=2025-07-29/hour=08/target.parquet
[2025-07-31T14:08:13.637+0000] {drift_monitoring.py:62} WARNING - File not found: s3://crypto-mlops-bucket/predictions/date=2025-07-29/hour=07/prediction.parquet
[2025-07-31T14:08:13.650+0000] {drift_monitoring.py:62} WARNING - File not found: s3://crypto-mlops-bucket/targets/date=2025-07-29/hour=07/target.parquet
[2025-07-31T14:08:13.663+0000] {drift_monitoring.py:62} WARNING - File not found: s3://crypto-mlops-bucket/predictions/date=2025-07-29/hour=06/prediction.parquet
[2025-07-31T14:08:13.676+0000] {drift_monitoring.py:62} WARNING - File not found: s3://crypto-mlops-bucket/targets/date=2025-07-29/hour=06/target.parquet
[2025-07-31T14:08:13.688+0000] {drift_monitoring.py:62} WARNING - File not found: s3://crypto-mlops-bucket/predictions/date=2025-07-29/hour=05/prediction.parquet
[2025-07-31T14:08:13.701+0000] {drift_monitoring.py:62} WARNING - File not found: s3://crypto-mlops-bucket/targets/date=2025-07-29/hour=05/target.parquet
[2025-07-31T14:08:13.713+0000] {drift_monitoring.py:62} WARNING - File not found: s3://crypto-mlops-bucket/predictions/date=2025-07-29/hour=04/prediction.parquet
[2025-07-31T14:08:13.725+0000] {drift_monitoring.py:62} WARNING - File not found: s3://crypto-mlops-bucket/targets/date=2025-07-29/hour=04/target.parquet
[2025-07-31T14:08:13.738+0000] {drift_monitoring.py:62} WARNING - File not found: s3://crypto-mlops-bucket/predictions/date=2025-07-29/hour=03/prediction.parquet
[2025-07-31T14:08:13.750+0000] {drift_monitoring.py:62} WARNING - File not found: s3://crypto-mlops-bucket/targets/date=2025-07-29/hour=03/target.parquet
[2025-07-31T14:08:13.762+0000] {drift_monitoring.py:62} WARNING - File not found: s3://crypto-mlops-bucket/predictions/date=2025-07-29/hour=02/prediction.parquet
[2025-07-31T14:08:13.774+0000] {drift_monitoring.py:62} WARNING - File not found: s3://crypto-mlops-bucket/targets/date=2025-07-29/hour=02/target.parquet
[2025-07-31T14:08:13.786+0000] {drift_monitoring.py:62} WARNING - File not found: s3://crypto-mlops-bucket/predictions/date=2025-07-29/hour=01/prediction.parquet
[2025-07-31T14:08:13.797+0000] {drift_monitoring.py:62} WARNING - File not found: s3://crypto-mlops-bucket/targets/date=2025-07-29/hour=01/target.parquet
[2025-07-31T14:08:13.808+0000] {drift_monitoring.py:62} WARNING - File not found: s3://crypto-mlops-bucket/predictions/date=2025-07-29/hour=00/prediction.parquet
[2025-07-31T14:08:13.819+0000] {drift_monitoring.py:62} WARNING - File not found: s3://crypto-mlops-bucket/targets/date=2025-07-29/hour=00/target.parquet
[2025-07-31T14:08:13.832+0000] {drift_monitoring.py:62} WARNING - File not found: s3://crypto-mlops-bucket/predictions/date=2025-07-28/hour=23/prediction.parquet
[2025-07-31T14:08:13.845+0000] {drift_monitoring.py:62} WARNING - File not found: s3://crypto-mlops-bucket/targets/date=2025-07-28/hour=23/target.parquet
[2025-07-31T14:08:13.857+0000] {drift_monitoring.py:62} WARNING - File not found: s3://crypto-mlops-bucket/predictions/date=2025-07-28/hour=22/prediction.parquet
[2025-07-31T14:08:13.869+0000] {drift_monitoring.py:62} WARNING - File not found: s3://crypto-mlops-bucket/targets/date=2025-07-28/hour=22/target.parquet
[2025-07-31T14:08:13.881+0000] {drift_monitoring.py:62} WARNING - File not found: s3://crypto-mlops-bucket/predictions/date=2025-07-28/hour=21/prediction.parquet
[2025-07-31T14:08:13.893+0000] {drift_monitoring.py:62} WARNING - File not found: s3://crypto-mlops-bucket/targets/date=2025-07-28/hour=21/target.parquet
[2025-07-31T14:08:13.905+0000] {drift_monitoring.py:62} WARNING - File not found: s3://crypto-mlops-bucket/predictions/date=2025-07-28/hour=20/prediction.parquet
[2025-07-31T14:08:13.917+0000] {drift_monitoring.py:62} WARNING - File not found: s3://crypto-mlops-bucket/targets/date=2025-07-28/hour=20/target.parquet
[2025-07-31T14:08:13.929+0000] {drift_monitoring.py:62} WARNING - File not found: s3://crypto-mlops-bucket/predictions/date=2025-07-28/hour=19/prediction.parquet
[2025-07-31T14:08:13.940+0000] {drift_monitoring.py:62} WARNING - File not found: s3://crypto-mlops-bucket/targets/date=2025-07-28/hour=19/target.parquet
[2025-07-31T14:08:13.952+0000] {drift_monitoring.py:62} WARNING - File not found: s3://crypto-mlops-bucket/predictions/date=2025-07-28/hour=18/prediction.parquet
[2025-07-31T14:08:13.963+0000] {drift_monitoring.py:62} WARNING - File not found: s3://crypto-mlops-bucket/targets/date=2025-07-28/hour=18/target.parquet
[2025-07-31T14:08:13.975+0000] {drift_monitoring.py:62} WARNING - File not found: s3://crypto-mlops-bucket/predictions/date=2025-07-28/hour=17/prediction.parquet
[2025-07-31T14:08:13.986+0000] {drift_monitoring.py:62} WARNING - File not found: s3://crypto-mlops-bucket/targets/date=2025-07-28/hour=17/target.parquet
[2025-07-31T14:08:13.999+0000] {drift_monitoring.py:62} WARNING - File not found: s3://crypto-mlops-bucket/predictions/date=2025-07-28/hour=16/prediction.parquet
[2025-07-31T14:08:14.010+0000] {drift_monitoring.py:62} WARNING - File not found: s3://crypto-mlops-bucket/targets/date=2025-07-28/hour=16/target.parquet
[2025-07-31T14:08:14.024+0000] {drift_monitoring.py:62} WARNING - File not found: s3://crypto-mlops-bucket/predictions/date=2025-07-28/hour=15/prediction.parquet
[2025-07-31T14:08:14.040+0000] {drift_monitoring.py:62} WARNING - File not found: s3://crypto-mlops-bucket/targets/date=2025-07-28/hour=15/target.parquet
[2025-07-31T14:08:14.054+0000] {drift_monitoring.py:62} WARNING - File not found: s3://crypto-mlops-bucket/predictions/date=2025-07-28/hour=14/prediction.parquet
[2025-07-31T14:08:14.066+0000] {drift_monitoring.py:62} WARNING - File not found: s3://crypto-mlops-bucket/targets/date=2025-07-28/hour=14/target.parquet
[2025-07-31T14:08:14.079+0000] {drift_monitoring.py:62} WARNING - File not found: s3://crypto-mlops-bucket/predictions/date=2025-07-28/hour=13/prediction.parquet
[2025-07-31T14:08:14.091+0000] {drift_monitoring.py:62} WARNING - File not found: s3://crypto-mlops-bucket/targets/date=2025-07-28/hour=13/target.parquet
[2025-07-31T14:08:14.108+0000] {drift_monitoring.py:62} WARNING - File not found: s3://crypto-mlops-bucket/predictions/date=2025-07-28/hour=12/prediction.parquet
[2025-07-31T14:08:14.121+0000] {drift_monitoring.py:62} WARNING - File not found: s3://crypto-mlops-bucket/targets/date=2025-07-28/hour=12/target.parquet
[2025-07-31T14:08:14.133+0000] {drift_monitoring.py:62} WARNING - File not found: s3://crypto-mlops-bucket/predictions/date=2025-07-28/hour=11/prediction.parquet
[2025-07-31T14:08:14.146+0000] {drift_monitoring.py:62} WARNING - File not found: s3://crypto-mlops-bucket/targets/date=2025-07-28/hour=11/target.parquet
[2025-07-31T14:08:14.157+0000] {drift_monitoring.py:62} WARNING - File not found: s3://crypto-mlops-bucket/predictions/date=2025-07-28/hour=10/prediction.parquet
[2025-07-31T14:08:14.169+0000] {drift_monitoring.py:62} WARNING - File not found: s3://crypto-mlops-bucket/targets/date=2025-07-28/hour=10/target.parquet
[2025-07-31T14:08:14.181+0000] {drift_monitoring.py:62} WARNING - File not found: s3://crypto-mlops-bucket/predictions/date=2025-07-28/hour=09/prediction.parquet
[2025-07-31T14:08:14.193+0000] {drift_monitoring.py:62} WARNING - File not found: s3://crypto-mlops-bucket/targets/date=2025-07-28/hour=09/target.parquet
[2025-07-31T14:08:14.204+0000] {drift_monitoring.py:62} WARNING - File not found: s3://crypto-mlops-bucket/predictions/date=2025-07-28/hour=08/prediction.parquet
[2025-07-31T14:08:14.218+0000] {drift_monitoring.py:62} WARNING - File not found: s3://crypto-mlops-bucket/targets/date=2025-07-28/hour=08/target.parquet
[2025-07-31T14:08:14.230+0000] {drift_monitoring.py:62} WARNING - File not found: s3://crypto-mlops-bucket/predictions/date=2025-07-28/hour=07/prediction.parquet
[2025-07-31T14:08:14.242+0000] {drift_monitoring.py:62} WARNING - File not found: s3://crypto-mlops-bucket/targets/date=2025-07-28/hour=07/target.parquet
[2025-07-31T14:08:14.253+0000] {drift_monitoring.py:62} WARNING - File not found: s3://crypto-mlops-bucket/predictions/date=2025-07-28/hour=06/prediction.parquet
[2025-07-31T14:08:14.266+0000] {drift_monitoring.py:62} WARNING - File not found: s3://crypto-mlops-bucket/targets/date=2025-07-28/hour=06/target.parquet
[2025-07-31T14:08:14.278+0000] {drift_monitoring.py:62} WARNING - File not found: s3://crypto-mlops-bucket/predictions/date=2025-07-28/hour=05/prediction.parquet
[2025-07-31T14:08:14.289+0000] {drift_monitoring.py:62} WARNING - File not found: s3://crypto-mlops-bucket/targets/date=2025-07-28/hour=05/target.parquet
[2025-07-31T14:08:14.301+0000] {drift_monitoring.py:62} WARNING - File not found: s3://crypto-mlops-bucket/predictions/date=2025-07-28/hour=04/prediction.parquet
[2025-07-31T14:08:14.312+0000] {drift_monitoring.py:62} WARNING - File not found: s3://crypto-mlops-bucket/targets/date=2025-07-28/hour=04/target.parquet
[2025-07-31T14:08:14.325+0000] {drift_monitoring.py:62} WARNING - File not found: s3://crypto-mlops-bucket/predictions/date=2025-07-28/hour=03/prediction.parquet
[2025-07-31T14:08:14.337+0000] {drift_monitoring.py:62} WARNING - File not found: s3://crypto-mlops-bucket/targets/date=2025-07-28/hour=03/target.parquet
[2025-07-31T14:08:14.350+0000] {drift_monitoring.py:62} WARNING - File not found: s3://crypto-mlops-bucket/predictions/date=2025-07-28/hour=02/prediction.parquet
[2025-07-31T14:08:14.362+0000] {drift_monitoring.py:62} WARNING - File not found: s3://crypto-mlops-bucket/targets/date=2025-07-28/hour=02/target.parquet
[2025-07-31T14:08:14.373+0000] {drift_monitoring.py:62} WARNING - File not found: s3://crypto-mlops-bucket/predictions/date=2025-07-28/hour=01/prediction.parquet
[2025-07-31T14:08:14.385+0000] {drift_monitoring.py:62} WARNING - File not found: s3://crypto-mlops-bucket/targets/date=2025-07-28/hour=01/target.parquet
[2025-07-31T14:08:14.396+0000] {drift_monitoring.py:62} WARNING - File not found: s3://crypto-mlops-bucket/predictions/date=2025-07-28/hour=00/prediction.parquet
[2025-07-31T14:08:14.407+0000] {drift_monitoring.py:62} WARNING - File not found: s3://crypto-mlops-bucket/targets/date=2025-07-28/hour=00/target.parquet
[2025-07-31T14:08:14.422+0000] {drift_monitoring.py:62} WARNING - File not found: s3://crypto-mlops-bucket/predictions/date=2025-07-27/hour=23/prediction.parquet
[2025-07-31T14:08:14.436+0000] {drift_monitoring.py:62} WARNING - File not found: s3://crypto-mlops-bucket/targets/date=2025-07-27/hour=23/target.parquet
[2025-07-31T14:08:14.448+0000] {drift_monitoring.py:62} WARNING - File not found: s3://crypto-mlops-bucket/predictions/date=2025-07-27/hour=22/prediction.parquet
[2025-07-31T14:08:14.459+0000] {drift_monitoring.py:62} WARNING - File not found: s3://crypto-mlops-bucket/targets/date=2025-07-27/hour=22/target.parquet
[2025-07-31T14:08:14.471+0000] {drift_monitoring.py:62} WARNING - File not found: s3://crypto-mlops-bucket/predictions/date=2025-07-27/hour=21/prediction.parquet
[2025-07-31T14:08:14.483+0000] {drift_monitoring.py:62} WARNING - File not found: s3://crypto-mlops-bucket/targets/date=2025-07-27/hour=21/target.parquet
[2025-07-31T14:08:14.496+0000] {drift_monitoring.py:62} WARNING - File not found: s3://crypto-mlops-bucket/predictions/date=2025-07-27/hour=20/prediction.parquet
[2025-07-31T14:08:14.507+0000] {drift_monitoring.py:62} WARNING - File not found: s3://crypto-mlops-bucket/targets/date=2025-07-27/hour=20/target.parquet
[2025-07-31T14:08:14.518+0000] {drift_monitoring.py:62} WARNING - File not found: s3://crypto-mlops-bucket/predictions/date=2025-07-27/hour=19/prediction.parquet
[2025-07-31T14:08:14.529+0000] {drift_monitoring.py:62} WARNING - File not found: s3://crypto-mlops-bucket/targets/date=2025-07-27/hour=19/target.parquet
[2025-07-31T14:08:14.541+0000] {drift_monitoring.py:62} WARNING - File not found: s3://crypto-mlops-bucket/predictions/date=2025-07-27/hour=18/prediction.parquet
[2025-07-31T14:08:14.554+0000] {drift_monitoring.py:62} WARNING - File not found: s3://crypto-mlops-bucket/targets/date=2025-07-27/hour=18/target.parquet
[2025-07-31T14:08:14.566+0000] {drift_monitoring.py:62} WARNING - File not found: s3://crypto-mlops-bucket/predictions/date=2025-07-27/hour=17/prediction.parquet
[2025-07-31T14:08:14.578+0000] {drift_monitoring.py:62} WARNING - File not found: s3://crypto-mlops-bucket/targets/date=2025-07-27/hour=17/target.parquet
[2025-07-31T14:08:14.590+0000] {drift_monitoring.py:62} WARNING - File not found: s3://crypto-mlops-bucket/predictions/date=2025-07-27/hour=16/prediction.parquet
[2025-07-31T14:08:14.602+0000] {drift_monitoring.py:62} WARNING - File not found: s3://crypto-mlops-bucket/targets/date=2025-07-27/hour=16/target.parquet
[2025-07-31T14:08:14.616+0000] {drift_monitoring.py:62} WARNING - File not found: s3://crypto-mlops-bucket/predictions/date=2025-07-27/hour=15/prediction.parquet
[2025-07-31T14:08:14.631+0000] {drift_monitoring.py:62} WARNING - File not found: s3://crypto-mlops-bucket/targets/date=2025-07-27/hour=15/target.parquet
[2025-07-31T14:08:14.643+0000] {drift_monitoring.py:62} WARNING - File not found: s3://crypto-mlops-bucket/predictions/date=2025-07-27/hour=14/prediction.parquet
[2025-07-31T14:08:14.658+0000] {drift_monitoring.py:62} WARNING - File not found: s3://crypto-mlops-bucket/targets/date=2025-07-27/hour=14/target.parquet
[2025-07-31T14:08:14.671+0000] {drift_monitoring.py:62} WARNING - File not found: s3://crypto-mlops-bucket/predictions/date=2025-07-27/hour=13/prediction.parquet
[2025-07-31T14:08:14.683+0000] {drift_monitoring.py:62} WARNING - File not found: s3://crypto-mlops-bucket/targets/date=2025-07-27/hour=13/target.parquet
[2025-07-31T14:08:14.700+0000] {drift_monitoring.py:62} WARNING - File not found: s3://crypto-mlops-bucket/predictions/date=2025-07-27/hour=12/prediction.parquet
[2025-07-31T14:08:14.711+0000] {drift_monitoring.py:62} WARNING - File not found: s3://crypto-mlops-bucket/targets/date=2025-07-27/hour=12/target.parquet
[2025-07-31T14:08:14.727+0000] {drift_monitoring.py:62} WARNING - File not found: s3://crypto-mlops-bucket/predictions/date=2025-07-27/hour=11/prediction.parquet
[2025-07-31T14:08:14.741+0000] {drift_monitoring.py:62} WARNING - File not found: s3://crypto-mlops-bucket/targets/date=2025-07-27/hour=11/target.parquet
[2025-07-31T14:08:14.755+0000] {drift_monitoring.py:62} WARNING - File not found: s3://crypto-mlops-bucket/predictions/date=2025-07-27/hour=10/prediction.parquet
[2025-07-31T14:08:14.769+0000] {drift_monitoring.py:62} WARNING - File not found: s3://crypto-mlops-bucket/targets/date=2025-07-27/hour=10/target.parquet
[2025-07-31T14:08:14.783+0000] {drift_monitoring.py:62} WARNING - File not found: s3://crypto-mlops-bucket/predictions/date=2025-07-27/hour=09/prediction.parquet
[2025-07-31T14:08:14.796+0000] {drift_monitoring.py:62} WARNING - File not found: s3://crypto-mlops-bucket/targets/date=2025-07-27/hour=09/target.parquet
[2025-07-31T14:08:14.811+0000] {drift_monitoring.py:62} WARNING - File not found: s3://crypto-mlops-bucket/predictions/date=2025-07-27/hour=08/prediction.parquet
[2025-07-31T14:08:14.823+0000] {drift_monitoring.py:62} WARNING - File not found: s3://crypto-mlops-bucket/targets/date=2025-07-27/hour=08/target.parquet
[2025-07-31T14:08:14.838+0000] {drift_monitoring.py:62} WARNING - File not found: s3://crypto-mlops-bucket/predictions/date=2025-07-27/hour=07/prediction.parquet
[2025-07-31T14:08:14.853+0000] {drift_monitoring.py:62} WARNING - File not found: s3://crypto-mlops-bucket/targets/date=2025-07-27/hour=07/target.parquet
[2025-07-31T14:08:14.868+0000] {drift_monitoring.py:62} WARNING - File not found: s3://crypto-mlops-bucket/predictions/date=2025-07-27/hour=06/prediction.parquet
[2025-07-31T14:08:14.880+0000] {drift_monitoring.py:62} WARNING - File not found: s3://crypto-mlops-bucket/targets/date=2025-07-27/hour=06/target.parquet
[2025-07-31T14:08:14.891+0000] {drift_monitoring.py:62} WARNING - File not found: s3://crypto-mlops-bucket/predictions/date=2025-07-27/hour=05/prediction.parquet
[2025-07-31T14:08:14.905+0000] {drift_monitoring.py:62} WARNING - File not found: s3://crypto-mlops-bucket/targets/date=2025-07-27/hour=05/target.parquet
[2025-07-31T14:08:14.918+0000] {drift_monitoring.py:62} WARNING - File not found: s3://crypto-mlops-bucket/predictions/date=2025-07-27/hour=04/prediction.parquet
[2025-07-31T14:08:14.929+0000] {drift_monitoring.py:62} WARNING - File not found: s3://crypto-mlops-bucket/targets/date=2025-07-27/hour=04/target.parquet
[2025-07-31T14:08:14.940+0000] {drift_monitoring.py:62} WARNING - File not found: s3://crypto-mlops-bucket/predictions/date=2025-07-27/hour=03/prediction.parquet
[2025-07-31T14:08:14.952+0000] {drift_monitoring.py:62} WARNING - File not found: s3://crypto-mlops-bucket/targets/date=2025-07-27/hour=03/target.parquet
[2025-07-31T14:08:14.966+0000] {drift_monitoring.py:62} WARNING - File not found: s3://crypto-mlops-bucket/predictions/date=2025-07-27/hour=02/prediction.parquet
[2025-07-31T14:08:14.978+0000] {drift_monitoring.py:62} WARNING - File not found: s3://crypto-mlops-bucket/targets/date=2025-07-27/hour=02/target.parquet
[2025-07-31T14:08:14.991+0000] {drift_monitoring.py:62} WARNING - File not found: s3://crypto-mlops-bucket/predictions/date=2025-07-27/hour=01/prediction.parquet
[2025-07-31T14:08:15.004+0000] {drift_monitoring.py:62} WARNING - File not found: s3://crypto-mlops-bucket/targets/date=2025-07-27/hour=01/target.parquet
[2025-07-31T14:08:15.017+0000] {drift_monitoring.py:62} WARNING - File not found: s3://crypto-mlops-bucket/predictions/date=2025-07-27/hour=00/prediction.parquet
[2025-07-31T14:08:15.030+0000] {drift_monitoring.py:62} WARNING - File not found: s3://crypto-mlops-bucket/targets/date=2025-07-27/hour=00/target.parquet
[2025-07-31T14:08:15.042+0000] {drift_monitoring.py:62} WARNING - File not found: s3://crypto-mlops-bucket/predictions/date=2025-07-26/hour=23/prediction.parquet
[2025-07-31T14:08:15.055+0000] {drift_monitoring.py:62} WARNING - File not found: s3://crypto-mlops-bucket/targets/date=2025-07-26/hour=23/target.parquet
[2025-07-31T14:08:15.069+0000] {drift_monitoring.py:62} WARNING - File not found: s3://crypto-mlops-bucket/predictions/date=2025-07-26/hour=22/prediction.parquet
[2025-07-31T14:08:15.084+0000] {drift_monitoring.py:62} WARNING - File not found: s3://crypto-mlops-bucket/targets/date=2025-07-26/hour=22/target.parquet
[2025-07-31T14:08:15.098+0000] {drift_monitoring.py:62} WARNING - File not found: s3://crypto-mlops-bucket/predictions/date=2025-07-26/hour=21/prediction.parquet
[2025-07-31T14:08:15.111+0000] {drift_monitoring.py:62} WARNING - File not found: s3://crypto-mlops-bucket/targets/date=2025-07-26/hour=21/target.parquet
[2025-07-31T14:08:15.124+0000] {drift_monitoring.py:62} WARNING - File not found: s3://crypto-mlops-bucket/predictions/date=2025-07-26/hour=20/prediction.parquet
[2025-07-31T14:08:15.136+0000] {drift_monitoring.py:62} WARNING - File not found: s3://crypto-mlops-bucket/targets/date=2025-07-26/hour=20/target.parquet
[2025-07-31T14:08:15.149+0000] {drift_monitoring.py:62} WARNING - File not found: s3://crypto-mlops-bucket/predictions/date=2025-07-26/hour=19/prediction.parquet
[2025-07-31T14:08:15.160+0000] {drift_monitoring.py:62} WARNING - File not found: s3://crypto-mlops-bucket/targets/date=2025-07-26/hour=19/target.parquet
[2025-07-31T14:08:15.172+0000] {drift_monitoring.py:62} WARNING - File not found: s3://crypto-mlops-bucket/predictions/date=2025-07-26/hour=18/prediction.parquet
[2025-07-31T14:08:15.184+0000] {drift_monitoring.py:62} WARNING - File not found: s3://crypto-mlops-bucket/targets/date=2025-07-26/hour=18/target.parquet
[2025-07-31T14:08:15.197+0000] {drift_monitoring.py:62} WARNING - File not found: s3://crypto-mlops-bucket/predictions/date=2025-07-26/hour=17/prediction.parquet
[2025-07-31T14:08:15.209+0000] {drift_monitoring.py:62} WARNING - File not found: s3://crypto-mlops-bucket/targets/date=2025-07-26/hour=17/target.parquet
[2025-07-31T14:08:15.223+0000] {drift_monitoring.py:62} WARNING - File not found: s3://crypto-mlops-bucket/predictions/date=2025-07-26/hour=16/prediction.parquet
[2025-07-31T14:08:15.237+0000] {drift_monitoring.py:62} WARNING - File not found: s3://crypto-mlops-bucket/targets/date=2025-07-26/hour=16/target.parquet
[2025-07-31T14:08:15.251+0000] {drift_monitoring.py:62} WARNING - File not found: s3://crypto-mlops-bucket/predictions/date=2025-07-26/hour=15/prediction.parquet
[2025-07-31T14:08:15.265+0000] {drift_monitoring.py:62} WARNING - File not found: s3://crypto-mlops-bucket/targets/date=2025-07-26/hour=15/target.parquet
[2025-07-31T14:08:15.278+0000] {drift_monitoring.py:62} WARNING - File not found: s3://crypto-mlops-bucket/predictions/date=2025-07-26/hour=14/prediction.parquet
[2025-07-31T14:08:15.290+0000] {drift_monitoring.py:62} WARNING - File not found: s3://crypto-mlops-bucket/targets/date=2025-07-26/hour=14/target.parquet
[2025-07-31T14:08:15.303+0000] {drift_monitoring.py:62} WARNING - File not found: s3://crypto-mlops-bucket/predictions/date=2025-07-26/hour=13/prediction.parquet
[2025-07-31T14:08:15.318+0000] {drift_monitoring.py:62} WARNING - File not found: s3://crypto-mlops-bucket/targets/date=2025-07-26/hour=13/target.parquet
[2025-07-31T14:08:15.333+0000] {drift_monitoring.py:62} WARNING - File not found: s3://crypto-mlops-bucket/predictions/date=2025-07-26/hour=12/prediction.parquet
[2025-07-31T14:08:15.347+0000] {drift_monitoring.py:62} WARNING - File not found: s3://crypto-mlops-bucket/targets/date=2025-07-26/hour=12/target.parquet
[2025-07-31T14:08:15.361+0000] {drift_monitoring.py:62} WARNING - File not found: s3://crypto-mlops-bucket/predictions/date=2025-07-26/hour=11/prediction.parquet
[2025-07-31T14:08:15.375+0000] {drift_monitoring.py:62} WARNING - File not found: s3://crypto-mlops-bucket/targets/date=2025-07-26/hour=11/target.parquet
[2025-07-31T14:08:15.388+0000] {drift_monitoring.py:62} WARNING - File not found: s3://crypto-mlops-bucket/predictions/date=2025-07-26/hour=10/prediction.parquet
[2025-07-31T14:08:15.402+0000] {drift_monitoring.py:62} WARNING - File not found: s3://crypto-mlops-bucket/targets/date=2025-07-26/hour=10/target.parquet
[2025-07-31T14:08:15.415+0000] {drift_monitoring.py:62} WARNING - File not found: s3://crypto-mlops-bucket/predictions/date=2025-07-26/hour=09/prediction.parquet
[2025-07-31T14:08:15.427+0000] {drift_monitoring.py:62} WARNING - File not found: s3://crypto-mlops-bucket/targets/date=2025-07-26/hour=09/target.parquet
[2025-07-31T14:08:15.441+0000] {drift_monitoring.py:62} WARNING - File not found: s3://crypto-mlops-bucket/predictions/date=2025-07-26/hour=08/prediction.parquet
[2025-07-31T14:08:15.453+0000] {drift_monitoring.py:62} WARNING - File not found: s3://crypto-mlops-bucket/targets/date=2025-07-26/hour=08/target.parquet
[2025-07-31T14:08:15.465+0000] {drift_monitoring.py:62} WARNING - File not found: s3://crypto-mlops-bucket/predictions/date=2025-07-26/hour=07/prediction.parquet
[2025-07-31T14:08:15.476+0000] {drift_monitoring.py:62} WARNING - File not found: s3://crypto-mlops-bucket/targets/date=2025-07-26/hour=07/target.parquet
[2025-07-31T14:08:15.489+0000] {drift_monitoring.py:62} WARNING - File not found: s3://crypto-mlops-bucket/predictions/date=2025-07-26/hour=06/prediction.parquet
[2025-07-31T14:08:15.501+0000] {drift_monitoring.py:62} WARNING - File not found: s3://crypto-mlops-bucket/targets/date=2025-07-26/hour=06/target.parquet
[2025-07-31T14:08:15.513+0000] {drift_monitoring.py:62} WARNING - File not found: s3://crypto-mlops-bucket/predictions/date=2025-07-26/hour=05/prediction.parquet
[2025-07-31T14:08:15.525+0000] {drift_monitoring.py:62} WARNING - File not found: s3://crypto-mlops-bucket/targets/date=2025-07-26/hour=05/target.parquet
[2025-07-31T14:08:15.537+0000] {drift_monitoring.py:62} WARNING - File not found: s3://crypto-mlops-bucket/predictions/date=2025-07-26/hour=04/prediction.parquet
[2025-07-31T14:08:15.550+0000] {drift_monitoring.py:62} WARNING - File not found: s3://crypto-mlops-bucket/targets/date=2025-07-26/hour=04/target.parquet
[2025-07-31T14:08:15.561+0000] {drift_monitoring.py:62} WARNING - File not found: s3://crypto-mlops-bucket/predictions/date=2025-07-26/hour=03/prediction.parquet
[2025-07-31T14:08:15.573+0000] {drift_monitoring.py:62} WARNING - File not found: s3://crypto-mlops-bucket/targets/date=2025-07-26/hour=03/target.parquet
[2025-07-31T14:08:15.585+0000] {drift_monitoring.py:62} WARNING - File not found: s3://crypto-mlops-bucket/predictions/date=2025-07-26/hour=02/prediction.parquet
[2025-07-31T14:08:15.598+0000] {drift_monitoring.py:62} WARNING - File not found: s3://crypto-mlops-bucket/targets/date=2025-07-26/hour=02/target.parquet
[2025-07-31T14:08:15.609+0000] {drift_monitoring.py:62} WARNING - File not found: s3://crypto-mlops-bucket/predictions/date=2025-07-26/hour=01/prediction.parquet
[2025-07-31T14:08:15.621+0000] {drift_monitoring.py:62} WARNING - File not found: s3://crypto-mlops-bucket/targets/date=2025-07-26/hour=01/target.parquet
[2025-07-31T14:08:15.634+0000] {drift_monitoring.py:62} WARNING - File not found: s3://crypto-mlops-bucket/predictions/date=2025-07-26/hour=00/prediction.parquet
[2025-07-31T14:08:15.651+0000] {drift_monitoring.py:62} WARNING - File not found: s3://crypto-mlops-bucket/targets/date=2025-07-26/hour=00/target.parquet
[2025-07-31T14:08:15.666+0000] {drift_monitoring.py:62} WARNING - File not found: s3://crypto-mlops-bucket/predictions/date=2025-07-25/hour=23/prediction.parquet
[2025-07-31T14:08:15.679+0000] {drift_monitoring.py:62} WARNING - File not found: s3://crypto-mlops-bucket/targets/date=2025-07-25/hour=23/target.parquet
[2025-07-31T14:08:15.691+0000] {drift_monitoring.py:62} WARNING - File not found: s3://crypto-mlops-bucket/predictions/date=2025-07-25/hour=22/prediction.parquet
[2025-07-31T14:08:15.704+0000] {drift_monitoring.py:62} WARNING - File not found: s3://crypto-mlops-bucket/targets/date=2025-07-25/hour=22/target.parquet
[2025-07-31T14:08:15.716+0000] {drift_monitoring.py:62} WARNING - File not found: s3://crypto-mlops-bucket/predictions/date=2025-07-25/hour=21/prediction.parquet
[2025-07-31T14:08:15.728+0000] {drift_monitoring.py:62} WARNING - File not found: s3://crypto-mlops-bucket/targets/date=2025-07-25/hour=21/target.parquet
[2025-07-31T14:08:15.741+0000] {drift_monitoring.py:62} WARNING - File not found: s3://crypto-mlops-bucket/predictions/date=2025-07-25/hour=20/prediction.parquet
[2025-07-31T14:08:15.753+0000] {drift_monitoring.py:62} WARNING - File not found: s3://crypto-mlops-bucket/targets/date=2025-07-25/hour=20/target.parquet
[2025-07-31T14:08:15.765+0000] {drift_monitoring.py:62} WARNING - File not found: s3://crypto-mlops-bucket/predictions/date=2025-07-25/hour=19/prediction.parquet
[2025-07-31T14:08:15.777+0000] {drift_monitoring.py:62} WARNING - File not found: s3://crypto-mlops-bucket/targets/date=2025-07-25/hour=19/target.parquet
[2025-07-31T14:08:15.788+0000] {drift_monitoring.py:62} WARNING - File not found: s3://crypto-mlops-bucket/predictions/date=2025-07-25/hour=18/prediction.parquet
[2025-07-31T14:08:15.800+0000] {drift_monitoring.py:62} WARNING - File not found: s3://crypto-mlops-bucket/targets/date=2025-07-25/hour=18/target.parquet
[2025-07-31T14:08:15.811+0000] {drift_monitoring.py:62} WARNING - File not found: s3://crypto-mlops-bucket/predictions/date=2025-07-25/hour=17/prediction.parquet
[2025-07-31T14:08:15.824+0000] {drift_monitoring.py:62} WARNING - File not found: s3://crypto-mlops-bucket/targets/date=2025-07-25/hour=17/target.parquet
[2025-07-31T14:08:15.836+0000] {drift_monitoring.py:62} WARNING - File not found: s3://crypto-mlops-bucket/predictions/date=2025-07-25/hour=16/prediction.parquet
[2025-07-31T14:08:15.849+0000] {drift_monitoring.py:62} WARNING - File not found: s3://crypto-mlops-bucket/targets/date=2025-07-25/hour=16/target.parquet
[2025-07-31T14:08:15.861+0000] {drift_monitoring.py:62} WARNING - File not found: s3://crypto-mlops-bucket/predictions/date=2025-07-25/hour=15/prediction.parquet
[2025-07-31T14:08:15.872+0000] {drift_monitoring.py:62} WARNING - File not found: s3://crypto-mlops-bucket/targets/date=2025-07-25/hour=15/target.parquet
[2025-07-31T14:08:15.885+0000] {drift_monitoring.py:62} WARNING - File not found: s3://crypto-mlops-bucket/predictions/date=2025-07-25/hour=14/prediction.parquet
[2025-07-31T14:08:15.898+0000] {drift_monitoring.py:62} WARNING - File not found: s3://crypto-mlops-bucket/targets/date=2025-07-25/hour=14/target.parquet
[2025-07-31T14:08:15.912+0000] {drift_monitoring.py:62} WARNING - File not found: s3://crypto-mlops-bucket/predictions/date=2025-07-25/hour=13/prediction.parquet
[2025-07-31T14:08:15.923+0000] {drift_monitoring.py:62} WARNING - File not found: s3://crypto-mlops-bucket/targets/date=2025-07-25/hour=13/target.parquet
[2025-07-31T14:08:15.936+0000] {drift_monitoring.py:62} WARNING - File not found: s3://crypto-mlops-bucket/predictions/date=2025-07-25/hour=12/prediction.parquet
[2025-07-31T14:08:15.947+0000] {drift_monitoring.py:62} WARNING - File not found: s3://crypto-mlops-bucket/targets/date=2025-07-25/hour=12/target.parquet
[2025-07-31T14:08:15.959+0000] {drift_monitoring.py:62} WARNING - File not found: s3://crypto-mlops-bucket/predictions/date=2025-07-25/hour=11/prediction.parquet
[2025-07-31T14:08:15.972+0000] {drift_monitoring.py:62} WARNING - File not found: s3://crypto-mlops-bucket/targets/date=2025-07-25/hour=11/target.parquet
[2025-07-31T14:08:15.983+0000] {drift_monitoring.py:62} WARNING - File not found: s3://crypto-mlops-bucket/predictions/date=2025-07-25/hour=10/prediction.parquet
[2025-07-31T14:08:15.995+0000] {drift_monitoring.py:62} WARNING - File not found: s3://crypto-mlops-bucket/targets/date=2025-07-25/hour=10/target.parquet
[2025-07-31T14:08:16.007+0000] {drift_monitoring.py:62} WARNING - File not found: s3://crypto-mlops-bucket/predictions/date=2025-07-25/hour=09/prediction.parquet
[2025-07-31T14:08:16.022+0000] {drift_monitoring.py:62} WARNING - File not found: s3://crypto-mlops-bucket/targets/date=2025-07-25/hour=09/target.parquet
[2025-07-31T14:08:16.042+0000] {drift_monitoring.py:62} WARNING - File not found: s3://crypto-mlops-bucket/predictions/date=2025-07-25/hour=08/prediction.parquet
[2025-07-31T14:08:16.084+0000] {drift_monitoring.py:62} WARNING - File not found: s3://crypto-mlops-bucket/targets/date=2025-07-25/hour=08/target.parquet
[2025-07-31T14:08:16.102+0000] {drift_monitoring.py:62} WARNING - File not found: s3://crypto-mlops-bucket/predictions/date=2025-07-25/hour=07/prediction.parquet
[2025-07-31T14:08:16.119+0000] {drift_monitoring.py:62} WARNING - File not found: s3://crypto-mlops-bucket/targets/date=2025-07-25/hour=07/target.parquet
[2025-07-31T14:08:16.131+0000] {drift_monitoring.py:62} WARNING - File not found: s3://crypto-mlops-bucket/predictions/date=2025-07-25/hour=06/prediction.parquet
[2025-07-31T14:08:16.148+0000] {drift_monitoring.py:62} WARNING - File not found: s3://crypto-mlops-bucket/targets/date=2025-07-25/hour=06/target.parquet
[2025-07-31T14:08:16.162+0000] {drift_monitoring.py:62} WARNING - File not found: s3://crypto-mlops-bucket/predictions/date=2025-07-25/hour=05/prediction.parquet
[2025-07-31T14:08:16.173+0000] {drift_monitoring.py:62} WARNING - File not found: s3://crypto-mlops-bucket/targets/date=2025-07-25/hour=05/target.parquet
[2025-07-31T14:08:16.185+0000] {drift_monitoring.py:62} WARNING - File not found: s3://crypto-mlops-bucket/predictions/date=2025-07-25/hour=04/prediction.parquet
[2025-07-31T14:08:16.196+0000] {drift_monitoring.py:62} WARNING - File not found: s3://crypto-mlops-bucket/targets/date=2025-07-25/hour=04/target.parquet
[2025-07-31T14:08:16.208+0000] {drift_monitoring.py:62} WARNING - File not found: s3://crypto-mlops-bucket/predictions/date=2025-07-25/hour=03/prediction.parquet
[2025-07-31T14:08:16.220+0000] {drift_monitoring.py:62} WARNING - File not found: s3://crypto-mlops-bucket/targets/date=2025-07-25/hour=03/target.parquet
[2025-07-31T14:08:16.233+0000] {drift_monitoring.py:62} WARNING - File not found: s3://crypto-mlops-bucket/predictions/date=2025-07-25/hour=02/prediction.parquet
[2025-07-31T14:08:16.245+0000] {drift_monitoring.py:62} WARNING - File not found: s3://crypto-mlops-bucket/targets/date=2025-07-25/hour=02/target.parquet
[2025-07-31T14:08:16.257+0000] {drift_monitoring.py:62} WARNING - File not found: s3://crypto-mlops-bucket/predictions/date=2025-07-25/hour=01/prediction.parquet
[2025-07-31T14:08:16.270+0000] {drift_monitoring.py:62} WARNING - File not found: s3://crypto-mlops-bucket/targets/date=2025-07-25/hour=01/target.parquet
[2025-07-31T14:08:16.281+0000] {drift_monitoring.py:62} WARNING - File not found: s3://crypto-mlops-bucket/predictions/date=2025-07-25/hour=00/prediction.parquet
[2025-07-31T14:08:16.293+0000] {drift_monitoring.py:62} WARNING - File not found: s3://crypto-mlops-bucket/targets/date=2025-07-25/hour=00/target.parquet
[2025-07-31T14:08:16.336+0000] {drift_monitoring.py:62} WARNING - File not found: s3://crypto-mlops-bucket/predictions/date=2025-07-24/hour=23/prediction.parquet
[2025-07-31T14:08:16.347+0000] {drift_monitoring.py:62} WARNING - File not found: s3://crypto-mlops-bucket/targets/date=2025-07-24/hour=23/target.parquet
[2025-07-31T14:08:16.360+0000] {drift_monitoring.py:62} WARNING - File not found: s3://crypto-mlops-bucket/predictions/date=2025-07-24/hour=22/prediction.parquet
[2025-07-31T14:08:16.372+0000] {drift_monitoring.py:62} WARNING - File not found: s3://crypto-mlops-bucket/targets/date=2025-07-24/hour=22/target.parquet
[2025-07-31T14:08:16.384+0000] {drift_monitoring.py:62} WARNING - File not found: s3://crypto-mlops-bucket/predictions/date=2025-07-24/hour=21/prediction.parquet
[2025-07-31T14:08:16.396+0000] {drift_monitoring.py:62} WARNING - File not found: s3://crypto-mlops-bucket/targets/date=2025-07-24/hour=21/target.parquet
[2025-07-31T14:08:16.410+0000] {drift_monitoring.py:62} WARNING - File not found: s3://crypto-mlops-bucket/predictions/date=2025-07-24/hour=20/prediction.parquet
[2025-07-31T14:08:16.421+0000] {drift_monitoring.py:62} WARNING - File not found: s3://crypto-mlops-bucket/targets/date=2025-07-24/hour=20/target.parquet
[2025-07-31T14:08:16.433+0000] {drift_monitoring.py:62} WARNING - File not found: s3://crypto-mlops-bucket/predictions/date=2025-07-24/hour=19/prediction.parquet
[2025-07-31T14:08:16.444+0000] {drift_monitoring.py:62} WARNING - File not found: s3://crypto-mlops-bucket/targets/date=2025-07-24/hour=19/target.parquet
[2025-07-31T14:08:16.456+0000] {drift_monitoring.py:62} WARNING - File not found: s3://crypto-mlops-bucket/predictions/date=2025-07-24/hour=18/prediction.parquet
[2025-07-31T14:08:16.470+0000] {drift_monitoring.py:62} WARNING - File not found: s3://crypto-mlops-bucket/targets/date=2025-07-24/hour=18/target.parquet
[2025-07-31T14:08:16.482+0000] {drift_monitoring.py:62} WARNING - File not found: s3://crypto-mlops-bucket/predictions/date=2025-07-24/hour=17/prediction.parquet
[2025-07-31T14:08:16.495+0000] {drift_monitoring.py:62} WARNING - File not found: s3://crypto-mlops-bucket/targets/date=2025-07-24/hour=17/target.parquet
[2025-07-31T14:08:16.509+0000] {drift_monitoring.py:62} WARNING - File not found: s3://crypto-mlops-bucket/predictions/date=2025-07-24/hour=16/prediction.parquet
[2025-07-31T14:08:16.521+0000] {drift_monitoring.py:62} WARNING - File not found: s3://crypto-mlops-bucket/targets/date=2025-07-24/hour=16/target.parquet
[2025-07-31T14:08:16.535+0000] {drift_monitoring.py:62} WARNING - File not found: s3://crypto-mlops-bucket/predictions/date=2025-07-24/hour=15/prediction.parquet
[2025-07-31T14:08:16.547+0000] {drift_monitoring.py:62} WARNING - File not found: s3://crypto-mlops-bucket/targets/date=2025-07-24/hour=15/target.parquet
[2025-07-31T14:08:16.548+0000] {drift_monitoring.py:118} WARNING - No data loaded for the past 7 days; skipping drift check
[2025-07-31T14:08:16.548+0000] {python.py:237} INFO - Done. Returned value was: None
[2025-07-31T14:08:16.549+0000] {taskinstance.py:441} INFO - ::group::Post task execution logs
[2025-07-31T14:08:16.566+0000] {taskinstance.py:1205} INFO - Marking task as SUCCESS. dag_id=drift_monitoring_dag, task_id=check_drift_and_trigger, execution_date=20250731T130000, start_date=20250731T140811, end_date=20250731T140816
[2025-07-31T14:08:16.643+0000] {local_task_job_runner.py:240} INFO - Task exited with return code 0
[2025-07-31T14:08:16.673+0000] {taskinstance.py:3482} INFO - 0 downstream tasks scheduled from follow-on schedule check
[2025-07-31T14:08:16.707+0000] {local_task_job_runner.py:222} INFO - ::endgroup::
