[2025-07-31T21:24:25.726+0000] {local_task_job_runner.py:120} INFO - ::group::Pre task execution logs
[2025-07-31T21:24:25.764+0000] {taskinstance.py:2073} INFO - Dependencies all met for dep_context=non-requeueable deps ti=<TaskInstance: training_pipeline.create_bucket manual__2025-07-31T21:24:21.017476+00:00 [queued]>
[2025-07-31T21:24:25.774+0000] {taskinstance.py:2073} INFO - Dependencies all met for dep_context=requeueable deps ti=<TaskInstance: training_pipeline.create_bucket manual__2025-07-31T21:24:21.017476+00:00 [queued]>
[2025-07-31T21:24:25.775+0000] {taskinstance.py:2303} INFO - Starting attempt 1 of 4
[2025-07-31T21:24:25.790+0000] {taskinstance.py:2327} INFO - Executing <Task(PythonOperator): create_bucket> on 2025-07-31 21:24:21.017476+00:00
[2025-07-31T21:24:25.812+0000] {logging_mixin.py:188} WARNING - /home/***/.local/lib/python3.12/site-packages/***/task/task_runner/standard_task_runner.py:61 DeprecationWarning: This process (pid=20800) is multi-threaded, use of fork() may lead to deadlocks in the child.
[2025-07-31T21:24:25.809+0000] {standard_task_runner.py:90} INFO - Running: ['***', 'tasks', 'run', 'training_pipeline', 'create_bucket', 'manual__2025-07-31T21:24:21.017476+00:00', '--job-id', '265', '--raw', '--subdir', 'DAGS_FOLDER/training_pipeline.py', '--cfg-path', '/tmp/tmpk86icc_x']
[2025-07-31T21:24:25.814+0000] {standard_task_runner.py:63} INFO - Started process 20821 to run task
[2025-07-31T21:24:25.814+0000] {standard_task_runner.py:91} INFO - Job 265: Subtask create_bucket
[2025-07-31T21:24:25.834+0000] {logging_mixin.py:188} WARNING - /home/***/.local/lib/python3.12/site-packages/***/settings.py:195 DeprecationWarning: The sql_alchemy_conn option in [core] has been moved to the sql_alchemy_conn option in [database] - the old setting has been used, but please update your config.
[2025-07-31T21:24:25.884+0000] {task_command.py:426} INFO - Running <TaskInstance: training_pipeline.create_bucket manual__2025-07-31T21:24:21.017476+00:00 [running]> on host 44c57df83f33
[2025-07-31T21:24:26.009+0000] {taskinstance.py:2644} INFO - Exporting env vars: AIRFLOW_CTX_DAG_EMAIL='mlops_team@example.com' AIRFLOW_CTX_DAG_OWNER='mlops' AIRFLOW_CTX_DAG_ID='training_pipeline' AIRFLOW_CTX_TASK_ID='create_bucket' AIRFLOW_CTX_EXECUTION_DATE='2025-07-31T21:24:21.017476+00:00' AIRFLOW_CTX_TRY_NUMBER='1' AIRFLOW_CTX_DAG_RUN_ID='manual__2025-07-31T21:24:21.017476+00:00'
[2025-07-31T21:24:26.012+0000] {taskinstance.py:430} INFO - ::endgroup::
[2025-07-31T21:24:26.060+0000] {training_pipeline.py:42} INFO - Bucket crypto-mlops-bucket déjà existant ✅
[2025-07-31T21:24:26.061+0000] {python.py:237} INFO - Done. Returned value was: None
[2025-07-31T21:24:26.062+0000] {taskinstance.py:441} INFO - ::group::Post task execution logs
[2025-07-31T21:24:26.075+0000] {taskinstance.py:1205} INFO - Marking task as SUCCESS. dag_id=training_pipeline, task_id=create_bucket, execution_date=20250731T212421, start_date=20250731T212425, end_date=20250731T212426
[2025-07-31T21:24:26.114+0000] {local_task_job_runner.py:240} INFO - Task exited with return code 0
[2025-07-31T21:24:26.149+0000] {taskinstance.py:3482} INFO - 1 downstream tasks scheduled from follow-on schedule check
[2025-07-31T21:24:26.153+0000] {local_task_job_runner.py:222} INFO - ::endgroup::
