[2025-07-29T20:08:41.948+0000] {local_task_job_runner.py:120} INFO - ::group::Pre task execution logs
[2025-07-29T20:08:42.009+0000] {taskinstance.py:2073} INFO - Dependencies all met for dep_context=non-requeueable deps ti=<TaskInstance: preprocessing_hourly.preprocess_and_predict manual__2025-07-29T20:08:13.018737+00:00 [queued]>
[2025-07-29T20:08:42.023+0000] {taskinstance.py:2073} INFO - Dependencies all met for dep_context=requeueable deps ti=<TaskInstance: preprocessing_hourly.preprocess_and_predict manual__2025-07-29T20:08:13.018737+00:00 [queued]>
[2025-07-29T20:08:42.025+0000] {taskinstance.py:2303} INFO - Starting attempt 1 of 2
[2025-07-29T20:08:42.055+0000] {taskinstance.py:2327} INFO - Executing <Task(PythonOperator): preprocess_and_predict> on 2025-07-29 20:08:13.018737+00:00
[2025-07-29T20:08:42.078+0000] {standard_task_runner.py:90} INFO - Running: ['***', 'tasks', 'run', 'preprocessing_hourly', 'preprocess_and_predict', 'manual__2025-07-29T20:08:13.018737+00:00', '--job-id', '11', '--raw', '--subdir', 'DAGS_FOLDER/ingestion_inference.py', '--cfg-path', '/tmp/tmpw6wi98mz']
[2025-07-29T20:08:42.080+0000] {logging_mixin.py:188} WARNING - /home/***/.local/lib/python3.12/site-packages/***/task/task_runner/standard_task_runner.py:61 DeprecationWarning: This process (pid=4915) is multi-threaded, use of fork() may lead to deadlocks in the child.
[2025-07-29T20:08:42.083+0000] {standard_task_runner.py:91} INFO - Job 11: Subtask preprocess_and_predict
[2025-07-29T20:08:42.083+0000] {standard_task_runner.py:63} INFO - Started process 4953 to run task
[2025-07-29T20:08:42.113+0000] {logging_mixin.py:188} WARNING - /home/***/.local/lib/python3.12/site-packages/***/settings.py:195 DeprecationWarning: The sql_alchemy_conn option in [core] has been moved to the sql_alchemy_conn option in [database] - the old setting has been used, but please update your config.
[2025-07-29T20:08:42.159+0000] {task_command.py:426} INFO - Running <TaskInstance: preprocessing_hourly.preprocess_and_predict manual__2025-07-29T20:08:13.018737+00:00 [running]> on host d78ad09e75e4
[2025-07-29T20:08:42.328+0000] {taskinstance.py:2644} INFO - Exporting env vars: AIRFLOW_CTX_DAG_OWNER='mlops' AIRFLOW_CTX_DAG_ID='preprocessing_hourly' AIRFLOW_CTX_TASK_ID='preprocess_and_predict' AIRFLOW_CTX_EXECUTION_DATE='2025-07-29T20:08:13.018737+00:00' AIRFLOW_CTX_TRY_NUMBER='1' AIRFLOW_CTX_DAG_RUN_ID='manual__2025-07-29T20:08:13.018737+00:00'
[2025-07-29T20:08:42.330+0000] {taskinstance.py:430} INFO - ::endgroup::
[2025-07-29T20:08:42.344+0000] {logging_mixin.py:188} WARNING - /home/***/.local/lib/python3.12/site-packages/***/utils/context.py:320 AirflowContextDeprecationWarning: Accessing 'execution_date' from the template is deprecated and will be removed in a future version. Please use 'data_interval_start' or 'logical_date' instead.
[2025-07-29T20:08:42.345+0000] {ingestion_inference.py:67} INFO - [DEBUG] Execution date: 2025-07-29 20:08:13.018737+00:00 (type=<class 'Proxy'>)
[2025-07-29T20:08:42.360+0000] {ingestion_inference.py:56} INFO - Bucket crypto-mlops-bucket exists
[2025-07-29T20:08:42.361+0000] {ingestion_inference.py:74} INFO - === Début du préprocessing ===
[2025-07-29T20:08:42.645+0000] {data_ingestion.py:62} INFO - Fetched 300 candles for BTC-USD from 2025-06-29 20:08:13.018737+00:00 to 2025-06-30 21:08:13.018737+00:00
[2025-07-29T20:08:42.833+0000] {data_ingestion.py:62} INFO - Fetched 300 candles for BTC-USD from 2025-06-30 21:08:13.018737+00:00 to 2025-07-01 22:08:13.018737+00:00
[2025-07-29T20:08:43.002+0000] {data_ingestion.py:62} INFO - Fetched 300 candles for BTC-USD from 2025-07-01 22:08:13.018737+00:00 to 2025-07-02 23:08:13.018737+00:00
[2025-07-29T20:08:43.170+0000] {data_ingestion.py:62} INFO - Fetched 300 candles for BTC-USD from 2025-07-02 23:08:13.018737+00:00 to 2025-07-04 00:08:13.018737+00:00
[2025-07-29T20:08:43.392+0000] {data_ingestion.py:62} INFO - Fetched 300 candles for BTC-USD from 2025-07-04 00:08:13.018737+00:00 to 2025-07-05 01:08:13.018737+00:00
[2025-07-29T20:08:43.585+0000] {data_ingestion.py:62} INFO - Fetched 300 candles for BTC-USD from 2025-07-05 01:08:13.018737+00:00 to 2025-07-06 02:08:13.018737+00:00
[2025-07-29T20:08:43.779+0000] {data_ingestion.py:62} INFO - Fetched 300 candles for BTC-USD from 2025-07-06 02:08:13.018737+00:00 to 2025-07-07 03:08:13.018737+00:00
[2025-07-29T20:08:43.980+0000] {data_ingestion.py:62} INFO - Fetched 300 candles for BTC-USD from 2025-07-07 03:08:13.018737+00:00 to 2025-07-08 04:08:13.018737+00:00
[2025-07-29T20:08:44.166+0000] {data_ingestion.py:62} INFO - Fetched 300 candles for BTC-USD from 2025-07-08 04:08:13.018737+00:00 to 2025-07-09 05:08:13.018737+00:00
[2025-07-29T20:08:44.356+0000] {data_ingestion.py:62} INFO - Fetched 300 candles for BTC-USD from 2025-07-09 05:08:13.018737+00:00 to 2025-07-10 06:08:13.018737+00:00
[2025-07-29T20:08:44.543+0000] {data_ingestion.py:62} INFO - Fetched 300 candles for BTC-USD from 2025-07-10 06:08:13.018737+00:00 to 2025-07-11 07:08:13.018737+00:00
[2025-07-29T20:08:44.752+0000] {data_ingestion.py:62} INFO - Fetched 300 candles for BTC-USD from 2025-07-11 07:08:13.018737+00:00 to 2025-07-12 08:08:13.018737+00:00
[2025-07-29T20:08:44.964+0000] {data_ingestion.py:62} INFO - Fetched 300 candles for BTC-USD from 2025-07-12 08:08:13.018737+00:00 to 2025-07-13 09:08:13.018737+00:00
[2025-07-29T20:08:45.147+0000] {data_ingestion.py:62} INFO - Fetched 300 candles for BTC-USD from 2025-07-13 09:08:13.018737+00:00 to 2025-07-14 10:08:13.018737+00:00
[2025-07-29T20:08:45.603+0000] {data_ingestion.py:62} INFO - Fetched 300 candles for BTC-USD from 2025-07-14 10:08:13.018737+00:00 to 2025-07-15 11:08:13.018737+00:00
[2025-07-29T20:08:45.810+0000] {data_ingestion.py:62} INFO - Fetched 300 candles for BTC-USD from 2025-07-15 11:08:13.018737+00:00 to 2025-07-16 12:08:13.018737+00:00
[2025-07-29T20:08:46.017+0000] {data_ingestion.py:62} INFO - Fetched 300 candles for BTC-USD from 2025-07-16 12:08:13.018737+00:00 to 2025-07-17 13:08:13.018737+00:00
[2025-07-29T20:08:46.226+0000] {data_ingestion.py:62} INFO - Fetched 300 candles for BTC-USD from 2025-07-17 13:08:13.018737+00:00 to 2025-07-18 14:08:13.018737+00:00
[2025-07-29T20:08:46.449+0000] {data_ingestion.py:62} INFO - Fetched 300 candles for BTC-USD from 2025-07-18 14:08:13.018737+00:00 to 2025-07-19 15:08:13.018737+00:00
[2025-07-29T20:08:46.635+0000] {data_ingestion.py:62} INFO - Fetched 300 candles for BTC-USD from 2025-07-19 15:08:13.018737+00:00 to 2025-07-20 16:08:13.018737+00:00
[2025-07-29T20:08:47.111+0000] {data_ingestion.py:62} INFO - Fetched 300 candles for BTC-USD from 2025-07-20 16:08:13.018737+00:00 to 2025-07-21 17:08:13.018737+00:00
[2025-07-29T20:08:47.575+0000] {data_ingestion.py:62} INFO - Fetched 300 candles for BTC-USD from 2025-07-21 17:08:13.018737+00:00 to 2025-07-22 18:08:13.018737+00:00
[2025-07-29T20:08:48.008+0000] {data_ingestion.py:62} INFO - Fetched 300 candles for BTC-USD from 2025-07-22 18:08:13.018737+00:00 to 2025-07-23 19:08:13.018737+00:00
[2025-07-29T20:08:48.219+0000] {data_ingestion.py:62} INFO - Fetched 300 candles for BTC-USD from 2025-07-23 19:08:13.018737+00:00 to 2025-07-24 20:08:13.018737+00:00
[2025-07-29T20:08:48.436+0000] {data_ingestion.py:62} INFO - Fetched 300 candles for BTC-USD from 2025-07-24 20:08:13.018737+00:00 to 2025-07-25 21:08:13.018737+00:00
[2025-07-29T20:08:48.927+0000] {data_ingestion.py:62} INFO - Fetched 300 candles for BTC-USD from 2025-07-25 21:08:13.018737+00:00 to 2025-07-26 22:08:13.018737+00:00
[2025-07-29T20:08:49.142+0000] {data_ingestion.py:62} INFO - Fetched 300 candles for BTC-USD from 2025-07-26 22:08:13.018737+00:00 to 2025-07-27 23:08:13.018737+00:00
[2025-07-29T20:08:49.360+0000] {data_ingestion.py:62} INFO - Fetched 300 candles for BTC-USD from 2025-07-27 23:08:13.018737+00:00 to 2025-07-29 00:08:13.018737+00:00
[2025-07-29T20:08:49.565+0000] {data_ingestion.py:62} INFO - Fetched 240 candles for BTC-USD from 2025-07-29 00:08:13.018737+00:00 to 2025-07-29 20:08:13.018737+00:00
[2025-07-29T20:08:49.710+0000] {data_ingestion.py:103} INFO - Saved data to S3: s3://crypto-mlops-bucket/data/historical_BTC_USD_20250729200813.csv
[2025-07-29T20:08:49.896+0000] {data_ingestion.py:62} INFO - Fetched 300 candles for ETH-USD from 2025-06-29 20:08:13.018737+00:00 to 2025-06-30 21:08:13.018737+00:00
[2025-07-29T20:08:50.181+0000] {data_ingestion.py:62} INFO - Fetched 300 candles for ETH-USD from 2025-06-30 21:08:13.018737+00:00 to 2025-07-01 22:08:13.018737+00:00
[2025-07-29T20:08:50.426+0000] {data_ingestion.py:62} INFO - Fetched 300 candles for ETH-USD from 2025-07-01 22:08:13.018737+00:00 to 2025-07-02 23:08:13.018737+00:00
[2025-07-29T20:08:50.630+0000] {data_ingestion.py:62} INFO - Fetched 300 candles for ETH-USD from 2025-07-02 23:08:13.018737+00:00 to 2025-07-04 00:08:13.018737+00:00
[2025-07-29T20:08:50.804+0000] {data_ingestion.py:62} INFO - Fetched 300 candles for ETH-USD from 2025-07-04 00:08:13.018737+00:00 to 2025-07-05 01:08:13.018737+00:00
[2025-07-29T20:08:50.963+0000] {data_ingestion.py:62} INFO - Fetched 300 candles for ETH-USD from 2025-07-05 01:08:13.018737+00:00 to 2025-07-06 02:08:13.018737+00:00
[2025-07-29T20:08:51.400+0000] {data_ingestion.py:62} INFO - Fetched 300 candles for ETH-USD from 2025-07-06 02:08:13.018737+00:00 to 2025-07-07 03:08:13.018737+00:00
[2025-07-29T20:08:51.575+0000] {data_ingestion.py:62} INFO - Fetched 300 candles for ETH-USD from 2025-07-07 03:08:13.018737+00:00 to 2025-07-08 04:08:13.018737+00:00
[2025-07-29T20:08:52.081+0000] {data_ingestion.py:62} INFO - Fetched 300 candles for ETH-USD from 2025-07-08 04:08:13.018737+00:00 to 2025-07-09 05:08:13.018737+00:00
[2025-07-29T20:08:52.308+0000] {data_ingestion.py:62} INFO - Fetched 300 candles for ETH-USD from 2025-07-09 05:08:13.018737+00:00 to 2025-07-10 06:08:13.018737+00:00
[2025-07-29T20:08:52.541+0000] {data_ingestion.py:62} INFO - Fetched 300 candles for ETH-USD from 2025-07-10 06:08:13.018737+00:00 to 2025-07-11 07:08:13.018737+00:00
[2025-07-29T20:08:52.721+0000] {data_ingestion.py:62} INFO - Fetched 300 candles for ETH-USD from 2025-07-11 07:08:13.018737+00:00 to 2025-07-12 08:08:13.018737+00:00
[2025-07-29T20:08:52.936+0000] {data_ingestion.py:62} INFO - Fetched 300 candles for ETH-USD from 2025-07-12 08:08:13.018737+00:00 to 2025-07-13 09:08:13.018737+00:00
[2025-07-29T20:08:53.140+0000] {data_ingestion.py:62} INFO - Fetched 300 candles for ETH-USD from 2025-07-13 09:08:13.018737+00:00 to 2025-07-14 10:08:13.018737+00:00
[2025-07-29T20:08:53.629+0000] {data_ingestion.py:62} INFO - Fetched 300 candles for ETH-USD from 2025-07-14 10:08:13.018737+00:00 to 2025-07-15 11:08:13.018737+00:00
[2025-07-29T20:08:53.845+0000] {data_ingestion.py:62} INFO - Fetched 300 candles for ETH-USD from 2025-07-15 11:08:13.018737+00:00 to 2025-07-16 12:08:13.018737+00:00
[2025-07-29T20:08:54.045+0000] {data_ingestion.py:62} INFO - Fetched 300 candles for ETH-USD from 2025-07-16 12:08:13.018737+00:00 to 2025-07-17 13:08:13.018737+00:00
[2025-07-29T20:08:54.537+0000] {data_ingestion.py:62} INFO - Fetched 300 candles for ETH-USD from 2025-07-17 13:08:13.018737+00:00 to 2025-07-18 14:08:13.018737+00:00
[2025-07-29T20:08:54.960+0000] {data_ingestion.py:62} INFO - Fetched 300 candles for ETH-USD from 2025-07-18 14:08:13.018737+00:00 to 2025-07-19 15:08:13.018737+00:00
[2025-07-29T20:08:55.164+0000] {data_ingestion.py:62} INFO - Fetched 300 candles for ETH-USD from 2025-07-19 15:08:13.018737+00:00 to 2025-07-20 16:08:13.018737+00:00
[2025-07-29T20:08:55.404+0000] {data_ingestion.py:62} INFO - Fetched 300 candles for ETH-USD from 2025-07-20 16:08:13.018737+00:00 to 2025-07-21 17:08:13.018737+00:00
[2025-07-29T20:08:55.613+0000] {data_ingestion.py:62} INFO - Fetched 300 candles for ETH-USD from 2025-07-21 17:08:13.018737+00:00 to 2025-07-22 18:08:13.018737+00:00
[2025-07-29T20:08:55.854+0000] {data_ingestion.py:62} INFO - Fetched 300 candles for ETH-USD from 2025-07-22 18:08:13.018737+00:00 to 2025-07-23 19:08:13.018737+00:00
[2025-07-29T20:08:56.031+0000] {data_ingestion.py:62} INFO - Fetched 300 candles for ETH-USD from 2025-07-23 19:08:13.018737+00:00 to 2025-07-24 20:08:13.018737+00:00
[2025-07-29T20:08:56.237+0000] {data_ingestion.py:62} INFO - Fetched 300 candles for ETH-USD from 2025-07-24 20:08:13.018737+00:00 to 2025-07-25 21:08:13.018737+00:00
[2025-07-29T20:08:56.441+0000] {data_ingestion.py:62} INFO - Fetched 300 candles for ETH-USD from 2025-07-25 21:08:13.018737+00:00 to 2025-07-26 22:08:13.018737+00:00
[2025-07-29T20:08:56.648+0000] {data_ingestion.py:62} INFO - Fetched 300 candles for ETH-USD from 2025-07-26 22:08:13.018737+00:00 to 2025-07-27 23:08:13.018737+00:00
[2025-07-29T20:08:57.097+0000] {data_ingestion.py:62} INFO - Fetched 300 candles for ETH-USD from 2025-07-27 23:08:13.018737+00:00 to 2025-07-29 00:08:13.018737+00:00
[2025-07-29T20:08:57.299+0000] {data_ingestion.py:62} INFO - Fetched 240 candles for ETH-USD from 2025-07-29 00:08:13.018737+00:00 to 2025-07-29 20:08:13.018737+00:00
[2025-07-29T20:08:57.413+0000] {data_ingestion.py:103} INFO - Saved data to S3: s3://crypto-mlops-bucket/data/historical_ETH_USD_20250729200813.csv
[2025-07-29T20:08:57.414+0000] {ingestion_inference.py:79} INFO - Données brutes récupérées : shape=(8640, 7)
[2025-07-29T20:08:57.489+0000] {data_processing.py:40} INFO - Loaded 8669 records from S3: data/historical_BTC_USD_20250729180000.csv
[2025-07-29T20:08:57.511+0000] {data_processing.py:40} INFO - Loaded 288 records from S3: data/historical_BTC_USD_20250729195030.csv
[2025-07-29T20:08:57.555+0000] {data_processing.py:40} INFO - Loaded 8640 records from S3: data/historical_BTC_USD_20250729195705.csv
[2025-07-29T20:08:57.594+0000] {data_processing.py:40} INFO - Loaded 8640 records from S3: data/historical_BTC_USD_20250729200813.csv
[2025-07-29T20:08:57.605+0000] {data_processing.py:84} INFO - Combined 8666 records for BTC-USD
[2025-07-29T20:08:57.607+0000] {ingestion_inference.py:83} INFO - Données combinées : shape=(8666, 7)
[2025-07-29T20:08:57.769+0000] {data_processing.py:162} INFO - Removed 50 rows with NaN values. Final shape: (8616, 84)
[2025-07-29T20:08:57.770+0000] {ingestion_inference.py:86} INFO - Features : shape=(8616, 84)
[2025-07-29T20:08:57.788+0000] {ingestion_inference.py:90} INFO - Scaler chargé
[2025-07-29T20:08:57.811+0000] {logging_mixin.py:188} WARNING - /opt/***/src/data_processing.py:177 FutureWarning: DataFrame.fillna with 'method' is deprecated and will raise in a future version. Use obj.ffill() or obj.bfill() instead.
[2025-07-29T20:08:57.823+0000] {data_processing.py:179} INFO - Prepared features: (8616, 80), Target: (8616,)
[2025-07-29T20:08:57.825+0000] {data_processing.py:180} INFO - Feature columns: 80
[2025-07-29T20:08:57.846+0000] {ingestion_inference.py:102} INFO - Last row : shape=(1, 80)
[2025-07-29T20:08:57.888+0000] {ingestion_inference.py:112} INFO - ✅ Features uploaded → s3://crypto-mlops-bucket/features/date=2025-07-29/hour=20/features.parquet
[2025-07-29T20:08:57.908+0000] {ingestion_inference.py:123} INFO - ✅ Target uploaded → s3://crypto-mlops-bucket/targets/date=2025-07-29/hour=20/target.parquet
[2025-07-29T20:08:58.106+0000] {credentials.py:1147} INFO - Found credentials in environment variables.
[2025-07-29T20:08:58.226+0000] {logging_mixin.py:188} WARNING - Downloading artifacts:   0%|          | 0/5 [00:00<?, ?it/s]
[2025-07-29T20:08:58.262+0000] {logging_mixin.py:188} WARNING - Downloading artifacts:  20%|##        | 1/5 [00:00<00:00, 30.95it/s]
[2025-07-29T20:08:58.269+0000] {logging_mixin.py:188} WARNING - Downloading artifacts:  40%|####      | 2/5 [00:00<00:00, 50.91it/s]
[2025-07-29T20:08:58.272+0000] {logging_mixin.py:188} WARNING - Downloading artifacts:  60%|######    | 3/5 [00:00<00:00, 69.44it/s]
[2025-07-29T20:08:58.275+0000] {logging_mixin.py:188} WARNING - Downloading artifacts:  80%|########  | 4/5 [00:00<00:00, 86.77it/s]
[2025-07-29T20:08:58.281+0000] {logging_mixin.py:188} WARNING - Downloading artifacts: 100%|##########| 5/5 [00:00<00:00, 96.14it/s]
[2025-07-29T20:08:58.282+0000] {logging_mixin.py:188} WARNING - Downloading artifacts: 100%|##########| 5/5 [00:00<00:00, 94.31it/s]
[2025-07-29T20:08:58.581+0000] {ingestion_inference.py:136} INFO - ✅ Model loaded: crypto_lightgbm_model_BTC_USD, version 6
[2025-07-29T20:08:58.606+0000] {ingestion_inference.py:156} INFO - ✅ Prediction uploaded → s3://crypto-mlops-bucket/predictions/date=2025-07-29/hour=20/prediction.parquet
[2025-07-29T20:08:58.607+0000] {ingestion_inference.py:158} INFO - === Fin du préprocessing & prédiction ===
[2025-07-29T20:08:58.613+0000] {python.py:237} INFO - Done. Returned value was: None
[2025-07-29T20:08:58.614+0000] {taskinstance.py:441} INFO - ::group::Post task execution logs
[2025-07-29T20:08:58.628+0000] {taskinstance.py:1205} INFO - Marking task as SUCCESS. dag_id=preprocessing_hourly, task_id=preprocess_and_predict, execution_date=20250729T200813, start_date=20250729T200842, end_date=20250729T200858
[2025-07-29T20:08:58.710+0000] {local_task_job_runner.py:240} INFO - Task exited with return code 0
[2025-07-29T20:08:58.732+0000] {taskinstance.py:3482} INFO - 0 downstream tasks scheduled from follow-on schedule check
[2025-07-29T20:08:58.767+0000] {local_task_job_runner.py:222} INFO - ::endgroup::
